usage: run_grand_sde.py [-h] [--use_80_10_10_split]
                        [--number_of_experiments NUMBER_OF_EXPERIMENTS]
                        [--save_results] [--use_stochastic_grand]
                        [--use_cora_defaults] [--dataset DATASET]
                        [--data_norm DATA_NORM]
                        [--self_loop_weight SELF_LOOP_WEIGHT] [--use_labels]
                        [--geom_gcn_splits] [--num_splits NUM_SPLITS]
                        [--label_rate LABEL_RATE] [--planetoid_split]
                        [--hidden_dim HIDDEN_DIM] [--fc_out]
                        [--input_dropout INPUT_DROPOUT] [--dropout DROPOUT]
                        [--batch_norm] [--optimizer OPTIMIZER] [--lr LR]
                        [--decay DECAY] [--epoch EPOCH] [--alpha ALPHA]
                        [--alpha_dim ALPHA_DIM] [--no_alpha_sigmoid]
                        [--beta_dim BETA_DIM] [--block BLOCK]
                        [--function FUNCTION] [--use_mlp] [--add_source]
                        [--cgnn] [--time TIME] [--augment] [--method METHOD]
                        [--step_size STEP_SIZE] [--max_iters MAX_ITERS]
                        [--adjoint_method ADJOINT_METHOD] [--adjoint]
                        [--adjoint_step_size ADJOINT_STEP_SIZE]
                        [--tol_scale TOL_SCALE]
                        [--tol_scale_adjoint TOL_SCALE_ADJOINT]
                        [--ode_blocks ODE_BLOCKS] [--max_nfe MAX_NFE]
                        [--no_early] [--earlystopxT EARLYSTOPXT]
                        [--max_test_steps MAX_TEST_STEPS]
                        [--leaky_relu_slope LEAKY_RELU_SLOPE]
                        [--attention_dropout ATTENTION_DROPOUT]
                        [--heads HEADS]
                        [--attention_norm_idx ATTENTION_NORM_IDX]
                        [--attention_dim ATTENTION_DIM] [--mix_features]
                        [--reweight_attention]
                        [--attention_type ATTENTION_TYPE] [--square_plus]
                        [--jacobian_norm2 JACOBIAN_NORM2]
                        [--total_deriv TOTAL_DERIV]
                        [--kinetic_energy KINETIC_ENERGY]
                        [--directional_penalty DIRECTIONAL_PENALTY]
                        [--not_lcc] [--rewiring REWIRING]
                        [--gdc_method GDC_METHOD]
                        [--gdc_sparsification GDC_SPARSIFICATION]
                        [--gdc_k GDC_K] [--gdc_threshold GDC_THRESHOLD]
                        [--gdc_avg_degree GDC_AVG_DEGREE]
                        [--ppr_alpha PPR_ALPHA] [--heat_time HEAT_TIME]
                        [--att_samp_pct ATT_SAMP_PCT] [--use_flux] [--exact]
                        [--M_nodes M_NODES] [--new_edges NEW_EDGES]
                        [--sparsify SPARSIFY]
                        [--threshold_type THRESHOLD_TYPE] [--rw_addD RW_ADDD]
                        [--rw_rmvR RW_RMVR] [--rewire_KNN]
                        [--rewire_KNN_T REWIRE_KNN_T]
                        [--rewire_KNN_epoch REWIRE_KNN_EPOCH]
                        [--rewire_KNN_k REWIRE_KNN_K] [--rewire_KNN_sym]
                        [--KNN_online] [--KNN_online_reps KNN_ONLINE_REPS]
                        [--KNN_space KNN_SPACE] [--beltrami] [--fa_layer]
                        [--pos_enc_type POS_ENC_TYPE]
                        [--pos_enc_orientation POS_ENC_ORIENTATION]
                        [--feat_hidden_dim FEAT_HIDDEN_DIM]
                        [--pos_enc_hidden_dim POS_ENC_HIDDEN_DIM]
                        [--edge_sampling] [--edge_sampling_T EDGE_SAMPLING_T]
                        [--edge_sampling_epoch EDGE_SAMPLING_EPOCH]
                        [--edge_sampling_add EDGE_SAMPLING_ADD]
                        [--edge_sampling_add_type EDGE_SAMPLING_ADD_TYPE]
                        [--edge_sampling_rmv EDGE_SAMPLING_RMV]
                        [--edge_sampling_sym] [--edge_sampling_online]
                        [--edge_sampling_online_reps EDGE_SAMPLING_ONLINE_REPS]
                        [--edge_sampling_space EDGE_SAMPLING_SPACE]
                        [--symmetric_attention]
                        [--fa_layer_edge_sampling_rmv FA_LAYER_EDGE_SAMPLING_RMV]
                        [--gpu GPU] [--pos_enc_csv]
                        [--pos_dist_quantile POS_DIST_QUANTILE]
                        [--task_index TASK_INDEX]
run_grand_sde.py: error: unrecognized arguments: --rtol 0.01 --sde_t 17.0 --sigma 1.0
