[KeOps] Warning : cuda was detected, but driver API could not be initialized. Switching to cpu only.
Folder already exists: results/cornell
experiment: 0
Dataset size (num_nodes): 183, Intended development set size (num_development): 1500
Dataset size (num_nodes): 183, Actual development set size (num_development): 83
rations: train 64, val 19, test 100
sigma 1.0
rtol 0.001
t1 1.0
GNSDEEarly
qy0_mean
torch.Size([1, 16])
qy0_logvar
torch.Size([1, 16])
m1.weight
torch.Size([16, 1703])
m1.bias
torch.Size([16])
m2.weight
torch.Size([5, 16])
m2.bias
torch.Size([5])
gnsde_drift_net.0.layer.weight
torch.Size([16, 17])
gnsde_drift_net.0.layer.bias
torch.Size([16])
gnsde_drift_net.1.layer.weight
torch.Size([16, 16])
gnsde_drift_net.1.layer.bias
torch.Size([16])
odeblock.odefunc.alpha_train
torch.Size([])
odeblock.odefunc.beta_train
torch.Size([])
odeblock.odefunc.alpha_sc
torch.Size([1])
odeblock.odefunc.beta_sc
torch.Size([1])
odeblock.odefunc.w
torch.Size([16, 16])
odeblock.odefunc.d
torch.Size([16])
odeblock.reg_odefunc.odefunc.alpha_train
torch.Size([])
odeblock.reg_odefunc.odefunc.beta_train
torch.Size([])
odeblock.reg_odefunc.odefunc.alpha_sc
torch.Size([1])
odeblock.reg_odefunc.odefunc.beta_sc
torch.Size([1])
odeblock.reg_odefunc.odefunc.w
torch.Size([16, 16])
odeblock.reg_odefunc.odefunc.d
torch.Size([16])
Epoch: 001, Runtime 0.924792, Loss 1.789004, forward nfe 4, backward nfe 0, Train: 0.5781, Val: 0.5263, Test: 0.5400, Best time: 1.0000
Epoch: 002, Runtime 0.742844, Loss 1.526111, forward nfe 20, backward nfe 0, Train: 0.5781, Val: 0.5263, Test: 0.5400, Best time: 1.0000
Epoch: 003, Runtime 0.688981, Loss 1.354642, forward nfe 36, backward nfe 0, Train: 0.5781, Val: 0.5263, Test: 0.5400, Best time: 1.0000
Epoch: 004, Runtime 0.655209, Loss 1.271296, forward nfe 52, backward nfe 0, Train: 0.5781, Val: 0.5263, Test: 0.5400, Best time: 1.0000
Epoch: 005, Runtime 0.765644, Loss 1.074717, forward nfe 68, backward nfe 0, Train: 0.4844, Val: 0.6316, Test: 0.4500, Best time: 1.0000
Epoch: 006, Runtime 0.650745, Loss 0.916821, forward nfe 84, backward nfe 0, Train: 0.4844, Val: 0.6316, Test: 0.4500, Best time: 1.0000
Epoch: 007, Runtime 0.627628, Loss 0.829164, forward nfe 100, backward nfe 0, Train: 0.4844, Val: 0.6316, Test: 0.4500, Best time: 1.0000
Epoch: 008, Runtime 0.706797, Loss 0.698216, forward nfe 116, backward nfe 0, Train: 0.7656, Val: 0.6842, Test: 0.4000, Best time: 1.0000
Epoch: 009, Runtime 0.584019, Loss 0.615241, forward nfe 132, backward nfe 0, Train: 0.7656, Val: 0.6842, Test: 0.4000, Best time: 1.0000
Epoch: 010, Runtime 0.585997, Loss 0.518427, forward nfe 148, backward nfe 0, Train: 0.7656, Val: 0.6842, Test: 0.4000, Best time: 1.0000
Epoch: 011, Runtime 0.589577, Loss 0.494543, forward nfe 164, backward nfe 0, Train: 0.7656, Val: 0.6842, Test: 0.4000, Best time: 1.0000
Epoch: 012, Runtime 0.589707, Loss 0.438264, forward nfe 180, backward nfe 0, Train: 0.7656, Val: 0.6842, Test: 0.4000, Best time: 1.0000
Epoch: 013, Runtime 0.698639, Loss 0.400098, forward nfe 196, backward nfe 0, Train: 0.8125, Val: 0.7368, Test: 0.4000, Best time: 1.0000
Epoch: 014, Runtime 0.609183, Loss 0.341721, forward nfe 212, backward nfe 0, Train: 0.8125, Val: 0.7368, Test: 0.4000, Best time: 1.0000
Epoch: 015, Runtime 0.649637, Loss 0.366438, forward nfe 228, backward nfe 0, Train: 0.8125, Val: 0.7368, Test: 0.4000, Best time: 1.0000
Epoch: 016, Runtime 0.589355, Loss 0.205242, forward nfe 244, backward nfe 0, Train: 0.8125, Val: 0.7368, Test: 0.4000, Best time: 1.0000
Epoch: 017, Runtime 0.587481, Loss 0.225092, forward nfe 260, backward nfe 0, Train: 0.8125, Val: 0.7368, Test: 0.4000, Best time: 1.0000
Epoch: 018, Runtime 0.587592, Loss 0.232554, forward nfe 276, backward nfe 0, Train: 0.8125, Val: 0.7368, Test: 0.4000, Best time: 1.0000
Epoch: 019, Runtime 0.591084, Loss 0.166911, forward nfe 292, backward nfe 0, Train: 0.8125, Val: 0.7368, Test: 0.4000, Best time: 1.0000
Epoch: 020, Runtime 0.593748, Loss 0.115452, forward nfe 308, backward nfe 0, Train: 0.8125, Val: 0.7368, Test: 0.4000, Best time: 1.0000
Epoch: 021, Runtime 0.590370, Loss 0.157801, forward nfe 324, backward nfe 0, Train: 0.8125, Val: 0.7368, Test: 0.4000, Best time: 1.0000
Epoch: 022, Runtime 0.590231, Loss 0.118033, forward nfe 340, backward nfe 0, Train: 0.8125, Val: 0.7368, Test: 0.4000, Best time: 1.0000
Epoch: 023, Runtime 0.593461, Loss 0.161555, forward nfe 356, backward nfe 0, Train: 0.8125, Val: 0.7368, Test: 0.4000, Best time: 1.0000
Epoch: 024, Runtime 0.598491, Loss 0.098938, forward nfe 372, backward nfe 0, Train: 0.8125, Val: 0.7368, Test: 0.4000, Best time: 1.0000
Epoch: 025, Runtime 0.594303, Loss 0.108835, forward nfe 388, backward nfe 0, Train: 0.8125, Val: 0.7368, Test: 0.4000, Best time: 1.0000
Epoch: 026, Runtime 0.592571, Loss 0.121042, forward nfe 404, backward nfe 0, Train: 0.8125, Val: 0.7368, Test: 0.4000, Best time: 1.0000
Epoch: 027, Runtime 0.599597, Loss 0.119134, forward nfe 420, backward nfe 0, Train: 0.8125, Val: 0.7368, Test: 0.4000, Best time: 1.0000
Epoch: 028, Runtime 0.600390, Loss 0.143165, forward nfe 436, backward nfe 0, Train: 0.8125, Val: 0.7368, Test: 0.4000, Best time: 1.0000
Epoch: 029, Runtime 0.596133, Loss 0.094986, forward nfe 452, backward nfe 0, Train: 0.8125, Val: 0.7368, Test: 0.4000, Best time: 1.0000
Epoch: 030, Runtime 0.597126, Loss 0.117854, forward nfe 468, backward nfe 0, Train: 0.8125, Val: 0.7368, Test: 0.4000, Best time: 1.0000
Epoch: 031, Runtime 0.598139, Loss 0.123171, forward nfe 484, backward nfe 0, Train: 0.8125, Val: 0.7368, Test: 0.4000, Best time: 1.0000
Epoch: 032, Runtime 0.603832, Loss 0.071583, forward nfe 500, backward nfe 0, Train: 0.8125, Val: 0.7368, Test: 0.4000, Best time: 1.0000
Epoch: 033, Runtime 0.599067, Loss 0.085075, forward nfe 516, backward nfe 0, Train: 0.8125, Val: 0.7368, Test: 0.4000, Best time: 1.0000
Epoch: 034, Runtime 0.600168, Loss 0.068707, forward nfe 532, backward nfe 0, Train: 0.8125, Val: 0.7368, Test: 0.4000, Best time: 1.0000
Epoch: 035, Runtime 0.603458, Loss 0.084586, forward nfe 548, backward nfe 0, Train: 0.8125, Val: 0.7368, Test: 0.4000, Best time: 1.0000
Epoch: 036, Runtime 0.607138, Loss 0.062472, forward nfe 564, backward nfe 0, Train: 0.8125, Val: 0.7368, Test: 0.4000, Best time: 1.0000
Epoch: 037, Runtime 0.603736, Loss 0.077157, forward nfe 580, backward nfe 0, Train: 0.8125, Val: 0.7368, Test: 0.4000, Best time: 1.0000
Epoch: 038, Runtime 0.604845, Loss 0.068730, forward nfe 596, backward nfe 0, Train: 0.8125, Val: 0.7368, Test: 0.4000, Best time: 1.0000
Epoch: 039, Runtime 0.608916, Loss 0.043491, forward nfe 612, backward nfe 0, Train: 0.8125, Val: 0.7368, Test: 0.4000, Best time: 1.0000
Epoch: 040, Runtime 0.611153, Loss 0.080133, forward nfe 628, backward nfe 0, Train: 0.8125, Val: 0.7368, Test: 0.4000, Best time: 1.0000
Epoch: 041, Runtime 0.605015, Loss 0.048409, forward nfe 644, backward nfe 0, Train: 0.8125, Val: 0.7368, Test: 0.4000, Best time: 1.0000
Epoch: 042, Runtime 0.840110, Loss 0.046038, forward nfe 660, backward nfe 0, Train: 0.8125, Val: 0.7368, Test: 0.4000, Best time: 1.0000
Epoch: 043, Runtime 0.819797, Loss 0.052745, forward nfe 676, backward nfe 0, Train: 0.8125, Val: 0.7368, Test: 0.4000, Best time: 1.0000
Epoch: 044, Runtime 0.748513, Loss 0.087374, forward nfe 692, backward nfe 0, Train: 0.8125, Val: 0.7368, Test: 0.4000, Best time: 1.0000
Epoch: 045, Runtime 0.689779, Loss 0.062660, forward nfe 708, backward nfe 0, Train: 0.8125, Val: 0.7368, Test: 0.4000, Best time: 1.0000
Epoch: 046, Runtime 0.697756, Loss 0.054792, forward nfe 724, backward nfe 0, Train: 0.8125, Val: 0.7368, Test: 0.4000, Best time: 1.0000
Epoch: 047, Runtime 0.684129, Loss 0.049667, forward nfe 740, backward nfe 0, Train: 0.8125, Val: 0.7368, Test: 0.4000, Best time: 1.0000
Epoch: 048, Runtime 0.705766, Loss 0.066443, forward nfe 756, backward nfe 0, Train: 0.8125, Val: 0.7368, Test: 0.4000, Best time: 1.0000
Epoch: 049, Runtime 0.698271, Loss 0.055575, forward nfe 772, backward nfe 0, Train: 0.8125, Val: 0.7368, Test: 0.4000, Best time: 1.0000
Epoch: 050, Runtime 0.678179, Loss 0.073456, forward nfe 788, backward nfe 0, Train: 0.8125, Val: 0.7368, Test: 0.4000, Best time: 1.0000
Epoch: 051, Runtime 0.692721, Loss 0.053978, forward nfe 804, backward nfe 0, Train: 0.8125, Val: 0.7368, Test: 0.4000, Best time: 1.0000
Epoch: 052, Runtime 0.696978, Loss 0.069519, forward nfe 820, backward nfe 0, Train: 0.8125, Val: 0.7368, Test: 0.4000, Best time: 1.0000
Epoch: 053, Runtime 0.698577, Loss 0.041927, forward nfe 836, backward nfe 0, Train: 0.8125, Val: 0.7368, Test: 0.4000, Best time: 1.0000
Epoch: 054, Runtime 0.660168, Loss 0.034520, forward nfe 852, backward nfe 0, Train: 0.8125, Val: 0.7368, Test: 0.4000, Best time: 1.0000
Epoch: 055, Runtime 0.616184, Loss 0.036846, forward nfe 868, backward nfe 0, Train: 0.8125, Val: 0.7368, Test: 0.4000, Best time: 1.0000
Epoch: 056, Runtime 0.631677, Loss 0.049703, forward nfe 884, backward nfe 0, Train: 0.8125, Val: 0.7368, Test: 0.4000, Best time: 1.0000
Epoch: 057, Runtime 0.631478, Loss 0.036102, forward nfe 900, backward nfe 0, Train: 0.8125, Val: 0.7368, Test: 0.4000, Best time: 1.0000
Epoch: 058, Runtime 0.629666, Loss 0.063260, forward nfe 916, backward nfe 0, Train: 0.8125, Val: 0.7368, Test: 0.4000, Best time: 1.0000
Epoch: 059, Runtime 0.618666, Loss 0.068751, forward nfe 932, backward nfe 0, Train: 0.8125, Val: 0.7368, Test: 0.4000, Best time: 1.0000
Epoch: 060, Runtime 0.628579, Loss 0.069501, forward nfe 948, backward nfe 0, Train: 0.8125, Val: 0.7368, Test: 0.4000, Best time: 1.0000
Epoch: 061, Runtime 0.632903, Loss 0.021698, forward nfe 964, backward nfe 0, Train: 0.8125, Val: 0.7368, Test: 0.4000, Best time: 1.0000
Epoch: 062, Runtime 0.632876, Loss 0.022636, forward nfe 980, backward nfe 0, Train: 0.8125, Val: 0.7368, Test: 0.4000, Best time: 1.0000
Epoch: 063, Runtime 0.633103, Loss 0.049328, forward nfe 996, backward nfe 0, Train: 0.8125, Val: 0.7368, Test: 0.4000, Best time: 1.0000
Epoch: 064, Runtime 0.634378, Loss 0.036314, forward nfe 1012, backward nfe 0, Train: 0.8125, Val: 0.7368, Test: 0.4000, Best time: 1.0000
Epoch: 065, Runtime 0.634550, Loss 0.107034, forward nfe 1028, backward nfe 0, Train: 0.8125, Val: 0.7368, Test: 0.4000, Best time: 1.0000
Epoch: 066, Runtime 0.633113, Loss 0.053770, forward nfe 1044, backward nfe 0, Train: 0.8125, Val: 0.7368, Test: 0.4000, Best time: 1.0000
Epoch: 067, Runtime 0.639002, Loss 0.048980, forward nfe 1060, backward nfe 0, Train: 0.8125, Val: 0.7368, Test: 0.4000, Best time: 1.0000
Epoch: 068, Runtime 0.640029, Loss 0.028728, forward nfe 1076, backward nfe 0, Train: 0.8125, Val: 0.7368, Test: 0.4000, Best time: 1.0000
Epoch: 069, Runtime 0.634116, Loss 0.077481, forward nfe 1092, backward nfe 0, Train: 0.8125, Val: 0.7368, Test: 0.4000, Best time: 1.0000
Epoch: 070, Runtime 0.634194, Loss 0.042713, forward nfe 1108, backward nfe 0, Train: 0.8125, Val: 0.7368, Test: 0.4000, Best time: 1.0000
Epoch: 071, Runtime 0.632013, Loss 0.046556, forward nfe 1124, backward nfe 0, Train: 0.8125, Val: 0.7368, Test: 0.4000, Best time: 1.0000
Epoch: 072, Runtime 0.636251, Loss 0.062897, forward nfe 1140, backward nfe 0, Train: 0.8125, Val: 0.7368, Test: 0.4000, Best time: 1.0000
Epoch: 073, Runtime 0.635266, Loss 0.014219, forward nfe 1156, backward nfe 0, Train: 0.8125, Val: 0.7368, Test: 0.4000, Best time: 1.0000
Epoch: 074, Runtime 0.633584, Loss 0.070296, forward nfe 1172, backward nfe 0, Train: 0.8125, Val: 0.7368, Test: 0.4000, Best time: 1.0000
Epoch: 075, Runtime 0.634979, Loss 0.035198, forward nfe 1188, backward nfe 0, Train: 0.8125, Val: 0.7368, Test: 0.4000, Best time: 1.0000
Epoch: 076, Runtime 0.635867, Loss 0.021706, forward nfe 1204, backward nfe 0, Train: 0.8125, Val: 0.7368, Test: 0.4000, Best time: 1.0000
Epoch: 077, Runtime 0.634601, Loss 0.065432, forward nfe 1220, backward nfe 0, Train: 0.8125, Val: 0.7368, Test: 0.4000, Best time: 1.0000
Epoch: 078, Runtime 0.636479, Loss 0.025081, forward nfe 1236, backward nfe 0, Train: 0.8125, Val: 0.7368, Test: 0.4000, Best time: 1.0000
Epoch: 079, Runtime 0.622436, Loss 0.050176, forward nfe 1252, backward nfe 0, Train: 0.8125, Val: 0.7368, Test: 0.4000, Best time: 1.0000
Epoch: 080, Runtime 0.859625, Loss 0.049672, forward nfe 1268, backward nfe 0, Train: 0.8125, Val: 0.7368, Test: 0.4000, Best time: 1.0000
Epoch: 081, Runtime 0.858875, Loss 0.058040, forward nfe 1284, backward nfe 0, Train: 0.8125, Val: 0.7368, Test: 0.4000, Best time: 1.0000
Epoch: 082, Runtime 0.831575, Loss 0.047980, forward nfe 1300, backward nfe 0, Train: 0.8125, Val: 0.7368, Test: 0.4000, Best time: 1.0000
Epoch: 083, Runtime 0.759094, Loss 0.042457, forward nfe 1316, backward nfe 0, Train: 0.8125, Val: 0.7368, Test: 0.4000, Best time: 1.0000
Epoch: 084, Runtime 0.702882, Loss 0.033378, forward nfe 1332, backward nfe 0, Train: 0.8125, Val: 0.7368, Test: 0.4000, Best time: 1.0000
Epoch: 085, Runtime 0.709853, Loss 0.021364, forward nfe 1348, backward nfe 0, Train: 0.8125, Val: 0.7368, Test: 0.4000, Best time: 1.0000
Epoch: 086, Runtime 0.703338, Loss 0.039082, forward nfe 1364, backward nfe 0, Train: 0.8125, Val: 0.7368, Test: 0.4000, Best time: 1.0000
Epoch: 087, Runtime 0.702021, Loss 0.028121, forward nfe 1380, backward nfe 0, Train: 0.8125, Val: 0.7368, Test: 0.4000, Best time: 1.0000
Epoch: 088, Runtime 0.703753, Loss 0.021600, forward nfe 1396, backward nfe 0, Train: 0.8125, Val: 0.7368, Test: 0.4000, Best time: 1.0000
Epoch: 089, Runtime 0.702651, Loss 0.019822, forward nfe 1412, backward nfe 0, Train: 0.8125, Val: 0.7368, Test: 0.4000, Best time: 1.0000
Epoch: 090, Runtime 0.721765, Loss 0.017090, forward nfe 1428, backward nfe 0, Train: 0.8125, Val: 0.7368, Test: 0.4000, Best time: 1.0000
Epoch: 091, Runtime 0.703284, Loss 0.055482, forward nfe 1444, backward nfe 0, Train: 0.8125, Val: 0.7368, Test: 0.4000, Best time: 1.0000
Epoch: 092, Runtime 0.662915, Loss 0.058273, forward nfe 1460, backward nfe 0, Train: 0.8125, Val: 0.7368, Test: 0.4000, Best time: 1.0000
Epoch: 093, Runtime 0.646490, Loss 0.037514, forward nfe 1476, backward nfe 0, Train: 0.8125, Val: 0.7368, Test: 0.4000, Best time: 1.0000
Epoch: 094, Runtime 0.639889, Loss 0.074890, forward nfe 1492, backward nfe 0, Train: 0.8125, Val: 0.7368, Test: 0.4000, Best time: 1.0000
Epoch: 095, Runtime 0.636812, Loss 0.038170, forward nfe 1508, backward nfe 0, Train: 0.8125, Val: 0.7368, Test: 0.4000, Best time: 1.0000
Epoch: 096, Runtime 0.641958, Loss 0.066134, forward nfe 1524, backward nfe 0, Train: 0.8125, Val: 0.7368, Test: 0.4000, Best time: 1.0000
Epoch: 097, Runtime 0.648139, Loss 0.047125, forward nfe 1540, backward nfe 0, Train: 0.8125, Val: 0.7368, Test: 0.4000, Best time: 1.0000
Epoch: 098, Runtime 0.636067, Loss 0.015488, forward nfe 1556, backward nfe 0, Train: 0.8125, Val: 0.7368, Test: 0.4000, Best time: 1.0000
Epoch: 099, Runtime 0.642564, Loss 0.012900, forward nfe 1572, backward nfe 0, Train: 0.8125, Val: 0.7368, Test: 0.4000, Best time: 1.0000
Epoch: 100, Runtime 0.632257, Loss 0.082280, forward nfe 1588, backward nfe 0, Train: 0.8125, Val: 0.7368, Test: 0.4000, Best time: 1.0000
Epoch: 101, Runtime 0.651631, Loss 0.016284, forward nfe 1604, backward nfe 0, Train: 0.8125, Val: 0.7368, Test: 0.4000, Best time: 1.0000
Epoch: 102, Runtime 0.633043, Loss 0.030692, forward nfe 1620, backward nfe 0, Train: 0.8125, Val: 0.7368, Test: 0.4000, Best time: 1.0000
Epoch: 103, Runtime 0.650530, Loss 0.030799, forward nfe 1636, backward nfe 0, Train: 0.8125, Val: 0.7368, Test: 0.4000, Best time: 1.0000
Epoch: 104, Runtime 0.652855, Loss 0.016527, forward nfe 1652, backward nfe 0, Train: 0.8125, Val: 0.7368, Test: 0.4000, Best time: 1.0000
Epoch: 105, Runtime 0.655151, Loss 0.042012, forward nfe 1668, backward nfe 0, Train: 0.8125, Val: 0.7368, Test: 0.4000, Best time: 1.0000
Epoch: 106, Runtime 0.651864, Loss 0.021623, forward nfe 1684, backward nfe 0, Train: 0.8125, Val: 0.7368, Test: 0.4000, Best time: 1.0000
Epoch: 107, Runtime 0.652503, Loss 0.037408, forward nfe 1700, backward nfe 0, Train: 0.8125, Val: 0.7368, Test: 0.4000, Best time: 1.0000
Epoch: 108, Runtime 0.651734, Loss 0.062933, forward nfe 1716, backward nfe 0, Train: 0.8125, Val: 0.7368, Test: 0.4000, Best time: 1.0000
Epoch: 109, Runtime 0.655511, Loss 0.032389, forward nfe 1732, backward nfe 0, Train: 0.8125, Val: 0.7368, Test: 0.4000, Best time: 1.0000
Epoch: 110, Runtime 0.650940, Loss 0.048779, forward nfe 1748, backward nfe 0, Train: 0.8125, Val: 0.7368, Test: 0.4000, Best time: 1.0000
Epoch: 111, Runtime 0.653634, Loss 0.036247, forward nfe 1764, backward nfe 0, Train: 0.8125, Val: 0.7368, Test: 0.4000, Best time: 1.0000
Epoch: 112, Runtime 0.657787, Loss 0.038212, forward nfe 1780, backward nfe 0, Train: 0.8125, Val: 0.7368, Test: 0.4000, Best time: 1.0000
Epoch: 113, Runtime 0.638813, Loss 0.024159, forward nfe 1796, backward nfe 0, Train: 0.8125, Val: 0.7368, Test: 0.4000, Best time: 1.0000
Epoch: 114, Runtime 0.659376, Loss 0.022001, forward nfe 1812, backward nfe 0, Train: 0.8125, Val: 0.7368, Test: 0.4000, Best time: 1.0000
Epoch: 115, Runtime 0.651477, Loss 0.033241, forward nfe 1828, backward nfe 0, Train: 0.8125, Val: 0.7368, Test: 0.4000, Best time: 1.0000
Epoch: 116, Runtime 0.676475, Loss 0.011656, forward nfe 1844, backward nfe 0, Train: 0.8125, Val: 0.7368, Test: 0.4000, Best time: 1.0000
Epoch: 117, Runtime 0.785117, Loss 0.026016, forward nfe 1860, backward nfe 0, Train: 0.8125, Val: 0.7368, Test: 0.4000, Best time: 1.0000
Epoch: 118, Runtime 0.749969, Loss 0.060567, forward nfe 1876, backward nfe 0, Train: 0.8125, Val: 0.7368, Test: 0.4000, Best time: 1.0000
Epoch: 119, Runtime 0.718980, Loss 0.019507, forward nfe 1892, backward nfe 0, Train: 0.8125, Val: 0.7368, Test: 0.4000, Best time: 1.0000
Epoch: 120, Runtime 0.721926, Loss 0.024576, forward nfe 1908, backward nfe 0, Train: 0.8125, Val: 0.7368, Test: 0.4000, Best time: 1.0000
Epoch: 121, Runtime 0.723635, Loss 0.042873, forward nfe 1924, backward nfe 0, Train: 0.8125, Val: 0.7368, Test: 0.4000, Best time: 1.0000
Epoch: 122, Runtime 0.720595, Loss 0.045451, forward nfe 1940, backward nfe 0, Train: 0.8125, Val: 0.7368, Test: 0.4000, Best time: 1.0000
Epoch: 123, Runtime 0.722670, Loss 0.014381, forward nfe 1956, backward nfe 0, Train: 0.8125, Val: 0.7368, Test: 0.4000, Best time: 1.0000
Epoch: 124, Runtime 0.722344, Loss 0.028193, forward nfe 1972, backward nfe 0, Train: 0.8125, Val: 0.7368, Test: 0.4000, Best time: 1.0000
Epoch: 125, Runtime 0.723692, Loss 0.026493, forward nfe 1988, backward nfe 0, Train: 0.8125, Val: 0.7368, Test: 0.4000, Best time: 1.0000
Epoch: 126, Runtime 0.718843, Loss 0.035405, forward nfe 2004, backward nfe 0, Train: 0.8125, Val: 0.7368, Test: 0.4000, Best time: 1.0000
Epoch: 127, Runtime 0.718780, Loss 0.026534, forward nfe 2020, backward nfe 0, Train: 0.8125, Val: 0.7368, Test: 0.4000, Best time: 1.0000
Epoch: 128, Runtime 0.658275, Loss 0.028969, forward nfe 2036, backward nfe 0, Train: 0.8125, Val: 0.7368, Test: 0.4000, Best time: 1.0000
Epoch: 129, Runtime 0.651875, Loss 0.026341, forward nfe 2052, backward nfe 0, Train: 0.8125, Val: 0.7368, Test: 0.4000, Best time: 1.0000
Epoch: 130, Runtime 0.650951, Loss 0.030556, forward nfe 2068, backward nfe 0, Train: 0.8125, Val: 0.7368, Test: 0.4000, Best time: 1.0000
Epoch: 131, Runtime 0.651954, Loss 0.052263, forward nfe 2084, backward nfe 0, Train: 0.8125, Val: 0.7368, Test: 0.4000, Best time: 1.0000
Epoch: 132, Runtime 0.651331, Loss 0.046867, forward nfe 2100, backward nfe 0, Train: 0.8125, Val: 0.7368, Test: 0.4000, Best time: 1.0000
Epoch: 133, Runtime 0.653188, Loss 0.043707, forward nfe 2116, backward nfe 0, Train: 0.8125, Val: 0.7368, Test: 0.4000, Best time: 1.0000
Epoch: 134, Runtime 0.651092, Loss 0.047717, forward nfe 2132, backward nfe 0, Train: 0.8125, Val: 0.7368, Test: 0.4000, Best time: 1.0000
Epoch: 135, Runtime 0.653726, Loss 0.013983, forward nfe 2148, backward nfe 0, Train: 0.8125, Val: 0.7368, Test: 0.4000, Best time: 1.0000
Epoch: 136, Runtime 0.656311, Loss 0.032409, forward nfe 2164, backward nfe 0, Train: 0.8125, Val: 0.7368, Test: 0.4000, Best time: 1.0000
Epoch: 137, Runtime 0.659250, Loss 0.014304, forward nfe 2180, backward nfe 0, Train: 0.8125, Val: 0.7368, Test: 0.4000, Best time: 1.0000
Epoch: 138, Runtime 0.657773, Loss 0.022561, forward nfe 2196, backward nfe 0, Train: 0.8125, Val: 0.7368, Test: 0.4000, Best time: 1.0000
Epoch: 139, Runtime 0.662768, Loss 0.051990, forward nfe 2212, backward nfe 0, Train: 0.8125, Val: 0.7368, Test: 0.4000, Best time: 1.0000
Epoch: 140, Runtime 0.654868, Loss 0.015619, forward nfe 2228, backward nfe 0, Train: 0.8125, Val: 0.7368, Test: 0.4000, Best time: 1.0000
Epoch: 141, Runtime 0.656740, Loss 0.026557, forward nfe 2244, backward nfe 0, Train: 0.8125, Val: 0.7368, Test: 0.4000, Best time: 1.0000
Epoch: 142, Runtime 0.656869, Loss 0.032615, forward nfe 2260, backward nfe 0, Train: 0.8125, Val: 0.7368, Test: 0.4000, Best time: 1.0000
Epoch: 143, Runtime 0.657767, Loss 0.033476, forward nfe 2276, backward nfe 0, Train: 0.8125, Val: 0.7368, Test: 0.4000, Best time: 1.0000
Epoch: 144, Runtime 0.660745, Loss 0.008847, forward nfe 2292, backward nfe 0, Train: 0.8125, Val: 0.7368, Test: 0.4000, Best time: 1.0000
Epoch: 145, Runtime 0.651389, Loss 0.025134, forward nfe 2308, backward nfe 0, Train: 0.8125, Val: 0.7368, Test: 0.4000, Best time: 1.0000
Epoch: 146, Runtime 0.650659, Loss 0.041941, forward nfe 2324, backward nfe 0, Train: 0.8125, Val: 0.7368, Test: 0.4000, Best time: 1.0000
Epoch: 147, Runtime 0.647774, Loss 0.016323, forward nfe 2340, backward nfe 0, Train: 0.8125, Val: 0.7368, Test: 0.4000, Best time: 1.0000
Epoch: 148, Runtime 0.649776, Loss 0.026994, forward nfe 2356, backward nfe 0, Train: 0.8125, Val: 0.7368, Test: 0.4000, Best time: 1.0000
Epoch: 149, Runtime 0.653011, Loss 0.034981, forward nfe 2372, backward nfe 0, Train: 0.8125, Val: 0.7368, Test: 0.4000, Best time: 1.0000
Epoch: 150, Runtime 0.647708, Loss 0.022785, forward nfe 2388, backward nfe 0, Train: 0.8125, Val: 0.7368, Test: 0.4000, Best time: 1.0000
Epoch: 151, Runtime 0.648790, Loss 0.020955, forward nfe 2404, backward nfe 0, Train: 0.8125, Val: 0.7368, Test: 0.4000, Best time: 1.0000
Epoch: 152, Runtime 0.649663, Loss 0.015079, forward nfe 2420, backward nfe 0, Train: 0.8125, Val: 0.7368, Test: 0.4000, Best time: 1.0000
Epoch: 153, Runtime 0.667078, Loss 0.013244, forward nfe 2436, backward nfe 0, Train: 0.8125, Val: 0.7368, Test: 0.4000, Best time: 1.0000
Epoch: 154, Runtime 0.908190, Loss 0.032317, forward nfe 2452, backward nfe 0, Train: 0.8125, Val: 0.7368, Test: 0.4000, Best time: 1.0000
Epoch: 155, Runtime 0.874415, Loss 0.028607, forward nfe 2468, backward nfe 0, Train: 0.8125, Val: 0.7368, Test: 0.4000, Best time: 1.0000
Epoch: 156, Runtime 0.872571, Loss 0.021768, forward nfe 2484, backward nfe 0, Train: 0.8125, Val: 0.7368, Test: 0.4000, Best time: 1.0000
Epoch: 157, Runtime 0.822053, Loss 0.075091, forward nfe 2500, backward nfe 0, Train: 0.8125, Val: 0.7368, Test: 0.4000, Best time: 1.0000
Epoch: 158, Runtime 0.787002, Loss 0.089103, forward nfe 2516, backward nfe 0, Train: 0.8125, Val: 0.7368, Test: 0.4000, Best time: 1.0000
Epoch: 159, Runtime 0.786130, Loss 0.073048, forward nfe 2532, backward nfe 0, Train: 0.8125, Val: 0.7368, Test: 0.4000, Best time: 1.0000
Epoch: 160, Runtime 0.785991, Loss 0.063159, forward nfe 2548, backward nfe 0, Train: 0.8125, Val: 0.7368, Test: 0.4000, Best time: 1.0000
Epoch: 161, Runtime 0.785995, Loss 0.020866, forward nfe 2564, backward nfe 0, Train: 0.8125, Val: 0.7368, Test: 0.4000, Best time: 1.0000
Epoch: 162, Runtime 0.728431, Loss 0.024668, forward nfe 2580, backward nfe 0, Train: 0.8125, Val: 0.7368, Test: 0.4000, Best time: 1.0000
Epoch: 163, Runtime 0.706546, Loss 0.031224, forward nfe 2596, backward nfe 0, Train: 0.8125, Val: 0.7368, Test: 0.4000, Best time: 1.0000
Epoch: 164, Runtime 0.706578, Loss 0.035296, forward nfe 2612, backward nfe 0, Train: 0.8125, Val: 0.7368, Test: 0.4000, Best time: 1.0000
Epoch: 165, Runtime 0.707542, Loss 0.020287, forward nfe 2628, backward nfe 0, Train: 0.8125, Val: 0.7368, Test: 0.4000, Best time: 1.0000
Epoch: 166, Runtime 0.714030, Loss 0.026511, forward nfe 2644, backward nfe 0, Train: 0.8125, Val: 0.7368, Test: 0.4000, Best time: 1.0000
Epoch: 167, Runtime 0.708344, Loss 0.029862, forward nfe 2660, backward nfe 0, Train: 0.8125, Val: 0.7368, Test: 0.4000, Best time: 1.0000
Epoch: 168, Runtime 0.647339, Loss 0.040295, forward nfe 2676, backward nfe 0, Train: 0.8125, Val: 0.7368, Test: 0.4000, Best time: 1.0000
Epoch: 169, Runtime 0.653602, Loss 0.010877, forward nfe 2692, backward nfe 0, Train: 0.8125, Val: 0.7368, Test: 0.4000, Best time: 1.0000
Epoch: 170, Runtime 0.654863, Loss 0.043195, forward nfe 2708, backward nfe 0, Train: 0.8125, Val: 0.7368, Test: 0.4000, Best time: 1.0000
Epoch: 171, Runtime 0.650694, Loss 0.023857, forward nfe 2724, backward nfe 0, Train: 0.8125, Val: 0.7368, Test: 0.4000, Best time: 1.0000
Epoch: 172, Runtime 0.648914, Loss 0.056981, forward nfe 2740, backward nfe 0, Train: 0.8125, Val: 0.7368, Test: 0.4000, Best time: 1.0000
Epoch: 173, Runtime 0.653723, Loss 0.043018, forward nfe 2756, backward nfe 0, Train: 0.8125, Val: 0.7368, Test: 0.4000, Best time: 1.0000
Epoch: 174, Runtime 0.645998, Loss 0.015749, forward nfe 2772, backward nfe 0, Train: 0.8125, Val: 0.7368, Test: 0.4000, Best time: 1.0000
Epoch: 175, Runtime 0.644727, Loss 0.011877, forward nfe 2788, backward nfe 0, Train: 0.8125, Val: 0.7368, Test: 0.4000, Best time: 1.0000
Epoch: 176, Runtime 0.644539, Loss 0.014552, forward nfe 2804, backward nfe 0, Train: 0.8125, Val: 0.7368, Test: 0.4000, Best time: 1.0000
Epoch: 177, Runtime 0.648451, Loss 0.010229, forward nfe 2820, backward nfe 0, Train: 0.8125, Val: 0.7368, Test: 0.4000, Best time: 1.0000
Epoch: 178, Runtime 0.769864, Loss 0.030581, forward nfe 2836, backward nfe 0, Train: 0.9844, Val: 0.7895, Test: 0.4600, Best time: 1.0000
Epoch: 179, Runtime 0.614268, Loss 0.025378, forward nfe 2852, backward nfe 0, Train: 0.9844, Val: 0.7895, Test: 0.4600, Best time: 1.0000
Epoch: 180, Runtime 0.615951, Loss 0.016874, forward nfe 2868, backward nfe 0, Train: 0.9844, Val: 0.7895, Test: 0.4600, Best time: 1.0000
Epoch: 181, Runtime 0.644582, Loss 0.016629, forward nfe 2884, backward nfe 0, Train: 0.9844, Val: 0.7895, Test: 0.4600, Best time: 1.0000
Epoch: 182, Runtime 0.641890, Loss 0.033186, forward nfe 2900, backward nfe 0, Train: 0.9844, Val: 0.7895, Test: 0.4600, Best time: 1.0000
Epoch: 183, Runtime 0.627172, Loss 0.013728, forward nfe 2916, backward nfe 0, Train: 0.9844, Val: 0.7895, Test: 0.4600, Best time: 1.0000
Epoch: 184, Runtime 0.630024, Loss 0.023812, forward nfe 2932, backward nfe 0, Train: 0.9844, Val: 0.7895, Test: 0.4600, Best time: 1.0000
Epoch: 185, Runtime 0.645673, Loss 0.027216, forward nfe 2948, backward nfe 0, Train: 0.9844, Val: 0.7895, Test: 0.4600, Best time: 1.0000
Epoch: 186, Runtime 0.622727, Loss 0.024882, forward nfe 2964, backward nfe 0, Train: 0.9844, Val: 0.7895, Test: 0.4600, Best time: 1.0000
Epoch: 187, Runtime 0.629477, Loss 0.018194, forward nfe 2980, backward nfe 0, Train: 0.9844, Val: 0.7895, Test: 0.4600, Best time: 1.0000
Epoch: 188, Runtime 0.622743, Loss 0.017056, forward nfe 2996, backward nfe 0, Train: 0.9844, Val: 0.7895, Test: 0.4600, Best time: 1.0000
Epoch: 189, Runtime 0.643531, Loss 0.027687, forward nfe 3012, backward nfe 0, Train: 0.9844, Val: 0.7895, Test: 0.4600, Best time: 1.0000
Epoch: 190, Runtime 0.842084, Loss 0.017523, forward nfe 3028, backward nfe 0, Train: 0.9844, Val: 0.7895, Test: 0.4600, Best time: 1.0000
Epoch: 191, Runtime 0.837218, Loss 0.043013, forward nfe 3044, backward nfe 0, Train: 0.9844, Val: 0.7895, Test: 0.4600, Best time: 1.0000
Epoch: 192, Runtime 0.701374, Loss 0.033093, forward nfe 3060, backward nfe 0, Train: 0.9844, Val: 0.7895, Test: 0.4600, Best time: 1.0000
Epoch: 193, Runtime 0.658549, Loss 0.038283, forward nfe 3076, backward nfe 0, Train: 0.9844, Val: 0.7895, Test: 0.4600, Best time: 1.0000
Epoch: 194, Runtime 0.653412, Loss 0.089831, forward nfe 3092, backward nfe 0, Train: 0.9844, Val: 0.7895, Test: 0.4600, Best time: 1.0000
Epoch: 195, Runtime 0.629886, Loss 0.011015, forward nfe 3108, backward nfe 0, Train: 0.9844, Val: 0.7895, Test: 0.4600, Best time: 1.0000
Epoch: 196, Runtime 0.632205, Loss 0.007516, forward nfe 3124, backward nfe 0, Train: 0.9844, Val: 0.7895, Test: 0.4600, Best time: 1.0000
Epoch: 197, Runtime 0.634863, Loss 0.007238, forward nfe 3140, backward nfe 0, Train: 0.9844, Val: 0.7895, Test: 0.4600, Best time: 1.0000
Epoch: 198, Runtime 0.630432, Loss 0.028384, forward nfe 3156, backward nfe 0, Train: 0.9844, Val: 0.7895, Test: 0.4600, Best time: 1.0000
Epoch: 199, Runtime 0.630221, Loss 0.005495, forward nfe 3172, backward nfe 0, Train: 0.9844, Val: 0.7895, Test: 0.4600, Best time: 1.0000
Epoch: 200, Runtime 0.632834, Loss 0.056033, forward nfe 3188, backward nfe 0, Train: 0.9844, Val: 0.7895, Test: 0.4600, Best time: 1.0000
Epoch: 201, Runtime 0.636252, Loss 0.031894, forward nfe 3204, backward nfe 0, Train: 0.9844, Val: 0.7895, Test: 0.4600, Best time: 1.0000
Epoch: 202, Runtime 0.634474, Loss 0.043317, forward nfe 3220, backward nfe 0, Train: 0.9844, Val: 0.7895, Test: 0.4600, Best time: 1.0000
Epoch: 203, Runtime 0.636237, Loss 0.043301, forward nfe 3236, backward nfe 0, Train: 0.9844, Val: 0.7895, Test: 0.4600, Best time: 1.0000
Epoch: 204, Runtime 0.637577, Loss 0.033526, forward nfe 3252, backward nfe 0, Train: 0.9844, Val: 0.7895, Test: 0.4600, Best time: 1.0000
Epoch: 205, Runtime 0.640219, Loss 0.023196, forward nfe 3268, backward nfe 0, Train: 0.9844, Val: 0.7895, Test: 0.4600, Best time: 1.0000
Epoch: 206, Runtime 0.638831, Loss 0.037294, forward nfe 3284, backward nfe 0, Train: 0.9844, Val: 0.7895, Test: 0.4600, Best time: 1.0000
Epoch: 207, Runtime 0.637254, Loss 0.018185, forward nfe 3300, backward nfe 0, Train: 0.9844, Val: 0.7895, Test: 0.4600, Best time: 1.0000
Epoch: 208, Runtime 0.642415, Loss 0.016728, forward nfe 3316, backward nfe 0, Train: 0.9844, Val: 0.7895, Test: 0.4600, Best time: 1.0000
Epoch: 209, Runtime 0.644057, Loss 0.028803, forward nfe 3332, backward nfe 0, Train: 0.9844, Val: 0.7895, Test: 0.4600, Best time: 1.0000
Epoch: 210, Runtime 0.642959, Loss 0.004217, forward nfe 3348, backward nfe 0, Train: 0.9844, Val: 0.7895, Test: 0.4600, Best time: 1.0000
Epoch: 211, Runtime 0.641873, Loss 0.019256, forward nfe 3364, backward nfe 0, Train: 0.9844, Val: 0.7895, Test: 0.4600, Best time: 1.0000
Epoch: 212, Runtime 0.644094, Loss 0.009276, forward nfe 3380, backward nfe 0, Train: 0.9844, Val: 0.7895, Test: 0.4600, Best time: 1.0000
Epoch: 213, Runtime 0.645960, Loss 0.007148, forward nfe 3396, backward nfe 0, Train: 0.9844, Val: 0.7895, Test: 0.4600, Best time: 1.0000
Epoch: 214, Runtime 0.645185, Loss 0.017146, forward nfe 3412, backward nfe 0, Train: 0.9844, Val: 0.7895, Test: 0.4600, Best time: 1.0000
Epoch: 215, Runtime 0.648160, Loss 0.019478, forward nfe 3428, backward nfe 0, Train: 0.9844, Val: 0.7895, Test: 0.4600, Best time: 1.0000
Epoch: 216, Runtime 0.647457, Loss 0.022760, forward nfe 3444, backward nfe 0, Train: 0.9844, Val: 0.7895, Test: 0.4600, Best time: 1.0000
Epoch: 217, Runtime 0.648380, Loss 0.034532, forward nfe 3460, backward nfe 0, Train: 0.9844, Val: 0.7895, Test: 0.4600, Best time: 1.0000
Epoch: 218, Runtime 0.650331, Loss 0.018815, forward nfe 3476, backward nfe 0, Train: 0.9844, Val: 0.7895, Test: 0.4600, Best time: 1.0000
Epoch: 219, Runtime 0.647739, Loss 0.009339, forward nfe 3492, backward nfe 0, Train: 0.9844, Val: 0.7895, Test: 0.4600, Best time: 1.0000
Epoch: 220, Runtime 0.649080, Loss 0.010041, forward nfe 3508, backward nfe 0, Train: 0.9844, Val: 0.7895, Test: 0.4600, Best time: 1.0000
Epoch: 221, Runtime 0.649797, Loss 0.014706, forward nfe 3524, backward nfe 0, Train: 0.9844, Val: 0.7895, Test: 0.4600, Best time: 1.0000
Epoch: 222, Runtime 0.650360, Loss 0.019723, forward nfe 3540, backward nfe 0, Train: 0.9844, Val: 0.7895, Test: 0.4600, Best time: 1.0000
Epoch: 223, Runtime 0.648840, Loss 0.008695, forward nfe 3556, backward nfe 0, Train: 0.9844, Val: 0.7895, Test: 0.4600, Best time: 1.0000
Epoch: 224, Runtime 0.652181, Loss 0.021487, forward nfe 3572, backward nfe 0, Train: 0.9844, Val: 0.7895, Test: 0.4600, Best time: 1.0000
Epoch: 225, Runtime 0.653151, Loss 0.012872, forward nfe 3588, backward nfe 0, Train: 0.9844, Val: 0.7895, Test: 0.4600, Best time: 1.0000
Epoch: 226, Runtime 0.652015, Loss 0.020695, forward nfe 3604, backward nfe 0, Train: 0.9844, Val: 0.7895, Test: 0.4600, Best time: 1.0000
Epoch: 227, Runtime 0.653584, Loss 0.018177, forward nfe 3620, backward nfe 0, Train: 0.9844, Val: 0.7895, Test: 0.4600, Best time: 1.0000
Epoch: 228, Runtime 0.814864, Loss 0.058553, forward nfe 3636, backward nfe 0, Train: 0.9844, Val: 0.7895, Test: 0.4600, Best time: 1.0000
Epoch: 229, Runtime 0.731398, Loss 0.042959, forward nfe 3652, backward nfe 0, Train: 0.9844, Val: 0.7895, Test: 0.4600, Best time: 1.0000
Epoch: 230, Runtime 0.733932, Loss 0.034771, forward nfe 3668, backward nfe 0, Train: 0.9844, Val: 0.7895, Test: 0.4600, Best time: 1.0000
Epoch: 231, Runtime 0.727524, Loss 0.015340, forward nfe 3684, backward nfe 0, Train: 0.9844, Val: 0.7895, Test: 0.4600, Best time: 1.0000
Epoch: 232, Runtime 0.687386, Loss 0.019494, forward nfe 3700, backward nfe 0, Train: 0.9844, Val: 0.7895, Test: 0.4600, Best time: 1.0000
Epoch: 233, Runtime 0.667953, Loss 0.006844, forward nfe 3716, backward nfe 0, Train: 0.9844, Val: 0.7895, Test: 0.4600, Best time: 1.0000
Epoch: 234, Runtime 0.653945, Loss 0.024197, forward nfe 3732, backward nfe 0, Train: 0.9844, Val: 0.7895, Test: 0.4600, Best time: 1.0000
Epoch: 235, Runtime 0.655057, Loss 0.007580, forward nfe 3748, backward nfe 0, Train: 0.9844, Val: 0.7895, Test: 0.4600, Best time: 1.0000
Epoch: 236, Runtime 0.657440, Loss 0.070349, forward nfe 3764, backward nfe 0, Train: 0.9844, Val: 0.7895, Test: 0.4600, Best time: 1.0000
Epoch: 237, Runtime 0.657865, Loss 0.011504, forward nfe 3780, backward nfe 0, Train: 0.9844, Val: 0.7895, Test: 0.4600, Best time: 1.0000
Epoch: 238, Runtime 0.655449, Loss 0.016681, forward nfe 3796, backward nfe 0, Train: 0.9844, Val: 0.7895, Test: 0.4600, Best time: 1.0000
Epoch: 239, Runtime 0.654510, Loss 0.022912, forward nfe 3812, backward nfe 0, Train: 0.9844, Val: 0.7895, Test: 0.4600, Best time: 1.0000
Epoch: 240, Runtime 0.656787, Loss 0.017408, forward nfe 3828, backward nfe 0, Train: 0.9844, Val: 0.7895, Test: 0.4600, Best time: 1.0000
Epoch: 241, Runtime 0.657117, Loss 0.015388, forward nfe 3844, backward nfe 0, Train: 0.9844, Val: 0.7895, Test: 0.4600, Best time: 1.0000
Epoch: 242, Runtime 0.657356, Loss 0.041976, forward nfe 3860, backward nfe 0, Train: 0.9844, Val: 0.7895, Test: 0.4600, Best time: 1.0000
Epoch: 243, Runtime 0.656972, Loss 0.047390, forward nfe 3876, backward nfe 0, Train: 0.9844, Val: 0.7895, Test: 0.4600, Best time: 1.0000
Epoch: 244, Runtime 0.657956, Loss 0.027032, forward nfe 3892, backward nfe 0, Train: 0.9844, Val: 0.7895, Test: 0.4600, Best time: 1.0000
Epoch: 245, Runtime 0.658719, Loss 0.013455, forward nfe 3908, backward nfe 0, Train: 0.9844, Val: 0.7895, Test: 0.4600, Best time: 1.0000
Epoch: 246, Runtime 0.660317, Loss 0.012113, forward nfe 3924, backward nfe 0, Train: 0.9844, Val: 0.7895, Test: 0.4600, Best time: 1.0000
Epoch: 247, Runtime 0.777517, Loss 0.018753, forward nfe 3940, backward nfe 0, Train: 0.9844, Val: 0.8421, Test: 0.5700, Best time: 1.0000
Epoch: 248, Runtime 0.612704, Loss 0.015402, forward nfe 3956, backward nfe 0, Train: 0.9844, Val: 0.8421, Test: 0.5700, Best time: 1.0000
Epoch: 249, Runtime 0.617613, Loss 0.051152, forward nfe 3972, backward nfe 0, Train: 0.9844, Val: 0.8421, Test: 0.5700, Best time: 1.0000
Epoch: 250, Runtime 0.619425, Loss 0.015708, forward nfe 3988, backward nfe 0, Train: 0.9844, Val: 0.8421, Test: 0.5700, Best time: 1.0000
Epoch: 251, Runtime 0.617013, Loss 0.018404, forward nfe 4004, backward nfe 0, Train: 0.9844, Val: 0.8421, Test: 0.5700, Best time: 1.0000
Epoch: 252, Runtime 0.616888, Loss 0.040150, forward nfe 4020, backward nfe 0, Train: 0.9844, Val: 0.8421, Test: 0.5700, Best time: 1.0000
Epoch: 253, Runtime 0.617662, Loss 0.011082, forward nfe 4036, backward nfe 0, Train: 0.9844, Val: 0.8421, Test: 0.5700, Best time: 1.0000
Epoch: 254, Runtime 0.622299, Loss 0.013633, forward nfe 4052, backward nfe 0, Train: 0.9844, Val: 0.8421, Test: 0.5700, Best time: 1.0000
Epoch: 255, Runtime 0.619549, Loss 0.016789, forward nfe 4068, backward nfe 0, Train: 0.9844, Val: 0.8421, Test: 0.5700, Best time: 1.0000
Epoch: 256, Runtime 0.619061, Loss 0.011221, forward nfe 4084, backward nfe 0, Train: 0.9844, Val: 0.8421, Test: 0.5700, Best time: 1.0000
Epoch: 257, Runtime 0.621816, Loss 0.014505, forward nfe 4100, backward nfe 0, Train: 0.9844, Val: 0.8421, Test: 0.5700, Best time: 1.0000
Epoch: 258, Runtime 0.626978, Loss 0.041858, forward nfe 4116, backward nfe 0, Train: 0.9844, Val: 0.8421, Test: 0.5700, Best time: 1.0000
Epoch: 259, Runtime 0.625172, Loss 0.026926, forward nfe 4132, backward nfe 0, Train: 0.9844, Val: 0.8421, Test: 0.5700, Best time: 1.0000
Epoch: 260, Runtime 0.624404, Loss 0.069428, forward nfe 4148, backward nfe 0, Train: 0.9844, Val: 0.8421, Test: 0.5700, Best time: 1.0000
Epoch: 261, Runtime 0.626143, Loss 0.019372, forward nfe 4164, backward nfe 0, Train: 0.9844, Val: 0.8421, Test: 0.5700, Best time: 1.0000
Epoch: 262, Runtime 0.630880, Loss 0.013617, forward nfe 4180, backward nfe 0, Train: 0.9844, Val: 0.8421, Test: 0.5700, Best time: 1.0000
Epoch: 263, Runtime 0.627830, Loss 0.018028, forward nfe 4196, backward nfe 0, Train: 0.9844, Val: 0.8421, Test: 0.5700, Best time: 1.0000
Epoch: 264, Runtime 0.627723, Loss 0.006370, forward nfe 4212, backward nfe 0, Train: 0.9844, Val: 0.8421, Test: 0.5700, Best time: 1.0000
Epoch: 265, Runtime 0.633852, Loss 0.017213, forward nfe 4228, backward nfe 0, Train: 0.9844, Val: 0.8421, Test: 0.5700, Best time: 1.0000
Epoch: 266, Runtime 0.746997, Loss 0.006679, forward nfe 4244, backward nfe 0, Train: 0.9844, Val: 0.8421, Test: 0.5700, Best time: 1.0000
Epoch: 267, Runtime 0.756728, Loss 0.038872, forward nfe 4260, backward nfe 0, Train: 0.9844, Val: 0.8421, Test: 0.5700, Best time: 1.0000
Epoch: 268, Runtime 0.700066, Loss 0.014696, forward nfe 4276, backward nfe 0, Train: 0.9844, Val: 0.8421, Test: 0.5700, Best time: 1.0000
Epoch: 269, Runtime 0.705023, Loss 0.006788, forward nfe 4292, backward nfe 0, Train: 0.9844, Val: 0.8421, Test: 0.5700, Best time: 1.0000
Epoch: 270, Runtime 0.708379, Loss 0.009196, forward nfe 4308, backward nfe 0, Train: 0.9844, Val: 0.8421, Test: 0.5700, Best time: 1.0000
Epoch: 271, Runtime 0.681735, Loss 0.018006, forward nfe 4324, backward nfe 0, Train: 0.9844, Val: 0.8421, Test: 0.5700, Best time: 1.0000
Epoch: 272, Runtime 0.633094, Loss 0.027837, forward nfe 4340, backward nfe 0, Train: 0.9844, Val: 0.8421, Test: 0.5700, Best time: 1.0000
Epoch: 273, Runtime 0.638884, Loss 0.005937, forward nfe 4356, backward nfe 0, Train: 0.9844, Val: 0.8421, Test: 0.5700, Best time: 1.0000
Epoch: 274, Runtime 0.641667, Loss 0.011784, forward nfe 4372, backward nfe 0, Train: 0.9844, Val: 0.8421, Test: 0.5700, Best time: 1.0000
Epoch: 275, Runtime 0.642316, Loss 0.014170, forward nfe 4388, backward nfe 0, Train: 0.9844, Val: 0.8421, Test: 0.5700, Best time: 1.0000
Epoch: 276, Runtime 0.661742, Loss 0.014645, forward nfe 4404, backward nfe 0, Train: 0.9844, Val: 0.8421, Test: 0.5700, Best time: 1.0000
Epoch: 277, Runtime 0.647966, Loss 0.021377, forward nfe 4420, backward nfe 0, Train: 0.9844, Val: 0.8421, Test: 0.5700, Best time: 1.0000
Epoch: 278, Runtime 0.648817, Loss 0.010594, forward nfe 4436, backward nfe 0, Train: 0.9844, Val: 0.8421, Test: 0.5700, Best time: 1.0000
Epoch: 279, Runtime 0.651088, Loss 0.041691, forward nfe 4452, backward nfe 0, Train: 0.9844, Val: 0.8421, Test: 0.5700, Best time: 1.0000
Epoch: 280, Runtime 0.641207, Loss 0.021583, forward nfe 4468, backward nfe 0, Train: 0.9844, Val: 0.8421, Test: 0.5700, Best time: 1.0000
Epoch: 281, Runtime 0.643691, Loss 0.006618, forward nfe 4484, backward nfe 0, Train: 0.9844, Val: 0.8421, Test: 0.5700, Best time: 1.0000
Epoch: 282, Runtime 0.647249, Loss 0.027532, forward nfe 4500, backward nfe 0, Train: 0.9844, Val: 0.8421, Test: 0.5700, Best time: 1.0000
Epoch: 283, Runtime 0.642713, Loss 0.008674, forward nfe 4516, backward nfe 0, Train: 0.9844, Val: 0.8421, Test: 0.5700, Best time: 1.0000
Epoch: 284, Runtime 0.647287, Loss 0.009930, forward nfe 4532, backward nfe 0, Train: 0.9844, Val: 0.8421, Test: 0.5700, Best time: 1.0000
Epoch: 285, Runtime 0.645872, Loss 0.033323, forward nfe 4548, backward nfe 0, Train: 0.9844, Val: 0.8421, Test: 0.5700, Best time: 1.0000
Epoch: 286, Runtime 0.647551, Loss 0.020394, forward nfe 4564, backward nfe 0, Train: 0.9844, Val: 0.8421, Test: 0.5700, Best time: 1.0000
Epoch: 287, Runtime 0.646240, Loss 0.004254, forward nfe 4580, backward nfe 0, Train: 0.9844, Val: 0.8421, Test: 0.5700, Best time: 1.0000
Epoch: 288, Runtime 0.647134, Loss 0.018541, forward nfe 4596, backward nfe 0, Train: 0.9844, Val: 0.8421, Test: 0.5700, Best time: 1.0000
Epoch: 289, Runtime 0.650959, Loss 0.005906, forward nfe 4612, backward nfe 0, Train: 0.9844, Val: 0.8421, Test: 0.5700, Best time: 1.0000
Epoch: 290, Runtime 0.649374, Loss 0.030304, forward nfe 4628, backward nfe 0, Train: 0.9844, Val: 0.8421, Test: 0.5700, Best time: 1.0000
Epoch: 291, Runtime 0.652423, Loss 0.018000, forward nfe 4644, backward nfe 0, Train: 0.9844, Val: 0.8421, Test: 0.5700, Best time: 1.0000
Epoch: 292, Runtime 0.650971, Loss 0.053182, forward nfe 4660, backward nfe 0, Train: 0.9844, Val: 0.8421, Test: 0.5700, Best time: 1.0000
Epoch: 293, Runtime 0.653268, Loss 0.071586, forward nfe 4676, backward nfe 0, Train: 0.9844, Val: 0.8421, Test: 0.5700, Best time: 1.0000
Epoch: 294, Runtime 0.653060, Loss 0.024121, forward nfe 4692, backward nfe 0, Train: 0.9844, Val: 0.8421, Test: 0.5700, Best time: 1.0000
Epoch: 295, Runtime 0.654389, Loss 0.004092, forward nfe 4708, backward nfe 0, Train: 0.9844, Val: 0.8421, Test: 0.5700, Best time: 1.0000
Epoch: 296, Runtime 0.652080, Loss 0.023314, forward nfe 4724, backward nfe 0, Train: 0.9844, Val: 0.8421, Test: 0.5700, Best time: 1.0000
Epoch: 297, Runtime 0.652061, Loss 0.012632, forward nfe 4740, backward nfe 0, Train: 0.9844, Val: 0.8421, Test: 0.5700, Best time: 1.0000
Epoch: 298, Runtime 0.653437, Loss 0.014247, forward nfe 4756, backward nfe 0, Train: 0.9844, Val: 0.8421, Test: 0.5700, Best time: 1.0000
Epoch: 299, Runtime 0.653907, Loss 0.067994, forward nfe 4772, backward nfe 0, Train: 0.9844, Val: 0.8421, Test: 0.5700, Best time: 1.0000
best val accuracy 0.842105 with test accuracy 0.570000 at epoch 247 and best time 1.000000
best_model.odeblock.t tensor([0., 1.])
Entropy Threshold: inf Test accuracy: 0.6
Entropy Threshold: 2 Test accuracy: 0.6
Entropy Threshold: 1.6 Test accuracy: 0.6
Entropy Threshold: 1.5 Test accuracy: 0.6565656565656566
Entropy Threshold: 1.4 Test accuracy: 0.6382978723404256
Entropy Threshold: 1.3 Test accuracy: 0.6363636363636364
Entropy Threshold: 1.2 Test accuracy: 0.7222222222222222
Entropy Threshold: 1.1 Test accuracy: 0.6567164179104478
Entropy Threshold: 0.9 Test accuracy: 0.7
Entropy Threshold: 0.8 Test accuracy: 0.7297297297297297
Entropy Threshold: 0.7 Test accuracy: 0.8076923076923077
Entropy Threshold: 0.6 Test accuracy: 0.8260869565217391
Entropy Threshold: 0.5 Test accuracy: 0.9375
Entropy Threshold: 0.4 Test accuracy: 0.8823529411764706
Entropy Threshold: 0.3 Test accuracy: 0.9090909090909091
Entropy Threshold: 0.2 Test accuracy: 0.9090909090909091
Entropy Threshold: 0.1 Test accuracy: 0.8
