[KeOps] Warning : cuda was detected, but driver API could not be initialized. Switching to cpu only.
Folder already exists: results/cornell
experiment: 0
Dataset size (num_nodes): 183, Intended development set size (num_development): 1500
Dataset size (num_nodes): 183, Actual development set size (num_development): 83
rations: train 64, val 19, test 100
sigma 1.0
rtol 0.001
t1 1.0
GNSDEEarly
qy0_mean
torch.Size([1, 16])
qy0_logvar
torch.Size([1, 16])
m1.weight
torch.Size([16, 1703])
m1.bias
torch.Size([16])
m2.weight
torch.Size([5, 16])
m2.bias
torch.Size([5])
gnsde_drift_net.0.layer.weight
torch.Size([16, 17])
gnsde_drift_net.0.layer.bias
torch.Size([16])
gnsde_drift_net.1.layer.weight
torch.Size([16, 16])
gnsde_drift_net.1.layer.bias
torch.Size([16])
odeblock.odefunc.alpha_train
torch.Size([])
odeblock.odefunc.beta_train
torch.Size([])
odeblock.odefunc.alpha_sc
torch.Size([1])
odeblock.odefunc.beta_sc
torch.Size([1])
odeblock.odefunc.w
torch.Size([16, 16])
odeblock.odefunc.d
torch.Size([16])
odeblock.reg_odefunc.odefunc.alpha_train
torch.Size([])
odeblock.reg_odefunc.odefunc.beta_train
torch.Size([])
odeblock.reg_odefunc.odefunc.alpha_sc
torch.Size([1])
odeblock.reg_odefunc.odefunc.beta_sc
torch.Size([1])
odeblock.reg_odefunc.odefunc.w
torch.Size([16, 16])
odeblock.reg_odefunc.odefunc.d
torch.Size([16])
Epoch: 001, Runtime 0.914547, Loss 1.539042, forward nfe 4, backward nfe 0, Train: 0.4219, Val: 0.4737, Test: 0.2400, Best time: 1.0000
Epoch: 002, Runtime 0.840507, Loss 1.464395, forward nfe 20, backward nfe 0, Train: 0.4219, Val: 0.4737, Test: 0.2400, Best time: 1.0000
Epoch: 003, Runtime 0.969963, Loss 1.489775, forward nfe 36, backward nfe 0, Train: 0.5625, Val: 0.5789, Test: 0.3700, Best time: 1.0000
Epoch: 004, Runtime 0.807094, Loss 1.230029, forward nfe 52, backward nfe 0, Train: 0.5625, Val: 0.5789, Test: 0.3700, Best time: 1.0000
Epoch: 005, Runtime 0.892065, Loss 0.944024, forward nfe 68, backward nfe 0, Train: 0.8438, Val: 0.6316, Test: 0.5400, Best time: 1.0000
Epoch: 006, Runtime 0.742629, Loss 0.800765, forward nfe 84, backward nfe 0, Train: 0.8438, Val: 0.6316, Test: 0.5400, Best time: 1.0000
Epoch: 007, Runtime 0.877151, Loss 0.754897, forward nfe 100, backward nfe 0, Train: 0.6562, Val: 0.7368, Test: 0.4300, Best time: 1.0000
Epoch: 008, Runtime 0.749697, Loss 0.616999, forward nfe 116, backward nfe 0, Train: 0.6562, Val: 0.7368, Test: 0.4300, Best time: 1.0000
Epoch: 009, Runtime 0.750382, Loss 0.517798, forward nfe 132, backward nfe 0, Train: 0.6562, Val: 0.7368, Test: 0.4300, Best time: 1.0000
Epoch: 010, Runtime 0.754323, Loss 0.496562, forward nfe 148, backward nfe 0, Train: 0.6562, Val: 0.7368, Test: 0.4300, Best time: 1.0000
Epoch: 011, Runtime 0.752414, Loss 0.374789, forward nfe 164, backward nfe 0, Train: 0.6562, Val: 0.7368, Test: 0.4300, Best time: 1.0000
Epoch: 012, Runtime 0.764820, Loss 0.348720, forward nfe 180, backward nfe 0, Train: 0.6562, Val: 0.7368, Test: 0.4300, Best time: 1.0000
Epoch: 013, Runtime 0.750692, Loss 0.238755, forward nfe 196, backward nfe 0, Train: 0.6562, Val: 0.7368, Test: 0.4300, Best time: 1.0000
Epoch: 014, Runtime 0.767430, Loss 0.195622, forward nfe 212, backward nfe 0, Train: 0.6562, Val: 0.7368, Test: 0.4300, Best time: 1.0000
Epoch: 015, Runtime 0.782639, Loss 0.190204, forward nfe 228, backward nfe 0, Train: 0.6562, Val: 0.7368, Test: 0.4300, Best time: 1.0000
Epoch: 016, Runtime 0.767037, Loss 0.178255, forward nfe 244, backward nfe 0, Train: 0.6562, Val: 0.7368, Test: 0.4300, Best time: 1.0000
Epoch: 017, Runtime 0.787010, Loss 0.171151, forward nfe 260, backward nfe 0, Train: 0.6562, Val: 0.7368, Test: 0.4300, Best time: 1.0000
Epoch: 018, Runtime 0.804162, Loss 0.212326, forward nfe 276, backward nfe 0, Train: 0.6562, Val: 0.7368, Test: 0.4300, Best time: 1.0000
Epoch: 019, Runtime 0.769558, Loss 0.136108, forward nfe 292, backward nfe 0, Train: 0.6562, Val: 0.7368, Test: 0.4300, Best time: 1.0000
Epoch: 020, Runtime 0.761227, Loss 0.157813, forward nfe 308, backward nfe 0, Train: 0.6562, Val: 0.7368, Test: 0.4300, Best time: 1.0000
Epoch: 021, Runtime 0.760382, Loss 0.114663, forward nfe 324, backward nfe 0, Train: 0.6562, Val: 0.7368, Test: 0.4300, Best time: 1.0000
Epoch: 022, Runtime 0.778372, Loss 0.105808, forward nfe 340, backward nfe 0, Train: 0.6562, Val: 0.7368, Test: 0.4300, Best time: 1.0000
Epoch: 023, Runtime 0.758358, Loss 0.115461, forward nfe 356, backward nfe 0, Train: 0.6562, Val: 0.7368, Test: 0.4300, Best time: 1.0000
Epoch: 024, Runtime 0.765743, Loss 0.077675, forward nfe 372, backward nfe 0, Train: 0.6562, Val: 0.7368, Test: 0.4300, Best time: 1.0000
Epoch: 025, Runtime 0.793810, Loss 0.128785, forward nfe 388, backward nfe 0, Train: 0.6562, Val: 0.7368, Test: 0.4300, Best time: 1.0000
Epoch: 026, Runtime 0.772648, Loss 0.093774, forward nfe 404, backward nfe 0, Train: 0.6562, Val: 0.7368, Test: 0.4300, Best time: 1.0000
Epoch: 027, Runtime 0.768352, Loss 0.078956, forward nfe 420, backward nfe 0, Train: 0.6562, Val: 0.7368, Test: 0.4300, Best time: 1.0000
Epoch: 028, Runtime 0.767749, Loss 0.050153, forward nfe 436, backward nfe 0, Train: 0.6562, Val: 0.7368, Test: 0.4300, Best time: 1.0000
Epoch: 029, Runtime 0.777762, Loss 0.067361, forward nfe 452, backward nfe 0, Train: 0.6562, Val: 0.7368, Test: 0.4300, Best time: 1.0000
Epoch: 030, Runtime 0.771548, Loss 0.055761, forward nfe 468, backward nfe 0, Train: 0.6562, Val: 0.7368, Test: 0.4300, Best time: 1.0000
Epoch: 031, Runtime 0.784853, Loss 0.103952, forward nfe 484, backward nfe 0, Train: 0.6562, Val: 0.7368, Test: 0.4300, Best time: 1.0000
Epoch: 032, Runtime 0.802798, Loss 0.112644, forward nfe 500, backward nfe 0, Train: 0.6562, Val: 0.7368, Test: 0.4300, Best time: 1.0000
Epoch: 033, Runtime 0.786834, Loss 0.071733, forward nfe 516, backward nfe 0, Train: 0.6562, Val: 0.7368, Test: 0.4300, Best time: 1.0000
Epoch: 034, Runtime 0.799816, Loss 0.070537, forward nfe 532, backward nfe 0, Train: 0.6562, Val: 0.7368, Test: 0.4300, Best time: 1.0000
Epoch: 035, Runtime 0.796615, Loss 0.046325, forward nfe 548, backward nfe 0, Train: 0.6562, Val: 0.7368, Test: 0.4300, Best time: 1.0000
Epoch: 036, Runtime 0.791191, Loss 0.049251, forward nfe 564, backward nfe 0, Train: 0.6562, Val: 0.7368, Test: 0.4300, Best time: 1.0000
Epoch: 037, Runtime 0.802630, Loss 0.053010, forward nfe 580, backward nfe 0, Train: 0.6562, Val: 0.7368, Test: 0.4300, Best time: 1.0000
Epoch: 038, Runtime 0.804461, Loss 0.072175, forward nfe 596, backward nfe 0, Train: 0.6562, Val: 0.7368, Test: 0.4300, Best time: 1.0000
Epoch: 039, Runtime 0.793238, Loss 0.021935, forward nfe 612, backward nfe 0, Train: 0.6562, Val: 0.7368, Test: 0.4300, Best time: 1.0000
Epoch: 040, Runtime 0.796481, Loss 0.049507, forward nfe 628, backward nfe 0, Train: 0.6562, Val: 0.7368, Test: 0.4300, Best time: 1.0000
Epoch: 041, Runtime 0.812178, Loss 0.078256, forward nfe 644, backward nfe 0, Train: 0.6562, Val: 0.7368, Test: 0.4300, Best time: 1.0000
Epoch: 042, Runtime 0.799130, Loss 0.048030, forward nfe 660, backward nfe 0, Train: 0.6562, Val: 0.7368, Test: 0.4300, Best time: 1.0000
Epoch: 043, Runtime 0.801720, Loss 0.025588, forward nfe 676, backward nfe 0, Train: 0.6562, Val: 0.7368, Test: 0.4300, Best time: 1.0000
Epoch: 044, Runtime 0.797851, Loss 0.069740, forward nfe 692, backward nfe 0, Train: 0.6562, Val: 0.7368, Test: 0.4300, Best time: 1.0000
Epoch: 045, Runtime 0.802989, Loss 0.122857, forward nfe 708, backward nfe 0, Train: 0.6562, Val: 0.7368, Test: 0.4300, Best time: 1.0000
Epoch: 046, Runtime 0.802589, Loss 0.042257, forward nfe 724, backward nfe 0, Train: 0.6562, Val: 0.7368, Test: 0.4300, Best time: 1.0000
Epoch: 047, Runtime 0.796987, Loss 0.069987, forward nfe 740, backward nfe 0, Train: 0.6562, Val: 0.7368, Test: 0.4300, Best time: 1.0000
Epoch: 048, Runtime 0.867391, Loss 0.042621, forward nfe 756, backward nfe 0, Train: 0.6562, Val: 0.7368, Test: 0.4300, Best time: 1.0000
Epoch: 049, Runtime 0.882221, Loss 0.026371, forward nfe 772, backward nfe 0, Train: 0.6562, Val: 0.7368, Test: 0.4300, Best time: 1.0000
Epoch: 050, Runtime 0.885941, Loss 0.047925, forward nfe 788, backward nfe 0, Train: 0.6562, Val: 0.7368, Test: 0.4300, Best time: 1.0000
Epoch: 051, Runtime 0.886812, Loss 0.027535, forward nfe 804, backward nfe 0, Train: 0.6562, Val: 0.7368, Test: 0.4300, Best time: 1.0000
Epoch: 052, Runtime 0.852449, Loss 0.035930, forward nfe 820, backward nfe 0, Train: 0.6562, Val: 0.7368, Test: 0.4300, Best time: 1.0000
Epoch: 053, Runtime 0.831391, Loss 0.059437, forward nfe 836, backward nfe 0, Train: 0.6562, Val: 0.7368, Test: 0.4300, Best time: 1.0000
Epoch: 054, Runtime 0.830716, Loss 0.029406, forward nfe 852, backward nfe 0, Train: 0.6562, Val: 0.7368, Test: 0.4300, Best time: 1.0000
Epoch: 055, Runtime 0.813783, Loss 0.065993, forward nfe 868, backward nfe 0, Train: 0.6562, Val: 0.7368, Test: 0.4300, Best time: 1.0000
Epoch: 056, Runtime 0.820353, Loss 0.025817, forward nfe 884, backward nfe 0, Train: 0.6562, Val: 0.7368, Test: 0.4300, Best time: 1.0000
Epoch: 057, Runtime 0.822465, Loss 0.119168, forward nfe 900, backward nfe 0, Train: 0.6562, Val: 0.7368, Test: 0.4300, Best time: 1.0000
Epoch: 058, Runtime 0.816164, Loss 0.066435, forward nfe 916, backward nfe 0, Train: 0.6562, Val: 0.7368, Test: 0.4300, Best time: 1.0000
Epoch: 059, Runtime 0.823314, Loss 0.027689, forward nfe 932, backward nfe 0, Train: 0.6562, Val: 0.7368, Test: 0.4300, Best time: 1.0000
Epoch: 060, Runtime 0.836504, Loss 0.024508, forward nfe 948, backward nfe 0, Train: 0.6562, Val: 0.7368, Test: 0.4300, Best time: 1.0000
Epoch: 061, Runtime 0.814856, Loss 0.023164, forward nfe 964, backward nfe 0, Train: 0.6562, Val: 0.7368, Test: 0.4300, Best time: 1.0000
Epoch: 062, Runtime 0.824381, Loss 0.064262, forward nfe 980, backward nfe 0, Train: 0.6562, Val: 0.7368, Test: 0.4300, Best time: 1.0000
Epoch: 063, Runtime 0.826268, Loss 0.024423, forward nfe 996, backward nfe 0, Train: 0.6562, Val: 0.7368, Test: 0.4300, Best time: 1.0000
Epoch: 064, Runtime 0.823517, Loss 0.021870, forward nfe 1012, backward nfe 0, Train: 0.6562, Val: 0.7368, Test: 0.4300, Best time: 1.0000
Epoch: 065, Runtime 0.850380, Loss 0.030744, forward nfe 1028, backward nfe 0, Train: 0.6562, Val: 0.7368, Test: 0.4300, Best time: 1.0000
Epoch: 066, Runtime 0.829101, Loss 0.044366, forward nfe 1044, backward nfe 0, Train: 0.6562, Val: 0.7368, Test: 0.4300, Best time: 1.0000
Epoch: 067, Runtime 0.826126, Loss 0.028320, forward nfe 1060, backward nfe 0, Train: 0.6562, Val: 0.7368, Test: 0.4300, Best time: 1.0000
Epoch: 068, Runtime 0.838586, Loss 0.034580, forward nfe 1076, backward nfe 0, Train: 0.6562, Val: 0.7368, Test: 0.4300, Best time: 1.0000
Epoch: 069, Runtime 0.824852, Loss 0.060814, forward nfe 1092, backward nfe 0, Train: 0.6562, Val: 0.7368, Test: 0.4300, Best time: 1.0000
Epoch: 070, Runtime 0.852350, Loss 0.031097, forward nfe 1108, backward nfe 0, Train: 0.6562, Val: 0.7368, Test: 0.4300, Best time: 1.0000
Epoch: 071, Runtime 0.836976, Loss 0.095575, forward nfe 1124, backward nfe 0, Train: 0.6562, Val: 0.7368, Test: 0.4300, Best time: 1.0000
Epoch: 072, Runtime 0.839344, Loss 0.085583, forward nfe 1140, backward nfe 0, Train: 0.6562, Val: 0.7368, Test: 0.4300, Best time: 1.0000
Epoch: 073, Runtime 0.816201, Loss 0.029235, forward nfe 1156, backward nfe 0, Train: 0.6562, Val: 0.7368, Test: 0.4300, Best time: 1.0000
Epoch: 074, Runtime 0.811776, Loss 0.062920, forward nfe 1172, backward nfe 0, Train: 0.6562, Val: 0.7368, Test: 0.4300, Best time: 1.0000
Epoch: 075, Runtime 0.840560, Loss 0.069765, forward nfe 1188, backward nfe 0, Train: 0.6562, Val: 0.7368, Test: 0.4300, Best time: 1.0000
Epoch: 076, Runtime 0.853235, Loss 0.047790, forward nfe 1204, backward nfe 0, Train: 0.6562, Val: 0.7368, Test: 0.4300, Best time: 1.0000
Epoch: 077, Runtime 0.848868, Loss 0.033105, forward nfe 1220, backward nfe 0, Train: 0.6562, Val: 0.7368, Test: 0.4300, Best time: 1.0000
Epoch: 078, Runtime 0.830002, Loss 0.021614, forward nfe 1236, backward nfe 0, Train: 0.6562, Val: 0.7368, Test: 0.4300, Best time: 1.0000
Epoch: 079, Runtime 0.905789, Loss 0.025888, forward nfe 1252, backward nfe 0, Train: 0.6562, Val: 0.7368, Test: 0.4300, Best time: 1.0000
Epoch: 080, Runtime 0.894224, Loss 0.120982, forward nfe 1268, backward nfe 0, Train: 0.6562, Val: 0.7368, Test: 0.4300, Best time: 1.0000
Epoch: 081, Runtime 0.859926, Loss 0.031678, forward nfe 1284, backward nfe 0, Train: 0.6562, Val: 0.7368, Test: 0.4300, Best time: 1.0000
Epoch: 082, Runtime 0.879664, Loss 0.025798, forward nfe 1300, backward nfe 0, Train: 0.6562, Val: 0.7368, Test: 0.4300, Best time: 1.0000
Epoch: 083, Runtime 0.840311, Loss 0.037170, forward nfe 1316, backward nfe 0, Train: 0.6562, Val: 0.7368, Test: 0.4300, Best time: 1.0000
Epoch: 084, Runtime 0.839853, Loss 0.027033, forward nfe 1332, backward nfe 0, Train: 0.6562, Val: 0.7368, Test: 0.4300, Best time: 1.0000
Epoch: 085, Runtime 0.845035, Loss 0.021357, forward nfe 1348, backward nfe 0, Train: 0.6562, Val: 0.7368, Test: 0.4300, Best time: 1.0000
Epoch: 086, Runtime 0.805388, Loss 0.021195, forward nfe 1364, backward nfe 0, Train: 0.6562, Val: 0.7368, Test: 0.4300, Best time: 1.0000
Epoch: 087, Runtime 0.841187, Loss 0.052657, forward nfe 1380, backward nfe 0, Train: 0.6562, Val: 0.7368, Test: 0.4300, Best time: 1.0000
Epoch: 088, Runtime 0.842839, Loss 0.042181, forward nfe 1396, backward nfe 0, Train: 0.6562, Val: 0.7368, Test: 0.4300, Best time: 1.0000
Epoch: 089, Runtime 0.850575, Loss 0.030554, forward nfe 1412, backward nfe 0, Train: 0.6562, Val: 0.7368, Test: 0.4300, Best time: 1.0000
Epoch: 090, Runtime 0.853079, Loss 0.022439, forward nfe 1428, backward nfe 0, Train: 0.6562, Val: 0.7368, Test: 0.4300, Best time: 1.0000
Epoch: 091, Runtime 0.817245, Loss 0.018777, forward nfe 1444, backward nfe 0, Train: 0.6562, Val: 0.7368, Test: 0.4300, Best time: 1.0000
Epoch: 092, Runtime 0.809648, Loss 0.021694, forward nfe 1460, backward nfe 0, Train: 0.6562, Val: 0.7368, Test: 0.4300, Best time: 1.0000
Epoch: 093, Runtime 0.836585, Loss 0.053827, forward nfe 1476, backward nfe 0, Train: 0.6562, Val: 0.7368, Test: 0.4300, Best time: 1.0000
Epoch: 094, Runtime 0.844524, Loss 0.028431, forward nfe 1492, backward nfe 0, Train: 0.6562, Val: 0.7368, Test: 0.4300, Best time: 1.0000
Epoch: 095, Runtime 0.834428, Loss 0.040031, forward nfe 1508, backward nfe 0, Train: 0.6562, Val: 0.7368, Test: 0.4300, Best time: 1.0000
Epoch: 096, Runtime 0.839746, Loss 0.024814, forward nfe 1524, backward nfe 0, Train: 0.6562, Val: 0.7368, Test: 0.4300, Best time: 1.0000
Epoch: 097, Runtime 0.840337, Loss 0.101746, forward nfe 1540, backward nfe 0, Train: 0.6562, Val: 0.7368, Test: 0.4300, Best time: 1.0000
Epoch: 098, Runtime 0.830749, Loss 0.022961, forward nfe 1556, backward nfe 0, Train: 0.6562, Val: 0.7368, Test: 0.4300, Best time: 1.0000
Epoch: 099, Runtime 0.840863, Loss 0.065092, forward nfe 1572, backward nfe 0, Train: 0.6562, Val: 0.7368, Test: 0.4300, Best time: 1.0000
Epoch: 100, Runtime 0.841942, Loss 0.071145, forward nfe 1588, backward nfe 0, Train: 0.6562, Val: 0.7368, Test: 0.4300, Best time: 1.0000
Epoch: 101, Runtime 0.829843, Loss 0.021916, forward nfe 1604, backward nfe 0, Train: 0.6562, Val: 0.7368, Test: 0.4300, Best time: 1.0000
Epoch: 102, Runtime 0.834658, Loss 0.017793, forward nfe 1620, backward nfe 0, Train: 0.6562, Val: 0.7368, Test: 0.4300, Best time: 1.0000
Epoch: 103, Runtime 0.847004, Loss 0.043034, forward nfe 1636, backward nfe 0, Train: 0.6562, Val: 0.7368, Test: 0.4300, Best time: 1.0000
Epoch: 104, Runtime 0.830827, Loss 0.024002, forward nfe 1652, backward nfe 0, Train: 0.6562, Val: 0.7368, Test: 0.4300, Best time: 1.0000
Epoch: 105, Runtime 0.830306, Loss 0.013980, forward nfe 1668, backward nfe 0, Train: 0.6562, Val: 0.7368, Test: 0.4300, Best time: 1.0000
Epoch: 106, Runtime 0.830694, Loss 0.021503, forward nfe 1684, backward nfe 0, Train: 0.6562, Val: 0.7368, Test: 0.4300, Best time: 1.0000
Epoch: 107, Runtime 0.836188, Loss 0.019935, forward nfe 1700, backward nfe 0, Train: 0.6562, Val: 0.7368, Test: 0.4300, Best time: 1.0000
Epoch: 108, Runtime 0.829071, Loss 0.036645, forward nfe 1716, backward nfe 0, Train: 0.6562, Val: 0.7368, Test: 0.4300, Best time: 1.0000
Epoch: 109, Runtime 0.892399, Loss 0.026098, forward nfe 1732, backward nfe 0, Train: 0.6562, Val: 0.7368, Test: 0.4300, Best time: 1.0000
Epoch: 110, Runtime 0.848461, Loss 0.058844, forward nfe 1748, backward nfe 0, Train: 0.6562, Val: 0.7368, Test: 0.4300, Best time: 1.0000
Epoch: 111, Runtime 0.831009, Loss 0.027399, forward nfe 1764, backward nfe 0, Train: 0.6562, Val: 0.7368, Test: 0.4300, Best time: 1.0000
Epoch: 112, Runtime 0.827826, Loss 0.031572, forward nfe 1780, backward nfe 0, Train: 0.6562, Val: 0.7368, Test: 0.4300, Best time: 1.0000
Epoch: 113, Runtime 0.836193, Loss 0.027839, forward nfe 1796, backward nfe 0, Train: 0.6562, Val: 0.7368, Test: 0.4300, Best time: 1.0000
Epoch: 114, Runtime 0.824614, Loss 0.026659, forward nfe 1812, backward nfe 0, Train: 0.6562, Val: 0.7368, Test: 0.4300, Best time: 1.0000
Epoch: 115, Runtime 0.835760, Loss 0.013878, forward nfe 1828, backward nfe 0, Train: 0.6562, Val: 0.7368, Test: 0.4300, Best time: 1.0000
Epoch: 116, Runtime 0.834352, Loss 0.024058, forward nfe 1844, backward nfe 0, Train: 0.6562, Val: 0.7368, Test: 0.4300, Best time: 1.0000
Epoch: 117, Runtime 0.825346, Loss 0.014584, forward nfe 1860, backward nfe 0, Train: 0.6562, Val: 0.7368, Test: 0.4300, Best time: 1.0000
Epoch: 118, Runtime 0.829466, Loss 0.046612, forward nfe 1876, backward nfe 0, Train: 0.6562, Val: 0.7368, Test: 0.4300, Best time: 1.0000
Epoch: 119, Runtime 0.958066, Loss 0.014426, forward nfe 1892, backward nfe 0, Train: 1.0000, Val: 0.7895, Test: 0.6300, Best time: 1.0000
Epoch: 120, Runtime 0.779501, Loss 0.066115, forward nfe 1908, backward nfe 0, Train: 1.0000, Val: 0.7895, Test: 0.6300, Best time: 1.0000
Epoch: 121, Runtime 0.803956, Loss 0.019675, forward nfe 1924, backward nfe 0, Train: 1.0000, Val: 0.7895, Test: 0.6300, Best time: 1.0000
Epoch: 122, Runtime 0.811894, Loss 0.020689, forward nfe 1940, backward nfe 0, Train: 1.0000, Val: 0.7895, Test: 0.6300, Best time: 1.0000
Epoch: 123, Runtime 0.787355, Loss 0.044219, forward nfe 1956, backward nfe 0, Train: 1.0000, Val: 0.7895, Test: 0.6300, Best time: 1.0000
Epoch: 124, Runtime 0.789617, Loss 0.014941, forward nfe 1972, backward nfe 0, Train: 1.0000, Val: 0.7895, Test: 0.6300, Best time: 1.0000
Epoch: 125, Runtime 0.801815, Loss 0.021687, forward nfe 1988, backward nfe 0, Train: 1.0000, Val: 0.7895, Test: 0.6300, Best time: 1.0000
Epoch: 126, Runtime 0.817127, Loss 0.051891, forward nfe 2004, backward nfe 0, Train: 1.0000, Val: 0.7895, Test: 0.6300, Best time: 1.0000
Epoch: 127, Runtime 0.796243, Loss 0.023460, forward nfe 2020, backward nfe 0, Train: 1.0000, Val: 0.7895, Test: 0.6300, Best time: 1.0000
Epoch: 128, Runtime 0.811652, Loss 0.026752, forward nfe 2036, backward nfe 0, Train: 1.0000, Val: 0.7895, Test: 0.6300, Best time: 1.0000
Epoch: 129, Runtime 0.795452, Loss 0.069940, forward nfe 2052, backward nfe 0, Train: 1.0000, Val: 0.7895, Test: 0.6300, Best time: 1.0000
Epoch: 130, Runtime 0.799868, Loss 0.037578, forward nfe 2068, backward nfe 0, Train: 1.0000, Val: 0.7895, Test: 0.6300, Best time: 1.0000
Epoch: 131, Runtime 0.803208, Loss 0.064411, forward nfe 2084, backward nfe 0, Train: 1.0000, Val: 0.7895, Test: 0.6300, Best time: 1.0000
Epoch: 132, Runtime 0.865604, Loss 0.023113, forward nfe 2100, backward nfe 0, Train: 1.0000, Val: 0.7895, Test: 0.6300, Best time: 1.0000
Epoch: 133, Runtime 0.841428, Loss 0.032706, forward nfe 2116, backward nfe 0, Train: 1.0000, Val: 0.7895, Test: 0.6300, Best time: 1.0000
Epoch: 134, Runtime 0.828012, Loss 0.053322, forward nfe 2132, backward nfe 0, Train: 1.0000, Val: 0.7895, Test: 0.6300, Best time: 1.0000
Epoch: 135, Runtime 0.826324, Loss 0.038365, forward nfe 2148, backward nfe 0, Train: 1.0000, Val: 0.7895, Test: 0.6300, Best time: 1.0000
Epoch: 136, Runtime 0.816526, Loss 0.023297, forward nfe 2164, backward nfe 0, Train: 1.0000, Val: 0.7895, Test: 0.6300, Best time: 1.0000
Epoch: 137, Runtime 0.808295, Loss 0.027854, forward nfe 2180, backward nfe 0, Train: 1.0000, Val: 0.7895, Test: 0.6300, Best time: 1.0000
Epoch: 138, Runtime 0.814450, Loss 0.023174, forward nfe 2196, backward nfe 0, Train: 1.0000, Val: 0.7895, Test: 0.6300, Best time: 1.0000
Epoch: 139, Runtime 0.829463, Loss 0.040984, forward nfe 2212, backward nfe 0, Train: 1.0000, Val: 0.7895, Test: 0.6300, Best time: 1.0000
Epoch: 140, Runtime 0.833025, Loss 0.015774, forward nfe 2228, backward nfe 0, Train: 1.0000, Val: 0.7895, Test: 0.6300, Best time: 1.0000
Epoch: 141, Runtime 0.826892, Loss 0.020938, forward nfe 2244, backward nfe 0, Train: 1.0000, Val: 0.7895, Test: 0.6300, Best time: 1.0000
Epoch: 142, Runtime 0.807207, Loss 0.055728, forward nfe 2260, backward nfe 0, Train: 1.0000, Val: 0.7895, Test: 0.6300, Best time: 1.0000
Epoch: 143, Runtime 0.811430, Loss 0.050082, forward nfe 2276, backward nfe 0, Train: 1.0000, Val: 0.7895, Test: 0.6300, Best time: 1.0000
Epoch: 144, Runtime 0.815089, Loss 0.045333, forward nfe 2292, backward nfe 0, Train: 1.0000, Val: 0.7895, Test: 0.6300, Best time: 1.0000
Epoch: 145, Runtime 0.813413, Loss 0.005295, forward nfe 2308, backward nfe 0, Train: 1.0000, Val: 0.7895, Test: 0.6300, Best time: 1.0000
Epoch: 146, Runtime 0.815140, Loss 0.066366, forward nfe 2324, backward nfe 0, Train: 1.0000, Val: 0.7895, Test: 0.6300, Best time: 1.0000
Epoch: 147, Runtime 0.849426, Loss 0.032712, forward nfe 2340, backward nfe 0, Train: 1.0000, Val: 0.7895, Test: 0.6300, Best time: 1.0000
Epoch: 148, Runtime 0.814969, Loss 0.016673, forward nfe 2356, backward nfe 0, Train: 1.0000, Val: 0.7895, Test: 0.6300, Best time: 1.0000
Epoch: 149, Runtime 0.817298, Loss 0.029485, forward nfe 2372, backward nfe 0, Train: 1.0000, Val: 0.7895, Test: 0.6300, Best time: 1.0000
Epoch: 150, Runtime 0.824979, Loss 0.013415, forward nfe 2388, backward nfe 0, Train: 1.0000, Val: 0.7895, Test: 0.6300, Best time: 1.0000
Epoch: 151, Runtime 0.821196, Loss 0.013728, forward nfe 2404, backward nfe 0, Train: 1.0000, Val: 0.7895, Test: 0.6300, Best time: 1.0000
Epoch: 152, Runtime 0.820309, Loss 0.060216, forward nfe 2420, backward nfe 0, Train: 1.0000, Val: 0.7895, Test: 0.6300, Best time: 1.0000
Epoch: 153, Runtime 0.840805, Loss 0.067728, forward nfe 2436, backward nfe 0, Train: 1.0000, Val: 0.7895, Test: 0.6300, Best time: 1.0000
Epoch: 154, Runtime 0.824401, Loss 0.058023, forward nfe 2452, backward nfe 0, Train: 1.0000, Val: 0.7895, Test: 0.6300, Best time: 1.0000
Epoch: 155, Runtime 0.822859, Loss 0.023762, forward nfe 2468, backward nfe 0, Train: 1.0000, Val: 0.7895, Test: 0.6300, Best time: 1.0000
Epoch: 156, Runtime 0.833112, Loss 0.014912, forward nfe 2484, backward nfe 0, Train: 1.0000, Val: 0.7895, Test: 0.6300, Best time: 1.0000
Epoch: 157, Runtime 0.826211, Loss 0.017494, forward nfe 2500, backward nfe 0, Train: 1.0000, Val: 0.7895, Test: 0.6300, Best time: 1.0000
Epoch: 158, Runtime 0.826475, Loss 0.017637, forward nfe 2516, backward nfe 0, Train: 1.0000, Val: 0.7895, Test: 0.6300, Best time: 1.0000
Epoch: 159, Runtime 0.831826, Loss 0.013049, forward nfe 2532, backward nfe 0, Train: 1.0000, Val: 0.7895, Test: 0.6300, Best time: 1.0000
Epoch: 160, Runtime 0.826492, Loss 0.018319, forward nfe 2548, backward nfe 0, Train: 1.0000, Val: 0.7895, Test: 0.6300, Best time: 1.0000
Epoch: 161, Runtime 0.822937, Loss 0.024842, forward nfe 2564, backward nfe 0, Train: 1.0000, Val: 0.7895, Test: 0.6300, Best time: 1.0000
Epoch: 162, Runtime 0.848404, Loss 0.026453, forward nfe 2580, backward nfe 0, Train: 1.0000, Val: 0.7895, Test: 0.6300, Best time: 1.0000
Epoch: 163, Runtime 0.848600, Loss 0.026196, forward nfe 2596, backward nfe 0, Train: 1.0000, Val: 0.7895, Test: 0.6300, Best time: 1.0000
Epoch: 164, Runtime 0.840224, Loss 0.014223, forward nfe 2612, backward nfe 0, Train: 1.0000, Val: 0.7895, Test: 0.6300, Best time: 1.0000
Epoch: 165, Runtime 0.846923, Loss 0.042478, forward nfe 2628, backward nfe 0, Train: 1.0000, Val: 0.7895, Test: 0.6300, Best time: 1.0000
Epoch: 166, Runtime 0.870601, Loss 0.058209, forward nfe 2644, backward nfe 0, Train: 1.0000, Val: 0.7895, Test: 0.6300, Best time: 1.0000
Epoch: 167, Runtime 0.838573, Loss 0.012988, forward nfe 2660, backward nfe 0, Train: 1.0000, Val: 0.7895, Test: 0.6300, Best time: 1.0000
Epoch: 168, Runtime 0.841608, Loss 0.023657, forward nfe 2676, backward nfe 0, Train: 1.0000, Val: 0.7895, Test: 0.6300, Best time: 1.0000
Epoch: 169, Runtime 0.856370, Loss 0.013195, forward nfe 2692, backward nfe 0, Train: 1.0000, Val: 0.7895, Test: 0.6300, Best time: 1.0000
Epoch: 170, Runtime 0.901988, Loss 0.048595, forward nfe 2708, backward nfe 0, Train: 1.0000, Val: 0.7895, Test: 0.6300, Best time: 1.0000
Epoch: 171, Runtime 0.879357, Loss 0.023288, forward nfe 2724, backward nfe 0, Train: 1.0000, Val: 0.7895, Test: 0.6300, Best time: 1.0000
Epoch: 172, Runtime 0.866058, Loss 0.029236, forward nfe 2740, backward nfe 0, Train: 1.0000, Val: 0.7895, Test: 0.6300, Best time: 1.0000
Epoch: 173, Runtime 0.837137, Loss 0.022188, forward nfe 2756, backward nfe 0, Train: 1.0000, Val: 0.7895, Test: 0.6300, Best time: 1.0000
Epoch: 174, Runtime 0.852054, Loss 0.028734, forward nfe 2772, backward nfe 0, Train: 1.0000, Val: 0.7895, Test: 0.6300, Best time: 1.0000
Epoch: 175, Runtime 0.868937, Loss 0.059703, forward nfe 2788, backward nfe 0, Train: 1.0000, Val: 0.7895, Test: 0.6300, Best time: 1.0000
Epoch: 176, Runtime 0.836337, Loss 0.024318, forward nfe 2804, backward nfe 0, Train: 1.0000, Val: 0.7895, Test: 0.6300, Best time: 1.0000
Epoch: 177, Runtime 0.846183, Loss 0.017614, forward nfe 2820, backward nfe 0, Train: 1.0000, Val: 0.7895, Test: 0.6300, Best time: 1.0000
Epoch: 178, Runtime 0.850512, Loss 0.029996, forward nfe 2836, backward nfe 0, Train: 1.0000, Val: 0.7895, Test: 0.6300, Best time: 1.0000
Epoch: 179, Runtime 0.839312, Loss 0.023629, forward nfe 2852, backward nfe 0, Train: 1.0000, Val: 0.7895, Test: 0.6300, Best time: 1.0000
Epoch: 180, Runtime 0.837710, Loss 0.034344, forward nfe 2868, backward nfe 0, Train: 1.0000, Val: 0.7895, Test: 0.6300, Best time: 1.0000
Epoch: 181, Runtime 0.872340, Loss 0.037543, forward nfe 2884, backward nfe 0, Train: 1.0000, Val: 0.7895, Test: 0.6300, Best time: 1.0000
Epoch: 182, Runtime 0.839909, Loss 0.030358, forward nfe 2900, backward nfe 0, Train: 1.0000, Val: 0.7895, Test: 0.6300, Best time: 1.0000
Epoch: 183, Runtime 0.842502, Loss 0.017630, forward nfe 2916, backward nfe 0, Train: 1.0000, Val: 0.7895, Test: 0.6300, Best time: 1.0000
Epoch: 184, Runtime 0.871704, Loss 0.009556, forward nfe 2932, backward nfe 0, Train: 1.0000, Val: 0.7895, Test: 0.6300, Best time: 1.0000
Epoch: 185, Runtime 0.858521, Loss 0.012021, forward nfe 2948, backward nfe 0, Train: 1.0000, Val: 0.7895, Test: 0.6300, Best time: 1.0000
Epoch: 186, Runtime 0.851130, Loss 0.011812, forward nfe 2964, backward nfe 0, Train: 1.0000, Val: 0.7895, Test: 0.6300, Best time: 1.0000
Epoch: 187, Runtime 0.853725, Loss 0.010076, forward nfe 2980, backward nfe 0, Train: 1.0000, Val: 0.7895, Test: 0.6300, Best time: 1.0000
Epoch: 188, Runtime 0.847638, Loss 0.027899, forward nfe 2996, backward nfe 0, Train: 1.0000, Val: 0.7895, Test: 0.6300, Best time: 1.0000
Epoch: 189, Runtime 0.850502, Loss 0.036374, forward nfe 3012, backward nfe 0, Train: 1.0000, Val: 0.7895, Test: 0.6300, Best time: 1.0000
Epoch: 190, Runtime 0.871490, Loss 0.025729, forward nfe 3028, backward nfe 0, Train: 1.0000, Val: 0.7895, Test: 0.6300, Best time: 1.0000
Epoch: 191, Runtime 0.849327, Loss 0.023686, forward nfe 3044, backward nfe 0, Train: 1.0000, Val: 0.7895, Test: 0.6300, Best time: 1.0000
Epoch: 192, Runtime 0.845762, Loss 0.015814, forward nfe 3060, backward nfe 0, Train: 1.0000, Val: 0.7895, Test: 0.6300, Best time: 1.0000
Epoch: 193, Runtime 0.862787, Loss 0.023597, forward nfe 3076, backward nfe 0, Train: 1.0000, Val: 0.7895, Test: 0.6300, Best time: 1.0000
Epoch: 194, Runtime 0.843158, Loss 0.024165, forward nfe 3092, backward nfe 0, Train: 1.0000, Val: 0.7895, Test: 0.6300, Best time: 1.0000
Epoch: 195, Runtime 0.848702, Loss 0.025947, forward nfe 3108, backward nfe 0, Train: 1.0000, Val: 0.7895, Test: 0.6300, Best time: 1.0000
Epoch: 196, Runtime 0.841153, Loss 0.018512, forward nfe 3124, backward nfe 0, Train: 1.0000, Val: 0.7895, Test: 0.6300, Best time: 1.0000
Epoch: 197, Runtime 0.868398, Loss 0.015369, forward nfe 3140, backward nfe 0, Train: 1.0000, Val: 0.7895, Test: 0.6300, Best time: 1.0000
Epoch: 198, Runtime 0.863676, Loss 0.006360, forward nfe 3156, backward nfe 0, Train: 1.0000, Val: 0.7895, Test: 0.6300, Best time: 1.0000
Epoch: 199, Runtime 0.908540, Loss 0.050870, forward nfe 3172, backward nfe 0, Train: 1.0000, Val: 0.7895, Test: 0.6300, Best time: 1.0000
Epoch: 200, Runtime 0.910292, Loss 0.027692, forward nfe 3188, backward nfe 0, Train: 1.0000, Val: 0.7895, Test: 0.6300, Best time: 1.0000
Epoch: 201, Runtime 0.913064, Loss 0.015196, forward nfe 3204, backward nfe 0, Train: 1.0000, Val: 0.7895, Test: 0.6300, Best time: 1.0000
Epoch: 202, Runtime 0.892841, Loss 0.027634, forward nfe 3220, backward nfe 0, Train: 1.0000, Val: 0.7895, Test: 0.6300, Best time: 1.0000
Epoch: 203, Runtime 0.859563, Loss 0.012446, forward nfe 3236, backward nfe 0, Train: 1.0000, Val: 0.7895, Test: 0.6300, Best time: 1.0000
Epoch: 204, Runtime 0.839645, Loss 0.040003, forward nfe 3252, backward nfe 0, Train: 1.0000, Val: 0.7895, Test: 0.6300, Best time: 1.0000
Epoch: 205, Runtime 0.845914, Loss 0.029828, forward nfe 3268, backward nfe 0, Train: 1.0000, Val: 0.7895, Test: 0.6300, Best time: 1.0000
Epoch: 206, Runtime 0.843459, Loss 0.013212, forward nfe 3284, backward nfe 0, Train: 1.0000, Val: 0.7895, Test: 0.6300, Best time: 1.0000
Epoch: 207, Runtime 0.841900, Loss 0.028784, forward nfe 3300, backward nfe 0, Train: 1.0000, Val: 0.7895, Test: 0.6300, Best time: 1.0000
Epoch: 208, Runtime 0.862154, Loss 0.021024, forward nfe 3316, backward nfe 0, Train: 1.0000, Val: 0.7895, Test: 0.6300, Best time: 1.0000
Epoch: 209, Runtime 0.846347, Loss 0.026355, forward nfe 3332, backward nfe 0, Train: 1.0000, Val: 0.7895, Test: 0.6300, Best time: 1.0000
Epoch: 210, Runtime 0.842075, Loss 0.028641, forward nfe 3348, backward nfe 0, Train: 1.0000, Val: 0.7895, Test: 0.6300, Best time: 1.0000
Epoch: 211, Runtime 0.845595, Loss 0.013159, forward nfe 3364, backward nfe 0, Train: 1.0000, Val: 0.7895, Test: 0.6300, Best time: 1.0000
Epoch: 212, Runtime 0.853431, Loss 0.012617, forward nfe 3380, backward nfe 0, Train: 1.0000, Val: 0.7895, Test: 0.6300, Best time: 1.0000
Epoch: 213, Runtime 0.831038, Loss 0.037106, forward nfe 3396, backward nfe 0, Train: 1.0000, Val: 0.7895, Test: 0.6300, Best time: 1.0000
Epoch: 214, Runtime 0.840564, Loss 0.026830, forward nfe 3412, backward nfe 0, Train: 1.0000, Val: 0.7895, Test: 0.6300, Best time: 1.0000
Epoch: 215, Runtime 0.831506, Loss 0.004977, forward nfe 3428, backward nfe 0, Train: 1.0000, Val: 0.7895, Test: 0.6300, Best time: 1.0000
Epoch: 216, Runtime 0.829753, Loss 0.005952, forward nfe 3444, backward nfe 0, Train: 1.0000, Val: 0.7895, Test: 0.6300, Best time: 1.0000
Epoch: 217, Runtime 0.837589, Loss 0.048453, forward nfe 3460, backward nfe 0, Train: 1.0000, Val: 0.7895, Test: 0.6300, Best time: 1.0000
Epoch: 218, Runtime 0.845217, Loss 0.008527, forward nfe 3476, backward nfe 0, Train: 1.0000, Val: 0.7895, Test: 0.6300, Best time: 1.0000
Epoch: 219, Runtime 0.827402, Loss 0.022656, forward nfe 3492, backward nfe 0, Train: 1.0000, Val: 0.7895, Test: 0.6300, Best time: 1.0000
Epoch: 220, Runtime 0.830758, Loss 0.025442, forward nfe 3508, backward nfe 0, Train: 1.0000, Val: 0.7895, Test: 0.6300, Best time: 1.0000
Epoch: 221, Runtime 0.832502, Loss 0.029537, forward nfe 3524, backward nfe 0, Train: 1.0000, Val: 0.7895, Test: 0.6300, Best time: 1.0000
Epoch: 222, Runtime 0.825577, Loss 0.013582, forward nfe 3540, backward nfe 0, Train: 1.0000, Val: 0.7895, Test: 0.6300, Best time: 1.0000
Epoch: 223, Runtime 0.833328, Loss 0.008703, forward nfe 3556, backward nfe 0, Train: 1.0000, Val: 0.7895, Test: 0.6300, Best time: 1.0000
Epoch: 224, Runtime 0.832158, Loss 0.011991, forward nfe 3572, backward nfe 0, Train: 1.0000, Val: 0.7895, Test: 0.6300, Best time: 1.0000
Epoch: 225, Runtime 0.824308, Loss 0.022618, forward nfe 3588, backward nfe 0, Train: 1.0000, Val: 0.7895, Test: 0.6300, Best time: 1.0000
Epoch: 226, Runtime 0.828142, Loss 0.008314, forward nfe 3604, backward nfe 0, Train: 1.0000, Val: 0.7895, Test: 0.6300, Best time: 1.0000
Epoch: 227, Runtime 0.832279, Loss 0.044841, forward nfe 3620, backward nfe 0, Train: 1.0000, Val: 0.7895, Test: 0.6300, Best time: 1.0000
Epoch: 228, Runtime 0.842596, Loss 0.024006, forward nfe 3636, backward nfe 0, Train: 1.0000, Val: 0.7895, Test: 0.6300, Best time: 1.0000
Epoch: 229, Runtime 0.903840, Loss 0.018513, forward nfe 3652, backward nfe 0, Train: 1.0000, Val: 0.7895, Test: 0.6300, Best time: 1.0000
Epoch: 230, Runtime 0.901694, Loss 0.006473, forward nfe 3668, backward nfe 0, Train: 1.0000, Val: 0.7895, Test: 0.6300, Best time: 1.0000
Epoch: 231, Runtime 0.871764, Loss 0.019930, forward nfe 3684, backward nfe 0, Train: 1.0000, Val: 0.7895, Test: 0.6300, Best time: 1.0000
Epoch: 232, Runtime 0.842649, Loss 0.031203, forward nfe 3700, backward nfe 0, Train: 1.0000, Val: 0.7895, Test: 0.6300, Best time: 1.0000
Epoch: 233, Runtime 0.832244, Loss 0.017090, forward nfe 3716, backward nfe 0, Train: 1.0000, Val: 0.7895, Test: 0.6300, Best time: 1.0000
Epoch: 234, Runtime 0.828038, Loss 0.011919, forward nfe 3732, backward nfe 0, Train: 1.0000, Val: 0.7895, Test: 0.6300, Best time: 1.0000
Epoch: 235, Runtime 0.826589, Loss 0.005206, forward nfe 3748, backward nfe 0, Train: 1.0000, Val: 0.7895, Test: 0.6300, Best time: 1.0000
Epoch: 236, Runtime 0.839513, Loss 0.021608, forward nfe 3764, backward nfe 0, Train: 1.0000, Val: 0.7895, Test: 0.6300, Best time: 1.0000
Epoch: 237, Runtime 0.833071, Loss 0.043304, forward nfe 3780, backward nfe 0, Train: 1.0000, Val: 0.7895, Test: 0.6300, Best time: 1.0000
Epoch: 238, Runtime 0.827141, Loss 0.088007, forward nfe 3796, backward nfe 0, Train: 1.0000, Val: 0.7895, Test: 0.6300, Best time: 1.0000
Epoch: 239, Runtime 0.830103, Loss 0.034758, forward nfe 3812, backward nfe 0, Train: 1.0000, Val: 0.7895, Test: 0.6300, Best time: 1.0000
Epoch: 240, Runtime 0.825922, Loss 0.021843, forward nfe 3828, backward nfe 0, Train: 1.0000, Val: 0.7895, Test: 0.6300, Best time: 1.0000
Epoch: 241, Runtime 0.828024, Loss 0.023132, forward nfe 3844, backward nfe 0, Train: 1.0000, Val: 0.7895, Test: 0.6300, Best time: 1.0000
Epoch: 242, Runtime 0.827846, Loss 0.009142, forward nfe 3860, backward nfe 0, Train: 1.0000, Val: 0.7895, Test: 0.6300, Best time: 1.0000
Epoch: 243, Runtime 0.833451, Loss 0.027878, forward nfe 3876, backward nfe 0, Train: 1.0000, Val: 0.7895, Test: 0.6300, Best time: 1.0000
Epoch: 244, Runtime 0.822598, Loss 0.014114, forward nfe 3892, backward nfe 0, Train: 1.0000, Val: 0.7895, Test: 0.6300, Best time: 1.0000
Epoch: 245, Runtime 0.828265, Loss 0.003927, forward nfe 3908, backward nfe 0, Train: 1.0000, Val: 0.7895, Test: 0.6300, Best time: 1.0000
Epoch: 246, Runtime 0.831369, Loss 0.055706, forward nfe 3924, backward nfe 0, Train: 1.0000, Val: 0.7895, Test: 0.6300, Best time: 1.0000
Epoch: 247, Runtime 0.821500, Loss 0.004187, forward nfe 3940, backward nfe 0, Train: 1.0000, Val: 0.7895, Test: 0.6300, Best time: 1.0000
Epoch: 248, Runtime 0.825384, Loss 0.011171, forward nfe 3956, backward nfe 0, Train: 1.0000, Val: 0.7895, Test: 0.6300, Best time: 1.0000
Epoch: 249, Runtime 0.825369, Loss 0.037492, forward nfe 3972, backward nfe 0, Train: 1.0000, Val: 0.7895, Test: 0.6300, Best time: 1.0000
Epoch: 250, Runtime 0.819116, Loss 0.004951, forward nfe 3988, backward nfe 0, Train: 1.0000, Val: 0.7895, Test: 0.6300, Best time: 1.0000
Epoch: 251, Runtime 0.827832, Loss 0.019432, forward nfe 4004, backward nfe 0, Train: 1.0000, Val: 0.7895, Test: 0.6300, Best time: 1.0000
Epoch: 252, Runtime 0.833475, Loss 0.005532, forward nfe 4020, backward nfe 0, Train: 1.0000, Val: 0.7895, Test: 0.6300, Best time: 1.0000
Epoch: 253, Runtime 0.822675, Loss 0.028086, forward nfe 4036, backward nfe 0, Train: 1.0000, Val: 0.7895, Test: 0.6300, Best time: 1.0000
Epoch: 254, Runtime 0.820982, Loss 0.004785, forward nfe 4052, backward nfe 0, Train: 1.0000, Val: 0.7895, Test: 0.6300, Best time: 1.0000
Epoch: 255, Runtime 0.837432, Loss 0.018865, forward nfe 4068, backward nfe 0, Train: 1.0000, Val: 0.7895, Test: 0.6300, Best time: 1.0000
Epoch: 256, Runtime 0.824763, Loss 0.101320, forward nfe 4084, backward nfe 0, Train: 1.0000, Val: 0.7895, Test: 0.6300, Best time: 1.0000
Epoch: 257, Runtime 0.822788, Loss 0.011466, forward nfe 4100, backward nfe 0, Train: 1.0000, Val: 0.7895, Test: 0.6300, Best time: 1.0000
Epoch: 258, Runtime 0.840397, Loss 0.019759, forward nfe 4116, backward nfe 0, Train: 1.0000, Val: 0.7895, Test: 0.6300, Best time: 1.0000
Epoch: 259, Runtime 1.030382, Loss 0.035102, forward nfe 4132, backward nfe 0, Train: 1.0000, Val: 0.8421, Test: 0.6800, Best time: 1.0000
Epoch: 260, Runtime 0.793335, Loss 0.018124, forward nfe 4148, backward nfe 0, Train: 1.0000, Val: 0.8421, Test: 0.6800, Best time: 1.0000
Epoch: 261, Runtime 0.809870, Loss 0.069355, forward nfe 4164, backward nfe 0, Train: 1.0000, Val: 0.8421, Test: 0.6800, Best time: 1.0000
Epoch: 262, Runtime 0.794008, Loss 0.044272, forward nfe 4180, backward nfe 0, Train: 1.0000, Val: 0.8421, Test: 0.6800, Best time: 1.0000
Epoch: 263, Runtime 0.787088, Loss 0.019688, forward nfe 4196, backward nfe 0, Train: 1.0000, Val: 0.8421, Test: 0.6800, Best time: 1.0000
Epoch: 264, Runtime 0.791186, Loss 0.017310, forward nfe 4212, backward nfe 0, Train: 1.0000, Val: 0.8421, Test: 0.6800, Best time: 1.0000
Epoch: 265, Runtime 0.821592, Loss 0.015295, forward nfe 4228, backward nfe 0, Train: 1.0000, Val: 0.8421, Test: 0.6800, Best time: 1.0000
Epoch: 266, Runtime 0.794469, Loss 0.013144, forward nfe 4244, backward nfe 0, Train: 1.0000, Val: 0.8421, Test: 0.6800, Best time: 1.0000
Epoch: 267, Runtime 0.795156, Loss 0.027710, forward nfe 4260, backward nfe 0, Train: 1.0000, Val: 0.8421, Test: 0.6800, Best time: 1.0000
Epoch: 268, Runtime 0.810240, Loss 0.007500, forward nfe 4276, backward nfe 0, Train: 1.0000, Val: 0.8421, Test: 0.6800, Best time: 1.0000
Epoch: 269, Runtime 0.818809, Loss 0.003464, forward nfe 4292, backward nfe 0, Train: 1.0000, Val: 0.8421, Test: 0.6800, Best time: 1.0000
Epoch: 270, Runtime 0.846879, Loss 0.024642, forward nfe 4308, backward nfe 0, Train: 1.0000, Val: 0.8421, Test: 0.6800, Best time: 1.0000
Epoch: 271, Runtime 0.820368, Loss 0.070960, forward nfe 4324, backward nfe 0, Train: 1.0000, Val: 0.8421, Test: 0.6800, Best time: 1.0000
Epoch: 272, Runtime 0.810855, Loss 0.033715, forward nfe 4340, backward nfe 0, Train: 1.0000, Val: 0.8421, Test: 0.6800, Best time: 1.0000
Epoch: 273, Runtime 0.813401, Loss 0.022648, forward nfe 4356, backward nfe 0, Train: 1.0000, Val: 0.8421, Test: 0.6800, Best time: 1.0000
Epoch: 274, Runtime 0.820718, Loss 0.012591, forward nfe 4372, backward nfe 0, Train: 1.0000, Val: 0.8421, Test: 0.6800, Best time: 1.0000
Epoch: 275, Runtime 0.821622, Loss 0.022412, forward nfe 4388, backward nfe 0, Train: 1.0000, Val: 0.8421, Test: 0.6800, Best time: 1.0000
Epoch: 276, Runtime 0.825174, Loss 0.006993, forward nfe 4404, backward nfe 0, Train: 1.0000, Val: 0.8421, Test: 0.6800, Best time: 1.0000
Epoch: 277, Runtime 0.926708, Loss 0.015171, forward nfe 4420, backward nfe 0, Train: 1.0000, Val: 0.8421, Test: 0.6800, Best time: 1.0000
Epoch: 278, Runtime 0.906655, Loss 0.022920, forward nfe 4436, backward nfe 0, Train: 1.0000, Val: 0.8421, Test: 0.6800, Best time: 1.0000
Epoch: 279, Runtime 0.885335, Loss 0.034621, forward nfe 4452, backward nfe 0, Train: 1.0000, Val: 0.8421, Test: 0.6800, Best time: 1.0000
Epoch: 280, Runtime 0.891352, Loss 0.012358, forward nfe 4468, backward nfe 0, Train: 1.0000, Val: 0.8421, Test: 0.6800, Best time: 1.0000
Epoch: 281, Runtime 0.891872, Loss 0.022771, forward nfe 4484, backward nfe 0, Train: 1.0000, Val: 0.8421, Test: 0.6800, Best time: 1.0000
Epoch: 282, Runtime 0.894328, Loss 0.011129, forward nfe 4500, backward nfe 0, Train: 1.0000, Val: 0.8421, Test: 0.6800, Best time: 1.0000
Epoch: 283, Runtime 0.893256, Loss 0.034856, forward nfe 4516, backward nfe 0, Train: 1.0000, Val: 0.8421, Test: 0.6800, Best time: 1.0000
Epoch: 284, Runtime 0.912477, Loss 0.047370, forward nfe 4532, backward nfe 0, Train: 1.0000, Val: 0.8421, Test: 0.6800, Best time: 1.0000
Epoch: 285, Runtime 0.892532, Loss 0.020781, forward nfe 4548, backward nfe 0, Train: 1.0000, Val: 0.8421, Test: 0.6800, Best time: 1.0000
Epoch: 286, Runtime 0.896972, Loss 0.004639, forward nfe 4564, backward nfe 0, Train: 1.0000, Val: 0.8421, Test: 0.6800, Best time: 1.0000
Epoch: 287, Runtime 0.893125, Loss 0.005584, forward nfe 4580, backward nfe 0, Train: 1.0000, Val: 0.8421, Test: 0.6800, Best time: 1.0000
Epoch: 288, Runtime 0.905913, Loss 0.010486, forward nfe 4596, backward nfe 0, Train: 1.0000, Val: 0.8421, Test: 0.6800, Best time: 1.0000
Epoch: 289, Runtime 0.904353, Loss 0.020885, forward nfe 4612, backward nfe 0, Train: 1.0000, Val: 0.8421, Test: 0.6800, Best time: 1.0000
Epoch: 290, Runtime 0.897574, Loss 0.029854, forward nfe 4628, backward nfe 0, Train: 1.0000, Val: 0.8421, Test: 0.6800, Best time: 1.0000
Epoch: 291, Runtime 0.894637, Loss 0.015246, forward nfe 4644, backward nfe 0, Train: 1.0000, Val: 0.8421, Test: 0.6800, Best time: 1.0000
Epoch: 292, Runtime 0.897933, Loss 0.006402, forward nfe 4660, backward nfe 0, Train: 1.0000, Val: 0.8421, Test: 0.6800, Best time: 1.0000
Epoch: 293, Runtime 0.912165, Loss 0.038096, forward nfe 4676, backward nfe 0, Train: 1.0000, Val: 0.8421, Test: 0.6800, Best time: 1.0000
Epoch: 294, Runtime 0.899896, Loss 0.007030, forward nfe 4692, backward nfe 0, Train: 1.0000, Val: 0.8421, Test: 0.6800, Best time: 1.0000
Epoch: 295, Runtime 0.902406, Loss 0.010925, forward nfe 4708, backward nfe 0, Train: 1.0000, Val: 0.8421, Test: 0.6800, Best time: 1.0000
Epoch: 296, Runtime 0.905592, Loss 0.034642, forward nfe 4724, backward nfe 0, Train: 1.0000, Val: 0.8421, Test: 0.6800, Best time: 1.0000
Epoch: 297, Runtime 0.899379, Loss 0.010284, forward nfe 4740, backward nfe 0, Train: 1.0000, Val: 0.8421, Test: 0.6800, Best time: 1.0000
Epoch: 298, Runtime 0.906116, Loss 0.009526, forward nfe 4756, backward nfe 0, Train: 1.0000, Val: 0.8421, Test: 0.6800, Best time: 1.0000
Epoch: 299, Runtime 0.907823, Loss 0.043954, forward nfe 4772, backward nfe 0, Train: 1.0000, Val: 0.8421, Test: 0.6800, Best time: 1.0000
best val accuracy 0.842105 with test accuracy 0.680000 at epoch 259 and best time 1.000000
best_model.odeblock.t tensor([0., 1.])
Entropy Threshold: inf Test accuracy: 0.65
Entropy Threshold: 2 Test accuracy: 0.63
Entropy Threshold: 1.6 Test accuracy: 0.62
Entropy Threshold: 1.5 Test accuracy: 0.6326530612244898
Entropy Threshold: 1.4 Test accuracy: 0.648936170212766
Entropy Threshold: 1.3 Test accuracy: 0.6951219512195121
Entropy Threshold: 1.2 Test accuracy: 0.7083333333333334
Entropy Threshold: 1.1 Test accuracy: 0.7538461538461538
Entropy Threshold: 0.9 Test accuracy: 0.7647058823529411
Entropy Threshold: 0.8 Test accuracy: 0.7777777777777778
Entropy Threshold: 0.7 Test accuracy: 0.825
Entropy Threshold: 0.6 Test accuracy: 0.8620689655172413
Entropy Threshold: 0.5 Test accuracy: 0.9166666666666666
Entropy Threshold: 0.4 Test accuracy: 0.8846153846153846
Entropy Threshold: 0.3 Test accuracy: 0.8421052631578947
Entropy Threshold: 0.2 Test accuracy: 0.8888888888888888
Entropy Threshold: 0.1 Test accuracy: 0.8333333333333334
