[KeOps] Warning : cuda was detected, but driver API could not be initialized. Switching to cpu only.
Folder already exists: results/citeseer
experiment: 0
Dataset size (num_nodes): 2120, Intended development set size (num_development): 1500
Dataset size (num_nodes): 2120, Actual development set size (num_development): 1500
rations: train 120, val 1380, test 620
Before OOD adjustment: Total instances of last class: 304
Before OOD adjustment: Training instances of last class: 20
Before OOD adjustment: Testing instances of last class: 93
Before OOD adjustment: Val instances of last class: 191
total train + val+ test 304
After OOD adjustment: Training instances of last class: 0
After OOD adjustment: Testing instances of last class: 93
Total number of classes: 6
number of classes to train: 5
Dataset size (num_nodes): 2120, Intended development set size (num_development): 1500
Dataset size (num_nodes): 2120, Actual development set size (num_development): 1500
rations: train 120, val 1380, test 620
within set_train_val_test_split function!
Before OOD adjustment: Total instances of last class: 304
Before OOD adjustment: Training instances of last class: 20
Before OOD adjustment: Testing instances of last class: 85
Before OOD adjustment: Val instances of last class: 199
total train + val+ test 304
After OOD adjustment: Training instances of last class: 0
After OOD adjustment: Testing instances of last class: 85
BayesianGCN(
  (bayes_conv1): BayesianGCNConv(3703, 64)
  (bayes_conv3): BayesianGCNConv(64, 5)
)
bayes_conv1.mu_weight
torch.Size([64, 3703])
bayes_conv1.rho_weight
torch.Size([64, 3703])
bayes_conv1.mu_bias
torch.Size([64])
bayes_conv1.rho_bias
torch.Size([64])
bayes_conv3.mu_weight
torch.Size([5, 64])
bayes_conv3.rho_weight
torch.Size([5, 64])
bayes_conv3.mu_bias
torch.Size([5])
bayes_conv3.rho_bias
torch.Size([5])
After OOD adjustment: Training instances of last class: 0
After OOD adjustment: Testing instances of last class: 85
Epoch: 001, Runtime 0.063087, Loss 1.643007, forward nfe 0, backward nfe 0, Train: 0.2100, Val: 0.2232, Test: 0.2177, Best time: 7.8741
After OOD adjustment: Training instances of last class: 0
After OOD adjustment: Testing instances of last class: 85
Epoch: 002, Runtime 0.054248, Loss 1.580830, forward nfe 0, backward nfe 0, Train: 0.2100, Val: 0.2232, Test: 0.2177, Best time: 7.8741
After OOD adjustment: Training instances of last class: 0
After OOD adjustment: Testing instances of last class: 85
Epoch: 003, Runtime 0.050807, Loss 1.597846, forward nfe 0, backward nfe 0, Train: 0.2100, Val: 0.2232, Test: 0.2177, Best time: 7.8741
After OOD adjustment: Training instances of last class: 0
After OOD adjustment: Testing instances of last class: 85
Epoch: 004, Runtime 0.051765, Loss 1.613678, forward nfe 0, backward nfe 0, Train: 0.2100, Val: 0.2232, Test: 0.2177, Best time: 7.8741
After OOD adjustment: Training instances of last class: 0
After OOD adjustment: Testing instances of last class: 85
Epoch: 005, Runtime 0.219490, Loss 1.538843, forward nfe 0, backward nfe 0, Train: 0.3400, Val: 0.2486, Test: 0.2645, Best time: 7.8741
After OOD adjustment: Training instances of last class: 0
After OOD adjustment: Testing instances of last class: 85
Epoch: 006, Runtime 0.196915, Loss 1.548766, forward nfe 0, backward nfe 0, Train: 0.3800, Val: 0.2957, Test: 0.2968, Best time: 7.8741
After OOD adjustment: Training instances of last class: 0
After OOD adjustment: Testing instances of last class: 85
Epoch: 007, Runtime 0.052729, Loss 1.495687, forward nfe 0, backward nfe 0, Train: 0.3800, Val: 0.2957, Test: 0.2968, Best time: 7.8741
After OOD adjustment: Training instances of last class: 0
After OOD adjustment: Testing instances of last class: 85
Epoch: 008, Runtime 0.054932, Loss 1.474937, forward nfe 0, backward nfe 0, Train: 0.3800, Val: 0.2957, Test: 0.2968, Best time: 7.8741
After OOD adjustment: Training instances of last class: 0
After OOD adjustment: Testing instances of last class: 85
Epoch: 009, Runtime 0.053403, Loss 1.462646, forward nfe 0, backward nfe 0, Train: 0.3800, Val: 0.2957, Test: 0.2968, Best time: 7.8741
After OOD adjustment: Training instances of last class: 0
After OOD adjustment: Testing instances of last class: 85
Epoch: 010, Runtime 0.205722, Loss 1.419403, forward nfe 0, backward nfe 0, Train: 0.7700, Val: 0.3775, Test: 0.3484, Best time: 7.8741
After OOD adjustment: Training instances of last class: 0
After OOD adjustment: Testing instances of last class: 85
Epoch: 011, Runtime 0.051683, Loss 1.381254, forward nfe 0, backward nfe 0, Train: 0.7700, Val: 0.3775, Test: 0.3484, Best time: 7.8741
After OOD adjustment: Training instances of last class: 0
After OOD adjustment: Testing instances of last class: 85
Epoch: 012, Runtime 0.205692, Loss 1.414842, forward nfe 0, backward nfe 0, Train: 0.6500, Val: 0.3884, Test: 0.3887, Best time: 7.8741
After OOD adjustment: Training instances of last class: 0
After OOD adjustment: Testing instances of last class: 85
Epoch: 013, Runtime 0.054042, Loss 1.370284, forward nfe 0, backward nfe 0, Train: 0.6500, Val: 0.3884, Test: 0.3887, Best time: 7.8741
After OOD adjustment: Training instances of last class: 0
After OOD adjustment: Testing instances of last class: 85
Epoch: 014, Runtime 0.052867, Loss 1.343752, forward nfe 0, backward nfe 0, Train: 0.6500, Val: 0.3884, Test: 0.3887, Best time: 7.8741
After OOD adjustment: Training instances of last class: 0
After OOD adjustment: Testing instances of last class: 85
Epoch: 015, Runtime 0.192207, Loss 1.340130, forward nfe 0, backward nfe 0, Train: 0.7400, Val: 0.5043, Test: 0.5145, Best time: 7.8741
After OOD adjustment: Training instances of last class: 0
After OOD adjustment: Testing instances of last class: 85
Epoch: 016, Runtime 0.211881, Loss 1.266473, forward nfe 0, backward nfe 0, Train: 0.8500, Val: 0.5464, Test: 0.5355, Best time: 7.8741
After OOD adjustment: Training instances of last class: 0
After OOD adjustment: Testing instances of last class: 85
Epoch: 017, Runtime 0.047791, Loss 1.269053, forward nfe 0, backward nfe 0, Train: 0.8500, Val: 0.5464, Test: 0.5355, Best time: 7.8741
After OOD adjustment: Training instances of last class: 0
After OOD adjustment: Testing instances of last class: 85
Epoch: 018, Runtime 0.045100, Loss 1.229142, forward nfe 0, backward nfe 0, Train: 0.8500, Val: 0.5464, Test: 0.5355, Best time: 7.8741
After OOD adjustment: Training instances of last class: 0
After OOD adjustment: Testing instances of last class: 85
Epoch: 019, Runtime 0.045501, Loss 1.215434, forward nfe 0, backward nfe 0, Train: 0.8500, Val: 0.5464, Test: 0.5355, Best time: 7.8741
After OOD adjustment: Training instances of last class: 0
After OOD adjustment: Testing instances of last class: 85
Epoch: 020, Runtime 0.045884, Loss 1.193494, forward nfe 0, backward nfe 0, Train: 0.8500, Val: 0.5464, Test: 0.5355, Best time: 7.8741
After OOD adjustment: Training instances of last class: 0
After OOD adjustment: Testing instances of last class: 85
Epoch: 021, Runtime 0.048997, Loss 1.192810, forward nfe 0, backward nfe 0, Train: 0.8500, Val: 0.5464, Test: 0.5355, Best time: 7.8741
After OOD adjustment: Training instances of last class: 0
After OOD adjustment: Testing instances of last class: 85
Epoch: 022, Runtime 0.048190, Loss 1.147758, forward nfe 0, backward nfe 0, Train: 0.8500, Val: 0.5464, Test: 0.5355, Best time: 7.8741
After OOD adjustment: Training instances of last class: 0
After OOD adjustment: Testing instances of last class: 85
Epoch: 023, Runtime 0.044212, Loss 1.124819, forward nfe 0, backward nfe 0, Train: 0.8500, Val: 0.5464, Test: 0.5355, Best time: 7.8741
After OOD adjustment: Training instances of last class: 0
After OOD adjustment: Testing instances of last class: 85
Epoch: 024, Runtime 0.044798, Loss 1.124583, forward nfe 0, backward nfe 0, Train: 0.8500, Val: 0.5464, Test: 0.5355, Best time: 7.8741
After OOD adjustment: Training instances of last class: 0
After OOD adjustment: Testing instances of last class: 85
Epoch: 025, Runtime 0.202271, Loss 1.072039, forward nfe 0, backward nfe 0, Train: 0.9100, Val: 0.6043, Test: 0.5742, Best time: 7.8741
After OOD adjustment: Training instances of last class: 0
After OOD adjustment: Testing instances of last class: 85
Epoch: 026, Runtime 0.053346, Loss 1.131951, forward nfe 0, backward nfe 0, Train: 0.9100, Val: 0.6043, Test: 0.5742, Best time: 7.8741
After OOD adjustment: Training instances of last class: 0
After OOD adjustment: Testing instances of last class: 85
Epoch: 027, Runtime 0.051763, Loss 1.040178, forward nfe 0, backward nfe 0, Train: 0.9100, Val: 0.6043, Test: 0.5742, Best time: 7.8741
After OOD adjustment: Training instances of last class: 0
After OOD adjustment: Testing instances of last class: 85
Epoch: 028, Runtime 0.051160, Loss 1.053355, forward nfe 0, backward nfe 0, Train: 0.9100, Val: 0.6043, Test: 0.5742, Best time: 7.8741
After OOD adjustment: Training instances of last class: 0
After OOD adjustment: Testing instances of last class: 85
Epoch: 029, Runtime 0.052179, Loss 1.045426, forward nfe 0, backward nfe 0, Train: 0.9100, Val: 0.6043, Test: 0.5742, Best time: 7.8741
After OOD adjustment: Training instances of last class: 0
After OOD adjustment: Testing instances of last class: 85
Epoch: 030, Runtime 0.211193, Loss 0.971182, forward nfe 0, backward nfe 0, Train: 0.9600, Val: 0.6101, Test: 0.5952, Best time: 7.8741
After OOD adjustment: Training instances of last class: 0
After OOD adjustment: Testing instances of last class: 85
Epoch: 031, Runtime 0.053327, Loss 0.976034, forward nfe 0, backward nfe 0, Train: 0.9600, Val: 0.6101, Test: 0.5952, Best time: 7.8741
After OOD adjustment: Training instances of last class: 0
After OOD adjustment: Testing instances of last class: 85
Epoch: 032, Runtime 0.206260, Loss 0.961692, forward nfe 0, backward nfe 0, Train: 0.9100, Val: 0.6333, Test: 0.6016, Best time: 7.8741
After OOD adjustment: Training instances of last class: 0
After OOD adjustment: Testing instances of last class: 85
Epoch: 033, Runtime 0.052455, Loss 0.921468, forward nfe 0, backward nfe 0, Train: 0.9100, Val: 0.6333, Test: 0.6016, Best time: 7.8741
After OOD adjustment: Training instances of last class: 0
After OOD adjustment: Testing instances of last class: 85
Epoch: 034, Runtime 0.045668, Loss 0.882362, forward nfe 0, backward nfe 0, Train: 0.9100, Val: 0.6333, Test: 0.6016, Best time: 7.8741
After OOD adjustment: Training instances of last class: 0
After OOD adjustment: Testing instances of last class: 85
Epoch: 035, Runtime 0.055380, Loss 0.860672, forward nfe 0, backward nfe 0, Train: 0.9100, Val: 0.6333, Test: 0.6016, Best time: 7.8741
After OOD adjustment: Training instances of last class: 0
After OOD adjustment: Testing instances of last class: 85
Epoch: 036, Runtime 0.055522, Loss 0.908972, forward nfe 0, backward nfe 0, Train: 0.9100, Val: 0.6333, Test: 0.6016, Best time: 7.8741
After OOD adjustment: Training instances of last class: 0
After OOD adjustment: Testing instances of last class: 85
Epoch: 037, Runtime 0.055604, Loss 0.849339, forward nfe 0, backward nfe 0, Train: 0.9100, Val: 0.6333, Test: 0.6016, Best time: 7.8741
After OOD adjustment: Training instances of last class: 0
After OOD adjustment: Testing instances of last class: 85
Epoch: 038, Runtime 0.055321, Loss 0.895802, forward nfe 0, backward nfe 0, Train: 0.9100, Val: 0.6333, Test: 0.6016, Best time: 7.8741
After OOD adjustment: Training instances of last class: 0
After OOD adjustment: Testing instances of last class: 85
Epoch: 039, Runtime 0.056174, Loss 0.847612, forward nfe 0, backward nfe 0, Train: 0.9100, Val: 0.6333, Test: 0.6016, Best time: 7.8741
After OOD adjustment: Training instances of last class: 0
After OOD adjustment: Testing instances of last class: 85
Epoch: 040, Runtime 0.055489, Loss 0.817477, forward nfe 0, backward nfe 0, Train: 0.9100, Val: 0.6333, Test: 0.6016, Best time: 7.8741
After OOD adjustment: Training instances of last class: 0
After OOD adjustment: Testing instances of last class: 85
Epoch: 041, Runtime 0.055756, Loss 0.806323, forward nfe 0, backward nfe 0, Train: 0.9100, Val: 0.6333, Test: 0.6016, Best time: 7.8741
After OOD adjustment: Training instances of last class: 0
After OOD adjustment: Testing instances of last class: 85
Epoch: 042, Runtime 0.055182, Loss 0.776824, forward nfe 0, backward nfe 0, Train: 0.9100, Val: 0.6333, Test: 0.6016, Best time: 7.8741
After OOD adjustment: Training instances of last class: 0
After OOD adjustment: Testing instances of last class: 85
Epoch: 043, Runtime 0.063390, Loss 0.738042, forward nfe 0, backward nfe 0, Train: 0.9100, Val: 0.6333, Test: 0.6016, Best time: 7.8741
After OOD adjustment: Training instances of last class: 0
After OOD adjustment: Testing instances of last class: 85
Epoch: 044, Runtime 0.050400, Loss 0.769021, forward nfe 0, backward nfe 0, Train: 0.9100, Val: 0.6333, Test: 0.6016, Best time: 7.8741
After OOD adjustment: Training instances of last class: 0
After OOD adjustment: Testing instances of last class: 85
Epoch: 045, Runtime 0.053405, Loss 0.720400, forward nfe 0, backward nfe 0, Train: 0.9100, Val: 0.6333, Test: 0.6016, Best time: 7.8741
After OOD adjustment: Training instances of last class: 0
After OOD adjustment: Testing instances of last class: 85
Epoch: 046, Runtime 0.055893, Loss 0.669132, forward nfe 0, backward nfe 0, Train: 0.9100, Val: 0.6333, Test: 0.6016, Best time: 7.8741
After OOD adjustment: Training instances of last class: 0
After OOD adjustment: Testing instances of last class: 85
Epoch: 047, Runtime 0.055841, Loss 0.693123, forward nfe 0, backward nfe 0, Train: 0.9100, Val: 0.6333, Test: 0.6016, Best time: 7.8741
After OOD adjustment: Training instances of last class: 0
After OOD adjustment: Testing instances of last class: 85
Epoch: 048, Runtime 0.055781, Loss 0.655205, forward nfe 0, backward nfe 0, Train: 0.9100, Val: 0.6333, Test: 0.6016, Best time: 7.8741
After OOD adjustment: Training instances of last class: 0
After OOD adjustment: Testing instances of last class: 85
Epoch: 049, Runtime 0.055303, Loss 0.623422, forward nfe 0, backward nfe 0, Train: 0.9100, Val: 0.6333, Test: 0.6016, Best time: 7.8741
After OOD adjustment: Training instances of last class: 0
After OOD adjustment: Testing instances of last class: 85
Epoch: 050, Runtime 0.053815, Loss 0.600861, forward nfe 0, backward nfe 0, Train: 0.9100, Val: 0.6333, Test: 0.6016, Best time: 7.8741
After OOD adjustment: Training instances of last class: 0
After OOD adjustment: Testing instances of last class: 85
Epoch: 051, Runtime 0.054725, Loss 0.561903, forward nfe 0, backward nfe 0, Train: 0.9100, Val: 0.6333, Test: 0.6016, Best time: 7.8741
After OOD adjustment: Training instances of last class: 0
After OOD adjustment: Testing instances of last class: 85
Epoch: 052, Runtime 0.055260, Loss 0.565805, forward nfe 0, backward nfe 0, Train: 0.9100, Val: 0.6333, Test: 0.6016, Best time: 7.8741
After OOD adjustment: Training instances of last class: 0
After OOD adjustment: Testing instances of last class: 85
Epoch: 053, Runtime 0.051638, Loss 0.571837, forward nfe 0, backward nfe 0, Train: 0.9100, Val: 0.6333, Test: 0.6016, Best time: 7.8741
After OOD adjustment: Training instances of last class: 0
After OOD adjustment: Testing instances of last class: 85
Epoch: 054, Runtime 0.053666, Loss 0.566030, forward nfe 0, backward nfe 0, Train: 0.9100, Val: 0.6333, Test: 0.6016, Best time: 7.8741
After OOD adjustment: Training instances of last class: 0
After OOD adjustment: Testing instances of last class: 85
Epoch: 055, Runtime 0.054799, Loss 0.488796, forward nfe 0, backward nfe 0, Train: 0.9100, Val: 0.6333, Test: 0.6016, Best time: 7.8741
After OOD adjustment: Training instances of last class: 0
After OOD adjustment: Testing instances of last class: 85
Epoch: 056, Runtime 0.055427, Loss 0.551239, forward nfe 0, backward nfe 0, Train: 0.9100, Val: 0.6333, Test: 0.6016, Best time: 7.8741
After OOD adjustment: Training instances of last class: 0
After OOD adjustment: Testing instances of last class: 85
Epoch: 057, Runtime 0.056075, Loss 0.511763, forward nfe 0, backward nfe 0, Train: 0.9100, Val: 0.6333, Test: 0.6016, Best time: 7.8741
After OOD adjustment: Training instances of last class: 0
After OOD adjustment: Testing instances of last class: 85
Epoch: 058, Runtime 0.055377, Loss 0.478407, forward nfe 0, backward nfe 0, Train: 0.9100, Val: 0.6333, Test: 0.6016, Best time: 7.8741
After OOD adjustment: Training instances of last class: 0
After OOD adjustment: Testing instances of last class: 85
Epoch: 059, Runtime 0.055817, Loss 0.471545, forward nfe 0, backward nfe 0, Train: 0.9100, Val: 0.6333, Test: 0.6016, Best time: 7.8741
After OOD adjustment: Training instances of last class: 0
After OOD adjustment: Testing instances of last class: 85
Epoch: 060, Runtime 0.055461, Loss 0.453708, forward nfe 0, backward nfe 0, Train: 0.9100, Val: 0.6333, Test: 0.6016, Best time: 7.8741
After OOD adjustment: Training instances of last class: 0
After OOD adjustment: Testing instances of last class: 85
Epoch: 061, Runtime 0.055279, Loss 0.446114, forward nfe 0, backward nfe 0, Train: 0.9100, Val: 0.6333, Test: 0.6016, Best time: 7.8741
After OOD adjustment: Training instances of last class: 0
After OOD adjustment: Testing instances of last class: 85
Epoch: 062, Runtime 0.055523, Loss 0.425502, forward nfe 0, backward nfe 0, Train: 0.9100, Val: 0.6333, Test: 0.6016, Best time: 7.8741
After OOD adjustment: Training instances of last class: 0
After OOD adjustment: Testing instances of last class: 85
Epoch: 063, Runtime 0.055672, Loss 0.454715, forward nfe 0, backward nfe 0, Train: 0.9100, Val: 0.6333, Test: 0.6016, Best time: 7.8741
After OOD adjustment: Training instances of last class: 0
After OOD adjustment: Testing instances of last class: 85
Epoch: 064, Runtime 0.054553, Loss 0.399268, forward nfe 0, backward nfe 0, Train: 0.9100, Val: 0.6333, Test: 0.6016, Best time: 7.8741
After OOD adjustment: Training instances of last class: 0
After OOD adjustment: Testing instances of last class: 85
Epoch: 065, Runtime 0.051474, Loss 0.408250, forward nfe 0, backward nfe 0, Train: 0.9100, Val: 0.6333, Test: 0.6016, Best time: 7.8741
After OOD adjustment: Training instances of last class: 0
After OOD adjustment: Testing instances of last class: 85
Epoch: 066, Runtime 0.054875, Loss 0.393250, forward nfe 0, backward nfe 0, Train: 0.9100, Val: 0.6333, Test: 0.6016, Best time: 7.8741
After OOD adjustment: Training instances of last class: 0
After OOD adjustment: Testing instances of last class: 85
Epoch: 067, Runtime 0.055454, Loss 0.385296, forward nfe 0, backward nfe 0, Train: 0.9100, Val: 0.6333, Test: 0.6016, Best time: 7.8741
After OOD adjustment: Training instances of last class: 0
After OOD adjustment: Testing instances of last class: 85
Epoch: 068, Runtime 0.055734, Loss 0.335375, forward nfe 0, backward nfe 0, Train: 0.9100, Val: 0.6333, Test: 0.6016, Best time: 7.8741
After OOD adjustment: Training instances of last class: 0
After OOD adjustment: Testing instances of last class: 85
Epoch: 069, Runtime 0.055907, Loss 0.325697, forward nfe 0, backward nfe 0, Train: 0.9100, Val: 0.6333, Test: 0.6016, Best time: 7.8741
After OOD adjustment: Training instances of last class: 0
After OOD adjustment: Testing instances of last class: 85
Epoch: 070, Runtime 0.055663, Loss 0.335587, forward nfe 0, backward nfe 0, Train: 0.9100, Val: 0.6333, Test: 0.6016, Best time: 7.8741
After OOD adjustment: Training instances of last class: 0
After OOD adjustment: Testing instances of last class: 85
Epoch: 071, Runtime 0.055252, Loss 0.360517, forward nfe 0, backward nfe 0, Train: 0.9100, Val: 0.6333, Test: 0.6016, Best time: 7.8741
After OOD adjustment: Training instances of last class: 0
After OOD adjustment: Testing instances of last class: 85
Epoch: 072, Runtime 0.055555, Loss 0.346318, forward nfe 0, backward nfe 0, Train: 0.9100, Val: 0.6333, Test: 0.6016, Best time: 7.8741
After OOD adjustment: Training instances of last class: 0
After OOD adjustment: Testing instances of last class: 85
Epoch: 073, Runtime 0.054542, Loss 0.292167, forward nfe 0, backward nfe 0, Train: 0.9100, Val: 0.6333, Test: 0.6016, Best time: 7.8741
After OOD adjustment: Training instances of last class: 0
After OOD adjustment: Testing instances of last class: 85
Epoch: 074, Runtime 0.055349, Loss 0.315187, forward nfe 0, backward nfe 0, Train: 0.9100, Val: 0.6333, Test: 0.6016, Best time: 7.8741
After OOD adjustment: Training instances of last class: 0
After OOD adjustment: Testing instances of last class: 85
Epoch: 075, Runtime 0.055743, Loss 0.310518, forward nfe 0, backward nfe 0, Train: 0.9100, Val: 0.6333, Test: 0.6016, Best time: 7.8741
After OOD adjustment: Training instances of last class: 0
After OOD adjustment: Testing instances of last class: 85
Epoch: 076, Runtime 0.054482, Loss 0.353822, forward nfe 0, backward nfe 0, Train: 0.9100, Val: 0.6333, Test: 0.6016, Best time: 7.8741
After OOD adjustment: Training instances of last class: 0
After OOD adjustment: Testing instances of last class: 85
Epoch: 077, Runtime 0.055686, Loss 0.279358, forward nfe 0, backward nfe 0, Train: 0.9100, Val: 0.6333, Test: 0.6016, Best time: 7.8741
After OOD adjustment: Training instances of last class: 0
After OOD adjustment: Testing instances of last class: 85
Epoch: 078, Runtime 0.055765, Loss 0.265923, forward nfe 0, backward nfe 0, Train: 0.9100, Val: 0.6333, Test: 0.6016, Best time: 7.8741
After OOD adjustment: Training instances of last class: 0
After OOD adjustment: Testing instances of last class: 85
Epoch: 079, Runtime 0.056024, Loss 0.260259, forward nfe 0, backward nfe 0, Train: 0.9100, Val: 0.6333, Test: 0.6016, Best time: 7.8741
After OOD adjustment: Training instances of last class: 0
After OOD adjustment: Testing instances of last class: 85
Epoch: 080, Runtime 0.052950, Loss 0.263044, forward nfe 0, backward nfe 0, Train: 0.9100, Val: 0.6333, Test: 0.6016, Best time: 7.8741
After OOD adjustment: Training instances of last class: 0
After OOD adjustment: Testing instances of last class: 85
Epoch: 081, Runtime 0.052457, Loss 0.256816, forward nfe 0, backward nfe 0, Train: 0.9100, Val: 0.6333, Test: 0.6016, Best time: 7.8741
After OOD adjustment: Training instances of last class: 0
After OOD adjustment: Testing instances of last class: 85
Epoch: 082, Runtime 0.051455, Loss 0.240284, forward nfe 0, backward nfe 0, Train: 0.9100, Val: 0.6333, Test: 0.6016, Best time: 7.8741
After OOD adjustment: Training instances of last class: 0
After OOD adjustment: Testing instances of last class: 85
Epoch: 083, Runtime 0.054301, Loss 0.229996, forward nfe 0, backward nfe 0, Train: 0.9100, Val: 0.6333, Test: 0.6016, Best time: 7.8741
After OOD adjustment: Training instances of last class: 0
After OOD adjustment: Testing instances of last class: 85
Epoch: 084, Runtime 0.055254, Loss 0.229181, forward nfe 0, backward nfe 0, Train: 0.9100, Val: 0.6333, Test: 0.6016, Best time: 7.8741
After OOD adjustment: Training instances of last class: 0
After OOD adjustment: Testing instances of last class: 85
Epoch: 085, Runtime 0.055508, Loss 0.205531, forward nfe 0, backward nfe 0, Train: 0.9100, Val: 0.6333, Test: 0.6016, Best time: 7.8741
After OOD adjustment: Training instances of last class: 0
After OOD adjustment: Testing instances of last class: 85
Epoch: 086, Runtime 0.055825, Loss 0.200978, forward nfe 0, backward nfe 0, Train: 0.9100, Val: 0.6333, Test: 0.6016, Best time: 7.8741
After OOD adjustment: Training instances of last class: 0
After OOD adjustment: Testing instances of last class: 85
Epoch: 087, Runtime 0.051244, Loss 0.229011, forward nfe 0, backward nfe 0, Train: 0.9100, Val: 0.6333, Test: 0.6016, Best time: 7.8741
After OOD adjustment: Training instances of last class: 0
After OOD adjustment: Testing instances of last class: 85
Epoch: 088, Runtime 0.051510, Loss 0.206832, forward nfe 0, backward nfe 0, Train: 0.9100, Val: 0.6333, Test: 0.6016, Best time: 7.8741
After OOD adjustment: Training instances of last class: 0
After OOD adjustment: Testing instances of last class: 85
Epoch: 089, Runtime 0.055296, Loss 0.193352, forward nfe 0, backward nfe 0, Train: 0.9100, Val: 0.6333, Test: 0.6016, Best time: 7.8741
After OOD adjustment: Training instances of last class: 0
After OOD adjustment: Testing instances of last class: 85
Epoch: 090, Runtime 0.051467, Loss 0.178094, forward nfe 0, backward nfe 0, Train: 0.9100, Val: 0.6333, Test: 0.6016, Best time: 7.8741
After OOD adjustment: Training instances of last class: 0
After OOD adjustment: Testing instances of last class: 85
Epoch: 091, Runtime 0.054165, Loss 0.173392, forward nfe 0, backward nfe 0, Train: 0.9100, Val: 0.6333, Test: 0.6016, Best time: 7.8741
After OOD adjustment: Training instances of last class: 0
After OOD adjustment: Testing instances of last class: 85
Epoch: 092, Runtime 0.055600, Loss 0.190194, forward nfe 0, backward nfe 0, Train: 0.9100, Val: 0.6333, Test: 0.6016, Best time: 7.8741
After OOD adjustment: Training instances of last class: 0
After OOD adjustment: Testing instances of last class: 85
Epoch: 093, Runtime 0.055302, Loss 0.193818, forward nfe 0, backward nfe 0, Train: 0.9100, Val: 0.6333, Test: 0.6016, Best time: 7.8741
After OOD adjustment: Training instances of last class: 0
After OOD adjustment: Testing instances of last class: 85
Epoch: 094, Runtime 0.055649, Loss 0.182339, forward nfe 0, backward nfe 0, Train: 0.9100, Val: 0.6333, Test: 0.6016, Best time: 7.8741
After OOD adjustment: Training instances of last class: 0
After OOD adjustment: Testing instances of last class: 85
Epoch: 095, Runtime 0.055248, Loss 0.161691, forward nfe 0, backward nfe 0, Train: 0.9100, Val: 0.6333, Test: 0.6016, Best time: 7.8741
After OOD adjustment: Training instances of last class: 0
After OOD adjustment: Testing instances of last class: 85
Epoch: 096, Runtime 0.055607, Loss 0.166381, forward nfe 0, backward nfe 0, Train: 0.9100, Val: 0.6333, Test: 0.6016, Best time: 7.8741
After OOD adjustment: Training instances of last class: 0
After OOD adjustment: Testing instances of last class: 85
Epoch: 097, Runtime 0.055444, Loss 0.169147, forward nfe 0, backward nfe 0, Train: 0.9100, Val: 0.6333, Test: 0.6016, Best time: 7.8741
After OOD adjustment: Training instances of last class: 0
After OOD adjustment: Testing instances of last class: 85
Epoch: 098, Runtime 0.053821, Loss 0.165832, forward nfe 0, backward nfe 0, Train: 0.9100, Val: 0.6333, Test: 0.6016, Best time: 7.8741
After OOD adjustment: Training instances of last class: 0
After OOD adjustment: Testing instances of last class: 85
Epoch: 099, Runtime 0.051987, Loss 0.155728, forward nfe 0, backward nfe 0, Train: 0.9100, Val: 0.6333, Test: 0.6016, Best time: 7.8741
best val accuracy 0.633333 with test accuracy 0.601613 at epoch 32 and best time 7.874113
base_directory resutls_prob/OOD_Citeseer
new_name:  bgcn_ODD
file_path 1 resutls_prob/OOD_Citeseer/bgcn_ODD_prediction_probabilities_35.npz
file_path 2 resutls_prob/OOD_Citeseer/bgcn_ODD_prediction_probabilities_35.npz
Entropy Threshold: inf Test accuracy: 0.5548387096774193
Entropy Threshold: 2 Test accuracy: 0.567741935483871
Entropy Threshold: 1.6 Test accuracy: 0.625
Entropy Threshold: 1.5 Test accuracy: 0.84375
Entropy Threshold: 1.4 Test accuracy: 0.9375
Entropy Threshold: 1.3 Test accuracy: 0.8888888888888888
Entropy Threshold: 1.2 Test accuracy: 1.0
Entropy Threshold: 1.1 Test accuracy: 1.0
Entropy Threshold: 0.9 Test accuracy: None
Entropy Threshold: 0.8 Test accuracy: None
Entropy Threshold: 0.7 Test accuracy: None
Entropy Threshold: 0.6 Test accuracy: None
Entropy Threshold: 0.5 Test accuracy: None
Entropy Threshold: 0.4 Test accuracy: None
Entropy Threshold: 0.3 Test accuracy: None
Entropy Threshold: 0.2 Test accuracy: None
Entropy Threshold: 0.1 Test accuracy: None
