[KeOps] Warning : cuda was detected, but driver API could not be initialized. Switching to cpu only.
Folder already exists: results/cora
experiment: 0
Dataset size (num_nodes): 2485, Intended development set size (num_development): 1500
Dataset size (num_nodes): 2485, Actual development set size (num_development): 1500
rations: train 140, val 1360, test 985
Before OOD adjustment: Total instances of last class: 131
Before OOD adjustment: Training instances of last class: 20
Before OOD adjustment: Testing instances of last class: 55
Before OOD adjustment: Val instances of last class: 56
total train + val+ test 131
After OOD adjustment: Training instances of last class: 0
After OOD adjustment: Testing instances of last class: 55
Total number of classes: 7
number of classes to train: 6
Dataset size (num_nodes): 2485, Intended development set size (num_development): 1500
Dataset size (num_nodes): 2485, Actual development set size (num_development): 1500
rations: train 140, val 1360, test 985
within set_train_val_test_split function!
Before OOD adjustment: Total instances of last class: 131
Before OOD adjustment: Training instances of last class: 20
Before OOD adjustment: Testing instances of last class: 55
Before OOD adjustment: Val instances of last class: 56
total train + val+ test 131
After OOD adjustment: Training instances of last class: 0
After OOD adjustment: Testing instances of last class: 55
MyGCN2(
  (conv1): GCNConv(1433, 80)
  (conv4): GCNConv(80, 6)
)
conv1.bias
torch.Size([80])
conv1.lin.weight
torch.Size([80, 1433])
conv4.bias
torch.Size([6])
conv4.lin.weight
torch.Size([6, 80])
After OOD adjustment: Training instances of last class: 0
After OOD adjustment: Testing instances of last class: 55
Epoch: 001, Runtime 0.037108, Loss 1.825687, forward nfe 0, backward nfe 0, Train: 0.2250, Val: 0.1515, Test: 0.1462, Best time: 18.2948
After OOD adjustment: Training instances of last class: 0
After OOD adjustment: Testing instances of last class: 55
Epoch: 002, Runtime 0.134364, Loss 1.763674, forward nfe 0, backward nfe 0, Train: 0.5833, Val: 0.2412, Test: 0.2416, Best time: 18.2948
After OOD adjustment: Training instances of last class: 0
After OOD adjustment: Testing instances of last class: 55
Epoch: 003, Runtime 0.124048, Loss 1.702916, forward nfe 0, backward nfe 0, Train: 0.7833, Val: 0.3706, Test: 0.3838, Best time: 18.2948
After OOD adjustment: Training instances of last class: 0
After OOD adjustment: Testing instances of last class: 55
Epoch: 004, Runtime 0.126002, Loss 1.643325, forward nfe 0, backward nfe 0, Train: 0.9000, Val: 0.4743, Test: 0.4873, Best time: 18.2948
After OOD adjustment: Training instances of last class: 0
After OOD adjustment: Testing instances of last class: 55
Epoch: 005, Runtime 0.126333, Loss 1.584844, forward nfe 0, backward nfe 0, Train: 0.9333, Val: 0.5287, Test: 0.5462, Best time: 18.2948
After OOD adjustment: Training instances of last class: 0
After OOD adjustment: Testing instances of last class: 55
Epoch: 006, Runtime 0.120553, Loss 1.527426, forward nfe 0, backward nfe 0, Train: 0.9500, Val: 0.5772, Test: 0.5807, Best time: 18.2948
After OOD adjustment: Training instances of last class: 0
After OOD adjustment: Testing instances of last class: 55
Epoch: 007, Runtime 0.121124, Loss 1.471039, forward nfe 0, backward nfe 0, Train: 0.9667, Val: 0.6044, Test: 0.6030, Best time: 18.2948
After OOD adjustment: Training instances of last class: 0
After OOD adjustment: Testing instances of last class: 55
Epoch: 008, Runtime 0.123028, Loss 1.415671, forward nfe 0, backward nfe 0, Train: 0.9750, Val: 0.6309, Test: 0.6183, Best time: 18.2948
After OOD adjustment: Training instances of last class: 0
After OOD adjustment: Testing instances of last class: 55
Epoch: 009, Runtime 0.125438, Loss 1.361327, forward nfe 0, backward nfe 0, Train: 0.9917, Val: 0.6544, Test: 0.6376, Best time: 18.2948
After OOD adjustment: Training instances of last class: 0
After OOD adjustment: Testing instances of last class: 55
Epoch: 010, Runtime 0.125202, Loss 1.308025, forward nfe 0, backward nfe 0, Train: 0.9917, Val: 0.6750, Test: 0.6660, Best time: 18.2948
After OOD adjustment: Training instances of last class: 0
After OOD adjustment: Testing instances of last class: 55
Epoch: 011, Runtime 0.120970, Loss 1.255793, forward nfe 0, backward nfe 0, Train: 0.9917, Val: 0.6816, Test: 0.6822, Best time: 18.2948
After OOD adjustment: Training instances of last class: 0
After OOD adjustment: Testing instances of last class: 55
Epoch: 012, Runtime 0.121715, Loss 1.204666, forward nfe 0, backward nfe 0, Train: 0.9917, Val: 0.6978, Test: 0.6934, Best time: 18.2948
After OOD adjustment: Training instances of last class: 0
After OOD adjustment: Testing instances of last class: 55
Epoch: 013, Runtime 0.123168, Loss 1.154683, forward nfe 0, backward nfe 0, Train: 0.9917, Val: 0.7132, Test: 0.7056, Best time: 18.2948
After OOD adjustment: Training instances of last class: 0
After OOD adjustment: Testing instances of last class: 55
Epoch: 014, Runtime 0.125117, Loss 1.105888, forward nfe 0, backward nfe 0, Train: 0.9917, Val: 0.7294, Test: 0.7188, Best time: 18.2948
After OOD adjustment: Training instances of last class: 0
After OOD adjustment: Testing instances of last class: 55
Epoch: 015, Runtime 0.126367, Loss 1.058322, forward nfe 0, backward nfe 0, Train: 0.9917, Val: 0.7404, Test: 0.7340, Best time: 18.2948
After OOD adjustment: Training instances of last class: 0
After OOD adjustment: Testing instances of last class: 55
Epoch: 016, Runtime 0.120706, Loss 1.012030, forward nfe 0, backward nfe 0, Train: 1.0000, Val: 0.7515, Test: 0.7381, Best time: 18.2948
After OOD adjustment: Training instances of last class: 0
After OOD adjustment: Testing instances of last class: 55
Epoch: 017, Runtime 0.121292, Loss 0.967052, forward nfe 0, backward nfe 0, Train: 1.0000, Val: 0.7588, Test: 0.7401, Best time: 18.2948
After OOD adjustment: Training instances of last class: 0
After OOD adjustment: Testing instances of last class: 55
Epoch: 018, Runtime 0.122886, Loss 0.923424, forward nfe 0, backward nfe 0, Train: 1.0000, Val: 0.7640, Test: 0.7503, Best time: 18.2948
After OOD adjustment: Training instances of last class: 0
After OOD adjustment: Testing instances of last class: 55
Epoch: 019, Runtime 0.125161, Loss 0.881178, forward nfe 0, backward nfe 0, Train: 1.0000, Val: 0.7699, Test: 0.7574, Best time: 18.2948
After OOD adjustment: Training instances of last class: 0
After OOD adjustment: Testing instances of last class: 55
Epoch: 020, Runtime 0.125496, Loss 0.840338, forward nfe 0, backward nfe 0, Train: 1.0000, Val: 0.7728, Test: 0.7563, Best time: 18.2948
After OOD adjustment: Training instances of last class: 0
After OOD adjustment: Testing instances of last class: 55
Epoch: 021, Runtime 0.118374, Loss 0.800922, forward nfe 0, backward nfe 0, Train: 1.0000, Val: 0.7750, Test: 0.7574, Best time: 18.2948
After OOD adjustment: Training instances of last class: 0
After OOD adjustment: Testing instances of last class: 55
Epoch: 022, Runtime 0.120554, Loss 0.762940, forward nfe 0, backward nfe 0, Train: 1.0000, Val: 0.7772, Test: 0.7614, Best time: 18.2948
After OOD adjustment: Training instances of last class: 0
After OOD adjustment: Testing instances of last class: 55
Epoch: 023, Runtime 0.121714, Loss 0.726394, forward nfe 0, backward nfe 0, Train: 1.0000, Val: 0.7787, Test: 0.7635, Best time: 18.2948
After OOD adjustment: Training instances of last class: 0
After OOD adjustment: Testing instances of last class: 55
Epoch: 024, Runtime 0.124006, Loss 0.691282, forward nfe 0, backward nfe 0, Train: 1.0000, Val: 0.7801, Test: 0.7655, Best time: 18.2948
After OOD adjustment: Training instances of last class: 0
After OOD adjustment: Testing instances of last class: 55
Epoch: 025, Runtime 0.025209, Loss 0.657591, forward nfe 0, backward nfe 0, Train: 1.0000, Val: 0.7801, Test: 0.7655, Best time: 18.2948
After OOD adjustment: Training instances of last class: 0
After OOD adjustment: Testing instances of last class: 55
Epoch: 026, Runtime 0.021748, Loss 0.625307, forward nfe 0, backward nfe 0, Train: 1.0000, Val: 0.7801, Test: 0.7655, Best time: 18.2948
After OOD adjustment: Training instances of last class: 0
After OOD adjustment: Testing instances of last class: 55
Epoch: 027, Runtime 0.125157, Loss 0.594406, forward nfe 0, backward nfe 0, Train: 1.0000, Val: 0.7809, Test: 0.7716, Best time: 18.2948
After OOD adjustment: Training instances of last class: 0
After OOD adjustment: Testing instances of last class: 55
Epoch: 028, Runtime 0.119635, Loss 0.564865, forward nfe 0, backward nfe 0, Train: 1.0000, Val: 0.7846, Test: 0.7716, Best time: 18.2948
After OOD adjustment: Training instances of last class: 0
After OOD adjustment: Testing instances of last class: 55
Epoch: 029, Runtime 0.026929, Loss 0.536655, forward nfe 0, backward nfe 0, Train: 1.0000, Val: 0.7846, Test: 0.7716, Best time: 18.2948
After OOD adjustment: Training instances of last class: 0
After OOD adjustment: Testing instances of last class: 55
Epoch: 030, Runtime 0.116938, Loss 0.509744, forward nfe 0, backward nfe 0, Train: 1.0000, Val: 0.7853, Test: 0.7736, Best time: 18.2948
After OOD adjustment: Training instances of last class: 0
After OOD adjustment: Testing instances of last class: 55
Epoch: 031, Runtime 0.123259, Loss 0.484098, forward nfe 0, backward nfe 0, Train: 1.0000, Val: 0.7860, Test: 0.7736, Best time: 18.2948
After OOD adjustment: Training instances of last class: 0
After OOD adjustment: Testing instances of last class: 55
Epoch: 032, Runtime 0.123279, Loss 0.459682, forward nfe 0, backward nfe 0, Train: 1.0000, Val: 0.7875, Test: 0.7746, Best time: 18.2948
After OOD adjustment: Training instances of last class: 0
After OOD adjustment: Testing instances of last class: 55
Epoch: 033, Runtime 0.025789, Loss 0.436459, forward nfe 0, backward nfe 0, Train: 1.0000, Val: 0.7875, Test: 0.7746, Best time: 18.2948
After OOD adjustment: Training instances of last class: 0
After OOD adjustment: Testing instances of last class: 55
Epoch: 034, Runtime 0.124743, Loss 0.414389, forward nfe 0, backward nfe 0, Train: 1.0000, Val: 0.7897, Test: 0.7766, Best time: 18.2948
After OOD adjustment: Training instances of last class: 0
After OOD adjustment: Testing instances of last class: 55
Epoch: 035, Runtime 0.124902, Loss 0.393434, forward nfe 0, backward nfe 0, Train: 1.0000, Val: 0.7904, Test: 0.7756, Best time: 18.2948
After OOD adjustment: Training instances of last class: 0
After OOD adjustment: Testing instances of last class: 55
Epoch: 036, Runtime 0.027056, Loss 0.373552, forward nfe 0, backward nfe 0, Train: 1.0000, Val: 0.7904, Test: 0.7756, Best time: 18.2948
After OOD adjustment: Training instances of last class: 0
After OOD adjustment: Testing instances of last class: 55
Epoch: 037, Runtime 0.121341, Loss 0.354702, forward nfe 0, backward nfe 0, Train: 1.0000, Val: 0.7912, Test: 0.7736, Best time: 18.2948
After OOD adjustment: Training instances of last class: 0
After OOD adjustment: Testing instances of last class: 55
Epoch: 038, Runtime 0.026258, Loss 0.336843, forward nfe 0, backward nfe 0, Train: 1.0000, Val: 0.7912, Test: 0.7736, Best time: 18.2948
After OOD adjustment: Training instances of last class: 0
After OOD adjustment: Testing instances of last class: 55
Epoch: 039, Runtime 0.026363, Loss 0.319932, forward nfe 0, backward nfe 0, Train: 1.0000, Val: 0.7912, Test: 0.7736, Best time: 18.2948
After OOD adjustment: Training instances of last class: 0
After OOD adjustment: Testing instances of last class: 55
Epoch: 040, Runtime 0.023747, Loss 0.303928, forward nfe 0, backward nfe 0, Train: 1.0000, Val: 0.7912, Test: 0.7736, Best time: 18.2948
After OOD adjustment: Training instances of last class: 0
After OOD adjustment: Testing instances of last class: 55
Epoch: 041, Runtime 0.023762, Loss 0.288790, forward nfe 0, backward nfe 0, Train: 1.0000, Val: 0.7912, Test: 0.7736, Best time: 18.2948
After OOD adjustment: Training instances of last class: 0
After OOD adjustment: Testing instances of last class: 55
Epoch: 042, Runtime 0.023211, Loss 0.274478, forward nfe 0, backward nfe 0, Train: 1.0000, Val: 0.7912, Test: 0.7736, Best time: 18.2948
After OOD adjustment: Training instances of last class: 0
After OOD adjustment: Testing instances of last class: 55
Epoch: 043, Runtime 0.022825, Loss 0.260951, forward nfe 0, backward nfe 0, Train: 1.0000, Val: 0.7912, Test: 0.7736, Best time: 18.2948
After OOD adjustment: Training instances of last class: 0
After OOD adjustment: Testing instances of last class: 55
Epoch: 044, Runtime 0.023286, Loss 0.248171, forward nfe 0, backward nfe 0, Train: 1.0000, Val: 0.7912, Test: 0.7736, Best time: 18.2948
After OOD adjustment: Training instances of last class: 0
After OOD adjustment: Testing instances of last class: 55
Epoch: 045, Runtime 0.024537, Loss 0.236100, forward nfe 0, backward nfe 0, Train: 1.0000, Val: 0.7912, Test: 0.7736, Best time: 18.2948
After OOD adjustment: Training instances of last class: 0
After OOD adjustment: Testing instances of last class: 55
Epoch: 046, Runtime 0.026243, Loss 0.224703, forward nfe 0, backward nfe 0, Train: 1.0000, Val: 0.7912, Test: 0.7736, Best time: 18.2948
After OOD adjustment: Training instances of last class: 0
After OOD adjustment: Testing instances of last class: 55
Epoch: 047, Runtime 0.026030, Loss 0.213944, forward nfe 0, backward nfe 0, Train: 1.0000, Val: 0.7912, Test: 0.7736, Best time: 18.2948
After OOD adjustment: Training instances of last class: 0
After OOD adjustment: Testing instances of last class: 55
Epoch: 048, Runtime 0.026156, Loss 0.203789, forward nfe 0, backward nfe 0, Train: 1.0000, Val: 0.7912, Test: 0.7736, Best time: 18.2948
After OOD adjustment: Training instances of last class: 0
After OOD adjustment: Testing instances of last class: 55
Epoch: 049, Runtime 0.026190, Loss 0.194207, forward nfe 0, backward nfe 0, Train: 1.0000, Val: 0.7912, Test: 0.7736, Best time: 18.2948
After OOD adjustment: Training instances of last class: 0
After OOD adjustment: Testing instances of last class: 55
Epoch: 050, Runtime 0.026067, Loss 0.185166, forward nfe 0, backward nfe 0, Train: 1.0000, Val: 0.7912, Test: 0.7736, Best time: 18.2948
After OOD adjustment: Training instances of last class: 0
After OOD adjustment: Testing instances of last class: 55
Epoch: 051, Runtime 0.023604, Loss 0.176636, forward nfe 0, backward nfe 0, Train: 1.0000, Val: 0.7912, Test: 0.7736, Best time: 18.2948
After OOD adjustment: Training instances of last class: 0
After OOD adjustment: Testing instances of last class: 55
Epoch: 052, Runtime 0.024044, Loss 0.168589, forward nfe 0, backward nfe 0, Train: 1.0000, Val: 0.7912, Test: 0.7736, Best time: 18.2948
After OOD adjustment: Training instances of last class: 0
After OOD adjustment: Testing instances of last class: 55
Epoch: 053, Runtime 0.023546, Loss 0.160998, forward nfe 0, backward nfe 0, Train: 1.0000, Val: 0.7912, Test: 0.7736, Best time: 18.2948
After OOD adjustment: Training instances of last class: 0
After OOD adjustment: Testing instances of last class: 55
Epoch: 054, Runtime 0.023075, Loss 0.153837, forward nfe 0, backward nfe 0, Train: 1.0000, Val: 0.7912, Test: 0.7736, Best time: 18.2948
After OOD adjustment: Training instances of last class: 0
After OOD adjustment: Testing instances of last class: 55
Epoch: 055, Runtime 0.022442, Loss 0.147081, forward nfe 0, backward nfe 0, Train: 1.0000, Val: 0.7912, Test: 0.7736, Best time: 18.2948
After OOD adjustment: Training instances of last class: 0
After OOD adjustment: Testing instances of last class: 55
Epoch: 056, Runtime 0.024694, Loss 0.140707, forward nfe 0, backward nfe 0, Train: 1.0000, Val: 0.7912, Test: 0.7736, Best time: 18.2948
After OOD adjustment: Training instances of last class: 0
After OOD adjustment: Testing instances of last class: 55
Epoch: 057, Runtime 0.025032, Loss 0.134692, forward nfe 0, backward nfe 0, Train: 1.0000, Val: 0.7912, Test: 0.7736, Best time: 18.2948
After OOD adjustment: Training instances of last class: 0
After OOD adjustment: Testing instances of last class: 55
Epoch: 058, Runtime 0.023645, Loss 0.129016, forward nfe 0, backward nfe 0, Train: 1.0000, Val: 0.7912, Test: 0.7736, Best time: 18.2948
After OOD adjustment: Training instances of last class: 0
After OOD adjustment: Testing instances of last class: 55
Epoch: 059, Runtime 0.023585, Loss 0.123658, forward nfe 0, backward nfe 0, Train: 1.0000, Val: 0.7912, Test: 0.7736, Best time: 18.2948
After OOD adjustment: Training instances of last class: 0
After OOD adjustment: Testing instances of last class: 55
Epoch: 060, Runtime 0.023334, Loss 0.118599, forward nfe 0, backward nfe 0, Train: 1.0000, Val: 0.7912, Test: 0.7736, Best time: 18.2948
After OOD adjustment: Training instances of last class: 0
After OOD adjustment: Testing instances of last class: 55
Epoch: 061, Runtime 0.022848, Loss 0.113820, forward nfe 0, backward nfe 0, Train: 1.0000, Val: 0.7912, Test: 0.7736, Best time: 18.2948
After OOD adjustment: Training instances of last class: 0
After OOD adjustment: Testing instances of last class: 55
Epoch: 062, Runtime 0.022434, Loss 0.109306, forward nfe 0, backward nfe 0, Train: 1.0000, Val: 0.7912, Test: 0.7736, Best time: 18.2948
After OOD adjustment: Training instances of last class: 0
After OOD adjustment: Testing instances of last class: 55
Epoch: 063, Runtime 0.026480, Loss 0.105040, forward nfe 0, backward nfe 0, Train: 1.0000, Val: 0.7912, Test: 0.7736, Best time: 18.2948
After OOD adjustment: Training instances of last class: 0
After OOD adjustment: Testing instances of last class: 55
Epoch: 064, Runtime 0.024563, Loss 0.101007, forward nfe 0, backward nfe 0, Train: 1.0000, Val: 0.7912, Test: 0.7736, Best time: 18.2948
After OOD adjustment: Training instances of last class: 0
After OOD adjustment: Testing instances of last class: 55
Epoch: 065, Runtime 0.024188, Loss 0.097193, forward nfe 0, backward nfe 0, Train: 1.0000, Val: 0.7912, Test: 0.7736, Best time: 18.2948
After OOD adjustment: Training instances of last class: 0
After OOD adjustment: Testing instances of last class: 55
Epoch: 066, Runtime 0.023176, Loss 0.093584, forward nfe 0, backward nfe 0, Train: 1.0000, Val: 0.7912, Test: 0.7736, Best time: 18.2948
After OOD adjustment: Training instances of last class: 0
After OOD adjustment: Testing instances of last class: 55
Epoch: 067, Runtime 0.022567, Loss 0.090167, forward nfe 0, backward nfe 0, Train: 1.0000, Val: 0.7912, Test: 0.7736, Best time: 18.2948
After OOD adjustment: Training instances of last class: 0
After OOD adjustment: Testing instances of last class: 55
Epoch: 068, Runtime 0.023346, Loss 0.086932, forward nfe 0, backward nfe 0, Train: 1.0000, Val: 0.7912, Test: 0.7736, Best time: 18.2948
After OOD adjustment: Training instances of last class: 0
After OOD adjustment: Testing instances of last class: 55
Epoch: 069, Runtime 0.022611, Loss 0.083866, forward nfe 0, backward nfe 0, Train: 1.0000, Val: 0.7912, Test: 0.7736, Best time: 18.2948
After OOD adjustment: Training instances of last class: 0
After OOD adjustment: Testing instances of last class: 55
Epoch: 070, Runtime 0.025887, Loss 0.080959, forward nfe 0, backward nfe 0, Train: 1.0000, Val: 0.7912, Test: 0.7736, Best time: 18.2948
After OOD adjustment: Training instances of last class: 0
After OOD adjustment: Testing instances of last class: 55
Epoch: 071, Runtime 0.023752, Loss 0.078202, forward nfe 0, backward nfe 0, Train: 1.0000, Val: 0.7912, Test: 0.7736, Best time: 18.2948
After OOD adjustment: Training instances of last class: 0
After OOD adjustment: Testing instances of last class: 55
Epoch: 072, Runtime 0.022731, Loss 0.075586, forward nfe 0, backward nfe 0, Train: 1.0000, Val: 0.7912, Test: 0.7736, Best time: 18.2948
After OOD adjustment: Training instances of last class: 0
After OOD adjustment: Testing instances of last class: 55
Epoch: 073, Runtime 0.023778, Loss 0.073101, forward nfe 0, backward nfe 0, Train: 1.0000, Val: 0.7912, Test: 0.7736, Best time: 18.2948
After OOD adjustment: Training instances of last class: 0
After OOD adjustment: Testing instances of last class: 55
Epoch: 074, Runtime 0.023174, Loss 0.070740, forward nfe 0, backward nfe 0, Train: 1.0000, Val: 0.7912, Test: 0.7736, Best time: 18.2948
After OOD adjustment: Training instances of last class: 0
After OOD adjustment: Testing instances of last class: 55
Epoch: 075, Runtime 0.022804, Loss 0.068495, forward nfe 0, backward nfe 0, Train: 1.0000, Val: 0.7912, Test: 0.7736, Best time: 18.2948
After OOD adjustment: Training instances of last class: 0
After OOD adjustment: Testing instances of last class: 55
Epoch: 076, Runtime 0.023823, Loss 0.066360, forward nfe 0, backward nfe 0, Train: 1.0000, Val: 0.7912, Test: 0.7736, Best time: 18.2948
After OOD adjustment: Training instances of last class: 0
After OOD adjustment: Testing instances of last class: 55
Epoch: 077, Runtime 0.025633, Loss 0.064327, forward nfe 0, backward nfe 0, Train: 1.0000, Val: 0.7912, Test: 0.7736, Best time: 18.2948
After OOD adjustment: Training instances of last class: 0
After OOD adjustment: Testing instances of last class: 55
Epoch: 078, Runtime 0.023246, Loss 0.062391, forward nfe 0, backward nfe 0, Train: 1.0000, Val: 0.7912, Test: 0.7736, Best time: 18.2948
After OOD adjustment: Training instances of last class: 0
After OOD adjustment: Testing instances of last class: 55
Epoch: 079, Runtime 0.023375, Loss 0.060546, forward nfe 0, backward nfe 0, Train: 1.0000, Val: 0.7912, Test: 0.7736, Best time: 18.2948
After OOD adjustment: Training instances of last class: 0
After OOD adjustment: Testing instances of last class: 55
Epoch: 080, Runtime 0.023630, Loss 0.058786, forward nfe 0, backward nfe 0, Train: 1.0000, Val: 0.7912, Test: 0.7736, Best time: 18.2948
After OOD adjustment: Training instances of last class: 0
After OOD adjustment: Testing instances of last class: 55
Epoch: 081, Runtime 0.022801, Loss 0.057107, forward nfe 0, backward nfe 0, Train: 1.0000, Val: 0.7912, Test: 0.7736, Best time: 18.2948
After OOD adjustment: Training instances of last class: 0
After OOD adjustment: Testing instances of last class: 55
Epoch: 082, Runtime 0.023971, Loss 0.055504, forward nfe 0, backward nfe 0, Train: 1.0000, Val: 0.7912, Test: 0.7736, Best time: 18.2948
After OOD adjustment: Training instances of last class: 0
After OOD adjustment: Testing instances of last class: 55
Epoch: 083, Runtime 0.024088, Loss 0.053972, forward nfe 0, backward nfe 0, Train: 1.0000, Val: 0.7912, Test: 0.7736, Best time: 18.2948
After OOD adjustment: Training instances of last class: 0
After OOD adjustment: Testing instances of last class: 55
Epoch: 084, Runtime 0.026013, Loss 0.052507, forward nfe 0, backward nfe 0, Train: 1.0000, Val: 0.7912, Test: 0.7736, Best time: 18.2948
After OOD adjustment: Training instances of last class: 0
After OOD adjustment: Testing instances of last class: 55
Epoch: 085, Runtime 0.026514, Loss 0.051106, forward nfe 0, backward nfe 0, Train: 1.0000, Val: 0.7912, Test: 0.7736, Best time: 18.2948
After OOD adjustment: Training instances of last class: 0
After OOD adjustment: Testing instances of last class: 55
Epoch: 086, Runtime 0.026699, Loss 0.049764, forward nfe 0, backward nfe 0, Train: 1.0000, Val: 0.7912, Test: 0.7736, Best time: 18.2948
After OOD adjustment: Training instances of last class: 0
After OOD adjustment: Testing instances of last class: 55
Epoch: 087, Runtime 0.025742, Loss 0.048480, forward nfe 0, backward nfe 0, Train: 1.0000, Val: 0.7912, Test: 0.7736, Best time: 18.2948
After OOD adjustment: Training instances of last class: 0
After OOD adjustment: Testing instances of last class: 55
Epoch: 088, Runtime 0.026014, Loss 0.047248, forward nfe 0, backward nfe 0, Train: 1.0000, Val: 0.7912, Test: 0.7736, Best time: 18.2948
After OOD adjustment: Training instances of last class: 0
After OOD adjustment: Testing instances of last class: 55
Epoch: 089, Runtime 0.026285, Loss 0.046067, forward nfe 0, backward nfe 0, Train: 1.0000, Val: 0.7912, Test: 0.7736, Best time: 18.2948
After OOD adjustment: Training instances of last class: 0
After OOD adjustment: Testing instances of last class: 55
Epoch: 090, Runtime 0.026031, Loss 0.044934, forward nfe 0, backward nfe 0, Train: 1.0000, Val: 0.7912, Test: 0.7736, Best time: 18.2948
After OOD adjustment: Training instances of last class: 0
After OOD adjustment: Testing instances of last class: 55
Epoch: 091, Runtime 0.026729, Loss 0.043846, forward nfe 0, backward nfe 0, Train: 1.0000, Val: 0.7912, Test: 0.7736, Best time: 18.2948
After OOD adjustment: Training instances of last class: 0
After OOD adjustment: Testing instances of last class: 55
Epoch: 092, Runtime 0.026514, Loss 0.042801, forward nfe 0, backward nfe 0, Train: 1.0000, Val: 0.7912, Test: 0.7736, Best time: 18.2948
After OOD adjustment: Training instances of last class: 0
After OOD adjustment: Testing instances of last class: 55
Epoch: 093, Runtime 0.025966, Loss 0.041796, forward nfe 0, backward nfe 0, Train: 1.0000, Val: 0.7912, Test: 0.7736, Best time: 18.2948
After OOD adjustment: Training instances of last class: 0
After OOD adjustment: Testing instances of last class: 55
Epoch: 094, Runtime 0.023677, Loss 0.040830, forward nfe 0, backward nfe 0, Train: 1.0000, Val: 0.7912, Test: 0.7736, Best time: 18.2948
After OOD adjustment: Training instances of last class: 0
After OOD adjustment: Testing instances of last class: 55
Epoch: 095, Runtime 0.023292, Loss 0.039900, forward nfe 0, backward nfe 0, Train: 1.0000, Val: 0.7912, Test: 0.7736, Best time: 18.2948
After OOD adjustment: Training instances of last class: 0
After OOD adjustment: Testing instances of last class: 55
Epoch: 096, Runtime 0.023503, Loss 0.039005, forward nfe 0, backward nfe 0, Train: 1.0000, Val: 0.7912, Test: 0.7736, Best time: 18.2948
After OOD adjustment: Training instances of last class: 0
After OOD adjustment: Testing instances of last class: 55
Epoch: 097, Runtime 0.023193, Loss 0.038142, forward nfe 0, backward nfe 0, Train: 1.0000, Val: 0.7912, Test: 0.7736, Best time: 18.2948
After OOD adjustment: Training instances of last class: 0
After OOD adjustment: Testing instances of last class: 55
Epoch: 098, Runtime 0.022999, Loss 0.037311, forward nfe 0, backward nfe 0, Train: 1.0000, Val: 0.7912, Test: 0.7736, Best time: 18.2948
After OOD adjustment: Training instances of last class: 0
After OOD adjustment: Testing instances of last class: 55
Epoch: 099, Runtime 0.025029, Loss 0.036509, forward nfe 0, backward nfe 0, Train: 1.0000, Val: 0.7912, Test: 0.7736, Best time: 18.2948
best val accuracy 0.791176 with test accuracy 0.773604 at epoch 37 and best time 18.294754
base_directory resutls_prob/OOD_Cora
new_name:  gnn_ODD
file_path 1 resutls_prob/OOD_Cora/gnn_ODD_prediction_probabilities_48.npz
file_path 2 resutls_prob/OOD_Cora/gnn_ODD_prediction_probabilities_48.npz
Entropy Threshold: inf Test accuracy: 0.7736040609137056
Entropy Threshold: 2 Test accuracy: 0.7736040609137056
Entropy Threshold: 1.6 Test accuracy: 0.8896210873146623
Entropy Threshold: 1.5 Test accuracy: 0.9235807860262009
Entropy Threshold: 1.4 Test accuracy: 0.9323529411764706
Entropy Threshold: 1.3 Test accuracy: 0.94921875
Entropy Threshold: 1.2 Test accuracy: 0.9547738693467337
Entropy Threshold: 1.1 Test accuracy: 0.9629629629629629
Entropy Threshold: 0.9 Test accuracy: 0.9647058823529412
Entropy Threshold: 0.8 Test accuracy: 0.9692307692307692
Entropy Threshold: 0.7 Test accuracy: 0.9777777777777777
Entropy Threshold: 0.6 Test accuracy: 1.0
Entropy Threshold: 0.5 Test accuracy: 1.0
Entropy Threshold: 0.4 Test accuracy: 1.0
Entropy Threshold: 0.3 Test accuracy: 1.0
Entropy Threshold: 0.2 Test accuracy: 1.0
Entropy Threshold: 0.1 Test accuracy: 1.0
