[KeOps] Warning : cuda was detected, but driver API could not be initialized. Switching to cpu only.
Folder already exists: results/computers
experiment: 0
Dataset size (num_nodes): 13381, Intended development set size (num_development): 1500
Dataset size (num_nodes): 13381, Actual development set size (num_development): 1500
rations: train 200, val 1300, test 11881
Before OOD adjustment: Total instances of last class: 283
Before OOD adjustment: Training instances of last class: 20
Before OOD adjustment: Testing instances of last class: 257
Before OOD adjustment: Val instances of last class: 6
total train + val+ test 283
After OOD adjustment: Training instances of last class: 0
After OOD adjustment: Testing instances of last class: 257
Total number of classes: 10
number of classes to train: 9
MyGCN2(
  (conv1): GCNConv(767, 128)
  (conv4): GCNConv(128, 9)
)
conv1.bias
torch.Size([128])
conv1.lin.weight
torch.Size([128, 767])
conv4.bias
torch.Size([9])
conv4.lin.weight
torch.Size([9, 128])
After OOD adjustment: Training instances of last class: 0
After OOD adjustment: Testing instances of last class: 257
Epoch: 001, Runtime 0.879200, Loss 2.238376, forward nfe 0, backward nfe 0, Train: 0.2222, Val: 0.0669, Test: 0.0807, Best time: 3.2490
After OOD adjustment: Training instances of last class: 0
After OOD adjustment: Testing instances of last class: 257
Epoch: 002, Runtime 0.836781, Loss 2.297481, forward nfe 0, backward nfe 0, Train: 0.2222, Val: 0.0669, Test: 0.0807, Best time: 3.2490
After OOD adjustment: Training instances of last class: 0
After OOD adjustment: Testing instances of last class: 257
Epoch: 003, Runtime 0.855997, Loss 2.215402, forward nfe 0, backward nfe 0, Train: 0.2222, Val: 0.0669, Test: 0.0807, Best time: 3.2490
After OOD adjustment: Training instances of last class: 0
After OOD adjustment: Testing instances of last class: 257
Epoch: 004, Runtime 0.973576, Loss 2.039035, forward nfe 0, backward nfe 0, Train: 0.4444, Val: 0.2831, Test: 0.2913, Best time: 3.2490
After OOD adjustment: Training instances of last class: 0
After OOD adjustment: Testing instances of last class: 257
Epoch: 005, Runtime 0.922926, Loss 1.897948, forward nfe 0, backward nfe 0, Train: 0.4278, Val: 0.3092, Test: 0.3126, Best time: 3.2490
After OOD adjustment: Training instances of last class: 0
After OOD adjustment: Testing instances of last class: 257
Epoch: 006, Runtime 0.945270, Loss 1.842610, forward nfe 0, backward nfe 0, Train: 0.5833, Val: 0.6008, Test: 0.5795, Best time: 3.2490
After OOD adjustment: Training instances of last class: 0
After OOD adjustment: Testing instances of last class: 257
Epoch: 007, Runtime 0.811081, Loss 1.812670, forward nfe 0, backward nfe 0, Train: 0.5833, Val: 0.6008, Test: 0.5795, Best time: 3.2490
After OOD adjustment: Training instances of last class: 0
After OOD adjustment: Testing instances of last class: 257
Epoch: 008, Runtime 0.836322, Loss 1.773898, forward nfe 0, backward nfe 0, Train: 0.5833, Val: 0.6008, Test: 0.5795, Best time: 3.2490
After OOD adjustment: Training instances of last class: 0
After OOD adjustment: Testing instances of last class: 257
Epoch: 009, Runtime 1.021672, Loss 1.663980, forward nfe 0, backward nfe 0, Train: 0.6167, Val: 0.6485, Test: 0.6059, Best time: 3.2490
After OOD adjustment: Training instances of last class: 0
After OOD adjustment: Testing instances of last class: 257
Epoch: 010, Runtime 0.840627, Loss 1.553612, forward nfe 0, backward nfe 0, Train: 0.6167, Val: 0.6485, Test: 0.6059, Best time: 3.2490
After OOD adjustment: Training instances of last class: 0
After OOD adjustment: Testing instances of last class: 257
Epoch: 011, Runtime 0.845184, Loss 1.488084, forward nfe 0, backward nfe 0, Train: 0.6167, Val: 0.6485, Test: 0.6059, Best time: 3.2490
After OOD adjustment: Training instances of last class: 0
After OOD adjustment: Testing instances of last class: 257
Epoch: 012, Runtime 0.877565, Loss 1.453428, forward nfe 0, backward nfe 0, Train: 0.6167, Val: 0.6485, Test: 0.6059, Best time: 3.2490
After OOD adjustment: Training instances of last class: 0
After OOD adjustment: Testing instances of last class: 257
Epoch: 013, Runtime 0.864194, Loss 1.427013, forward nfe 0, backward nfe 0, Train: 0.6167, Val: 0.6485, Test: 0.6059, Best time: 3.2490
After OOD adjustment: Training instances of last class: 0
After OOD adjustment: Testing instances of last class: 257
Epoch: 014, Runtime 0.836952, Loss 1.374690, forward nfe 0, backward nfe 0, Train: 0.6167, Val: 0.6485, Test: 0.6059, Best time: 3.2490
After OOD adjustment: Training instances of last class: 0
After OOD adjustment: Testing instances of last class: 257
Epoch: 015, Runtime 1.000969, Loss 1.303671, forward nfe 0, backward nfe 0, Train: 0.8500, Val: 0.6608, Test: 0.6666, Best time: 3.2490
After OOD adjustment: Training instances of last class: 0
After OOD adjustment: Testing instances of last class: 257
Epoch: 016, Runtime 0.978056, Loss 1.244471, forward nfe 0, backward nfe 0, Train: 0.8444, Val: 0.7369, Test: 0.7253, Best time: 3.2490
After OOD adjustment: Training instances of last class: 0
After OOD adjustment: Testing instances of last class: 257
Epoch: 017, Runtime 0.971128, Loss 1.199955, forward nfe 0, backward nfe 0, Train: 0.8333, Val: 0.7608, Test: 0.7362, Best time: 3.2490
After OOD adjustment: Training instances of last class: 0
After OOD adjustment: Testing instances of last class: 257
Epoch: 018, Runtime 0.990654, Loss 1.163993, forward nfe 0, backward nfe 0, Train: 0.8111, Val: 0.7654, Test: 0.7386, Best time: 3.2490
After OOD adjustment: Training instances of last class: 0
After OOD adjustment: Testing instances of last class: 257
Epoch: 019, Runtime 1.003897, Loss 1.133804, forward nfe 0, backward nfe 0, Train: 0.8333, Val: 0.7900, Test: 0.7584, Best time: 3.2490
After OOD adjustment: Training instances of last class: 0
After OOD adjustment: Testing instances of last class: 257
Epoch: 020, Runtime 0.847923, Loss 1.099573, forward nfe 0, backward nfe 0, Train: 0.8333, Val: 0.7900, Test: 0.7584, Best time: 3.2490
After OOD adjustment: Training instances of last class: 0
After OOD adjustment: Testing instances of last class: 257
Epoch: 021, Runtime 0.875535, Loss 1.057122, forward nfe 0, backward nfe 0, Train: 0.8333, Val: 0.7900, Test: 0.7584, Best time: 3.2490
After OOD adjustment: Training instances of last class: 0
After OOD adjustment: Testing instances of last class: 257
Epoch: 022, Runtime 0.861464, Loss 1.015872, forward nfe 0, backward nfe 0, Train: 0.8333, Val: 0.7900, Test: 0.7584, Best time: 3.2490
After OOD adjustment: Training instances of last class: 0
After OOD adjustment: Testing instances of last class: 257
Epoch: 023, Runtime 0.815009, Loss 0.981232, forward nfe 0, backward nfe 0, Train: 0.8333, Val: 0.7900, Test: 0.7584, Best time: 3.2490
After OOD adjustment: Training instances of last class: 0
After OOD adjustment: Testing instances of last class: 257
Epoch: 024, Runtime 0.836894, Loss 0.950525, forward nfe 0, backward nfe 0, Train: 0.8333, Val: 0.7900, Test: 0.7584, Best time: 3.2490
After OOD adjustment: Training instances of last class: 0
After OOD adjustment: Testing instances of last class: 257
Epoch: 025, Runtime 0.816441, Loss 0.923137, forward nfe 0, backward nfe 0, Train: 0.8333, Val: 0.7900, Test: 0.7584, Best time: 3.2490
After OOD adjustment: Training instances of last class: 0
After OOD adjustment: Testing instances of last class: 257
Epoch: 026, Runtime 0.858147, Loss 0.898424, forward nfe 0, backward nfe 0, Train: 0.8333, Val: 0.7900, Test: 0.7584, Best time: 3.2490
After OOD adjustment: Training instances of last class: 0
After OOD adjustment: Testing instances of last class: 257
Epoch: 027, Runtime 0.839964, Loss 0.873229, forward nfe 0, backward nfe 0, Train: 0.8333, Val: 0.7900, Test: 0.7584, Best time: 3.2490
After OOD adjustment: Training instances of last class: 0
After OOD adjustment: Testing instances of last class: 257
Epoch: 028, Runtime 0.861235, Loss 0.845273, forward nfe 0, backward nfe 0, Train: 0.8333, Val: 0.7900, Test: 0.7584, Best time: 3.2490
After OOD adjustment: Training instances of last class: 0
After OOD adjustment: Testing instances of last class: 257
Epoch: 029, Runtime 0.970845, Loss 0.816323, forward nfe 0, backward nfe 0, Train: 0.8889, Val: 0.7938, Test: 0.7785, Best time: 3.2490
After OOD adjustment: Training instances of last class: 0
After OOD adjustment: Testing instances of last class: 257
Epoch: 030, Runtime 0.815415, Loss 0.790864, forward nfe 0, backward nfe 0, Train: 0.8889, Val: 0.7938, Test: 0.7785, Best time: 3.2490
After OOD adjustment: Training instances of last class: 0
After OOD adjustment: Testing instances of last class: 257
Epoch: 031, Runtime 0.802950, Loss 0.770743, forward nfe 0, backward nfe 0, Train: 0.8889, Val: 0.7938, Test: 0.7785, Best time: 3.2490
After OOD adjustment: Training instances of last class: 0
After OOD adjustment: Testing instances of last class: 257
Epoch: 032, Runtime 0.807539, Loss 0.753015, forward nfe 0, backward nfe 0, Train: 0.8889, Val: 0.7938, Test: 0.7785, Best time: 3.2490
After OOD adjustment: Training instances of last class: 0
After OOD adjustment: Testing instances of last class: 257
Epoch: 033, Runtime 0.836972, Loss 0.733705, forward nfe 0, backward nfe 0, Train: 0.8889, Val: 0.7938, Test: 0.7785, Best time: 3.2490
After OOD adjustment: Training instances of last class: 0
After OOD adjustment: Testing instances of last class: 257
Epoch: 034, Runtime 0.976821, Loss 0.712364, forward nfe 0, backward nfe 0, Train: 0.8889, Val: 0.7985, Test: 0.7852, Best time: 3.2490
After OOD adjustment: Training instances of last class: 0
After OOD adjustment: Testing instances of last class: 257
Epoch: 035, Runtime 0.955341, Loss 0.691671, forward nfe 0, backward nfe 0, Train: 0.8889, Val: 0.8077, Test: 0.7919, Best time: 3.2490
After OOD adjustment: Training instances of last class: 0
After OOD adjustment: Testing instances of last class: 257
Epoch: 036, Runtime 0.830733, Loss 0.673541, forward nfe 0, backward nfe 0, Train: 0.8889, Val: 0.8077, Test: 0.7919, Best time: 3.2490
After OOD adjustment: Training instances of last class: 0
After OOD adjustment: Testing instances of last class: 257
Epoch: 037, Runtime 0.842402, Loss 0.657576, forward nfe 0, backward nfe 0, Train: 0.8889, Val: 0.8077, Test: 0.7919, Best time: 3.2490
After OOD adjustment: Training instances of last class: 0
After OOD adjustment: Testing instances of last class: 257
Epoch: 038, Runtime 0.833354, Loss 0.642414, forward nfe 0, backward nfe 0, Train: 0.8889, Val: 0.8077, Test: 0.7919, Best time: 3.2490
After OOD adjustment: Training instances of last class: 0
After OOD adjustment: Testing instances of last class: 257
Epoch: 039, Runtime 0.818485, Loss 0.627296, forward nfe 0, backward nfe 0, Train: 0.8889, Val: 0.8077, Test: 0.7919, Best time: 3.2490
After OOD adjustment: Training instances of last class: 0
After OOD adjustment: Testing instances of last class: 257
Epoch: 040, Runtime 0.835179, Loss 0.612450, forward nfe 0, backward nfe 0, Train: 0.8889, Val: 0.8077, Test: 0.7919, Best time: 3.2490
After OOD adjustment: Training instances of last class: 0
After OOD adjustment: Testing instances of last class: 257
Epoch: 041, Runtime 0.843524, Loss 0.598213, forward nfe 0, backward nfe 0, Train: 0.8889, Val: 0.8077, Test: 0.7919, Best time: 3.2490
After OOD adjustment: Training instances of last class: 0
After OOD adjustment: Testing instances of last class: 257
Epoch: 042, Runtime 0.838599, Loss 0.584397, forward nfe 0, backward nfe 0, Train: 0.8889, Val: 0.8077, Test: 0.7919, Best time: 3.2490
After OOD adjustment: Training instances of last class: 0
After OOD adjustment: Testing instances of last class: 257
Epoch: 043, Runtime 0.847226, Loss 0.571001, forward nfe 0, backward nfe 0, Train: 0.8889, Val: 0.8077, Test: 0.7919, Best time: 3.2490
After OOD adjustment: Training instances of last class: 0
After OOD adjustment: Testing instances of last class: 257
Epoch: 044, Runtime 0.846778, Loss 0.558555, forward nfe 0, backward nfe 0, Train: 0.8889, Val: 0.8077, Test: 0.7919, Best time: 3.2490
After OOD adjustment: Training instances of last class: 0
After OOD adjustment: Testing instances of last class: 257
Epoch: 045, Runtime 0.959162, Loss 0.547232, forward nfe 0, backward nfe 0, Train: 0.8944, Val: 0.8085, Test: 0.7927, Best time: 3.2490
After OOD adjustment: Training instances of last class: 0
After OOD adjustment: Testing instances of last class: 257
Epoch: 046, Runtime 0.980916, Loss 0.536492, forward nfe 0, backward nfe 0, Train: 0.8944, Val: 0.8115, Test: 0.7960, Best time: 3.2490
After OOD adjustment: Training instances of last class: 0
After OOD adjustment: Testing instances of last class: 257
Epoch: 047, Runtime 0.843404, Loss 0.525770, forward nfe 0, backward nfe 0, Train: 0.8944, Val: 0.8115, Test: 0.7960, Best time: 3.2490
After OOD adjustment: Training instances of last class: 0
After OOD adjustment: Testing instances of last class: 257
Epoch: 048, Runtime 0.845073, Loss 0.515048, forward nfe 0, backward nfe 0, Train: 0.8944, Val: 0.8115, Test: 0.7960, Best time: 3.2490
After OOD adjustment: Training instances of last class: 0
After OOD adjustment: Testing instances of last class: 257
Epoch: 049, Runtime 0.851682, Loss 0.504754, forward nfe 0, backward nfe 0, Train: 0.8944, Val: 0.8115, Test: 0.7960, Best time: 3.2490
After OOD adjustment: Training instances of last class: 0
After OOD adjustment: Testing instances of last class: 257
Epoch: 050, Runtime 0.860271, Loss 0.495221, forward nfe 0, backward nfe 0, Train: 0.8944, Val: 0.8115, Test: 0.7960, Best time: 3.2490
After OOD adjustment: Training instances of last class: 0
After OOD adjustment: Testing instances of last class: 257
Epoch: 051, Runtime 0.845868, Loss 0.486276, forward nfe 0, backward nfe 0, Train: 0.8944, Val: 0.8115, Test: 0.7960, Best time: 3.2490
After OOD adjustment: Training instances of last class: 0
After OOD adjustment: Testing instances of last class: 257
Epoch: 052, Runtime 0.840364, Loss 0.477546, forward nfe 0, backward nfe 0, Train: 0.8944, Val: 0.8115, Test: 0.7960, Best time: 3.2490
After OOD adjustment: Training instances of last class: 0
After OOD adjustment: Testing instances of last class: 257
Epoch: 053, Runtime 0.849538, Loss 0.468961, forward nfe 0, backward nfe 0, Train: 0.8944, Val: 0.8115, Test: 0.7960, Best time: 3.2490
After OOD adjustment: Training instances of last class: 0
After OOD adjustment: Testing instances of last class: 257
Epoch: 054, Runtime 0.853595, Loss 0.460697, forward nfe 0, backward nfe 0, Train: 0.8944, Val: 0.8115, Test: 0.7960, Best time: 3.2490
After OOD adjustment: Training instances of last class: 0
After OOD adjustment: Testing instances of last class: 257
Epoch: 055, Runtime 0.859302, Loss 0.452848, forward nfe 0, backward nfe 0, Train: 0.8944, Val: 0.8115, Test: 0.7960, Best time: 3.2490
After OOD adjustment: Training instances of last class: 0
After OOD adjustment: Testing instances of last class: 257
Epoch: 056, Runtime 0.844414, Loss 0.445359, forward nfe 0, backward nfe 0, Train: 0.8944, Val: 0.8115, Test: 0.7960, Best time: 3.2490
After OOD adjustment: Training instances of last class: 0
After OOD adjustment: Testing instances of last class: 257
Epoch: 057, Runtime 0.804722, Loss 0.438127, forward nfe 0, backward nfe 0, Train: 0.8944, Val: 0.8115, Test: 0.7960, Best time: 3.2490
After OOD adjustment: Training instances of last class: 0
After OOD adjustment: Testing instances of last class: 257
Epoch: 058, Runtime 0.844488, Loss 0.431110, forward nfe 0, backward nfe 0, Train: 0.8944, Val: 0.8115, Test: 0.7960, Best time: 3.2490
After OOD adjustment: Training instances of last class: 0
After OOD adjustment: Testing instances of last class: 257
Epoch: 059, Runtime 0.841090, Loss 0.424345, forward nfe 0, backward nfe 0, Train: 0.8944, Val: 0.8115, Test: 0.7960, Best time: 3.2490
After OOD adjustment: Training instances of last class: 0
After OOD adjustment: Testing instances of last class: 257
Epoch: 060, Runtime 0.850824, Loss 0.417825, forward nfe 0, backward nfe 0, Train: 0.8944, Val: 0.8115, Test: 0.7960, Best time: 3.2490
After OOD adjustment: Training instances of last class: 0
After OOD adjustment: Testing instances of last class: 257
Epoch: 061, Runtime 0.854979, Loss 0.411468, forward nfe 0, backward nfe 0, Train: 0.8944, Val: 0.8115, Test: 0.7960, Best time: 3.2490
After OOD adjustment: Training instances of last class: 0
After OOD adjustment: Testing instances of last class: 257
Epoch: 062, Runtime 0.873696, Loss 0.405261, forward nfe 0, backward nfe 0, Train: 0.8944, Val: 0.8115, Test: 0.7960, Best time: 3.2490
After OOD adjustment: Training instances of last class: 0
After OOD adjustment: Testing instances of last class: 257
Epoch: 063, Runtime 0.843306, Loss 0.399273, forward nfe 0, backward nfe 0, Train: 0.8944, Val: 0.8115, Test: 0.7960, Best time: 3.2490
After OOD adjustment: Training instances of last class: 0
After OOD adjustment: Testing instances of last class: 257
Epoch: 064, Runtime 0.841975, Loss 0.393548, forward nfe 0, backward nfe 0, Train: 0.8944, Val: 0.8115, Test: 0.7960, Best time: 3.2490
After OOD adjustment: Training instances of last class: 0
After OOD adjustment: Testing instances of last class: 257
Epoch: 065, Runtime 0.849991, Loss 0.388069, forward nfe 0, backward nfe 0, Train: 0.8944, Val: 0.8115, Test: 0.7960, Best time: 3.2490
After OOD adjustment: Training instances of last class: 0
After OOD adjustment: Testing instances of last class: 257
Epoch: 066, Runtime 0.855055, Loss 0.382758, forward nfe 0, backward nfe 0, Train: 0.8944, Val: 0.8115, Test: 0.7960, Best time: 3.2490
After OOD adjustment: Training instances of last class: 0
After OOD adjustment: Testing instances of last class: 257
Epoch: 067, Runtime 0.850005, Loss 0.377550, forward nfe 0, backward nfe 0, Train: 0.8944, Val: 0.8115, Test: 0.7960, Best time: 3.2490
After OOD adjustment: Training instances of last class: 0
After OOD adjustment: Testing instances of last class: 257
Epoch: 068, Runtime 0.847692, Loss 0.372455, forward nfe 0, backward nfe 0, Train: 0.8944, Val: 0.8115, Test: 0.7960, Best time: 3.2490
After OOD adjustment: Training instances of last class: 0
After OOD adjustment: Testing instances of last class: 257
Epoch: 069, Runtime 0.816678, Loss 0.367506, forward nfe 0, backward nfe 0, Train: 0.8944, Val: 0.8115, Test: 0.7960, Best time: 3.2490
After OOD adjustment: Training instances of last class: 0
After OOD adjustment: Testing instances of last class: 257
Epoch: 070, Runtime 0.833474, Loss 0.362711, forward nfe 0, backward nfe 0, Train: 0.8944, Val: 0.8115, Test: 0.7960, Best time: 3.2490
After OOD adjustment: Training instances of last class: 0
After OOD adjustment: Testing instances of last class: 257
Epoch: 071, Runtime 0.819717, Loss 0.358067, forward nfe 0, backward nfe 0, Train: 0.8944, Val: 0.8115, Test: 0.7960, Best time: 3.2490
After OOD adjustment: Training instances of last class: 0
After OOD adjustment: Testing instances of last class: 257
Epoch: 072, Runtime 0.806980, Loss 0.353558, forward nfe 0, backward nfe 0, Train: 0.8944, Val: 0.8115, Test: 0.7960, Best time: 3.2490
After OOD adjustment: Training instances of last class: 0
After OOD adjustment: Testing instances of last class: 257
Epoch: 073, Runtime 0.833477, Loss 0.349175, forward nfe 0, backward nfe 0, Train: 0.8944, Val: 0.8115, Test: 0.7960, Best time: 3.2490
After OOD adjustment: Training instances of last class: 0
After OOD adjustment: Testing instances of last class: 257
Epoch: 074, Runtime 0.826457, Loss 0.344916, forward nfe 0, backward nfe 0, Train: 0.8944, Val: 0.8115, Test: 0.7960, Best time: 3.2490
After OOD adjustment: Training instances of last class: 0
After OOD adjustment: Testing instances of last class: 257
Epoch: 075, Runtime 0.832422, Loss 0.340761, forward nfe 0, backward nfe 0, Train: 0.8944, Val: 0.8115, Test: 0.7960, Best time: 3.2490
After OOD adjustment: Training instances of last class: 0
After OOD adjustment: Testing instances of last class: 257
Epoch: 076, Runtime 0.817099, Loss 0.336695, forward nfe 0, backward nfe 0, Train: 0.8944, Val: 0.8115, Test: 0.7960, Best time: 3.2490
After OOD adjustment: Training instances of last class: 0
After OOD adjustment: Testing instances of last class: 257
Epoch: 077, Runtime 0.822842, Loss 0.332723, forward nfe 0, backward nfe 0, Train: 0.8944, Val: 0.8115, Test: 0.7960, Best time: 3.2490
After OOD adjustment: Training instances of last class: 0
After OOD adjustment: Testing instances of last class: 257
Epoch: 078, Runtime 0.848010, Loss 0.328851, forward nfe 0, backward nfe 0, Train: 0.8944, Val: 0.8115, Test: 0.7960, Best time: 3.2490
After OOD adjustment: Training instances of last class: 0
After OOD adjustment: Testing instances of last class: 257
Epoch: 079, Runtime 0.801179, Loss 0.325086, forward nfe 0, backward nfe 0, Train: 0.8944, Val: 0.8115, Test: 0.7960, Best time: 3.2490
After OOD adjustment: Training instances of last class: 0
After OOD adjustment: Testing instances of last class: 257
Epoch: 080, Runtime 0.825262, Loss 0.321420, forward nfe 0, backward nfe 0, Train: 0.8944, Val: 0.8115, Test: 0.7960, Best time: 3.2490
After OOD adjustment: Training instances of last class: 0
After OOD adjustment: Testing instances of last class: 257
Epoch: 081, Runtime 0.803942, Loss 0.317835, forward nfe 0, backward nfe 0, Train: 0.8944, Val: 0.8115, Test: 0.7960, Best time: 3.2490
After OOD adjustment: Training instances of last class: 0
After OOD adjustment: Testing instances of last class: 257
Epoch: 082, Runtime 0.833506, Loss 0.314327, forward nfe 0, backward nfe 0, Train: 0.8944, Val: 0.8115, Test: 0.7960, Best time: 3.2490
After OOD adjustment: Training instances of last class: 0
After OOD adjustment: Testing instances of last class: 257
Epoch: 083, Runtime 0.805596, Loss 0.310893, forward nfe 0, backward nfe 0, Train: 0.8944, Val: 0.8115, Test: 0.7960, Best time: 3.2490
After OOD adjustment: Training instances of last class: 0
After OOD adjustment: Testing instances of last class: 257
Epoch: 084, Runtime 0.837741, Loss 0.307532, forward nfe 0, backward nfe 0, Train: 0.8944, Val: 0.8115, Test: 0.7960, Best time: 3.2490
After OOD adjustment: Training instances of last class: 0
After OOD adjustment: Testing instances of last class: 257
Epoch: 085, Runtime 0.837477, Loss 0.304246, forward nfe 0, backward nfe 0, Train: 0.8944, Val: 0.8115, Test: 0.7960, Best time: 3.2490
After OOD adjustment: Training instances of last class: 0
After OOD adjustment: Testing instances of last class: 257
Epoch: 086, Runtime 0.823549, Loss 0.301032, forward nfe 0, backward nfe 0, Train: 0.8944, Val: 0.8115, Test: 0.7960, Best time: 3.2490
After OOD adjustment: Training instances of last class: 0
After OOD adjustment: Testing instances of last class: 257
Epoch: 087, Runtime 0.810847, Loss 0.297886, forward nfe 0, backward nfe 0, Train: 0.8944, Val: 0.8115, Test: 0.7960, Best time: 3.2490
After OOD adjustment: Training instances of last class: 0
After OOD adjustment: Testing instances of last class: 257
Epoch: 088, Runtime 0.814422, Loss 0.294808, forward nfe 0, backward nfe 0, Train: 0.8944, Val: 0.8115, Test: 0.7960, Best time: 3.2490
After OOD adjustment: Training instances of last class: 0
After OOD adjustment: Testing instances of last class: 257
Epoch: 089, Runtime 0.848102, Loss 0.291792, forward nfe 0, backward nfe 0, Train: 0.8944, Val: 0.8115, Test: 0.7960, Best time: 3.2490
After OOD adjustment: Training instances of last class: 0
After OOD adjustment: Testing instances of last class: 257
Epoch: 090, Runtime 0.848166, Loss 0.288834, forward nfe 0, backward nfe 0, Train: 0.8944, Val: 0.8115, Test: 0.7960, Best time: 3.2490
After OOD adjustment: Training instances of last class: 0
After OOD adjustment: Testing instances of last class: 257
Epoch: 091, Runtime 0.851948, Loss 0.285933, forward nfe 0, backward nfe 0, Train: 0.8944, Val: 0.8115, Test: 0.7960, Best time: 3.2490
After OOD adjustment: Training instances of last class: 0
After OOD adjustment: Testing instances of last class: 257
Epoch: 092, Runtime 0.853487, Loss 0.283088, forward nfe 0, backward nfe 0, Train: 0.8944, Val: 0.8115, Test: 0.7960, Best time: 3.2490
After OOD adjustment: Training instances of last class: 0
After OOD adjustment: Testing instances of last class: 257
Epoch: 093, Runtime 0.867959, Loss 0.280299, forward nfe 0, backward nfe 0, Train: 0.8944, Val: 0.8115, Test: 0.7960, Best time: 3.2490
After OOD adjustment: Training instances of last class: 0
After OOD adjustment: Testing instances of last class: 257
Epoch: 094, Runtime 0.794181, Loss 0.277562, forward nfe 0, backward nfe 0, Train: 0.8944, Val: 0.8115, Test: 0.7960, Best time: 3.2490
After OOD adjustment: Training instances of last class: 0
After OOD adjustment: Testing instances of last class: 257
Epoch: 095, Runtime 0.840248, Loss 0.274876, forward nfe 0, backward nfe 0, Train: 0.8944, Val: 0.8115, Test: 0.7960, Best time: 3.2490
After OOD adjustment: Training instances of last class: 0
After OOD adjustment: Testing instances of last class: 257
Epoch: 096, Runtime 0.871667, Loss 0.272238, forward nfe 0, backward nfe 0, Train: 0.8944, Val: 0.8115, Test: 0.7960, Best time: 3.2490
After OOD adjustment: Training instances of last class: 0
After OOD adjustment: Testing instances of last class: 257
Epoch: 097, Runtime 0.829960, Loss 0.269647, forward nfe 0, backward nfe 0, Train: 0.8944, Val: 0.8115, Test: 0.7960, Best time: 3.2490
After OOD adjustment: Training instances of last class: 0
After OOD adjustment: Testing instances of last class: 257
Epoch: 098, Runtime 0.845581, Loss 0.267102, forward nfe 0, backward nfe 0, Train: 0.8944, Val: 0.8115, Test: 0.7960, Best time: 3.2490
After OOD adjustment: Training instances of last class: 0
After OOD adjustment: Testing instances of last class: 257
Epoch: 099, Runtime 0.816969, Loss 0.264602, forward nfe 0, backward nfe 0, Train: 0.8944, Val: 0.8115, Test: 0.7960, Best time: 3.2490
best val accuracy 0.811538 with test accuracy 0.795977 at epoch 46 and best time 3.249016
base_directory resutls_prob/OOD_Computers
new_name:  gnn_ODD
file_path 1 resutls_prob/OOD_Computers/gnn_ODD_prediction_probabilities_77.npz
file_path 2 resutls_prob/OOD_Computers/gnn_ODD_prediction_probabilities_77.npz
Entropy Threshold: inf Test accuracy: 0.7959767696321859
Entropy Threshold: 2 Test accuracy: 0.822781310478297
Entropy Threshold: 1.6 Test accuracy: 0.8816641410662626
Entropy Threshold: 1.5 Test accuracy: 0.8884522370012092
Entropy Threshold: 1.4 Test accuracy: 0.8950442182546304
Entropy Threshold: 1.3 Test accuracy: 0.8998879342547628
Entropy Threshold: 1.2 Test accuracy: 0.9064132024232295
Entropy Threshold: 1.1 Test accuracy: 0.9093497864261983
Entropy Threshold: 0.9 Test accuracy: 0.9233427584040214
Entropy Threshold: 0.8 Test accuracy: 0.9409722222222222
Entropy Threshold: 0.7 Test accuracy: 0.959718026183283
Entropy Threshold: 0.6 Test accuracy: 0.9709851551956815
Entropy Threshold: 0.5 Test accuracy: 0.9751111111111112
Entropy Threshold: 0.4 Test accuracy: 0.9736526946107784
Entropy Threshold: 0.3 Test accuracy: 0.9726962457337884
Entropy Threshold: 0.2 Test accuracy: 0.960960960960961
Entropy Threshold: 0.1 Test accuracy: 0.9736842105263158
