[KeOps] Warning : cuda was detected, but driver API could not be initialized. Switching to cpu only.
Folder already exists: results/citeseer
experiment: 0
Dataset size (num_nodes): 2120, Intended development set size (num_development): 1500
Dataset size (num_nodes): 2120, Actual development set size (num_development): 1500
rations: train 120, val 1380, test 620
Before OOD adjustment: Total instances of last class: 304
Before OOD adjustment: Training instances of last class: 20
Before OOD adjustment: Testing instances of last class: 93
Before OOD adjustment: Val instances of last class: 191
total train + val+ test 304
After OOD adjustment: Training instances of last class: 0
After OOD adjustment: Testing instances of last class: 93
Total number of classes: 6
number of classes to train: 5
Dataset size (num_nodes): 2120, Intended development set size (num_development): 1500
Dataset size (num_nodes): 2120, Actual development set size (num_development): 1500
rations: train 120, val 1380, test 620
within set_train_val_test_split function!
Before OOD adjustment: Total instances of last class: 304
Before OOD adjustment: Training instances of last class: 20
Before OOD adjustment: Testing instances of last class: 86
Before OOD adjustment: Val instances of last class: 198
total train + val+ test 304
After OOD adjustment: Training instances of last class: 0
After OOD adjustment: Testing instances of last class: 86
MyGCN2(
  (conv1): GCNConv(3703, 80)
  (conv4): GCNConv(80, 5)
)
conv1.bias
torch.Size([80])
conv1.lin.weight
torch.Size([80, 3703])
conv4.bias
torch.Size([5])
conv4.lin.weight
torch.Size([5, 80])
After OOD adjustment: Training instances of last class: 0
After OOD adjustment: Testing instances of last class: 86
Epoch: 001, Runtime 0.054188, Loss 1.620160, forward nfe 0, backward nfe 0, Train: 0.7200, Val: 0.3319, Test: 0.2855, Best time: 7.8741
After OOD adjustment: Training instances of last class: 0
After OOD adjustment: Testing instances of last class: 86
Epoch: 002, Runtime 0.155616, Loss 1.501459, forward nfe 0, backward nfe 0, Train: 0.9400, Val: 0.4543, Test: 0.4258, Best time: 7.8741
After OOD adjustment: Training instances of last class: 0
After OOD adjustment: Testing instances of last class: 86
Epoch: 003, Runtime 0.151518, Loss 1.388164, forward nfe 0, backward nfe 0, Train: 0.9700, Val: 0.5174, Test: 0.4806, Best time: 7.8741
After OOD adjustment: Training instances of last class: 0
After OOD adjustment: Testing instances of last class: 86
Epoch: 004, Runtime 0.143838, Loss 1.280155, forward nfe 0, backward nfe 0, Train: 0.9800, Val: 0.5449, Test: 0.5306, Best time: 7.8741
After OOD adjustment: Training instances of last class: 0
After OOD adjustment: Testing instances of last class: 86
Epoch: 005, Runtime 0.142793, Loss 1.177498, forward nfe 0, backward nfe 0, Train: 0.9700, Val: 0.5630, Test: 0.5387, Best time: 7.8741
After OOD adjustment: Training instances of last class: 0
After OOD adjustment: Testing instances of last class: 86
Epoch: 006, Runtime 0.145145, Loss 1.080353, forward nfe 0, backward nfe 0, Train: 0.9700, Val: 0.5725, Test: 0.5484, Best time: 7.8741
After OOD adjustment: Training instances of last class: 0
After OOD adjustment: Testing instances of last class: 86
Epoch: 007, Runtime 0.143474, Loss 0.988895, forward nfe 0, backward nfe 0, Train: 0.9700, Val: 0.5826, Test: 0.5565, Best time: 7.8741
After OOD adjustment: Training instances of last class: 0
After OOD adjustment: Testing instances of last class: 86
Epoch: 008, Runtime 0.185063, Loss 0.903266, forward nfe 0, backward nfe 0, Train: 0.9700, Val: 0.5913, Test: 0.5726, Best time: 7.8741
After OOD adjustment: Training instances of last class: 0
After OOD adjustment: Testing instances of last class: 86
Epoch: 009, Runtime 0.174997, Loss 0.823536, forward nfe 0, backward nfe 0, Train: 0.9700, Val: 0.5964, Test: 0.5726, Best time: 7.8741
After OOD adjustment: Training instances of last class: 0
After OOD adjustment: Testing instances of last class: 86
Epoch: 010, Runtime 0.147522, Loss 0.749687, forward nfe 0, backward nfe 0, Train: 0.9700, Val: 0.6043, Test: 0.5806, Best time: 7.8741
After OOD adjustment: Training instances of last class: 0
After OOD adjustment: Testing instances of last class: 86
Epoch: 011, Runtime 0.179759, Loss 0.681614, forward nfe 0, backward nfe 0, Train: 0.9800, Val: 0.6087, Test: 0.5806, Best time: 7.8741
After OOD adjustment: Training instances of last class: 0
After OOD adjustment: Testing instances of last class: 86
Epoch: 012, Runtime 0.190658, Loss 0.619137, forward nfe 0, backward nfe 0, Train: 0.9800, Val: 0.6101, Test: 0.5823, Best time: 7.8741
After OOD adjustment: Training instances of last class: 0
After OOD adjustment: Testing instances of last class: 86
Epoch: 013, Runtime 0.051453, Loss 0.562011, forward nfe 0, backward nfe 0, Train: 0.9800, Val: 0.6101, Test: 0.5823, Best time: 7.8741
After OOD adjustment: Training instances of last class: 0
After OOD adjustment: Testing instances of last class: 86
Epoch: 014, Runtime 0.188631, Loss 0.509950, forward nfe 0, backward nfe 0, Train: 0.9800, Val: 0.6109, Test: 0.5871, Best time: 7.8741
After OOD adjustment: Training instances of last class: 0
After OOD adjustment: Testing instances of last class: 86
Epoch: 015, Runtime 0.148624, Loss 0.462640, forward nfe 0, backward nfe 0, Train: 0.9900, Val: 0.6138, Test: 0.5887, Best time: 7.8741
After OOD adjustment: Training instances of last class: 0
After OOD adjustment: Testing instances of last class: 86
Epoch: 016, Runtime 0.144721, Loss 0.419756, forward nfe 0, backward nfe 0, Train: 0.9900, Val: 0.6167, Test: 0.5903, Best time: 7.8741
After OOD adjustment: Training instances of last class: 0
After OOD adjustment: Testing instances of last class: 86
Epoch: 017, Runtime 0.043537, Loss 0.380968, forward nfe 0, backward nfe 0, Train: 0.9900, Val: 0.6167, Test: 0.5903, Best time: 7.8741
After OOD adjustment: Training instances of last class: 0
After OOD adjustment: Testing instances of last class: 86
Epoch: 018, Runtime 0.197921, Loss 0.345948, forward nfe 0, backward nfe 0, Train: 0.9900, Val: 0.6174, Test: 0.5919, Best time: 7.8741
After OOD adjustment: Training instances of last class: 0
After OOD adjustment: Testing instances of last class: 86
Epoch: 019, Runtime 0.175562, Loss 0.314379, forward nfe 0, backward nfe 0, Train: 0.9900, Val: 0.6188, Test: 0.5919, Best time: 7.8741
After OOD adjustment: Training instances of last class: 0
After OOD adjustment: Testing instances of last class: 86
Epoch: 020, Runtime 0.051638, Loss 0.285953, forward nfe 0, backward nfe 0, Train: 0.9900, Val: 0.6188, Test: 0.5919, Best time: 7.8741
After OOD adjustment: Training instances of last class: 0
After OOD adjustment: Testing instances of last class: 86
Epoch: 021, Runtime 0.049622, Loss 0.260380, forward nfe 0, backward nfe 0, Train: 0.9900, Val: 0.6188, Test: 0.5919, Best time: 7.8741
After OOD adjustment: Training instances of last class: 0
After OOD adjustment: Testing instances of last class: 86
Epoch: 022, Runtime 0.053447, Loss 0.237384, forward nfe 0, backward nfe 0, Train: 0.9900, Val: 0.6188, Test: 0.5919, Best time: 7.8741
After OOD adjustment: Training instances of last class: 0
After OOD adjustment: Testing instances of last class: 86
Epoch: 023, Runtime 0.050634, Loss 0.216709, forward nfe 0, backward nfe 0, Train: 0.9900, Val: 0.6188, Test: 0.5919, Best time: 7.8741
After OOD adjustment: Training instances of last class: 0
After OOD adjustment: Testing instances of last class: 86
Epoch: 024, Runtime 0.048193, Loss 0.198117, forward nfe 0, backward nfe 0, Train: 0.9900, Val: 0.6188, Test: 0.5919, Best time: 7.8741
After OOD adjustment: Training instances of last class: 0
After OOD adjustment: Testing instances of last class: 86
Epoch: 025, Runtime 0.040431, Loss 0.181393, forward nfe 0, backward nfe 0, Train: 0.9900, Val: 0.6188, Test: 0.5919, Best time: 7.8741
After OOD adjustment: Training instances of last class: 0
After OOD adjustment: Testing instances of last class: 86
Epoch: 026, Runtime 0.040086, Loss 0.166338, forward nfe 0, backward nfe 0, Train: 0.9900, Val: 0.6188, Test: 0.5919, Best time: 7.8741
After OOD adjustment: Training instances of last class: 0
After OOD adjustment: Testing instances of last class: 86
Epoch: 027, Runtime 0.041922, Loss 0.152776, forward nfe 0, backward nfe 0, Train: 0.9900, Val: 0.6188, Test: 0.5919, Best time: 7.8741
After OOD adjustment: Training instances of last class: 0
After OOD adjustment: Testing instances of last class: 86
Epoch: 028, Runtime 0.041752, Loss 0.140548, forward nfe 0, backward nfe 0, Train: 0.9900, Val: 0.6188, Test: 0.5919, Best time: 7.8741
After OOD adjustment: Training instances of last class: 0
After OOD adjustment: Testing instances of last class: 86
Epoch: 029, Runtime 0.048856, Loss 0.129513, forward nfe 0, backward nfe 0, Train: 0.9900, Val: 0.6188, Test: 0.5919, Best time: 7.8741
After OOD adjustment: Training instances of last class: 0
After OOD adjustment: Testing instances of last class: 86
Epoch: 030, Runtime 0.049973, Loss 0.119543, forward nfe 0, backward nfe 0, Train: 0.9900, Val: 0.6188, Test: 0.5919, Best time: 7.8741
After OOD adjustment: Training instances of last class: 0
After OOD adjustment: Testing instances of last class: 86
Epoch: 031, Runtime 0.050955, Loss 0.110527, forward nfe 0, backward nfe 0, Train: 0.9900, Val: 0.6188, Test: 0.5919, Best time: 7.8741
After OOD adjustment: Training instances of last class: 0
After OOD adjustment: Testing instances of last class: 86
Epoch: 032, Runtime 0.048602, Loss 0.102367, forward nfe 0, backward nfe 0, Train: 0.9900, Val: 0.6188, Test: 0.5919, Best time: 7.8741
After OOD adjustment: Training instances of last class: 0
After OOD adjustment: Testing instances of last class: 86
Epoch: 033, Runtime 0.047727, Loss 0.094974, forward nfe 0, backward nfe 0, Train: 0.9900, Val: 0.6188, Test: 0.5919, Best time: 7.8741
After OOD adjustment: Training instances of last class: 0
After OOD adjustment: Testing instances of last class: 86
Epoch: 034, Runtime 0.044690, Loss 0.088270, forward nfe 0, backward nfe 0, Train: 0.9900, Val: 0.6188, Test: 0.5919, Best time: 7.8741
After OOD adjustment: Training instances of last class: 0
After OOD adjustment: Testing instances of last class: 86
Epoch: 035, Runtime 0.045981, Loss 0.082187, forward nfe 0, backward nfe 0, Train: 0.9900, Val: 0.6188, Test: 0.5919, Best time: 7.8741
After OOD adjustment: Training instances of last class: 0
After OOD adjustment: Testing instances of last class: 86
Epoch: 036, Runtime 0.053241, Loss 0.076660, forward nfe 0, backward nfe 0, Train: 0.9900, Val: 0.6188, Test: 0.5919, Best time: 7.8741
After OOD adjustment: Training instances of last class: 0
After OOD adjustment: Testing instances of last class: 86
Epoch: 037, Runtime 0.043804, Loss 0.071637, forward nfe 0, backward nfe 0, Train: 0.9900, Val: 0.6188, Test: 0.5919, Best time: 7.8741
After OOD adjustment: Training instances of last class: 0
After OOD adjustment: Testing instances of last class: 86
Epoch: 038, Runtime 0.043462, Loss 0.067066, forward nfe 0, backward nfe 0, Train: 0.9900, Val: 0.6188, Test: 0.5919, Best time: 7.8741
After OOD adjustment: Training instances of last class: 0
After OOD adjustment: Testing instances of last class: 86
Epoch: 039, Runtime 0.041958, Loss 0.062902, forward nfe 0, backward nfe 0, Train: 0.9900, Val: 0.6188, Test: 0.5919, Best time: 7.8741
After OOD adjustment: Training instances of last class: 0
After OOD adjustment: Testing instances of last class: 86
Epoch: 040, Runtime 0.044757, Loss 0.059107, forward nfe 0, backward nfe 0, Train: 0.9900, Val: 0.6188, Test: 0.5919, Best time: 7.8741
After OOD adjustment: Training instances of last class: 0
After OOD adjustment: Testing instances of last class: 86
Epoch: 041, Runtime 0.043532, Loss 0.055643, forward nfe 0, backward nfe 0, Train: 0.9900, Val: 0.6188, Test: 0.5919, Best time: 7.8741
After OOD adjustment: Training instances of last class: 0
After OOD adjustment: Testing instances of last class: 86
Epoch: 042, Runtime 0.041519, Loss 0.052478, forward nfe 0, backward nfe 0, Train: 0.9900, Val: 0.6188, Test: 0.5919, Best time: 7.8741
After OOD adjustment: Training instances of last class: 0
After OOD adjustment: Testing instances of last class: 86
Epoch: 043, Runtime 0.042892, Loss 0.049583, forward nfe 0, backward nfe 0, Train: 0.9900, Val: 0.6188, Test: 0.5919, Best time: 7.8741
After OOD adjustment: Training instances of last class: 0
After OOD adjustment: Testing instances of last class: 86
Epoch: 044, Runtime 0.042707, Loss 0.046929, forward nfe 0, backward nfe 0, Train: 0.9900, Val: 0.6188, Test: 0.5919, Best time: 7.8741
After OOD adjustment: Training instances of last class: 0
After OOD adjustment: Testing instances of last class: 86
Epoch: 045, Runtime 0.042844, Loss 0.044495, forward nfe 0, backward nfe 0, Train: 0.9900, Val: 0.6188, Test: 0.5919, Best time: 7.8741
After OOD adjustment: Training instances of last class: 0
After OOD adjustment: Testing instances of last class: 86
Epoch: 046, Runtime 0.043275, Loss 0.042258, forward nfe 0, backward nfe 0, Train: 0.9900, Val: 0.6188, Test: 0.5919, Best time: 7.8741
After OOD adjustment: Training instances of last class: 0
After OOD adjustment: Testing instances of last class: 86
Epoch: 047, Runtime 0.041555, Loss 0.040199, forward nfe 0, backward nfe 0, Train: 0.9900, Val: 0.6188, Test: 0.5919, Best time: 7.8741
After OOD adjustment: Training instances of last class: 0
After OOD adjustment: Testing instances of last class: 86
Epoch: 048, Runtime 0.041838, Loss 0.038300, forward nfe 0, backward nfe 0, Train: 0.9900, Val: 0.6188, Test: 0.5919, Best time: 7.8741
After OOD adjustment: Training instances of last class: 0
After OOD adjustment: Testing instances of last class: 86
Epoch: 049, Runtime 0.042611, Loss 0.036547, forward nfe 0, backward nfe 0, Train: 0.9900, Val: 0.6188, Test: 0.5919, Best time: 7.8741
After OOD adjustment: Training instances of last class: 0
After OOD adjustment: Testing instances of last class: 86
Epoch: 050, Runtime 0.041966, Loss 0.034925, forward nfe 0, backward nfe 0, Train: 0.9900, Val: 0.6188, Test: 0.5919, Best time: 7.8741
After OOD adjustment: Training instances of last class: 0
After OOD adjustment: Testing instances of last class: 86
Epoch: 051, Runtime 0.044160, Loss 0.033422, forward nfe 0, backward nfe 0, Train: 0.9900, Val: 0.6188, Test: 0.5919, Best time: 7.8741
After OOD adjustment: Training instances of last class: 0
After OOD adjustment: Testing instances of last class: 86
Epoch: 052, Runtime 0.043505, Loss 0.032027, forward nfe 0, backward nfe 0, Train: 0.9900, Val: 0.6188, Test: 0.5919, Best time: 7.8741
After OOD adjustment: Training instances of last class: 0
After OOD adjustment: Testing instances of last class: 86
Epoch: 053, Runtime 0.043713, Loss 0.030730, forward nfe 0, backward nfe 0, Train: 0.9900, Val: 0.6188, Test: 0.5919, Best time: 7.8741
After OOD adjustment: Training instances of last class: 0
After OOD adjustment: Testing instances of last class: 86
Epoch: 054, Runtime 0.041819, Loss 0.029522, forward nfe 0, backward nfe 0, Train: 0.9900, Val: 0.6188, Test: 0.5919, Best time: 7.8741
After OOD adjustment: Training instances of last class: 0
After OOD adjustment: Testing instances of last class: 86
Epoch: 055, Runtime 0.041892, Loss 0.028396, forward nfe 0, backward nfe 0, Train: 0.9900, Val: 0.6188, Test: 0.5919, Best time: 7.8741
After OOD adjustment: Training instances of last class: 0
After OOD adjustment: Testing instances of last class: 86
Epoch: 056, Runtime 0.043967, Loss 0.027344, forward nfe 0, backward nfe 0, Train: 0.9900, Val: 0.6188, Test: 0.5919, Best time: 7.8741
After OOD adjustment: Training instances of last class: 0
After OOD adjustment: Testing instances of last class: 86
Epoch: 057, Runtime 0.041471, Loss 0.026360, forward nfe 0, backward nfe 0, Train: 0.9900, Val: 0.6188, Test: 0.5919, Best time: 7.8741
After OOD adjustment: Training instances of last class: 0
After OOD adjustment: Testing instances of last class: 86
Epoch: 058, Runtime 0.042958, Loss 0.025437, forward nfe 0, backward nfe 0, Train: 0.9900, Val: 0.6188, Test: 0.5919, Best time: 7.8741
After OOD adjustment: Training instances of last class: 0
After OOD adjustment: Testing instances of last class: 86
Epoch: 059, Runtime 0.040924, Loss 0.024572, forward nfe 0, backward nfe 0, Train: 0.9900, Val: 0.6188, Test: 0.5919, Best time: 7.8741
After OOD adjustment: Training instances of last class: 0
After OOD adjustment: Testing instances of last class: 86
Epoch: 060, Runtime 0.042643, Loss 0.023759, forward nfe 0, backward nfe 0, Train: 0.9900, Val: 0.6188, Test: 0.5919, Best time: 7.8741
After OOD adjustment: Training instances of last class: 0
After OOD adjustment: Testing instances of last class: 86
Epoch: 061, Runtime 0.042058, Loss 0.022995, forward nfe 0, backward nfe 0, Train: 0.9900, Val: 0.6188, Test: 0.5919, Best time: 7.8741
After OOD adjustment: Training instances of last class: 0
After OOD adjustment: Testing instances of last class: 86
Epoch: 062, Runtime 0.041844, Loss 0.022274, forward nfe 0, backward nfe 0, Train: 0.9900, Val: 0.6188, Test: 0.5919, Best time: 7.8741
After OOD adjustment: Training instances of last class: 0
After OOD adjustment: Testing instances of last class: 86
Epoch: 063, Runtime 0.043713, Loss 0.021594, forward nfe 0, backward nfe 0, Train: 0.9900, Val: 0.6188, Test: 0.5919, Best time: 7.8741
After OOD adjustment: Training instances of last class: 0
After OOD adjustment: Testing instances of last class: 86
Epoch: 064, Runtime 0.041502, Loss 0.020952, forward nfe 0, backward nfe 0, Train: 0.9900, Val: 0.6188, Test: 0.5919, Best time: 7.8741
After OOD adjustment: Training instances of last class: 0
After OOD adjustment: Testing instances of last class: 86
Epoch: 065, Runtime 0.040183, Loss 0.020345, forward nfe 0, backward nfe 0, Train: 0.9900, Val: 0.6188, Test: 0.5919, Best time: 7.8741
After OOD adjustment: Training instances of last class: 0
After OOD adjustment: Testing instances of last class: 86
Epoch: 066, Runtime 0.041457, Loss 0.019770, forward nfe 0, backward nfe 0, Train: 0.9900, Val: 0.6188, Test: 0.5919, Best time: 7.8741
After OOD adjustment: Training instances of last class: 0
After OOD adjustment: Testing instances of last class: 86
Epoch: 067, Runtime 0.043787, Loss 0.019225, forward nfe 0, backward nfe 0, Train: 0.9900, Val: 0.6188, Test: 0.5919, Best time: 7.8741
After OOD adjustment: Training instances of last class: 0
After OOD adjustment: Testing instances of last class: 86
Epoch: 068, Runtime 0.043849, Loss 0.018707, forward nfe 0, backward nfe 0, Train: 0.9900, Val: 0.6188, Test: 0.5919, Best time: 7.8741
After OOD adjustment: Training instances of last class: 0
After OOD adjustment: Testing instances of last class: 86
Epoch: 069, Runtime 0.043263, Loss 0.018215, forward nfe 0, backward nfe 0, Train: 0.9900, Val: 0.6188, Test: 0.5919, Best time: 7.8741
After OOD adjustment: Training instances of last class: 0
After OOD adjustment: Testing instances of last class: 86
Epoch: 070, Runtime 0.043577, Loss 0.017747, forward nfe 0, backward nfe 0, Train: 0.9900, Val: 0.6188, Test: 0.5919, Best time: 7.8741
After OOD adjustment: Training instances of last class: 0
After OOD adjustment: Testing instances of last class: 86
Epoch: 071, Runtime 0.041400, Loss 0.017301, forward nfe 0, backward nfe 0, Train: 0.9900, Val: 0.6188, Test: 0.5919, Best time: 7.8741
After OOD adjustment: Training instances of last class: 0
After OOD adjustment: Testing instances of last class: 86
Epoch: 072, Runtime 0.043761, Loss 0.016876, forward nfe 0, backward nfe 0, Train: 0.9900, Val: 0.6188, Test: 0.5919, Best time: 7.8741
After OOD adjustment: Training instances of last class: 0
After OOD adjustment: Testing instances of last class: 86
Epoch: 073, Runtime 0.041602, Loss 0.016470, forward nfe 0, backward nfe 0, Train: 0.9900, Val: 0.6188, Test: 0.5919, Best time: 7.8741
After OOD adjustment: Training instances of last class: 0
After OOD adjustment: Testing instances of last class: 86
Epoch: 074, Runtime 0.043760, Loss 0.016083, forward nfe 0, backward nfe 0, Train: 0.9900, Val: 0.6188, Test: 0.5919, Best time: 7.8741
After OOD adjustment: Training instances of last class: 0
After OOD adjustment: Testing instances of last class: 86
Epoch: 075, Runtime 0.041775, Loss 0.015712, forward nfe 0, backward nfe 0, Train: 0.9900, Val: 0.6188, Test: 0.5919, Best time: 7.8741
After OOD adjustment: Training instances of last class: 0
After OOD adjustment: Testing instances of last class: 86
Epoch: 076, Runtime 0.041909, Loss 0.015356, forward nfe 0, backward nfe 0, Train: 0.9900, Val: 0.6188, Test: 0.5919, Best time: 7.8741
After OOD adjustment: Training instances of last class: 0
After OOD adjustment: Testing instances of last class: 86
Epoch: 077, Runtime 0.043769, Loss 0.015016, forward nfe 0, backward nfe 0, Train: 0.9900, Val: 0.6188, Test: 0.5919, Best time: 7.8741
After OOD adjustment: Training instances of last class: 0
After OOD adjustment: Testing instances of last class: 86
Epoch: 078, Runtime 0.042439, Loss 0.014689, forward nfe 0, backward nfe 0, Train: 0.9900, Val: 0.6188, Test: 0.5919, Best time: 7.8741
After OOD adjustment: Training instances of last class: 0
After OOD adjustment: Testing instances of last class: 86
Epoch: 079, Runtime 0.041917, Loss 0.014376, forward nfe 0, backward nfe 0, Train: 0.9900, Val: 0.6188, Test: 0.5919, Best time: 7.8741
After OOD adjustment: Training instances of last class: 0
After OOD adjustment: Testing instances of last class: 86
Epoch: 080, Runtime 0.043172, Loss 0.014074, forward nfe 0, backward nfe 0, Train: 0.9900, Val: 0.6188, Test: 0.5919, Best time: 7.8741
After OOD adjustment: Training instances of last class: 0
After OOD adjustment: Testing instances of last class: 86
Epoch: 081, Runtime 0.043436, Loss 0.013784, forward nfe 0, backward nfe 0, Train: 0.9900, Val: 0.6188, Test: 0.5919, Best time: 7.8741
After OOD adjustment: Training instances of last class: 0
After OOD adjustment: Testing instances of last class: 86
Epoch: 082, Runtime 0.041578, Loss 0.013505, forward nfe 0, backward nfe 0, Train: 0.9900, Val: 0.6188, Test: 0.5919, Best time: 7.8741
After OOD adjustment: Training instances of last class: 0
After OOD adjustment: Testing instances of last class: 86
Epoch: 083, Runtime 0.043911, Loss 0.013236, forward nfe 0, backward nfe 0, Train: 0.9900, Val: 0.6188, Test: 0.5919, Best time: 7.8741
After OOD adjustment: Training instances of last class: 0
After OOD adjustment: Testing instances of last class: 86
Epoch: 084, Runtime 0.043768, Loss 0.012977, forward nfe 0, backward nfe 0, Train: 0.9900, Val: 0.6188, Test: 0.5919, Best time: 7.8741
After OOD adjustment: Training instances of last class: 0
After OOD adjustment: Testing instances of last class: 86
Epoch: 085, Runtime 0.043307, Loss 0.012726, forward nfe 0, backward nfe 0, Train: 0.9900, Val: 0.6188, Test: 0.5919, Best time: 7.8741
After OOD adjustment: Training instances of last class: 0
After OOD adjustment: Testing instances of last class: 86
Epoch: 086, Runtime 0.043543, Loss 0.012484, forward nfe 0, backward nfe 0, Train: 0.9900, Val: 0.6188, Test: 0.5919, Best time: 7.8741
After OOD adjustment: Training instances of last class: 0
After OOD adjustment: Testing instances of last class: 86
Epoch: 087, Runtime 0.043885, Loss 0.012251, forward nfe 0, backward nfe 0, Train: 0.9900, Val: 0.6188, Test: 0.5919, Best time: 7.8741
After OOD adjustment: Training instances of last class: 0
After OOD adjustment: Testing instances of last class: 86
Epoch: 088, Runtime 0.041647, Loss 0.012025, forward nfe 0, backward nfe 0, Train: 0.9900, Val: 0.6188, Test: 0.5919, Best time: 7.8741
After OOD adjustment: Training instances of last class: 0
After OOD adjustment: Testing instances of last class: 86
Epoch: 089, Runtime 0.042685, Loss 0.011806, forward nfe 0, backward nfe 0, Train: 0.9900, Val: 0.6188, Test: 0.5919, Best time: 7.8741
After OOD adjustment: Training instances of last class: 0
After OOD adjustment: Testing instances of last class: 86
Epoch: 090, Runtime 0.043515, Loss 0.011594, forward nfe 0, backward nfe 0, Train: 0.9900, Val: 0.6188, Test: 0.5919, Best time: 7.8741
After OOD adjustment: Training instances of last class: 0
After OOD adjustment: Testing instances of last class: 86
Epoch: 091, Runtime 0.044080, Loss 0.011389, forward nfe 0, backward nfe 0, Train: 0.9900, Val: 0.6188, Test: 0.5919, Best time: 7.8741
After OOD adjustment: Training instances of last class: 0
After OOD adjustment: Testing instances of last class: 86
Epoch: 092, Runtime 0.041682, Loss 0.011190, forward nfe 0, backward nfe 0, Train: 0.9900, Val: 0.6188, Test: 0.5919, Best time: 7.8741
After OOD adjustment: Training instances of last class: 0
After OOD adjustment: Testing instances of last class: 86
Epoch: 093, Runtime 0.044224, Loss 0.010997, forward nfe 0, backward nfe 0, Train: 0.9900, Val: 0.6188, Test: 0.5919, Best time: 7.8741
After OOD adjustment: Training instances of last class: 0
After OOD adjustment: Testing instances of last class: 86
Epoch: 094, Runtime 0.047440, Loss 0.010810, forward nfe 0, backward nfe 0, Train: 0.9900, Val: 0.6188, Test: 0.5919, Best time: 7.8741
After OOD adjustment: Training instances of last class: 0
After OOD adjustment: Testing instances of last class: 86
Epoch: 095, Runtime 0.046065, Loss 0.010628, forward nfe 0, backward nfe 0, Train: 0.9900, Val: 0.6188, Test: 0.5919, Best time: 7.8741
After OOD adjustment: Training instances of last class: 0
After OOD adjustment: Testing instances of last class: 86
Epoch: 096, Runtime 0.046781, Loss 0.010452, forward nfe 0, backward nfe 0, Train: 0.9900, Val: 0.6188, Test: 0.5919, Best time: 7.8741
After OOD adjustment: Training instances of last class: 0
After OOD adjustment: Testing instances of last class: 86
Epoch: 097, Runtime 0.048230, Loss 0.010280, forward nfe 0, backward nfe 0, Train: 0.9900, Val: 0.6188, Test: 0.5919, Best time: 7.8741
After OOD adjustment: Training instances of last class: 0
After OOD adjustment: Testing instances of last class: 86
Epoch: 098, Runtime 0.046427, Loss 0.010113, forward nfe 0, backward nfe 0, Train: 0.9900, Val: 0.6188, Test: 0.5919, Best time: 7.8741
After OOD adjustment: Training instances of last class: 0
After OOD adjustment: Testing instances of last class: 86
Epoch: 099, Runtime 0.046577, Loss 0.009951, forward nfe 0, backward nfe 0, Train: 0.9900, Val: 0.6188, Test: 0.5919, Best time: 7.8741
After OOD adjustment: Training instances of last class: 0
After OOD adjustment: Testing instances of last class: 86
Epoch: 100, Runtime 0.046912, Loss 0.009792, forward nfe 0, backward nfe 0, Train: 0.9900, Val: 0.6188, Test: 0.5919, Best time: 7.8741
After OOD adjustment: Training instances of last class: 0
After OOD adjustment: Testing instances of last class: 86
Epoch: 101, Runtime 0.045898, Loss 0.009639, forward nfe 0, backward nfe 0, Train: 0.9900, Val: 0.6188, Test: 0.5919, Best time: 7.8741
After OOD adjustment: Training instances of last class: 0
After OOD adjustment: Testing instances of last class: 86
Epoch: 102, Runtime 0.045245, Loss 0.009489, forward nfe 0, backward nfe 0, Train: 0.9900, Val: 0.6188, Test: 0.5919, Best time: 7.8741
After OOD adjustment: Training instances of last class: 0
After OOD adjustment: Testing instances of last class: 86
Epoch: 103, Runtime 0.044643, Loss 0.009343, forward nfe 0, backward nfe 0, Train: 0.9900, Val: 0.6188, Test: 0.5919, Best time: 7.8741
After OOD adjustment: Training instances of last class: 0
After OOD adjustment: Testing instances of last class: 86
Epoch: 104, Runtime 0.044033, Loss 0.009200, forward nfe 0, backward nfe 0, Train: 0.9900, Val: 0.6188, Test: 0.5919, Best time: 7.8741
After OOD adjustment: Training instances of last class: 0
After OOD adjustment: Testing instances of last class: 86
Epoch: 105, Runtime 0.046714, Loss 0.009061, forward nfe 0, backward nfe 0, Train: 0.9900, Val: 0.6188, Test: 0.5919, Best time: 7.8741
After OOD adjustment: Training instances of last class: 0
After OOD adjustment: Testing instances of last class: 86
Epoch: 106, Runtime 0.046395, Loss 0.008926, forward nfe 0, backward nfe 0, Train: 0.9900, Val: 0.6188, Test: 0.5919, Best time: 7.8741
After OOD adjustment: Training instances of last class: 0
After OOD adjustment: Testing instances of last class: 86
Epoch: 107, Runtime 0.044368, Loss 0.008794, forward nfe 0, backward nfe 0, Train: 0.9900, Val: 0.6188, Test: 0.5919, Best time: 7.8741
After OOD adjustment: Training instances of last class: 0
After OOD adjustment: Testing instances of last class: 86
Epoch: 108, Runtime 0.045843, Loss 0.008665, forward nfe 0, backward nfe 0, Train: 0.9900, Val: 0.6188, Test: 0.5919, Best time: 7.8741
After OOD adjustment: Training instances of last class: 0
After OOD adjustment: Testing instances of last class: 86
Epoch: 109, Runtime 0.046008, Loss 0.008539, forward nfe 0, backward nfe 0, Train: 0.9900, Val: 0.6188, Test: 0.5919, Best time: 7.8741
After OOD adjustment: Training instances of last class: 0
After OOD adjustment: Testing instances of last class: 86
Epoch: 110, Runtime 0.045211, Loss 0.008416, forward nfe 0, backward nfe 0, Train: 0.9900, Val: 0.6188, Test: 0.5919, Best time: 7.8741
After OOD adjustment: Training instances of last class: 0
After OOD adjustment: Testing instances of last class: 86
Epoch: 111, Runtime 0.044407, Loss 0.008296, forward nfe 0, backward nfe 0, Train: 0.9900, Val: 0.6188, Test: 0.5919, Best time: 7.8741
After OOD adjustment: Training instances of last class: 0
After OOD adjustment: Testing instances of last class: 86
Epoch: 112, Runtime 0.043384, Loss 0.008179, forward nfe 0, backward nfe 0, Train: 0.9900, Val: 0.6188, Test: 0.5919, Best time: 7.8741
After OOD adjustment: Training instances of last class: 0
After OOD adjustment: Testing instances of last class: 86
Epoch: 113, Runtime 0.045492, Loss 0.008064, forward nfe 0, backward nfe 0, Train: 0.9900, Val: 0.6188, Test: 0.5919, Best time: 7.8741
After OOD adjustment: Training instances of last class: 0
After OOD adjustment: Testing instances of last class: 86
Epoch: 114, Runtime 0.046134, Loss 0.007952, forward nfe 0, backward nfe 0, Train: 0.9900, Val: 0.6188, Test: 0.5919, Best time: 7.8741
After OOD adjustment: Training instances of last class: 0
After OOD adjustment: Testing instances of last class: 86
Epoch: 115, Runtime 0.043908, Loss 0.007842, forward nfe 0, backward nfe 0, Train: 0.9900, Val: 0.6188, Test: 0.5919, Best time: 7.8741
After OOD adjustment: Training instances of last class: 0
After OOD adjustment: Testing instances of last class: 86
Epoch: 116, Runtime 0.045820, Loss 0.007735, forward nfe 0, backward nfe 0, Train: 0.9900, Val: 0.6188, Test: 0.5919, Best time: 7.8741
After OOD adjustment: Training instances of last class: 0
After OOD adjustment: Testing instances of last class: 86
Epoch: 117, Runtime 0.044718, Loss 0.007630, forward nfe 0, backward nfe 0, Train: 0.9900, Val: 0.6188, Test: 0.5919, Best time: 7.8741
After OOD adjustment: Training instances of last class: 0
After OOD adjustment: Testing instances of last class: 86
Epoch: 118, Runtime 0.046943, Loss 0.007527, forward nfe 0, backward nfe 0, Train: 0.9900, Val: 0.6188, Test: 0.5919, Best time: 7.8741
After OOD adjustment: Training instances of last class: 0
After OOD adjustment: Testing instances of last class: 86
Epoch: 119, Runtime 0.046449, Loss 0.007427, forward nfe 0, backward nfe 0, Train: 0.9900, Val: 0.6188, Test: 0.5919, Best time: 7.8741
After OOD adjustment: Training instances of last class: 0
After OOD adjustment: Testing instances of last class: 86
Epoch: 120, Runtime 0.046255, Loss 0.007328, forward nfe 0, backward nfe 0, Train: 0.9900, Val: 0.6188, Test: 0.5919, Best time: 7.8741
After OOD adjustment: Training instances of last class: 0
After OOD adjustment: Testing instances of last class: 86
Epoch: 121, Runtime 0.046555, Loss 0.007232, forward nfe 0, backward nfe 0, Train: 0.9900, Val: 0.6188, Test: 0.5919, Best time: 7.8741
After OOD adjustment: Training instances of last class: 0
After OOD adjustment: Testing instances of last class: 86
Epoch: 122, Runtime 0.046380, Loss 0.007138, forward nfe 0, backward nfe 0, Train: 0.9900, Val: 0.6188, Test: 0.5919, Best time: 7.8741
After OOD adjustment: Training instances of last class: 0
After OOD adjustment: Testing instances of last class: 86
Epoch: 123, Runtime 0.044282, Loss 0.007045, forward nfe 0, backward nfe 0, Train: 0.9900, Val: 0.6188, Test: 0.5919, Best time: 7.8741
After OOD adjustment: Training instances of last class: 0
After OOD adjustment: Testing instances of last class: 86
Epoch: 124, Runtime 0.044824, Loss 0.006955, forward nfe 0, backward nfe 0, Train: 0.9900, Val: 0.6188, Test: 0.5919, Best time: 7.8741
After OOD adjustment: Training instances of last class: 0
After OOD adjustment: Testing instances of last class: 86
Epoch: 125, Runtime 0.044832, Loss 0.006866, forward nfe 0, backward nfe 0, Train: 0.9900, Val: 0.6188, Test: 0.5919, Best time: 7.8741
After OOD adjustment: Training instances of last class: 0
After OOD adjustment: Testing instances of last class: 86
Epoch: 126, Runtime 0.044395, Loss 0.006779, forward nfe 0, backward nfe 0, Train: 0.9900, Val: 0.6188, Test: 0.5919, Best time: 7.8741
After OOD adjustment: Training instances of last class: 0
After OOD adjustment: Testing instances of last class: 86
Epoch: 127, Runtime 0.046938, Loss 0.006694, forward nfe 0, backward nfe 0, Train: 0.9900, Val: 0.6188, Test: 0.5919, Best time: 7.8741
After OOD adjustment: Training instances of last class: 0
After OOD adjustment: Testing instances of last class: 86
Epoch: 128, Runtime 0.043496, Loss 0.006611, forward nfe 0, backward nfe 0, Train: 0.9900, Val: 0.6188, Test: 0.5919, Best time: 7.8741
After OOD adjustment: Training instances of last class: 0
After OOD adjustment: Testing instances of last class: 86
Epoch: 129, Runtime 0.044784, Loss 0.006529, forward nfe 0, backward nfe 0, Train: 0.9900, Val: 0.6188, Test: 0.5919, Best time: 7.8741
After OOD adjustment: Training instances of last class: 0
After OOD adjustment: Testing instances of last class: 86
Epoch: 130, Runtime 0.042627, Loss 0.006448, forward nfe 0, backward nfe 0, Train: 0.9900, Val: 0.6188, Test: 0.5919, Best time: 7.8741
After OOD adjustment: Training instances of last class: 0
After OOD adjustment: Testing instances of last class: 86
Epoch: 131, Runtime 0.042176, Loss 0.006370, forward nfe 0, backward nfe 0, Train: 0.9900, Val: 0.6188, Test: 0.5919, Best time: 7.8741
After OOD adjustment: Training instances of last class: 0
After OOD adjustment: Testing instances of last class: 86
Epoch: 132, Runtime 0.044666, Loss 0.006292, forward nfe 0, backward nfe 0, Train: 0.9900, Val: 0.6188, Test: 0.5919, Best time: 7.8741
After OOD adjustment: Training instances of last class: 0
After OOD adjustment: Testing instances of last class: 86
Epoch: 133, Runtime 0.046635, Loss 0.006216, forward nfe 0, backward nfe 0, Train: 0.9900, Val: 0.6188, Test: 0.5919, Best time: 7.8741
After OOD adjustment: Training instances of last class: 0
After OOD adjustment: Testing instances of last class: 86
Epoch: 134, Runtime 0.044181, Loss 0.006142, forward nfe 0, backward nfe 0, Train: 0.9900, Val: 0.6188, Test: 0.5919, Best time: 7.8741
After OOD adjustment: Training instances of last class: 0
After OOD adjustment: Testing instances of last class: 86
Epoch: 135, Runtime 0.044766, Loss 0.006069, forward nfe 0, backward nfe 0, Train: 0.9900, Val: 0.6188, Test: 0.5919, Best time: 7.8741
After OOD adjustment: Training instances of last class: 0
After OOD adjustment: Testing instances of last class: 86
Epoch: 136, Runtime 0.044708, Loss 0.005997, forward nfe 0, backward nfe 0, Train: 0.9900, Val: 0.6188, Test: 0.5919, Best time: 7.8741
After OOD adjustment: Training instances of last class: 0
After OOD adjustment: Testing instances of last class: 86
Epoch: 137, Runtime 0.045699, Loss 0.005927, forward nfe 0, backward nfe 0, Train: 0.9900, Val: 0.6188, Test: 0.5919, Best time: 7.8741
After OOD adjustment: Training instances of last class: 0
After OOD adjustment: Testing instances of last class: 86
Epoch: 138, Runtime 0.045036, Loss 0.005858, forward nfe 0, backward nfe 0, Train: 0.9900, Val: 0.6188, Test: 0.5919, Best time: 7.8741
After OOD adjustment: Training instances of last class: 0
After OOD adjustment: Testing instances of last class: 86
Epoch: 139, Runtime 0.047095, Loss 0.005790, forward nfe 0, backward nfe 0, Train: 0.9900, Val: 0.6188, Test: 0.5919, Best time: 7.8741
After OOD adjustment: Training instances of last class: 0
After OOD adjustment: Testing instances of last class: 86
Epoch: 140, Runtime 0.044629, Loss 0.005723, forward nfe 0, backward nfe 0, Train: 0.9900, Val: 0.6188, Test: 0.5919, Best time: 7.8741
After OOD adjustment: Training instances of last class: 0
After OOD adjustment: Testing instances of last class: 86
Epoch: 141, Runtime 0.043411, Loss 0.005658, forward nfe 0, backward nfe 0, Train: 0.9900, Val: 0.6188, Test: 0.5919, Best time: 7.8741
After OOD adjustment: Training instances of last class: 0
After OOD adjustment: Testing instances of last class: 86
Epoch: 142, Runtime 0.045112, Loss 0.005594, forward nfe 0, backward nfe 0, Train: 0.9900, Val: 0.6188, Test: 0.5919, Best time: 7.8741
After OOD adjustment: Training instances of last class: 0
After OOD adjustment: Testing instances of last class: 86
Epoch: 143, Runtime 0.045741, Loss 0.005531, forward nfe 0, backward nfe 0, Train: 0.9900, Val: 0.6188, Test: 0.5919, Best time: 7.8741
After OOD adjustment: Training instances of last class: 0
After OOD adjustment: Testing instances of last class: 86
Epoch: 144, Runtime 0.046382, Loss 0.005468, forward nfe 0, backward nfe 0, Train: 0.9900, Val: 0.6188, Test: 0.5919, Best time: 7.8741
After OOD adjustment: Training instances of last class: 0
After OOD adjustment: Testing instances of last class: 86
Epoch: 145, Runtime 0.046376, Loss 0.005407, forward nfe 0, backward nfe 0, Train: 0.9900, Val: 0.6188, Test: 0.5919, Best time: 7.8741
After OOD adjustment: Training instances of last class: 0
After OOD adjustment: Testing instances of last class: 86
Epoch: 146, Runtime 0.046505, Loss 0.005348, forward nfe 0, backward nfe 0, Train: 0.9900, Val: 0.6188, Test: 0.5919, Best time: 7.8741
After OOD adjustment: Training instances of last class: 0
After OOD adjustment: Testing instances of last class: 86
Epoch: 147, Runtime 0.044358, Loss 0.005289, forward nfe 0, backward nfe 0, Train: 0.9900, Val: 0.6188, Test: 0.5919, Best time: 7.8741
After OOD adjustment: Training instances of last class: 0
After OOD adjustment: Testing instances of last class: 86
Epoch: 148, Runtime 0.044781, Loss 0.005231, forward nfe 0, backward nfe 0, Train: 0.9900, Val: 0.6188, Test: 0.5919, Best time: 7.8741
After OOD adjustment: Training instances of last class: 0
After OOD adjustment: Testing instances of last class: 86
Epoch: 149, Runtime 0.046811, Loss 0.005174, forward nfe 0, backward nfe 0, Train: 0.9900, Val: 0.6188, Test: 0.5919, Best time: 7.8741
After OOD adjustment: Training instances of last class: 0
After OOD adjustment: Testing instances of last class: 86
Epoch: 150, Runtime 0.044377, Loss 0.005118, forward nfe 0, backward nfe 0, Train: 0.9900, Val: 0.6188, Test: 0.5919, Best time: 7.8741
After OOD adjustment: Training instances of last class: 0
After OOD adjustment: Testing instances of last class: 86
Epoch: 151, Runtime 0.044794, Loss 0.005063, forward nfe 0, backward nfe 0, Train: 0.9900, Val: 0.6188, Test: 0.5919, Best time: 7.8741
After OOD adjustment: Training instances of last class: 0
After OOD adjustment: Testing instances of last class: 86
Epoch: 152, Runtime 0.046917, Loss 0.005009, forward nfe 0, backward nfe 0, Train: 0.9900, Val: 0.6188, Test: 0.5919, Best time: 7.8741
After OOD adjustment: Training instances of last class: 0
After OOD adjustment: Testing instances of last class: 86
Epoch: 153, Runtime 0.045362, Loss 0.004955, forward nfe 0, backward nfe 0, Train: 0.9900, Val: 0.6188, Test: 0.5919, Best time: 7.8741
After OOD adjustment: Training instances of last class: 0
After OOD adjustment: Testing instances of last class: 86
Epoch: 154, Runtime 0.044969, Loss 0.004903, forward nfe 0, backward nfe 0, Train: 0.9900, Val: 0.6188, Test: 0.5919, Best time: 7.8741
After OOD adjustment: Training instances of last class: 0
After OOD adjustment: Testing instances of last class: 86
Epoch: 155, Runtime 0.045825, Loss 0.004852, forward nfe 0, backward nfe 0, Train: 0.9900, Val: 0.6188, Test: 0.5919, Best time: 7.8741
After OOD adjustment: Training instances of last class: 0
After OOD adjustment: Testing instances of last class: 86
Epoch: 156, Runtime 0.045919, Loss 0.004801, forward nfe 0, backward nfe 0, Train: 0.9900, Val: 0.6188, Test: 0.5919, Best time: 7.8741
After OOD adjustment: Training instances of last class: 0
After OOD adjustment: Testing instances of last class: 86
Epoch: 157, Runtime 0.044395, Loss 0.004751, forward nfe 0, backward nfe 0, Train: 0.9900, Val: 0.6188, Test: 0.5919, Best time: 7.8741
After OOD adjustment: Training instances of last class: 0
After OOD adjustment: Testing instances of last class: 86
Epoch: 158, Runtime 0.047136, Loss 0.004702, forward nfe 0, backward nfe 0, Train: 0.9900, Val: 0.6188, Test: 0.5919, Best time: 7.8741
After OOD adjustment: Training instances of last class: 0
After OOD adjustment: Testing instances of last class: 86
Epoch: 159, Runtime 0.045292, Loss 0.004654, forward nfe 0, backward nfe 0, Train: 0.9900, Val: 0.6188, Test: 0.5919, Best time: 7.8741
After OOD adjustment: Training instances of last class: 0
After OOD adjustment: Testing instances of last class: 86
Epoch: 160, Runtime 0.043905, Loss 0.004606, forward nfe 0, backward nfe 0, Train: 0.9900, Val: 0.6188, Test: 0.5919, Best time: 7.8741
After OOD adjustment: Training instances of last class: 0
After OOD adjustment: Testing instances of last class: 86
Epoch: 161, Runtime 0.044935, Loss 0.004559, forward nfe 0, backward nfe 0, Train: 0.9900, Val: 0.6188, Test: 0.5919, Best time: 7.8741
After OOD adjustment: Training instances of last class: 0
After OOD adjustment: Testing instances of last class: 86
Epoch: 162, Runtime 0.046593, Loss 0.004513, forward nfe 0, backward nfe 0, Train: 0.9900, Val: 0.6188, Test: 0.5919, Best time: 7.8741
After OOD adjustment: Training instances of last class: 0
After OOD adjustment: Testing instances of last class: 86
Epoch: 163, Runtime 0.044424, Loss 0.004468, forward nfe 0, backward nfe 0, Train: 0.9900, Val: 0.6188, Test: 0.5919, Best time: 7.8741
After OOD adjustment: Training instances of last class: 0
After OOD adjustment: Testing instances of last class: 86
Epoch: 164, Runtime 0.046880, Loss 0.004423, forward nfe 0, backward nfe 0, Train: 0.9900, Val: 0.6188, Test: 0.5919, Best time: 7.8741
After OOD adjustment: Training instances of last class: 0
After OOD adjustment: Testing instances of last class: 86
Epoch: 165, Runtime 0.044749, Loss 0.004379, forward nfe 0, backward nfe 0, Train: 0.9900, Val: 0.6188, Test: 0.5919, Best time: 7.8741
After OOD adjustment: Training instances of last class: 0
After OOD adjustment: Testing instances of last class: 86
Epoch: 166, Runtime 0.045480, Loss 0.004336, forward nfe 0, backward nfe 0, Train: 0.9900, Val: 0.6188, Test: 0.5919, Best time: 7.8741
After OOD adjustment: Training instances of last class: 0
After OOD adjustment: Testing instances of last class: 86
Epoch: 167, Runtime 0.045166, Loss 0.004293, forward nfe 0, backward nfe 0, Train: 0.9900, Val: 0.6188, Test: 0.5919, Best time: 7.8741
After OOD adjustment: Training instances of last class: 0
After OOD adjustment: Testing instances of last class: 86
Epoch: 168, Runtime 0.047113, Loss 0.004251, forward nfe 0, backward nfe 0, Train: 0.9900, Val: 0.6188, Test: 0.5919, Best time: 7.8741
After OOD adjustment: Training instances of last class: 0
After OOD adjustment: Testing instances of last class: 86
Epoch: 169, Runtime 0.044398, Loss 0.004210, forward nfe 0, backward nfe 0, Train: 0.9900, Val: 0.6188, Test: 0.5919, Best time: 7.8741
After OOD adjustment: Training instances of last class: 0
After OOD adjustment: Testing instances of last class: 86
Epoch: 170, Runtime 0.046870, Loss 0.004169, forward nfe 0, backward nfe 0, Train: 0.9900, Val: 0.6188, Test: 0.5919, Best time: 7.8741
After OOD adjustment: Training instances of last class: 0
After OOD adjustment: Testing instances of last class: 86
Epoch: 171, Runtime 0.044337, Loss 0.004129, forward nfe 0, backward nfe 0, Train: 0.9900, Val: 0.6188, Test: 0.5919, Best time: 7.8741
After OOD adjustment: Training instances of last class: 0
After OOD adjustment: Testing instances of last class: 86
Epoch: 172, Runtime 0.042643, Loss 0.004090, forward nfe 0, backward nfe 0, Train: 0.9900, Val: 0.6188, Test: 0.5919, Best time: 7.8741
After OOD adjustment: Training instances of last class: 0
After OOD adjustment: Testing instances of last class: 86
Epoch: 173, Runtime 0.046966, Loss 0.004051, forward nfe 0, backward nfe 0, Train: 0.9900, Val: 0.6188, Test: 0.5919, Best time: 7.8741
After OOD adjustment: Training instances of last class: 0
After OOD adjustment: Testing instances of last class: 86
Epoch: 174, Runtime 0.044477, Loss 0.004012, forward nfe 0, backward nfe 0, Train: 0.9900, Val: 0.6188, Test: 0.5919, Best time: 7.8741
After OOD adjustment: Training instances of last class: 0
After OOD adjustment: Testing instances of last class: 86
Epoch: 175, Runtime 0.046836, Loss 0.003974, forward nfe 0, backward nfe 0, Train: 0.9900, Val: 0.6188, Test: 0.5919, Best time: 7.8741
After OOD adjustment: Training instances of last class: 0
After OOD adjustment: Testing instances of last class: 86
Epoch: 176, Runtime 0.046634, Loss 0.003937, forward nfe 0, backward nfe 0, Train: 0.9900, Val: 0.6188, Test: 0.5919, Best time: 7.8741
After OOD adjustment: Training instances of last class: 0
After OOD adjustment: Testing instances of last class: 86
Epoch: 177, Runtime 0.044286, Loss 0.003900, forward nfe 0, backward nfe 0, Train: 0.9900, Val: 0.6188, Test: 0.5919, Best time: 7.8741
After OOD adjustment: Training instances of last class: 0
After OOD adjustment: Testing instances of last class: 86
Epoch: 178, Runtime 0.047166, Loss 0.003864, forward nfe 0, backward nfe 0, Train: 0.9900, Val: 0.6188, Test: 0.5919, Best time: 7.8741
After OOD adjustment: Training instances of last class: 0
After OOD adjustment: Testing instances of last class: 86
Epoch: 179, Runtime 0.046422, Loss 0.003828, forward nfe 0, backward nfe 0, Train: 0.9900, Val: 0.6188, Test: 0.5919, Best time: 7.8741
After OOD adjustment: Training instances of last class: 0
After OOD adjustment: Testing instances of last class: 86
Epoch: 180, Runtime 0.046594, Loss 0.003793, forward nfe 0, backward nfe 0, Train: 0.9900, Val: 0.6188, Test: 0.5919, Best time: 7.8741
After OOD adjustment: Training instances of last class: 0
After OOD adjustment: Testing instances of last class: 86
Epoch: 181, Runtime 0.046463, Loss 0.003758, forward nfe 0, backward nfe 0, Train: 0.9900, Val: 0.6188, Test: 0.5919, Best time: 7.8741
After OOD adjustment: Training instances of last class: 0
After OOD adjustment: Testing instances of last class: 86
Epoch: 182, Runtime 0.044372, Loss 0.003724, forward nfe 0, backward nfe 0, Train: 0.9900, Val: 0.6188, Test: 0.5919, Best time: 7.8741
After OOD adjustment: Training instances of last class: 0
After OOD adjustment: Testing instances of last class: 86
Epoch: 183, Runtime 0.042864, Loss 0.003690, forward nfe 0, backward nfe 0, Train: 0.9900, Val: 0.6188, Test: 0.5919, Best time: 7.8741
After OOD adjustment: Training instances of last class: 0
After OOD adjustment: Testing instances of last class: 86
Epoch: 184, Runtime 0.046936, Loss 0.003657, forward nfe 0, backward nfe 0, Train: 0.9900, Val: 0.6188, Test: 0.5919, Best time: 7.8741
After OOD adjustment: Training instances of last class: 0
After OOD adjustment: Testing instances of last class: 86
Epoch: 185, Runtime 0.046492, Loss 0.003624, forward nfe 0, backward nfe 0, Train: 0.9900, Val: 0.6188, Test: 0.5919, Best time: 7.8741
After OOD adjustment: Training instances of last class: 0
After OOD adjustment: Testing instances of last class: 86
Epoch: 186, Runtime 0.046379, Loss 0.003592, forward nfe 0, backward nfe 0, Train: 0.9900, Val: 0.6188, Test: 0.5919, Best time: 7.8741
After OOD adjustment: Training instances of last class: 0
After OOD adjustment: Testing instances of last class: 86
Epoch: 187, Runtime 0.045956, Loss 0.003560, forward nfe 0, backward nfe 0, Train: 0.9900, Val: 0.6188, Test: 0.5919, Best time: 7.8741
After OOD adjustment: Training instances of last class: 0
After OOD adjustment: Testing instances of last class: 86
Epoch: 188, Runtime 0.046421, Loss 0.003529, forward nfe 0, backward nfe 0, Train: 0.9900, Val: 0.6188, Test: 0.5919, Best time: 7.8741
After OOD adjustment: Training instances of last class: 0
After OOD adjustment: Testing instances of last class: 86
Epoch: 189, Runtime 0.044335, Loss 0.003497, forward nfe 0, backward nfe 0, Train: 0.9900, Val: 0.6188, Test: 0.5919, Best time: 7.8741
After OOD adjustment: Training instances of last class: 0
After OOD adjustment: Testing instances of last class: 86
Epoch: 190, Runtime 0.045797, Loss 0.003467, forward nfe 0, backward nfe 0, Train: 0.9900, Val: 0.6188, Test: 0.5919, Best time: 7.8741
After OOD adjustment: Training instances of last class: 0
After OOD adjustment: Testing instances of last class: 86
Epoch: 191, Runtime 0.044060, Loss 0.003437, forward nfe 0, backward nfe 0, Train: 0.9900, Val: 0.6188, Test: 0.5919, Best time: 7.8741
After OOD adjustment: Training instances of last class: 0
After OOD adjustment: Testing instances of last class: 86
Epoch: 192, Runtime 0.044580, Loss 0.003407, forward nfe 0, backward nfe 0, Train: 0.9900, Val: 0.6188, Test: 0.5919, Best time: 7.8741
After OOD adjustment: Training instances of last class: 0
After OOD adjustment: Testing instances of last class: 86
Epoch: 193, Runtime 0.044544, Loss 0.003377, forward nfe 0, backward nfe 0, Train: 0.9900, Val: 0.6188, Test: 0.5919, Best time: 7.8741
After OOD adjustment: Training instances of last class: 0
After OOD adjustment: Testing instances of last class: 86
Epoch: 194, Runtime 0.045529, Loss 0.003348, forward nfe 0, backward nfe 0, Train: 0.9900, Val: 0.6188, Test: 0.5919, Best time: 7.8741
After OOD adjustment: Training instances of last class: 0
After OOD adjustment: Testing instances of last class: 86
Epoch: 195, Runtime 0.044325, Loss 0.003320, forward nfe 0, backward nfe 0, Train: 0.9900, Val: 0.6188, Test: 0.5919, Best time: 7.8741
After OOD adjustment: Training instances of last class: 0
After OOD adjustment: Testing instances of last class: 86
Epoch: 196, Runtime 0.046814, Loss 0.003291, forward nfe 0, backward nfe 0, Train: 0.9900, Val: 0.6188, Test: 0.5919, Best time: 7.8741
After OOD adjustment: Training instances of last class: 0
After OOD adjustment: Testing instances of last class: 86
Epoch: 197, Runtime 0.046340, Loss 0.003263, forward nfe 0, backward nfe 0, Train: 0.9900, Val: 0.6188, Test: 0.5919, Best time: 7.8741
After OOD adjustment: Training instances of last class: 0
After OOD adjustment: Testing instances of last class: 86
Epoch: 198, Runtime 0.044408, Loss 0.003236, forward nfe 0, backward nfe 0, Train: 0.9900, Val: 0.6188, Test: 0.5919, Best time: 7.8741
After OOD adjustment: Training instances of last class: 0
After OOD adjustment: Testing instances of last class: 86
Epoch: 199, Runtime 0.046906, Loss 0.003209, forward nfe 0, backward nfe 0, Train: 0.9900, Val: 0.6188, Test: 0.5919, Best time: 7.8741
After OOD adjustment: Training instances of last class: 0
After OOD adjustment: Testing instances of last class: 86
Epoch: 200, Runtime 0.046387, Loss 0.003182, forward nfe 0, backward nfe 0, Train: 0.9900, Val: 0.6188, Test: 0.5919, Best time: 7.8741
After OOD adjustment: Training instances of last class: 0
After OOD adjustment: Testing instances of last class: 86
Epoch: 201, Runtime 0.044406, Loss 0.003155, forward nfe 0, backward nfe 0, Train: 0.9900, Val: 0.6188, Test: 0.5919, Best time: 7.8741
After OOD adjustment: Training instances of last class: 0
After OOD adjustment: Testing instances of last class: 86
Epoch: 202, Runtime 0.042837, Loss 0.003129, forward nfe 0, backward nfe 0, Train: 0.9900, Val: 0.6188, Test: 0.5919, Best time: 7.8741
After OOD adjustment: Training instances of last class: 0
After OOD adjustment: Testing instances of last class: 86
Epoch: 203, Runtime 0.047257, Loss 0.003103, forward nfe 0, backward nfe 0, Train: 0.9900, Val: 0.6188, Test: 0.5919, Best time: 7.8741
After OOD adjustment: Training instances of last class: 0
After OOD adjustment: Testing instances of last class: 86
Epoch: 204, Runtime 0.046400, Loss 0.003078, forward nfe 0, backward nfe 0, Train: 0.9900, Val: 0.6188, Test: 0.5919, Best time: 7.8741
After OOD adjustment: Training instances of last class: 0
After OOD adjustment: Testing instances of last class: 86
Epoch: 205, Runtime 0.044431, Loss 0.003053, forward nfe 0, backward nfe 0, Train: 0.9900, Val: 0.6188, Test: 0.5919, Best time: 7.8741
After OOD adjustment: Training instances of last class: 0
After OOD adjustment: Testing instances of last class: 86
Epoch: 206, Runtime 0.042928, Loss 0.003028, forward nfe 0, backward nfe 0, Train: 0.9900, Val: 0.6188, Test: 0.5919, Best time: 7.8741
After OOD adjustment: Training instances of last class: 0
After OOD adjustment: Testing instances of last class: 86
Epoch: 207, Runtime 0.045076, Loss 0.003003, forward nfe 0, backward nfe 0, Train: 0.9900, Val: 0.6188, Test: 0.5919, Best time: 7.8741
After OOD adjustment: Training instances of last class: 0
After OOD adjustment: Testing instances of last class: 86
Epoch: 208, Runtime 0.046865, Loss 0.002979, forward nfe 0, backward nfe 0, Train: 0.9900, Val: 0.6188, Test: 0.5919, Best time: 7.8741
After OOD adjustment: Training instances of last class: 0
After OOD adjustment: Testing instances of last class: 86
Epoch: 209, Runtime 0.044414, Loss 0.002955, forward nfe 0, backward nfe 0, Train: 0.9900, Val: 0.6188, Test: 0.5919, Best time: 7.8741
After OOD adjustment: Training instances of last class: 0
After OOD adjustment: Testing instances of last class: 86
Epoch: 210, Runtime 0.044791, Loss 0.002931, forward nfe 0, backward nfe 0, Train: 0.9900, Val: 0.6188, Test: 0.5919, Best time: 7.8741
After OOD adjustment: Training instances of last class: 0
After OOD adjustment: Testing instances of last class: 86
Epoch: 211, Runtime 0.046928, Loss 0.002908, forward nfe 0, backward nfe 0, Train: 0.9900, Val: 0.6188, Test: 0.5919, Best time: 7.8741
After OOD adjustment: Training instances of last class: 0
After OOD adjustment: Testing instances of last class: 86
Epoch: 212, Runtime 0.043605, Loss 0.002885, forward nfe 0, backward nfe 0, Train: 0.9900, Val: 0.6188, Test: 0.5919, Best time: 7.8741
After OOD adjustment: Training instances of last class: 0
After OOD adjustment: Testing instances of last class: 86
Epoch: 213, Runtime 0.042797, Loss 0.002862, forward nfe 0, backward nfe 0, Train: 0.9900, Val: 0.6188, Test: 0.5919, Best time: 7.8741
After OOD adjustment: Training instances of last class: 0
After OOD adjustment: Testing instances of last class: 86
Epoch: 214, Runtime 0.047056, Loss 0.002839, forward nfe 0, backward nfe 0, Train: 0.9900, Val: 0.6188, Test: 0.5919, Best time: 7.8741
After OOD adjustment: Training instances of last class: 0
After OOD adjustment: Testing instances of last class: 86
Epoch: 215, Runtime 0.045356, Loss 0.002817, forward nfe 0, backward nfe 0, Train: 0.9900, Val: 0.6188, Test: 0.5919, Best time: 7.8741
After OOD adjustment: Training instances of last class: 0
After OOD adjustment: Testing instances of last class: 86
Epoch: 216, Runtime 0.045473, Loss 0.002795, forward nfe 0, backward nfe 0, Train: 0.9900, Val: 0.6188, Test: 0.5919, Best time: 7.8741
After OOD adjustment: Training instances of last class: 0
After OOD adjustment: Testing instances of last class: 86
Epoch: 217, Runtime 0.044442, Loss 0.002773, forward nfe 0, backward nfe 0, Train: 0.9900, Val: 0.6188, Test: 0.5919, Best time: 7.8741
After OOD adjustment: Training instances of last class: 0
After OOD adjustment: Testing instances of last class: 86
Epoch: 218, Runtime 0.044907, Loss 0.002752, forward nfe 0, backward nfe 0, Train: 0.9900, Val: 0.6188, Test: 0.5919, Best time: 7.8741
After OOD adjustment: Training instances of last class: 0
After OOD adjustment: Testing instances of last class: 86
Epoch: 219, Runtime 0.046844, Loss 0.002731, forward nfe 0, backward nfe 0, Train: 0.9900, Val: 0.6188, Test: 0.5919, Best time: 7.8741
After OOD adjustment: Training instances of last class: 0
After OOD adjustment: Testing instances of last class: 86
Epoch: 220, Runtime 0.046486, Loss 0.002710, forward nfe 0, backward nfe 0, Train: 0.9900, Val: 0.6188, Test: 0.5919, Best time: 7.8741
After OOD adjustment: Training instances of last class: 0
After OOD adjustment: Testing instances of last class: 86
Epoch: 221, Runtime 0.046278, Loss 0.002689, forward nfe 0, backward nfe 0, Train: 0.9900, Val: 0.6188, Test: 0.5919, Best time: 7.8741
After OOD adjustment: Training instances of last class: 0
After OOD adjustment: Testing instances of last class: 86
Epoch: 222, Runtime 0.044511, Loss 0.002669, forward nfe 0, backward nfe 0, Train: 0.9900, Val: 0.6188, Test: 0.5919, Best time: 7.8741
After OOD adjustment: Training instances of last class: 0
After OOD adjustment: Testing instances of last class: 86
Epoch: 223, Runtime 0.047048, Loss 0.002648, forward nfe 0, backward nfe 0, Train: 0.9900, Val: 0.6188, Test: 0.5919, Best time: 7.8741
After OOD adjustment: Training instances of last class: 0
After OOD adjustment: Testing instances of last class: 86
Epoch: 224, Runtime 0.046377, Loss 0.002628, forward nfe 0, backward nfe 0, Train: 0.9900, Val: 0.6188, Test: 0.5919, Best time: 7.8741
After OOD adjustment: Training instances of last class: 0
After OOD adjustment: Testing instances of last class: 86
Epoch: 225, Runtime 0.044640, Loss 0.002609, forward nfe 0, backward nfe 0, Train: 0.9900, Val: 0.6188, Test: 0.5919, Best time: 7.8741
After OOD adjustment: Training instances of last class: 0
After OOD adjustment: Testing instances of last class: 86
Epoch: 226, Runtime 0.045476, Loss 0.002589, forward nfe 0, backward nfe 0, Train: 0.9900, Val: 0.6188, Test: 0.5919, Best time: 7.8741
After OOD adjustment: Training instances of last class: 0
After OOD adjustment: Testing instances of last class: 86
Epoch: 227, Runtime 0.044241, Loss 0.002570, forward nfe 0, backward nfe 0, Train: 0.9900, Val: 0.6188, Test: 0.5919, Best time: 7.8741
After OOD adjustment: Training instances of last class: 0
After OOD adjustment: Testing instances of last class: 86
Epoch: 228, Runtime 0.046900, Loss 0.002551, forward nfe 0, backward nfe 0, Train: 0.9900, Val: 0.6188, Test: 0.5919, Best time: 7.8741
After OOD adjustment: Training instances of last class: 0
After OOD adjustment: Testing instances of last class: 86
Epoch: 229, Runtime 0.046255, Loss 0.002532, forward nfe 0, backward nfe 0, Train: 0.9900, Val: 0.6188, Test: 0.5919, Best time: 7.8741
After OOD adjustment: Training instances of last class: 0
After OOD adjustment: Testing instances of last class: 86
Epoch: 230, Runtime 0.046373, Loss 0.002513, forward nfe 0, backward nfe 0, Train: 0.9900, Val: 0.6188, Test: 0.5919, Best time: 7.8741
After OOD adjustment: Training instances of last class: 0
After OOD adjustment: Testing instances of last class: 86
Epoch: 231, Runtime 0.044306, Loss 0.002494, forward nfe 0, backward nfe 0, Train: 0.9900, Val: 0.6188, Test: 0.5919, Best time: 7.8741
After OOD adjustment: Training instances of last class: 0
After OOD adjustment: Testing instances of last class: 86
Epoch: 232, Runtime 0.046781, Loss 0.002476, forward nfe 0, backward nfe 0, Train: 0.9900, Val: 0.6188, Test: 0.5919, Best time: 7.8741
After OOD adjustment: Training instances of last class: 0
After OOD adjustment: Testing instances of last class: 86
Epoch: 233, Runtime 0.044267, Loss 0.002458, forward nfe 0, backward nfe 0, Train: 0.9900, Val: 0.6188, Test: 0.5919, Best time: 7.8741
After OOD adjustment: Training instances of last class: 0
After OOD adjustment: Testing instances of last class: 86
Epoch: 234, Runtime 0.044757, Loss 0.002440, forward nfe 0, backward nfe 0, Train: 0.9900, Val: 0.6188, Test: 0.5919, Best time: 7.8741
After OOD adjustment: Training instances of last class: 0
After OOD adjustment: Testing instances of last class: 86
Epoch: 235, Runtime 0.042880, Loss 0.002423, forward nfe 0, backward nfe 0, Train: 0.9900, Val: 0.6188, Test: 0.5919, Best time: 7.8741
After OOD adjustment: Training instances of last class: 0
After OOD adjustment: Testing instances of last class: 86
Epoch: 236, Runtime 0.047060, Loss 0.002405, forward nfe 0, backward nfe 0, Train: 0.9900, Val: 0.6188, Test: 0.5919, Best time: 7.8741
After OOD adjustment: Training instances of last class: 0
After OOD adjustment: Testing instances of last class: 86
Epoch: 237, Runtime 0.046499, Loss 0.002388, forward nfe 0, backward nfe 0, Train: 0.9900, Val: 0.6188, Test: 0.5919, Best time: 7.8741
After OOD adjustment: Training instances of last class: 0
After OOD adjustment: Testing instances of last class: 86
Epoch: 238, Runtime 0.046277, Loss 0.002371, forward nfe 0, backward nfe 0, Train: 0.9900, Val: 0.6188, Test: 0.5919, Best time: 7.8741
After OOD adjustment: Training instances of last class: 0
After OOD adjustment: Testing instances of last class: 86
Epoch: 239, Runtime 0.046463, Loss 0.002354, forward nfe 0, backward nfe 0, Train: 0.9900, Val: 0.6188, Test: 0.5919, Best time: 7.8741
After OOD adjustment: Training instances of last class: 0
After OOD adjustment: Testing instances of last class: 86
Epoch: 240, Runtime 0.044555, Loss 0.002337, forward nfe 0, backward nfe 0, Train: 0.9900, Val: 0.6188, Test: 0.5919, Best time: 7.8741
After OOD adjustment: Training instances of last class: 0
After OOD adjustment: Testing instances of last class: 86
Epoch: 241, Runtime 0.045464, Loss 0.002321, forward nfe 0, backward nfe 0, Train: 0.9900, Val: 0.6188, Test: 0.5919, Best time: 7.8741
After OOD adjustment: Training instances of last class: 0
After OOD adjustment: Testing instances of last class: 86
Epoch: 242, Runtime 0.046417, Loss 0.002304, forward nfe 0, backward nfe 0, Train: 0.9900, Val: 0.6188, Test: 0.5919, Best time: 7.8741
After OOD adjustment: Training instances of last class: 0
After OOD adjustment: Testing instances of last class: 86
Epoch: 243, Runtime 0.044341, Loss 0.002288, forward nfe 0, backward nfe 0, Train: 0.9900, Val: 0.6188, Test: 0.5919, Best time: 7.8741
After OOD adjustment: Training instances of last class: 0
After OOD adjustment: Testing instances of last class: 86
Epoch: 244, Runtime 0.044769, Loss 0.002272, forward nfe 0, backward nfe 0, Train: 0.9900, Val: 0.6188, Test: 0.5919, Best time: 7.8741
After OOD adjustment: Training instances of last class: 0
After OOD adjustment: Testing instances of last class: 86
Epoch: 245, Runtime 0.043132, Loss 0.002256, forward nfe 0, backward nfe 0, Train: 0.9900, Val: 0.6188, Test: 0.5919, Best time: 7.8741
After OOD adjustment: Training instances of last class: 0
After OOD adjustment: Testing instances of last class: 86
Epoch: 246, Runtime 0.043652, Loss 0.002241, forward nfe 0, backward nfe 0, Train: 0.9900, Val: 0.6188, Test: 0.5919, Best time: 7.8741
After OOD adjustment: Training instances of last class: 0
After OOD adjustment: Testing instances of last class: 86
Epoch: 247, Runtime 0.045316, Loss 0.002225, forward nfe 0, backward nfe 0, Train: 0.9900, Val: 0.6188, Test: 0.5919, Best time: 7.8741
After OOD adjustment: Training instances of last class: 0
After OOD adjustment: Testing instances of last class: 86
Epoch: 248, Runtime 0.046515, Loss 0.002210, forward nfe 0, backward nfe 0, Train: 0.9900, Val: 0.6188, Test: 0.5919, Best time: 7.8741
After OOD adjustment: Training instances of last class: 0
After OOD adjustment: Testing instances of last class: 86
Epoch: 249, Runtime 0.044689, Loss 0.002195, forward nfe 0, backward nfe 0, Train: 0.9900, Val: 0.6188, Test: 0.5919, Best time: 7.8741
best val accuracy 0.618841 with test accuracy 0.591935 at epoch 19 and best time 7.874113
base_directory resutls_prob/OOD_Citeseer
new_name:  gnn_ODD
file_path 1 resutls_prob/OOD_Citeseer/gnn_ODD_prediction_probabilities_64.npz
file_path 2 resutls_prob/OOD_Citeseer/gnn_ODD_prediction_probabilities_64.npz
Entropy Threshold: inf Test accuracy: 0.5919354838709677
Entropy Threshold: 2 Test accuracy: 0.5919354838709677
Entropy Threshold: 1.6 Test accuracy: 0.591869918699187
Entropy Threshold: 1.5 Test accuracy: 0.6615720524017468
Entropy Threshold: 1.4 Test accuracy: 0.7192982456140351
Entropy Threshold: 1.3 Test accuracy: 0.7647058823529411
Entropy Threshold: 1.2 Test accuracy: 0.8021390374331551
Entropy Threshold: 1.1 Test accuracy: 0.8486842105263158
Entropy Threshold: 0.9 Test accuracy: 0.8452380952380952
Entropy Threshold: 0.8 Test accuracy: 0.8305084745762712
Entropy Threshold: 0.7 Test accuracy: 0.8431372549019608
Entropy Threshold: 0.6 Test accuracy: 0.9354838709677419
Entropy Threshold: 0.5 Test accuracy: 0.9523809523809523
Entropy Threshold: 0.4 Test accuracy: 1.0
Entropy Threshold: 0.3 Test accuracy: 1.0
Entropy Threshold: 0.2 Test accuracy: 1.0
Entropy Threshold: 0.1 Test accuracy: None
