[KeOps] Warning : cuda was detected, but driver API could not be initialized. Switching to cpu only.
Folder already exists: results/cora
experiment: 0
Dataset size (num_nodes): 2485, Intended development set size (num_development): 1500
Dataset size (num_nodes): 2485, Actual development set size (num_development): 1500
rations: train 140, val 1360, test 985
Before OOD adjustment: Total instances of last class: 131
Before OOD adjustment: Training instances of last class: 20
Before OOD adjustment: Testing instances of last class: 55
Before OOD adjustment: Val instances of last class: 56
total train + val+ test 131
After OOD adjustment: Training instances of last class: 0
After OOD adjustment: Testing instances of last class: 55
Total number of classes: 7
number of classes to train: 6
Dataset size (num_nodes): 2485, Intended development set size (num_development): 1500
Dataset size (num_nodes): 2485, Actual development set size (num_development): 1500
rations: train 140, val 1360, test 985
within set_train_val_test_split function!
Before OOD adjustment: Total instances of last class: 131
Before OOD adjustment: Training instances of last class: 20
Before OOD adjustment: Testing instances of last class: 52
Before OOD adjustment: Val instances of last class: 59
total train + val+ test 131
After OOD adjustment: Training instances of last class: 0
After OOD adjustment: Testing instances of last class: 52
BayesianGCN(
  (bayes_conv1): BayesianGCNConv(1433, 64)
  (bayes_conv3): BayesianGCNConv(64, 6)
)
bayes_conv1.mu_weight
torch.Size([64, 1433])
bayes_conv1.rho_weight
torch.Size([64, 1433])
bayes_conv1.mu_bias
torch.Size([64])
bayes_conv1.rho_bias
torch.Size([64])
bayes_conv3.mu_weight
torch.Size([6, 64])
bayes_conv3.rho_weight
torch.Size([6, 64])
bayes_conv3.mu_bias
torch.Size([6])
bayes_conv3.rho_bias
torch.Size([6])
After OOD adjustment: Training instances of last class: 0
After OOD adjustment: Testing instances of last class: 52
Epoch: 001, Runtime 0.042334, Loss 1.968363, forward nfe 0, backward nfe 0, Train: 0.1750, Val: 0.2794, Test: 0.2893, Best time: 18.2948
After OOD adjustment: Training instances of last class: 0
After OOD adjustment: Testing instances of last class: 52
Epoch: 002, Runtime 0.029816, Loss 2.035288, forward nfe 0, backward nfe 0, Train: 0.1750, Val: 0.2794, Test: 0.2893, Best time: 18.2948
After OOD adjustment: Training instances of last class: 0
After OOD adjustment: Testing instances of last class: 52
Epoch: 003, Runtime 0.026034, Loss 1.889931, forward nfe 0, backward nfe 0, Train: 0.1750, Val: 0.2794, Test: 0.2893, Best time: 18.2948
After OOD adjustment: Training instances of last class: 0
After OOD adjustment: Testing instances of last class: 52
Epoch: 004, Runtime 0.026878, Loss 1.986084, forward nfe 0, backward nfe 0, Train: 0.1750, Val: 0.2794, Test: 0.2893, Best time: 18.2948
After OOD adjustment: Training instances of last class: 0
After OOD adjustment: Testing instances of last class: 52
Epoch: 005, Runtime 0.027125, Loss 1.907565, forward nfe 0, backward nfe 0, Train: 0.1750, Val: 0.2794, Test: 0.2893, Best time: 18.2948
After OOD adjustment: Training instances of last class: 0
After OOD adjustment: Testing instances of last class: 52
Epoch: 006, Runtime 0.026290, Loss 1.892987, forward nfe 0, backward nfe 0, Train: 0.1750, Val: 0.2794, Test: 0.2893, Best time: 18.2948
After OOD adjustment: Training instances of last class: 0
After OOD adjustment: Testing instances of last class: 52
Epoch: 007, Runtime 0.025867, Loss 1.879726, forward nfe 0, backward nfe 0, Train: 0.1750, Val: 0.2794, Test: 0.2893, Best time: 18.2948
After OOD adjustment: Training instances of last class: 0
After OOD adjustment: Testing instances of last class: 52
Epoch: 008, Runtime 0.028338, Loss 1.900411, forward nfe 0, backward nfe 0, Train: 0.1750, Val: 0.2794, Test: 0.2893, Best time: 18.2948
After OOD adjustment: Training instances of last class: 0
After OOD adjustment: Testing instances of last class: 52
Epoch: 009, Runtime 0.028559, Loss 1.867451, forward nfe 0, backward nfe 0, Train: 0.1750, Val: 0.2794, Test: 0.2893, Best time: 18.2948
After OOD adjustment: Training instances of last class: 0
After OOD adjustment: Testing instances of last class: 52
Epoch: 010, Runtime 0.026572, Loss 1.796702, forward nfe 0, backward nfe 0, Train: 0.1750, Val: 0.2794, Test: 0.2893, Best time: 18.2948
After OOD adjustment: Training instances of last class: 0
After OOD adjustment: Testing instances of last class: 52
Epoch: 011, Runtime 0.027013, Loss 1.805254, forward nfe 0, backward nfe 0, Train: 0.1750, Val: 0.2794, Test: 0.2893, Best time: 18.2948
After OOD adjustment: Training instances of last class: 0
After OOD adjustment: Testing instances of last class: 52
Epoch: 012, Runtime 0.026691, Loss 1.748356, forward nfe 0, backward nfe 0, Train: 0.1750, Val: 0.2794, Test: 0.2893, Best time: 18.2948
After OOD adjustment: Training instances of last class: 0
After OOD adjustment: Testing instances of last class: 52
Epoch: 013, Runtime 0.025894, Loss 1.707233, forward nfe 0, backward nfe 0, Train: 0.1750, Val: 0.2794, Test: 0.2893, Best time: 18.2948
After OOD adjustment: Training instances of last class: 0
After OOD adjustment: Testing instances of last class: 52
Epoch: 014, Runtime 0.025786, Loss 1.760209, forward nfe 0, backward nfe 0, Train: 0.1750, Val: 0.2794, Test: 0.2893, Best time: 18.2948
After OOD adjustment: Training instances of last class: 0
After OOD adjustment: Testing instances of last class: 52
Epoch: 015, Runtime 0.030708, Loss 1.735722, forward nfe 0, backward nfe 0, Train: 0.1750, Val: 0.2794, Test: 0.2893, Best time: 18.2948
After OOD adjustment: Training instances of last class: 0
After OOD adjustment: Testing instances of last class: 52
Epoch: 016, Runtime 0.193365, Loss 1.687360, forward nfe 0, backward nfe 0, Train: 0.5583, Val: 0.2985, Test: 0.2812, Best time: 18.2948
After OOD adjustment: Training instances of last class: 0
After OOD adjustment: Testing instances of last class: 52
Epoch: 017, Runtime 0.183310, Loss 1.758088, forward nfe 0, backward nfe 0, Train: 0.4833, Val: 0.3912, Test: 0.3888, Best time: 18.2948
After OOD adjustment: Training instances of last class: 0
After OOD adjustment: Testing instances of last class: 52
Epoch: 018, Runtime 0.029726, Loss 1.655893, forward nfe 0, backward nfe 0, Train: 0.4833, Val: 0.3912, Test: 0.3888, Best time: 18.2948
After OOD adjustment: Training instances of last class: 0
After OOD adjustment: Testing instances of last class: 52
Epoch: 019, Runtime 0.178444, Loss 1.633525, forward nfe 0, backward nfe 0, Train: 0.5667, Val: 0.4096, Test: 0.4457, Best time: 18.2948
After OOD adjustment: Training instances of last class: 0
After OOD adjustment: Testing instances of last class: 52
Epoch: 020, Runtime 0.029802, Loss 1.663864, forward nfe 0, backward nfe 0, Train: 0.5667, Val: 0.4096, Test: 0.4457, Best time: 18.2948
After OOD adjustment: Training instances of last class: 0
After OOD adjustment: Testing instances of last class: 52
Epoch: 021, Runtime 0.180212, Loss 1.583862, forward nfe 0, backward nfe 0, Train: 0.5500, Val: 0.4949, Test: 0.4822, Best time: 18.2948
After OOD adjustment: Training instances of last class: 0
After OOD adjustment: Testing instances of last class: 52
Epoch: 022, Runtime 0.030876, Loss 1.588549, forward nfe 0, backward nfe 0, Train: 0.5500, Val: 0.4949, Test: 0.4822, Best time: 18.2948
After OOD adjustment: Training instances of last class: 0
After OOD adjustment: Testing instances of last class: 52
Epoch: 023, Runtime 0.027601, Loss 1.603611, forward nfe 0, backward nfe 0, Train: 0.5500, Val: 0.4949, Test: 0.4822, Best time: 18.2948
After OOD adjustment: Training instances of last class: 0
After OOD adjustment: Testing instances of last class: 52
Epoch: 024, Runtime 0.027029, Loss 1.566069, forward nfe 0, backward nfe 0, Train: 0.5500, Val: 0.4949, Test: 0.4822, Best time: 18.2948
After OOD adjustment: Training instances of last class: 0
After OOD adjustment: Testing instances of last class: 52
Epoch: 025, Runtime 0.026745, Loss 1.540896, forward nfe 0, backward nfe 0, Train: 0.5500, Val: 0.4949, Test: 0.4822, Best time: 18.2948
After OOD adjustment: Training instances of last class: 0
After OOD adjustment: Testing instances of last class: 52
Epoch: 026, Runtime 0.026386, Loss 1.538680, forward nfe 0, backward nfe 0, Train: 0.5500, Val: 0.4949, Test: 0.4822, Best time: 18.2948
After OOD adjustment: Training instances of last class: 0
After OOD adjustment: Testing instances of last class: 52
Epoch: 027, Runtime 0.026438, Loss 1.543639, forward nfe 0, backward nfe 0, Train: 0.5500, Val: 0.4949, Test: 0.4822, Best time: 18.2948
After OOD adjustment: Training instances of last class: 0
After OOD adjustment: Testing instances of last class: 52
Epoch: 028, Runtime 0.181108, Loss 1.540751, forward nfe 0, backward nfe 0, Train: 0.8083, Val: 0.6154, Test: 0.5980, Best time: 18.2948
After OOD adjustment: Training instances of last class: 0
After OOD adjustment: Testing instances of last class: 52
Epoch: 029, Runtime 0.031250, Loss 1.530191, forward nfe 0, backward nfe 0, Train: 0.8083, Val: 0.6154, Test: 0.5980, Best time: 18.2948
After OOD adjustment: Training instances of last class: 0
After OOD adjustment: Testing instances of last class: 52
Epoch: 030, Runtime 0.026814, Loss 1.508739, forward nfe 0, backward nfe 0, Train: 0.8083, Val: 0.6154, Test: 0.5980, Best time: 18.2948
After OOD adjustment: Training instances of last class: 0
After OOD adjustment: Testing instances of last class: 52
Epoch: 031, Runtime 0.026515, Loss 1.478343, forward nfe 0, backward nfe 0, Train: 0.8083, Val: 0.6154, Test: 0.5980, Best time: 18.2948
After OOD adjustment: Training instances of last class: 0
After OOD adjustment: Testing instances of last class: 52
Epoch: 032, Runtime 0.026670, Loss 1.467317, forward nfe 0, backward nfe 0, Train: 0.8083, Val: 0.6154, Test: 0.5980, Best time: 18.2948
After OOD adjustment: Training instances of last class: 0
After OOD adjustment: Testing instances of last class: 52
Epoch: 033, Runtime 0.026279, Loss 1.452295, forward nfe 0, backward nfe 0, Train: 0.8083, Val: 0.6154, Test: 0.5980, Best time: 18.2948
After OOD adjustment: Training instances of last class: 0
After OOD adjustment: Testing instances of last class: 52
Epoch: 034, Runtime 0.026049, Loss 1.448863, forward nfe 0, backward nfe 0, Train: 0.8083, Val: 0.6154, Test: 0.5980, Best time: 18.2948
After OOD adjustment: Training instances of last class: 0
After OOD adjustment: Testing instances of last class: 52
Epoch: 035, Runtime 0.027447, Loss 1.461925, forward nfe 0, backward nfe 0, Train: 0.8083, Val: 0.6154, Test: 0.5980, Best time: 18.2948
After OOD adjustment: Training instances of last class: 0
After OOD adjustment: Testing instances of last class: 52
Epoch: 036, Runtime 0.029651, Loss 1.420213, forward nfe 0, backward nfe 0, Train: 0.8083, Val: 0.6154, Test: 0.5980, Best time: 18.2948
After OOD adjustment: Training instances of last class: 0
After OOD adjustment: Testing instances of last class: 52
Epoch: 037, Runtime 0.172445, Loss 1.380280, forward nfe 0, backward nfe 0, Train: 0.8833, Val: 0.6618, Test: 0.6538, Best time: 18.2948
After OOD adjustment: Training instances of last class: 0
After OOD adjustment: Testing instances of last class: 52
Epoch: 038, Runtime 0.031448, Loss 1.395814, forward nfe 0, backward nfe 0, Train: 0.8833, Val: 0.6618, Test: 0.6538, Best time: 18.2948
After OOD adjustment: Training instances of last class: 0
After OOD adjustment: Testing instances of last class: 52
Epoch: 039, Runtime 0.030127, Loss 1.414918, forward nfe 0, backward nfe 0, Train: 0.8833, Val: 0.6618, Test: 0.6538, Best time: 18.2948
After OOD adjustment: Training instances of last class: 0
After OOD adjustment: Testing instances of last class: 52
Epoch: 040, Runtime 0.030385, Loss 1.367324, forward nfe 0, backward nfe 0, Train: 0.8833, Val: 0.6618, Test: 0.6538, Best time: 18.2948
After OOD adjustment: Training instances of last class: 0
After OOD adjustment: Testing instances of last class: 52
Epoch: 041, Runtime 0.172848, Loss 1.343369, forward nfe 0, backward nfe 0, Train: 0.8917, Val: 0.6647, Test: 0.6629, Best time: 18.2948
After OOD adjustment: Training instances of last class: 0
After OOD adjustment: Testing instances of last class: 52
Epoch: 042, Runtime 0.029473, Loss 1.344979, forward nfe 0, backward nfe 0, Train: 0.8917, Val: 0.6647, Test: 0.6629, Best time: 18.2948
After OOD adjustment: Training instances of last class: 0
After OOD adjustment: Testing instances of last class: 52
Epoch: 043, Runtime 0.029360, Loss 1.349163, forward nfe 0, backward nfe 0, Train: 0.8917, Val: 0.6647, Test: 0.6629, Best time: 18.2948
After OOD adjustment: Training instances of last class: 0
After OOD adjustment: Testing instances of last class: 52
Epoch: 044, Runtime 0.030341, Loss 1.325396, forward nfe 0, backward nfe 0, Train: 0.8917, Val: 0.6647, Test: 0.6629, Best time: 18.2948
After OOD adjustment: Training instances of last class: 0
After OOD adjustment: Testing instances of last class: 52
Epoch: 045, Runtime 0.029680, Loss 1.306696, forward nfe 0, backward nfe 0, Train: 0.8917, Val: 0.6647, Test: 0.6629, Best time: 18.2948
After OOD adjustment: Training instances of last class: 0
After OOD adjustment: Testing instances of last class: 52
Epoch: 046, Runtime 0.029892, Loss 1.304119, forward nfe 0, backward nfe 0, Train: 0.8917, Val: 0.6647, Test: 0.6629, Best time: 18.2948
After OOD adjustment: Training instances of last class: 0
After OOD adjustment: Testing instances of last class: 52
Epoch: 047, Runtime 0.030051, Loss 1.288708, forward nfe 0, backward nfe 0, Train: 0.8917, Val: 0.6647, Test: 0.6629, Best time: 18.2948
After OOD adjustment: Training instances of last class: 0
After OOD adjustment: Testing instances of last class: 52
Epoch: 048, Runtime 0.029946, Loss 1.308949, forward nfe 0, backward nfe 0, Train: 0.8917, Val: 0.6647, Test: 0.6629, Best time: 18.2948
After OOD adjustment: Training instances of last class: 0
After OOD adjustment: Testing instances of last class: 52
Epoch: 049, Runtime 0.029663, Loss 1.247788, forward nfe 0, backward nfe 0, Train: 0.8917, Val: 0.6647, Test: 0.6629, Best time: 18.2948
After OOD adjustment: Training instances of last class: 0
After OOD adjustment: Testing instances of last class: 52
Epoch: 050, Runtime 0.029681, Loss 1.245691, forward nfe 0, backward nfe 0, Train: 0.8917, Val: 0.6647, Test: 0.6629, Best time: 18.2948
After OOD adjustment: Training instances of last class: 0
After OOD adjustment: Testing instances of last class: 52
Epoch: 051, Runtime 0.029525, Loss 1.231714, forward nfe 0, backward nfe 0, Train: 0.8917, Val: 0.6647, Test: 0.6629, Best time: 18.2948
After OOD adjustment: Training instances of last class: 0
After OOD adjustment: Testing instances of last class: 52
Epoch: 052, Runtime 0.029828, Loss 1.227085, forward nfe 0, backward nfe 0, Train: 0.8917, Val: 0.6647, Test: 0.6629, Best time: 18.2948
After OOD adjustment: Training instances of last class: 0
After OOD adjustment: Testing instances of last class: 52
Epoch: 053, Runtime 0.030149, Loss 1.202355, forward nfe 0, backward nfe 0, Train: 0.8917, Val: 0.6647, Test: 0.6629, Best time: 18.2948
After OOD adjustment: Training instances of last class: 0
After OOD adjustment: Testing instances of last class: 52
Epoch: 054, Runtime 0.029814, Loss 1.211185, forward nfe 0, backward nfe 0, Train: 0.8917, Val: 0.6647, Test: 0.6629, Best time: 18.2948
After OOD adjustment: Training instances of last class: 0
After OOD adjustment: Testing instances of last class: 52
Epoch: 055, Runtime 0.027695, Loss 1.195726, forward nfe 0, backward nfe 0, Train: 0.8917, Val: 0.6647, Test: 0.6629, Best time: 18.2948
After OOD adjustment: Training instances of last class: 0
After OOD adjustment: Testing instances of last class: 52
Epoch: 056, Runtime 0.026866, Loss 1.176965, forward nfe 0, backward nfe 0, Train: 0.8917, Val: 0.6647, Test: 0.6629, Best time: 18.2948
After OOD adjustment: Training instances of last class: 0
After OOD adjustment: Testing instances of last class: 52
Epoch: 057, Runtime 0.027234, Loss 1.185511, forward nfe 0, backward nfe 0, Train: 0.8917, Val: 0.6647, Test: 0.6629, Best time: 18.2948
After OOD adjustment: Training instances of last class: 0
After OOD adjustment: Testing instances of last class: 52
Epoch: 058, Runtime 0.174953, Loss 1.136287, forward nfe 0, backward nfe 0, Train: 0.8833, Val: 0.6669, Test: 0.6437, Best time: 18.2948
After OOD adjustment: Training instances of last class: 0
After OOD adjustment: Testing instances of last class: 52
Epoch: 059, Runtime 0.182867, Loss 1.183118, forward nfe 0, backward nfe 0, Train: 0.9417, Val: 0.6882, Test: 0.6701, Best time: 18.2948
After OOD adjustment: Training instances of last class: 0
After OOD adjustment: Testing instances of last class: 52
Epoch: 060, Runtime 0.031140, Loss 1.125385, forward nfe 0, backward nfe 0, Train: 0.9417, Val: 0.6882, Test: 0.6701, Best time: 18.2948
After OOD adjustment: Training instances of last class: 0
After OOD adjustment: Testing instances of last class: 52
Epoch: 061, Runtime 0.184917, Loss 1.084589, forward nfe 0, backward nfe 0, Train: 0.9167, Val: 0.7287, Test: 0.7259, Best time: 18.2948
After OOD adjustment: Training instances of last class: 0
After OOD adjustment: Testing instances of last class: 52
Epoch: 062, Runtime 0.031189, Loss 1.082902, forward nfe 0, backward nfe 0, Train: 0.9167, Val: 0.7287, Test: 0.7259, Best time: 18.2948
After OOD adjustment: Training instances of last class: 0
After OOD adjustment: Testing instances of last class: 52
Epoch: 063, Runtime 0.185540, Loss 1.074090, forward nfe 0, backward nfe 0, Train: 0.9750, Val: 0.7654, Test: 0.7584, Best time: 18.2948
After OOD adjustment: Training instances of last class: 0
After OOD adjustment: Testing instances of last class: 52
Epoch: 064, Runtime 0.031046, Loss 1.052841, forward nfe 0, backward nfe 0, Train: 0.9750, Val: 0.7654, Test: 0.7584, Best time: 18.2948
After OOD adjustment: Training instances of last class: 0
After OOD adjustment: Testing instances of last class: 52
Epoch: 065, Runtime 0.029867, Loss 0.995419, forward nfe 0, backward nfe 0, Train: 0.9750, Val: 0.7654, Test: 0.7584, Best time: 18.2948
After OOD adjustment: Training instances of last class: 0
After OOD adjustment: Testing instances of last class: 52
Epoch: 066, Runtime 0.029802, Loss 1.039076, forward nfe 0, backward nfe 0, Train: 0.9750, Val: 0.7654, Test: 0.7584, Best time: 18.2948
After OOD adjustment: Training instances of last class: 0
After OOD adjustment: Testing instances of last class: 52
Epoch: 067, Runtime 0.029876, Loss 1.036599, forward nfe 0, backward nfe 0, Train: 0.9750, Val: 0.7654, Test: 0.7584, Best time: 18.2948
After OOD adjustment: Training instances of last class: 0
After OOD adjustment: Testing instances of last class: 52
Epoch: 068, Runtime 0.029449, Loss 0.975849, forward nfe 0, backward nfe 0, Train: 0.9750, Val: 0.7654, Test: 0.7584, Best time: 18.2948
After OOD adjustment: Training instances of last class: 0
After OOD adjustment: Testing instances of last class: 52
Epoch: 069, Runtime 0.030375, Loss 1.008615, forward nfe 0, backward nfe 0, Train: 0.9750, Val: 0.7654, Test: 0.7584, Best time: 18.2948
After OOD adjustment: Training instances of last class: 0
After OOD adjustment: Testing instances of last class: 52
Epoch: 070, Runtime 0.030154, Loss 0.982072, forward nfe 0, backward nfe 0, Train: 0.9750, Val: 0.7654, Test: 0.7584, Best time: 18.2948
After OOD adjustment: Training instances of last class: 0
After OOD adjustment: Testing instances of last class: 52
Epoch: 071, Runtime 0.030279, Loss 0.971154, forward nfe 0, backward nfe 0, Train: 0.9750, Val: 0.7654, Test: 0.7584, Best time: 18.2948
After OOD adjustment: Training instances of last class: 0
After OOD adjustment: Testing instances of last class: 52
Epoch: 072, Runtime 0.030208, Loss 0.941391, forward nfe 0, backward nfe 0, Train: 0.9750, Val: 0.7654, Test: 0.7584, Best time: 18.2948
After OOD adjustment: Training instances of last class: 0
After OOD adjustment: Testing instances of last class: 52
Epoch: 073, Runtime 0.030412, Loss 0.929948, forward nfe 0, backward nfe 0, Train: 0.9750, Val: 0.7654, Test: 0.7584, Best time: 18.2948
After OOD adjustment: Training instances of last class: 0
After OOD adjustment: Testing instances of last class: 52
Epoch: 074, Runtime 0.030707, Loss 0.951541, forward nfe 0, backward nfe 0, Train: 0.9750, Val: 0.7654, Test: 0.7584, Best time: 18.2948
After OOD adjustment: Training instances of last class: 0
After OOD adjustment: Testing instances of last class: 52
Epoch: 075, Runtime 0.029916, Loss 0.870997, forward nfe 0, backward nfe 0, Train: 0.9750, Val: 0.7654, Test: 0.7584, Best time: 18.2948
After OOD adjustment: Training instances of last class: 0
After OOD adjustment: Testing instances of last class: 52
Epoch: 076, Runtime 0.029742, Loss 0.864093, forward nfe 0, backward nfe 0, Train: 0.9750, Val: 0.7654, Test: 0.7584, Best time: 18.2948
After OOD adjustment: Training instances of last class: 0
After OOD adjustment: Testing instances of last class: 52
Epoch: 077, Runtime 0.030441, Loss 0.877593, forward nfe 0, backward nfe 0, Train: 0.9750, Val: 0.7654, Test: 0.7584, Best time: 18.2948
After OOD adjustment: Training instances of last class: 0
After OOD adjustment: Testing instances of last class: 52
Epoch: 078, Runtime 0.030479, Loss 0.877827, forward nfe 0, backward nfe 0, Train: 0.9750, Val: 0.7654, Test: 0.7584, Best time: 18.2948
After OOD adjustment: Training instances of last class: 0
After OOD adjustment: Testing instances of last class: 52
Epoch: 079, Runtime 0.028129, Loss 0.866435, forward nfe 0, backward nfe 0, Train: 0.9750, Val: 0.7654, Test: 0.7584, Best time: 18.2948
After OOD adjustment: Training instances of last class: 0
After OOD adjustment: Testing instances of last class: 52
Epoch: 080, Runtime 0.027202, Loss 0.826183, forward nfe 0, backward nfe 0, Train: 0.9750, Val: 0.7654, Test: 0.7584, Best time: 18.2948
After OOD adjustment: Training instances of last class: 0
After OOD adjustment: Testing instances of last class: 52
Epoch: 081, Runtime 0.027687, Loss 0.805322, forward nfe 0, backward nfe 0, Train: 0.9750, Val: 0.7654, Test: 0.7584, Best time: 18.2948
After OOD adjustment: Training instances of last class: 0
After OOD adjustment: Testing instances of last class: 52
Epoch: 082, Runtime 0.027246, Loss 0.876559, forward nfe 0, backward nfe 0, Train: 0.9750, Val: 0.7654, Test: 0.7584, Best time: 18.2948
After OOD adjustment: Training instances of last class: 0
After OOD adjustment: Testing instances of last class: 52
Epoch: 083, Runtime 0.026557, Loss 0.824506, forward nfe 0, backward nfe 0, Train: 0.9750, Val: 0.7654, Test: 0.7584, Best time: 18.2948
After OOD adjustment: Training instances of last class: 0
After OOD adjustment: Testing instances of last class: 52
Epoch: 084, Runtime 0.027277, Loss 0.805058, forward nfe 0, backward nfe 0, Train: 0.9750, Val: 0.7654, Test: 0.7584, Best time: 18.2948
After OOD adjustment: Training instances of last class: 0
After OOD adjustment: Testing instances of last class: 52
Epoch: 085, Runtime 0.029790, Loss 0.789503, forward nfe 0, backward nfe 0, Train: 0.9750, Val: 0.7654, Test: 0.7584, Best time: 18.2948
After OOD adjustment: Training instances of last class: 0
After OOD adjustment: Testing instances of last class: 52
Epoch: 086, Runtime 0.029797, Loss 0.764954, forward nfe 0, backward nfe 0, Train: 0.9750, Val: 0.7654, Test: 0.7584, Best time: 18.2948
After OOD adjustment: Training instances of last class: 0
After OOD adjustment: Testing instances of last class: 52
Epoch: 087, Runtime 0.030032, Loss 0.757696, forward nfe 0, backward nfe 0, Train: 0.9750, Val: 0.7654, Test: 0.7584, Best time: 18.2948
After OOD adjustment: Training instances of last class: 0
After OOD adjustment: Testing instances of last class: 52
Epoch: 088, Runtime 0.030419, Loss 0.705071, forward nfe 0, backward nfe 0, Train: 0.9750, Val: 0.7654, Test: 0.7584, Best time: 18.2948
After OOD adjustment: Training instances of last class: 0
After OOD adjustment: Testing instances of last class: 52
Epoch: 089, Runtime 0.184510, Loss 0.738146, forward nfe 0, backward nfe 0, Train: 0.9833, Val: 0.7735, Test: 0.7756, Best time: 18.2948
After OOD adjustment: Training instances of last class: 0
After OOD adjustment: Testing instances of last class: 52
Epoch: 090, Runtime 0.031413, Loss 0.714829, forward nfe 0, backward nfe 0, Train: 0.9833, Val: 0.7735, Test: 0.7756, Best time: 18.2948
After OOD adjustment: Training instances of last class: 0
After OOD adjustment: Testing instances of last class: 52
Epoch: 091, Runtime 0.030012, Loss 0.751768, forward nfe 0, backward nfe 0, Train: 0.9833, Val: 0.7735, Test: 0.7756, Best time: 18.2948
After OOD adjustment: Training instances of last class: 0
After OOD adjustment: Testing instances of last class: 52
Epoch: 092, Runtime 0.029750, Loss 0.670400, forward nfe 0, backward nfe 0, Train: 0.9833, Val: 0.7735, Test: 0.7756, Best time: 18.2948
After OOD adjustment: Training instances of last class: 0
After OOD adjustment: Testing instances of last class: 52
Epoch: 093, Runtime 0.030186, Loss 0.687846, forward nfe 0, backward nfe 0, Train: 0.9833, Val: 0.7735, Test: 0.7756, Best time: 18.2948
After OOD adjustment: Training instances of last class: 0
After OOD adjustment: Testing instances of last class: 52
Epoch: 094, Runtime 0.030008, Loss 0.650886, forward nfe 0, backward nfe 0, Train: 0.9833, Val: 0.7735, Test: 0.7756, Best time: 18.2948
After OOD adjustment: Training instances of last class: 0
After OOD adjustment: Testing instances of last class: 52
Epoch: 095, Runtime 0.029904, Loss 0.636084, forward nfe 0, backward nfe 0, Train: 0.9833, Val: 0.7735, Test: 0.7756, Best time: 18.2948
After OOD adjustment: Training instances of last class: 0
After OOD adjustment: Testing instances of last class: 52
Epoch: 096, Runtime 0.030395, Loss 0.638818, forward nfe 0, backward nfe 0, Train: 0.9833, Val: 0.7735, Test: 0.7756, Best time: 18.2948
After OOD adjustment: Training instances of last class: 0
After OOD adjustment: Testing instances of last class: 52
Epoch: 097, Runtime 0.030716, Loss 0.630833, forward nfe 0, backward nfe 0, Train: 0.9833, Val: 0.7735, Test: 0.7756, Best time: 18.2948
After OOD adjustment: Training instances of last class: 0
After OOD adjustment: Testing instances of last class: 52
Epoch: 098, Runtime 0.030423, Loss 0.666204, forward nfe 0, backward nfe 0, Train: 0.9833, Val: 0.7735, Test: 0.7756, Best time: 18.2948
After OOD adjustment: Training instances of last class: 0
After OOD adjustment: Testing instances of last class: 52
Epoch: 099, Runtime 0.030269, Loss 0.607726, forward nfe 0, backward nfe 0, Train: 0.9833, Val: 0.7735, Test: 0.7756, Best time: 18.2948
best val accuracy 0.773529 with test accuracy 0.775635 at epoch 89 and best time 18.294754
base_directory resutls_prob/OOD_Cora
new_name:  bgcn_ODD
file_path 1 resutls_prob/OOD_Cora/bgcn_ODD_prediction_probabilities_24.npz
file_path 2 resutls_prob/OOD_Cora/bgcn_ODD_prediction_probabilities_24.npz
Entropy Threshold: inf Test accuracy: 0.7786802030456853
Entropy Threshold: 2 Test accuracy: 0.7685279187817259
Entropy Threshold: 1.6 Test accuracy: 0.9666666666666667
Entropy Threshold: 1.5 Test accuracy: 0.9651741293532339
Entropy Threshold: 1.4 Test accuracy: 0.9826086956521739
Entropy Threshold: 1.3 Test accuracy: 0.9883720930232558
Entropy Threshold: 1.2 Test accuracy: 0.9777777777777777
Entropy Threshold: 1.1 Test accuracy: 1.0
Entropy Threshold: 0.9 Test accuracy: 1.0
Entropy Threshold: 0.8 Test accuracy: 1.0
Entropy Threshold: 0.7 Test accuracy: 1.0
Entropy Threshold: 0.6 Test accuracy: 1.0
Entropy Threshold: 0.5 Test accuracy: 1.0
Entropy Threshold: 0.4 Test accuracy: None
Entropy Threshold: 0.3 Test accuracy: None
Entropy Threshold: 0.2 Test accuracy: None
Entropy Threshold: 0.1 Test accuracy: None
