[KeOps] Warning : cuda was detected, but driver API could not be initialized. Switching to cpu only.
Folder already exists: results/photo
experiment: 0
Dataset size (num_nodes): 7487, Intended development set size (num_development): 1500
Dataset size (num_nodes): 7487, Actual development set size (num_development): 1500
rations: train 160, val 1340, test 5987
Before OOD adjustment: Total instances of last class: 331
Before OOD adjustment: Training instances of last class: 20
Before OOD adjustment: Testing instances of last class: 267
Before OOD adjustment: Val instances of last class: 44
total train + val+ test 331
After OOD adjustment: Training instances of last class: 0
After OOD adjustment: Testing instances of last class: 267
Total number of classes: 8
number of classes to train: 7
MyGCN2(
  (conv1): GCNConv(745, 64)
  (conv4): GCNConv(64, 7)
)
conv1.bias
torch.Size([64])
conv1.lin.weight
torch.Size([64, 745])
conv4.bias
torch.Size([7])
conv4.lin.weight
torch.Size([7, 64])
After OOD adjustment: Training instances of last class: 0
After OOD adjustment: Testing instances of last class: 267
Epoch: 001, Runtime 0.243103, Loss 2.104419, forward nfe 0, backward nfe 0, Train: 0.2643, Val: 0.2709, Test: 0.2345, Best time: 3.5824
After OOD adjustment: Training instances of last class: 0
After OOD adjustment: Testing instances of last class: 267
Epoch: 002, Runtime 0.229940, Loss 1.912710, forward nfe 0, backward nfe 0, Train: 0.2643, Val: 0.2709, Test: 0.2345, Best time: 3.5824
After OOD adjustment: Training instances of last class: 0
After OOD adjustment: Testing instances of last class: 267
Epoch: 003, Runtime 0.327052, Loss 1.830605, forward nfe 0, backward nfe 0, Train: 0.4857, Val: 0.2918, Test: 0.3117, Best time: 3.5824
After OOD adjustment: Training instances of last class: 0
After OOD adjustment: Testing instances of last class: 267
Epoch: 004, Runtime 0.228962, Loss 1.791532, forward nfe 0, backward nfe 0, Train: 0.4857, Val: 0.2918, Test: 0.3117, Best time: 3.5824
After OOD adjustment: Training instances of last class: 0
After OOD adjustment: Testing instances of last class: 267
Epoch: 005, Runtime 0.315736, Loss 1.720276, forward nfe 0, backward nfe 0, Train: 0.4286, Val: 0.2963, Test: 0.3165, Best time: 3.5824
After OOD adjustment: Training instances of last class: 0
After OOD adjustment: Testing instances of last class: 267
Epoch: 006, Runtime 0.318139, Loss 1.618919, forward nfe 0, backward nfe 0, Train: 0.5571, Val: 0.4000, Test: 0.4263, Best time: 3.5824
After OOD adjustment: Training instances of last class: 0
After OOD adjustment: Testing instances of last class: 267
Epoch: 007, Runtime 0.316990, Loss 1.527262, forward nfe 0, backward nfe 0, Train: 0.5500, Val: 0.4493, Test: 0.4662, Best time: 3.5824
After OOD adjustment: Training instances of last class: 0
After OOD adjustment: Testing instances of last class: 267
Epoch: 008, Runtime 0.317491, Loss 1.462464, forward nfe 0, backward nfe 0, Train: 0.6071, Val: 0.5276, Test: 0.5175, Best time: 3.5824
After OOD adjustment: Training instances of last class: 0
After OOD adjustment: Testing instances of last class: 267
Epoch: 009, Runtime 0.228166, Loss 1.414928, forward nfe 0, backward nfe 0, Train: 0.6071, Val: 0.5276, Test: 0.5175, Best time: 3.5824
After OOD adjustment: Training instances of last class: 0
After OOD adjustment: Testing instances of last class: 267
Epoch: 010, Runtime 0.316845, Loss 1.364797, forward nfe 0, backward nfe 0, Train: 0.7786, Val: 0.6784, Test: 0.6720, Best time: 3.5824
After OOD adjustment: Training instances of last class: 0
After OOD adjustment: Testing instances of last class: 267
Epoch: 011, Runtime 0.317476, Loss 1.294109, forward nfe 0, backward nfe 0, Train: 0.8643, Val: 0.7791, Test: 0.7872, Best time: 3.5824
After OOD adjustment: Training instances of last class: 0
After OOD adjustment: Testing instances of last class: 267
Epoch: 012, Runtime 0.230021, Loss 1.227997, forward nfe 0, backward nfe 0, Train: 0.8643, Val: 0.7791, Test: 0.7872, Best time: 3.5824
After OOD adjustment: Training instances of last class: 0
After OOD adjustment: Testing instances of last class: 267
Epoch: 013, Runtime 0.227301, Loss 1.182343, forward nfe 0, backward nfe 0, Train: 0.8643, Val: 0.7791, Test: 0.7872, Best time: 3.5824
After OOD adjustment: Training instances of last class: 0
After OOD adjustment: Testing instances of last class: 267
Epoch: 014, Runtime 0.228285, Loss 1.140333, forward nfe 0, backward nfe 0, Train: 0.8643, Val: 0.7791, Test: 0.7872, Best time: 3.5824
After OOD adjustment: Training instances of last class: 0
After OOD adjustment: Testing instances of last class: 267
Epoch: 015, Runtime 0.228943, Loss 1.094868, forward nfe 0, backward nfe 0, Train: 0.8643, Val: 0.7791, Test: 0.7872, Best time: 3.5824
After OOD adjustment: Training instances of last class: 0
After OOD adjustment: Testing instances of last class: 267
Epoch: 016, Runtime 0.227975, Loss 1.052024, forward nfe 0, backward nfe 0, Train: 0.8643, Val: 0.7791, Test: 0.7872, Best time: 3.5824
After OOD adjustment: Training instances of last class: 0
After OOD adjustment: Testing instances of last class: 267
Epoch: 017, Runtime 0.228082, Loss 1.011700, forward nfe 0, backward nfe 0, Train: 0.8643, Val: 0.7791, Test: 0.7872, Best time: 3.5824
After OOD adjustment: Training instances of last class: 0
After OOD adjustment: Testing instances of last class: 267
Epoch: 018, Runtime 0.228074, Loss 0.971602, forward nfe 0, backward nfe 0, Train: 0.8643, Val: 0.7791, Test: 0.7872, Best time: 3.5824
After OOD adjustment: Training instances of last class: 0
After OOD adjustment: Testing instances of last class: 267
Epoch: 019, Runtime 0.227882, Loss 0.932692, forward nfe 0, backward nfe 0, Train: 0.8643, Val: 0.7791, Test: 0.7872, Best time: 3.5824
After OOD adjustment: Training instances of last class: 0
After OOD adjustment: Testing instances of last class: 267
Epoch: 020, Runtime 0.315811, Loss 0.896604, forward nfe 0, backward nfe 0, Train: 0.9214, Val: 0.8104, Test: 0.8219, Best time: 3.5824
After OOD adjustment: Training instances of last class: 0
After OOD adjustment: Testing instances of last class: 267
Epoch: 021, Runtime 0.317187, Loss 0.864798, forward nfe 0, backward nfe 0, Train: 0.9429, Val: 0.8410, Test: 0.8433, Best time: 3.5824
After OOD adjustment: Training instances of last class: 0
After OOD adjustment: Testing instances of last class: 267
Epoch: 022, Runtime 0.317038, Loss 0.837012, forward nfe 0, backward nfe 0, Train: 0.9429, Val: 0.8552, Test: 0.8567, Best time: 3.5824
After OOD adjustment: Training instances of last class: 0
After OOD adjustment: Testing instances of last class: 267
Epoch: 023, Runtime 0.228451, Loss 0.810133, forward nfe 0, backward nfe 0, Train: 0.9429, Val: 0.8552, Test: 0.8567, Best time: 3.5824
After OOD adjustment: Training instances of last class: 0
After OOD adjustment: Testing instances of last class: 267
Epoch: 024, Runtime 0.228453, Loss 0.781790, forward nfe 0, backward nfe 0, Train: 0.9429, Val: 0.8552, Test: 0.8567, Best time: 3.5824
After OOD adjustment: Training instances of last class: 0
After OOD adjustment: Testing instances of last class: 267
Epoch: 025, Runtime 0.229349, Loss 0.753161, forward nfe 0, backward nfe 0, Train: 0.9429, Val: 0.8552, Test: 0.8567, Best time: 3.5824
After OOD adjustment: Training instances of last class: 0
After OOD adjustment: Testing instances of last class: 267
Epoch: 026, Runtime 0.227860, Loss 0.726469, forward nfe 0, backward nfe 0, Train: 0.9429, Val: 0.8552, Test: 0.8567, Best time: 3.5824
After OOD adjustment: Training instances of last class: 0
After OOD adjustment: Testing instances of last class: 267
Epoch: 027, Runtime 0.228125, Loss 0.702257, forward nfe 0, backward nfe 0, Train: 0.9429, Val: 0.8552, Test: 0.8567, Best time: 3.5824
After OOD adjustment: Training instances of last class: 0
After OOD adjustment: Testing instances of last class: 267
Epoch: 028, Runtime 0.228951, Loss 0.680150, forward nfe 0, backward nfe 0, Train: 0.9429, Val: 0.8552, Test: 0.8567, Best time: 3.5824
After OOD adjustment: Training instances of last class: 0
After OOD adjustment: Testing instances of last class: 267
Epoch: 029, Runtime 0.228227, Loss 0.660024, forward nfe 0, backward nfe 0, Train: 0.9429, Val: 0.8552, Test: 0.8567, Best time: 3.5824
After OOD adjustment: Training instances of last class: 0
After OOD adjustment: Testing instances of last class: 267
Epoch: 030, Runtime 0.229033, Loss 0.641445, forward nfe 0, backward nfe 0, Train: 0.9429, Val: 0.8552, Test: 0.8567, Best time: 3.5824
After OOD adjustment: Training instances of last class: 0
After OOD adjustment: Testing instances of last class: 267
Epoch: 031, Runtime 0.228380, Loss 0.623376, forward nfe 0, backward nfe 0, Train: 0.9429, Val: 0.8552, Test: 0.8567, Best time: 3.5824
After OOD adjustment: Training instances of last class: 0
After OOD adjustment: Testing instances of last class: 267
Epoch: 032, Runtime 0.227376, Loss 0.605102, forward nfe 0, backward nfe 0, Train: 0.9429, Val: 0.8552, Test: 0.8567, Best time: 3.5824
After OOD adjustment: Training instances of last class: 0
After OOD adjustment: Testing instances of last class: 267
Epoch: 033, Runtime 0.316928, Loss 0.586901, forward nfe 0, backward nfe 0, Train: 0.9571, Val: 0.8575, Test: 0.8684, Best time: 3.5824
After OOD adjustment: Training instances of last class: 0
After OOD adjustment: Testing instances of last class: 267
Epoch: 034, Runtime 0.317255, Loss 0.569544, forward nfe 0, backward nfe 0, Train: 0.9571, Val: 0.8672, Test: 0.8749, Best time: 3.5824
After OOD adjustment: Training instances of last class: 0
After OOD adjustment: Testing instances of last class: 267
Epoch: 035, Runtime 0.317804, Loss 0.553442, forward nfe 0, backward nfe 0, Train: 0.9571, Val: 0.8709, Test: 0.8784, Best time: 3.5824
After OOD adjustment: Training instances of last class: 0
After OOD adjustment: Testing instances of last class: 267
Epoch: 036, Runtime 0.318378, Loss 0.538445, forward nfe 0, backward nfe 0, Train: 0.9571, Val: 0.8731, Test: 0.8807, Best time: 3.5824
After OOD adjustment: Training instances of last class: 0
After OOD adjustment: Testing instances of last class: 267
Epoch: 037, Runtime 0.317226, Loss 0.524303, forward nfe 0, backward nfe 0, Train: 0.9571, Val: 0.8739, Test: 0.8812, Best time: 3.5824
After OOD adjustment: Training instances of last class: 0
After OOD adjustment: Testing instances of last class: 267
Epoch: 038, Runtime 0.229612, Loss 0.510996, forward nfe 0, backward nfe 0, Train: 0.9571, Val: 0.8739, Test: 0.8812, Best time: 3.5824
After OOD adjustment: Training instances of last class: 0
After OOD adjustment: Testing instances of last class: 267
Epoch: 039, Runtime 0.316085, Loss 0.498508, forward nfe 0, backward nfe 0, Train: 0.9643, Val: 0.8754, Test: 0.8799, Best time: 3.5824
After OOD adjustment: Training instances of last class: 0
After OOD adjustment: Testing instances of last class: 267
Epoch: 040, Runtime 0.228120, Loss 0.486565, forward nfe 0, backward nfe 0, Train: 0.9643, Val: 0.8754, Test: 0.8799, Best time: 3.5824
After OOD adjustment: Training instances of last class: 0
After OOD adjustment: Testing instances of last class: 267
Epoch: 041, Runtime 0.228259, Loss 0.474818, forward nfe 0, backward nfe 0, Train: 0.9643, Val: 0.8754, Test: 0.8799, Best time: 3.5824
After OOD adjustment: Training instances of last class: 0
After OOD adjustment: Testing instances of last class: 267
Epoch: 042, Runtime 0.228731, Loss 0.463184, forward nfe 0, backward nfe 0, Train: 0.9643, Val: 0.8754, Test: 0.8799, Best time: 3.5824
After OOD adjustment: Training instances of last class: 0
After OOD adjustment: Testing instances of last class: 267
Epoch: 043, Runtime 0.317302, Loss 0.451860, forward nfe 0, backward nfe 0, Train: 0.9643, Val: 0.8769, Test: 0.8853, Best time: 3.5824
After OOD adjustment: Training instances of last class: 0
After OOD adjustment: Testing instances of last class: 267
Epoch: 044, Runtime 0.319279, Loss 0.441068, forward nfe 0, backward nfe 0, Train: 0.9643, Val: 0.8776, Test: 0.8864, Best time: 3.5824
After OOD adjustment: Training instances of last class: 0
After OOD adjustment: Testing instances of last class: 267
Epoch: 045, Runtime 0.322219, Loss 0.430872, forward nfe 0, backward nfe 0, Train: 0.9643, Val: 0.8784, Test: 0.8859, Best time: 3.5824
After OOD adjustment: Training instances of last class: 0
After OOD adjustment: Testing instances of last class: 267
Epoch: 046, Runtime 0.321440, Loss 0.421234, forward nfe 0, backward nfe 0, Train: 0.9643, Val: 0.8806, Test: 0.8858, Best time: 3.5824
After OOD adjustment: Training instances of last class: 0
After OOD adjustment: Testing instances of last class: 267
Epoch: 047, Runtime 0.228548, Loss 0.412085, forward nfe 0, backward nfe 0, Train: 0.9643, Val: 0.8806, Test: 0.8858, Best time: 3.5824
After OOD adjustment: Training instances of last class: 0
After OOD adjustment: Testing instances of last class: 267
Epoch: 048, Runtime 0.317271, Loss 0.403328, forward nfe 0, backward nfe 0, Train: 0.9643, Val: 0.8821, Test: 0.8858, Best time: 3.5824
After OOD adjustment: Training instances of last class: 0
After OOD adjustment: Testing instances of last class: 267
Epoch: 049, Runtime 0.317687, Loss 0.394844, forward nfe 0, backward nfe 0, Train: 0.9643, Val: 0.8836, Test: 0.8861, Best time: 3.5824
After OOD adjustment: Training instances of last class: 0
After OOD adjustment: Testing instances of last class: 267
Epoch: 050, Runtime 0.229565, Loss 0.386576, forward nfe 0, backward nfe 0, Train: 0.9643, Val: 0.8836, Test: 0.8861, Best time: 3.5824
After OOD adjustment: Training instances of last class: 0
After OOD adjustment: Testing instances of last class: 267
Epoch: 051, Runtime 0.228573, Loss 0.378556, forward nfe 0, backward nfe 0, Train: 0.9643, Val: 0.8836, Test: 0.8861, Best time: 3.5824
After OOD adjustment: Training instances of last class: 0
After OOD adjustment: Testing instances of last class: 267
Epoch: 052, Runtime 0.317146, Loss 0.370836, forward nfe 0, backward nfe 0, Train: 0.9714, Val: 0.8843, Test: 0.8886, Best time: 3.5824
After OOD adjustment: Training instances of last class: 0
After OOD adjustment: Testing instances of last class: 267
Epoch: 053, Runtime 0.228675, Loss 0.363405, forward nfe 0, backward nfe 0, Train: 0.9714, Val: 0.8843, Test: 0.8886, Best time: 3.5824
After OOD adjustment: Training instances of last class: 0
After OOD adjustment: Testing instances of last class: 267
Epoch: 054, Runtime 0.227642, Loss 0.356197, forward nfe 0, backward nfe 0, Train: 0.9714, Val: 0.8843, Test: 0.8886, Best time: 3.5824
After OOD adjustment: Training instances of last class: 0
After OOD adjustment: Testing instances of last class: 267
Epoch: 055, Runtime 0.316110, Loss 0.349181, forward nfe 0, backward nfe 0, Train: 0.9714, Val: 0.8851, Test: 0.8893, Best time: 3.5824
After OOD adjustment: Training instances of last class: 0
After OOD adjustment: Testing instances of last class: 267
Epoch: 056, Runtime 0.229551, Loss 0.342398, forward nfe 0, backward nfe 0, Train: 0.9714, Val: 0.8851, Test: 0.8893, Best time: 3.5824
After OOD adjustment: Training instances of last class: 0
After OOD adjustment: Testing instances of last class: 267
Epoch: 057, Runtime 0.228503, Loss 0.335893, forward nfe 0, backward nfe 0, Train: 0.9714, Val: 0.8851, Test: 0.8893, Best time: 3.5824
After OOD adjustment: Training instances of last class: 0
After OOD adjustment: Testing instances of last class: 267
Epoch: 058, Runtime 0.228707, Loss 0.329663, forward nfe 0, backward nfe 0, Train: 0.9714, Val: 0.8851, Test: 0.8893, Best time: 3.5824
After OOD adjustment: Training instances of last class: 0
After OOD adjustment: Testing instances of last class: 267
Epoch: 059, Runtime 0.227706, Loss 0.323658, forward nfe 0, backward nfe 0, Train: 0.9714, Val: 0.8851, Test: 0.8893, Best time: 3.5824
After OOD adjustment: Training instances of last class: 0
After OOD adjustment: Testing instances of last class: 267
Epoch: 060, Runtime 0.317105, Loss 0.317838, forward nfe 0, backward nfe 0, Train: 0.9714, Val: 0.8866, Test: 0.8901, Best time: 3.5824
After OOD adjustment: Training instances of last class: 0
After OOD adjustment: Testing instances of last class: 267
Epoch: 061, Runtime 0.229378, Loss 0.312182, forward nfe 0, backward nfe 0, Train: 0.9714, Val: 0.8866, Test: 0.8901, Best time: 3.5824
After OOD adjustment: Training instances of last class: 0
After OOD adjustment: Testing instances of last class: 267
Epoch: 062, Runtime 0.228891, Loss 0.306678, forward nfe 0, backward nfe 0, Train: 0.9714, Val: 0.8866, Test: 0.8901, Best time: 3.5824
After OOD adjustment: Training instances of last class: 0
After OOD adjustment: Testing instances of last class: 267
Epoch: 063, Runtime 0.227081, Loss 0.301318, forward nfe 0, backward nfe 0, Train: 0.9714, Val: 0.8866, Test: 0.8901, Best time: 3.5824
After OOD adjustment: Training instances of last class: 0
After OOD adjustment: Testing instances of last class: 267
Epoch: 064, Runtime 0.227823, Loss 0.296105, forward nfe 0, backward nfe 0, Train: 0.9714, Val: 0.8866, Test: 0.8901, Best time: 3.5824
After OOD adjustment: Training instances of last class: 0
After OOD adjustment: Testing instances of last class: 267
Epoch: 065, Runtime 0.228714, Loss 0.291052, forward nfe 0, backward nfe 0, Train: 0.9714, Val: 0.8866, Test: 0.8901, Best time: 3.5824
After OOD adjustment: Training instances of last class: 0
After OOD adjustment: Testing instances of last class: 267
Epoch: 066, Runtime 0.227702, Loss 0.286164, forward nfe 0, backward nfe 0, Train: 0.9714, Val: 0.8866, Test: 0.8901, Best time: 3.5824
After OOD adjustment: Training instances of last class: 0
After OOD adjustment: Testing instances of last class: 267
Epoch: 067, Runtime 0.227526, Loss 0.281425, forward nfe 0, backward nfe 0, Train: 0.9714, Val: 0.8866, Test: 0.8901, Best time: 3.5824
After OOD adjustment: Training instances of last class: 0
After OOD adjustment: Testing instances of last class: 267
Epoch: 068, Runtime 0.316730, Loss 0.276823, forward nfe 0, backward nfe 0, Train: 0.9714, Val: 0.8873, Test: 0.8911, Best time: 3.5824
After OOD adjustment: Training instances of last class: 0
After OOD adjustment: Testing instances of last class: 267
Epoch: 069, Runtime 0.229737, Loss 0.272353, forward nfe 0, backward nfe 0, Train: 0.9714, Val: 0.8873, Test: 0.8911, Best time: 3.5824
After OOD adjustment: Training instances of last class: 0
After OOD adjustment: Testing instances of last class: 267
Epoch: 070, Runtime 0.318166, Loss 0.268022, forward nfe 0, backward nfe 0, Train: 0.9714, Val: 0.8888, Test: 0.8918, Best time: 3.5824
After OOD adjustment: Training instances of last class: 0
After OOD adjustment: Testing instances of last class: 267
Epoch: 071, Runtime 0.234559, Loss 0.263821, forward nfe 0, backward nfe 0, Train: 0.9714, Val: 0.8888, Test: 0.8918, Best time: 3.5824
After OOD adjustment: Training instances of last class: 0
After OOD adjustment: Testing instances of last class: 267
Epoch: 072, Runtime 0.234297, Loss 0.259736, forward nfe 0, backward nfe 0, Train: 0.9714, Val: 0.8888, Test: 0.8918, Best time: 3.5824
After OOD adjustment: Training instances of last class: 0
After OOD adjustment: Testing instances of last class: 267
Epoch: 073, Runtime 0.324105, Loss 0.255753, forward nfe 0, backward nfe 0, Train: 0.9714, Val: 0.8896, Test: 0.8921, Best time: 3.5824
After OOD adjustment: Training instances of last class: 0
After OOD adjustment: Testing instances of last class: 267
Epoch: 074, Runtime 0.326405, Loss 0.251868, forward nfe 0, backward nfe 0, Train: 0.9714, Val: 0.8910, Test: 0.8923, Best time: 3.5824
After OOD adjustment: Training instances of last class: 0
After OOD adjustment: Testing instances of last class: 267
Epoch: 075, Runtime 0.233553, Loss 0.248082, forward nfe 0, backward nfe 0, Train: 0.9714, Val: 0.8910, Test: 0.8923, Best time: 3.5824
After OOD adjustment: Training instances of last class: 0
After OOD adjustment: Testing instances of last class: 267
Epoch: 076, Runtime 0.230293, Loss 0.244397, forward nfe 0, backward nfe 0, Train: 0.9714, Val: 0.8910, Test: 0.8923, Best time: 3.5824
After OOD adjustment: Training instances of last class: 0
After OOD adjustment: Testing instances of last class: 267
Epoch: 077, Runtime 0.233600, Loss 0.240809, forward nfe 0, backward nfe 0, Train: 0.9714, Val: 0.8910, Test: 0.8923, Best time: 3.5824
After OOD adjustment: Training instances of last class: 0
After OOD adjustment: Testing instances of last class: 267
Epoch: 078, Runtime 0.235004, Loss 0.237318, forward nfe 0, backward nfe 0, Train: 0.9714, Val: 0.8910, Test: 0.8923, Best time: 3.5824
After OOD adjustment: Training instances of last class: 0
After OOD adjustment: Testing instances of last class: 267
Epoch: 079, Runtime 0.322346, Loss 0.233921, forward nfe 0, backward nfe 0, Train: 0.9714, Val: 0.8918, Test: 0.8926, Best time: 3.5824
After OOD adjustment: Training instances of last class: 0
After OOD adjustment: Testing instances of last class: 267
Epoch: 080, Runtime 0.237542, Loss 0.230612, forward nfe 0, backward nfe 0, Train: 0.9714, Val: 0.8918, Test: 0.8926, Best time: 3.5824
After OOD adjustment: Training instances of last class: 0
After OOD adjustment: Testing instances of last class: 267
Epoch: 081, Runtime 0.238503, Loss 0.227385, forward nfe 0, backward nfe 0, Train: 0.9714, Val: 0.8918, Test: 0.8926, Best time: 3.5824
After OOD adjustment: Training instances of last class: 0
After OOD adjustment: Testing instances of last class: 267
Epoch: 082, Runtime 0.327801, Loss 0.224236, forward nfe 0, backward nfe 0, Train: 0.9714, Val: 0.8925, Test: 0.8926, Best time: 3.5824
After OOD adjustment: Training instances of last class: 0
After OOD adjustment: Testing instances of last class: 267
Epoch: 083, Runtime 0.325340, Loss 0.221167, forward nfe 0, backward nfe 0, Train: 0.9714, Val: 0.8933, Test: 0.8931, Best time: 3.5824
After OOD adjustment: Training instances of last class: 0
After OOD adjustment: Testing instances of last class: 267
Epoch: 084, Runtime 0.236865, Loss 0.218174, forward nfe 0, backward nfe 0, Train: 0.9714, Val: 0.8933, Test: 0.8931, Best time: 3.5824
After OOD adjustment: Training instances of last class: 0
After OOD adjustment: Testing instances of last class: 267
Epoch: 085, Runtime 0.326870, Loss 0.215254, forward nfe 0, backward nfe 0, Train: 0.9714, Val: 0.8940, Test: 0.8936, Best time: 3.5824
After OOD adjustment: Training instances of last class: 0
After OOD adjustment: Testing instances of last class: 267
Epoch: 086, Runtime 0.241221, Loss 0.212402, forward nfe 0, backward nfe 0, Train: 0.9714, Val: 0.8940, Test: 0.8936, Best time: 3.5824
After OOD adjustment: Training instances of last class: 0
After OOD adjustment: Testing instances of last class: 267
Epoch: 087, Runtime 0.235526, Loss 0.209614, forward nfe 0, backward nfe 0, Train: 0.9714, Val: 0.8940, Test: 0.8936, Best time: 3.5824
After OOD adjustment: Training instances of last class: 0
After OOD adjustment: Testing instances of last class: 267
Epoch: 088, Runtime 0.235578, Loss 0.206890, forward nfe 0, backward nfe 0, Train: 0.9714, Val: 0.8940, Test: 0.8936, Best time: 3.5824
After OOD adjustment: Training instances of last class: 0
After OOD adjustment: Testing instances of last class: 267
Epoch: 089, Runtime 0.235465, Loss 0.204230, forward nfe 0, backward nfe 0, Train: 0.9714, Val: 0.8940, Test: 0.8936, Best time: 3.5824
After OOD adjustment: Training instances of last class: 0
After OOD adjustment: Testing instances of last class: 267
Epoch: 090, Runtime 0.236824, Loss 0.201631, forward nfe 0, backward nfe 0, Train: 0.9714, Val: 0.8940, Test: 0.8936, Best time: 3.5824
After OOD adjustment: Training instances of last class: 0
After OOD adjustment: Testing instances of last class: 267
Epoch: 091, Runtime 0.236091, Loss 0.199091, forward nfe 0, backward nfe 0, Train: 0.9714, Val: 0.8940, Test: 0.8936, Best time: 3.5824
After OOD adjustment: Training instances of last class: 0
After OOD adjustment: Testing instances of last class: 267
Epoch: 092, Runtime 0.235225, Loss 0.196610, forward nfe 0, backward nfe 0, Train: 0.9714, Val: 0.8940, Test: 0.8936, Best time: 3.5824
After OOD adjustment: Training instances of last class: 0
After OOD adjustment: Testing instances of last class: 267
Epoch: 093, Runtime 0.235057, Loss 0.194184, forward nfe 0, backward nfe 0, Train: 0.9714, Val: 0.8940, Test: 0.8936, Best time: 3.5824
After OOD adjustment: Training instances of last class: 0
After OOD adjustment: Testing instances of last class: 267
Epoch: 094, Runtime 0.235169, Loss 0.191812, forward nfe 0, backward nfe 0, Train: 0.9714, Val: 0.8940, Test: 0.8936, Best time: 3.5824
After OOD adjustment: Training instances of last class: 0
After OOD adjustment: Testing instances of last class: 267
Epoch: 095, Runtime 0.233789, Loss 0.189490, forward nfe 0, backward nfe 0, Train: 0.9714, Val: 0.8940, Test: 0.8936, Best time: 3.5824
After OOD adjustment: Training instances of last class: 0
After OOD adjustment: Testing instances of last class: 267
Epoch: 096, Runtime 0.233761, Loss 0.187219, forward nfe 0, backward nfe 0, Train: 0.9714, Val: 0.8940, Test: 0.8936, Best time: 3.5824
After OOD adjustment: Training instances of last class: 0
After OOD adjustment: Testing instances of last class: 267
Epoch: 097, Runtime 0.234238, Loss 0.184996, forward nfe 0, backward nfe 0, Train: 0.9714, Val: 0.8940, Test: 0.8936, Best time: 3.5824
After OOD adjustment: Training instances of last class: 0
After OOD adjustment: Testing instances of last class: 267
Epoch: 098, Runtime 0.235224, Loss 0.182819, forward nfe 0, backward nfe 0, Train: 0.9714, Val: 0.8940, Test: 0.8936, Best time: 3.5824
After OOD adjustment: Training instances of last class: 0
After OOD adjustment: Testing instances of last class: 267
Epoch: 099, Runtime 0.234749, Loss 0.180688, forward nfe 0, backward nfe 0, Train: 0.9714, Val: 0.8940, Test: 0.8936, Best time: 3.5824
best val accuracy 0.894030 with test accuracy 0.893603 at epoch 85 and best time 3.582403
base_directory resutls_prob/OOD_Photo
new_name:  gnn_ODD
file_path 1 resutls_prob/OOD_Photo/gnn_ODD_prediction_probabilities_86.npz
file_path 2 resutls_prob/OOD_Photo/gnn_ODD_prediction_probabilities_86.npz
Entropy Threshold: inf Test accuracy: 0.8936028060798397
Entropy Threshold: 2 Test accuracy: 0.8936028060798397
Entropy Threshold: 1.6 Test accuracy: 0.9154062609919099
Entropy Threshold: 1.5 Test accuracy: 0.9275309541150765
Entropy Threshold: 1.4 Test accuracy: 0.9346516007532957
Entropy Threshold: 1.3 Test accuracy: 0.944564152791381
Entropy Threshold: 1.2 Test accuracy: 0.9510847318870241
Entropy Threshold: 1.1 Test accuracy: 0.9572631124541334
Entropy Threshold: 0.9 Test accuracy: 0.9657666345226615
Entropy Threshold: 0.8 Test accuracy: 0.9714138552665464
Entropy Threshold: 0.7 Test accuracy: 0.9766197183098592
Entropy Threshold: 0.6 Test accuracy: 0.9813490829965806
Entropy Threshold: 0.5 Test accuracy: 0.9851904090267983
Entropy Threshold: 0.4 Test accuracy: 0.9862728785357737
Entropy Threshold: 0.3 Test accuracy: 0.9878110716099543
Entropy Threshold: 0.2 Test accuracy: 0.9923928077455049
Entropy Threshold: 0.1 Test accuracy: 0.9939246658566221
