[KeOps] Warning : cuda was detected, but driver API could not be initialized. Switching to cpu only.
Folder already exists: results/photo
experiment: 0
Dataset size (num_nodes): 7487, Intended development set size (num_development): 1500
Dataset size (num_nodes): 7487, Actual development set size (num_development): 1500
rations: train 160, val 1340, test 5987
Before OOD adjustment: Total instances of last class: 331
Before OOD adjustment: Training instances of last class: 20
Before OOD adjustment: Testing instances of last class: 267
Before OOD adjustment: Val instances of last class: 44
total train + val+ test 331
After OOD adjustment: Training instances of last class: 0
After OOD adjustment: Testing instances of last class: 267
Total number of classes: 8
number of classes to train: 7
MyGCN2(
  (conv1): GCNConv(745, 64)
  (conv4): GCNConv(64, 7)
)
conv1.bias
torch.Size([64])
conv1.lin.weight
torch.Size([64, 745])
conv4.bias
torch.Size([7])
conv4.lin.weight
torch.Size([7, 64])
After OOD adjustment: Training instances of last class: 0
After OOD adjustment: Testing instances of last class: 267
Epoch: 001, Runtime 0.245324, Loss 2.119794, forward nfe 0, backward nfe 0, Train: 0.1357, Val: 0.1888, Test: 0.1684, Best time: 3.5824
After OOD adjustment: Training instances of last class: 0
After OOD adjustment: Testing instances of last class: 267
Epoch: 002, Runtime 0.328288, Loss 1.934502, forward nfe 0, backward nfe 0, Train: 0.2286, Val: 0.2948, Test: 0.2801, Best time: 3.5824
After OOD adjustment: Training instances of last class: 0
After OOD adjustment: Testing instances of last class: 267
Epoch: 003, Runtime 0.228479, Loss 1.893041, forward nfe 0, backward nfe 0, Train: 0.2286, Val: 0.2948, Test: 0.2801, Best time: 3.5824
After OOD adjustment: Training instances of last class: 0
After OOD adjustment: Testing instances of last class: 267
Epoch: 004, Runtime 0.228206, Loss 1.835098, forward nfe 0, backward nfe 0, Train: 0.2286, Val: 0.2948, Test: 0.2801, Best time: 3.5824
After OOD adjustment: Training instances of last class: 0
After OOD adjustment: Testing instances of last class: 267
Epoch: 005, Runtime 0.316007, Loss 1.735766, forward nfe 0, backward nfe 0, Train: 0.6071, Val: 0.4716, Test: 0.4897, Best time: 3.5824
After OOD adjustment: Training instances of last class: 0
After OOD adjustment: Testing instances of last class: 267
Epoch: 006, Runtime 0.316148, Loss 1.598701, forward nfe 0, backward nfe 0, Train: 0.7143, Val: 0.5731, Test: 0.5767, Best time: 3.5824
After OOD adjustment: Training instances of last class: 0
After OOD adjustment: Testing instances of last class: 267
Epoch: 007, Runtime 0.317064, Loss 1.486609, forward nfe 0, backward nfe 0, Train: 0.7500, Val: 0.6119, Test: 0.6132, Best time: 3.5824
After OOD adjustment: Training instances of last class: 0
After OOD adjustment: Testing instances of last class: 267
Epoch: 008, Runtime 0.315885, Loss 1.408391, forward nfe 0, backward nfe 0, Train: 0.8214, Val: 0.7940, Test: 0.7996, Best time: 3.5824
After OOD adjustment: Training instances of last class: 0
After OOD adjustment: Testing instances of last class: 267
Epoch: 009, Runtime 0.227766, Loss 1.352988, forward nfe 0, backward nfe 0, Train: 0.8214, Val: 0.7940, Test: 0.7996, Best time: 3.5824
After OOD adjustment: Training instances of last class: 0
After OOD adjustment: Testing instances of last class: 267
Epoch: 010, Runtime 0.228195, Loss 1.309214, forward nfe 0, backward nfe 0, Train: 0.8214, Val: 0.7940, Test: 0.7996, Best time: 3.5824
After OOD adjustment: Training instances of last class: 0
After OOD adjustment: Testing instances of last class: 267
Epoch: 011, Runtime 0.315150, Loss 1.240810, forward nfe 0, backward nfe 0, Train: 0.8429, Val: 0.8254, Test: 0.8224, Best time: 3.5824
After OOD adjustment: Training instances of last class: 0
After OOD adjustment: Testing instances of last class: 267
Epoch: 012, Runtime 0.227759, Loss 1.158540, forward nfe 0, backward nfe 0, Train: 0.8429, Val: 0.8254, Test: 0.8224, Best time: 3.5824
After OOD adjustment: Training instances of last class: 0
After OOD adjustment: Testing instances of last class: 267
Epoch: 013, Runtime 0.227640, Loss 1.090120, forward nfe 0, backward nfe 0, Train: 0.8429, Val: 0.8254, Test: 0.8224, Best time: 3.5824
After OOD adjustment: Training instances of last class: 0
After OOD adjustment: Testing instances of last class: 267
Epoch: 014, Runtime 0.227784, Loss 1.038376, forward nfe 0, backward nfe 0, Train: 0.8429, Val: 0.8254, Test: 0.8224, Best time: 3.5824
After OOD adjustment: Training instances of last class: 0
After OOD adjustment: Testing instances of last class: 267
Epoch: 015, Runtime 0.227433, Loss 0.997087, forward nfe 0, backward nfe 0, Train: 0.8429, Val: 0.8254, Test: 0.8224, Best time: 3.5824
After OOD adjustment: Training instances of last class: 0
After OOD adjustment: Testing instances of last class: 267
Epoch: 016, Runtime 0.227855, Loss 0.959736, forward nfe 0, backward nfe 0, Train: 0.8429, Val: 0.8254, Test: 0.8224, Best time: 3.5824
After OOD adjustment: Training instances of last class: 0
After OOD adjustment: Testing instances of last class: 267
Epoch: 017, Runtime 0.227730, Loss 0.920971, forward nfe 0, backward nfe 0, Train: 0.8429, Val: 0.8254, Test: 0.8224, Best time: 3.5824
After OOD adjustment: Training instances of last class: 0
After OOD adjustment: Testing instances of last class: 267
Epoch: 018, Runtime 0.227435, Loss 0.878803, forward nfe 0, backward nfe 0, Train: 0.8429, Val: 0.8254, Test: 0.8224, Best time: 3.5824
After OOD adjustment: Training instances of last class: 0
After OOD adjustment: Testing instances of last class: 267
Epoch: 019, Runtime 0.227641, Loss 0.835314, forward nfe 0, backward nfe 0, Train: 0.8429, Val: 0.8254, Test: 0.8224, Best time: 3.5824
After OOD adjustment: Training instances of last class: 0
After OOD adjustment: Testing instances of last class: 267
Epoch: 020, Runtime 0.317075, Loss 0.794568, forward nfe 0, backward nfe 0, Train: 0.9357, Val: 0.8515, Test: 0.8452, Best time: 3.5824
After OOD adjustment: Training instances of last class: 0
After OOD adjustment: Testing instances of last class: 267
Epoch: 021, Runtime 0.316790, Loss 0.759465, forward nfe 0, backward nfe 0, Train: 0.9357, Val: 0.8597, Test: 0.8533, Best time: 3.5824
After OOD adjustment: Training instances of last class: 0
After OOD adjustment: Testing instances of last class: 267
Epoch: 022, Runtime 0.316123, Loss 0.729792, forward nfe 0, backward nfe 0, Train: 0.9286, Val: 0.8612, Test: 0.8549, Best time: 3.5824
After OOD adjustment: Training instances of last class: 0
After OOD adjustment: Testing instances of last class: 267
Epoch: 023, Runtime 0.318332, Loss 0.703176, forward nfe 0, backward nfe 0, Train: 0.9429, Val: 0.8634, Test: 0.8539, Best time: 3.5824
After OOD adjustment: Training instances of last class: 0
After OOD adjustment: Testing instances of last class: 267
Epoch: 024, Runtime 0.227651, Loss 0.677803, forward nfe 0, backward nfe 0, Train: 0.9429, Val: 0.8634, Test: 0.8539, Best time: 3.5824
After OOD adjustment: Training instances of last class: 0
After OOD adjustment: Testing instances of last class: 267
Epoch: 025, Runtime 0.228400, Loss 0.653446, forward nfe 0, backward nfe 0, Train: 0.9429, Val: 0.8634, Test: 0.8539, Best time: 3.5824
After OOD adjustment: Training instances of last class: 0
After OOD adjustment: Testing instances of last class: 267
Epoch: 026, Runtime 0.228009, Loss 0.630205, forward nfe 0, backward nfe 0, Train: 0.9429, Val: 0.8634, Test: 0.8539, Best time: 3.5824
After OOD adjustment: Training instances of last class: 0
After OOD adjustment: Testing instances of last class: 267
Epoch: 027, Runtime 0.227357, Loss 0.607756, forward nfe 0, backward nfe 0, Train: 0.9429, Val: 0.8634, Test: 0.8539, Best time: 3.5824
After OOD adjustment: Training instances of last class: 0
After OOD adjustment: Testing instances of last class: 267
Epoch: 028, Runtime 0.229067, Loss 0.585932, forward nfe 0, backward nfe 0, Train: 0.9429, Val: 0.8634, Test: 0.8539, Best time: 3.5824
After OOD adjustment: Training instances of last class: 0
After OOD adjustment: Testing instances of last class: 267
Epoch: 029, Runtime 0.227697, Loss 0.565089, forward nfe 0, backward nfe 0, Train: 0.9429, Val: 0.8634, Test: 0.8539, Best time: 3.5824
After OOD adjustment: Training instances of last class: 0
After OOD adjustment: Testing instances of last class: 267
Epoch: 030, Runtime 0.227015, Loss 0.545784, forward nfe 0, backward nfe 0, Train: 0.9429, Val: 0.8634, Test: 0.8539, Best time: 3.5824
After OOD adjustment: Training instances of last class: 0
After OOD adjustment: Testing instances of last class: 267
Epoch: 031, Runtime 0.227461, Loss 0.528324, forward nfe 0, backward nfe 0, Train: 0.9429, Val: 0.8634, Test: 0.8539, Best time: 3.5824
After OOD adjustment: Training instances of last class: 0
After OOD adjustment: Testing instances of last class: 267
Epoch: 032, Runtime 0.227486, Loss 0.512519, forward nfe 0, backward nfe 0, Train: 0.9429, Val: 0.8634, Test: 0.8539, Best time: 3.5824
After OOD adjustment: Training instances of last class: 0
After OOD adjustment: Testing instances of last class: 267
Epoch: 033, Runtime 0.228925, Loss 0.497789, forward nfe 0, backward nfe 0, Train: 0.9429, Val: 0.8634, Test: 0.8539, Best time: 3.5824
After OOD adjustment: Training instances of last class: 0
After OOD adjustment: Testing instances of last class: 267
Epoch: 034, Runtime 0.226935, Loss 0.483558, forward nfe 0, backward nfe 0, Train: 0.9429, Val: 0.8634, Test: 0.8539, Best time: 3.5824
After OOD adjustment: Training instances of last class: 0
After OOD adjustment: Testing instances of last class: 267
Epoch: 035, Runtime 0.228459, Loss 0.469585, forward nfe 0, backward nfe 0, Train: 0.9429, Val: 0.8634, Test: 0.8539, Best time: 3.5824
After OOD adjustment: Training instances of last class: 0
After OOD adjustment: Testing instances of last class: 267
Epoch: 036, Runtime 0.227919, Loss 0.455967, forward nfe 0, backward nfe 0, Train: 0.9429, Val: 0.8634, Test: 0.8539, Best time: 3.5824
After OOD adjustment: Training instances of last class: 0
After OOD adjustment: Testing instances of last class: 267
Epoch: 037, Runtime 0.227952, Loss 0.442942, forward nfe 0, backward nfe 0, Train: 0.9429, Val: 0.8634, Test: 0.8539, Best time: 3.5824
After OOD adjustment: Training instances of last class: 0
After OOD adjustment: Testing instances of last class: 267
Epoch: 038, Runtime 0.315069, Loss 0.430664, forward nfe 0, backward nfe 0, Train: 0.9643, Val: 0.8642, Test: 0.8614, Best time: 3.5824
After OOD adjustment: Training instances of last class: 0
After OOD adjustment: Testing instances of last class: 267
Epoch: 039, Runtime 0.317166, Loss 0.419097, forward nfe 0, backward nfe 0, Train: 0.9643, Val: 0.8694, Test: 0.8665, Best time: 3.5824
After OOD adjustment: Training instances of last class: 0
After OOD adjustment: Testing instances of last class: 267
Epoch: 040, Runtime 0.316124, Loss 0.408088, forward nfe 0, backward nfe 0, Train: 0.9714, Val: 0.8791, Test: 0.8764, Best time: 3.5824
After OOD adjustment: Training instances of last class: 0
After OOD adjustment: Testing instances of last class: 267
Epoch: 041, Runtime 0.316044, Loss 0.397557, forward nfe 0, backward nfe 0, Train: 0.9714, Val: 0.8896, Test: 0.8849, Best time: 3.5824
After OOD adjustment: Training instances of last class: 0
After OOD adjustment: Testing instances of last class: 267
Epoch: 042, Runtime 0.316291, Loss 0.387552, forward nfe 0, backward nfe 0, Train: 0.9714, Val: 0.8918, Test: 0.8901, Best time: 3.5824
After OOD adjustment: Training instances of last class: 0
After OOD adjustment: Testing instances of last class: 267
Epoch: 043, Runtime 0.317126, Loss 0.378136, forward nfe 0, backward nfe 0, Train: 0.9714, Val: 0.8933, Test: 0.8916, Best time: 3.5824
After OOD adjustment: Training instances of last class: 0
After OOD adjustment: Testing instances of last class: 267
Epoch: 044, Runtime 0.315148, Loss 0.369249, forward nfe 0, backward nfe 0, Train: 0.9714, Val: 0.8948, Test: 0.8928, Best time: 3.5824
After OOD adjustment: Training instances of last class: 0
After OOD adjustment: Testing instances of last class: 267
Epoch: 045, Runtime 0.227760, Loss 0.360725, forward nfe 0, backward nfe 0, Train: 0.9714, Val: 0.8948, Test: 0.8928, Best time: 3.5824
After OOD adjustment: Training instances of last class: 0
After OOD adjustment: Testing instances of last class: 267
Epoch: 046, Runtime 0.228213, Loss 0.352408, forward nfe 0, backward nfe 0, Train: 0.9714, Val: 0.8948, Test: 0.8928, Best time: 3.5824
After OOD adjustment: Training instances of last class: 0
After OOD adjustment: Testing instances of last class: 267
Epoch: 047, Runtime 0.227719, Loss 0.344254, forward nfe 0, backward nfe 0, Train: 0.9714, Val: 0.8948, Test: 0.8928, Best time: 3.5824
After OOD adjustment: Training instances of last class: 0
After OOD adjustment: Testing instances of last class: 267
Epoch: 048, Runtime 0.227894, Loss 0.336327, forward nfe 0, backward nfe 0, Train: 0.9714, Val: 0.8948, Test: 0.8928, Best time: 3.5824
After OOD adjustment: Training instances of last class: 0
After OOD adjustment: Testing instances of last class: 267
Epoch: 049, Runtime 0.227318, Loss 0.328737, forward nfe 0, backward nfe 0, Train: 0.9714, Val: 0.8948, Test: 0.8928, Best time: 3.5824
After OOD adjustment: Training instances of last class: 0
After OOD adjustment: Testing instances of last class: 267
Epoch: 050, Runtime 0.227993, Loss 0.321546, forward nfe 0, backward nfe 0, Train: 0.9714, Val: 0.8948, Test: 0.8928, Best time: 3.5824
After OOD adjustment: Training instances of last class: 0
After OOD adjustment: Testing instances of last class: 267
Epoch: 051, Runtime 0.228346, Loss 0.314732, forward nfe 0, backward nfe 0, Train: 0.9714, Val: 0.8948, Test: 0.8928, Best time: 3.5824
After OOD adjustment: Training instances of last class: 0
After OOD adjustment: Testing instances of last class: 267
Epoch: 052, Runtime 0.228026, Loss 0.308219, forward nfe 0, backward nfe 0, Train: 0.9714, Val: 0.8948, Test: 0.8928, Best time: 3.5824
After OOD adjustment: Training instances of last class: 0
After OOD adjustment: Testing instances of last class: 267
Epoch: 053, Runtime 0.227683, Loss 0.301937, forward nfe 0, backward nfe 0, Train: 0.9714, Val: 0.8948, Test: 0.8928, Best time: 3.5824
After OOD adjustment: Training instances of last class: 0
After OOD adjustment: Testing instances of last class: 267
Epoch: 054, Runtime 0.317038, Loss 0.295853, forward nfe 0, backward nfe 0, Train: 0.9714, Val: 0.8955, Test: 0.8953, Best time: 3.5824
After OOD adjustment: Training instances of last class: 0
After OOD adjustment: Testing instances of last class: 267
Epoch: 055, Runtime 0.317533, Loss 0.289962, forward nfe 0, backward nfe 0, Train: 0.9714, Val: 0.8963, Test: 0.8949, Best time: 3.5824
After OOD adjustment: Training instances of last class: 0
After OOD adjustment: Testing instances of last class: 267
Epoch: 056, Runtime 0.315832, Loss 0.284269, forward nfe 0, backward nfe 0, Train: 0.9714, Val: 0.8970, Test: 0.8951, Best time: 3.5824
After OOD adjustment: Training instances of last class: 0
After OOD adjustment: Testing instances of last class: 267
Epoch: 057, Runtime 0.228246, Loss 0.278772, forward nfe 0, backward nfe 0, Train: 0.9714, Val: 0.8970, Test: 0.8951, Best time: 3.5824
After OOD adjustment: Training instances of last class: 0
After OOD adjustment: Testing instances of last class: 267
Epoch: 058, Runtime 0.228333, Loss 0.273457, forward nfe 0, backward nfe 0, Train: 0.9714, Val: 0.8970, Test: 0.8951, Best time: 3.5824
After OOD adjustment: Training instances of last class: 0
After OOD adjustment: Testing instances of last class: 267
Epoch: 059, Runtime 0.316306, Loss 0.268308, forward nfe 0, backward nfe 0, Train: 0.9714, Val: 0.8978, Test: 0.8951, Best time: 3.5824
After OOD adjustment: Training instances of last class: 0
After OOD adjustment: Testing instances of last class: 267
Epoch: 060, Runtime 0.226851, Loss 0.263324, forward nfe 0, backward nfe 0, Train: 0.9714, Val: 0.8978, Test: 0.8951, Best time: 3.5824
After OOD adjustment: Training instances of last class: 0
After OOD adjustment: Testing instances of last class: 267
Epoch: 061, Runtime 0.226662, Loss 0.258514, forward nfe 0, backward nfe 0, Train: 0.9714, Val: 0.8978, Test: 0.8951, Best time: 3.5824
After OOD adjustment: Training instances of last class: 0
After OOD adjustment: Testing instances of last class: 267
Epoch: 062, Runtime 0.227535, Loss 0.253882, forward nfe 0, backward nfe 0, Train: 0.9714, Val: 0.8978, Test: 0.8951, Best time: 3.5824
After OOD adjustment: Training instances of last class: 0
After OOD adjustment: Testing instances of last class: 267
Epoch: 063, Runtime 0.228469, Loss 0.249422, forward nfe 0, backward nfe 0, Train: 0.9714, Val: 0.8978, Test: 0.8951, Best time: 3.5824
After OOD adjustment: Training instances of last class: 0
After OOD adjustment: Testing instances of last class: 267
Epoch: 064, Runtime 0.226511, Loss 0.245117, forward nfe 0, backward nfe 0, Train: 0.9714, Val: 0.8978, Test: 0.8951, Best time: 3.5824
After OOD adjustment: Training instances of last class: 0
After OOD adjustment: Testing instances of last class: 267
Epoch: 065, Runtime 0.314362, Loss 0.240946, forward nfe 0, backward nfe 0, Train: 0.9714, Val: 0.8985, Test: 0.8953, Best time: 3.5824
After OOD adjustment: Training instances of last class: 0
After OOD adjustment: Testing instances of last class: 267
Epoch: 066, Runtime 0.229411, Loss 0.236893, forward nfe 0, backward nfe 0, Train: 0.9714, Val: 0.8985, Test: 0.8953, Best time: 3.5824
After OOD adjustment: Training instances of last class: 0
After OOD adjustment: Testing instances of last class: 267
Epoch: 067, Runtime 0.228329, Loss 0.232954, forward nfe 0, backward nfe 0, Train: 0.9714, Val: 0.8985, Test: 0.8953, Best time: 3.5824
After OOD adjustment: Training instances of last class: 0
After OOD adjustment: Testing instances of last class: 267
Epoch: 068, Runtime 0.227241, Loss 0.229130, forward nfe 0, backward nfe 0, Train: 0.9714, Val: 0.8985, Test: 0.8953, Best time: 3.5824
After OOD adjustment: Training instances of last class: 0
After OOD adjustment: Testing instances of last class: 267
Epoch: 069, Runtime 0.227152, Loss 0.225422, forward nfe 0, backward nfe 0, Train: 0.9714, Val: 0.8985, Test: 0.8953, Best time: 3.5824
After OOD adjustment: Training instances of last class: 0
After OOD adjustment: Testing instances of last class: 267
Epoch: 070, Runtime 0.317007, Loss 0.221827, forward nfe 0, backward nfe 0, Train: 0.9786, Val: 0.8993, Test: 0.8959, Best time: 3.5824
After OOD adjustment: Training instances of last class: 0
After OOD adjustment: Testing instances of last class: 267
Epoch: 071, Runtime 0.228140, Loss 0.218337, forward nfe 0, backward nfe 0, Train: 0.9786, Val: 0.8993, Test: 0.8959, Best time: 3.5824
After OOD adjustment: Training instances of last class: 0
After OOD adjustment: Testing instances of last class: 267
Epoch: 072, Runtime 0.227794, Loss 0.214947, forward nfe 0, backward nfe 0, Train: 0.9786, Val: 0.8993, Test: 0.8959, Best time: 3.5824
After OOD adjustment: Training instances of last class: 0
After OOD adjustment: Testing instances of last class: 267
Epoch: 073, Runtime 0.315254, Loss 0.211654, forward nfe 0, backward nfe 0, Train: 0.9786, Val: 0.9000, Test: 0.8963, Best time: 3.5824
After OOD adjustment: Training instances of last class: 0
After OOD adjustment: Testing instances of last class: 267
Epoch: 074, Runtime 0.229643, Loss 0.208459, forward nfe 0, backward nfe 0, Train: 0.9786, Val: 0.9000, Test: 0.8963, Best time: 3.5824
After OOD adjustment: Training instances of last class: 0
After OOD adjustment: Testing instances of last class: 267
Epoch: 075, Runtime 0.228150, Loss 0.205359, forward nfe 0, backward nfe 0, Train: 0.9786, Val: 0.9000, Test: 0.8963, Best time: 3.5824
After OOD adjustment: Training instances of last class: 0
After OOD adjustment: Testing instances of last class: 267
Epoch: 076, Runtime 0.227030, Loss 0.202350, forward nfe 0, backward nfe 0, Train: 0.9786, Val: 0.9000, Test: 0.8963, Best time: 3.5824
After OOD adjustment: Training instances of last class: 0
After OOD adjustment: Testing instances of last class: 267
Epoch: 077, Runtime 0.226811, Loss 0.199425, forward nfe 0, backward nfe 0, Train: 0.9786, Val: 0.9000, Test: 0.8963, Best time: 3.5824
After OOD adjustment: Training instances of last class: 0
After OOD adjustment: Testing instances of last class: 267
Epoch: 078, Runtime 0.227799, Loss 0.196576, forward nfe 0, backward nfe 0, Train: 0.9786, Val: 0.9000, Test: 0.8963, Best time: 3.5824
After OOD adjustment: Training instances of last class: 0
After OOD adjustment: Testing instances of last class: 267
Epoch: 079, Runtime 0.228356, Loss 0.193799, forward nfe 0, backward nfe 0, Train: 0.9786, Val: 0.9000, Test: 0.8963, Best time: 3.5824
After OOD adjustment: Training instances of last class: 0
After OOD adjustment: Testing instances of last class: 267
Epoch: 080, Runtime 0.226448, Loss 0.191092, forward nfe 0, backward nfe 0, Train: 0.9786, Val: 0.9000, Test: 0.8963, Best time: 3.5824
After OOD adjustment: Training instances of last class: 0
After OOD adjustment: Testing instances of last class: 267
Epoch: 081, Runtime 0.226684, Loss 0.188456, forward nfe 0, backward nfe 0, Train: 0.9786, Val: 0.9000, Test: 0.8963, Best time: 3.5824
After OOD adjustment: Training instances of last class: 0
After OOD adjustment: Testing instances of last class: 267
Epoch: 082, Runtime 0.227286, Loss 0.185889, forward nfe 0, backward nfe 0, Train: 0.9786, Val: 0.9000, Test: 0.8963, Best time: 3.5824
After OOD adjustment: Training instances of last class: 0
After OOD adjustment: Testing instances of last class: 267
Epoch: 083, Runtime 0.228631, Loss 0.183390, forward nfe 0, backward nfe 0, Train: 0.9786, Val: 0.9000, Test: 0.8963, Best time: 3.5824
After OOD adjustment: Training instances of last class: 0
After OOD adjustment: Testing instances of last class: 267
Epoch: 084, Runtime 0.226735, Loss 0.180955, forward nfe 0, backward nfe 0, Train: 0.9786, Val: 0.9000, Test: 0.8963, Best time: 3.5824
After OOD adjustment: Training instances of last class: 0
After OOD adjustment: Testing instances of last class: 267
Epoch: 085, Runtime 0.227337, Loss 0.178581, forward nfe 0, backward nfe 0, Train: 0.9786, Val: 0.9000, Test: 0.8963, Best time: 3.5824
After OOD adjustment: Training instances of last class: 0
After OOD adjustment: Testing instances of last class: 267
Epoch: 086, Runtime 0.227273, Loss 0.176267, forward nfe 0, backward nfe 0, Train: 0.9786, Val: 0.9000, Test: 0.8963, Best time: 3.5824
After OOD adjustment: Training instances of last class: 0
After OOD adjustment: Testing instances of last class: 267
Epoch: 087, Runtime 0.228264, Loss 0.174009, forward nfe 0, backward nfe 0, Train: 0.9786, Val: 0.9000, Test: 0.8963, Best time: 3.5824
After OOD adjustment: Training instances of last class: 0
After OOD adjustment: Testing instances of last class: 267
Epoch: 088, Runtime 0.227109, Loss 0.171807, forward nfe 0, backward nfe 0, Train: 0.9786, Val: 0.9000, Test: 0.8963, Best time: 3.5824
After OOD adjustment: Training instances of last class: 0
After OOD adjustment: Testing instances of last class: 267
Epoch: 089, Runtime 0.227556, Loss 0.169659, forward nfe 0, backward nfe 0, Train: 0.9786, Val: 0.9000, Test: 0.8963, Best time: 3.5824
After OOD adjustment: Training instances of last class: 0
After OOD adjustment: Testing instances of last class: 267
Epoch: 090, Runtime 0.227015, Loss 0.167561, forward nfe 0, backward nfe 0, Train: 0.9786, Val: 0.9000, Test: 0.8963, Best time: 3.5824
After OOD adjustment: Training instances of last class: 0
After OOD adjustment: Testing instances of last class: 267
Epoch: 091, Runtime 0.227232, Loss 0.165511, forward nfe 0, backward nfe 0, Train: 0.9786, Val: 0.9000, Test: 0.8963, Best time: 3.5824
After OOD adjustment: Training instances of last class: 0
After OOD adjustment: Testing instances of last class: 267
Epoch: 092, Runtime 0.227157, Loss 0.163508, forward nfe 0, backward nfe 0, Train: 0.9786, Val: 0.9000, Test: 0.8963, Best time: 3.5824
After OOD adjustment: Training instances of last class: 0
After OOD adjustment: Testing instances of last class: 267
Epoch: 093, Runtime 0.226922, Loss 0.161550, forward nfe 0, backward nfe 0, Train: 0.9786, Val: 0.9000, Test: 0.8963, Best time: 3.5824
After OOD adjustment: Training instances of last class: 0
After OOD adjustment: Testing instances of last class: 267
Epoch: 094, Runtime 0.227049, Loss 0.159636, forward nfe 0, backward nfe 0, Train: 0.9786, Val: 0.9000, Test: 0.8963, Best time: 3.5824
After OOD adjustment: Training instances of last class: 0
After OOD adjustment: Testing instances of last class: 267
Epoch: 095, Runtime 0.227363, Loss 0.157766, forward nfe 0, backward nfe 0, Train: 0.9786, Val: 0.9000, Test: 0.8963, Best time: 3.5824
After OOD adjustment: Training instances of last class: 0
After OOD adjustment: Testing instances of last class: 267
Epoch: 096, Runtime 0.227441, Loss 0.155937, forward nfe 0, backward nfe 0, Train: 0.9786, Val: 0.9000, Test: 0.8963, Best time: 3.5824
After OOD adjustment: Training instances of last class: 0
After OOD adjustment: Testing instances of last class: 267
Epoch: 097, Runtime 0.227151, Loss 0.154148, forward nfe 0, backward nfe 0, Train: 0.9786, Val: 0.9000, Test: 0.8963, Best time: 3.5824
After OOD adjustment: Training instances of last class: 0
After OOD adjustment: Testing instances of last class: 267
Epoch: 098, Runtime 0.226783, Loss 0.152398, forward nfe 0, backward nfe 0, Train: 0.9786, Val: 0.9000, Test: 0.8963, Best time: 3.5824
After OOD adjustment: Training instances of last class: 0
After OOD adjustment: Testing instances of last class: 267
Epoch: 099, Runtime 0.226551, Loss 0.150685, forward nfe 0, backward nfe 0, Train: 0.9786, Val: 0.9000, Test: 0.8963, Best time: 3.5824
best val accuracy 0.900000 with test accuracy 0.896275 at epoch 73 and best time 3.582403
base_directory resutls_prob/OOD_Photo
new_name:  gnn_ODD
file_path 1 resutls_prob/OOD_Photo/gnn_ODD_prediction_probabilities_46.npz
file_path 2 resutls_prob/OOD_Photo/gnn_ODD_prediction_probabilities_46.npz
Entropy Threshold: inf Test accuracy: 0.896275263069985
Entropy Threshold: 2 Test accuracy: 0.896275263069985
Entropy Threshold: 1.6 Test accuracy: 0.9121070001737016
Entropy Threshold: 1.5 Test accuracy: 0.9229938826916156
Entropy Threshold: 1.4 Test accuracy: 0.9332960685671697
Entropy Threshold: 1.3 Test accuracy: 0.942132765628024
Entropy Threshold: 1.2 Test accuracy: 0.9502437043054427
Entropy Threshold: 1.1 Test accuracy: 0.9557597777302842
Entropy Threshold: 0.9 Test accuracy: 0.9646039007946063
Entropy Threshold: 0.8 Test accuracy: 0.9707405489383739
Entropy Threshold: 0.7 Test accuracy: 0.9761227970437749
Entropy Threshold: 0.6 Test accuracy: 0.98
Entropy Threshold: 0.5 Test accuracy: 0.9835007173601148
Entropy Threshold: 0.4 Test accuracy: 0.9849183074989527
Entropy Threshold: 0.3 Test accuracy: 0.9856996935648621
Entropy Threshold: 0.2 Test accuracy: 0.9883401920438958
Entropy Threshold: 0.1 Test accuracy: 0.9938271604938271
