[KeOps] Warning : cuda was detected, but driver API could not be initialized. Switching to cpu only.
Folder already exists: results/citeseer
experiment: 0
Dataset size (num_nodes): 2120, Intended development set size (num_development): 1500
Dataset size (num_nodes): 2120, Actual development set size (num_development): 1500
rations: train 120, val 1380, test 620
Before OOD adjustment: Total instances of last class: 304
Before OOD adjustment: Training instances of last class: 20
Before OOD adjustment: Testing instances of last class: 93
Before OOD adjustment: Val instances of last class: 191
total train + val+ test 304
After OOD adjustment: Training instances of last class: 0
After OOD adjustment: Testing instances of last class: 93
Total number of classes: 6
number of classes to train: 5
Dataset size (num_nodes): 2120, Intended development set size (num_development): 1500
Dataset size (num_nodes): 2120, Actual development set size (num_development): 1500
rations: train 120, val 1380, test 620
within set_train_val_test_split function!
Before OOD adjustment: Total instances of last class: 304
Before OOD adjustment: Training instances of last class: 20
Before OOD adjustment: Testing instances of last class: 77
Before OOD adjustment: Val instances of last class: 207
total train + val+ test 304
After OOD adjustment: Training instances of last class: 0
After OOD adjustment: Testing instances of last class: 77
BayesianGCN(
  (bayes_conv1): BayesianGCNConv(3703, 64)
  (bayes_conv3): BayesianGCNConv(64, 5)
)
bayes_conv1.mu_weight
torch.Size([64, 3703])
bayes_conv1.rho_weight
torch.Size([64, 3703])
bayes_conv1.mu_bias
torch.Size([64])
bayes_conv1.rho_bias
torch.Size([64])
bayes_conv3.mu_weight
torch.Size([5, 64])
bayes_conv3.rho_weight
torch.Size([5, 64])
bayes_conv3.mu_bias
torch.Size([5])
bayes_conv3.rho_bias
torch.Size([5])
After OOD adjustment: Training instances of last class: 0
After OOD adjustment: Testing instances of last class: 77
Epoch: 001, Runtime 0.127848, Loss 1.752312, forward nfe 0, backward nfe 0, Train: 0.2200, Val: 0.1464, Test: 0.1468, Best time: 7.8741
After OOD adjustment: Training instances of last class: 0
After OOD adjustment: Testing instances of last class: 77
Epoch: 002, Runtime 0.149752, Loss 1.632811, forward nfe 0, backward nfe 0, Train: 0.3500, Val: 0.2616, Test: 0.2952, Best time: 7.8741
After OOD adjustment: Training instances of last class: 0
After OOD adjustment: Testing instances of last class: 77
Epoch: 003, Runtime 0.046567, Loss 1.579679, forward nfe 0, backward nfe 0, Train: 0.3500, Val: 0.2616, Test: 0.2952, Best time: 7.8741
After OOD adjustment: Training instances of last class: 0
After OOD adjustment: Testing instances of last class: 77
Epoch: 004, Runtime 0.046650, Loss 1.619115, forward nfe 0, backward nfe 0, Train: 0.3500, Val: 0.2616, Test: 0.2952, Best time: 7.8741
After OOD adjustment: Training instances of last class: 0
After OOD adjustment: Testing instances of last class: 77
Epoch: 005, Runtime 0.047713, Loss 1.571388, forward nfe 0, backward nfe 0, Train: 0.3500, Val: 0.2616, Test: 0.2952, Best time: 7.8741
After OOD adjustment: Training instances of last class: 0
After OOD adjustment: Testing instances of last class: 77
Epoch: 006, Runtime 0.047678, Loss 1.584380, forward nfe 0, backward nfe 0, Train: 0.3500, Val: 0.2616, Test: 0.2952, Best time: 7.8741
After OOD adjustment: Training instances of last class: 0
After OOD adjustment: Testing instances of last class: 77
Epoch: 007, Runtime 0.136837, Loss 1.485880, forward nfe 0, backward nfe 0, Train: 0.4700, Val: 0.3167, Test: 0.3581, Best time: 7.8741
After OOD adjustment: Training instances of last class: 0
After OOD adjustment: Testing instances of last class: 77
Epoch: 008, Runtime 0.051555, Loss 1.482695, forward nfe 0, backward nfe 0, Train: 0.4700, Val: 0.3167, Test: 0.3581, Best time: 7.8741
After OOD adjustment: Training instances of last class: 0
After OOD adjustment: Testing instances of last class: 77
Epoch: 009, Runtime 0.044073, Loss 1.435399, forward nfe 0, backward nfe 0, Train: 0.4700, Val: 0.3167, Test: 0.3581, Best time: 7.8741
After OOD adjustment: Training instances of last class: 0
After OOD adjustment: Testing instances of last class: 77
Epoch: 010, Runtime 0.048576, Loss 1.402071, forward nfe 0, backward nfe 0, Train: 0.4700, Val: 0.3167, Test: 0.3581, Best time: 7.8741
After OOD adjustment: Training instances of last class: 0
After OOD adjustment: Testing instances of last class: 77
Epoch: 011, Runtime 0.044798, Loss 1.422041, forward nfe 0, backward nfe 0, Train: 0.4700, Val: 0.3167, Test: 0.3581, Best time: 7.8741
After OOD adjustment: Training instances of last class: 0
After OOD adjustment: Testing instances of last class: 77
Epoch: 012, Runtime 0.134335, Loss 1.397809, forward nfe 0, backward nfe 0, Train: 0.5800, Val: 0.3362, Test: 0.3677, Best time: 7.8741
After OOD adjustment: Training instances of last class: 0
After OOD adjustment: Testing instances of last class: 77
Epoch: 013, Runtime 0.135126, Loss 1.343539, forward nfe 0, backward nfe 0, Train: 0.7200, Val: 0.3428, Test: 0.3677, Best time: 7.8741
After OOD adjustment: Training instances of last class: 0
After OOD adjustment: Testing instances of last class: 77
Epoch: 014, Runtime 0.135100, Loss 1.324806, forward nfe 0, backward nfe 0, Train: 0.7300, Val: 0.4341, Test: 0.4371, Best time: 7.8741
After OOD adjustment: Training instances of last class: 0
After OOD adjustment: Testing instances of last class: 77
Epoch: 015, Runtime 0.046266, Loss 1.287581, forward nfe 0, backward nfe 0, Train: 0.7300, Val: 0.4341, Test: 0.4371, Best time: 7.8741
After OOD adjustment: Training instances of last class: 0
After OOD adjustment: Testing instances of last class: 77
Epoch: 016, Runtime 0.043115, Loss 1.263068, forward nfe 0, backward nfe 0, Train: 0.7300, Val: 0.4341, Test: 0.4371, Best time: 7.8741
After OOD adjustment: Training instances of last class: 0
After OOD adjustment: Testing instances of last class: 77
Epoch: 017, Runtime 0.044749, Loss 1.270673, forward nfe 0, backward nfe 0, Train: 0.7300, Val: 0.4341, Test: 0.4371, Best time: 7.8741
After OOD adjustment: Training instances of last class: 0
After OOD adjustment: Testing instances of last class: 77
Epoch: 018, Runtime 0.043127, Loss 1.281136, forward nfe 0, backward nfe 0, Train: 0.7300, Val: 0.4341, Test: 0.4371, Best time: 7.8741
After OOD adjustment: Training instances of last class: 0
After OOD adjustment: Testing instances of last class: 77
Epoch: 019, Runtime 0.131332, Loss 1.258887, forward nfe 0, backward nfe 0, Train: 0.8000, Val: 0.4464, Test: 0.4484, Best time: 7.8741
After OOD adjustment: Training instances of last class: 0
After OOD adjustment: Testing instances of last class: 77
Epoch: 020, Runtime 0.045547, Loss 1.206133, forward nfe 0, backward nfe 0, Train: 0.8000, Val: 0.4464, Test: 0.4484, Best time: 7.8741
After OOD adjustment: Training instances of last class: 0
After OOD adjustment: Testing instances of last class: 77
Epoch: 021, Runtime 0.131014, Loss 1.200321, forward nfe 0, backward nfe 0, Train: 0.7800, Val: 0.4507, Test: 0.4855, Best time: 7.8741
After OOD adjustment: Training instances of last class: 0
After OOD adjustment: Testing instances of last class: 77
Epoch: 022, Runtime 0.135072, Loss 1.142503, forward nfe 0, backward nfe 0, Train: 0.9300, Val: 0.5413, Test: 0.5823, Best time: 7.8741
After OOD adjustment: Training instances of last class: 0
After OOD adjustment: Testing instances of last class: 77
Epoch: 023, Runtime 0.047396, Loss 1.117934, forward nfe 0, backward nfe 0, Train: 0.9300, Val: 0.5413, Test: 0.5823, Best time: 7.8741
After OOD adjustment: Training instances of last class: 0
After OOD adjustment: Testing instances of last class: 77
Epoch: 024, Runtime 0.046027, Loss 1.205892, forward nfe 0, backward nfe 0, Train: 0.9300, Val: 0.5413, Test: 0.5823, Best time: 7.8741
After OOD adjustment: Training instances of last class: 0
After OOD adjustment: Testing instances of last class: 77
Epoch: 025, Runtime 0.134511, Loss 1.090793, forward nfe 0, backward nfe 0, Train: 0.9600, Val: 0.5848, Test: 0.6048, Best time: 7.8741
After OOD adjustment: Training instances of last class: 0
After OOD adjustment: Testing instances of last class: 77
Epoch: 026, Runtime 0.133458, Loss 1.047746, forward nfe 0, backward nfe 0, Train: 0.9400, Val: 0.6029, Test: 0.6210, Best time: 7.8741
After OOD adjustment: Training instances of last class: 0
After OOD adjustment: Testing instances of last class: 77
Epoch: 027, Runtime 0.044131, Loss 1.123050, forward nfe 0, backward nfe 0, Train: 0.9400, Val: 0.6029, Test: 0.6210, Best time: 7.8741
After OOD adjustment: Training instances of last class: 0
After OOD adjustment: Testing instances of last class: 77
Epoch: 028, Runtime 0.043988, Loss 1.039332, forward nfe 0, backward nfe 0, Train: 0.9400, Val: 0.6029, Test: 0.6210, Best time: 7.8741
After OOD adjustment: Training instances of last class: 0
After OOD adjustment: Testing instances of last class: 77
Epoch: 029, Runtime 0.043303, Loss 1.011127, forward nfe 0, backward nfe 0, Train: 0.9400, Val: 0.6029, Test: 0.6210, Best time: 7.8741
After OOD adjustment: Training instances of last class: 0
After OOD adjustment: Testing instances of last class: 77
Epoch: 030, Runtime 0.044200, Loss 0.988794, forward nfe 0, backward nfe 0, Train: 0.9400, Val: 0.6029, Test: 0.6210, Best time: 7.8741
After OOD adjustment: Training instances of last class: 0
After OOD adjustment: Testing instances of last class: 77
Epoch: 031, Runtime 0.044091, Loss 0.966627, forward nfe 0, backward nfe 0, Train: 0.9400, Val: 0.6029, Test: 0.6210, Best time: 7.8741
After OOD adjustment: Training instances of last class: 0
After OOD adjustment: Testing instances of last class: 77
Epoch: 032, Runtime 0.045187, Loss 0.958521, forward nfe 0, backward nfe 0, Train: 0.9400, Val: 0.6029, Test: 0.6210, Best time: 7.8741
After OOD adjustment: Training instances of last class: 0
After OOD adjustment: Testing instances of last class: 77
Epoch: 033, Runtime 0.045338, Loss 0.934472, forward nfe 0, backward nfe 0, Train: 0.9400, Val: 0.6029, Test: 0.6210, Best time: 7.8741
After OOD adjustment: Training instances of last class: 0
After OOD adjustment: Testing instances of last class: 77
Epoch: 034, Runtime 0.044170, Loss 0.880563, forward nfe 0, backward nfe 0, Train: 0.9400, Val: 0.6029, Test: 0.6210, Best time: 7.8741
After OOD adjustment: Training instances of last class: 0
After OOD adjustment: Testing instances of last class: 77
Epoch: 035, Runtime 0.045699, Loss 0.925065, forward nfe 0, backward nfe 0, Train: 0.9400, Val: 0.6029, Test: 0.6210, Best time: 7.8741
After OOD adjustment: Training instances of last class: 0
After OOD adjustment: Testing instances of last class: 77
Epoch: 036, Runtime 0.045973, Loss 0.908305, forward nfe 0, backward nfe 0, Train: 0.9400, Val: 0.6029, Test: 0.6210, Best time: 7.8741
After OOD adjustment: Training instances of last class: 0
After OOD adjustment: Testing instances of last class: 77
Epoch: 037, Runtime 0.045243, Loss 0.850408, forward nfe 0, backward nfe 0, Train: 0.9400, Val: 0.6029, Test: 0.6210, Best time: 7.8741
After OOD adjustment: Training instances of last class: 0
After OOD adjustment: Testing instances of last class: 77
Epoch: 038, Runtime 0.044834, Loss 0.848149, forward nfe 0, backward nfe 0, Train: 0.9400, Val: 0.6029, Test: 0.6210, Best time: 7.8741
After OOD adjustment: Training instances of last class: 0
After OOD adjustment: Testing instances of last class: 77
Epoch: 039, Runtime 0.044353, Loss 0.812871, forward nfe 0, backward nfe 0, Train: 0.9400, Val: 0.6029, Test: 0.6210, Best time: 7.8741
After OOD adjustment: Training instances of last class: 0
After OOD adjustment: Testing instances of last class: 77
Epoch: 040, Runtime 0.044971, Loss 0.774863, forward nfe 0, backward nfe 0, Train: 0.9400, Val: 0.6029, Test: 0.6210, Best time: 7.8741
After OOD adjustment: Training instances of last class: 0
After OOD adjustment: Testing instances of last class: 77
Epoch: 041, Runtime 0.045293, Loss 0.823721, forward nfe 0, backward nfe 0, Train: 0.9400, Val: 0.6029, Test: 0.6210, Best time: 7.8741
After OOD adjustment: Training instances of last class: 0
After OOD adjustment: Testing instances of last class: 77
Epoch: 042, Runtime 0.043324, Loss 0.740314, forward nfe 0, backward nfe 0, Train: 0.9400, Val: 0.6029, Test: 0.6210, Best time: 7.8741
After OOD adjustment: Training instances of last class: 0
After OOD adjustment: Testing instances of last class: 77
Epoch: 043, Runtime 0.043386, Loss 0.699662, forward nfe 0, backward nfe 0, Train: 0.9400, Val: 0.6029, Test: 0.6210, Best time: 7.8741
After OOD adjustment: Training instances of last class: 0
After OOD adjustment: Testing instances of last class: 77
Epoch: 044, Runtime 0.133201, Loss 0.695975, forward nfe 0, backward nfe 0, Train: 0.9700, Val: 0.6094, Test: 0.6194, Best time: 7.8741
After OOD adjustment: Training instances of last class: 0
After OOD adjustment: Testing instances of last class: 77
Epoch: 045, Runtime 0.050886, Loss 0.706663, forward nfe 0, backward nfe 0, Train: 0.9700, Val: 0.6094, Test: 0.6194, Best time: 7.8741
After OOD adjustment: Training instances of last class: 0
After OOD adjustment: Testing instances of last class: 77
Epoch: 046, Runtime 0.049006, Loss 0.674675, forward nfe 0, backward nfe 0, Train: 0.9700, Val: 0.6094, Test: 0.6194, Best time: 7.8741
After OOD adjustment: Training instances of last class: 0
After OOD adjustment: Testing instances of last class: 77
Epoch: 047, Runtime 0.047994, Loss 0.703764, forward nfe 0, backward nfe 0, Train: 0.9700, Val: 0.6094, Test: 0.6194, Best time: 7.8741
After OOD adjustment: Training instances of last class: 0
After OOD adjustment: Testing instances of last class: 77
Epoch: 048, Runtime 0.049686, Loss 0.582856, forward nfe 0, backward nfe 0, Train: 0.9700, Val: 0.6094, Test: 0.6194, Best time: 7.8741
After OOD adjustment: Training instances of last class: 0
After OOD adjustment: Testing instances of last class: 77
Epoch: 049, Runtime 0.049453, Loss 0.633607, forward nfe 0, backward nfe 0, Train: 0.9700, Val: 0.6094, Test: 0.6194, Best time: 7.8741
After OOD adjustment: Training instances of last class: 0
After OOD adjustment: Testing instances of last class: 77
Epoch: 050, Runtime 0.049354, Loss 0.571321, forward nfe 0, backward nfe 0, Train: 0.9700, Val: 0.6094, Test: 0.6194, Best time: 7.8741
After OOD adjustment: Training instances of last class: 0
After OOD adjustment: Testing instances of last class: 77
Epoch: 051, Runtime 0.049572, Loss 0.587911, forward nfe 0, backward nfe 0, Train: 0.9700, Val: 0.6094, Test: 0.6194, Best time: 7.8741
After OOD adjustment: Training instances of last class: 0
After OOD adjustment: Testing instances of last class: 77
Epoch: 052, Runtime 0.049911, Loss 0.590924, forward nfe 0, backward nfe 0, Train: 0.9700, Val: 0.6094, Test: 0.6194, Best time: 7.8741
After OOD adjustment: Training instances of last class: 0
After OOD adjustment: Testing instances of last class: 77
Epoch: 053, Runtime 0.047739, Loss 0.564902, forward nfe 0, backward nfe 0, Train: 0.9700, Val: 0.6094, Test: 0.6194, Best time: 7.8741
After OOD adjustment: Training instances of last class: 0
After OOD adjustment: Testing instances of last class: 77
Epoch: 054, Runtime 0.049507, Loss 0.561534, forward nfe 0, backward nfe 0, Train: 0.9700, Val: 0.6094, Test: 0.6194, Best time: 7.8741
After OOD adjustment: Training instances of last class: 0
After OOD adjustment: Testing instances of last class: 77
Epoch: 055, Runtime 0.049850, Loss 0.599512, forward nfe 0, backward nfe 0, Train: 0.9700, Val: 0.6094, Test: 0.6194, Best time: 7.8741
After OOD adjustment: Training instances of last class: 0
After OOD adjustment: Testing instances of last class: 77
Epoch: 056, Runtime 0.050151, Loss 0.476803, forward nfe 0, backward nfe 0, Train: 0.9700, Val: 0.6094, Test: 0.6194, Best time: 7.8741
After OOD adjustment: Training instances of last class: 0
After OOD adjustment: Testing instances of last class: 77
Epoch: 057, Runtime 0.048742, Loss 0.467433, forward nfe 0, backward nfe 0, Train: 0.9700, Val: 0.6094, Test: 0.6194, Best time: 7.8741
After OOD adjustment: Training instances of last class: 0
After OOD adjustment: Testing instances of last class: 77
Epoch: 058, Runtime 0.049479, Loss 0.458818, forward nfe 0, backward nfe 0, Train: 0.9700, Val: 0.6094, Test: 0.6194, Best time: 7.8741
After OOD adjustment: Training instances of last class: 0
After OOD adjustment: Testing instances of last class: 77
Epoch: 059, Runtime 0.049425, Loss 0.452547, forward nfe 0, backward nfe 0, Train: 0.9700, Val: 0.6094, Test: 0.6194, Best time: 7.8741
After OOD adjustment: Training instances of last class: 0
After OOD adjustment: Testing instances of last class: 77
Epoch: 060, Runtime 0.049762, Loss 0.493233, forward nfe 0, backward nfe 0, Train: 0.9700, Val: 0.6094, Test: 0.6194, Best time: 7.8741
After OOD adjustment: Training instances of last class: 0
After OOD adjustment: Testing instances of last class: 77
Epoch: 061, Runtime 0.135890, Loss 0.415185, forward nfe 0, backward nfe 0, Train: 0.9700, Val: 0.6138, Test: 0.6242, Best time: 7.8741
After OOD adjustment: Training instances of last class: 0
After OOD adjustment: Testing instances of last class: 77
Epoch: 062, Runtime 0.050624, Loss 0.461187, forward nfe 0, backward nfe 0, Train: 0.9700, Val: 0.6138, Test: 0.6242, Best time: 7.8741
After OOD adjustment: Training instances of last class: 0
After OOD adjustment: Testing instances of last class: 77
Epoch: 063, Runtime 0.047619, Loss 0.398029, forward nfe 0, backward nfe 0, Train: 0.9700, Val: 0.6138, Test: 0.6242, Best time: 7.8741
After OOD adjustment: Training instances of last class: 0
After OOD adjustment: Testing instances of last class: 77
Epoch: 064, Runtime 0.043898, Loss 0.425696, forward nfe 0, backward nfe 0, Train: 0.9700, Val: 0.6138, Test: 0.6242, Best time: 7.8741
After OOD adjustment: Training instances of last class: 0
After OOD adjustment: Testing instances of last class: 77
Epoch: 065, Runtime 0.047393, Loss 0.412264, forward nfe 0, backward nfe 0, Train: 0.9700, Val: 0.6138, Test: 0.6242, Best time: 7.8741
After OOD adjustment: Training instances of last class: 0
After OOD adjustment: Testing instances of last class: 77
Epoch: 066, Runtime 0.136131, Loss 0.378362, forward nfe 0, backward nfe 0, Train: 0.9600, Val: 0.6268, Test: 0.6484, Best time: 7.8741
After OOD adjustment: Training instances of last class: 0
After OOD adjustment: Testing instances of last class: 77
Epoch: 067, Runtime 0.045100, Loss 0.336079, forward nfe 0, backward nfe 0, Train: 0.9600, Val: 0.6268, Test: 0.6484, Best time: 7.8741
After OOD adjustment: Training instances of last class: 0
After OOD adjustment: Testing instances of last class: 77
Epoch: 068, Runtime 0.048457, Loss 0.378808, forward nfe 0, backward nfe 0, Train: 0.9600, Val: 0.6268, Test: 0.6484, Best time: 7.8741
After OOD adjustment: Training instances of last class: 0
After OOD adjustment: Testing instances of last class: 77
Epoch: 069, Runtime 0.049289, Loss 0.307728, forward nfe 0, backward nfe 0, Train: 0.9600, Val: 0.6268, Test: 0.6484, Best time: 7.8741
After OOD adjustment: Training instances of last class: 0
After OOD adjustment: Testing instances of last class: 77
Epoch: 070, Runtime 0.049102, Loss 0.385504, forward nfe 0, backward nfe 0, Train: 0.9600, Val: 0.6268, Test: 0.6484, Best time: 7.8741
After OOD adjustment: Training instances of last class: 0
After OOD adjustment: Testing instances of last class: 77
Epoch: 071, Runtime 0.044188, Loss 0.344698, forward nfe 0, backward nfe 0, Train: 0.9600, Val: 0.6268, Test: 0.6484, Best time: 7.8741
After OOD adjustment: Training instances of last class: 0
After OOD adjustment: Testing instances of last class: 77
Epoch: 072, Runtime 0.050291, Loss 0.357479, forward nfe 0, backward nfe 0, Train: 0.9600, Val: 0.6268, Test: 0.6484, Best time: 7.8741
After OOD adjustment: Training instances of last class: 0
After OOD adjustment: Testing instances of last class: 77
Epoch: 073, Runtime 0.048687, Loss 0.306517, forward nfe 0, backward nfe 0, Train: 0.9600, Val: 0.6268, Test: 0.6484, Best time: 7.8741
After OOD adjustment: Training instances of last class: 0
After OOD adjustment: Testing instances of last class: 77
Epoch: 074, Runtime 0.049381, Loss 0.318784, forward nfe 0, backward nfe 0, Train: 0.9600, Val: 0.6268, Test: 0.6484, Best time: 7.8741
After OOD adjustment: Training instances of last class: 0
After OOD adjustment: Testing instances of last class: 77
Epoch: 075, Runtime 0.048288, Loss 0.274410, forward nfe 0, backward nfe 0, Train: 0.9600, Val: 0.6268, Test: 0.6484, Best time: 7.8741
After OOD adjustment: Training instances of last class: 0
After OOD adjustment: Testing instances of last class: 77
Epoch: 076, Runtime 0.048016, Loss 0.294139, forward nfe 0, backward nfe 0, Train: 0.9600, Val: 0.6268, Test: 0.6484, Best time: 7.8741
After OOD adjustment: Training instances of last class: 0
After OOD adjustment: Testing instances of last class: 77
Epoch: 077, Runtime 0.048769, Loss 0.311866, forward nfe 0, backward nfe 0, Train: 0.9600, Val: 0.6268, Test: 0.6484, Best time: 7.8741
After OOD adjustment: Training instances of last class: 0
After OOD adjustment: Testing instances of last class: 77
Epoch: 078, Runtime 0.048237, Loss 0.259345, forward nfe 0, backward nfe 0, Train: 0.9600, Val: 0.6268, Test: 0.6484, Best time: 7.8741
After OOD adjustment: Training instances of last class: 0
After OOD adjustment: Testing instances of last class: 77
Epoch: 079, Runtime 0.048626, Loss 0.261044, forward nfe 0, backward nfe 0, Train: 0.9600, Val: 0.6268, Test: 0.6484, Best time: 7.8741
After OOD adjustment: Training instances of last class: 0
After OOD adjustment: Testing instances of last class: 77
Epoch: 080, Runtime 0.048970, Loss 0.250759, forward nfe 0, backward nfe 0, Train: 0.9600, Val: 0.6268, Test: 0.6484, Best time: 7.8741
After OOD adjustment: Training instances of last class: 0
After OOD adjustment: Testing instances of last class: 77
Epoch: 081, Runtime 0.049446, Loss 0.266526, forward nfe 0, backward nfe 0, Train: 0.9600, Val: 0.6268, Test: 0.6484, Best time: 7.8741
After OOD adjustment: Training instances of last class: 0
After OOD adjustment: Testing instances of last class: 77
Epoch: 082, Runtime 0.048701, Loss 0.254223, forward nfe 0, backward nfe 0, Train: 0.9600, Val: 0.6268, Test: 0.6484, Best time: 7.8741
After OOD adjustment: Training instances of last class: 0
After OOD adjustment: Testing instances of last class: 77
Epoch: 083, Runtime 0.047898, Loss 0.212082, forward nfe 0, backward nfe 0, Train: 0.9600, Val: 0.6268, Test: 0.6484, Best time: 7.8741
After OOD adjustment: Training instances of last class: 0
After OOD adjustment: Testing instances of last class: 77
Epoch: 084, Runtime 0.048750, Loss 0.202671, forward nfe 0, backward nfe 0, Train: 0.9600, Val: 0.6268, Test: 0.6484, Best time: 7.8741
After OOD adjustment: Training instances of last class: 0
After OOD adjustment: Testing instances of last class: 77
Epoch: 085, Runtime 0.049226, Loss 0.225877, forward nfe 0, backward nfe 0, Train: 0.9600, Val: 0.6268, Test: 0.6484, Best time: 7.8741
After OOD adjustment: Training instances of last class: 0
After OOD adjustment: Testing instances of last class: 77
Epoch: 086, Runtime 0.048258, Loss 0.202668, forward nfe 0, backward nfe 0, Train: 0.9600, Val: 0.6268, Test: 0.6484, Best time: 7.8741
After OOD adjustment: Training instances of last class: 0
After OOD adjustment: Testing instances of last class: 77
Epoch: 087, Runtime 0.048076, Loss 0.178546, forward nfe 0, backward nfe 0, Train: 0.9600, Val: 0.6268, Test: 0.6484, Best time: 7.8741
After OOD adjustment: Training instances of last class: 0
After OOD adjustment: Testing instances of last class: 77
Epoch: 088, Runtime 0.049057, Loss 0.201339, forward nfe 0, backward nfe 0, Train: 0.9600, Val: 0.6268, Test: 0.6484, Best time: 7.8741
After OOD adjustment: Training instances of last class: 0
After OOD adjustment: Testing instances of last class: 77
Epoch: 089, Runtime 0.046620, Loss 0.194295, forward nfe 0, backward nfe 0, Train: 0.9600, Val: 0.6268, Test: 0.6484, Best time: 7.8741
After OOD adjustment: Training instances of last class: 0
After OOD adjustment: Testing instances of last class: 77
Epoch: 090, Runtime 0.048416, Loss 0.173782, forward nfe 0, backward nfe 0, Train: 0.9600, Val: 0.6268, Test: 0.6484, Best time: 7.8741
After OOD adjustment: Training instances of last class: 0
After OOD adjustment: Testing instances of last class: 77
Epoch: 091, Runtime 0.048678, Loss 0.198917, forward nfe 0, backward nfe 0, Train: 0.9600, Val: 0.6268, Test: 0.6484, Best time: 7.8741
After OOD adjustment: Training instances of last class: 0
After OOD adjustment: Testing instances of last class: 77
Epoch: 092, Runtime 0.048745, Loss 0.179082, forward nfe 0, backward nfe 0, Train: 0.9600, Val: 0.6268, Test: 0.6484, Best time: 7.8741
After OOD adjustment: Training instances of last class: 0
After OOD adjustment: Testing instances of last class: 77
Epoch: 093, Runtime 0.049159, Loss 0.169567, forward nfe 0, backward nfe 0, Train: 0.9600, Val: 0.6268, Test: 0.6484, Best time: 7.8741
After OOD adjustment: Training instances of last class: 0
After OOD adjustment: Testing instances of last class: 77
Epoch: 094, Runtime 0.048541, Loss 0.204735, forward nfe 0, backward nfe 0, Train: 0.9600, Val: 0.6268, Test: 0.6484, Best time: 7.8741
After OOD adjustment: Training instances of last class: 0
After OOD adjustment: Testing instances of last class: 77
Epoch: 095, Runtime 0.046633, Loss 0.139977, forward nfe 0, backward nfe 0, Train: 0.9600, Val: 0.6268, Test: 0.6484, Best time: 7.8741
After OOD adjustment: Training instances of last class: 0
After OOD adjustment: Testing instances of last class: 77
Epoch: 096, Runtime 0.048726, Loss 0.154983, forward nfe 0, backward nfe 0, Train: 0.9600, Val: 0.6268, Test: 0.6484, Best time: 7.8741
After OOD adjustment: Training instances of last class: 0
After OOD adjustment: Testing instances of last class: 77
Epoch: 097, Runtime 0.048390, Loss 0.137119, forward nfe 0, backward nfe 0, Train: 0.9600, Val: 0.6268, Test: 0.6484, Best time: 7.8741
After OOD adjustment: Training instances of last class: 0
After OOD adjustment: Testing instances of last class: 77
Epoch: 098, Runtime 0.049540, Loss 0.144883, forward nfe 0, backward nfe 0, Train: 0.9600, Val: 0.6268, Test: 0.6484, Best time: 7.8741
After OOD adjustment: Training instances of last class: 0
After OOD adjustment: Testing instances of last class: 77
Epoch: 099, Runtime 0.046430, Loss 0.142129, forward nfe 0, backward nfe 0, Train: 0.9600, Val: 0.6268, Test: 0.6484, Best time: 7.8741
best val accuracy 0.626812 with test accuracy 0.648387 at epoch 66 and best time 7.874113
base_directory resutls_prob/OOD_Citeseer
new_name:  bgcn_ODD
file_path 1 resutls_prob/OOD_Citeseer/bgcn_ODD_prediction_probabilities_86.npz
file_path 2 resutls_prob/OOD_Citeseer/bgcn_ODD_prediction_probabilities_86.npz
Entropy Threshold: inf Test accuracy: 0.635483870967742
Entropy Threshold: 2 Test accuracy: 0.6338709677419355
Entropy Threshold: 1.6 Test accuracy: 0.6187399030694669
Entropy Threshold: 1.5 Test accuracy: 0.6946107784431138
Entropy Threshold: 1.4 Test accuracy: 0.7621776504297995
Entropy Threshold: 1.3 Test accuracy: 0.7849056603773585
Entropy Threshold: 1.2 Test accuracy: 0.8181818181818182
Entropy Threshold: 1.1 Test accuracy: 0.8392857142857143
Entropy Threshold: 0.9 Test accuracy: 0.8214285714285714
Entropy Threshold: 0.8 Test accuracy: 0.8947368421052632
Entropy Threshold: 0.7 Test accuracy: 0.9666666666666667
Entropy Threshold: 0.6 Test accuracy: 0.9333333333333333
Entropy Threshold: 0.5 Test accuracy: 1.0
Entropy Threshold: 0.4 Test accuracy: 1.0
Entropy Threshold: 0.3 Test accuracy: 1.0
Entropy Threshold: 0.2 Test accuracy: None
Entropy Threshold: 0.1 Test accuracy: None
