[KeOps] Warning : cuda was detected, but driver API could not be initialized. Switching to cpu only.
Folder already exists: results/computers
experiment: 0
Dataset size (num_nodes): 13381, Intended development set size (num_development): 1500
Dataset size (num_nodes): 13381, Actual development set size (num_development): 1500
rations: train 200, val 1300, test 11881
Before OOD adjustment: Total instances of last class: 283
Before OOD adjustment: Training instances of last class: 20
Before OOD adjustment: Testing instances of last class: 257
Before OOD adjustment: Val instances of last class: 6
total train + val+ test 283
After OOD adjustment: Training instances of last class: 0
After OOD adjustment: Testing instances of last class: 257
Total number of classes: 10
number of classes to train: 9
MyGCN2(
  (conv1): GCNConv(767, 128)
  (conv4): GCNConv(128, 9)
)
conv1.bias
torch.Size([128])
conv1.lin.weight
torch.Size([128, 767])
conv4.bias
torch.Size([9])
conv4.lin.weight
torch.Size([9, 128])
After OOD adjustment: Training instances of last class: 0
After OOD adjustment: Testing instances of last class: 257
Epoch: 001, Runtime 0.788995, Loss 2.739537, forward nfe 0, backward nfe 0, Train: 0.0889, Val: 0.0500, Test: 0.0599, Best time: 3.2490
After OOD adjustment: Training instances of last class: 0
After OOD adjustment: Testing instances of last class: 257
Epoch: 002, Runtime 0.783007, Loss 2.322215, forward nfe 0, backward nfe 0, Train: 0.0889, Val: 0.0500, Test: 0.0599, Best time: 3.2490
After OOD adjustment: Training instances of last class: 0
After OOD adjustment: Testing instances of last class: 257
Epoch: 003, Runtime 0.888187, Loss 2.452908, forward nfe 0, backward nfe 0, Train: 0.1667, Val: 0.1154, Test: 0.1166, Best time: 3.2490
After OOD adjustment: Training instances of last class: 0
After OOD adjustment: Testing instances of last class: 257
Epoch: 004, Runtime 0.880765, Loss 2.381704, forward nfe 0, backward nfe 0, Train: 0.2944, Val: 0.2008, Test: 0.2082, Best time: 3.2490
After OOD adjustment: Training instances of last class: 0
After OOD adjustment: Testing instances of last class: 257
Epoch: 005, Runtime 0.788543, Loss 2.213153, forward nfe 0, backward nfe 0, Train: 0.2944, Val: 0.2008, Test: 0.2082, Best time: 3.2490
After OOD adjustment: Training instances of last class: 0
After OOD adjustment: Testing instances of last class: 257
Epoch: 006, Runtime 0.766841, Loss 2.060749, forward nfe 0, backward nfe 0, Train: 0.2944, Val: 0.2008, Test: 0.2082, Best time: 3.2490
After OOD adjustment: Training instances of last class: 0
After OOD adjustment: Testing instances of last class: 257
Epoch: 007, Runtime 0.766638, Loss 1.924079, forward nfe 0, backward nfe 0, Train: 0.2944, Val: 0.2008, Test: 0.2082, Best time: 3.2490
After OOD adjustment: Training instances of last class: 0
After OOD adjustment: Testing instances of last class: 257
Epoch: 008, Runtime 0.881361, Loss 1.827190, forward nfe 0, backward nfe 0, Train: 0.4000, Val: 0.2577, Test: 0.2817, Best time: 3.2490
After OOD adjustment: Training instances of last class: 0
After OOD adjustment: Testing instances of last class: 257
Epoch: 009, Runtime 0.786575, Loss 1.774532, forward nfe 0, backward nfe 0, Train: 0.4000, Val: 0.2577, Test: 0.2817, Best time: 3.2490
After OOD adjustment: Training instances of last class: 0
After OOD adjustment: Testing instances of last class: 257
Epoch: 010, Runtime 0.762371, Loss 1.732669, forward nfe 0, backward nfe 0, Train: 0.4000, Val: 0.2577, Test: 0.2817, Best time: 3.2490
After OOD adjustment: Training instances of last class: 0
After OOD adjustment: Testing instances of last class: 257
Epoch: 011, Runtime 0.904622, Loss 1.639577, forward nfe 0, backward nfe 0, Train: 0.6500, Val: 0.4769, Test: 0.4668, Best time: 3.2490
After OOD adjustment: Training instances of last class: 0
After OOD adjustment: Testing instances of last class: 257
Epoch: 012, Runtime 0.913186, Loss 1.573899, forward nfe 0, backward nfe 0, Train: 0.6833, Val: 0.5677, Test: 0.5707, Best time: 3.2490
After OOD adjustment: Training instances of last class: 0
After OOD adjustment: Testing instances of last class: 257
Epoch: 013, Runtime 0.910184, Loss 1.506159, forward nfe 0, backward nfe 0, Train: 0.7222, Val: 0.5992, Test: 0.5973, Best time: 3.2490
After OOD adjustment: Training instances of last class: 0
After OOD adjustment: Testing instances of last class: 257
Epoch: 014, Runtime 0.915681, Loss 1.444119, forward nfe 0, backward nfe 0, Train: 0.7278, Val: 0.6692, Test: 0.6568, Best time: 3.2490
After OOD adjustment: Training instances of last class: 0
After OOD adjustment: Testing instances of last class: 257
Epoch: 015, Runtime 0.939566, Loss 1.393514, forward nfe 0, backward nfe 0, Train: 0.7778, Val: 0.7254, Test: 0.7029, Best time: 3.2490
After OOD adjustment: Training instances of last class: 0
After OOD adjustment: Testing instances of last class: 257
Epoch: 016, Runtime 0.894943, Loss 1.341655, forward nfe 0, backward nfe 0, Train: 0.7278, Val: 0.7285, Test: 0.7017, Best time: 3.2490
After OOD adjustment: Training instances of last class: 0
After OOD adjustment: Testing instances of last class: 257
Epoch: 017, Runtime 0.924432, Loss 1.291848, forward nfe 0, backward nfe 0, Train: 0.7556, Val: 0.7369, Test: 0.7249, Best time: 3.2490
After OOD adjustment: Training instances of last class: 0
After OOD adjustment: Testing instances of last class: 257
Epoch: 018, Runtime 0.891282, Loss 1.243624, forward nfe 0, backward nfe 0, Train: 0.7611, Val: 0.7408, Test: 0.7266, Best time: 3.2490
After OOD adjustment: Training instances of last class: 0
After OOD adjustment: Testing instances of last class: 257
Epoch: 019, Runtime 0.793514, Loss 1.196288, forward nfe 0, backward nfe 0, Train: 0.7611, Val: 0.7408, Test: 0.7266, Best time: 3.2490
After OOD adjustment: Training instances of last class: 0
After OOD adjustment: Testing instances of last class: 257
Epoch: 020, Runtime 0.785233, Loss 1.155090, forward nfe 0, backward nfe 0, Train: 0.7611, Val: 0.7408, Test: 0.7266, Best time: 3.2490
After OOD adjustment: Training instances of last class: 0
After OOD adjustment: Testing instances of last class: 257
Epoch: 021, Runtime 0.767560, Loss 1.117147, forward nfe 0, backward nfe 0, Train: 0.7611, Val: 0.7408, Test: 0.7266, Best time: 3.2490
After OOD adjustment: Training instances of last class: 0
After OOD adjustment: Testing instances of last class: 257
Epoch: 022, Runtime 0.781836, Loss 1.078268, forward nfe 0, backward nfe 0, Train: 0.7611, Val: 0.7408, Test: 0.7266, Best time: 3.2490
After OOD adjustment: Training instances of last class: 0
After OOD adjustment: Testing instances of last class: 257
Epoch: 023, Runtime 0.941685, Loss 1.039644, forward nfe 0, backward nfe 0, Train: 0.8444, Val: 0.7554, Test: 0.7557, Best time: 3.2490
After OOD adjustment: Training instances of last class: 0
After OOD adjustment: Testing instances of last class: 257
Epoch: 024, Runtime 0.904552, Loss 1.003152, forward nfe 0, backward nfe 0, Train: 0.8778, Val: 0.7862, Test: 0.7722, Best time: 3.2490
After OOD adjustment: Training instances of last class: 0
After OOD adjustment: Testing instances of last class: 257
Epoch: 025, Runtime 0.927631, Loss 0.970454, forward nfe 0, backward nfe 0, Train: 0.8778, Val: 0.7931, Test: 0.7856, Best time: 3.2490
After OOD adjustment: Training instances of last class: 0
After OOD adjustment: Testing instances of last class: 257
Epoch: 026, Runtime 0.787299, Loss 0.942652, forward nfe 0, backward nfe 0, Train: 0.8778, Val: 0.7931, Test: 0.7856, Best time: 3.2490
After OOD adjustment: Training instances of last class: 0
After OOD adjustment: Testing instances of last class: 257
Epoch: 027, Runtime 0.781982, Loss 0.917554, forward nfe 0, backward nfe 0, Train: 0.8778, Val: 0.7931, Test: 0.7856, Best time: 3.2490
After OOD adjustment: Training instances of last class: 0
After OOD adjustment: Testing instances of last class: 257
Epoch: 028, Runtime 0.914459, Loss 0.890585, forward nfe 0, backward nfe 0, Train: 0.8833, Val: 0.8000, Test: 0.7964, Best time: 3.2490
After OOD adjustment: Training instances of last class: 0
After OOD adjustment: Testing instances of last class: 257
Epoch: 029, Runtime 0.903089, Loss 0.860357, forward nfe 0, backward nfe 0, Train: 0.8778, Val: 0.8131, Test: 0.8041, Best time: 3.2490
After OOD adjustment: Training instances of last class: 0
After OOD adjustment: Testing instances of last class: 257
Epoch: 030, Runtime 0.907408, Loss 0.830625, forward nfe 0, backward nfe 0, Train: 0.8833, Val: 0.8177, Test: 0.8054, Best time: 3.2490
After OOD adjustment: Training instances of last class: 0
After OOD adjustment: Testing instances of last class: 257
Epoch: 031, Runtime 0.785711, Loss 0.805030, forward nfe 0, backward nfe 0, Train: 0.8833, Val: 0.8177, Test: 0.8054, Best time: 3.2490
After OOD adjustment: Training instances of last class: 0
After OOD adjustment: Testing instances of last class: 257
Epoch: 032, Runtime 0.769299, Loss 0.783619, forward nfe 0, backward nfe 0, Train: 0.8833, Val: 0.8177, Test: 0.8054, Best time: 3.2490
After OOD adjustment: Training instances of last class: 0
After OOD adjustment: Testing instances of last class: 257
Epoch: 033, Runtime 0.771846, Loss 0.764605, forward nfe 0, backward nfe 0, Train: 0.8833, Val: 0.8177, Test: 0.8054, Best time: 3.2490
After OOD adjustment: Training instances of last class: 0
After OOD adjustment: Testing instances of last class: 257
Epoch: 034, Runtime 0.773452, Loss 0.745938, forward nfe 0, backward nfe 0, Train: 0.8833, Val: 0.8177, Test: 0.8054, Best time: 3.2490
After OOD adjustment: Training instances of last class: 0
After OOD adjustment: Testing instances of last class: 257
Epoch: 035, Runtime 0.791573, Loss 0.726333, forward nfe 0, backward nfe 0, Train: 0.8833, Val: 0.8177, Test: 0.8054, Best time: 3.2490
After OOD adjustment: Training instances of last class: 0
After OOD adjustment: Testing instances of last class: 257
Epoch: 036, Runtime 0.783571, Loss 0.706275, forward nfe 0, backward nfe 0, Train: 0.8833, Val: 0.8177, Test: 0.8054, Best time: 3.2490
After OOD adjustment: Training instances of last class: 0
After OOD adjustment: Testing instances of last class: 257
Epoch: 037, Runtime 0.777361, Loss 0.686961, forward nfe 0, backward nfe 0, Train: 0.8833, Val: 0.8177, Test: 0.8054, Best time: 3.2490
After OOD adjustment: Training instances of last class: 0
After OOD adjustment: Testing instances of last class: 257
Epoch: 038, Runtime 0.796748, Loss 0.668812, forward nfe 0, backward nfe 0, Train: 0.8833, Val: 0.8177, Test: 0.8054, Best time: 3.2490
After OOD adjustment: Training instances of last class: 0
After OOD adjustment: Testing instances of last class: 257
Epoch: 039, Runtime 0.805487, Loss 0.651972, forward nfe 0, backward nfe 0, Train: 0.8833, Val: 0.8177, Test: 0.8054, Best time: 3.2490
After OOD adjustment: Training instances of last class: 0
After OOD adjustment: Testing instances of last class: 257
Epoch: 040, Runtime 0.791784, Loss 0.636624, forward nfe 0, backward nfe 0, Train: 0.8833, Val: 0.8177, Test: 0.8054, Best time: 3.2490
After OOD adjustment: Training instances of last class: 0
After OOD adjustment: Testing instances of last class: 257
Epoch: 041, Runtime 0.792651, Loss 0.622294, forward nfe 0, backward nfe 0, Train: 0.8833, Val: 0.8177, Test: 0.8054, Best time: 3.2490
After OOD adjustment: Training instances of last class: 0
After OOD adjustment: Testing instances of last class: 257
Epoch: 042, Runtime 0.806589, Loss 0.608340, forward nfe 0, backward nfe 0, Train: 0.8833, Val: 0.8177, Test: 0.8054, Best time: 3.2490
After OOD adjustment: Training instances of last class: 0
After OOD adjustment: Testing instances of last class: 257
Epoch: 043, Runtime 0.779562, Loss 0.594720, forward nfe 0, backward nfe 0, Train: 0.8833, Val: 0.8177, Test: 0.8054, Best time: 3.2490
After OOD adjustment: Training instances of last class: 0
After OOD adjustment: Testing instances of last class: 257
Epoch: 044, Runtime 0.804496, Loss 0.581587, forward nfe 0, backward nfe 0, Train: 0.8833, Val: 0.8177, Test: 0.8054, Best time: 3.2490
After OOD adjustment: Training instances of last class: 0
After OOD adjustment: Testing instances of last class: 257
Epoch: 045, Runtime 0.777345, Loss 0.568933, forward nfe 0, backward nfe 0, Train: 0.8833, Val: 0.8177, Test: 0.8054, Best time: 3.2490
After OOD adjustment: Training instances of last class: 0
After OOD adjustment: Testing instances of last class: 257
Epoch: 046, Runtime 0.788894, Loss 0.556826, forward nfe 0, backward nfe 0, Train: 0.8833, Val: 0.8177, Test: 0.8054, Best time: 3.2490
After OOD adjustment: Training instances of last class: 0
After OOD adjustment: Testing instances of last class: 257
Epoch: 047, Runtime 0.779447, Loss 0.545306, forward nfe 0, backward nfe 0, Train: 0.8833, Val: 0.8177, Test: 0.8054, Best time: 3.2490
After OOD adjustment: Training instances of last class: 0
After OOD adjustment: Testing instances of last class: 257
Epoch: 048, Runtime 0.786584, Loss 0.534257, forward nfe 0, backward nfe 0, Train: 0.8833, Val: 0.8177, Test: 0.8054, Best time: 3.2490
After OOD adjustment: Training instances of last class: 0
After OOD adjustment: Testing instances of last class: 257
Epoch: 049, Runtime 0.785856, Loss 0.523648, forward nfe 0, backward nfe 0, Train: 0.8833, Val: 0.8177, Test: 0.8054, Best time: 3.2490
After OOD adjustment: Training instances of last class: 0
After OOD adjustment: Testing instances of last class: 257
Epoch: 050, Runtime 0.780022, Loss 0.513464, forward nfe 0, backward nfe 0, Train: 0.8833, Val: 0.8177, Test: 0.8054, Best time: 3.2490
After OOD adjustment: Training instances of last class: 0
After OOD adjustment: Testing instances of last class: 257
Epoch: 051, Runtime 0.771996, Loss 0.503584, forward nfe 0, backward nfe 0, Train: 0.8833, Val: 0.8177, Test: 0.8054, Best time: 3.2490
After OOD adjustment: Training instances of last class: 0
After OOD adjustment: Testing instances of last class: 257
Epoch: 052, Runtime 0.764439, Loss 0.494069, forward nfe 0, backward nfe 0, Train: 0.8833, Val: 0.8177, Test: 0.8054, Best time: 3.2490
After OOD adjustment: Training instances of last class: 0
After OOD adjustment: Testing instances of last class: 257
Epoch: 053, Runtime 0.781609, Loss 0.485089, forward nfe 0, backward nfe 0, Train: 0.8833, Val: 0.8177, Test: 0.8054, Best time: 3.2490
After OOD adjustment: Training instances of last class: 0
After OOD adjustment: Testing instances of last class: 257
Epoch: 054, Runtime 0.796724, Loss 0.476610, forward nfe 0, backward nfe 0, Train: 0.8833, Val: 0.8177, Test: 0.8054, Best time: 3.2490
After OOD adjustment: Training instances of last class: 0
After OOD adjustment: Testing instances of last class: 257
Epoch: 055, Runtime 0.802938, Loss 0.468491, forward nfe 0, backward nfe 0, Train: 0.8833, Val: 0.8177, Test: 0.8054, Best time: 3.2490
After OOD adjustment: Training instances of last class: 0
After OOD adjustment: Testing instances of last class: 257
Epoch: 056, Runtime 0.793113, Loss 0.460605, forward nfe 0, backward nfe 0, Train: 0.8833, Val: 0.8177, Test: 0.8054, Best time: 3.2490
After OOD adjustment: Training instances of last class: 0
After OOD adjustment: Testing instances of last class: 257
Epoch: 057, Runtime 0.785140, Loss 0.452851, forward nfe 0, backward nfe 0, Train: 0.8833, Val: 0.8177, Test: 0.8054, Best time: 3.2490
After OOD adjustment: Training instances of last class: 0
After OOD adjustment: Testing instances of last class: 257
Epoch: 058, Runtime 0.778813, Loss 0.445276, forward nfe 0, backward nfe 0, Train: 0.8833, Val: 0.8177, Test: 0.8054, Best time: 3.2490
After OOD adjustment: Training instances of last class: 0
After OOD adjustment: Testing instances of last class: 257
Epoch: 059, Runtime 0.787295, Loss 0.438001, forward nfe 0, backward nfe 0, Train: 0.8833, Val: 0.8177, Test: 0.8054, Best time: 3.2490
After OOD adjustment: Training instances of last class: 0
After OOD adjustment: Testing instances of last class: 257
Epoch: 060, Runtime 0.766500, Loss 0.431024, forward nfe 0, backward nfe 0, Train: 0.8833, Val: 0.8177, Test: 0.8054, Best time: 3.2490
After OOD adjustment: Training instances of last class: 0
After OOD adjustment: Testing instances of last class: 257
Epoch: 061, Runtime 0.775872, Loss 0.424303, forward nfe 0, backward nfe 0, Train: 0.8833, Val: 0.8177, Test: 0.8054, Best time: 3.2490
After OOD adjustment: Training instances of last class: 0
After OOD adjustment: Testing instances of last class: 257
Epoch: 062, Runtime 0.777865, Loss 0.417828, forward nfe 0, backward nfe 0, Train: 0.8833, Val: 0.8177, Test: 0.8054, Best time: 3.2490
After OOD adjustment: Training instances of last class: 0
After OOD adjustment: Testing instances of last class: 257
Epoch: 063, Runtime 0.777740, Loss 0.411571, forward nfe 0, backward nfe 0, Train: 0.8833, Val: 0.8177, Test: 0.8054, Best time: 3.2490
After OOD adjustment: Training instances of last class: 0
After OOD adjustment: Testing instances of last class: 257
Epoch: 064, Runtime 0.764320, Loss 0.405520, forward nfe 0, backward nfe 0, Train: 0.8833, Val: 0.8177, Test: 0.8054, Best time: 3.2490
After OOD adjustment: Training instances of last class: 0
After OOD adjustment: Testing instances of last class: 257
Epoch: 065, Runtime 0.778238, Loss 0.399673, forward nfe 0, backward nfe 0, Train: 0.8833, Val: 0.8177, Test: 0.8054, Best time: 3.2490
After OOD adjustment: Training instances of last class: 0
After OOD adjustment: Testing instances of last class: 257
Epoch: 066, Runtime 0.777621, Loss 0.393984, forward nfe 0, backward nfe 0, Train: 0.8833, Val: 0.8177, Test: 0.8054, Best time: 3.2490
After OOD adjustment: Training instances of last class: 0
After OOD adjustment: Testing instances of last class: 257
Epoch: 067, Runtime 0.778744, Loss 0.388449, forward nfe 0, backward nfe 0, Train: 0.8833, Val: 0.8177, Test: 0.8054, Best time: 3.2490
After OOD adjustment: Training instances of last class: 0
After OOD adjustment: Testing instances of last class: 257
Epoch: 068, Runtime 0.776488, Loss 0.383094, forward nfe 0, backward nfe 0, Train: 0.8833, Val: 0.8177, Test: 0.8054, Best time: 3.2490
After OOD adjustment: Training instances of last class: 0
After OOD adjustment: Testing instances of last class: 257
Epoch: 069, Runtime 0.764247, Loss 0.377915, forward nfe 0, backward nfe 0, Train: 0.8833, Val: 0.8177, Test: 0.8054, Best time: 3.2490
After OOD adjustment: Training instances of last class: 0
After OOD adjustment: Testing instances of last class: 257
Epoch: 070, Runtime 0.775662, Loss 0.372897, forward nfe 0, backward nfe 0, Train: 0.8833, Val: 0.8177, Test: 0.8054, Best time: 3.2490
After OOD adjustment: Training instances of last class: 0
After OOD adjustment: Testing instances of last class: 257
Epoch: 071, Runtime 0.762993, Loss 0.368016, forward nfe 0, backward nfe 0, Train: 0.8833, Val: 0.8177, Test: 0.8054, Best time: 3.2490
After OOD adjustment: Training instances of last class: 0
After OOD adjustment: Testing instances of last class: 257
Epoch: 072, Runtime 0.759626, Loss 0.363237, forward nfe 0, backward nfe 0, Train: 0.8833, Val: 0.8177, Test: 0.8054, Best time: 3.2490
After OOD adjustment: Training instances of last class: 0
After OOD adjustment: Testing instances of last class: 257
Epoch: 073, Runtime 0.767200, Loss 0.358569, forward nfe 0, backward nfe 0, Train: 0.8833, Val: 0.8177, Test: 0.8054, Best time: 3.2490
After OOD adjustment: Training instances of last class: 0
After OOD adjustment: Testing instances of last class: 257
Epoch: 074, Runtime 0.776904, Loss 0.354033, forward nfe 0, backward nfe 0, Train: 0.8833, Val: 0.8177, Test: 0.8054, Best time: 3.2490
After OOD adjustment: Training instances of last class: 0
After OOD adjustment: Testing instances of last class: 257
Epoch: 075, Runtime 0.764403, Loss 0.349632, forward nfe 0, backward nfe 0, Train: 0.8833, Val: 0.8177, Test: 0.8054, Best time: 3.2490
After OOD adjustment: Training instances of last class: 0
After OOD adjustment: Testing instances of last class: 257
Epoch: 076, Runtime 0.760993, Loss 0.345364, forward nfe 0, backward nfe 0, Train: 0.8833, Val: 0.8177, Test: 0.8054, Best time: 3.2490
After OOD adjustment: Training instances of last class: 0
After OOD adjustment: Testing instances of last class: 257
Epoch: 077, Runtime 0.762875, Loss 0.341213, forward nfe 0, backward nfe 0, Train: 0.8833, Val: 0.8177, Test: 0.8054, Best time: 3.2490
After OOD adjustment: Training instances of last class: 0
After OOD adjustment: Testing instances of last class: 257
Epoch: 078, Runtime 0.760926, Loss 0.337158, forward nfe 0, backward nfe 0, Train: 0.8833, Val: 0.8177, Test: 0.8054, Best time: 3.2490
After OOD adjustment: Training instances of last class: 0
After OOD adjustment: Testing instances of last class: 257
Epoch: 079, Runtime 0.771016, Loss 0.333198, forward nfe 0, backward nfe 0, Train: 0.8833, Val: 0.8177, Test: 0.8054, Best time: 3.2490
After OOD adjustment: Training instances of last class: 0
After OOD adjustment: Testing instances of last class: 257
Epoch: 080, Runtime 0.765786, Loss 0.329330, forward nfe 0, backward nfe 0, Train: 0.8833, Val: 0.8177, Test: 0.8054, Best time: 3.2490
After OOD adjustment: Training instances of last class: 0
After OOD adjustment: Testing instances of last class: 257
Epoch: 081, Runtime 0.776095, Loss 0.325553, forward nfe 0, backward nfe 0, Train: 0.8833, Val: 0.8177, Test: 0.8054, Best time: 3.2490
After OOD adjustment: Training instances of last class: 0
After OOD adjustment: Testing instances of last class: 257
Epoch: 082, Runtime 0.768125, Loss 0.321867, forward nfe 0, backward nfe 0, Train: 0.8833, Val: 0.8177, Test: 0.8054, Best time: 3.2490
After OOD adjustment: Training instances of last class: 0
After OOD adjustment: Testing instances of last class: 257
Epoch: 083, Runtime 0.776048, Loss 0.318263, forward nfe 0, backward nfe 0, Train: 0.8833, Val: 0.8177, Test: 0.8054, Best time: 3.2490
After OOD adjustment: Training instances of last class: 0
After OOD adjustment: Testing instances of last class: 257
Epoch: 084, Runtime 0.764174, Loss 0.314741, forward nfe 0, backward nfe 0, Train: 0.8833, Val: 0.8177, Test: 0.8054, Best time: 3.2490
After OOD adjustment: Training instances of last class: 0
After OOD adjustment: Testing instances of last class: 257
Epoch: 085, Runtime 0.761302, Loss 0.311300, forward nfe 0, backward nfe 0, Train: 0.8833, Val: 0.8177, Test: 0.8054, Best time: 3.2490
After OOD adjustment: Training instances of last class: 0
After OOD adjustment: Testing instances of last class: 257
Epoch: 086, Runtime 0.762517, Loss 0.307936, forward nfe 0, backward nfe 0, Train: 0.8833, Val: 0.8177, Test: 0.8054, Best time: 3.2490
After OOD adjustment: Training instances of last class: 0
After OOD adjustment: Testing instances of last class: 257
Epoch: 087, Runtime 0.760107, Loss 0.304647, forward nfe 0, backward nfe 0, Train: 0.8833, Val: 0.8177, Test: 0.8054, Best time: 3.2490
After OOD adjustment: Training instances of last class: 0
After OOD adjustment: Testing instances of last class: 257
Epoch: 088, Runtime 0.773933, Loss 0.301426, forward nfe 0, backward nfe 0, Train: 0.8833, Val: 0.8177, Test: 0.8054, Best time: 3.2490
After OOD adjustment: Training instances of last class: 0
After OOD adjustment: Testing instances of last class: 257
Epoch: 089, Runtime 0.759773, Loss 0.298270, forward nfe 0, backward nfe 0, Train: 0.8833, Val: 0.8177, Test: 0.8054, Best time: 3.2490
After OOD adjustment: Training instances of last class: 0
After OOD adjustment: Testing instances of last class: 257
Epoch: 090, Runtime 0.760312, Loss 0.295180, forward nfe 0, backward nfe 0, Train: 0.8833, Val: 0.8177, Test: 0.8054, Best time: 3.2490
After OOD adjustment: Training instances of last class: 0
After OOD adjustment: Testing instances of last class: 257
Epoch: 091, Runtime 0.776287, Loss 0.292154, forward nfe 0, backward nfe 0, Train: 0.8833, Val: 0.8177, Test: 0.8054, Best time: 3.2490
After OOD adjustment: Training instances of last class: 0
After OOD adjustment: Testing instances of last class: 257
Epoch: 092, Runtime 0.759411, Loss 0.289193, forward nfe 0, backward nfe 0, Train: 0.8833, Val: 0.8177, Test: 0.8054, Best time: 3.2490
After OOD adjustment: Training instances of last class: 0
After OOD adjustment: Testing instances of last class: 257
Epoch: 093, Runtime 0.776420, Loss 0.286294, forward nfe 0, backward nfe 0, Train: 0.8833, Val: 0.8177, Test: 0.8054, Best time: 3.2490
After OOD adjustment: Training instances of last class: 0
After OOD adjustment: Testing instances of last class: 257
Epoch: 094, Runtime 0.759668, Loss 0.283451, forward nfe 0, backward nfe 0, Train: 0.8833, Val: 0.8177, Test: 0.8054, Best time: 3.2490
After OOD adjustment: Training instances of last class: 0
After OOD adjustment: Testing instances of last class: 257
Epoch: 095, Runtime 0.776965, Loss 0.280663, forward nfe 0, backward nfe 0, Train: 0.8833, Val: 0.8177, Test: 0.8054, Best time: 3.2490
After OOD adjustment: Training instances of last class: 0
After OOD adjustment: Testing instances of last class: 257
Epoch: 096, Runtime 0.763894, Loss 0.277927, forward nfe 0, backward nfe 0, Train: 0.8833, Val: 0.8177, Test: 0.8054, Best time: 3.2490
After OOD adjustment: Training instances of last class: 0
After OOD adjustment: Testing instances of last class: 257
Epoch: 097, Runtime 0.774881, Loss 0.275243, forward nfe 0, backward nfe 0, Train: 0.8833, Val: 0.8177, Test: 0.8054, Best time: 3.2490
After OOD adjustment: Training instances of last class: 0
After OOD adjustment: Testing instances of last class: 257
Epoch: 098, Runtime 0.760753, Loss 0.272610, forward nfe 0, backward nfe 0, Train: 0.8833, Val: 0.8177, Test: 0.8054, Best time: 3.2490
After OOD adjustment: Training instances of last class: 0
After OOD adjustment: Testing instances of last class: 257
Epoch: 099, Runtime 0.777651, Loss 0.270025, forward nfe 0, backward nfe 0, Train: 0.8833, Val: 0.8177, Test: 0.8054, Best time: 3.2490
best val accuracy 0.817692 with test accuracy 0.805404 at epoch 30 and best time 3.249016
base_directory resutls_prob/OOD_Computers
new_name:  gnn_ODD
file_path 1 resutls_prob/OOD_Computers/gnn_ODD_prediction_probabilities_88.npz
file_path 2 resutls_prob/OOD_Computers/gnn_ODD_prediction_probabilities_88.npz
Entropy Threshold: inf Test accuracy: 0.8054035855567713
Entropy Threshold: 2 Test accuracy: 0.8604651162790697
Entropy Threshold: 1.6 Test accuracy: 0.8956677774929506
Entropy Threshold: 1.5 Test accuracy: 0.8945556946182729
Entropy Threshold: 1.4 Test accuracy: 0.8857818038597873
Entropy Threshold: 1.3 Test accuracy: 0.8763144717075614
Entropy Threshold: 1.2 Test accuracy: 0.8713304184884447
Entropy Threshold: 1.1 Test accuracy: 0.8698738170347003
Entropy Threshold: 0.9 Test accuracy: 0.9028169014084507
Entropy Threshold: 0.8 Test accuracy: 0.9325626204238922
Entropy Threshold: 0.7 Test accuracy: 0.9468085106382979
Entropy Threshold: 0.6 Test accuracy: 0.9479553903345725
Entropy Threshold: 0.5 Test accuracy: 0.9647058823529412
Entropy Threshold: 0.4 Test accuracy: 0.9484536082474226
Entropy Threshold: 0.3 Test accuracy: 0.9298245614035088
Entropy Threshold: 0.2 Test accuracy: 0.88
Entropy Threshold: 0.1 Test accuracy: 0.9166666666666666
