[KeOps] Warning : cuda was detected, but driver API could not be initialized. Switching to cpu only.
Folder already exists: results/computers
experiment: 0
Dataset size (num_nodes): 13381, Intended development set size (num_development): 1500
Dataset size (num_nodes): 13381, Actual development set size (num_development): 1500
rations: train 200, val 1300, test 11881
Before OOD adjustment: Total instances of last class: 283
Before OOD adjustment: Training instances of last class: 20
Before OOD adjustment: Testing instances of last class: 257
Before OOD adjustment: Val instances of last class: 6
total train + val+ test 283
After OOD adjustment: Training instances of last class: 0
After OOD adjustment: Testing instances of last class: 257
Total number of classes: 10
number of classes to train: 9
MyGCN2(
  (conv1): GCNConv(767, 128)
  (conv4): GCNConv(128, 9)
)
conv1.bias
torch.Size([128])
conv1.lin.weight
torch.Size([128, 767])
conv4.bias
torch.Size([9])
conv4.lin.weight
torch.Size([9, 128])
After OOD adjustment: Training instances of last class: 0
After OOD adjustment: Testing instances of last class: 257
Epoch: 001, Runtime 0.774188, Loss 2.276273, forward nfe 0, backward nfe 0, Train: 0.1444, Val: 0.1123, Test: 0.1184, Best time: 3.2490
After OOD adjustment: Training instances of last class: 0
After OOD adjustment: Testing instances of last class: 257
Epoch: 002, Runtime 0.885304, Loss 2.287048, forward nfe 0, backward nfe 0, Train: 0.1611, Val: 0.1915, Test: 0.1667, Best time: 3.2490
After OOD adjustment: Training instances of last class: 0
After OOD adjustment: Testing instances of last class: 257
Epoch: 003, Runtime 0.743917, Loss 2.132429, forward nfe 0, backward nfe 0, Train: 0.1611, Val: 0.1915, Test: 0.1667, Best time: 3.2490
After OOD adjustment: Training instances of last class: 0
After OOD adjustment: Testing instances of last class: 257
Epoch: 004, Runtime 0.739434, Loss 1.915061, forward nfe 0, backward nfe 0, Train: 0.1611, Val: 0.1915, Test: 0.1667, Best time: 3.2490
After OOD adjustment: Training instances of last class: 0
After OOD adjustment: Testing instances of last class: 257
Epoch: 005, Runtime 0.872186, Loss 1.879814, forward nfe 0, backward nfe 0, Train: 0.4778, Val: 0.2831, Test: 0.2990, Best time: 3.2490
After OOD adjustment: Training instances of last class: 0
After OOD adjustment: Testing instances of last class: 257
Epoch: 006, Runtime 0.872821, Loss 1.784374, forward nfe 0, backward nfe 0, Train: 0.5333, Val: 0.3169, Test: 0.3217, Best time: 3.2490
After OOD adjustment: Training instances of last class: 0
After OOD adjustment: Testing instances of last class: 257
Epoch: 007, Runtime 0.867205, Loss 1.678225, forward nfe 0, backward nfe 0, Train: 0.7667, Val: 0.4769, Test: 0.4897, Best time: 3.2490
After OOD adjustment: Training instances of last class: 0
After OOD adjustment: Testing instances of last class: 257
Epoch: 008, Runtime 0.876477, Loss 1.578139, forward nfe 0, backward nfe 0, Train: 0.7056, Val: 0.6377, Test: 0.6148, Best time: 3.2490
After OOD adjustment: Training instances of last class: 0
After OOD adjustment: Testing instances of last class: 257
Epoch: 009, Runtime 0.863132, Loss 1.515109, forward nfe 0, backward nfe 0, Train: 0.7278, Val: 0.7108, Test: 0.6845, Best time: 3.2490
After OOD adjustment: Training instances of last class: 0
After OOD adjustment: Testing instances of last class: 257
Epoch: 010, Runtime 0.753406, Loss 1.446697, forward nfe 0, backward nfe 0, Train: 0.7278, Val: 0.7108, Test: 0.6845, Best time: 3.2490
After OOD adjustment: Training instances of last class: 0
After OOD adjustment: Testing instances of last class: 257
Epoch: 011, Runtime 0.752679, Loss 1.376139, forward nfe 0, backward nfe 0, Train: 0.7278, Val: 0.7108, Test: 0.6845, Best time: 3.2490
After OOD adjustment: Training instances of last class: 0
After OOD adjustment: Testing instances of last class: 257
Epoch: 012, Runtime 0.746466, Loss 1.315192, forward nfe 0, backward nfe 0, Train: 0.7278, Val: 0.7108, Test: 0.6845, Best time: 3.2490
After OOD adjustment: Training instances of last class: 0
After OOD adjustment: Testing instances of last class: 257
Epoch: 013, Runtime 0.754064, Loss 1.250679, forward nfe 0, backward nfe 0, Train: 0.7278, Val: 0.7108, Test: 0.6845, Best time: 3.2490
After OOD adjustment: Training instances of last class: 0
After OOD adjustment: Testing instances of last class: 257
Epoch: 014, Runtime 0.751545, Loss 1.185352, forward nfe 0, backward nfe 0, Train: 0.7278, Val: 0.7108, Test: 0.6845, Best time: 3.2490
After OOD adjustment: Training instances of last class: 0
After OOD adjustment: Testing instances of last class: 257
Epoch: 015, Runtime 0.753256, Loss 1.134099, forward nfe 0, backward nfe 0, Train: 0.7278, Val: 0.7108, Test: 0.6845, Best time: 3.2490
After OOD adjustment: Training instances of last class: 0
After OOD adjustment: Testing instances of last class: 257
Epoch: 016, Runtime 0.752732, Loss 1.091322, forward nfe 0, backward nfe 0, Train: 0.7278, Val: 0.7108, Test: 0.6845, Best time: 3.2490
After OOD adjustment: Training instances of last class: 0
After OOD adjustment: Testing instances of last class: 257
Epoch: 017, Runtime 0.748338, Loss 1.046088, forward nfe 0, backward nfe 0, Train: 0.7278, Val: 0.7108, Test: 0.6845, Best time: 3.2490
After OOD adjustment: Training instances of last class: 0
After OOD adjustment: Testing instances of last class: 257
Epoch: 018, Runtime 0.876112, Loss 0.999941, forward nfe 0, backward nfe 0, Train: 0.8778, Val: 0.7546, Test: 0.7437, Best time: 3.2490
After OOD adjustment: Training instances of last class: 0
After OOD adjustment: Testing instances of last class: 257
Epoch: 019, Runtime 0.878033, Loss 0.953566, forward nfe 0, backward nfe 0, Train: 0.8778, Val: 0.8000, Test: 0.7839, Best time: 3.2490
After OOD adjustment: Training instances of last class: 0
After OOD adjustment: Testing instances of last class: 257
Epoch: 020, Runtime 0.863793, Loss 0.914543, forward nfe 0, backward nfe 0, Train: 0.8833, Val: 0.8123, Test: 0.7970, Best time: 3.2490
After OOD adjustment: Training instances of last class: 0
After OOD adjustment: Testing instances of last class: 257
Epoch: 021, Runtime 0.742186, Loss 0.883916, forward nfe 0, backward nfe 0, Train: 0.8833, Val: 0.8123, Test: 0.7970, Best time: 3.2490
After OOD adjustment: Training instances of last class: 0
After OOD adjustment: Testing instances of last class: 257
Epoch: 022, Runtime 0.753271, Loss 0.852818, forward nfe 0, backward nfe 0, Train: 0.8833, Val: 0.8123, Test: 0.7970, Best time: 3.2490
After OOD adjustment: Training instances of last class: 0
After OOD adjustment: Testing instances of last class: 257
Epoch: 023, Runtime 0.753451, Loss 0.819466, forward nfe 0, backward nfe 0, Train: 0.8833, Val: 0.8123, Test: 0.7970, Best time: 3.2490
After OOD adjustment: Training instances of last class: 0
After OOD adjustment: Testing instances of last class: 257
Epoch: 024, Runtime 0.753639, Loss 0.788025, forward nfe 0, backward nfe 0, Train: 0.8833, Val: 0.8123, Test: 0.7970, Best time: 3.2490
After OOD adjustment: Training instances of last class: 0
After OOD adjustment: Testing instances of last class: 257
Epoch: 025, Runtime 0.739122, Loss 0.758869, forward nfe 0, backward nfe 0, Train: 0.8833, Val: 0.8123, Test: 0.7970, Best time: 3.2490
After OOD adjustment: Training instances of last class: 0
After OOD adjustment: Testing instances of last class: 257
Epoch: 026, Runtime 0.740878, Loss 0.732056, forward nfe 0, backward nfe 0, Train: 0.8833, Val: 0.8123, Test: 0.7970, Best time: 3.2490
After OOD adjustment: Training instances of last class: 0
After OOD adjustment: Testing instances of last class: 257
Epoch: 027, Runtime 0.760671, Loss 0.709378, forward nfe 0, backward nfe 0, Train: 0.8833, Val: 0.8123, Test: 0.7970, Best time: 3.2490
After OOD adjustment: Training instances of last class: 0
After OOD adjustment: Testing instances of last class: 257
Epoch: 028, Runtime 0.761381, Loss 0.688218, forward nfe 0, backward nfe 0, Train: 0.8833, Val: 0.8123, Test: 0.7970, Best time: 3.2490
After OOD adjustment: Training instances of last class: 0
After OOD adjustment: Testing instances of last class: 257
Epoch: 029, Runtime 0.752099, Loss 0.666309, forward nfe 0, backward nfe 0, Train: 0.8833, Val: 0.8123, Test: 0.7970, Best time: 3.2490
After OOD adjustment: Training instances of last class: 0
After OOD adjustment: Testing instances of last class: 257
Epoch: 030, Runtime 0.753785, Loss 0.645095, forward nfe 0, backward nfe 0, Train: 0.8833, Val: 0.8123, Test: 0.7970, Best time: 3.2490
After OOD adjustment: Training instances of last class: 0
After OOD adjustment: Testing instances of last class: 257
Epoch: 031, Runtime 0.752776, Loss 0.624547, forward nfe 0, backward nfe 0, Train: 0.8833, Val: 0.8123, Test: 0.7970, Best time: 3.2490
After OOD adjustment: Training instances of last class: 0
After OOD adjustment: Testing instances of last class: 257
Epoch: 032, Runtime 0.752664, Loss 0.605693, forward nfe 0, backward nfe 0, Train: 0.8833, Val: 0.8123, Test: 0.7970, Best time: 3.2490
After OOD adjustment: Training instances of last class: 0
After OOD adjustment: Testing instances of last class: 257
Epoch: 033, Runtime 0.762140, Loss 0.589394, forward nfe 0, backward nfe 0, Train: 0.8833, Val: 0.8123, Test: 0.7970, Best time: 3.2490
After OOD adjustment: Training instances of last class: 0
After OOD adjustment: Testing instances of last class: 257
Epoch: 034, Runtime 0.751614, Loss 0.573735, forward nfe 0, backward nfe 0, Train: 0.8833, Val: 0.8123, Test: 0.7970, Best time: 3.2490
After OOD adjustment: Training instances of last class: 0
After OOD adjustment: Testing instances of last class: 257
Epoch: 035, Runtime 0.750247, Loss 0.558692, forward nfe 0, backward nfe 0, Train: 0.8833, Val: 0.8123, Test: 0.7970, Best time: 3.2490
After OOD adjustment: Training instances of last class: 0
After OOD adjustment: Testing instances of last class: 257
Epoch: 036, Runtime 0.752957, Loss 0.544635, forward nfe 0, backward nfe 0, Train: 0.8833, Val: 0.8123, Test: 0.7970, Best time: 3.2490
After OOD adjustment: Training instances of last class: 0
After OOD adjustment: Testing instances of last class: 257
Epoch: 037, Runtime 0.753196, Loss 0.530474, forward nfe 0, backward nfe 0, Train: 0.8833, Val: 0.8123, Test: 0.7970, Best time: 3.2490
After OOD adjustment: Training instances of last class: 0
After OOD adjustment: Testing instances of last class: 257
Epoch: 038, Runtime 0.752785, Loss 0.516819, forward nfe 0, backward nfe 0, Train: 0.8833, Val: 0.8123, Test: 0.7970, Best time: 3.2490
After OOD adjustment: Training instances of last class: 0
After OOD adjustment: Testing instances of last class: 257
Epoch: 039, Runtime 0.741493, Loss 0.504334, forward nfe 0, backward nfe 0, Train: 0.8833, Val: 0.8123, Test: 0.7970, Best time: 3.2490
After OOD adjustment: Training instances of last class: 0
After OOD adjustment: Testing instances of last class: 257
Epoch: 040, Runtime 0.753180, Loss 0.492523, forward nfe 0, backward nfe 0, Train: 0.8833, Val: 0.8123, Test: 0.7970, Best time: 3.2490
After OOD adjustment: Training instances of last class: 0
After OOD adjustment: Testing instances of last class: 257
Epoch: 041, Runtime 0.753720, Loss 0.481729, forward nfe 0, backward nfe 0, Train: 0.8833, Val: 0.8123, Test: 0.7970, Best time: 3.2490
After OOD adjustment: Training instances of last class: 0
After OOD adjustment: Testing instances of last class: 257
Epoch: 042, Runtime 0.764820, Loss 0.471530, forward nfe 0, backward nfe 0, Train: 0.8833, Val: 0.8123, Test: 0.7970, Best time: 3.2490
After OOD adjustment: Training instances of last class: 0
After OOD adjustment: Testing instances of last class: 257
Epoch: 043, Runtime 0.754955, Loss 0.461347, forward nfe 0, backward nfe 0, Train: 0.8833, Val: 0.8123, Test: 0.7970, Best time: 3.2490
After OOD adjustment: Training instances of last class: 0
After OOD adjustment: Testing instances of last class: 257
Epoch: 044, Runtime 0.753502, Loss 0.451736, forward nfe 0, backward nfe 0, Train: 0.8833, Val: 0.8123, Test: 0.7970, Best time: 3.2490
After OOD adjustment: Training instances of last class: 0
After OOD adjustment: Testing instances of last class: 257
Epoch: 045, Runtime 0.742913, Loss 0.442481, forward nfe 0, backward nfe 0, Train: 0.8833, Val: 0.8123, Test: 0.7970, Best time: 3.2490
After OOD adjustment: Training instances of last class: 0
After OOD adjustment: Testing instances of last class: 257
Epoch: 046, Runtime 0.754156, Loss 0.433467, forward nfe 0, backward nfe 0, Train: 0.8833, Val: 0.8123, Test: 0.7970, Best time: 3.2490
After OOD adjustment: Training instances of last class: 0
After OOD adjustment: Testing instances of last class: 257
Epoch: 047, Runtime 0.746400, Loss 0.425062, forward nfe 0, backward nfe 0, Train: 0.8833, Val: 0.8123, Test: 0.7970, Best time: 3.2490
After OOD adjustment: Training instances of last class: 0
After OOD adjustment: Testing instances of last class: 257
Epoch: 048, Runtime 0.753171, Loss 0.417015, forward nfe 0, backward nfe 0, Train: 0.8833, Val: 0.8123, Test: 0.7970, Best time: 3.2490
After OOD adjustment: Training instances of last class: 0
After OOD adjustment: Testing instances of last class: 257
Epoch: 049, Runtime 0.763159, Loss 0.409426, forward nfe 0, backward nfe 0, Train: 0.8833, Val: 0.8123, Test: 0.7970, Best time: 3.2490
After OOD adjustment: Training instances of last class: 0
After OOD adjustment: Testing instances of last class: 257
Epoch: 050, Runtime 0.753528, Loss 0.402266, forward nfe 0, backward nfe 0, Train: 0.8833, Val: 0.8123, Test: 0.7970, Best time: 3.2490
After OOD adjustment: Training instances of last class: 0
After OOD adjustment: Testing instances of last class: 257
Epoch: 051, Runtime 0.753181, Loss 0.395161, forward nfe 0, backward nfe 0, Train: 0.8833, Val: 0.8123, Test: 0.7970, Best time: 3.2490
After OOD adjustment: Training instances of last class: 0
After OOD adjustment: Testing instances of last class: 257
Epoch: 052, Runtime 0.753659, Loss 0.388331, forward nfe 0, backward nfe 0, Train: 0.8833, Val: 0.8123, Test: 0.7970, Best time: 3.2490
After OOD adjustment: Training instances of last class: 0
After OOD adjustment: Testing instances of last class: 257
Epoch: 053, Runtime 0.753627, Loss 0.381752, forward nfe 0, backward nfe 0, Train: 0.8833, Val: 0.8123, Test: 0.7970, Best time: 3.2490
After OOD adjustment: Training instances of last class: 0
After OOD adjustment: Testing instances of last class: 257
Epoch: 054, Runtime 0.743230, Loss 0.375387, forward nfe 0, backward nfe 0, Train: 0.8833, Val: 0.8123, Test: 0.7970, Best time: 3.2490
After OOD adjustment: Training instances of last class: 0
After OOD adjustment: Testing instances of last class: 257
Epoch: 055, Runtime 0.740730, Loss 0.369381, forward nfe 0, backward nfe 0, Train: 0.8833, Val: 0.8123, Test: 0.7970, Best time: 3.2490
After OOD adjustment: Training instances of last class: 0
After OOD adjustment: Testing instances of last class: 257
Epoch: 056, Runtime 0.762419, Loss 0.363548, forward nfe 0, backward nfe 0, Train: 0.8833, Val: 0.8123, Test: 0.7970, Best time: 3.2490
After OOD adjustment: Training instances of last class: 0
After OOD adjustment: Testing instances of last class: 257
Epoch: 057, Runtime 0.751995, Loss 0.357957, forward nfe 0, backward nfe 0, Train: 0.8833, Val: 0.8123, Test: 0.7970, Best time: 3.2490
After OOD adjustment: Training instances of last class: 0
After OOD adjustment: Testing instances of last class: 257
Epoch: 058, Runtime 0.755843, Loss 0.352602, forward nfe 0, backward nfe 0, Train: 0.8833, Val: 0.8123, Test: 0.7970, Best time: 3.2490
After OOD adjustment: Training instances of last class: 0
After OOD adjustment: Testing instances of last class: 257
Epoch: 059, Runtime 0.753847, Loss 0.347341, forward nfe 0, backward nfe 0, Train: 0.8833, Val: 0.8123, Test: 0.7970, Best time: 3.2490
After OOD adjustment: Training instances of last class: 0
After OOD adjustment: Testing instances of last class: 257
Epoch: 060, Runtime 0.742623, Loss 0.342258, forward nfe 0, backward nfe 0, Train: 0.8833, Val: 0.8123, Test: 0.7970, Best time: 3.2490
After OOD adjustment: Training instances of last class: 0
After OOD adjustment: Testing instances of last class: 257
Epoch: 061, Runtime 0.760306, Loss 0.337289, forward nfe 0, backward nfe 0, Train: 0.8833, Val: 0.8123, Test: 0.7970, Best time: 3.2490
After OOD adjustment: Training instances of last class: 0
After OOD adjustment: Testing instances of last class: 257
Epoch: 062, Runtime 0.753176, Loss 0.332495, forward nfe 0, backward nfe 0, Train: 0.8833, Val: 0.8123, Test: 0.7970, Best time: 3.2490
After OOD adjustment: Training instances of last class: 0
After OOD adjustment: Testing instances of last class: 257
Epoch: 063, Runtime 0.740392, Loss 0.327914, forward nfe 0, backward nfe 0, Train: 0.8833, Val: 0.8123, Test: 0.7970, Best time: 3.2490
After OOD adjustment: Training instances of last class: 0
After OOD adjustment: Testing instances of last class: 257
Epoch: 064, Runtime 0.754025, Loss 0.323449, forward nfe 0, backward nfe 0, Train: 0.8833, Val: 0.8123, Test: 0.7970, Best time: 3.2490
After OOD adjustment: Training instances of last class: 0
After OOD adjustment: Testing instances of last class: 257
Epoch: 065, Runtime 0.741268, Loss 0.319142, forward nfe 0, backward nfe 0, Train: 0.8833, Val: 0.8123, Test: 0.7970, Best time: 3.2490
After OOD adjustment: Training instances of last class: 0
After OOD adjustment: Testing instances of last class: 257
Epoch: 066, Runtime 0.763301, Loss 0.314934, forward nfe 0, backward nfe 0, Train: 0.8833, Val: 0.8123, Test: 0.7970, Best time: 3.2490
After OOD adjustment: Training instances of last class: 0
After OOD adjustment: Testing instances of last class: 257
Epoch: 067, Runtime 0.752573, Loss 0.310838, forward nfe 0, backward nfe 0, Train: 0.8833, Val: 0.8123, Test: 0.7970, Best time: 3.2490
After OOD adjustment: Training instances of last class: 0
After OOD adjustment: Testing instances of last class: 257
Epoch: 068, Runtime 0.742847, Loss 0.306869, forward nfe 0, backward nfe 0, Train: 0.8833, Val: 0.8123, Test: 0.7970, Best time: 3.2490
After OOD adjustment: Training instances of last class: 0
After OOD adjustment: Testing instances of last class: 257
Epoch: 069, Runtime 0.753437, Loss 0.302972, forward nfe 0, backward nfe 0, Train: 0.8833, Val: 0.8123, Test: 0.7970, Best time: 3.2490
After OOD adjustment: Training instances of last class: 0
After OOD adjustment: Testing instances of last class: 257
Epoch: 070, Runtime 0.754423, Loss 0.299194, forward nfe 0, backward nfe 0, Train: 0.8833, Val: 0.8123, Test: 0.7970, Best time: 3.2490
After OOD adjustment: Training instances of last class: 0
After OOD adjustment: Testing instances of last class: 257
Epoch: 071, Runtime 0.753532, Loss 0.295506, forward nfe 0, backward nfe 0, Train: 0.8833, Val: 0.8123, Test: 0.7970, Best time: 3.2490
After OOD adjustment: Training instances of last class: 0
After OOD adjustment: Testing instances of last class: 257
Epoch: 072, Runtime 0.755042, Loss 0.291931, forward nfe 0, backward nfe 0, Train: 0.8833, Val: 0.8123, Test: 0.7970, Best time: 3.2490
After OOD adjustment: Training instances of last class: 0
After OOD adjustment: Testing instances of last class: 257
Epoch: 073, Runtime 0.742612, Loss 0.288458, forward nfe 0, backward nfe 0, Train: 0.8833, Val: 0.8123, Test: 0.7970, Best time: 3.2490
After OOD adjustment: Training instances of last class: 0
After OOD adjustment: Testing instances of last class: 257
Epoch: 074, Runtime 0.761603, Loss 0.285057, forward nfe 0, backward nfe 0, Train: 0.8833, Val: 0.8123, Test: 0.7970, Best time: 3.2490
After OOD adjustment: Training instances of last class: 0
After OOD adjustment: Testing instances of last class: 257
Epoch: 075, Runtime 0.763394, Loss 0.281744, forward nfe 0, backward nfe 0, Train: 0.8833, Val: 0.8123, Test: 0.7970, Best time: 3.2490
After OOD adjustment: Training instances of last class: 0
After OOD adjustment: Testing instances of last class: 257
Epoch: 076, Runtime 0.752610, Loss 0.278494, forward nfe 0, backward nfe 0, Train: 0.8833, Val: 0.8123, Test: 0.7970, Best time: 3.2490
After OOD adjustment: Training instances of last class: 0
After OOD adjustment: Testing instances of last class: 257
Epoch: 077, Runtime 0.763103, Loss 0.275328, forward nfe 0, backward nfe 0, Train: 0.8833, Val: 0.8123, Test: 0.7970, Best time: 3.2490
After OOD adjustment: Training instances of last class: 0
After OOD adjustment: Testing instances of last class: 257
Epoch: 078, Runtime 0.753322, Loss 0.272231, forward nfe 0, backward nfe 0, Train: 0.8833, Val: 0.8123, Test: 0.7970, Best time: 3.2490
After OOD adjustment: Training instances of last class: 0
After OOD adjustment: Testing instances of last class: 257
Epoch: 079, Runtime 0.743281, Loss 0.269202, forward nfe 0, backward nfe 0, Train: 0.8833, Val: 0.8123, Test: 0.7970, Best time: 3.2490
After OOD adjustment: Training instances of last class: 0
After OOD adjustment: Testing instances of last class: 257
Epoch: 080, Runtime 0.746402, Loss 0.266245, forward nfe 0, backward nfe 0, Train: 0.8833, Val: 0.8123, Test: 0.7970, Best time: 3.2490
After OOD adjustment: Training instances of last class: 0
After OOD adjustment: Testing instances of last class: 257
Epoch: 081, Runtime 0.754756, Loss 0.263350, forward nfe 0, backward nfe 0, Train: 0.8833, Val: 0.8123, Test: 0.7970, Best time: 3.2490
After OOD adjustment: Training instances of last class: 0
After OOD adjustment: Testing instances of last class: 257
Epoch: 082, Runtime 0.755750, Loss 0.260527, forward nfe 0, backward nfe 0, Train: 0.8833, Val: 0.8123, Test: 0.7970, Best time: 3.2490
After OOD adjustment: Training instances of last class: 0
After OOD adjustment: Testing instances of last class: 257
Epoch: 083, Runtime 0.753306, Loss 0.257756, forward nfe 0, backward nfe 0, Train: 0.8833, Val: 0.8123, Test: 0.7970, Best time: 3.2490
After OOD adjustment: Training instances of last class: 0
After OOD adjustment: Testing instances of last class: 257
Epoch: 084, Runtime 0.752928, Loss 0.255045, forward nfe 0, backward nfe 0, Train: 0.8833, Val: 0.8123, Test: 0.7970, Best time: 3.2490
After OOD adjustment: Training instances of last class: 0
After OOD adjustment: Testing instances of last class: 257
Epoch: 085, Runtime 0.762649, Loss 0.252383, forward nfe 0, backward nfe 0, Train: 0.8833, Val: 0.8123, Test: 0.7970, Best time: 3.2490
After OOD adjustment: Training instances of last class: 0
After OOD adjustment: Testing instances of last class: 257
Epoch: 086, Runtime 0.753467, Loss 0.249777, forward nfe 0, backward nfe 0, Train: 0.8833, Val: 0.8123, Test: 0.7970, Best time: 3.2490
After OOD adjustment: Training instances of last class: 0
After OOD adjustment: Testing instances of last class: 257
Epoch: 087, Runtime 0.754686, Loss 0.247224, forward nfe 0, backward nfe 0, Train: 0.8833, Val: 0.8123, Test: 0.7970, Best time: 3.2490
After OOD adjustment: Training instances of last class: 0
After OOD adjustment: Testing instances of last class: 257
Epoch: 088, Runtime 0.753783, Loss 0.244721, forward nfe 0, backward nfe 0, Train: 0.8833, Val: 0.8123, Test: 0.7970, Best time: 3.2490
After OOD adjustment: Training instances of last class: 0
After OOD adjustment: Testing instances of last class: 257
Epoch: 089, Runtime 0.754503, Loss 0.242269, forward nfe 0, backward nfe 0, Train: 0.8833, Val: 0.8123, Test: 0.7970, Best time: 3.2490
After OOD adjustment: Training instances of last class: 0
After OOD adjustment: Testing instances of last class: 257
Epoch: 090, Runtime 0.753065, Loss 0.239861, forward nfe 0, backward nfe 0, Train: 0.8833, Val: 0.8123, Test: 0.7970, Best time: 3.2490
After OOD adjustment: Training instances of last class: 0
After OOD adjustment: Testing instances of last class: 257
Epoch: 091, Runtime 0.754665, Loss 0.237502, forward nfe 0, backward nfe 0, Train: 0.8833, Val: 0.8123, Test: 0.7970, Best time: 3.2490
After OOD adjustment: Training instances of last class: 0
After OOD adjustment: Testing instances of last class: 257
Epoch: 092, Runtime 0.747226, Loss 0.235184, forward nfe 0, backward nfe 0, Train: 0.8833, Val: 0.8123, Test: 0.7970, Best time: 3.2490
After OOD adjustment: Training instances of last class: 0
After OOD adjustment: Testing instances of last class: 257
Epoch: 093, Runtime 0.759842, Loss 0.232910, forward nfe 0, backward nfe 0, Train: 0.8833, Val: 0.8123, Test: 0.7970, Best time: 3.2490
After OOD adjustment: Training instances of last class: 0
After OOD adjustment: Testing instances of last class: 257
Epoch: 094, Runtime 0.753345, Loss 0.230674, forward nfe 0, backward nfe 0, Train: 0.8833, Val: 0.8123, Test: 0.7970, Best time: 3.2490
After OOD adjustment: Training instances of last class: 0
After OOD adjustment: Testing instances of last class: 257
Epoch: 095, Runtime 0.743860, Loss 0.228479, forward nfe 0, backward nfe 0, Train: 0.8833, Val: 0.8123, Test: 0.7970, Best time: 3.2490
After OOD adjustment: Training instances of last class: 0
After OOD adjustment: Testing instances of last class: 257
Epoch: 096, Runtime 0.753149, Loss 0.226322, forward nfe 0, backward nfe 0, Train: 0.8833, Val: 0.8123, Test: 0.7970, Best time: 3.2490
After OOD adjustment: Training instances of last class: 0
After OOD adjustment: Testing instances of last class: 257
Epoch: 097, Runtime 0.754497, Loss 0.224204, forward nfe 0, backward nfe 0, Train: 0.8833, Val: 0.8123, Test: 0.7970, Best time: 3.2490
After OOD adjustment: Training instances of last class: 0
After OOD adjustment: Testing instances of last class: 257
Epoch: 098, Runtime 0.754188, Loss 0.222122, forward nfe 0, backward nfe 0, Train: 0.8833, Val: 0.8123, Test: 0.7970, Best time: 3.2490
After OOD adjustment: Training instances of last class: 0
After OOD adjustment: Testing instances of last class: 257
Epoch: 099, Runtime 0.753694, Loss 0.220075, forward nfe 0, backward nfe 0, Train: 0.8833, Val: 0.8123, Test: 0.7970, Best time: 3.2490
best val accuracy 0.812308 with test accuracy 0.796987 at epoch 20 and best time 3.249016
base_directory resutls_prob/OOD_Computers
new_name:  gnn_ODD
file_path 1 resutls_prob/OOD_Computers/gnn_ODD_prediction_probabilities_43.npz
file_path 2 resutls_prob/OOD_Computers/gnn_ODD_prediction_probabilities_43.npz
Entropy Threshold: inf Test accuracy: 0.7969867856241057
Entropy Threshold: 2 Test accuracy: 0.849857302394838
Entropy Threshold: 1.6 Test accuracy: 0.8806550097141271
Entropy Threshold: 1.5 Test accuracy: 0.8872764090448869
Entropy Threshold: 1.4 Test accuracy: 0.8792595708876736
Entropy Threshold: 1.3 Test accuracy: 0.8726977248104009
Entropy Threshold: 1.2 Test accuracy: 0.8704883227176221
Entropy Threshold: 1.1 Test accuracy: 0.8774740810556079
Entropy Threshold: 0.9 Test accuracy: 0.9070208728652751
Entropy Threshold: 0.8 Test accuracy: 0.936046511627907
Entropy Threshold: 0.7 Test accuracy: 0.9576271186440678
Entropy Threshold: 0.6 Test accuracy: 0.9487179487179487
Entropy Threshold: 0.5 Test accuracy: 0.9423076923076923
Entropy Threshold: 0.4 Test accuracy: 0.9090909090909091
Entropy Threshold: 0.3 Test accuracy: 0.9047619047619048
Entropy Threshold: 0.2 Test accuracy: 0.8888888888888888
Entropy Threshold: 0.1 Test accuracy: 0.8333333333333334
