[KeOps] Warning : cuda was detected, but driver API could not be initialized. Switching to cpu only.
Folder already exists: results/computers
experiment: 0
Dataset size (num_nodes): 13381, Intended development set size (num_development): 1500
Dataset size (num_nodes): 13381, Actual development set size (num_development): 1500
rations: train 200, val 1300, test 11881
Before OOD adjustment: Total instances of last class: 283
Before OOD adjustment: Training instances of last class: 20
Before OOD adjustment: Testing instances of last class: 257
Before OOD adjustment: Val instances of last class: 6
total train + val+ test 283
After OOD adjustment: Training instances of last class: 0
After OOD adjustment: Testing instances of last class: 257
Total number of classes: 10
number of classes to train: 9
MyGCN2(
  (conv1): GCNConv(767, 128)
  (conv4): GCNConv(128, 9)
)
conv1.bias
torch.Size([128])
conv1.lin.weight
torch.Size([128, 767])
conv4.bias
torch.Size([9])
conv4.lin.weight
torch.Size([9, 128])
After OOD adjustment: Training instances of last class: 0
After OOD adjustment: Testing instances of last class: 257
Epoch: 001, Runtime 0.830247, Loss 2.694211, forward nfe 0, backward nfe 0, Train: 0.1000, Val: 0.1131, Test: 0.1149, Best time: 3.2490
After OOD adjustment: Training instances of last class: 0
After OOD adjustment: Testing instances of last class: 257
Epoch: 002, Runtime 0.785669, Loss 2.419054, forward nfe 0, backward nfe 0, Train: 0.1000, Val: 0.1131, Test: 0.1149, Best time: 3.2490
After OOD adjustment: Training instances of last class: 0
After OOD adjustment: Testing instances of last class: 257
Epoch: 003, Runtime 0.795395, Loss 2.487575, forward nfe 0, backward nfe 0, Train: 0.1000, Val: 0.1131, Test: 0.1149, Best time: 3.2490
After OOD adjustment: Training instances of last class: 0
After OOD adjustment: Testing instances of last class: 257
Epoch: 004, Runtime 0.975525, Loss 2.408069, forward nfe 0, backward nfe 0, Train: 0.1889, Val: 0.1238, Test: 0.1351, Best time: 3.2490
After OOD adjustment: Training instances of last class: 0
After OOD adjustment: Testing instances of last class: 257
Epoch: 005, Runtime 0.951635, Loss 2.300946, forward nfe 0, backward nfe 0, Train: 0.3778, Val: 0.2654, Test: 0.2788, Best time: 3.2490
After OOD adjustment: Training instances of last class: 0
After OOD adjustment: Testing instances of last class: 257
Epoch: 006, Runtime 0.810848, Loss 2.145894, forward nfe 0, backward nfe 0, Train: 0.3778, Val: 0.2654, Test: 0.2788, Best time: 3.2490
After OOD adjustment: Training instances of last class: 0
After OOD adjustment: Testing instances of last class: 257
Epoch: 007, Runtime 0.975203, Loss 1.978832, forward nfe 0, backward nfe 0, Train: 0.5500, Val: 0.3285, Test: 0.3474, Best time: 3.2490
After OOD adjustment: Training instances of last class: 0
After OOD adjustment: Testing instances of last class: 257
Epoch: 008, Runtime 0.952535, Loss 1.823715, forward nfe 0, backward nfe 0, Train: 0.6222, Val: 0.6123, Test: 0.6142, Best time: 3.2490
After OOD adjustment: Training instances of last class: 0
After OOD adjustment: Testing instances of last class: 257
Epoch: 009, Runtime 0.810590, Loss 1.724517, forward nfe 0, backward nfe 0, Train: 0.6222, Val: 0.6123, Test: 0.6142, Best time: 3.2490
After OOD adjustment: Training instances of last class: 0
After OOD adjustment: Testing instances of last class: 257
Epoch: 010, Runtime 0.809168, Loss 1.724325, forward nfe 0, backward nfe 0, Train: 0.6222, Val: 0.6123, Test: 0.6142, Best time: 3.2490
After OOD adjustment: Training instances of last class: 0
After OOD adjustment: Testing instances of last class: 257
Epoch: 011, Runtime 0.786780, Loss 1.673209, forward nfe 0, backward nfe 0, Train: 0.6222, Val: 0.6123, Test: 0.6142, Best time: 3.2490
After OOD adjustment: Training instances of last class: 0
After OOD adjustment: Testing instances of last class: 257
Epoch: 012, Runtime 0.938155, Loss 1.565311, forward nfe 0, backward nfe 0, Train: 0.5833, Val: 0.6754, Test: 0.6664, Best time: 3.2490
After OOD adjustment: Training instances of last class: 0
After OOD adjustment: Testing instances of last class: 257
Epoch: 013, Runtime 0.951126, Loss 1.471112, forward nfe 0, backward nfe 0, Train: 0.7278, Val: 0.7285, Test: 0.7192, Best time: 3.2490
After OOD adjustment: Training instances of last class: 0
After OOD adjustment: Testing instances of last class: 257
Epoch: 014, Runtime 0.795473, Loss 1.397676, forward nfe 0, backward nfe 0, Train: 0.7278, Val: 0.7285, Test: 0.7192, Best time: 3.2490
After OOD adjustment: Training instances of last class: 0
After OOD adjustment: Testing instances of last class: 257
Epoch: 015, Runtime 0.787044, Loss 1.350324, forward nfe 0, backward nfe 0, Train: 0.7278, Val: 0.7285, Test: 0.7192, Best time: 3.2490
After OOD adjustment: Training instances of last class: 0
After OOD adjustment: Testing instances of last class: 257
Epoch: 016, Runtime 0.794385, Loss 1.312670, forward nfe 0, backward nfe 0, Train: 0.7278, Val: 0.7285, Test: 0.7192, Best time: 3.2490
After OOD adjustment: Training instances of last class: 0
After OOD adjustment: Testing instances of last class: 257
Epoch: 017, Runtime 0.801674, Loss 1.271390, forward nfe 0, backward nfe 0, Train: 0.7278, Val: 0.7285, Test: 0.7192, Best time: 3.2490
After OOD adjustment: Training instances of last class: 0
After OOD adjustment: Testing instances of last class: 257
Epoch: 018, Runtime 0.801118, Loss 1.224533, forward nfe 0, backward nfe 0, Train: 0.7278, Val: 0.7285, Test: 0.7192, Best time: 3.2490
After OOD adjustment: Training instances of last class: 0
After OOD adjustment: Testing instances of last class: 257
Epoch: 019, Runtime 0.811010, Loss 1.171874, forward nfe 0, backward nfe 0, Train: 0.7278, Val: 0.7285, Test: 0.7192, Best time: 3.2490
After OOD adjustment: Training instances of last class: 0
After OOD adjustment: Testing instances of last class: 257
Epoch: 020, Runtime 0.961201, Loss 1.115509, forward nfe 0, backward nfe 0, Train: 0.8500, Val: 0.7438, Test: 0.7383, Best time: 3.2490
After OOD adjustment: Training instances of last class: 0
After OOD adjustment: Testing instances of last class: 257
Epoch: 021, Runtime 0.954637, Loss 1.064336, forward nfe 0, backward nfe 0, Train: 0.8667, Val: 0.7715, Test: 0.7684, Best time: 3.2490
After OOD adjustment: Training instances of last class: 0
After OOD adjustment: Testing instances of last class: 257
Epoch: 022, Runtime 0.773692, Loss 1.025764, forward nfe 0, backward nfe 0, Train: 0.8667, Val: 0.7715, Test: 0.7684, Best time: 3.2490
After OOD adjustment: Training instances of last class: 0
After OOD adjustment: Testing instances of last class: 257
Epoch: 023, Runtime 0.787077, Loss 0.998939, forward nfe 0, backward nfe 0, Train: 0.8667, Val: 0.7715, Test: 0.7684, Best time: 3.2490
After OOD adjustment: Training instances of last class: 0
After OOD adjustment: Testing instances of last class: 257
Epoch: 024, Runtime 0.958364, Loss 0.975423, forward nfe 0, backward nfe 0, Train: 0.8333, Val: 0.7746, Test: 0.7766, Best time: 3.2490
After OOD adjustment: Training instances of last class: 0
After OOD adjustment: Testing instances of last class: 257
Epoch: 025, Runtime 0.960981, Loss 0.945931, forward nfe 0, backward nfe 0, Train: 0.8500, Val: 0.7815, Test: 0.7788, Best time: 3.2490
After OOD adjustment: Training instances of last class: 0
After OOD adjustment: Testing instances of last class: 257
Epoch: 026, Runtime 0.796497, Loss 0.909298, forward nfe 0, backward nfe 0, Train: 0.8500, Val: 0.7815, Test: 0.7788, Best time: 3.2490
After OOD adjustment: Training instances of last class: 0
After OOD adjustment: Testing instances of last class: 257
Epoch: 027, Runtime 0.826607, Loss 0.872161, forward nfe 0, backward nfe 0, Train: 0.8500, Val: 0.7815, Test: 0.7788, Best time: 3.2490
After OOD adjustment: Training instances of last class: 0
After OOD adjustment: Testing instances of last class: 257
Epoch: 028, Runtime 0.795882, Loss 0.840744, forward nfe 0, backward nfe 0, Train: 0.8500, Val: 0.7815, Test: 0.7788, Best time: 3.2490
After OOD adjustment: Training instances of last class: 0
After OOD adjustment: Testing instances of last class: 257
Epoch: 029, Runtime 0.803934, Loss 0.816486, forward nfe 0, backward nfe 0, Train: 0.8500, Val: 0.7815, Test: 0.7788, Best time: 3.2490
After OOD adjustment: Training instances of last class: 0
After OOD adjustment: Testing instances of last class: 257
Epoch: 030, Runtime 0.779678, Loss 0.796631, forward nfe 0, backward nfe 0, Train: 0.8500, Val: 0.7815, Test: 0.7788, Best time: 3.2490
After OOD adjustment: Training instances of last class: 0
After OOD adjustment: Testing instances of last class: 257
Epoch: 031, Runtime 0.785315, Loss 0.777132, forward nfe 0, backward nfe 0, Train: 0.8500, Val: 0.7815, Test: 0.7788, Best time: 3.2490
After OOD adjustment: Training instances of last class: 0
After OOD adjustment: Testing instances of last class: 257
Epoch: 032, Runtime 0.790875, Loss 0.755762, forward nfe 0, backward nfe 0, Train: 0.8500, Val: 0.7815, Test: 0.7788, Best time: 3.2490
After OOD adjustment: Training instances of last class: 0
After OOD adjustment: Testing instances of last class: 257
Epoch: 033, Runtime 0.799348, Loss 0.732808, forward nfe 0, backward nfe 0, Train: 0.8500, Val: 0.7815, Test: 0.7788, Best time: 3.2490
After OOD adjustment: Training instances of last class: 0
After OOD adjustment: Testing instances of last class: 257
Epoch: 034, Runtime 0.773964, Loss 0.709814, forward nfe 0, backward nfe 0, Train: 0.8500, Val: 0.7815, Test: 0.7788, Best time: 3.2490
After OOD adjustment: Training instances of last class: 0
After OOD adjustment: Testing instances of last class: 257
Epoch: 035, Runtime 0.799941, Loss 0.688508, forward nfe 0, backward nfe 0, Train: 0.8500, Val: 0.7815, Test: 0.7788, Best time: 3.2490
After OOD adjustment: Training instances of last class: 0
After OOD adjustment: Testing instances of last class: 257
Epoch: 036, Runtime 0.782961, Loss 0.669977, forward nfe 0, backward nfe 0, Train: 0.8500, Val: 0.7815, Test: 0.7788, Best time: 3.2490
After OOD adjustment: Training instances of last class: 0
After OOD adjustment: Testing instances of last class: 257
Epoch: 037, Runtime 0.780300, Loss 0.654001, forward nfe 0, backward nfe 0, Train: 0.8500, Val: 0.7815, Test: 0.7788, Best time: 3.2490
After OOD adjustment: Training instances of last class: 0
After OOD adjustment: Testing instances of last class: 257
Epoch: 038, Runtime 0.943202, Loss 0.639352, forward nfe 0, backward nfe 0, Train: 0.8778, Val: 0.7838, Test: 0.7862, Best time: 3.2490
After OOD adjustment: Training instances of last class: 0
After OOD adjustment: Testing instances of last class: 257
Epoch: 039, Runtime 0.940609, Loss 0.624707, forward nfe 0, backward nfe 0, Train: 0.8778, Val: 0.7846, Test: 0.7859, Best time: 3.2490
After OOD adjustment: Training instances of last class: 0
After OOD adjustment: Testing instances of last class: 257
Epoch: 040, Runtime 0.796203, Loss 0.609448, forward nfe 0, backward nfe 0, Train: 0.8778, Val: 0.7846, Test: 0.7859, Best time: 3.2490
After OOD adjustment: Training instances of last class: 0
After OOD adjustment: Testing instances of last class: 257
Epoch: 041, Runtime 0.795350, Loss 0.593997, forward nfe 0, backward nfe 0, Train: 0.8778, Val: 0.7846, Test: 0.7859, Best time: 3.2490
After OOD adjustment: Training instances of last class: 0
After OOD adjustment: Testing instances of last class: 257
Epoch: 042, Runtime 0.796142, Loss 0.579251, forward nfe 0, backward nfe 0, Train: 0.8778, Val: 0.7846, Test: 0.7859, Best time: 3.2490
After OOD adjustment: Training instances of last class: 0
After OOD adjustment: Testing instances of last class: 257
Epoch: 043, Runtime 0.803593, Loss 0.565747, forward nfe 0, backward nfe 0, Train: 0.8778, Val: 0.7846, Test: 0.7859, Best time: 3.2490
After OOD adjustment: Training instances of last class: 0
After OOD adjustment: Testing instances of last class: 257
Epoch: 044, Runtime 0.791263, Loss 0.553500, forward nfe 0, backward nfe 0, Train: 0.8778, Val: 0.7846, Test: 0.7859, Best time: 3.2490
After OOD adjustment: Training instances of last class: 0
After OOD adjustment: Testing instances of last class: 257
Epoch: 045, Runtime 0.783655, Loss 0.542190, forward nfe 0, backward nfe 0, Train: 0.8778, Val: 0.7846, Test: 0.7859, Best time: 3.2490
After OOD adjustment: Training instances of last class: 0
After OOD adjustment: Testing instances of last class: 257
Epoch: 046, Runtime 0.805644, Loss 0.531355, forward nfe 0, backward nfe 0, Train: 0.8778, Val: 0.7846, Test: 0.7859, Best time: 3.2490
After OOD adjustment: Training instances of last class: 0
After OOD adjustment: Testing instances of last class: 257
Epoch: 047, Runtime 0.781820, Loss 0.520668, forward nfe 0, backward nfe 0, Train: 0.8778, Val: 0.7846, Test: 0.7859, Best time: 3.2490
After OOD adjustment: Training instances of last class: 0
After OOD adjustment: Testing instances of last class: 257
Epoch: 048, Runtime 0.793856, Loss 0.510045, forward nfe 0, backward nfe 0, Train: 0.8778, Val: 0.7846, Test: 0.7859, Best time: 3.2490
After OOD adjustment: Training instances of last class: 0
After OOD adjustment: Testing instances of last class: 257
Epoch: 049, Runtime 0.797172, Loss 0.499589, forward nfe 0, backward nfe 0, Train: 0.8778, Val: 0.7846, Test: 0.7859, Best time: 3.2490
After OOD adjustment: Training instances of last class: 0
After OOD adjustment: Testing instances of last class: 257
Epoch: 050, Runtime 0.785078, Loss 0.489541, forward nfe 0, backward nfe 0, Train: 0.8778, Val: 0.7846, Test: 0.7859, Best time: 3.2490
After OOD adjustment: Training instances of last class: 0
After OOD adjustment: Testing instances of last class: 257
Epoch: 051, Runtime 0.787011, Loss 0.480091, forward nfe 0, backward nfe 0, Train: 0.8778, Val: 0.7846, Test: 0.7859, Best time: 3.2490
After OOD adjustment: Training instances of last class: 0
After OOD adjustment: Testing instances of last class: 257
Epoch: 052, Runtime 0.961322, Loss 0.471260, forward nfe 0, backward nfe 0, Train: 0.8833, Val: 0.7854, Test: 0.7803, Best time: 3.2490
After OOD adjustment: Training instances of last class: 0
After OOD adjustment: Testing instances of last class: 257
Epoch: 053, Runtime 0.789451, Loss 0.462959, forward nfe 0, backward nfe 0, Train: 0.8833, Val: 0.7854, Test: 0.7803, Best time: 3.2490
After OOD adjustment: Training instances of last class: 0
After OOD adjustment: Testing instances of last class: 257
Epoch: 054, Runtime 0.807495, Loss 0.455006, forward nfe 0, backward nfe 0, Train: 0.8833, Val: 0.7854, Test: 0.7803, Best time: 3.2490
After OOD adjustment: Training instances of last class: 0
After OOD adjustment: Testing instances of last class: 257
Epoch: 055, Runtime 0.796056, Loss 0.447227, forward nfe 0, backward nfe 0, Train: 0.8833, Val: 0.7854, Test: 0.7803, Best time: 3.2490
After OOD adjustment: Training instances of last class: 0
After OOD adjustment: Testing instances of last class: 257
Epoch: 056, Runtime 0.782356, Loss 0.439556, forward nfe 0, backward nfe 0, Train: 0.8833, Val: 0.7854, Test: 0.7803, Best time: 3.2490
After OOD adjustment: Training instances of last class: 0
After OOD adjustment: Testing instances of last class: 257
Epoch: 057, Runtime 0.794477, Loss 0.432028, forward nfe 0, backward nfe 0, Train: 0.8833, Val: 0.7854, Test: 0.7803, Best time: 3.2490
After OOD adjustment: Training instances of last class: 0
After OOD adjustment: Testing instances of last class: 257
Epoch: 058, Runtime 0.792404, Loss 0.424747, forward nfe 0, backward nfe 0, Train: 0.8833, Val: 0.7854, Test: 0.7803, Best time: 3.2490
After OOD adjustment: Training instances of last class: 0
After OOD adjustment: Testing instances of last class: 257
Epoch: 059, Runtime 0.791737, Loss 0.417813, forward nfe 0, backward nfe 0, Train: 0.8833, Val: 0.7854, Test: 0.7803, Best time: 3.2490
After OOD adjustment: Training instances of last class: 0
After OOD adjustment: Testing instances of last class: 257
Epoch: 060, Runtime 0.784429, Loss 0.411240, forward nfe 0, backward nfe 0, Train: 0.8833, Val: 0.7854, Test: 0.7803, Best time: 3.2490
After OOD adjustment: Training instances of last class: 0
After OOD adjustment: Testing instances of last class: 257
Epoch: 061, Runtime 0.790581, Loss 0.404976, forward nfe 0, backward nfe 0, Train: 0.8833, Val: 0.7854, Test: 0.7803, Best time: 3.2490
After OOD adjustment: Training instances of last class: 0
After OOD adjustment: Testing instances of last class: 257
Epoch: 062, Runtime 0.795766, Loss 0.398935, forward nfe 0, backward nfe 0, Train: 0.8833, Val: 0.7854, Test: 0.7803, Best time: 3.2490
After OOD adjustment: Training instances of last class: 0
After OOD adjustment: Testing instances of last class: 257
Epoch: 063, Runtime 0.786997, Loss 0.393035, forward nfe 0, backward nfe 0, Train: 0.8833, Val: 0.7854, Test: 0.7803, Best time: 3.2490
After OOD adjustment: Training instances of last class: 0
After OOD adjustment: Testing instances of last class: 257
Epoch: 064, Runtime 0.797430, Loss 0.387250, forward nfe 0, backward nfe 0, Train: 0.8833, Val: 0.7854, Test: 0.7803, Best time: 3.2490
After OOD adjustment: Training instances of last class: 0
After OOD adjustment: Testing instances of last class: 257
Epoch: 065, Runtime 0.799418, Loss 0.381589, forward nfe 0, backward nfe 0, Train: 0.8833, Val: 0.7854, Test: 0.7803, Best time: 3.2490
After OOD adjustment: Training instances of last class: 0
After OOD adjustment: Testing instances of last class: 257
Epoch: 066, Runtime 0.788942, Loss 0.376084, forward nfe 0, backward nfe 0, Train: 0.8833, Val: 0.7854, Test: 0.7803, Best time: 3.2490
After OOD adjustment: Training instances of last class: 0
After OOD adjustment: Testing instances of last class: 257
Epoch: 067, Runtime 0.803535, Loss 0.370771, forward nfe 0, backward nfe 0, Train: 0.8833, Val: 0.7854, Test: 0.7803, Best time: 3.2490
After OOD adjustment: Training instances of last class: 0
After OOD adjustment: Testing instances of last class: 257
Epoch: 068, Runtime 0.797530, Loss 0.365657, forward nfe 0, backward nfe 0, Train: 0.8833, Val: 0.7854, Test: 0.7803, Best time: 3.2490
After OOD adjustment: Training instances of last class: 0
After OOD adjustment: Testing instances of last class: 257
Epoch: 069, Runtime 0.951344, Loss 0.360735, forward nfe 0, backward nfe 0, Train: 0.9056, Val: 0.7877, Test: 0.7820, Best time: 3.2490
After OOD adjustment: Training instances of last class: 0
After OOD adjustment: Testing instances of last class: 257
Epoch: 070, Runtime 0.952642, Loss 0.355977, forward nfe 0, backward nfe 0, Train: 0.9056, Val: 0.7892, Test: 0.7826, Best time: 3.2490
After OOD adjustment: Training instances of last class: 0
After OOD adjustment: Testing instances of last class: 257
Epoch: 071, Runtime 0.801713, Loss 0.351344, forward nfe 0, backward nfe 0, Train: 0.9056, Val: 0.7892, Test: 0.7826, Best time: 3.2490
After OOD adjustment: Training instances of last class: 0
After OOD adjustment: Testing instances of last class: 257
Epoch: 072, Runtime 0.784996, Loss 0.346811, forward nfe 0, backward nfe 0, Train: 0.9056, Val: 0.7892, Test: 0.7826, Best time: 3.2490
After OOD adjustment: Training instances of last class: 0
After OOD adjustment: Testing instances of last class: 257
Epoch: 073, Runtime 0.794351, Loss 0.342368, forward nfe 0, backward nfe 0, Train: 0.9056, Val: 0.7892, Test: 0.7826, Best time: 3.2490
After OOD adjustment: Training instances of last class: 0
After OOD adjustment: Testing instances of last class: 257
Epoch: 074, Runtime 0.786256, Loss 0.338023, forward nfe 0, backward nfe 0, Train: 0.9056, Val: 0.7892, Test: 0.7826, Best time: 3.2490
After OOD adjustment: Training instances of last class: 0
After OOD adjustment: Testing instances of last class: 257
Epoch: 075, Runtime 0.802432, Loss 0.333796, forward nfe 0, backward nfe 0, Train: 0.9056, Val: 0.7892, Test: 0.7826, Best time: 3.2490
After OOD adjustment: Training instances of last class: 0
After OOD adjustment: Testing instances of last class: 257
Epoch: 076, Runtime 0.803264, Loss 0.329695, forward nfe 0, backward nfe 0, Train: 0.9056, Val: 0.7892, Test: 0.7826, Best time: 3.2490
After OOD adjustment: Training instances of last class: 0
After OOD adjustment: Testing instances of last class: 257
Epoch: 077, Runtime 0.798384, Loss 0.325719, forward nfe 0, backward nfe 0, Train: 0.9056, Val: 0.7892, Test: 0.7826, Best time: 3.2490
After OOD adjustment: Training instances of last class: 0
After OOD adjustment: Testing instances of last class: 257
Epoch: 078, Runtime 0.800392, Loss 0.321854, forward nfe 0, backward nfe 0, Train: 0.9056, Val: 0.7892, Test: 0.7826, Best time: 3.2490
After OOD adjustment: Training instances of last class: 0
After OOD adjustment: Testing instances of last class: 257
Epoch: 079, Runtime 0.806054, Loss 0.318083, forward nfe 0, backward nfe 0, Train: 0.9056, Val: 0.7892, Test: 0.7826, Best time: 3.2490
After OOD adjustment: Training instances of last class: 0
After OOD adjustment: Testing instances of last class: 257
Epoch: 080, Runtime 0.784173, Loss 0.314393, forward nfe 0, backward nfe 0, Train: 0.9056, Val: 0.7892, Test: 0.7826, Best time: 3.2490
After OOD adjustment: Training instances of last class: 0
After OOD adjustment: Testing instances of last class: 257
Epoch: 081, Runtime 0.801960, Loss 0.310776, forward nfe 0, backward nfe 0, Train: 0.9056, Val: 0.7892, Test: 0.7826, Best time: 3.2490
After OOD adjustment: Training instances of last class: 0
After OOD adjustment: Testing instances of last class: 257
Epoch: 082, Runtime 0.788238, Loss 0.307235, forward nfe 0, backward nfe 0, Train: 0.9056, Val: 0.7892, Test: 0.7826, Best time: 3.2490
After OOD adjustment: Training instances of last class: 0
After OOD adjustment: Testing instances of last class: 257
Epoch: 083, Runtime 0.792842, Loss 0.303773, forward nfe 0, backward nfe 0, Train: 0.9056, Val: 0.7892, Test: 0.7826, Best time: 3.2490
After OOD adjustment: Training instances of last class: 0
After OOD adjustment: Testing instances of last class: 257
Epoch: 084, Runtime 0.793549, Loss 0.300392, forward nfe 0, backward nfe 0, Train: 0.9056, Val: 0.7892, Test: 0.7826, Best time: 3.2490
After OOD adjustment: Training instances of last class: 0
After OOD adjustment: Testing instances of last class: 257
Epoch: 085, Runtime 0.778547, Loss 0.297093, forward nfe 0, backward nfe 0, Train: 0.9056, Val: 0.7892, Test: 0.7826, Best time: 3.2490
After OOD adjustment: Training instances of last class: 0
After OOD adjustment: Testing instances of last class: 257
Epoch: 086, Runtime 0.798331, Loss 0.293871, forward nfe 0, backward nfe 0, Train: 0.9056, Val: 0.7892, Test: 0.7826, Best time: 3.2490
After OOD adjustment: Training instances of last class: 0
After OOD adjustment: Testing instances of last class: 257
Epoch: 087, Runtime 0.801095, Loss 0.290721, forward nfe 0, backward nfe 0, Train: 0.9056, Val: 0.7892, Test: 0.7826, Best time: 3.2490
After OOD adjustment: Training instances of last class: 0
After OOD adjustment: Testing instances of last class: 257
Epoch: 088, Runtime 0.780752, Loss 0.287636, forward nfe 0, backward nfe 0, Train: 0.9056, Val: 0.7892, Test: 0.7826, Best time: 3.2490
After OOD adjustment: Training instances of last class: 0
After OOD adjustment: Testing instances of last class: 257
Epoch: 089, Runtime 0.794447, Loss 0.284611, forward nfe 0, backward nfe 0, Train: 0.9056, Val: 0.7892, Test: 0.7826, Best time: 3.2490
After OOD adjustment: Training instances of last class: 0
After OOD adjustment: Testing instances of last class: 257
Epoch: 090, Runtime 0.779490, Loss 0.281642, forward nfe 0, backward nfe 0, Train: 0.9056, Val: 0.7892, Test: 0.7826, Best time: 3.2490
After OOD adjustment: Training instances of last class: 0
After OOD adjustment: Testing instances of last class: 257
Epoch: 091, Runtime 0.807885, Loss 0.278732, forward nfe 0, backward nfe 0, Train: 0.9056, Val: 0.7892, Test: 0.7826, Best time: 3.2490
After OOD adjustment: Training instances of last class: 0
After OOD adjustment: Testing instances of last class: 257
Epoch: 092, Runtime 0.796164, Loss 0.275879, forward nfe 0, backward nfe 0, Train: 0.9056, Val: 0.7892, Test: 0.7826, Best time: 3.2490
After OOD adjustment: Training instances of last class: 0
After OOD adjustment: Testing instances of last class: 257
Epoch: 093, Runtime 0.805116, Loss 0.273085, forward nfe 0, backward nfe 0, Train: 0.9056, Val: 0.7892, Test: 0.7826, Best time: 3.2490
After OOD adjustment: Training instances of last class: 0
After OOD adjustment: Testing instances of last class: 257
Epoch: 094, Runtime 0.796467, Loss 0.270348, forward nfe 0, backward nfe 0, Train: 0.9056, Val: 0.7892, Test: 0.7826, Best time: 3.2490
After OOD adjustment: Training instances of last class: 0
After OOD adjustment: Testing instances of last class: 257
Epoch: 095, Runtime 0.793049, Loss 0.267665, forward nfe 0, backward nfe 0, Train: 0.9056, Val: 0.7892, Test: 0.7826, Best time: 3.2490
After OOD adjustment: Training instances of last class: 0
After OOD adjustment: Testing instances of last class: 257
Epoch: 096, Runtime 0.798347, Loss 0.265033, forward nfe 0, backward nfe 0, Train: 0.9056, Val: 0.7892, Test: 0.7826, Best time: 3.2490
After OOD adjustment: Training instances of last class: 0
After OOD adjustment: Testing instances of last class: 257
Epoch: 097, Runtime 0.793375, Loss 0.262447, forward nfe 0, backward nfe 0, Train: 0.9056, Val: 0.7892, Test: 0.7826, Best time: 3.2490
After OOD adjustment: Training instances of last class: 0
After OOD adjustment: Testing instances of last class: 257
Epoch: 098, Runtime 0.789224, Loss 0.259907, forward nfe 0, backward nfe 0, Train: 0.9056, Val: 0.7892, Test: 0.7826, Best time: 3.2490
After OOD adjustment: Training instances of last class: 0
After OOD adjustment: Testing instances of last class: 257
Epoch: 099, Runtime 0.956808, Loss 0.257412, forward nfe 0, backward nfe 0, Train: 0.9222, Val: 0.7908, Test: 0.7824, Best time: 3.2490
best val accuracy 0.790769 with test accuracy 0.782426 at epoch 99 and best time 3.249016
base_directory resutls_prob/OOD_Computers
new_name:  gnn_ODD
file_path 1 resutls_prob/OOD_Computers/gnn_ODD_prediction_probabilities_12.npz
file_path 2 resutls_prob/OOD_Computers/gnn_ODD_prediction_probabilities_12.npz
Entropy Threshold: inf Test accuracy: 0.7824257217405942
Entropy Threshold: 2 Test accuracy: 0.7857870606214977
Entropy Threshold: 1.6 Test accuracy: 0.8190843373493976
Entropy Threshold: 1.5 Test accuracy: 0.8271692028620377
Entropy Threshold: 1.4 Test accuracy: 0.8360029701920016
Entropy Threshold: 1.3 Test accuracy: 0.8473967684021544
Entropy Threshold: 1.2 Test accuracy: 0.8548100816471423
Entropy Threshold: 1.1 Test accuracy: 0.8634932628132477
Entropy Threshold: 0.9 Test accuracy: 0.8849142354493476
Entropy Threshold: 0.8 Test accuracy: 0.8982912937347437
Entropy Threshold: 0.7 Test accuracy: 0.9272828714896783
Entropy Threshold: 0.6 Test accuracy: 0.9553072625698324
Entropy Threshold: 0.5 Test accuracy: 0.9666172106824926
Entropy Threshold: 0.4 Test accuracy: 0.9720259128386337
Entropy Threshold: 0.3 Test accuracy: 0.9778611632270169
Entropy Threshold: 0.2 Test accuracy: 0.9795338260375214
Entropy Threshold: 0.1 Test accuracy: 0.9868131868131869
