[KeOps] Warning : cuda was detected, but driver API could not be initialized. Switching to cpu only.
Folder already exists: results/computers
experiment: 0
Dataset size (num_nodes): 13381, Intended development set size (num_development): 1500
Dataset size (num_nodes): 13381, Actual development set size (num_development): 1500
rations: train 200, val 1300, test 11881
Before OOD adjustment: Total instances of last class: 283
Before OOD adjustment: Training instances of last class: 20
Before OOD adjustment: Testing instances of last class: 257
Before OOD adjustment: Val instances of last class: 6
total train + val+ test 283
After OOD adjustment: Training instances of last class: 0
After OOD adjustment: Testing instances of last class: 257
Total number of classes: 10
number of classes to train: 9
MyGCN2(
  (conv1): GCNConv(767, 128)
  (conv4): GCNConv(128, 9)
)
conv1.bias
torch.Size([128])
conv1.lin.weight
torch.Size([128, 767])
conv4.bias
torch.Size([9])
conv4.lin.weight
torch.Size([9, 128])
After OOD adjustment: Training instances of last class: 0
After OOD adjustment: Testing instances of last class: 257
Epoch: 001, Runtime 0.817763, Loss 2.270437, forward nfe 0, backward nfe 0, Train: 0.2611, Val: 0.2477, Test: 0.2338, Best time: 3.2490
After OOD adjustment: Training instances of last class: 0
After OOD adjustment: Testing instances of last class: 257
Epoch: 002, Runtime 0.798607, Loss 2.387655, forward nfe 0, backward nfe 0, Train: 0.2611, Val: 0.2477, Test: 0.2338, Best time: 3.2490
After OOD adjustment: Training instances of last class: 0
After OOD adjustment: Testing instances of last class: 257
Epoch: 003, Runtime 0.797601, Loss 2.134695, forward nfe 0, backward nfe 0, Train: 0.2611, Val: 0.2477, Test: 0.2338, Best time: 3.2490
After OOD adjustment: Training instances of last class: 0
After OOD adjustment: Testing instances of last class: 257
Epoch: 004, Runtime 0.791141, Loss 1.996147, forward nfe 0, backward nfe 0, Train: 0.2611, Val: 0.2477, Test: 0.2338, Best time: 3.2490
After OOD adjustment: Training instances of last class: 0
After OOD adjustment: Testing instances of last class: 257
Epoch: 005, Runtime 0.915699, Loss 1.937412, forward nfe 0, backward nfe 0, Train: 0.4722, Val: 0.4800, Test: 0.4685, Best time: 3.2490
After OOD adjustment: Training instances of last class: 0
After OOD adjustment: Testing instances of last class: 257
Epoch: 006, Runtime 0.903482, Loss 1.862952, forward nfe 0, backward nfe 0, Train: 0.4278, Val: 0.5715, Test: 0.5365, Best time: 3.2490
After OOD adjustment: Training instances of last class: 0
After OOD adjustment: Testing instances of last class: 257
Epoch: 007, Runtime 0.898641, Loss 1.792941, forward nfe 0, backward nfe 0, Train: 0.5667, Val: 0.6231, Test: 0.5954, Best time: 3.2490
After OOD adjustment: Training instances of last class: 0
After OOD adjustment: Testing instances of last class: 257
Epoch: 008, Runtime 0.904152, Loss 1.652673, forward nfe 0, backward nfe 0, Train: 0.7944, Val: 0.6785, Test: 0.6710, Best time: 3.2490
After OOD adjustment: Training instances of last class: 0
After OOD adjustment: Testing instances of last class: 257
Epoch: 009, Runtime 0.789807, Loss 1.547387, forward nfe 0, backward nfe 0, Train: 0.7944, Val: 0.6785, Test: 0.6710, Best time: 3.2490
After OOD adjustment: Training instances of last class: 0
After OOD adjustment: Testing instances of last class: 257
Epoch: 010, Runtime 0.777242, Loss 1.517346, forward nfe 0, backward nfe 0, Train: 0.7944, Val: 0.6785, Test: 0.6710, Best time: 3.2490
After OOD adjustment: Training instances of last class: 0
After OOD adjustment: Testing instances of last class: 257
Epoch: 011, Runtime 0.792710, Loss 1.473546, forward nfe 0, backward nfe 0, Train: 0.7944, Val: 0.6785, Test: 0.6710, Best time: 3.2490
After OOD adjustment: Training instances of last class: 0
After OOD adjustment: Testing instances of last class: 257
Epoch: 012, Runtime 0.788478, Loss 1.397222, forward nfe 0, backward nfe 0, Train: 0.7944, Val: 0.6785, Test: 0.6710, Best time: 3.2490
After OOD adjustment: Training instances of last class: 0
After OOD adjustment: Testing instances of last class: 257
Epoch: 013, Runtime 0.912490, Loss 1.330225, forward nfe 0, backward nfe 0, Train: 0.8167, Val: 0.6885, Test: 0.6861, Best time: 3.2490
After OOD adjustment: Training instances of last class: 0
After OOD adjustment: Testing instances of last class: 257
Epoch: 014, Runtime 0.893198, Loss 1.270435, forward nfe 0, backward nfe 0, Train: 0.8333, Val: 0.7138, Test: 0.7185, Best time: 3.2490
After OOD adjustment: Training instances of last class: 0
After OOD adjustment: Testing instances of last class: 257
Epoch: 015, Runtime 0.805667, Loss 1.209889, forward nfe 0, backward nfe 0, Train: 0.8333, Val: 0.7138, Test: 0.7185, Best time: 3.2490
After OOD adjustment: Training instances of last class: 0
After OOD adjustment: Testing instances of last class: 257
Epoch: 016, Runtime 0.798773, Loss 1.163957, forward nfe 0, backward nfe 0, Train: 0.8333, Val: 0.7138, Test: 0.7185, Best time: 3.2490
After OOD adjustment: Training instances of last class: 0
After OOD adjustment: Testing instances of last class: 257
Epoch: 017, Runtime 0.910508, Loss 1.132449, forward nfe 0, backward nfe 0, Train: 0.8167, Val: 0.7208, Test: 0.7152, Best time: 3.2490
After OOD adjustment: Training instances of last class: 0
After OOD adjustment: Testing instances of last class: 257
Epoch: 018, Runtime 0.904745, Loss 1.090799, forward nfe 0, backward nfe 0, Train: 0.8611, Val: 0.7731, Test: 0.7711, Best time: 3.2490
After OOD adjustment: Training instances of last class: 0
After OOD adjustment: Testing instances of last class: 257
Epoch: 019, Runtime 0.910941, Loss 1.036872, forward nfe 0, backward nfe 0, Train: 0.8778, Val: 0.7969, Test: 0.7880, Best time: 3.2490
After OOD adjustment: Training instances of last class: 0
After OOD adjustment: Testing instances of last class: 257
Epoch: 020, Runtime 0.795131, Loss 0.992352, forward nfe 0, backward nfe 0, Train: 0.8778, Val: 0.7969, Test: 0.7880, Best time: 3.2490
After OOD adjustment: Training instances of last class: 0
After OOD adjustment: Testing instances of last class: 257
Epoch: 021, Runtime 0.815757, Loss 0.960132, forward nfe 0, backward nfe 0, Train: 0.8778, Val: 0.7969, Test: 0.7880, Best time: 3.2490
After OOD adjustment: Training instances of last class: 0
After OOD adjustment: Testing instances of last class: 257
Epoch: 022, Runtime 0.794456, Loss 0.930993, forward nfe 0, backward nfe 0, Train: 0.8778, Val: 0.7969, Test: 0.7880, Best time: 3.2490
After OOD adjustment: Training instances of last class: 0
After OOD adjustment: Testing instances of last class: 257
Epoch: 023, Runtime 0.799903, Loss 0.902806, forward nfe 0, backward nfe 0, Train: 0.8778, Val: 0.7969, Test: 0.7880, Best time: 3.2490
After OOD adjustment: Training instances of last class: 0
After OOD adjustment: Testing instances of last class: 257
Epoch: 024, Runtime 0.794224, Loss 0.873257, forward nfe 0, backward nfe 0, Train: 0.8778, Val: 0.7969, Test: 0.7880, Best time: 3.2490
After OOD adjustment: Training instances of last class: 0
After OOD adjustment: Testing instances of last class: 257
Epoch: 025, Runtime 0.791573, Loss 0.839802, forward nfe 0, backward nfe 0, Train: 0.8778, Val: 0.7969, Test: 0.7880, Best time: 3.2490
After OOD adjustment: Training instances of last class: 0
After OOD adjustment: Testing instances of last class: 257
Epoch: 026, Runtime 0.913498, Loss 0.807059, forward nfe 0, backward nfe 0, Train: 0.8722, Val: 0.7977, Test: 0.7890, Best time: 3.2490
After OOD adjustment: Training instances of last class: 0
After OOD adjustment: Testing instances of last class: 257
Epoch: 027, Runtime 0.902331, Loss 0.781061, forward nfe 0, backward nfe 0, Train: 0.8833, Val: 0.8146, Test: 0.8076, Best time: 3.2490
After OOD adjustment: Training instances of last class: 0
After OOD adjustment: Testing instances of last class: 257
Epoch: 028, Runtime 0.792428, Loss 0.760055, forward nfe 0, backward nfe 0, Train: 0.8833, Val: 0.8146, Test: 0.8076, Best time: 3.2490
After OOD adjustment: Training instances of last class: 0
After OOD adjustment: Testing instances of last class: 257
Epoch: 029, Runtime 0.777433, Loss 0.739142, forward nfe 0, backward nfe 0, Train: 0.8833, Val: 0.8146, Test: 0.8076, Best time: 3.2490
After OOD adjustment: Training instances of last class: 0
After OOD adjustment: Testing instances of last class: 257
Epoch: 030, Runtime 0.784444, Loss 0.717614, forward nfe 0, backward nfe 0, Train: 0.8833, Val: 0.8146, Test: 0.8076, Best time: 3.2490
After OOD adjustment: Training instances of last class: 0
After OOD adjustment: Testing instances of last class: 257
Epoch: 031, Runtime 0.790931, Loss 0.696164, forward nfe 0, backward nfe 0, Train: 0.8833, Val: 0.8146, Test: 0.8076, Best time: 3.2490
After OOD adjustment: Training instances of last class: 0
After OOD adjustment: Testing instances of last class: 257
Epoch: 032, Runtime 0.794462, Loss 0.674978, forward nfe 0, backward nfe 0, Train: 0.8833, Val: 0.8146, Test: 0.8076, Best time: 3.2490
After OOD adjustment: Training instances of last class: 0
After OOD adjustment: Testing instances of last class: 257
Epoch: 033, Runtime 0.779969, Loss 0.655394, forward nfe 0, backward nfe 0, Train: 0.8833, Val: 0.8146, Test: 0.8076, Best time: 3.2490
After OOD adjustment: Training instances of last class: 0
After OOD adjustment: Testing instances of last class: 257
Epoch: 034, Runtime 0.796900, Loss 0.638106, forward nfe 0, backward nfe 0, Train: 0.8833, Val: 0.8146, Test: 0.8076, Best time: 3.2490
After OOD adjustment: Training instances of last class: 0
After OOD adjustment: Testing instances of last class: 257
Epoch: 035, Runtime 0.777180, Loss 0.621807, forward nfe 0, backward nfe 0, Train: 0.8833, Val: 0.8146, Test: 0.8076, Best time: 3.2490
After OOD adjustment: Training instances of last class: 0
After OOD adjustment: Testing instances of last class: 257
Epoch: 036, Runtime 0.790697, Loss 0.606166, forward nfe 0, backward nfe 0, Train: 0.8833, Val: 0.8146, Test: 0.8076, Best time: 3.2490
After OOD adjustment: Training instances of last class: 0
After OOD adjustment: Testing instances of last class: 257
Epoch: 037, Runtime 0.803546, Loss 0.591478, forward nfe 0, backward nfe 0, Train: 0.8833, Val: 0.8146, Test: 0.8076, Best time: 3.2490
After OOD adjustment: Training instances of last class: 0
After OOD adjustment: Testing instances of last class: 257
Epoch: 038, Runtime 0.809297, Loss 0.577074, forward nfe 0, backward nfe 0, Train: 0.8833, Val: 0.8146, Test: 0.8076, Best time: 3.2490
After OOD adjustment: Training instances of last class: 0
After OOD adjustment: Testing instances of last class: 257
Epoch: 039, Runtime 0.797919, Loss 0.562999, forward nfe 0, backward nfe 0, Train: 0.8833, Val: 0.8146, Test: 0.8076, Best time: 3.2490
After OOD adjustment: Training instances of last class: 0
After OOD adjustment: Testing instances of last class: 257
Epoch: 040, Runtime 0.817563, Loss 0.549867, forward nfe 0, backward nfe 0, Train: 0.8833, Val: 0.8146, Test: 0.8076, Best time: 3.2490
After OOD adjustment: Training instances of last class: 0
After OOD adjustment: Testing instances of last class: 257
Epoch: 041, Runtime 0.808393, Loss 0.537321, forward nfe 0, backward nfe 0, Train: 0.8833, Val: 0.8146, Test: 0.8076, Best time: 3.2490
After OOD adjustment: Training instances of last class: 0
After OOD adjustment: Testing instances of last class: 257
Epoch: 042, Runtime 0.804899, Loss 0.525153, forward nfe 0, backward nfe 0, Train: 0.8833, Val: 0.8146, Test: 0.8076, Best time: 3.2490
After OOD adjustment: Training instances of last class: 0
After OOD adjustment: Testing instances of last class: 257
Epoch: 043, Runtime 0.818788, Loss 0.514025, forward nfe 0, backward nfe 0, Train: 0.8833, Val: 0.8146, Test: 0.8076, Best time: 3.2490
After OOD adjustment: Training instances of last class: 0
After OOD adjustment: Testing instances of last class: 257
Epoch: 044, Runtime 0.812004, Loss 0.503748, forward nfe 0, backward nfe 0, Train: 0.8833, Val: 0.8146, Test: 0.8076, Best time: 3.2490
After OOD adjustment: Training instances of last class: 0
After OOD adjustment: Testing instances of last class: 257
Epoch: 045, Runtime 0.810241, Loss 0.493608, forward nfe 0, backward nfe 0, Train: 0.8833, Val: 0.8146, Test: 0.8076, Best time: 3.2490
After OOD adjustment: Training instances of last class: 0
After OOD adjustment: Testing instances of last class: 257
Epoch: 046, Runtime 0.802306, Loss 0.483766, forward nfe 0, backward nfe 0, Train: 0.8833, Val: 0.8146, Test: 0.8076, Best time: 3.2490
After OOD adjustment: Training instances of last class: 0
After OOD adjustment: Testing instances of last class: 257
Epoch: 047, Runtime 0.815119, Loss 0.474340, forward nfe 0, backward nfe 0, Train: 0.8833, Val: 0.8146, Test: 0.8076, Best time: 3.2490
After OOD adjustment: Training instances of last class: 0
After OOD adjustment: Testing instances of last class: 257
Epoch: 048, Runtime 0.819525, Loss 0.465086, forward nfe 0, backward nfe 0, Train: 0.8833, Val: 0.8146, Test: 0.8076, Best time: 3.2490
After OOD adjustment: Training instances of last class: 0
After OOD adjustment: Testing instances of last class: 257
Epoch: 049, Runtime 0.818321, Loss 0.456263, forward nfe 0, backward nfe 0, Train: 0.8833, Val: 0.8146, Test: 0.8076, Best time: 3.2490
After OOD adjustment: Training instances of last class: 0
After OOD adjustment: Testing instances of last class: 257
Epoch: 050, Runtime 0.810467, Loss 0.448008, forward nfe 0, backward nfe 0, Train: 0.8833, Val: 0.8146, Test: 0.8076, Best time: 3.2490
After OOD adjustment: Training instances of last class: 0
After OOD adjustment: Testing instances of last class: 257
Epoch: 051, Runtime 0.797457, Loss 0.440142, forward nfe 0, backward nfe 0, Train: 0.8833, Val: 0.8146, Test: 0.8076, Best time: 3.2490
After OOD adjustment: Training instances of last class: 0
After OOD adjustment: Testing instances of last class: 257
Epoch: 052, Runtime 0.810393, Loss 0.432705, forward nfe 0, backward nfe 0, Train: 0.8833, Val: 0.8146, Test: 0.8076, Best time: 3.2490
After OOD adjustment: Training instances of last class: 0
After OOD adjustment: Testing instances of last class: 257
Epoch: 053, Runtime 0.821666, Loss 0.425559, forward nfe 0, backward nfe 0, Train: 0.8833, Val: 0.8146, Test: 0.8076, Best time: 3.2490
After OOD adjustment: Training instances of last class: 0
After OOD adjustment: Testing instances of last class: 257
Epoch: 054, Runtime 0.817609, Loss 0.418433, forward nfe 0, backward nfe 0, Train: 0.8833, Val: 0.8146, Test: 0.8076, Best time: 3.2490
After OOD adjustment: Training instances of last class: 0
After OOD adjustment: Testing instances of last class: 257
Epoch: 055, Runtime 0.816887, Loss 0.411503, forward nfe 0, backward nfe 0, Train: 0.8833, Val: 0.8146, Test: 0.8076, Best time: 3.2490
After OOD adjustment: Training instances of last class: 0
After OOD adjustment: Testing instances of last class: 257
Epoch: 056, Runtime 0.821547, Loss 0.404913, forward nfe 0, backward nfe 0, Train: 0.8833, Val: 0.8146, Test: 0.8076, Best time: 3.2490
After OOD adjustment: Training instances of last class: 0
After OOD adjustment: Testing instances of last class: 257
Epoch: 057, Runtime 0.815770, Loss 0.398550, forward nfe 0, backward nfe 0, Train: 0.8833, Val: 0.8146, Test: 0.8076, Best time: 3.2490
After OOD adjustment: Training instances of last class: 0
After OOD adjustment: Testing instances of last class: 257
Epoch: 058, Runtime 0.818765, Loss 0.392470, forward nfe 0, backward nfe 0, Train: 0.8833, Val: 0.8146, Test: 0.8076, Best time: 3.2490
After OOD adjustment: Training instances of last class: 0
After OOD adjustment: Testing instances of last class: 257
Epoch: 059, Runtime 0.807342, Loss 0.386676, forward nfe 0, backward nfe 0, Train: 0.8833, Val: 0.8146, Test: 0.8076, Best time: 3.2490
After OOD adjustment: Training instances of last class: 0
After OOD adjustment: Testing instances of last class: 257
Epoch: 060, Runtime 0.820884, Loss 0.381030, forward nfe 0, backward nfe 0, Train: 0.8833, Val: 0.8146, Test: 0.8076, Best time: 3.2490
After OOD adjustment: Training instances of last class: 0
After OOD adjustment: Testing instances of last class: 257
Epoch: 061, Runtime 0.824308, Loss 0.375554, forward nfe 0, backward nfe 0, Train: 0.8833, Val: 0.8146, Test: 0.8076, Best time: 3.2490
After OOD adjustment: Training instances of last class: 0
After OOD adjustment: Testing instances of last class: 257
Epoch: 062, Runtime 0.809658, Loss 0.370232, forward nfe 0, backward nfe 0, Train: 0.8833, Val: 0.8146, Test: 0.8076, Best time: 3.2490
After OOD adjustment: Training instances of last class: 0
After OOD adjustment: Testing instances of last class: 257
Epoch: 063, Runtime 0.818913, Loss 0.365016, forward nfe 0, backward nfe 0, Train: 0.8833, Val: 0.8146, Test: 0.8076, Best time: 3.2490
After OOD adjustment: Training instances of last class: 0
After OOD adjustment: Testing instances of last class: 257
Epoch: 064, Runtime 0.801541, Loss 0.360003, forward nfe 0, backward nfe 0, Train: 0.8833, Val: 0.8146, Test: 0.8076, Best time: 3.2490
After OOD adjustment: Training instances of last class: 0
After OOD adjustment: Testing instances of last class: 257
Epoch: 065, Runtime 0.807842, Loss 0.355178, forward nfe 0, backward nfe 0, Train: 0.8833, Val: 0.8146, Test: 0.8076, Best time: 3.2490
After OOD adjustment: Training instances of last class: 0
After OOD adjustment: Testing instances of last class: 257
Epoch: 066, Runtime 0.811168, Loss 0.350469, forward nfe 0, backward nfe 0, Train: 0.8833, Val: 0.8146, Test: 0.8076, Best time: 3.2490
After OOD adjustment: Training instances of last class: 0
After OOD adjustment: Testing instances of last class: 257
Epoch: 067, Runtime 0.814536, Loss 0.345911, forward nfe 0, backward nfe 0, Train: 0.8833, Val: 0.8146, Test: 0.8076, Best time: 3.2490
After OOD adjustment: Training instances of last class: 0
After OOD adjustment: Testing instances of last class: 257
Epoch: 068, Runtime 0.801263, Loss 0.341479, forward nfe 0, backward nfe 0, Train: 0.8833, Val: 0.8146, Test: 0.8076, Best time: 3.2490
After OOD adjustment: Training instances of last class: 0
After OOD adjustment: Testing instances of last class: 257
Epoch: 069, Runtime 0.815379, Loss 0.337155, forward nfe 0, backward nfe 0, Train: 0.8833, Val: 0.8146, Test: 0.8076, Best time: 3.2490
After OOD adjustment: Training instances of last class: 0
After OOD adjustment: Testing instances of last class: 257
Epoch: 070, Runtime 0.813549, Loss 0.332970, forward nfe 0, backward nfe 0, Train: 0.8833, Val: 0.8146, Test: 0.8076, Best time: 3.2490
After OOD adjustment: Training instances of last class: 0
After OOD adjustment: Testing instances of last class: 257
Epoch: 071, Runtime 0.801173, Loss 0.328888, forward nfe 0, backward nfe 0, Train: 0.8833, Val: 0.8146, Test: 0.8076, Best time: 3.2490
After OOD adjustment: Training instances of last class: 0
After OOD adjustment: Testing instances of last class: 257
Epoch: 072, Runtime 0.808279, Loss 0.324906, forward nfe 0, backward nfe 0, Train: 0.8833, Val: 0.8146, Test: 0.8076, Best time: 3.2490
After OOD adjustment: Training instances of last class: 0
After OOD adjustment: Testing instances of last class: 257
Epoch: 073, Runtime 0.804509, Loss 0.321043, forward nfe 0, backward nfe 0, Train: 0.8833, Val: 0.8146, Test: 0.8076, Best time: 3.2490
After OOD adjustment: Training instances of last class: 0
After OOD adjustment: Testing instances of last class: 257
Epoch: 074, Runtime 0.808696, Loss 0.317257, forward nfe 0, backward nfe 0, Train: 0.8833, Val: 0.8146, Test: 0.8076, Best time: 3.2490
After OOD adjustment: Training instances of last class: 0
After OOD adjustment: Testing instances of last class: 257
Epoch: 075, Runtime 0.814956, Loss 0.313557, forward nfe 0, backward nfe 0, Train: 0.8833, Val: 0.8146, Test: 0.8076, Best time: 3.2490
After OOD adjustment: Training instances of last class: 0
After OOD adjustment: Testing instances of last class: 257
Epoch: 076, Runtime 0.809192, Loss 0.309956, forward nfe 0, backward nfe 0, Train: 0.8833, Val: 0.8146, Test: 0.8076, Best time: 3.2490
After OOD adjustment: Training instances of last class: 0
After OOD adjustment: Testing instances of last class: 257
Epoch: 077, Runtime 0.808615, Loss 0.306439, forward nfe 0, backward nfe 0, Train: 0.8833, Val: 0.8146, Test: 0.8076, Best time: 3.2490
After OOD adjustment: Training instances of last class: 0
After OOD adjustment: Testing instances of last class: 257
Epoch: 078, Runtime 0.791656, Loss 0.303021, forward nfe 0, backward nfe 0, Train: 0.8833, Val: 0.8146, Test: 0.8076, Best time: 3.2490
After OOD adjustment: Training instances of last class: 0
After OOD adjustment: Testing instances of last class: 257
Epoch: 079, Runtime 0.808431, Loss 0.299686, forward nfe 0, backward nfe 0, Train: 0.8833, Val: 0.8146, Test: 0.8076, Best time: 3.2490
After OOD adjustment: Training instances of last class: 0
After OOD adjustment: Testing instances of last class: 257
Epoch: 080, Runtime 0.800960, Loss 0.296415, forward nfe 0, backward nfe 0, Train: 0.8833, Val: 0.8146, Test: 0.8076, Best time: 3.2490
After OOD adjustment: Training instances of last class: 0
After OOD adjustment: Testing instances of last class: 257
Epoch: 081, Runtime 0.807940, Loss 0.293220, forward nfe 0, backward nfe 0, Train: 0.8833, Val: 0.8146, Test: 0.8076, Best time: 3.2490
After OOD adjustment: Training instances of last class: 0
After OOD adjustment: Testing instances of last class: 257
Epoch: 082, Runtime 0.808695, Loss 0.290087, forward nfe 0, backward nfe 0, Train: 0.8833, Val: 0.8146, Test: 0.8076, Best time: 3.2490
After OOD adjustment: Training instances of last class: 0
After OOD adjustment: Testing instances of last class: 257
Epoch: 083, Runtime 0.802828, Loss 0.287018, forward nfe 0, backward nfe 0, Train: 0.8833, Val: 0.8146, Test: 0.8076, Best time: 3.2490
After OOD adjustment: Training instances of last class: 0
After OOD adjustment: Testing instances of last class: 257
Epoch: 084, Runtime 0.813910, Loss 0.284018, forward nfe 0, backward nfe 0, Train: 0.8833, Val: 0.8146, Test: 0.8076, Best time: 3.2490
After OOD adjustment: Training instances of last class: 0
After OOD adjustment: Testing instances of last class: 257
Epoch: 085, Runtime 0.800701, Loss 0.281080, forward nfe 0, backward nfe 0, Train: 0.8833, Val: 0.8146, Test: 0.8076, Best time: 3.2490
After OOD adjustment: Training instances of last class: 0
After OOD adjustment: Testing instances of last class: 257
Epoch: 086, Runtime 0.818600, Loss 0.278210, forward nfe 0, backward nfe 0, Train: 0.8833, Val: 0.8146, Test: 0.8076, Best time: 3.2490
After OOD adjustment: Training instances of last class: 0
After OOD adjustment: Testing instances of last class: 257
Epoch: 087, Runtime 0.813808, Loss 0.275402, forward nfe 0, backward nfe 0, Train: 0.8833, Val: 0.8146, Test: 0.8076, Best time: 3.2490
After OOD adjustment: Training instances of last class: 0
After OOD adjustment: Testing instances of last class: 257
Epoch: 088, Runtime 0.815312, Loss 0.272645, forward nfe 0, backward nfe 0, Train: 0.8833, Val: 0.8146, Test: 0.8076, Best time: 3.2490
After OOD adjustment: Training instances of last class: 0
After OOD adjustment: Testing instances of last class: 257
Epoch: 089, Runtime 0.807319, Loss 0.269944, forward nfe 0, backward nfe 0, Train: 0.8833, Val: 0.8146, Test: 0.8076, Best time: 3.2490
After OOD adjustment: Training instances of last class: 0
After OOD adjustment: Testing instances of last class: 257
Epoch: 090, Runtime 0.808392, Loss 0.267291, forward nfe 0, backward nfe 0, Train: 0.8833, Val: 0.8146, Test: 0.8076, Best time: 3.2490
After OOD adjustment: Training instances of last class: 0
After OOD adjustment: Testing instances of last class: 257
Epoch: 091, Runtime 0.794414, Loss 0.264689, forward nfe 0, backward nfe 0, Train: 0.8833, Val: 0.8146, Test: 0.8076, Best time: 3.2490
After OOD adjustment: Training instances of last class: 0
After OOD adjustment: Testing instances of last class: 257
Epoch: 092, Runtime 0.807413, Loss 0.262138, forward nfe 0, backward nfe 0, Train: 0.8833, Val: 0.8146, Test: 0.8076, Best time: 3.2490
After OOD adjustment: Training instances of last class: 0
After OOD adjustment: Testing instances of last class: 257
Epoch: 093, Runtime 0.809034, Loss 0.259633, forward nfe 0, backward nfe 0, Train: 0.8833, Val: 0.8146, Test: 0.8076, Best time: 3.2490
After OOD adjustment: Training instances of last class: 0
After OOD adjustment: Testing instances of last class: 257
Epoch: 094, Runtime 0.797861, Loss 0.257178, forward nfe 0, backward nfe 0, Train: 0.8833, Val: 0.8146, Test: 0.8076, Best time: 3.2490
After OOD adjustment: Training instances of last class: 0
After OOD adjustment: Testing instances of last class: 257
Epoch: 095, Runtime 0.812491, Loss 0.254767, forward nfe 0, backward nfe 0, Train: 0.8833, Val: 0.8146, Test: 0.8076, Best time: 3.2490
After OOD adjustment: Training instances of last class: 0
After OOD adjustment: Testing instances of last class: 257
Epoch: 096, Runtime 0.812308, Loss 0.252398, forward nfe 0, backward nfe 0, Train: 0.8833, Val: 0.8146, Test: 0.8076, Best time: 3.2490
After OOD adjustment: Training instances of last class: 0
After OOD adjustment: Testing instances of last class: 257
Epoch: 097, Runtime 0.807280, Loss 0.250072, forward nfe 0, backward nfe 0, Train: 0.8833, Val: 0.8146, Test: 0.8076, Best time: 3.2490
After OOD adjustment: Training instances of last class: 0
After OOD adjustment: Testing instances of last class: 257
Epoch: 098, Runtime 0.797168, Loss 0.247785, forward nfe 0, backward nfe 0, Train: 0.8833, Val: 0.8146, Test: 0.8076, Best time: 3.2490
After OOD adjustment: Training instances of last class: 0
After OOD adjustment: Testing instances of last class: 257
Epoch: 099, Runtime 0.802055, Loss 0.245540, forward nfe 0, backward nfe 0, Train: 0.8833, Val: 0.8146, Test: 0.8076, Best time: 3.2490
best val accuracy 0.814615 with test accuracy 0.807592 at epoch 27 and best time 3.249016
base_directory resutls_prob/OOD_Computers
new_name:  gnn_ODD
file_path 1 resutls_prob/OOD_Computers/gnn_ODD_prediction_probabilities_55.npz
file_path 2 resutls_prob/OOD_Computers/gnn_ODD_prediction_probabilities_55.npz
Entropy Threshold: inf Test accuracy: 0.8075919535392644
Entropy Threshold: 2 Test accuracy: 0.8603819948620575
Entropy Threshold: 1.6 Test accuracy: 0.9010608356787183
Entropy Threshold: 1.5 Test accuracy: 0.9021571648690293
Entropy Threshold: 1.4 Test accuracy: 0.9041137326073805
Entropy Threshold: 1.3 Test accuracy: 0.9071117561683599
Entropy Threshold: 1.2 Test accuracy: 0.9073236889692586
Entropy Threshold: 1.1 Test accuracy: 0.9128329297820823
Entropy Threshold: 0.9 Test accuracy: 0.9427942794279428
Entropy Threshold: 0.8 Test accuracy: 0.9525801952580195
Entropy Threshold: 0.7 Test accuracy: 0.9621621621621622
Entropy Threshold: 0.6 Test accuracy: 0.9656862745098039
Entropy Threshold: 0.5 Test accuracy: 0.9563758389261745
Entropy Threshold: 0.4 Test accuracy: 0.9637305699481865
Entropy Threshold: 0.3 Test accuracy: 0.9495798319327731
Entropy Threshold: 0.2 Test accuracy: 0.9107142857142857
Entropy Threshold: 0.1 Test accuracy: 0.8928571428571429
