[KeOps] Warning : cuda was detected, but driver API could not be initialized. Switching to cpu only.
Folder already exists: results/cora
experiment: 0
Dataset size (num_nodes): 2485, Intended development set size (num_development): 1500
Dataset size (num_nodes): 2485, Actual development set size (num_development): 1500
rations: train 140, val 1360, test 985
Before OOD adjustment: Total instances of last class: 131
Before OOD adjustment: Training instances of last class: 20
Before OOD adjustment: Testing instances of last class: 55
Before OOD adjustment: Val instances of last class: 56
total train + val+ test 131
After OOD adjustment: Training instances of last class: 0
After OOD adjustment: Testing instances of last class: 55
Total number of classes: 7
number of classes to train: 6
using file gn_sde.py
sigma 1.0
rtol 0.01
t1 0.01
Dataset size (num_nodes): 2485, Intended development set size (num_development): 1500
Dataset size (num_nodes): 2485, Actual development set size (num_development): 1500
rations: train 140, val 1360, test 985
within set_train_val_test_split function!
Before OOD adjustment: Total instances of last class: 131
Before OOD adjustment: Training instances of last class: 20
Before OOD adjustment: Testing instances of last class: 42
Before OOD adjustment: Val instances of last class: 69
total train + val+ test 131
After OOD adjustment: Training instances of last class: 0
After OOD adjustment: Testing instances of last class: 42
LatentGraphSDE(
  (net): Sequential(
    (0): MyGCN(
      (activation): Softplus(beta=1, threshold=20)
      (conv1): GCNConv(81, 80)
    )
    (1): MyGCN(
      (conv1): GCNConv(80, 80)
    )
  )
  (in_net): MyGCN(
    (conv1): GCNConv(1433, 80)
  )
  (projection_net): Sequential(
    (0): Flatten(start_dim=1, end_dim=-1)
    (1): MyGCN(
      (conv1): GCNConv(80, 6)
    )
  )
)
qy0_mean
torch.Size([1, 80])
qy0_logvar
torch.Size([1, 80])
net.0.conv1.bias
torch.Size([80])
net.0.conv1.lin.weight
torch.Size([80, 81])
net.1.conv1.bias
torch.Size([80])
net.1.conv1.lin.weight
torch.Size([80, 80])
in_net.conv1.bias
torch.Size([80])
in_net.conv1.lin.weight
torch.Size([80, 1433])
projection_net.1.conv1.bias
torch.Size([6])
projection_net.1.conv1.lin.weight
torch.Size([6, 80])
After OOD adjustment: Training instances of last class: 0
After OOD adjustment: Testing instances of last class: 42
Epoch: 001, Runtime 3.637104, Loss 1.798798, forward nfe 0, backward nfe 0, Train: 0.2750, Val: 0.2926, Test: 0.2640, Best time: 18.2948
After OOD adjustment: Training instances of last class: 0
After OOD adjustment: Testing instances of last class: 42
Epoch: 002, Runtime 3.473874, Loss 1.772167, forward nfe 0, backward nfe 0, Train: 0.3083, Val: 0.3456, Test: 0.3239, Best time: 18.2948
After OOD adjustment: Training instances of last class: 0
After OOD adjustment: Testing instances of last class: 42
Epoch: 003, Runtime 3.443766, Loss 1.733401, forward nfe 0, backward nfe 0, Train: 0.5583, Val: 0.4037, Test: 0.4091, Best time: 18.2948
After OOD adjustment: Training instances of last class: 0
After OOD adjustment: Testing instances of last class: 42
Epoch: 004, Runtime 3.477829, Loss 1.697157, forward nfe 0, backward nfe 0, Train: 0.7417, Val: 0.4647, Test: 0.4751, Best time: 18.2948
After OOD adjustment: Training instances of last class: 0
After OOD adjustment: Testing instances of last class: 42
Epoch: 005, Runtime 3.457516, Loss 1.676197, forward nfe 0, backward nfe 0, Train: 0.7917, Val: 0.4882, Test: 0.5208, Best time: 18.2948
After OOD adjustment: Training instances of last class: 0
After OOD adjustment: Testing instances of last class: 42
Epoch: 006, Runtime 3.480707, Loss 1.649234, forward nfe 0, backward nfe 0, Train: 0.8000, Val: 0.5691, Test: 0.5645, Best time: 18.2948
After OOD adjustment: Training instances of last class: 0
After OOD adjustment: Testing instances of last class: 42
Epoch: 007, Runtime 3.532956, Loss 1.598090, forward nfe 0, backward nfe 0, Train: 0.8583, Val: 0.5978, Test: 0.6203, Best time: 18.2948
After OOD adjustment: Training instances of last class: 0
After OOD adjustment: Testing instances of last class: 42
Epoch: 008, Runtime 3.575468, Loss 1.581259, forward nfe 0, backward nfe 0, Train: 0.8667, Val: 0.6235, Test: 0.6640, Best time: 18.2948
After OOD adjustment: Training instances of last class: 0
After OOD adjustment: Testing instances of last class: 42
Epoch: 009, Runtime 3.462040, Loss 1.538041, forward nfe 0, backward nfe 0, Train: 0.9750, Val: 0.6500, Test: 0.6782, Best time: 18.2948
After OOD adjustment: Training instances of last class: 0
After OOD adjustment: Testing instances of last class: 42
Epoch: 010, Runtime 3.434939, Loss 1.502382, forward nfe 0, backward nfe 0, Train: 0.9500, Val: 0.6868, Test: 0.6924, Best time: 18.2948
After OOD adjustment: Training instances of last class: 0
After OOD adjustment: Testing instances of last class: 42
Epoch: 011, Runtime 3.448309, Loss 1.471284, forward nfe 0, backward nfe 0, Train: 0.9583, Val: 0.7044, Test: 0.7066, Best time: 18.2948
After OOD adjustment: Training instances of last class: 0
After OOD adjustment: Testing instances of last class: 42
Epoch: 012, Runtime 3.440678, Loss 1.433004, forward nfe 0, backward nfe 0, Train: 0.9583, Val: 0.7088, Test: 0.7025, Best time: 18.2948
After OOD adjustment: Training instances of last class: 0
After OOD adjustment: Testing instances of last class: 42
Epoch: 013, Runtime 3.439462, Loss 1.389708, forward nfe 0, backward nfe 0, Train: 0.9833, Val: 0.7110, Test: 0.7289, Best time: 18.2948
After OOD adjustment: Training instances of last class: 0
After OOD adjustment: Testing instances of last class: 42
Epoch: 014, Runtime 3.449166, Loss 1.355311, forward nfe 0, backward nfe 0, Train: 0.9833, Val: 0.7250, Test: 0.7411, Best time: 18.2948
After OOD adjustment: Training instances of last class: 0
After OOD adjustment: Testing instances of last class: 42
Epoch: 015, Runtime 3.431984, Loss 1.313088, forward nfe 0, backward nfe 0, Train: 0.9750, Val: 0.7279, Test: 0.7513, Best time: 18.2948
After OOD adjustment: Training instances of last class: 0
After OOD adjustment: Testing instances of last class: 42
Epoch: 016, Runtime 3.434599, Loss 1.274525, forward nfe 0, backward nfe 0, Train: 0.9833, Val: 0.7449, Test: 0.7492, Best time: 18.2948
After OOD adjustment: Training instances of last class: 0
After OOD adjustment: Testing instances of last class: 42
Epoch: 017, Runtime 3.431939, Loss 1.231427, forward nfe 0, backward nfe 0, Train: 0.9917, Val: 0.7515, Test: 0.7523, Best time: 18.2948
After OOD adjustment: Training instances of last class: 0
After OOD adjustment: Testing instances of last class: 42
Epoch: 018, Runtime 3.431220, Loss 1.181814, forward nfe 0, backward nfe 0, Train: 0.9917, Val: 0.7537, Test: 0.7665, Best time: 18.2948
After OOD adjustment: Training instances of last class: 0
After OOD adjustment: Testing instances of last class: 42
Epoch: 019, Runtime 3.439152, Loss 1.144221, forward nfe 0, backward nfe 0, Train: 0.9917, Val: 0.7596, Test: 0.7716, Best time: 18.2948
After OOD adjustment: Training instances of last class: 0
After OOD adjustment: Testing instances of last class: 42
Epoch: 020, Runtime 3.363925, Loss 1.119912, forward nfe 0, backward nfe 0, Train: 0.9917, Val: 0.7596, Test: 0.7716, Best time: 18.2948
After OOD adjustment: Training instances of last class: 0
After OOD adjustment: Testing instances of last class: 42
Epoch: 021, Runtime 3.443597, Loss 1.068771, forward nfe 0, backward nfe 0, Train: 0.9917, Val: 0.7699, Test: 0.7736, Best time: 18.2948
After OOD adjustment: Training instances of last class: 0
After OOD adjustment: Testing instances of last class: 42
Epoch: 022, Runtime 3.378119, Loss 1.036901, forward nfe 0, backward nfe 0, Train: 0.9917, Val: 0.7699, Test: 0.7736, Best time: 18.2948
After OOD adjustment: Training instances of last class: 0
After OOD adjustment: Testing instances of last class: 42
Epoch: 023, Runtime 3.455326, Loss 0.978297, forward nfe 0, backward nfe 0, Train: 0.9750, Val: 0.7750, Test: 0.7848, Best time: 18.2948
After OOD adjustment: Training instances of last class: 0
After OOD adjustment: Testing instances of last class: 42
Epoch: 024, Runtime 3.372096, Loss 0.951961, forward nfe 0, backward nfe 0, Train: 0.9750, Val: 0.7750, Test: 0.7848, Best time: 18.2948
After OOD adjustment: Training instances of last class: 0
After OOD adjustment: Testing instances of last class: 42
Epoch: 025, Runtime 3.456996, Loss 0.915954, forward nfe 0, backward nfe 0, Train: 0.9833, Val: 0.7757, Test: 0.7787, Best time: 18.2948
After OOD adjustment: Training instances of last class: 0
After OOD adjustment: Testing instances of last class: 42
Epoch: 026, Runtime 3.364671, Loss 0.867617, forward nfe 0, backward nfe 0, Train: 0.9833, Val: 0.7757, Test: 0.7787, Best time: 18.2948
After OOD adjustment: Training instances of last class: 0
After OOD adjustment: Testing instances of last class: 42
Epoch: 027, Runtime 3.369807, Loss 0.848287, forward nfe 0, backward nfe 0, Train: 0.9833, Val: 0.7757, Test: 0.7787, Best time: 18.2948
After OOD adjustment: Training instances of last class: 0
After OOD adjustment: Testing instances of last class: 42
Epoch: 028, Runtime 3.459478, Loss 0.816431, forward nfe 0, backward nfe 0, Train: 0.9917, Val: 0.7772, Test: 0.7858, Best time: 18.2948
After OOD adjustment: Training instances of last class: 0
After OOD adjustment: Testing instances of last class: 42
Epoch: 029, Runtime 3.359872, Loss 0.778145, forward nfe 0, backward nfe 0, Train: 0.9917, Val: 0.7772, Test: 0.7858, Best time: 18.2948
After OOD adjustment: Training instances of last class: 0
After OOD adjustment: Testing instances of last class: 42
Epoch: 030, Runtime 3.379249, Loss 0.738310, forward nfe 0, backward nfe 0, Train: 0.9917, Val: 0.7772, Test: 0.7858, Best time: 18.2948
After OOD adjustment: Training instances of last class: 0
After OOD adjustment: Testing instances of last class: 42
Epoch: 031, Runtime 3.357016, Loss 0.693875, forward nfe 0, backward nfe 0, Train: 0.9917, Val: 0.7772, Test: 0.7858, Best time: 18.2948
After OOD adjustment: Training instances of last class: 0
After OOD adjustment: Testing instances of last class: 42
Epoch: 032, Runtime 3.375910, Loss 0.669740, forward nfe 0, backward nfe 0, Train: 0.9917, Val: 0.7772, Test: 0.7858, Best time: 18.2948
After OOD adjustment: Training instances of last class: 0
After OOD adjustment: Testing instances of last class: 42
Epoch: 033, Runtime 3.484486, Loss 0.653122, forward nfe 0, backward nfe 0, Train: 0.9833, Val: 0.7779, Test: 0.7838, Best time: 18.2948
After OOD adjustment: Training instances of last class: 0
After OOD adjustment: Testing instances of last class: 42
Epoch: 034, Runtime 3.367563, Loss 0.623909, forward nfe 0, backward nfe 0, Train: 0.9833, Val: 0.7779, Test: 0.7838, Best time: 18.2948
After OOD adjustment: Training instances of last class: 0
After OOD adjustment: Testing instances of last class: 42
Epoch: 035, Runtime 3.344767, Loss 0.595522, forward nfe 0, backward nfe 0, Train: 0.9833, Val: 0.7779, Test: 0.7838, Best time: 18.2948
After OOD adjustment: Training instances of last class: 0
After OOD adjustment: Testing instances of last class: 42
Epoch: 036, Runtime 3.377870, Loss 0.573653, forward nfe 0, backward nfe 0, Train: 0.9833, Val: 0.7779, Test: 0.7838, Best time: 18.2948
After OOD adjustment: Training instances of last class: 0
After OOD adjustment: Testing instances of last class: 42
Epoch: 037, Runtime 3.369029, Loss 0.533574, forward nfe 0, backward nfe 0, Train: 0.9833, Val: 0.7779, Test: 0.7838, Best time: 18.2948
After OOD adjustment: Training instances of last class: 0
After OOD adjustment: Testing instances of last class: 42
Epoch: 038, Runtime 3.383139, Loss 0.517336, forward nfe 0, backward nfe 0, Train: 0.9833, Val: 0.7779, Test: 0.7838, Best time: 18.2948
After OOD adjustment: Training instances of last class: 0
After OOD adjustment: Testing instances of last class: 42
Epoch: 039, Runtime 3.450106, Loss 0.496580, forward nfe 0, backward nfe 0, Train: 0.9833, Val: 0.7801, Test: 0.7817, Best time: 18.2948
After OOD adjustment: Training instances of last class: 0
After OOD adjustment: Testing instances of last class: 42
Epoch: 040, Runtime 3.381043, Loss 0.480426, forward nfe 0, backward nfe 0, Train: 0.9833, Val: 0.7801, Test: 0.7817, Best time: 18.2948
After OOD adjustment: Training instances of last class: 0
After OOD adjustment: Testing instances of last class: 42
Epoch: 041, Runtime 3.363386, Loss 0.453668, forward nfe 0, backward nfe 0, Train: 0.9833, Val: 0.7801, Test: 0.7817, Best time: 18.2948
After OOD adjustment: Training instances of last class: 0
After OOD adjustment: Testing instances of last class: 42
Epoch: 042, Runtime 3.943309, Loss 0.432318, forward nfe 0, backward nfe 0, Train: 0.9833, Val: 0.7801, Test: 0.7817, Best time: 18.2948
After OOD adjustment: Training instances of last class: 0
After OOD adjustment: Testing instances of last class: 42
Epoch: 043, Runtime 4.119398, Loss 0.420373, forward nfe 0, backward nfe 0, Train: 0.9833, Val: 0.7801, Test: 0.7817, Best time: 18.2948
After OOD adjustment: Training instances of last class: 0
After OOD adjustment: Testing instances of last class: 42
Epoch: 044, Runtime 4.224088, Loss 0.394206, forward nfe 0, backward nfe 0, Train: 0.9833, Val: 0.7801, Test: 0.7817, Best time: 18.2948
After OOD adjustment: Training instances of last class: 0
After OOD adjustment: Testing instances of last class: 42
Epoch: 045, Runtime 4.256398, Loss 0.393506, forward nfe 0, backward nfe 0, Train: 0.9833, Val: 0.7801, Test: 0.7817, Best time: 18.2948
After OOD adjustment: Training instances of last class: 0
After OOD adjustment: Testing instances of last class: 42
Epoch: 046, Runtime 4.247820, Loss 0.366520, forward nfe 0, backward nfe 0, Train: 0.9833, Val: 0.7801, Test: 0.7817, Best time: 18.2948
After OOD adjustment: Training instances of last class: 0
After OOD adjustment: Testing instances of last class: 42
Epoch: 047, Runtime 4.297895, Loss 0.361291, forward nfe 0, backward nfe 0, Train: 0.9833, Val: 0.7801, Test: 0.7817, Best time: 18.2948
After OOD adjustment: Training instances of last class: 0
After OOD adjustment: Testing instances of last class: 42
Epoch: 048, Runtime 4.411442, Loss 0.341390, forward nfe 0, backward nfe 0, Train: 0.9833, Val: 0.7816, Test: 0.7797, Best time: 18.2948
After OOD adjustment: Training instances of last class: 0
After OOD adjustment: Testing instances of last class: 42
Epoch: 049, Runtime 4.216096, Loss 0.332326, forward nfe 0, backward nfe 0, Train: 0.9833, Val: 0.7816, Test: 0.7797, Best time: 18.2948
After OOD adjustment: Training instances of last class: 0
After OOD adjustment: Testing instances of last class: 42
Epoch: 050, Runtime 4.301847, Loss 0.314886, forward nfe 0, backward nfe 0, Train: 0.9833, Val: 0.7816, Test: 0.7797, Best time: 18.2948
After OOD adjustment: Training instances of last class: 0
After OOD adjustment: Testing instances of last class: 42
Epoch: 051, Runtime 4.261682, Loss 0.291407, forward nfe 0, backward nfe 0, Train: 0.9833, Val: 0.7816, Test: 0.7797, Best time: 18.2948
After OOD adjustment: Training instances of last class: 0
After OOD adjustment: Testing instances of last class: 42
Epoch: 052, Runtime 4.296136, Loss 0.278852, forward nfe 0, backward nfe 0, Train: 0.9833, Val: 0.7816, Test: 0.7797, Best time: 18.2948
After OOD adjustment: Training instances of last class: 0
After OOD adjustment: Testing instances of last class: 42
Epoch: 053, Runtime 4.289927, Loss 0.280241, forward nfe 0, backward nfe 0, Train: 0.9833, Val: 0.7816, Test: 0.7797, Best time: 18.2948
After OOD adjustment: Training instances of last class: 0
After OOD adjustment: Testing instances of last class: 42
Epoch: 054, Runtime 4.283193, Loss 0.264048, forward nfe 0, backward nfe 0, Train: 0.9833, Val: 0.7816, Test: 0.7797, Best time: 18.2948
After OOD adjustment: Training instances of last class: 0
After OOD adjustment: Testing instances of last class: 42
Epoch: 055, Runtime 4.291400, Loss 0.250100, forward nfe 0, backward nfe 0, Train: 0.9833, Val: 0.7816, Test: 0.7797, Best time: 18.2948
After OOD adjustment: Training instances of last class: 0
After OOD adjustment: Testing instances of last class: 42
Epoch: 056, Runtime 4.241766, Loss 0.254148, forward nfe 0, backward nfe 0, Train: 0.9833, Val: 0.7816, Test: 0.7797, Best time: 18.2948
After OOD adjustment: Training instances of last class: 0
After OOD adjustment: Testing instances of last class: 42
Epoch: 057, Runtime 4.227625, Loss 0.239309, forward nfe 0, backward nfe 0, Train: 0.9833, Val: 0.7816, Test: 0.7797, Best time: 18.2948
After OOD adjustment: Training instances of last class: 0
After OOD adjustment: Testing instances of last class: 42
Epoch: 058, Runtime 4.294204, Loss 0.219134, forward nfe 0, backward nfe 0, Train: 0.9833, Val: 0.7816, Test: 0.7797, Best time: 18.2948
After OOD adjustment: Training instances of last class: 0
After OOD adjustment: Testing instances of last class: 42
Epoch: 059, Runtime 4.247643, Loss 0.209076, forward nfe 0, backward nfe 0, Train: 0.9833, Val: 0.7816, Test: 0.7797, Best time: 18.2948
After OOD adjustment: Training instances of last class: 0
After OOD adjustment: Testing instances of last class: 42
Epoch: 060, Runtime 4.242310, Loss 0.201514, forward nfe 0, backward nfe 0, Train: 0.9833, Val: 0.7816, Test: 0.7797, Best time: 18.2948
After OOD adjustment: Training instances of last class: 0
After OOD adjustment: Testing instances of last class: 42
Epoch: 061, Runtime 4.209964, Loss 0.204705, forward nfe 0, backward nfe 0, Train: 0.9833, Val: 0.7816, Test: 0.7797, Best time: 18.2948
After OOD adjustment: Training instances of last class: 0
After OOD adjustment: Testing instances of last class: 42
Epoch: 062, Runtime 4.253020, Loss 0.201213, forward nfe 0, backward nfe 0, Train: 0.9833, Val: 0.7816, Test: 0.7797, Best time: 18.2948
After OOD adjustment: Training instances of last class: 0
After OOD adjustment: Testing instances of last class: 42
Epoch: 063, Runtime 4.322773, Loss 0.193898, forward nfe 0, backward nfe 0, Train: 0.9833, Val: 0.7816, Test: 0.7797, Best time: 18.2948
After OOD adjustment: Training instances of last class: 0
After OOD adjustment: Testing instances of last class: 42
Epoch: 064, Runtime 4.233537, Loss 0.171574, forward nfe 0, backward nfe 0, Train: 0.9833, Val: 0.7816, Test: 0.7797, Best time: 18.2948
After OOD adjustment: Training instances of last class: 0
After OOD adjustment: Testing instances of last class: 42
Epoch: 065, Runtime 4.312101, Loss 0.169095, forward nfe 0, backward nfe 0, Train: 0.9833, Val: 0.7816, Test: 0.7797, Best time: 18.2948
After OOD adjustment: Training instances of last class: 0
After OOD adjustment: Testing instances of last class: 42
Epoch: 066, Runtime 4.312590, Loss 0.164105, forward nfe 0, backward nfe 0, Train: 0.9833, Val: 0.7816, Test: 0.7797, Best time: 18.2948
After OOD adjustment: Training instances of last class: 0
After OOD adjustment: Testing instances of last class: 42
Epoch: 067, Runtime 4.324342, Loss 0.150354, forward nfe 0, backward nfe 0, Train: 0.9833, Val: 0.7816, Test: 0.7797, Best time: 18.2948
After OOD adjustment: Training instances of last class: 0
After OOD adjustment: Testing instances of last class: 42
Epoch: 068, Runtime 4.275646, Loss 0.168027, forward nfe 0, backward nfe 0, Train: 0.9833, Val: 0.7816, Test: 0.7797, Best time: 18.2948
After OOD adjustment: Training instances of last class: 0
After OOD adjustment: Testing instances of last class: 42
Epoch: 069, Runtime 4.359427, Loss 0.153285, forward nfe 0, backward nfe 0, Train: 0.9833, Val: 0.7816, Test: 0.7797, Best time: 18.2948
After OOD adjustment: Training instances of last class: 0
After OOD adjustment: Testing instances of last class: 42
Epoch: 070, Runtime 4.304162, Loss 0.154875, forward nfe 0, backward nfe 0, Train: 0.9833, Val: 0.7816, Test: 0.7797, Best time: 18.2948
After OOD adjustment: Training instances of last class: 0
After OOD adjustment: Testing instances of last class: 42
Epoch: 071, Runtime 4.270937, Loss 0.149161, forward nfe 0, backward nfe 0, Train: 0.9833, Val: 0.7816, Test: 0.7797, Best time: 18.2948
After OOD adjustment: Training instances of last class: 0
After OOD adjustment: Testing instances of last class: 42
Epoch: 072, Runtime 4.317962, Loss 0.137223, forward nfe 0, backward nfe 0, Train: 0.9833, Val: 0.7816, Test: 0.7797, Best time: 18.2948
After OOD adjustment: Training instances of last class: 0
After OOD adjustment: Testing instances of last class: 42
Epoch: 073, Runtime 4.238931, Loss 0.129223, forward nfe 0, backward nfe 0, Train: 0.9833, Val: 0.7816, Test: 0.7797, Best time: 18.2948
After OOD adjustment: Training instances of last class: 0
After OOD adjustment: Testing instances of last class: 42
Epoch: 074, Runtime 4.296979, Loss 0.138385, forward nfe 0, backward nfe 0, Train: 0.9833, Val: 0.7816, Test: 0.7797, Best time: 18.2948
After OOD adjustment: Training instances of last class: 0
After OOD adjustment: Testing instances of last class: 42
Epoch: 075, Runtime 4.234496, Loss 0.124313, forward nfe 0, backward nfe 0, Train: 0.9833, Val: 0.7816, Test: 0.7797, Best time: 18.2948
After OOD adjustment: Training instances of last class: 0
After OOD adjustment: Testing instances of last class: 42
Epoch: 076, Runtime 4.468235, Loss 0.117979, forward nfe 0, backward nfe 0, Train: 0.9833, Val: 0.7816, Test: 0.7797, Best time: 18.2948
After OOD adjustment: Training instances of last class: 0
After OOD adjustment: Testing instances of last class: 42
Epoch: 077, Runtime 5.014951, Loss 0.117546, forward nfe 0, backward nfe 0, Train: 0.9833, Val: 0.7816, Test: 0.7797, Best time: 18.2948
After OOD adjustment: Training instances of last class: 0
After OOD adjustment: Testing instances of last class: 42
Epoch: 078, Runtime 5.026668, Loss 0.105471, forward nfe 0, backward nfe 0, Train: 0.9833, Val: 0.7816, Test: 0.7797, Best time: 18.2948
After OOD adjustment: Training instances of last class: 0
After OOD adjustment: Testing instances of last class: 42
Epoch: 079, Runtime 4.999138, Loss 0.109995, forward nfe 0, backward nfe 0, Train: 0.9833, Val: 0.7816, Test: 0.7797, Best time: 18.2948
After OOD adjustment: Training instances of last class: 0
After OOD adjustment: Testing instances of last class: 42
Epoch: 080, Runtime 4.990309, Loss 0.104241, forward nfe 0, backward nfe 0, Train: 0.9833, Val: 0.7816, Test: 0.7797, Best time: 18.2948
After OOD adjustment: Training instances of last class: 0
After OOD adjustment: Testing instances of last class: 42
Epoch: 081, Runtime 4.989168, Loss 0.104959, forward nfe 0, backward nfe 0, Train: 0.9833, Val: 0.7816, Test: 0.7797, Best time: 18.2948
After OOD adjustment: Training instances of last class: 0
After OOD adjustment: Testing instances of last class: 42
Epoch: 082, Runtime 4.947998, Loss 0.108172, forward nfe 0, backward nfe 0, Train: 0.9833, Val: 0.7816, Test: 0.7797, Best time: 18.2948
After OOD adjustment: Training instances of last class: 0
After OOD adjustment: Testing instances of last class: 42
Epoch: 083, Runtime 5.176353, Loss 0.108048, forward nfe 0, backward nfe 0, Train: 0.9833, Val: 0.7816, Test: 0.7797, Best time: 18.2948
After OOD adjustment: Training instances of last class: 0
After OOD adjustment: Testing instances of last class: 42
Epoch: 084, Runtime 5.126473, Loss 0.090347, forward nfe 0, backward nfe 0, Train: 0.9833, Val: 0.7816, Test: 0.7797, Best time: 18.2948
After OOD adjustment: Training instances of last class: 0
After OOD adjustment: Testing instances of last class: 42
Epoch: 085, Runtime 5.201494, Loss 0.088585, forward nfe 0, backward nfe 0, Train: 0.9833, Val: 0.7816, Test: 0.7797, Best time: 18.2948
After OOD adjustment: Training instances of last class: 0
After OOD adjustment: Testing instances of last class: 42
Epoch: 086, Runtime 5.004385, Loss 0.089959, forward nfe 0, backward nfe 0, Train: 0.9833, Val: 0.7816, Test: 0.7797, Best time: 18.2948
After OOD adjustment: Training instances of last class: 0
After OOD adjustment: Testing instances of last class: 42
Epoch: 087, Runtime 4.978266, Loss 0.085899, forward nfe 0, backward nfe 0, Train: 0.9833, Val: 0.7816, Test: 0.7797, Best time: 18.2948
After OOD adjustment: Training instances of last class: 0
After OOD adjustment: Testing instances of last class: 42
Epoch: 088, Runtime 4.910845, Loss 0.089984, forward nfe 0, backward nfe 0, Train: 0.9833, Val: 0.7816, Test: 0.7797, Best time: 18.2948
After OOD adjustment: Training instances of last class: 0
After OOD adjustment: Testing instances of last class: 42
Epoch: 089, Runtime 5.138620, Loss 0.087100, forward nfe 0, backward nfe 0, Train: 0.9833, Val: 0.7816, Test: 0.7797, Best time: 18.2948
After OOD adjustment: Training instances of last class: 0
After OOD adjustment: Testing instances of last class: 42
Epoch: 090, Runtime 4.909439, Loss 0.085657, forward nfe 0, backward nfe 0, Train: 0.9833, Val: 0.7816, Test: 0.7797, Best time: 18.2948
After OOD adjustment: Training instances of last class: 0
After OOD adjustment: Testing instances of last class: 42
Epoch: 091, Runtime 4.943749, Loss 0.084750, forward nfe 0, backward nfe 0, Train: 0.9833, Val: 0.7816, Test: 0.7797, Best time: 18.2948
After OOD adjustment: Training instances of last class: 0
After OOD adjustment: Testing instances of last class: 42
Epoch: 092, Runtime 4.989254, Loss 0.085563, forward nfe 0, backward nfe 0, Train: 0.9833, Val: 0.7816, Test: 0.7797, Best time: 18.2948
After OOD adjustment: Training instances of last class: 0
After OOD adjustment: Testing instances of last class: 42
Epoch: 093, Runtime 4.967416, Loss 0.079401, forward nfe 0, backward nfe 0, Train: 0.9833, Val: 0.7816, Test: 0.7797, Best time: 18.2948
After OOD adjustment: Training instances of last class: 0
After OOD adjustment: Testing instances of last class: 42
Epoch: 094, Runtime 5.048513, Loss 0.077832, forward nfe 0, backward nfe 0, Train: 0.9833, Val: 0.7816, Test: 0.7797, Best time: 18.2948
After OOD adjustment: Training instances of last class: 0
After OOD adjustment: Testing instances of last class: 42
Epoch: 095, Runtime 5.084649, Loss 0.072537, forward nfe 0, backward nfe 0, Train: 0.9833, Val: 0.7816, Test: 0.7797, Best time: 18.2948
After OOD adjustment: Training instances of last class: 0
After OOD adjustment: Testing instances of last class: 42
Epoch: 096, Runtime 4.992669, Loss 0.068874, forward nfe 0, backward nfe 0, Train: 0.9833, Val: 0.7816, Test: 0.7797, Best time: 18.2948
After OOD adjustment: Training instances of last class: 0
After OOD adjustment: Testing instances of last class: 42
Epoch: 097, Runtime 4.962157, Loss 0.070811, forward nfe 0, backward nfe 0, Train: 0.9833, Val: 0.7816, Test: 0.7797, Best time: 18.2948
After OOD adjustment: Training instances of last class: 0
After OOD adjustment: Testing instances of last class: 42
Epoch: 098, Runtime 4.957448, Loss 0.068213, forward nfe 0, backward nfe 0, Train: 0.9833, Val: 0.7816, Test: 0.7797, Best time: 18.2948
After OOD adjustment: Training instances of last class: 0
After OOD adjustment: Testing instances of last class: 42
Epoch: 099, Runtime 4.981797, Loss 0.071448, forward nfe 0, backward nfe 0, Train: 0.9833, Val: 0.7816, Test: 0.7797, Best time: 18.2948
After OOD adjustment: Training instances of last class: 0
After OOD adjustment: Testing instances of last class: 42
Epoch: 100, Runtime 5.007715, Loss 0.062657, forward nfe 0, backward nfe 0, Train: 0.9833, Val: 0.7816, Test: 0.7797, Best time: 18.2948
After OOD adjustment: Training instances of last class: 0
After OOD adjustment: Testing instances of last class: 42
Epoch: 101, Runtime 4.855193, Loss 0.066027, forward nfe 0, backward nfe 0, Train: 0.9833, Val: 0.7816, Test: 0.7797, Best time: 18.2948
After OOD adjustment: Training instances of last class: 0
After OOD adjustment: Testing instances of last class: 42
Epoch: 102, Runtime 4.890368, Loss 0.062185, forward nfe 0, backward nfe 0, Train: 0.9833, Val: 0.7816, Test: 0.7797, Best time: 18.2948
After OOD adjustment: Training instances of last class: 0
After OOD adjustment: Testing instances of last class: 42
Epoch: 103, Runtime 4.880878, Loss 0.062170, forward nfe 0, backward nfe 0, Train: 0.9833, Val: 0.7816, Test: 0.7797, Best time: 18.2948
After OOD adjustment: Training instances of last class: 0
After OOD adjustment: Testing instances of last class: 42
Epoch: 104, Runtime 4.994582, Loss 0.055148, forward nfe 0, backward nfe 0, Train: 0.9833, Val: 0.7816, Test: 0.7797, Best time: 18.2948
After OOD adjustment: Training instances of last class: 0
After OOD adjustment: Testing instances of last class: 42
Epoch: 105, Runtime 4.922766, Loss 0.062385, forward nfe 0, backward nfe 0, Train: 0.9833, Val: 0.7816, Test: 0.7797, Best time: 18.2948
After OOD adjustment: Training instances of last class: 0
After OOD adjustment: Testing instances of last class: 42
Epoch: 106, Runtime 4.959746, Loss 0.054614, forward nfe 0, backward nfe 0, Train: 0.9833, Val: 0.7816, Test: 0.7797, Best time: 18.2948
After OOD adjustment: Training instances of last class: 0
After OOD adjustment: Testing instances of last class: 42
Epoch: 107, Runtime 4.934978, Loss 0.054311, forward nfe 0, backward nfe 0, Train: 0.9833, Val: 0.7816, Test: 0.7797, Best time: 18.2948
After OOD adjustment: Training instances of last class: 0
After OOD adjustment: Testing instances of last class: 42
Epoch: 108, Runtime 4.821582, Loss 0.055838, forward nfe 0, backward nfe 0, Train: 0.9833, Val: 0.7816, Test: 0.7797, Best time: 18.2948
After OOD adjustment: Training instances of last class: 0
After OOD adjustment: Testing instances of last class: 42
Epoch: 109, Runtime 4.929295, Loss 0.057203, forward nfe 0, backward nfe 0, Train: 0.9833, Val: 0.7816, Test: 0.7797, Best time: 18.2948
After OOD adjustment: Training instances of last class: 0
After OOD adjustment: Testing instances of last class: 42
Epoch: 110, Runtime 4.894234, Loss 0.055206, forward nfe 0, backward nfe 0, Train: 0.9833, Val: 0.7816, Test: 0.7797, Best time: 18.2948
After OOD adjustment: Training instances of last class: 0
After OOD adjustment: Testing instances of last class: 42
Epoch: 111, Runtime 4.977903, Loss 0.049888, forward nfe 0, backward nfe 0, Train: 0.9833, Val: 0.7816, Test: 0.7797, Best time: 18.2948
After OOD adjustment: Training instances of last class: 0
After OOD adjustment: Testing instances of last class: 42
Epoch: 112, Runtime 5.010111, Loss 0.054834, forward nfe 0, backward nfe 0, Train: 0.9833, Val: 0.7816, Test: 0.7797, Best time: 18.2948
After OOD adjustment: Training instances of last class: 0
After OOD adjustment: Testing instances of last class: 42
Epoch: 113, Runtime 4.965448, Loss 0.051134, forward nfe 0, backward nfe 0, Train: 0.9833, Val: 0.7816, Test: 0.7797, Best time: 18.2948
After OOD adjustment: Training instances of last class: 0
After OOD adjustment: Testing instances of last class: 42
Epoch: 114, Runtime 4.963541, Loss 0.044331, forward nfe 0, backward nfe 0, Train: 0.9833, Val: 0.7816, Test: 0.7797, Best time: 18.2948
After OOD adjustment: Training instances of last class: 0
After OOD adjustment: Testing instances of last class: 42
Epoch: 115, Runtime 5.273697, Loss 0.050931, forward nfe 0, backward nfe 0, Train: 0.9833, Val: 0.7816, Test: 0.7797, Best time: 18.2948
After OOD adjustment: Training instances of last class: 0
After OOD adjustment: Testing instances of last class: 42
Epoch: 116, Runtime 4.855235, Loss 0.041846, forward nfe 0, backward nfe 0, Train: 0.9833, Val: 0.7816, Test: 0.7797, Best time: 18.2948
After OOD adjustment: Training instances of last class: 0
After OOD adjustment: Testing instances of last class: 42
Epoch: 117, Runtime 4.965146, Loss 0.047068, forward nfe 0, backward nfe 0, Train: 0.9833, Val: 0.7816, Test: 0.7797, Best time: 18.2948
After OOD adjustment: Training instances of last class: 0
After OOD adjustment: Testing instances of last class: 42
Epoch: 118, Runtime 4.927815, Loss 0.044612, forward nfe 0, backward nfe 0, Train: 0.9833, Val: 0.7816, Test: 0.7797, Best time: 18.2948
After OOD adjustment: Training instances of last class: 0
After OOD adjustment: Testing instances of last class: 42
Epoch: 119, Runtime 4.935827, Loss 0.042971, forward nfe 0, backward nfe 0, Train: 0.9833, Val: 0.7816, Test: 0.7797, Best time: 18.2948
After OOD adjustment: Training instances of last class: 0
After OOD adjustment: Testing instances of last class: 42
Epoch: 120, Runtime 4.974569, Loss 0.050483, forward nfe 0, backward nfe 0, Train: 0.9833, Val: 0.7816, Test: 0.7797, Best time: 18.2948
After OOD adjustment: Training instances of last class: 0
After OOD adjustment: Testing instances of last class: 42
Epoch: 121, Runtime 4.846820, Loss 0.045764, forward nfe 0, backward nfe 0, Train: 0.9833, Val: 0.7816, Test: 0.7797, Best time: 18.2948
After OOD adjustment: Training instances of last class: 0
After OOD adjustment: Testing instances of last class: 42
Epoch: 122, Runtime 4.926248, Loss 0.044801, forward nfe 0, backward nfe 0, Train: 0.9833, Val: 0.7816, Test: 0.7797, Best time: 18.2948
After OOD adjustment: Training instances of last class: 0
After OOD adjustment: Testing instances of last class: 42
Epoch: 123, Runtime 4.870310, Loss 0.044697, forward nfe 0, backward nfe 0, Train: 0.9833, Val: 0.7816, Test: 0.7797, Best time: 18.2948
After OOD adjustment: Training instances of last class: 0
After OOD adjustment: Testing instances of last class: 42
Epoch: 124, Runtime 4.781265, Loss 0.042351, forward nfe 0, backward nfe 0, Train: 0.9833, Val: 0.7816, Test: 0.7797, Best time: 18.2948
After OOD adjustment: Training instances of last class: 0
After OOD adjustment: Testing instances of last class: 42
Epoch: 125, Runtime 5.086316, Loss 0.043034, forward nfe 0, backward nfe 0, Train: 0.9833, Val: 0.7816, Test: 0.7797, Best time: 18.2948
After OOD adjustment: Training instances of last class: 0
After OOD adjustment: Testing instances of last class: 42
Epoch: 126, Runtime 4.907734, Loss 0.046010, forward nfe 0, backward nfe 0, Train: 0.9833, Val: 0.7816, Test: 0.7797, Best time: 18.2948
After OOD adjustment: Training instances of last class: 0
After OOD adjustment: Testing instances of last class: 42
Epoch: 127, Runtime 4.910581, Loss 0.038010, forward nfe 0, backward nfe 0, Train: 0.9833, Val: 0.7816, Test: 0.7797, Best time: 18.2948
After OOD adjustment: Training instances of last class: 0
After OOD adjustment: Testing instances of last class: 42
Epoch: 128, Runtime 4.980066, Loss 0.041012, forward nfe 0, backward nfe 0, Train: 0.9833, Val: 0.7816, Test: 0.7797, Best time: 18.2948
After OOD adjustment: Training instances of last class: 0
After OOD adjustment: Testing instances of last class: 42
Epoch: 129, Runtime 5.167339, Loss 0.046179, forward nfe 0, backward nfe 0, Train: 0.9833, Val: 0.7816, Test: 0.7797, Best time: 18.2948
After OOD adjustment: Training instances of last class: 0
After OOD adjustment: Testing instances of last class: 42
Epoch: 130, Runtime 4.869739, Loss 0.037895, forward nfe 0, backward nfe 0, Train: 0.9833, Val: 0.7816, Test: 0.7797, Best time: 18.2948
After OOD adjustment: Training instances of last class: 0
After OOD adjustment: Testing instances of last class: 42
Epoch: 131, Runtime 4.864160, Loss 0.038635, forward nfe 0, backward nfe 0, Train: 0.9833, Val: 0.7816, Test: 0.7797, Best time: 18.2948
After OOD adjustment: Training instances of last class: 0
After OOD adjustment: Testing instances of last class: 42
Epoch: 132, Runtime 4.886766, Loss 0.038620, forward nfe 0, backward nfe 0, Train: 0.9833, Val: 0.7816, Test: 0.7797, Best time: 18.2948
After OOD adjustment: Training instances of last class: 0
After OOD adjustment: Testing instances of last class: 42
Epoch: 133, Runtime 4.929534, Loss 0.039766, forward nfe 0, backward nfe 0, Train: 0.9833, Val: 0.7816, Test: 0.7797, Best time: 18.2948
After OOD adjustment: Training instances of last class: 0
After OOD adjustment: Testing instances of last class: 42
Epoch: 134, Runtime 4.867615, Loss 0.035616, forward nfe 0, backward nfe 0, Train: 0.9833, Val: 0.7816, Test: 0.7797, Best time: 18.2948
After OOD adjustment: Training instances of last class: 0
After OOD adjustment: Testing instances of last class: 42
Epoch: 135, Runtime 4.804926, Loss 0.035158, forward nfe 0, backward nfe 0, Train: 0.9833, Val: 0.7816, Test: 0.7797, Best time: 18.2948
After OOD adjustment: Training instances of last class: 0
After OOD adjustment: Testing instances of last class: 42
Epoch: 136, Runtime 5.048839, Loss 0.034336, forward nfe 0, backward nfe 0, Train: 0.9833, Val: 0.7816, Test: 0.7797, Best time: 18.2948
After OOD adjustment: Training instances of last class: 0
After OOD adjustment: Testing instances of last class: 42
Epoch: 137, Runtime 5.028070, Loss 0.035276, forward nfe 0, backward nfe 0, Train: 0.9833, Val: 0.7816, Test: 0.7797, Best time: 18.2948
After OOD adjustment: Training instances of last class: 0
After OOD adjustment: Testing instances of last class: 42
Epoch: 138, Runtime 4.925411, Loss 0.035255, forward nfe 0, backward nfe 0, Train: 0.9833, Val: 0.7816, Test: 0.7797, Best time: 18.2948
After OOD adjustment: Training instances of last class: 0
After OOD adjustment: Testing instances of last class: 42
Epoch: 139, Runtime 4.853161, Loss 0.034048, forward nfe 0, backward nfe 0, Train: 0.9833, Val: 0.7816, Test: 0.7797, Best time: 18.2948
After OOD adjustment: Training instances of last class: 0
After OOD adjustment: Testing instances of last class: 42
Epoch: 140, Runtime 4.754152, Loss 0.033597, forward nfe 0, backward nfe 0, Train: 0.9833, Val: 0.7816, Test: 0.7797, Best time: 18.2948
After OOD adjustment: Training instances of last class: 0
After OOD adjustment: Testing instances of last class: 42
Epoch: 141, Runtime 4.866123, Loss 0.034716, forward nfe 0, backward nfe 0, Train: 0.9833, Val: 0.7816, Test: 0.7797, Best time: 18.2948
After OOD adjustment: Training instances of last class: 0
After OOD adjustment: Testing instances of last class: 42
Epoch: 142, Runtime 4.807093, Loss 0.032343, forward nfe 0, backward nfe 0, Train: 0.9833, Val: 0.7816, Test: 0.7797, Best time: 18.2948
After OOD adjustment: Training instances of last class: 0
After OOD adjustment: Testing instances of last class: 42
Epoch: 143, Runtime 4.760404, Loss 0.033622, forward nfe 0, backward nfe 0, Train: 0.9833, Val: 0.7816, Test: 0.7797, Best time: 18.2948
After OOD adjustment: Training instances of last class: 0
After OOD adjustment: Testing instances of last class: 42
Epoch: 144, Runtime 5.084787, Loss 0.032790, forward nfe 0, backward nfe 0, Train: 0.9833, Val: 0.7816, Test: 0.7797, Best time: 18.2948
After OOD adjustment: Training instances of last class: 0
After OOD adjustment: Testing instances of last class: 42
Epoch: 145, Runtime 4.842371, Loss 0.031282, forward nfe 0, backward nfe 0, Train: 0.9833, Val: 0.7816, Test: 0.7797, Best time: 18.2948
After OOD adjustment: Training instances of last class: 0
After OOD adjustment: Testing instances of last class: 42
Epoch: 146, Runtime 4.924802, Loss 0.031411, forward nfe 0, backward nfe 0, Train: 0.9833, Val: 0.7816, Test: 0.7797, Best time: 18.2948
After OOD adjustment: Training instances of last class: 0
After OOD adjustment: Testing instances of last class: 42
Epoch: 147, Runtime 4.922828, Loss 0.028687, forward nfe 0, backward nfe 0, Train: 0.9833, Val: 0.7816, Test: 0.7797, Best time: 18.2948
After OOD adjustment: Training instances of last class: 0
After OOD adjustment: Testing instances of last class: 42
Epoch: 148, Runtime 4.699893, Loss 0.030203, forward nfe 0, backward nfe 0, Train: 0.9833, Val: 0.7816, Test: 0.7797, Best time: 18.2948
After OOD adjustment: Training instances of last class: 0
After OOD adjustment: Testing instances of last class: 42
Epoch: 149, Runtime 4.707787, Loss 0.031142, forward nfe 0, backward nfe 0, Train: 0.9833, Val: 0.7816, Test: 0.7797, Best time: 18.2948
After OOD adjustment: Training instances of last class: 0
After OOD adjustment: Testing instances of last class: 42
Epoch: 150, Runtime 4.903271, Loss 0.032257, forward nfe 0, backward nfe 0, Train: 0.9833, Val: 0.7816, Test: 0.7797, Best time: 18.2948
After OOD adjustment: Training instances of last class: 0
After OOD adjustment: Testing instances of last class: 42
Epoch: 151, Runtime 4.802696, Loss 0.029358, forward nfe 0, backward nfe 0, Train: 0.9833, Val: 0.7816, Test: 0.7797, Best time: 18.2948
After OOD adjustment: Training instances of last class: 0
After OOD adjustment: Testing instances of last class: 42
Epoch: 152, Runtime 4.670422, Loss 0.033810, forward nfe 0, backward nfe 0, Train: 0.9833, Val: 0.7816, Test: 0.7797, Best time: 18.2948
After OOD adjustment: Training instances of last class: 0
After OOD adjustment: Testing instances of last class: 42
Epoch: 153, Runtime 4.901185, Loss 0.027936, forward nfe 0, backward nfe 0, Train: 0.9833, Val: 0.7816, Test: 0.7797, Best time: 18.2948
After OOD adjustment: Training instances of last class: 0
After OOD adjustment: Testing instances of last class: 42
Epoch: 154, Runtime 4.735076, Loss 0.028406, forward nfe 0, backward nfe 0, Train: 0.9833, Val: 0.7816, Test: 0.7797, Best time: 18.2948
After OOD adjustment: Training instances of last class: 0
After OOD adjustment: Testing instances of last class: 42
Epoch: 155, Runtime 4.804301, Loss 0.027153, forward nfe 0, backward nfe 0, Train: 0.9833, Val: 0.7816, Test: 0.7797, Best time: 18.2948
After OOD adjustment: Training instances of last class: 0
After OOD adjustment: Testing instances of last class: 42
Epoch: 156, Runtime 4.788339, Loss 0.026034, forward nfe 0, backward nfe 0, Train: 0.9833, Val: 0.7816, Test: 0.7797, Best time: 18.2948
After OOD adjustment: Training instances of last class: 0
After OOD adjustment: Testing instances of last class: 42
Epoch: 157, Runtime 4.754464, Loss 0.027045, forward nfe 0, backward nfe 0, Train: 0.9833, Val: 0.7816, Test: 0.7797, Best time: 18.2948
After OOD adjustment: Training instances of last class: 0
After OOD adjustment: Testing instances of last class: 42
Epoch: 158, Runtime 4.881310, Loss 0.026374, forward nfe 0, backward nfe 0, Train: 0.9833, Val: 0.7816, Test: 0.7797, Best time: 18.2948
After OOD adjustment: Training instances of last class: 0
After OOD adjustment: Testing instances of last class: 42
Epoch: 159, Runtime 4.791064, Loss 0.025726, forward nfe 0, backward nfe 0, Train: 0.9833, Val: 0.7816, Test: 0.7797, Best time: 18.2948
After OOD adjustment: Training instances of last class: 0
After OOD adjustment: Testing instances of last class: 42
Epoch: 160, Runtime 4.654187, Loss 0.023645, forward nfe 0, backward nfe 0, Train: 0.9833, Val: 0.7816, Test: 0.7797, Best time: 18.2948
After OOD adjustment: Training instances of last class: 0
After OOD adjustment: Testing instances of last class: 42
Epoch: 161, Runtime 4.700507, Loss 0.026596, forward nfe 0, backward nfe 0, Train: 0.9833, Val: 0.7816, Test: 0.7797, Best time: 18.2948
After OOD adjustment: Training instances of last class: 0
After OOD adjustment: Testing instances of last class: 42
Epoch: 162, Runtime 4.726855, Loss 0.027588, forward nfe 0, backward nfe 0, Train: 0.9833, Val: 0.7816, Test: 0.7797, Best time: 18.2948
After OOD adjustment: Training instances of last class: 0
After OOD adjustment: Testing instances of last class: 42
Epoch: 163, Runtime 4.767515, Loss 0.025016, forward nfe 0, backward nfe 0, Train: 0.9833, Val: 0.7816, Test: 0.7797, Best time: 18.2948
After OOD adjustment: Training instances of last class: 0
After OOD adjustment: Testing instances of last class: 42
Epoch: 164, Runtime 4.754434, Loss 0.025399, forward nfe 0, backward nfe 0, Train: 0.9833, Val: 0.7816, Test: 0.7797, Best time: 18.2948
After OOD adjustment: Training instances of last class: 0
After OOD adjustment: Testing instances of last class: 42
Epoch: 165, Runtime 4.705305, Loss 0.023614, forward nfe 0, backward nfe 0, Train: 0.9833, Val: 0.7816, Test: 0.7797, Best time: 18.2948
After OOD adjustment: Training instances of last class: 0
After OOD adjustment: Testing instances of last class: 42
Epoch: 166, Runtime 5.139769, Loss 0.026170, forward nfe 0, backward nfe 0, Train: 0.9833, Val: 0.7816, Test: 0.7797, Best time: 18.2948
After OOD adjustment: Training instances of last class: 0
After OOD adjustment: Testing instances of last class: 42
Epoch: 167, Runtime 4.959286, Loss 0.024522, forward nfe 0, backward nfe 0, Train: 0.9833, Val: 0.7816, Test: 0.7797, Best time: 18.2948
After OOD adjustment: Training instances of last class: 0
After OOD adjustment: Testing instances of last class: 42
Epoch: 168, Runtime 4.728902, Loss 0.024087, forward nfe 0, backward nfe 0, Train: 0.9833, Val: 0.7816, Test: 0.7797, Best time: 18.2948
After OOD adjustment: Training instances of last class: 0
After OOD adjustment: Testing instances of last class: 42
Epoch: 169, Runtime 4.723297, Loss 0.021933, forward nfe 0, backward nfe 0, Train: 0.9833, Val: 0.7816, Test: 0.7797, Best time: 18.2948
After OOD adjustment: Training instances of last class: 0
After OOD adjustment: Testing instances of last class: 42
Epoch: 170, Runtime 4.680269, Loss 0.026822, forward nfe 0, backward nfe 0, Train: 0.9833, Val: 0.7816, Test: 0.7797, Best time: 18.2948
After OOD adjustment: Training instances of last class: 0
After OOD adjustment: Testing instances of last class: 42
Epoch: 171, Runtime 4.735111, Loss 0.025536, forward nfe 0, backward nfe 0, Train: 0.9833, Val: 0.7816, Test: 0.7797, Best time: 18.2948
After OOD adjustment: Training instances of last class: 0
After OOD adjustment: Testing instances of last class: 42
Epoch: 172, Runtime 4.701154, Loss 0.023472, forward nfe 0, backward nfe 0, Train: 0.9833, Val: 0.7816, Test: 0.7797, Best time: 18.2948
After OOD adjustment: Training instances of last class: 0
After OOD adjustment: Testing instances of last class: 42
Epoch: 173, Runtime 4.734484, Loss 0.023328, forward nfe 0, backward nfe 0, Train: 0.9833, Val: 0.7816, Test: 0.7797, Best time: 18.2948
After OOD adjustment: Training instances of last class: 0
After OOD adjustment: Testing instances of last class: 42
Epoch: 174, Runtime 4.714810, Loss 0.020819, forward nfe 0, backward nfe 0, Train: 0.9833, Val: 0.7816, Test: 0.7797, Best time: 18.2948
After OOD adjustment: Training instances of last class: 0
After OOD adjustment: Testing instances of last class: 42
Epoch: 175, Runtime 4.793300, Loss 0.026111, forward nfe 0, backward nfe 0, Train: 0.9833, Val: 0.7816, Test: 0.7797, Best time: 18.2948
After OOD adjustment: Training instances of last class: 0
After OOD adjustment: Testing instances of last class: 42
Epoch: 176, Runtime 4.765330, Loss 0.022289, forward nfe 0, backward nfe 0, Train: 0.9833, Val: 0.7816, Test: 0.7797, Best time: 18.2948
After OOD adjustment: Training instances of last class: 0
After OOD adjustment: Testing instances of last class: 42
Epoch: 177, Runtime 4.871364, Loss 0.022634, forward nfe 0, backward nfe 0, Train: 0.9833, Val: 0.7816, Test: 0.7797, Best time: 18.2948
After OOD adjustment: Training instances of last class: 0
After OOD adjustment: Testing instances of last class: 42
Epoch: 178, Runtime 4.839847, Loss 0.020463, forward nfe 0, backward nfe 0, Train: 0.9833, Val: 0.7816, Test: 0.7797, Best time: 18.2948
After OOD adjustment: Training instances of last class: 0
After OOD adjustment: Testing instances of last class: 42
Epoch: 179, Runtime 4.787526, Loss 0.022024, forward nfe 0, backward nfe 0, Train: 0.9833, Val: 0.7816, Test: 0.7797, Best time: 18.2948
After OOD adjustment: Training instances of last class: 0
After OOD adjustment: Testing instances of last class: 42
Epoch: 180, Runtime 4.740294, Loss 0.021821, forward nfe 0, backward nfe 0, Train: 0.9833, Val: 0.7816, Test: 0.7797, Best time: 18.2948
After OOD adjustment: Training instances of last class: 0
After OOD adjustment: Testing instances of last class: 42
Epoch: 181, Runtime 4.710764, Loss 0.019706, forward nfe 0, backward nfe 0, Train: 0.9833, Val: 0.7816, Test: 0.7797, Best time: 18.2948
After OOD adjustment: Training instances of last class: 0
After OOD adjustment: Testing instances of last class: 42
Epoch: 182, Runtime 4.658701, Loss 0.019461, forward nfe 0, backward nfe 0, Train: 0.9833, Val: 0.7816, Test: 0.7797, Best time: 18.2948
After OOD adjustment: Training instances of last class: 0
After OOD adjustment: Testing instances of last class: 42
Epoch: 183, Runtime 4.750436, Loss 0.025469, forward nfe 0, backward nfe 0, Train: 0.9833, Val: 0.7816, Test: 0.7797, Best time: 18.2948
After OOD adjustment: Training instances of last class: 0
After OOD adjustment: Testing instances of last class: 42
Epoch: 184, Runtime 4.713061, Loss 0.021019, forward nfe 0, backward nfe 0, Train: 0.9833, Val: 0.7816, Test: 0.7797, Best time: 18.2948
After OOD adjustment: Training instances of last class: 0
After OOD adjustment: Testing instances of last class: 42
Epoch: 185, Runtime 4.791394, Loss 0.021238, forward nfe 0, backward nfe 0, Train: 0.9833, Val: 0.7816, Test: 0.7797, Best time: 18.2948
After OOD adjustment: Training instances of last class: 0
After OOD adjustment: Testing instances of last class: 42
Epoch: 186, Runtime 5.005743, Loss 0.022196, forward nfe 0, backward nfe 0, Train: 0.9833, Val: 0.7816, Test: 0.7797, Best time: 18.2948
After OOD adjustment: Training instances of last class: 0
After OOD adjustment: Testing instances of last class: 42
Epoch: 187, Runtime 4.824351, Loss 0.022282, forward nfe 0, backward nfe 0, Train: 0.9833, Val: 0.7816, Test: 0.7797, Best time: 18.2948
After OOD adjustment: Training instances of last class: 0
After OOD adjustment: Testing instances of last class: 42
Epoch: 188, Runtime 4.691617, Loss 0.018746, forward nfe 0, backward nfe 0, Train: 0.9833, Val: 0.7816, Test: 0.7797, Best time: 18.2948
After OOD adjustment: Training instances of last class: 0
After OOD adjustment: Testing instances of last class: 42
Epoch: 189, Runtime 4.687230, Loss 0.022578, forward nfe 0, backward nfe 0, Train: 0.9833, Val: 0.7816, Test: 0.7797, Best time: 18.2948
After OOD adjustment: Training instances of last class: 0
After OOD adjustment: Testing instances of last class: 42
Epoch: 190, Runtime 4.641943, Loss 0.018888, forward nfe 0, backward nfe 0, Train: 0.9833, Val: 0.7816, Test: 0.7797, Best time: 18.2948
After OOD adjustment: Training instances of last class: 0
After OOD adjustment: Testing instances of last class: 42
Epoch: 191, Runtime 4.585845, Loss 0.017691, forward nfe 0, backward nfe 0, Train: 0.9833, Val: 0.7816, Test: 0.7797, Best time: 18.2948
After OOD adjustment: Training instances of last class: 0
After OOD adjustment: Testing instances of last class: 42
Epoch: 192, Runtime 4.857330, Loss 0.017634, forward nfe 0, backward nfe 0, Train: 0.9833, Val: 0.7816, Test: 0.7797, Best time: 18.2948
After OOD adjustment: Training instances of last class: 0
After OOD adjustment: Testing instances of last class: 42
Epoch: 193, Runtime 4.756264, Loss 0.017638, forward nfe 0, backward nfe 0, Train: 0.9833, Val: 0.7816, Test: 0.7797, Best time: 18.2948
After OOD adjustment: Training instances of last class: 0
After OOD adjustment: Testing instances of last class: 42
Epoch: 194, Runtime 4.723664, Loss 0.016934, forward nfe 0, backward nfe 0, Train: 0.9833, Val: 0.7816, Test: 0.7797, Best time: 18.2948
After OOD adjustment: Training instances of last class: 0
After OOD adjustment: Testing instances of last class: 42
Epoch: 195, Runtime 4.766592, Loss 0.018437, forward nfe 0, backward nfe 0, Train: 0.9833, Val: 0.7816, Test: 0.7797, Best time: 18.2948
After OOD adjustment: Training instances of last class: 0
After OOD adjustment: Testing instances of last class: 42
Epoch: 196, Runtime 4.586467, Loss 0.017180, forward nfe 0, backward nfe 0, Train: 0.9833, Val: 0.7816, Test: 0.7797, Best time: 18.2948
After OOD adjustment: Training instances of last class: 0
After OOD adjustment: Testing instances of last class: 42
Epoch: 197, Runtime 4.623741, Loss 0.016414, forward nfe 0, backward nfe 0, Train: 0.9833, Val: 0.7816, Test: 0.7797, Best time: 18.2948
After OOD adjustment: Training instances of last class: 0
After OOD adjustment: Testing instances of last class: 42
Epoch: 198, Runtime 4.729295, Loss 0.019247, forward nfe 0, backward nfe 0, Train: 0.9833, Val: 0.7816, Test: 0.7797, Best time: 18.2948
After OOD adjustment: Training instances of last class: 0
After OOD adjustment: Testing instances of last class: 42
Epoch: 199, Runtime 4.852992, Loss 0.020123, forward nfe 0, backward nfe 0, Train: 0.9833, Val: 0.7816, Test: 0.7797, Best time: 18.2948
best val accuracy 0.781618 with test accuracy 0.779695 at epoch 48 and best time 18.294754
base_directory resutls_prob/OOD_Cora
new_name:  lgnsde_ODD
file_path 1 resutls_prob/OOD_Cora/lgnsde_ODD_prediction_probabilities_52.npz
file_path 2 resutls_prob/OOD_Cora/lgnsde_ODD_prediction_probabilities_52.npz
Entropy Threshold: inf Test accuracy: 0.7766497461928934
Entropy Threshold: 2 Test accuracy: 0.7756345177664975
Entropy Threshold: 1.6 Test accuracy: 0.852589641434263
Entropy Threshold: 1.5 Test accuracy: 0.8949919224555735
Entropy Threshold: 1.4 Test accuracy: 0.9207920792079208
Entropy Threshold: 1.3 Test accuracy: 0.9475
Entropy Threshold: 1.2 Test accuracy: 0.9553571428571429
Entropy Threshold: 1.1 Test accuracy: 0.9505703422053232
Entropy Threshold: 0.9 Test accuracy: 0.9695121951219512
Entropy Threshold: 0.8 Test accuracy: 0.9819819819819819
Entropy Threshold: 0.7 Test accuracy: 1.0
Entropy Threshold: 0.6 Test accuracy: 1.0
Entropy Threshold: 0.5 Test accuracy: 1.0
Entropy Threshold: 0.4 Test accuracy: 1.0
Entropy Threshold: 0.3 Test accuracy: 1.0
Entropy Threshold: 0.2 Test accuracy: 1.0
Entropy Threshold: 0.1 Test accuracy: 1.0
