[KeOps] Warning : cuda was detected, but driver API could not be initialized. Switching to cpu only.
Folder already exists: results/cora
experiment: 0
Dataset size (num_nodes): 2485, Intended development set size (num_development): 1500
Dataset size (num_nodes): 2485, Actual development set size (num_development): 1500
rations: train 140, val 1360, test 985
Before OOD adjustment: Total instances of last class: 131
Before OOD adjustment: Training instances of last class: 20
Before OOD adjustment: Testing instances of last class: 55
Before OOD adjustment: Val instances of last class: 56
total train + val+ test 131
After OOD adjustment: Training instances of last class: 0
After OOD adjustment: Testing instances of last class: 55
Total number of classes: 7
number of classes to train: 6
Dataset size (num_nodes): 2485, Intended development set size (num_development): 1500
Dataset size (num_nodes): 2485, Actual development set size (num_development): 1500
rations: train 140, val 1360, test 985
within set_train_val_test_split function!
Before OOD adjustment: Total instances of last class: 131
Before OOD adjustment: Training instances of last class: 20
Before OOD adjustment: Testing instances of last class: 60
Before OOD adjustment: Val instances of last class: 51
total train + val+ test 131
After OOD adjustment: Training instances of last class: 0
After OOD adjustment: Testing instances of last class: 60
MyGCN2(
  (conv1): GCNConv(1433, 80)
  (conv4): GCNConv(80, 6)
)
conv1.bias
torch.Size([80])
conv1.lin.weight
torch.Size([80, 1433])
conv4.bias
torch.Size([6])
conv4.lin.weight
torch.Size([6, 80])
After OOD adjustment: Training instances of last class: 0
After OOD adjustment: Testing instances of last class: 60
Epoch: 001, Runtime 0.041119, Loss 1.815365, forward nfe 0, backward nfe 0, Train: 0.3167, Val: 0.2713, Test: 0.2467, Best time: 18.2948
After OOD adjustment: Training instances of last class: 0
After OOD adjustment: Testing instances of last class: 60
Epoch: 002, Runtime 0.173611, Loss 1.752456, forward nfe 0, backward nfe 0, Train: 0.5417, Val: 0.4199, Test: 0.4041, Best time: 18.2948
After OOD adjustment: Training instances of last class: 0
After OOD adjustment: Testing instances of last class: 60
Epoch: 003, Runtime 0.158239, Loss 1.690973, forward nfe 0, backward nfe 0, Train: 0.7583, Val: 0.5500, Test: 0.5442, Best time: 18.2948
After OOD adjustment: Training instances of last class: 0
After OOD adjustment: Testing instances of last class: 60
Epoch: 004, Runtime 0.153852, Loss 1.630854, forward nfe 0, backward nfe 0, Train: 0.8667, Val: 0.6397, Test: 0.6345, Best time: 18.2948
After OOD adjustment: Training instances of last class: 0
After OOD adjustment: Testing instances of last class: 60
Epoch: 005, Runtime 0.153734, Loss 1.572034, forward nfe 0, backward nfe 0, Train: 0.9250, Val: 0.7015, Test: 0.6954, Best time: 18.2948
After OOD adjustment: Training instances of last class: 0
After OOD adjustment: Testing instances of last class: 60
Epoch: 006, Runtime 0.152514, Loss 1.514446, forward nfe 0, backward nfe 0, Train: 0.9417, Val: 0.7316, Test: 0.7259, Best time: 18.2948
After OOD adjustment: Training instances of last class: 0
After OOD adjustment: Testing instances of last class: 60
Epoch: 007, Runtime 0.152108, Loss 1.458040, forward nfe 0, backward nfe 0, Train: 0.9500, Val: 0.7500, Test: 0.7472, Best time: 18.2948
After OOD adjustment: Training instances of last class: 0
After OOD adjustment: Testing instances of last class: 60
Epoch: 008, Runtime 0.151890, Loss 1.402778, forward nfe 0, backward nfe 0, Train: 0.9500, Val: 0.7684, Test: 0.7574, Best time: 18.2948
After OOD adjustment: Training instances of last class: 0
After OOD adjustment: Testing instances of last class: 60
Epoch: 009, Runtime 0.151111, Loss 1.348644, forward nfe 0, backward nfe 0, Train: 0.9500, Val: 0.7750, Test: 0.7624, Best time: 18.2948
After OOD adjustment: Training instances of last class: 0
After OOD adjustment: Testing instances of last class: 60
Epoch: 010, Runtime 0.151897, Loss 1.295638, forward nfe 0, backward nfe 0, Train: 0.9500, Val: 0.7816, Test: 0.7655, Best time: 18.2948
After OOD adjustment: Training instances of last class: 0
After OOD adjustment: Testing instances of last class: 60
Epoch: 011, Runtime 0.153012, Loss 1.243779, forward nfe 0, backward nfe 0, Train: 0.9500, Val: 0.7875, Test: 0.7756, Best time: 18.2948
After OOD adjustment: Training instances of last class: 0
After OOD adjustment: Testing instances of last class: 60
Epoch: 012, Runtime 0.170123, Loss 1.193097, forward nfe 0, backward nfe 0, Train: 0.9500, Val: 0.7949, Test: 0.7797, Best time: 18.2948
After OOD adjustment: Training instances of last class: 0
After OOD adjustment: Testing instances of last class: 60
Epoch: 013, Runtime 0.168492, Loss 1.143630, forward nfe 0, backward nfe 0, Train: 0.9500, Val: 0.7956, Test: 0.7848, Best time: 18.2948
After OOD adjustment: Training instances of last class: 0
After OOD adjustment: Testing instances of last class: 60
Epoch: 014, Runtime 0.159495, Loss 1.095420, forward nfe 0, backward nfe 0, Train: 0.9500, Val: 0.8015, Test: 0.7888, Best time: 18.2948
After OOD adjustment: Training instances of last class: 0
After OOD adjustment: Testing instances of last class: 60
Epoch: 015, Runtime 0.030739, Loss 1.048510, forward nfe 0, backward nfe 0, Train: 0.9500, Val: 0.8015, Test: 0.7888, Best time: 18.2948
After OOD adjustment: Training instances of last class: 0
After OOD adjustment: Testing instances of last class: 60
Epoch: 016, Runtime 0.031086, Loss 1.002938, forward nfe 0, backward nfe 0, Train: 0.9500, Val: 0.8015, Test: 0.7888, Best time: 18.2948
After OOD adjustment: Training instances of last class: 0
After OOD adjustment: Testing instances of last class: 60
Epoch: 017, Runtime 0.029529, Loss 0.958739, forward nfe 0, backward nfe 0, Train: 0.9500, Val: 0.8015, Test: 0.7888, Best time: 18.2948
After OOD adjustment: Training instances of last class: 0
After OOD adjustment: Testing instances of last class: 60
Epoch: 018, Runtime 0.149651, Loss 0.915938, forward nfe 0, backward nfe 0, Train: 0.9667, Val: 0.8022, Test: 0.7898, Best time: 18.2948
After OOD adjustment: Training instances of last class: 0
After OOD adjustment: Testing instances of last class: 60
Epoch: 019, Runtime 0.030525, Loss 0.874558, forward nfe 0, backward nfe 0, Train: 0.9667, Val: 0.8022, Test: 0.7898, Best time: 18.2948
After OOD adjustment: Training instances of last class: 0
After OOD adjustment: Testing instances of last class: 60
Epoch: 020, Runtime 0.028272, Loss 0.834611, forward nfe 0, backward nfe 0, Train: 0.9667, Val: 0.8022, Test: 0.7898, Best time: 18.2948
After OOD adjustment: Training instances of last class: 0
After OOD adjustment: Testing instances of last class: 60
Epoch: 021, Runtime 0.028274, Loss 0.796105, forward nfe 0, backward nfe 0, Train: 0.9667, Val: 0.8022, Test: 0.7898, Best time: 18.2948
After OOD adjustment: Training instances of last class: 0
After OOD adjustment: Testing instances of last class: 60
Epoch: 022, Runtime 0.030742, Loss 0.759040, forward nfe 0, backward nfe 0, Train: 0.9667, Val: 0.8022, Test: 0.7898, Best time: 18.2948
After OOD adjustment: Training instances of last class: 0
After OOD adjustment: Testing instances of last class: 60
Epoch: 023, Runtime 0.029274, Loss 0.723412, forward nfe 0, backward nfe 0, Train: 0.9667, Val: 0.8022, Test: 0.7898, Best time: 18.2948
After OOD adjustment: Training instances of last class: 0
After OOD adjustment: Testing instances of last class: 60
Epoch: 024, Runtime 0.028663, Loss 0.689211, forward nfe 0, backward nfe 0, Train: 0.9667, Val: 0.8022, Test: 0.7898, Best time: 18.2948
After OOD adjustment: Training instances of last class: 0
After OOD adjustment: Testing instances of last class: 60
Epoch: 025, Runtime 0.028868, Loss 0.656424, forward nfe 0, backward nfe 0, Train: 0.9667, Val: 0.8022, Test: 0.7898, Best time: 18.2948
After OOD adjustment: Training instances of last class: 0
After OOD adjustment: Testing instances of last class: 60
Epoch: 026, Runtime 0.028039, Loss 0.625032, forward nfe 0, backward nfe 0, Train: 0.9667, Val: 0.8022, Test: 0.7898, Best time: 18.2948
After OOD adjustment: Training instances of last class: 0
After OOD adjustment: Testing instances of last class: 60
Epoch: 027, Runtime 0.030670, Loss 0.595014, forward nfe 0, backward nfe 0, Train: 0.9667, Val: 0.8022, Test: 0.7898, Best time: 18.2948
After OOD adjustment: Training instances of last class: 0
After OOD adjustment: Testing instances of last class: 60
Epoch: 028, Runtime 0.029201, Loss 0.566343, forward nfe 0, backward nfe 0, Train: 0.9667, Val: 0.8022, Test: 0.7898, Best time: 18.2948
After OOD adjustment: Training instances of last class: 0
After OOD adjustment: Testing instances of last class: 60
Epoch: 029, Runtime 0.028888, Loss 0.538992, forward nfe 0, backward nfe 0, Train: 0.9667, Val: 0.8022, Test: 0.7898, Best time: 18.2948
After OOD adjustment: Training instances of last class: 0
After OOD adjustment: Testing instances of last class: 60
Epoch: 030, Runtime 0.028789, Loss 0.512930, forward nfe 0, backward nfe 0, Train: 0.9667, Val: 0.8022, Test: 0.7898, Best time: 18.2948
After OOD adjustment: Training instances of last class: 0
After OOD adjustment: Testing instances of last class: 60
Epoch: 031, Runtime 0.027965, Loss 0.488120, forward nfe 0, backward nfe 0, Train: 0.9667, Val: 0.8022, Test: 0.7898, Best time: 18.2948
After OOD adjustment: Training instances of last class: 0
After OOD adjustment: Testing instances of last class: 60
Epoch: 032, Runtime 0.029471, Loss 0.464527, forward nfe 0, backward nfe 0, Train: 0.9667, Val: 0.8022, Test: 0.7898, Best time: 18.2948
After OOD adjustment: Training instances of last class: 0
After OOD adjustment: Testing instances of last class: 60
Epoch: 033, Runtime 0.029562, Loss 0.442111, forward nfe 0, backward nfe 0, Train: 0.9667, Val: 0.8022, Test: 0.7898, Best time: 18.2948
After OOD adjustment: Training instances of last class: 0
After OOD adjustment: Testing instances of last class: 60
Epoch: 034, Runtime 0.029143, Loss 0.420831, forward nfe 0, backward nfe 0, Train: 0.9667, Val: 0.8022, Test: 0.7898, Best time: 18.2948
After OOD adjustment: Training instances of last class: 0
After OOD adjustment: Testing instances of last class: 60
Epoch: 035, Runtime 0.028606, Loss 0.400644, forward nfe 0, backward nfe 0, Train: 0.9667, Val: 0.8022, Test: 0.7898, Best time: 18.2948
After OOD adjustment: Training instances of last class: 0
After OOD adjustment: Testing instances of last class: 60
Epoch: 036, Runtime 0.146102, Loss 0.381506, forward nfe 0, backward nfe 0, Train: 0.9917, Val: 0.8029, Test: 0.7939, Best time: 18.2948
After OOD adjustment: Training instances of last class: 0
After OOD adjustment: Testing instances of last class: 60
Epoch: 037, Runtime 0.030983, Loss 0.363374, forward nfe 0, backward nfe 0, Train: 0.9917, Val: 0.8029, Test: 0.7939, Best time: 18.2948
After OOD adjustment: Training instances of last class: 0
After OOD adjustment: Testing instances of last class: 60
Epoch: 038, Runtime 0.031248, Loss 0.346202, forward nfe 0, backward nfe 0, Train: 0.9917, Val: 0.8029, Test: 0.7939, Best time: 18.2948
After OOD adjustment: Training instances of last class: 0
After OOD adjustment: Testing instances of last class: 60
Epoch: 039, Runtime 0.032044, Loss 0.329948, forward nfe 0, backward nfe 0, Train: 0.9917, Val: 0.8029, Test: 0.7939, Best time: 18.2948
After OOD adjustment: Training instances of last class: 0
After OOD adjustment: Testing instances of last class: 60
Epoch: 040, Runtime 0.028757, Loss 0.314567, forward nfe 0, backward nfe 0, Train: 0.9917, Val: 0.8029, Test: 0.7939, Best time: 18.2948
After OOD adjustment: Training instances of last class: 0
After OOD adjustment: Testing instances of last class: 60
Epoch: 041, Runtime 0.028252, Loss 0.300018, forward nfe 0, backward nfe 0, Train: 0.9917, Val: 0.8029, Test: 0.7939, Best time: 18.2948
After OOD adjustment: Training instances of last class: 0
After OOD adjustment: Testing instances of last class: 60
Epoch: 042, Runtime 0.028135, Loss 0.286259, forward nfe 0, backward nfe 0, Train: 0.9917, Val: 0.8029, Test: 0.7939, Best time: 18.2948
After OOD adjustment: Training instances of last class: 0
After OOD adjustment: Testing instances of last class: 60
Epoch: 043, Runtime 0.027483, Loss 0.273250, forward nfe 0, backward nfe 0, Train: 0.9917, Val: 0.8029, Test: 0.7939, Best time: 18.2948
After OOD adjustment: Training instances of last class: 0
After OOD adjustment: Testing instances of last class: 60
Epoch: 044, Runtime 0.027000, Loss 0.260952, forward nfe 0, backward nfe 0, Train: 0.9917, Val: 0.8029, Test: 0.7939, Best time: 18.2948
After OOD adjustment: Training instances of last class: 0
After OOD adjustment: Testing instances of last class: 60
Epoch: 045, Runtime 0.028282, Loss 0.249328, forward nfe 0, backward nfe 0, Train: 0.9917, Val: 0.8029, Test: 0.7939, Best time: 18.2948
After OOD adjustment: Training instances of last class: 0
After OOD adjustment: Testing instances of last class: 60
Epoch: 046, Runtime 0.027854, Loss 0.238342, forward nfe 0, backward nfe 0, Train: 0.9917, Val: 0.8029, Test: 0.7939, Best time: 18.2948
After OOD adjustment: Training instances of last class: 0
After OOD adjustment: Testing instances of last class: 60
Epoch: 047, Runtime 0.027975, Loss 0.227960, forward nfe 0, backward nfe 0, Train: 0.9917, Val: 0.8029, Test: 0.7939, Best time: 18.2948
After OOD adjustment: Training instances of last class: 0
After OOD adjustment: Testing instances of last class: 60
Epoch: 048, Runtime 0.027127, Loss 0.218147, forward nfe 0, backward nfe 0, Train: 0.9917, Val: 0.8029, Test: 0.7939, Best time: 18.2948
After OOD adjustment: Training instances of last class: 0
After OOD adjustment: Testing instances of last class: 60
Epoch: 049, Runtime 0.027414, Loss 0.208874, forward nfe 0, backward nfe 0, Train: 0.9917, Val: 0.8029, Test: 0.7939, Best time: 18.2948
After OOD adjustment: Training instances of last class: 0
After OOD adjustment: Testing instances of last class: 60
Epoch: 050, Runtime 0.027851, Loss 0.200109, forward nfe 0, backward nfe 0, Train: 0.9917, Val: 0.8029, Test: 0.7939, Best time: 18.2948
After OOD adjustment: Training instances of last class: 0
After OOD adjustment: Testing instances of last class: 60
Epoch: 051, Runtime 0.028009, Loss 0.191824, forward nfe 0, backward nfe 0, Train: 0.9917, Val: 0.8029, Test: 0.7939, Best time: 18.2948
After OOD adjustment: Training instances of last class: 0
After OOD adjustment: Testing instances of last class: 60
Epoch: 052, Runtime 0.027776, Loss 0.183992, forward nfe 0, backward nfe 0, Train: 0.9917, Val: 0.8029, Test: 0.7939, Best time: 18.2948
After OOD adjustment: Training instances of last class: 0
After OOD adjustment: Testing instances of last class: 60
Epoch: 053, Runtime 0.032311, Loss 0.176586, forward nfe 0, backward nfe 0, Train: 0.9917, Val: 0.8029, Test: 0.7939, Best time: 18.2948
After OOD adjustment: Training instances of last class: 0
After OOD adjustment: Testing instances of last class: 60
Epoch: 054, Runtime 0.030550, Loss 0.169582, forward nfe 0, backward nfe 0, Train: 0.9917, Val: 0.8029, Test: 0.7939, Best time: 18.2948
After OOD adjustment: Training instances of last class: 0
After OOD adjustment: Testing instances of last class: 60
Epoch: 055, Runtime 0.030918, Loss 0.162956, forward nfe 0, backward nfe 0, Train: 0.9917, Val: 0.8029, Test: 0.7939, Best time: 18.2948
After OOD adjustment: Training instances of last class: 0
After OOD adjustment: Testing instances of last class: 60
Epoch: 056, Runtime 0.029919, Loss 0.156686, forward nfe 0, backward nfe 0, Train: 0.9917, Val: 0.8029, Test: 0.7939, Best time: 18.2948
After OOD adjustment: Training instances of last class: 0
After OOD adjustment: Testing instances of last class: 60
Epoch: 057, Runtime 0.029463, Loss 0.150752, forward nfe 0, backward nfe 0, Train: 0.9917, Val: 0.8029, Test: 0.7939, Best time: 18.2948
After OOD adjustment: Training instances of last class: 0
After OOD adjustment: Testing instances of last class: 60
Epoch: 058, Runtime 0.031547, Loss 0.145133, forward nfe 0, backward nfe 0, Train: 0.9917, Val: 0.8029, Test: 0.7939, Best time: 18.2948
After OOD adjustment: Training instances of last class: 0
After OOD adjustment: Testing instances of last class: 60
Epoch: 059, Runtime 0.029897, Loss 0.139812, forward nfe 0, backward nfe 0, Train: 0.9917, Val: 0.8029, Test: 0.7939, Best time: 18.2948
After OOD adjustment: Training instances of last class: 0
After OOD adjustment: Testing instances of last class: 60
Epoch: 060, Runtime 0.030477, Loss 0.134769, forward nfe 0, backward nfe 0, Train: 0.9917, Val: 0.8029, Test: 0.7939, Best time: 18.2948
After OOD adjustment: Training instances of last class: 0
After OOD adjustment: Testing instances of last class: 60
Epoch: 061, Runtime 0.029518, Loss 0.129990, forward nfe 0, backward nfe 0, Train: 0.9917, Val: 0.8029, Test: 0.7939, Best time: 18.2948
After OOD adjustment: Training instances of last class: 0
After OOD adjustment: Testing instances of last class: 60
Epoch: 062, Runtime 0.029717, Loss 0.125458, forward nfe 0, backward nfe 0, Train: 0.9917, Val: 0.8029, Test: 0.7939, Best time: 18.2948
After OOD adjustment: Training instances of last class: 0
After OOD adjustment: Testing instances of last class: 60
Epoch: 063, Runtime 0.032047, Loss 0.121158, forward nfe 0, backward nfe 0, Train: 0.9917, Val: 0.8029, Test: 0.7939, Best time: 18.2948
After OOD adjustment: Training instances of last class: 0
After OOD adjustment: Testing instances of last class: 60
Epoch: 064, Runtime 0.031848, Loss 0.117078, forward nfe 0, backward nfe 0, Train: 0.9917, Val: 0.8029, Test: 0.7939, Best time: 18.2948
After OOD adjustment: Training instances of last class: 0
After OOD adjustment: Testing instances of last class: 60
Epoch: 065, Runtime 0.029940, Loss 0.113203, forward nfe 0, backward nfe 0, Train: 0.9917, Val: 0.8029, Test: 0.7939, Best time: 18.2948
After OOD adjustment: Training instances of last class: 0
After OOD adjustment: Testing instances of last class: 60
Epoch: 066, Runtime 0.029571, Loss 0.109522, forward nfe 0, backward nfe 0, Train: 0.9917, Val: 0.8029, Test: 0.7939, Best time: 18.2948
After OOD adjustment: Training instances of last class: 0
After OOD adjustment: Testing instances of last class: 60
Epoch: 067, Runtime 0.029560, Loss 0.106023, forward nfe 0, backward nfe 0, Train: 0.9917, Val: 0.8029, Test: 0.7939, Best time: 18.2948
After OOD adjustment: Training instances of last class: 0
After OOD adjustment: Testing instances of last class: 60
Epoch: 068, Runtime 0.029204, Loss 0.102696, forward nfe 0, backward nfe 0, Train: 0.9917, Val: 0.8029, Test: 0.7939, Best time: 18.2948
After OOD adjustment: Training instances of last class: 0
After OOD adjustment: Testing instances of last class: 60
Epoch: 069, Runtime 0.031956, Loss 0.099531, forward nfe 0, backward nfe 0, Train: 0.9917, Val: 0.8029, Test: 0.7939, Best time: 18.2948
After OOD adjustment: Training instances of last class: 0
After OOD adjustment: Testing instances of last class: 60
Epoch: 070, Runtime 0.031148, Loss 0.096517, forward nfe 0, backward nfe 0, Train: 0.9917, Val: 0.8029, Test: 0.7939, Best time: 18.2948
After OOD adjustment: Training instances of last class: 0
After OOD adjustment: Testing instances of last class: 60
Epoch: 071, Runtime 0.029992, Loss 0.093646, forward nfe 0, backward nfe 0, Train: 0.9917, Val: 0.8029, Test: 0.7939, Best time: 18.2948
After OOD adjustment: Training instances of last class: 0
After OOD adjustment: Testing instances of last class: 60
Epoch: 072, Runtime 0.030335, Loss 0.090910, forward nfe 0, backward nfe 0, Train: 0.9917, Val: 0.8029, Test: 0.7939, Best time: 18.2948
After OOD adjustment: Training instances of last class: 0
After OOD adjustment: Testing instances of last class: 60
Epoch: 073, Runtime 0.029296, Loss 0.088302, forward nfe 0, backward nfe 0, Train: 0.9917, Val: 0.8029, Test: 0.7939, Best time: 18.2948
After OOD adjustment: Training instances of last class: 0
After OOD adjustment: Testing instances of last class: 60
Epoch: 074, Runtime 0.029934, Loss 0.085812, forward nfe 0, backward nfe 0, Train: 0.9917, Val: 0.8029, Test: 0.7939, Best time: 18.2948
After OOD adjustment: Training instances of last class: 0
After OOD adjustment: Testing instances of last class: 60
Epoch: 075, Runtime 0.032086, Loss 0.083436, forward nfe 0, backward nfe 0, Train: 0.9917, Val: 0.8029, Test: 0.7939, Best time: 18.2948
After OOD adjustment: Training instances of last class: 0
After OOD adjustment: Testing instances of last class: 60
Epoch: 076, Runtime 0.032240, Loss 0.081166, forward nfe 0, backward nfe 0, Train: 0.9917, Val: 0.8029, Test: 0.7939, Best time: 18.2948
After OOD adjustment: Training instances of last class: 0
After OOD adjustment: Testing instances of last class: 60
Epoch: 077, Runtime 0.031510, Loss 0.078996, forward nfe 0, backward nfe 0, Train: 0.9917, Val: 0.8029, Test: 0.7939, Best time: 18.2948
After OOD adjustment: Training instances of last class: 0
After OOD adjustment: Testing instances of last class: 60
Epoch: 078, Runtime 0.030849, Loss 0.076921, forward nfe 0, backward nfe 0, Train: 0.9917, Val: 0.8029, Test: 0.7939, Best time: 18.2948
After OOD adjustment: Training instances of last class: 0
After OOD adjustment: Testing instances of last class: 60
Epoch: 079, Runtime 0.030052, Loss 0.074935, forward nfe 0, backward nfe 0, Train: 0.9917, Val: 0.8029, Test: 0.7939, Best time: 18.2948
After OOD adjustment: Training instances of last class: 0
After OOD adjustment: Testing instances of last class: 60
Epoch: 080, Runtime 0.030161, Loss 0.073034, forward nfe 0, backward nfe 0, Train: 0.9917, Val: 0.8029, Test: 0.7939, Best time: 18.2948
After OOD adjustment: Training instances of last class: 0
After OOD adjustment: Testing instances of last class: 60
Epoch: 081, Runtime 0.029327, Loss 0.071212, forward nfe 0, backward nfe 0, Train: 0.9917, Val: 0.8029, Test: 0.7939, Best time: 18.2948
After OOD adjustment: Training instances of last class: 0
After OOD adjustment: Testing instances of last class: 60
Epoch: 082, Runtime 0.031326, Loss 0.069466, forward nfe 0, backward nfe 0, Train: 0.9917, Val: 0.8029, Test: 0.7939, Best time: 18.2948
After OOD adjustment: Training instances of last class: 0
After OOD adjustment: Testing instances of last class: 60
Epoch: 083, Runtime 0.032115, Loss 0.067790, forward nfe 0, backward nfe 0, Train: 0.9917, Val: 0.8029, Test: 0.7939, Best time: 18.2948
After OOD adjustment: Training instances of last class: 0
After OOD adjustment: Testing instances of last class: 60
Epoch: 084, Runtime 0.032003, Loss 0.066183, forward nfe 0, backward nfe 0, Train: 0.9917, Val: 0.8029, Test: 0.7939, Best time: 18.2948
After OOD adjustment: Training instances of last class: 0
After OOD adjustment: Testing instances of last class: 60
Epoch: 085, Runtime 0.031204, Loss 0.064639, forward nfe 0, backward nfe 0, Train: 0.9917, Val: 0.8029, Test: 0.7939, Best time: 18.2948
After OOD adjustment: Training instances of last class: 0
After OOD adjustment: Testing instances of last class: 60
Epoch: 086, Runtime 0.031887, Loss 0.063155, forward nfe 0, backward nfe 0, Train: 0.9917, Val: 0.8029, Test: 0.7939, Best time: 18.2948
After OOD adjustment: Training instances of last class: 0
After OOD adjustment: Testing instances of last class: 60
Epoch: 087, Runtime 0.032005, Loss 0.061729, forward nfe 0, backward nfe 0, Train: 0.9917, Val: 0.8029, Test: 0.7939, Best time: 18.2948
After OOD adjustment: Training instances of last class: 0
After OOD adjustment: Testing instances of last class: 60
Epoch: 088, Runtime 0.031439, Loss 0.060357, forward nfe 0, backward nfe 0, Train: 0.9917, Val: 0.8029, Test: 0.7939, Best time: 18.2948
After OOD adjustment: Training instances of last class: 0
After OOD adjustment: Testing instances of last class: 60
Epoch: 089, Runtime 0.029826, Loss 0.059037, forward nfe 0, backward nfe 0, Train: 0.9917, Val: 0.8029, Test: 0.7939, Best time: 18.2948
After OOD adjustment: Training instances of last class: 0
After OOD adjustment: Testing instances of last class: 60
Epoch: 090, Runtime 0.029687, Loss 0.057765, forward nfe 0, backward nfe 0, Train: 0.9917, Val: 0.8029, Test: 0.7939, Best time: 18.2948
After OOD adjustment: Training instances of last class: 0
After OOD adjustment: Testing instances of last class: 60
Epoch: 091, Runtime 0.029681, Loss 0.056540, forward nfe 0, backward nfe 0, Train: 0.9917, Val: 0.8029, Test: 0.7939, Best time: 18.2948
After OOD adjustment: Training instances of last class: 0
After OOD adjustment: Testing instances of last class: 60
Epoch: 092, Runtime 0.029652, Loss 0.055358, forward nfe 0, backward nfe 0, Train: 0.9917, Val: 0.8029, Test: 0.7939, Best time: 18.2948
After OOD adjustment: Training instances of last class: 0
After OOD adjustment: Testing instances of last class: 60
Epoch: 093, Runtime 0.032028, Loss 0.054219, forward nfe 0, backward nfe 0, Train: 0.9917, Val: 0.8029, Test: 0.7939, Best time: 18.2948
After OOD adjustment: Training instances of last class: 0
After OOD adjustment: Testing instances of last class: 60
Epoch: 094, Runtime 0.030325, Loss 0.053119, forward nfe 0, backward nfe 0, Train: 0.9917, Val: 0.8029, Test: 0.7939, Best time: 18.2948
After OOD adjustment: Training instances of last class: 0
After OOD adjustment: Testing instances of last class: 60
Epoch: 095, Runtime 0.030186, Loss 0.052057, forward nfe 0, backward nfe 0, Train: 0.9917, Val: 0.8029, Test: 0.7939, Best time: 18.2948
After OOD adjustment: Training instances of last class: 0
After OOD adjustment: Testing instances of last class: 60
Epoch: 096, Runtime 0.029684, Loss 0.051032, forward nfe 0, backward nfe 0, Train: 0.9917, Val: 0.8029, Test: 0.7939, Best time: 18.2948
After OOD adjustment: Training instances of last class: 0
After OOD adjustment: Testing instances of last class: 60
Epoch: 097, Runtime 0.028743, Loss 0.050040, forward nfe 0, backward nfe 0, Train: 0.9917, Val: 0.8029, Test: 0.7939, Best time: 18.2948
After OOD adjustment: Training instances of last class: 0
After OOD adjustment: Testing instances of last class: 60
Epoch: 098, Runtime 0.032374, Loss 0.049081, forward nfe 0, backward nfe 0, Train: 0.9917, Val: 0.8029, Test: 0.7939, Best time: 18.2948
After OOD adjustment: Training instances of last class: 0
After OOD adjustment: Testing instances of last class: 60
Epoch: 099, Runtime 0.032064, Loss 0.048154, forward nfe 0, backward nfe 0, Train: 0.9917, Val: 0.8029, Test: 0.7939, Best time: 18.2948
best val accuracy 0.802941 with test accuracy 0.793909 at epoch 36 and best time 18.294754
base_directory resutls_prob/OOD_Cora
new_name:  gnn_ODD
file_path 1 resutls_prob/OOD_Cora/gnn_ODD_prediction_probabilities_28.npz
file_path 2 resutls_prob/OOD_Cora/gnn_ODD_prediction_probabilities_28.npz
Entropy Threshold: inf Test accuracy: 0.7939086294416243
Entropy Threshold: 2 Test accuracy: 0.7939086294416243
Entropy Threshold: 1.6 Test accuracy: 0.8735119047619048
Entropy Threshold: 1.5 Test accuracy: 0.9092741935483871
Entropy Threshold: 1.4 Test accuracy: 0.927027027027027
Entropy Threshold: 1.3 Test accuracy: 0.9366197183098591
Entropy Threshold: 1.2 Test accuracy: 0.9411764705882353
Entropy Threshold: 1.1 Test accuracy: 0.9467455621301775
Entropy Threshold: 0.9 Test accuracy: 0.9468085106382979
Entropy Threshold: 0.8 Test accuracy: 0.9696969696969697
Entropy Threshold: 0.7 Test accuracy: 0.9803921568627451
Entropy Threshold: 0.6 Test accuracy: 1.0
Entropy Threshold: 0.5 Test accuracy: 1.0
Entropy Threshold: 0.4 Test accuracy: 1.0
Entropy Threshold: 0.3 Test accuracy: 1.0
Entropy Threshold: 0.2 Test accuracy: 1.0
Entropy Threshold: 0.1 Test accuracy: 1.0
