[KeOps] Warning : cuda was detected, but driver API could not be initialized. Switching to cpu only.
Folder already exists: results/citeseer
experiment: 0
Dataset size (num_nodes): 2120, Intended development set size (num_development): 1500
Dataset size (num_nodes): 2120, Actual development set size (num_development): 1500
rations: train 120, val 1380, test 620
Before OOD adjustment: Total instances of last class: 304
Before OOD adjustment: Training instances of last class: 20
Before OOD adjustment: Testing instances of last class: 93
Before OOD adjustment: Val instances of last class: 191
total train + val+ test 304
After OOD adjustment: Training instances of last class: 0
After OOD adjustment: Testing instances of last class: 93
Total number of classes: 6
number of classes to train: 5
Dataset size (num_nodes): 2120, Intended development set size (num_development): 1500
Dataset size (num_nodes): 2120, Actual development set size (num_development): 1500
rations: train 120, val 1380, test 620
within set_train_val_test_split function!
Before OOD adjustment: Total instances of last class: 304
Before OOD adjustment: Training instances of last class: 20
Before OOD adjustment: Testing instances of last class: 93
Before OOD adjustment: Val instances of last class: 191
total train + val+ test 304
After OOD adjustment: Training instances of last class: 0
After OOD adjustment: Testing instances of last class: 93
MyGCN2(
  (conv1): GCNConv(3703, 80)
  (conv4): GCNConv(80, 5)
)
conv1.bias
torch.Size([80])
conv1.lin.weight
torch.Size([80, 3703])
conv4.bias
torch.Size([5])
conv4.lin.weight
torch.Size([5, 80])
After OOD adjustment: Training instances of last class: 0
After OOD adjustment: Testing instances of last class: 93
Epoch: 001, Runtime 0.048078, Loss 1.620669, forward nfe 0, backward nfe 0, Train: 0.6000, Val: 0.3884, Test: 0.3952, Best time: 7.8741
After OOD adjustment: Training instances of last class: 0
After OOD adjustment: Testing instances of last class: 93
Epoch: 002, Runtime 0.160271, Loss 1.507731, forward nfe 0, backward nfe 0, Train: 0.8700, Val: 0.5145, Test: 0.5177, Best time: 7.8741
After OOD adjustment: Training instances of last class: 0
After OOD adjustment: Testing instances of last class: 93
Epoch: 003, Runtime 0.150990, Loss 1.399614, forward nfe 0, backward nfe 0, Train: 0.9400, Val: 0.5616, Test: 0.5452, Best time: 7.8741
After OOD adjustment: Training instances of last class: 0
After OOD adjustment: Testing instances of last class: 93
Epoch: 004, Runtime 0.152336, Loss 1.296269, forward nfe 0, backward nfe 0, Train: 0.9400, Val: 0.5783, Test: 0.5694, Best time: 7.8741
After OOD adjustment: Training instances of last class: 0
After OOD adjustment: Testing instances of last class: 93
Epoch: 005, Runtime 0.150115, Loss 1.197788, forward nfe 0, backward nfe 0, Train: 0.9500, Val: 0.5812, Test: 0.5855, Best time: 7.8741
After OOD adjustment: Training instances of last class: 0
After OOD adjustment: Testing instances of last class: 93
Epoch: 006, Runtime 0.147208, Loss 1.104360, forward nfe 0, backward nfe 0, Train: 0.9600, Val: 0.5841, Test: 0.5935, Best time: 7.8741
After OOD adjustment: Training instances of last class: 0
After OOD adjustment: Testing instances of last class: 93
Epoch: 007, Runtime 0.040542, Loss 1.016193, forward nfe 0, backward nfe 0, Train: 0.9600, Val: 0.5841, Test: 0.5935, Best time: 7.8741
After OOD adjustment: Training instances of last class: 0
After OOD adjustment: Testing instances of last class: 93
Epoch: 008, Runtime 0.149331, Loss 0.933458, forward nfe 0, backward nfe 0, Train: 0.9600, Val: 0.5899, Test: 0.5952, Best time: 7.8741
After OOD adjustment: Training instances of last class: 0
After OOD adjustment: Testing instances of last class: 93
Epoch: 009, Runtime 0.037910, Loss 0.856256, forward nfe 0, backward nfe 0, Train: 0.9600, Val: 0.5899, Test: 0.5952, Best time: 7.8741
After OOD adjustment: Training instances of last class: 0
After OOD adjustment: Testing instances of last class: 93
Epoch: 010, Runtime 0.146091, Loss 0.784598, forward nfe 0, backward nfe 0, Train: 0.9600, Val: 0.5920, Test: 0.5968, Best time: 7.8741
After OOD adjustment: Training instances of last class: 0
After OOD adjustment: Testing instances of last class: 93
Epoch: 011, Runtime 0.036871, Loss 0.718405, forward nfe 0, backward nfe 0, Train: 0.9600, Val: 0.5920, Test: 0.5968, Best time: 7.8741
After OOD adjustment: Training instances of last class: 0
After OOD adjustment: Testing instances of last class: 93
Epoch: 012, Runtime 0.035892, Loss 0.657517, forward nfe 0, backward nfe 0, Train: 0.9600, Val: 0.5920, Test: 0.5968, Best time: 7.8741
After OOD adjustment: Training instances of last class: 0
After OOD adjustment: Testing instances of last class: 93
Epoch: 013, Runtime 0.149214, Loss 0.601707, forward nfe 0, backward nfe 0, Train: 0.9600, Val: 0.5928, Test: 0.5952, Best time: 7.8741
After OOD adjustment: Training instances of last class: 0
After OOD adjustment: Testing instances of last class: 93
Epoch: 014, Runtime 0.037491, Loss 0.550700, forward nfe 0, backward nfe 0, Train: 0.9600, Val: 0.5928, Test: 0.5952, Best time: 7.8741
After OOD adjustment: Training instances of last class: 0
After OOD adjustment: Testing instances of last class: 93
Epoch: 015, Runtime 0.036854, Loss 0.504192, forward nfe 0, backward nfe 0, Train: 0.9600, Val: 0.5928, Test: 0.5952, Best time: 7.8741
After OOD adjustment: Training instances of last class: 0
After OOD adjustment: Testing instances of last class: 93
Epoch: 016, Runtime 0.035271, Loss 0.461861, forward nfe 0, backward nfe 0, Train: 0.9600, Val: 0.5928, Test: 0.5952, Best time: 7.8741
After OOD adjustment: Training instances of last class: 0
After OOD adjustment: Testing instances of last class: 93
Epoch: 017, Runtime 0.037104, Loss 0.423384, forward nfe 0, backward nfe 0, Train: 0.9600, Val: 0.5928, Test: 0.5952, Best time: 7.8741
After OOD adjustment: Training instances of last class: 0
After OOD adjustment: Testing instances of last class: 93
Epoch: 018, Runtime 0.037260, Loss 0.388444, forward nfe 0, backward nfe 0, Train: 0.9600, Val: 0.5928, Test: 0.5952, Best time: 7.8741
After OOD adjustment: Training instances of last class: 0
After OOD adjustment: Testing instances of last class: 93
Epoch: 019, Runtime 0.035695, Loss 0.356736, forward nfe 0, backward nfe 0, Train: 0.9600, Val: 0.5928, Test: 0.5952, Best time: 7.8741
After OOD adjustment: Training instances of last class: 0
After OOD adjustment: Testing instances of last class: 93
Epoch: 020, Runtime 0.034666, Loss 0.327975, forward nfe 0, backward nfe 0, Train: 0.9600, Val: 0.5928, Test: 0.5952, Best time: 7.8741
After OOD adjustment: Training instances of last class: 0
After OOD adjustment: Testing instances of last class: 93
Epoch: 021, Runtime 0.036658, Loss 0.301891, forward nfe 0, backward nfe 0, Train: 0.9600, Val: 0.5928, Test: 0.5952, Best time: 7.8741
After OOD adjustment: Training instances of last class: 0
After OOD adjustment: Testing instances of last class: 93
Epoch: 022, Runtime 0.037794, Loss 0.278239, forward nfe 0, backward nfe 0, Train: 0.9600, Val: 0.5928, Test: 0.5952, Best time: 7.8741
After OOD adjustment: Training instances of last class: 0
After OOD adjustment: Testing instances of last class: 93
Epoch: 023, Runtime 0.036339, Loss 0.256790, forward nfe 0, backward nfe 0, Train: 0.9600, Val: 0.5928, Test: 0.5952, Best time: 7.8741
After OOD adjustment: Training instances of last class: 0
After OOD adjustment: Testing instances of last class: 93
Epoch: 024, Runtime 0.035566, Loss 0.237336, forward nfe 0, backward nfe 0, Train: 0.9600, Val: 0.5928, Test: 0.5952, Best time: 7.8741
After OOD adjustment: Training instances of last class: 0
After OOD adjustment: Testing instances of last class: 93
Epoch: 025, Runtime 0.035298, Loss 0.219687, forward nfe 0, backward nfe 0, Train: 0.9600, Val: 0.5928, Test: 0.5952, Best time: 7.8741
After OOD adjustment: Training instances of last class: 0
After OOD adjustment: Testing instances of last class: 93
Epoch: 026, Runtime 0.035408, Loss 0.203670, forward nfe 0, backward nfe 0, Train: 0.9600, Val: 0.5928, Test: 0.5952, Best time: 7.8741
After OOD adjustment: Training instances of last class: 0
After OOD adjustment: Testing instances of last class: 93
Epoch: 027, Runtime 0.034815, Loss 0.189128, forward nfe 0, backward nfe 0, Train: 0.9600, Val: 0.5928, Test: 0.5952, Best time: 7.8741
After OOD adjustment: Training instances of last class: 0
After OOD adjustment: Testing instances of last class: 93
Epoch: 028, Runtime 0.038061, Loss 0.175917, forward nfe 0, backward nfe 0, Train: 0.9600, Val: 0.5928, Test: 0.5952, Best time: 7.8741
After OOD adjustment: Training instances of last class: 0
After OOD adjustment: Testing instances of last class: 93
Epoch: 029, Runtime 0.035912, Loss 0.163909, forward nfe 0, backward nfe 0, Train: 0.9600, Val: 0.5928, Test: 0.5952, Best time: 7.8741
After OOD adjustment: Training instances of last class: 0
After OOD adjustment: Testing instances of last class: 93
Epoch: 030, Runtime 0.037428, Loss 0.152987, forward nfe 0, backward nfe 0, Train: 0.9600, Val: 0.5928, Test: 0.5952, Best time: 7.8741
After OOD adjustment: Training instances of last class: 0
After OOD adjustment: Testing instances of last class: 93
Epoch: 031, Runtime 0.035755, Loss 0.143047, forward nfe 0, backward nfe 0, Train: 0.9600, Val: 0.5928, Test: 0.5952, Best time: 7.8741
After OOD adjustment: Training instances of last class: 0
After OOD adjustment: Testing instances of last class: 93
Epoch: 032, Runtime 0.034519, Loss 0.133993, forward nfe 0, backward nfe 0, Train: 0.9600, Val: 0.5928, Test: 0.5952, Best time: 7.8741
After OOD adjustment: Training instances of last class: 0
After OOD adjustment: Testing instances of last class: 93
Epoch: 033, Runtime 0.035552, Loss 0.125741, forward nfe 0, backward nfe 0, Train: 0.9600, Val: 0.5928, Test: 0.5952, Best time: 7.8741
After OOD adjustment: Training instances of last class: 0
After OOD adjustment: Testing instances of last class: 93
Epoch: 034, Runtime 0.036803, Loss 0.118215, forward nfe 0, backward nfe 0, Train: 0.9600, Val: 0.5928, Test: 0.5952, Best time: 7.8741
After OOD adjustment: Training instances of last class: 0
After OOD adjustment: Testing instances of last class: 93
Epoch: 035, Runtime 0.035111, Loss 0.111345, forward nfe 0, backward nfe 0, Train: 0.9600, Val: 0.5928, Test: 0.5952, Best time: 7.8741
After OOD adjustment: Training instances of last class: 0
After OOD adjustment: Testing instances of last class: 93
Epoch: 036, Runtime 0.036774, Loss 0.105069, forward nfe 0, backward nfe 0, Train: 0.9600, Val: 0.5928, Test: 0.5952, Best time: 7.8741
After OOD adjustment: Training instances of last class: 0
After OOD adjustment: Testing instances of last class: 93
Epoch: 037, Runtime 0.034777, Loss 0.099331, forward nfe 0, backward nfe 0, Train: 0.9600, Val: 0.5928, Test: 0.5952, Best time: 7.8741
After OOD adjustment: Training instances of last class: 0
After OOD adjustment: Testing instances of last class: 93
Epoch: 038, Runtime 0.035336, Loss 0.094080, forward nfe 0, backward nfe 0, Train: 0.9600, Val: 0.5928, Test: 0.5952, Best time: 7.8741
After OOD adjustment: Training instances of last class: 0
After OOD adjustment: Testing instances of last class: 93
Epoch: 039, Runtime 0.036518, Loss 0.089271, forward nfe 0, backward nfe 0, Train: 0.9600, Val: 0.5928, Test: 0.5952, Best time: 7.8741
After OOD adjustment: Training instances of last class: 0
After OOD adjustment: Testing instances of last class: 93
Epoch: 040, Runtime 0.034882, Loss 0.084862, forward nfe 0, backward nfe 0, Train: 0.9600, Val: 0.5928, Test: 0.5952, Best time: 7.8741
After OOD adjustment: Training instances of last class: 0
After OOD adjustment: Testing instances of last class: 93
Epoch: 041, Runtime 0.035983, Loss 0.080815, forward nfe 0, backward nfe 0, Train: 0.9600, Val: 0.5928, Test: 0.5952, Best time: 7.8741
After OOD adjustment: Training instances of last class: 0
After OOD adjustment: Testing instances of last class: 93
Epoch: 042, Runtime 0.037238, Loss 0.077096, forward nfe 0, backward nfe 0, Train: 0.9600, Val: 0.5928, Test: 0.5952, Best time: 7.8741
After OOD adjustment: Training instances of last class: 0
After OOD adjustment: Testing instances of last class: 93
Epoch: 043, Runtime 0.036707, Loss 0.073675, forward nfe 0, backward nfe 0, Train: 0.9600, Val: 0.5928, Test: 0.5952, Best time: 7.8741
After OOD adjustment: Training instances of last class: 0
After OOD adjustment: Testing instances of last class: 93
Epoch: 044, Runtime 0.036936, Loss 0.070524, forward nfe 0, backward nfe 0, Train: 0.9600, Val: 0.5928, Test: 0.5952, Best time: 7.8741
After OOD adjustment: Training instances of last class: 0
After OOD adjustment: Testing instances of last class: 93
Epoch: 045, Runtime 0.036260, Loss 0.067619, forward nfe 0, backward nfe 0, Train: 0.9600, Val: 0.5928, Test: 0.5952, Best time: 7.8741
After OOD adjustment: Training instances of last class: 0
After OOD adjustment: Testing instances of last class: 93
Epoch: 046, Runtime 0.037106, Loss 0.064938, forward nfe 0, backward nfe 0, Train: 0.9600, Val: 0.5928, Test: 0.5952, Best time: 7.8741
After OOD adjustment: Training instances of last class: 0
After OOD adjustment: Testing instances of last class: 93
Epoch: 047, Runtime 0.035153, Loss 0.062459, forward nfe 0, backward nfe 0, Train: 0.9600, Val: 0.5928, Test: 0.5952, Best time: 7.8741
After OOD adjustment: Training instances of last class: 0
After OOD adjustment: Testing instances of last class: 93
Epoch: 048, Runtime 0.037711, Loss 0.060166, forward nfe 0, backward nfe 0, Train: 0.9600, Val: 0.5928, Test: 0.5952, Best time: 7.8741
After OOD adjustment: Training instances of last class: 0
After OOD adjustment: Testing instances of last class: 93
Epoch: 049, Runtime 0.036112, Loss 0.058040, forward nfe 0, backward nfe 0, Train: 0.9600, Val: 0.5928, Test: 0.5952, Best time: 7.8741
After OOD adjustment: Training instances of last class: 0
After OOD adjustment: Testing instances of last class: 93
Epoch: 050, Runtime 0.036512, Loss 0.056069, forward nfe 0, backward nfe 0, Train: 0.9600, Val: 0.5928, Test: 0.5952, Best time: 7.8741
After OOD adjustment: Training instances of last class: 0
After OOD adjustment: Testing instances of last class: 93
Epoch: 051, Runtime 0.035684, Loss 0.054237, forward nfe 0, backward nfe 0, Train: 0.9600, Val: 0.5928, Test: 0.5952, Best time: 7.8741
After OOD adjustment: Training instances of last class: 0
After OOD adjustment: Testing instances of last class: 93
Epoch: 052, Runtime 0.036354, Loss 0.052533, forward nfe 0, backward nfe 0, Train: 0.9600, Val: 0.5928, Test: 0.5952, Best time: 7.8741
After OOD adjustment: Training instances of last class: 0
After OOD adjustment: Testing instances of last class: 93
Epoch: 053, Runtime 0.035080, Loss 0.050946, forward nfe 0, backward nfe 0, Train: 0.9600, Val: 0.5928, Test: 0.5952, Best time: 7.8741
After OOD adjustment: Training instances of last class: 0
After OOD adjustment: Testing instances of last class: 93
Epoch: 054, Runtime 0.036409, Loss 0.049467, forward nfe 0, backward nfe 0, Train: 0.9600, Val: 0.5928, Test: 0.5952, Best time: 7.8741
After OOD adjustment: Training instances of last class: 0
After OOD adjustment: Testing instances of last class: 93
Epoch: 055, Runtime 0.037633, Loss 0.048085, forward nfe 0, backward nfe 0, Train: 0.9600, Val: 0.5928, Test: 0.5952, Best time: 7.8741
After OOD adjustment: Training instances of last class: 0
After OOD adjustment: Testing instances of last class: 93
Epoch: 056, Runtime 0.035360, Loss 0.046792, forward nfe 0, backward nfe 0, Train: 0.9600, Val: 0.5928, Test: 0.5952, Best time: 7.8741
After OOD adjustment: Training instances of last class: 0
After OOD adjustment: Testing instances of last class: 93
Epoch: 057, Runtime 0.037351, Loss 0.045582, forward nfe 0, backward nfe 0, Train: 0.9600, Val: 0.5928, Test: 0.5952, Best time: 7.8741
After OOD adjustment: Training instances of last class: 0
After OOD adjustment: Testing instances of last class: 93
Epoch: 058, Runtime 0.036661, Loss 0.044448, forward nfe 0, backward nfe 0, Train: 0.9600, Val: 0.5928, Test: 0.5952, Best time: 7.8741
After OOD adjustment: Training instances of last class: 0
After OOD adjustment: Testing instances of last class: 93
Epoch: 059, Runtime 0.036361, Loss 0.043383, forward nfe 0, backward nfe 0, Train: 0.9600, Val: 0.5928, Test: 0.5952, Best time: 7.8741
After OOD adjustment: Training instances of last class: 0
After OOD adjustment: Testing instances of last class: 93
Epoch: 060, Runtime 0.035866, Loss 0.042382, forward nfe 0, backward nfe 0, Train: 0.9600, Val: 0.5928, Test: 0.5952, Best time: 7.8741
After OOD adjustment: Training instances of last class: 0
After OOD adjustment: Testing instances of last class: 93
Epoch: 061, Runtime 0.037407, Loss 0.041440, forward nfe 0, backward nfe 0, Train: 0.9600, Val: 0.5928, Test: 0.5952, Best time: 7.8741
After OOD adjustment: Training instances of last class: 0
After OOD adjustment: Testing instances of last class: 93
Epoch: 062, Runtime 0.035831, Loss 0.040552, forward nfe 0, backward nfe 0, Train: 0.9600, Val: 0.5928, Test: 0.5952, Best time: 7.8741
After OOD adjustment: Training instances of last class: 0
After OOD adjustment: Testing instances of last class: 93
Epoch: 063, Runtime 0.036582, Loss 0.039715, forward nfe 0, backward nfe 0, Train: 0.9600, Val: 0.5928, Test: 0.5952, Best time: 7.8741
After OOD adjustment: Training instances of last class: 0
After OOD adjustment: Testing instances of last class: 93
Epoch: 064, Runtime 0.036643, Loss 0.038923, forward nfe 0, backward nfe 0, Train: 0.9600, Val: 0.5928, Test: 0.5952, Best time: 7.8741
After OOD adjustment: Training instances of last class: 0
After OOD adjustment: Testing instances of last class: 93
Epoch: 065, Runtime 0.037464, Loss 0.038175, forward nfe 0, backward nfe 0, Train: 0.9600, Val: 0.5928, Test: 0.5952, Best time: 7.8741
After OOD adjustment: Training instances of last class: 0
After OOD adjustment: Testing instances of last class: 93
Epoch: 066, Runtime 0.052128, Loss 0.037466, forward nfe 0, backward nfe 0, Train: 0.9600, Val: 0.5928, Test: 0.5952, Best time: 7.8741
After OOD adjustment: Training instances of last class: 0
After OOD adjustment: Testing instances of last class: 93
Epoch: 067, Runtime 0.036116, Loss 0.036793, forward nfe 0, backward nfe 0, Train: 0.9600, Val: 0.5928, Test: 0.5952, Best time: 7.8741
After OOD adjustment: Training instances of last class: 0
After OOD adjustment: Testing instances of last class: 93
Epoch: 068, Runtime 0.036541, Loss 0.036155, forward nfe 0, backward nfe 0, Train: 0.9600, Val: 0.5928, Test: 0.5952, Best time: 7.8741
After OOD adjustment: Training instances of last class: 0
After OOD adjustment: Testing instances of last class: 93
Epoch: 069, Runtime 0.036802, Loss 0.035549, forward nfe 0, backward nfe 0, Train: 0.9600, Val: 0.5928, Test: 0.5952, Best time: 7.8741
After OOD adjustment: Training instances of last class: 0
After OOD adjustment: Testing instances of last class: 93
Epoch: 070, Runtime 0.034783, Loss 0.034972, forward nfe 0, backward nfe 0, Train: 0.9600, Val: 0.5928, Test: 0.5952, Best time: 7.8741
After OOD adjustment: Training instances of last class: 0
After OOD adjustment: Testing instances of last class: 93
Epoch: 071, Runtime 0.037741, Loss 0.034422, forward nfe 0, backward nfe 0, Train: 0.9600, Val: 0.5928, Test: 0.5952, Best time: 7.8741
After OOD adjustment: Training instances of last class: 0
After OOD adjustment: Testing instances of last class: 93
Epoch: 072, Runtime 0.036656, Loss 0.033898, forward nfe 0, backward nfe 0, Train: 0.9600, Val: 0.5928, Test: 0.5952, Best time: 7.8741
After OOD adjustment: Training instances of last class: 0
After OOD adjustment: Testing instances of last class: 93
Epoch: 073, Runtime 0.035320, Loss 0.033398, forward nfe 0, backward nfe 0, Train: 0.9600, Val: 0.5928, Test: 0.5952, Best time: 7.8741
After OOD adjustment: Training instances of last class: 0
After OOD adjustment: Testing instances of last class: 93
Epoch: 074, Runtime 0.035678, Loss 0.032920, forward nfe 0, backward nfe 0, Train: 0.9600, Val: 0.5928, Test: 0.5952, Best time: 7.8741
After OOD adjustment: Training instances of last class: 0
After OOD adjustment: Testing instances of last class: 93
Epoch: 075, Runtime 0.037479, Loss 0.032464, forward nfe 0, backward nfe 0, Train: 0.9600, Val: 0.5928, Test: 0.5952, Best time: 7.8741
After OOD adjustment: Training instances of last class: 0
After OOD adjustment: Testing instances of last class: 93
Epoch: 076, Runtime 0.036420, Loss 0.032026, forward nfe 0, backward nfe 0, Train: 0.9600, Val: 0.5928, Test: 0.5952, Best time: 7.8741
After OOD adjustment: Training instances of last class: 0
After OOD adjustment: Testing instances of last class: 93
Epoch: 077, Runtime 0.034546, Loss 0.031607, forward nfe 0, backward nfe 0, Train: 0.9600, Val: 0.5928, Test: 0.5952, Best time: 7.8741
After OOD adjustment: Training instances of last class: 0
After OOD adjustment: Testing instances of last class: 93
Epoch: 078, Runtime 0.037652, Loss 0.031205, forward nfe 0, backward nfe 0, Train: 0.9600, Val: 0.5928, Test: 0.5952, Best time: 7.8741
After OOD adjustment: Training instances of last class: 0
After OOD adjustment: Testing instances of last class: 93
Epoch: 079, Runtime 0.036818, Loss 0.030820, forward nfe 0, backward nfe 0, Train: 0.9600, Val: 0.5928, Test: 0.5952, Best time: 7.8741
After OOD adjustment: Training instances of last class: 0
After OOD adjustment: Testing instances of last class: 93
Epoch: 080, Runtime 0.036491, Loss 0.030449, forward nfe 0, backward nfe 0, Train: 0.9600, Val: 0.5928, Test: 0.5952, Best time: 7.8741
After OOD adjustment: Training instances of last class: 0
After OOD adjustment: Testing instances of last class: 93
Epoch: 081, Runtime 0.036976, Loss 0.030093, forward nfe 0, backward nfe 0, Train: 0.9600, Val: 0.5928, Test: 0.5952, Best time: 7.8741
After OOD adjustment: Training instances of last class: 0
After OOD adjustment: Testing instances of last class: 93
Epoch: 082, Runtime 0.034725, Loss 0.029751, forward nfe 0, backward nfe 0, Train: 0.9600, Val: 0.5928, Test: 0.5952, Best time: 7.8741
After OOD adjustment: Training instances of last class: 0
After OOD adjustment: Testing instances of last class: 93
Epoch: 083, Runtime 0.035526, Loss 0.029421, forward nfe 0, backward nfe 0, Train: 0.9600, Val: 0.5928, Test: 0.5952, Best time: 7.8741
After OOD adjustment: Training instances of last class: 0
After OOD adjustment: Testing instances of last class: 93
Epoch: 084, Runtime 0.037757, Loss 0.029103, forward nfe 0, backward nfe 0, Train: 0.9600, Val: 0.5928, Test: 0.5952, Best time: 7.8741
After OOD adjustment: Training instances of last class: 0
After OOD adjustment: Testing instances of last class: 93
Epoch: 085, Runtime 0.034798, Loss 0.028796, forward nfe 0, backward nfe 0, Train: 0.9600, Val: 0.5928, Test: 0.5952, Best time: 7.8741
After OOD adjustment: Training instances of last class: 0
After OOD adjustment: Testing instances of last class: 93
Epoch: 086, Runtime 0.036663, Loss 0.028500, forward nfe 0, backward nfe 0, Train: 0.9600, Val: 0.5928, Test: 0.5952, Best time: 7.8741
After OOD adjustment: Training instances of last class: 0
After OOD adjustment: Testing instances of last class: 93
Epoch: 087, Runtime 0.034786, Loss 0.028215, forward nfe 0, backward nfe 0, Train: 0.9600, Val: 0.5928, Test: 0.5952, Best time: 7.8741
After OOD adjustment: Training instances of last class: 0
After OOD adjustment: Testing instances of last class: 93
Epoch: 088, Runtime 0.037602, Loss 0.027939, forward nfe 0, backward nfe 0, Train: 0.9600, Val: 0.5928, Test: 0.5952, Best time: 7.8741
After OOD adjustment: Training instances of last class: 0
After OOD adjustment: Testing instances of last class: 93
Epoch: 089, Runtime 0.036294, Loss 0.027672, forward nfe 0, backward nfe 0, Train: 0.9600, Val: 0.5928, Test: 0.5952, Best time: 7.8741
After OOD adjustment: Training instances of last class: 0
After OOD adjustment: Testing instances of last class: 93
Epoch: 090, Runtime 0.035279, Loss 0.027414, forward nfe 0, backward nfe 0, Train: 0.9600, Val: 0.5928, Test: 0.5952, Best time: 7.8741
After OOD adjustment: Training instances of last class: 0
After OOD adjustment: Testing instances of last class: 93
Epoch: 091, Runtime 0.035306, Loss 0.027164, forward nfe 0, backward nfe 0, Train: 0.9600, Val: 0.5928, Test: 0.5952, Best time: 7.8741
After OOD adjustment: Training instances of last class: 0
After OOD adjustment: Testing instances of last class: 93
Epoch: 092, Runtime 0.035338, Loss 0.026922, forward nfe 0, backward nfe 0, Train: 0.9600, Val: 0.5928, Test: 0.5952, Best time: 7.8741
After OOD adjustment: Training instances of last class: 0
After OOD adjustment: Testing instances of last class: 93
Epoch: 093, Runtime 0.036204, Loss 0.026687, forward nfe 0, backward nfe 0, Train: 0.9600, Val: 0.5928, Test: 0.5952, Best time: 7.8741
After OOD adjustment: Training instances of last class: 0
After OOD adjustment: Testing instances of last class: 93
Epoch: 094, Runtime 0.036560, Loss 0.026460, forward nfe 0, backward nfe 0, Train: 0.9600, Val: 0.5928, Test: 0.5952, Best time: 7.8741
After OOD adjustment: Training instances of last class: 0
After OOD adjustment: Testing instances of last class: 93
Epoch: 095, Runtime 0.036533, Loss 0.026239, forward nfe 0, backward nfe 0, Train: 0.9600, Val: 0.5928, Test: 0.5952, Best time: 7.8741
After OOD adjustment: Training instances of last class: 0
After OOD adjustment: Testing instances of last class: 93
Epoch: 096, Runtime 0.037983, Loss 0.026025, forward nfe 0, backward nfe 0, Train: 0.9600, Val: 0.5928, Test: 0.5952, Best time: 7.8741
After OOD adjustment: Training instances of last class: 0
After OOD adjustment: Testing instances of last class: 93
Epoch: 097, Runtime 0.034576, Loss 0.025817, forward nfe 0, backward nfe 0, Train: 0.9600, Val: 0.5928, Test: 0.5952, Best time: 7.8741
After OOD adjustment: Training instances of last class: 0
After OOD adjustment: Testing instances of last class: 93
Epoch: 098, Runtime 0.036466, Loss 0.025615, forward nfe 0, backward nfe 0, Train: 0.9600, Val: 0.5928, Test: 0.5952, Best time: 7.8741
After OOD adjustment: Training instances of last class: 0
After OOD adjustment: Testing instances of last class: 93
Epoch: 099, Runtime 0.036734, Loss 0.025419, forward nfe 0, backward nfe 0, Train: 0.9600, Val: 0.5928, Test: 0.5952, Best time: 7.8741
After OOD adjustment: Training instances of last class: 0
After OOD adjustment: Testing instances of last class: 93
Epoch: 100, Runtime 0.037195, Loss 0.025228, forward nfe 0, backward nfe 0, Train: 0.9600, Val: 0.5928, Test: 0.5952, Best time: 7.8741
After OOD adjustment: Training instances of last class: 0
After OOD adjustment: Testing instances of last class: 93
Epoch: 101, Runtime 0.036813, Loss 0.025042, forward nfe 0, backward nfe 0, Train: 0.9600, Val: 0.5928, Test: 0.5952, Best time: 7.8741
After OOD adjustment: Training instances of last class: 0
After OOD adjustment: Testing instances of last class: 93
Epoch: 102, Runtime 0.037120, Loss 0.024861, forward nfe 0, backward nfe 0, Train: 0.9600, Val: 0.5928, Test: 0.5952, Best time: 7.8741
After OOD adjustment: Training instances of last class: 0
After OOD adjustment: Testing instances of last class: 93
Epoch: 103, Runtime 0.034880, Loss 0.024685, forward nfe 0, backward nfe 0, Train: 0.9600, Val: 0.5928, Test: 0.5952, Best time: 7.8741
After OOD adjustment: Training instances of last class: 0
After OOD adjustment: Testing instances of last class: 93
Epoch: 104, Runtime 0.037209, Loss 0.024514, forward nfe 0, backward nfe 0, Train: 0.9600, Val: 0.5928, Test: 0.5952, Best time: 7.8741
After OOD adjustment: Training instances of last class: 0
After OOD adjustment: Testing instances of last class: 93
Epoch: 105, Runtime 0.036688, Loss 0.024347, forward nfe 0, backward nfe 0, Train: 0.9600, Val: 0.5928, Test: 0.5952, Best time: 7.8741
After OOD adjustment: Training instances of last class: 0
After OOD adjustment: Testing instances of last class: 93
Epoch: 106, Runtime 0.036879, Loss 0.024185, forward nfe 0, backward nfe 0, Train: 0.9600, Val: 0.5928, Test: 0.5952, Best time: 7.8741
After OOD adjustment: Training instances of last class: 0
After OOD adjustment: Testing instances of last class: 93
Epoch: 107, Runtime 0.035555, Loss 0.024026, forward nfe 0, backward nfe 0, Train: 0.9600, Val: 0.5928, Test: 0.5952, Best time: 7.8741
After OOD adjustment: Training instances of last class: 0
After OOD adjustment: Testing instances of last class: 93
Epoch: 108, Runtime 0.035868, Loss 0.023872, forward nfe 0, backward nfe 0, Train: 0.9600, Val: 0.5928, Test: 0.5952, Best time: 7.8741
After OOD adjustment: Training instances of last class: 0
After OOD adjustment: Testing instances of last class: 93
Epoch: 109, Runtime 0.036513, Loss 0.023721, forward nfe 0, backward nfe 0, Train: 0.9600, Val: 0.5928, Test: 0.5952, Best time: 7.8741
After OOD adjustment: Training instances of last class: 0
After OOD adjustment: Testing instances of last class: 93
Epoch: 110, Runtime 0.033675, Loss 0.023574, forward nfe 0, backward nfe 0, Train: 0.9600, Val: 0.5928, Test: 0.5952, Best time: 7.8741
After OOD adjustment: Training instances of last class: 0
After OOD adjustment: Testing instances of last class: 93
Epoch: 111, Runtime 0.038229, Loss 0.023430, forward nfe 0, backward nfe 0, Train: 0.9600, Val: 0.5928, Test: 0.5952, Best time: 7.8741
After OOD adjustment: Training instances of last class: 0
After OOD adjustment: Testing instances of last class: 93
Epoch: 112, Runtime 0.034919, Loss 0.023290, forward nfe 0, backward nfe 0, Train: 0.9600, Val: 0.5928, Test: 0.5952, Best time: 7.8741
After OOD adjustment: Training instances of last class: 0
After OOD adjustment: Testing instances of last class: 93
Epoch: 113, Runtime 0.037845, Loss 0.023153, forward nfe 0, backward nfe 0, Train: 0.9600, Val: 0.5928, Test: 0.5952, Best time: 7.8741
After OOD adjustment: Training instances of last class: 0
After OOD adjustment: Testing instances of last class: 93
Epoch: 114, Runtime 0.034437, Loss 0.023020, forward nfe 0, backward nfe 0, Train: 0.9600, Val: 0.5928, Test: 0.5952, Best time: 7.8741
After OOD adjustment: Training instances of last class: 0
After OOD adjustment: Testing instances of last class: 93
Epoch: 115, Runtime 0.037759, Loss 0.022889, forward nfe 0, backward nfe 0, Train: 0.9600, Val: 0.5928, Test: 0.5952, Best time: 7.8741
After OOD adjustment: Training instances of last class: 0
After OOD adjustment: Testing instances of last class: 93
Epoch: 116, Runtime 0.037193, Loss 0.022761, forward nfe 0, backward nfe 0, Train: 0.9600, Val: 0.5928, Test: 0.5952, Best time: 7.8741
After OOD adjustment: Training instances of last class: 0
After OOD adjustment: Testing instances of last class: 93
Epoch: 117, Runtime 0.036467, Loss 0.022637, forward nfe 0, backward nfe 0, Train: 0.9600, Val: 0.5928, Test: 0.5952, Best time: 7.8741
After OOD adjustment: Training instances of last class: 0
After OOD adjustment: Testing instances of last class: 93
Epoch: 118, Runtime 0.034685, Loss 0.022515, forward nfe 0, backward nfe 0, Train: 0.9600, Val: 0.5928, Test: 0.5952, Best time: 7.8741
After OOD adjustment: Training instances of last class: 0
After OOD adjustment: Testing instances of last class: 93
Epoch: 119, Runtime 0.037824, Loss 0.022395, forward nfe 0, backward nfe 0, Train: 0.9600, Val: 0.5928, Test: 0.5952, Best time: 7.8741
After OOD adjustment: Training instances of last class: 0
After OOD adjustment: Testing instances of last class: 93
Epoch: 120, Runtime 0.035685, Loss 0.022278, forward nfe 0, backward nfe 0, Train: 0.9600, Val: 0.5928, Test: 0.5952, Best time: 7.8741
After OOD adjustment: Training instances of last class: 0
After OOD adjustment: Testing instances of last class: 93
Epoch: 121, Runtime 0.037688, Loss 0.022164, forward nfe 0, backward nfe 0, Train: 0.9600, Val: 0.5928, Test: 0.5952, Best time: 7.8741
After OOD adjustment: Training instances of last class: 0
After OOD adjustment: Testing instances of last class: 93
Epoch: 122, Runtime 0.034445, Loss 0.022053, forward nfe 0, backward nfe 0, Train: 0.9600, Val: 0.5928, Test: 0.5952, Best time: 7.8741
After OOD adjustment: Training instances of last class: 0
After OOD adjustment: Testing instances of last class: 93
Epoch: 123, Runtime 0.037627, Loss 0.021943, forward nfe 0, backward nfe 0, Train: 0.9600, Val: 0.5928, Test: 0.5952, Best time: 7.8741
After OOD adjustment: Training instances of last class: 0
After OOD adjustment: Testing instances of last class: 93
Epoch: 124, Runtime 0.036720, Loss 0.021836, forward nfe 0, backward nfe 0, Train: 0.9600, Val: 0.5928, Test: 0.5952, Best time: 7.8741
After OOD adjustment: Training instances of last class: 0
After OOD adjustment: Testing instances of last class: 93
Epoch: 125, Runtime 0.035403, Loss 0.021731, forward nfe 0, backward nfe 0, Train: 0.9600, Val: 0.5928, Test: 0.5952, Best time: 7.8741
After OOD adjustment: Training instances of last class: 0
After OOD adjustment: Testing instances of last class: 93
Epoch: 126, Runtime 0.036679, Loss 0.021628, forward nfe 0, backward nfe 0, Train: 0.9600, Val: 0.5928, Test: 0.5952, Best time: 7.8741
After OOD adjustment: Training instances of last class: 0
After OOD adjustment: Testing instances of last class: 93
Epoch: 127, Runtime 0.036950, Loss 0.021528, forward nfe 0, backward nfe 0, Train: 0.9600, Val: 0.5928, Test: 0.5952, Best time: 7.8741
After OOD adjustment: Training instances of last class: 0
After OOD adjustment: Testing instances of last class: 93
Epoch: 128, Runtime 0.035510, Loss 0.021429, forward nfe 0, backward nfe 0, Train: 0.9600, Val: 0.5928, Test: 0.5952, Best time: 7.8741
After OOD adjustment: Training instances of last class: 0
After OOD adjustment: Testing instances of last class: 93
Epoch: 129, Runtime 0.035723, Loss 0.021333, forward nfe 0, backward nfe 0, Train: 0.9600, Val: 0.5928, Test: 0.5952, Best time: 7.8741
After OOD adjustment: Training instances of last class: 0
After OOD adjustment: Testing instances of last class: 93
Epoch: 130, Runtime 0.035395, Loss 0.021238, forward nfe 0, backward nfe 0, Train: 0.9600, Val: 0.5928, Test: 0.5952, Best time: 7.8741
After OOD adjustment: Training instances of last class: 0
After OOD adjustment: Testing instances of last class: 93
Epoch: 131, Runtime 0.036993, Loss 0.021145, forward nfe 0, backward nfe 0, Train: 0.9600, Val: 0.5928, Test: 0.5952, Best time: 7.8741
After OOD adjustment: Training instances of last class: 0
After OOD adjustment: Testing instances of last class: 93
Epoch: 132, Runtime 0.034902, Loss 0.021054, forward nfe 0, backward nfe 0, Train: 0.9600, Val: 0.5928, Test: 0.5952, Best time: 7.8741
After OOD adjustment: Training instances of last class: 0
After OOD adjustment: Testing instances of last class: 93
Epoch: 133, Runtime 0.034956, Loss 0.020965, forward nfe 0, backward nfe 0, Train: 0.9600, Val: 0.5928, Test: 0.5952, Best time: 7.8741
After OOD adjustment: Training instances of last class: 0
After OOD adjustment: Testing instances of last class: 93
Epoch: 134, Runtime 0.036166, Loss 0.020878, forward nfe 0, backward nfe 0, Train: 0.9600, Val: 0.5928, Test: 0.5952, Best time: 7.8741
After OOD adjustment: Training instances of last class: 0
After OOD adjustment: Testing instances of last class: 93
Epoch: 135, Runtime 0.035414, Loss 0.020792, forward nfe 0, backward nfe 0, Train: 0.9600, Val: 0.5928, Test: 0.5952, Best time: 7.8741
After OOD adjustment: Training instances of last class: 0
After OOD adjustment: Testing instances of last class: 93
Epoch: 136, Runtime 0.035773, Loss 0.020708, forward nfe 0, backward nfe 0, Train: 0.9600, Val: 0.5928, Test: 0.5952, Best time: 7.8741
After OOD adjustment: Training instances of last class: 0
After OOD adjustment: Testing instances of last class: 93
Epoch: 137, Runtime 0.035512, Loss 0.020625, forward nfe 0, backward nfe 0, Train: 0.9600, Val: 0.5928, Test: 0.5952, Best time: 7.8741
After OOD adjustment: Training instances of last class: 0
After OOD adjustment: Testing instances of last class: 93
Epoch: 138, Runtime 0.037643, Loss 0.020544, forward nfe 0, backward nfe 0, Train: 0.9600, Val: 0.5928, Test: 0.5952, Best time: 7.8741
After OOD adjustment: Training instances of last class: 0
After OOD adjustment: Testing instances of last class: 93
Epoch: 139, Runtime 0.036806, Loss 0.020464, forward nfe 0, backward nfe 0, Train: 0.9600, Val: 0.5928, Test: 0.5952, Best time: 7.8741
After OOD adjustment: Training instances of last class: 0
After OOD adjustment: Testing instances of last class: 93
Epoch: 140, Runtime 0.034881, Loss 0.020386, forward nfe 0, backward nfe 0, Train: 0.9600, Val: 0.5928, Test: 0.5952, Best time: 7.8741
After OOD adjustment: Training instances of last class: 0
After OOD adjustment: Testing instances of last class: 93
Epoch: 141, Runtime 0.034303, Loss 0.020310, forward nfe 0, backward nfe 0, Train: 0.9600, Val: 0.5928, Test: 0.5952, Best time: 7.8741
After OOD adjustment: Training instances of last class: 0
After OOD adjustment: Testing instances of last class: 93
Epoch: 142, Runtime 0.035971, Loss 0.020234, forward nfe 0, backward nfe 0, Train: 0.9600, Val: 0.5928, Test: 0.5952, Best time: 7.8741
After OOD adjustment: Training instances of last class: 0
After OOD adjustment: Testing instances of last class: 93
Epoch: 143, Runtime 0.036561, Loss 0.020161, forward nfe 0, backward nfe 0, Train: 0.9600, Val: 0.5928, Test: 0.5952, Best time: 7.8741
After OOD adjustment: Training instances of last class: 0
After OOD adjustment: Testing instances of last class: 93
Epoch: 144, Runtime 0.037843, Loss 0.020088, forward nfe 0, backward nfe 0, Train: 0.9600, Val: 0.5928, Test: 0.5952, Best time: 7.8741
After OOD adjustment: Training instances of last class: 0
After OOD adjustment: Testing instances of last class: 93
Epoch: 145, Runtime 0.034843, Loss 0.020017, forward nfe 0, backward nfe 0, Train: 0.9600, Val: 0.5928, Test: 0.5952, Best time: 7.8741
After OOD adjustment: Training instances of last class: 0
After OOD adjustment: Testing instances of last class: 93
Epoch: 146, Runtime 0.035375, Loss 0.019947, forward nfe 0, backward nfe 0, Train: 0.9600, Val: 0.5928, Test: 0.5952, Best time: 7.8741
After OOD adjustment: Training instances of last class: 0
After OOD adjustment: Testing instances of last class: 93
Epoch: 147, Runtime 0.037639, Loss 0.019878, forward nfe 0, backward nfe 0, Train: 0.9600, Val: 0.5928, Test: 0.5952, Best time: 7.8741
After OOD adjustment: Training instances of last class: 0
After OOD adjustment: Testing instances of last class: 93
Epoch: 148, Runtime 0.035949, Loss 0.019810, forward nfe 0, backward nfe 0, Train: 0.9600, Val: 0.5928, Test: 0.5952, Best time: 7.8741
After OOD adjustment: Training instances of last class: 0
After OOD adjustment: Testing instances of last class: 93
Epoch: 149, Runtime 0.037879, Loss 0.019744, forward nfe 0, backward nfe 0, Train: 0.9600, Val: 0.5928, Test: 0.5952, Best time: 7.8741
After OOD adjustment: Training instances of last class: 0
After OOD adjustment: Testing instances of last class: 93
Epoch: 150, Runtime 0.036742, Loss 0.019679, forward nfe 0, backward nfe 0, Train: 0.9600, Val: 0.5928, Test: 0.5952, Best time: 7.8741
After OOD adjustment: Training instances of last class: 0
After OOD adjustment: Testing instances of last class: 93
Epoch: 151, Runtime 0.035571, Loss 0.019615, forward nfe 0, backward nfe 0, Train: 0.9600, Val: 0.5928, Test: 0.5952, Best time: 7.8741
After OOD adjustment: Training instances of last class: 0
After OOD adjustment: Testing instances of last class: 93
Epoch: 152, Runtime 0.035899, Loss 0.019551, forward nfe 0, backward nfe 0, Train: 0.9600, Val: 0.5928, Test: 0.5952, Best time: 7.8741
After OOD adjustment: Training instances of last class: 0
After OOD adjustment: Testing instances of last class: 93
Epoch: 153, Runtime 0.036606, Loss 0.019489, forward nfe 0, backward nfe 0, Train: 0.9600, Val: 0.5928, Test: 0.5952, Best time: 7.8741
After OOD adjustment: Training instances of last class: 0
After OOD adjustment: Testing instances of last class: 93
Epoch: 154, Runtime 0.037255, Loss 0.019429, forward nfe 0, backward nfe 0, Train: 0.9600, Val: 0.5928, Test: 0.5952, Best time: 7.8741
After OOD adjustment: Training instances of last class: 0
After OOD adjustment: Testing instances of last class: 93
Epoch: 155, Runtime 0.037794, Loss 0.019369, forward nfe 0, backward nfe 0, Train: 0.9600, Val: 0.5928, Test: 0.5952, Best time: 7.8741
After OOD adjustment: Training instances of last class: 0
After OOD adjustment: Testing instances of last class: 93
Epoch: 156, Runtime 0.037215, Loss 0.019310, forward nfe 0, backward nfe 0, Train: 0.9600, Val: 0.5928, Test: 0.5952, Best time: 7.8741
After OOD adjustment: Training instances of last class: 0
After OOD adjustment: Testing instances of last class: 93
Epoch: 157, Runtime 0.034370, Loss 0.019252, forward nfe 0, backward nfe 0, Train: 0.9600, Val: 0.5928, Test: 0.5952, Best time: 7.8741
After OOD adjustment: Training instances of last class: 0
After OOD adjustment: Testing instances of last class: 93
Epoch: 158, Runtime 0.035342, Loss 0.019195, forward nfe 0, backward nfe 0, Train: 0.9600, Val: 0.5928, Test: 0.5952, Best time: 7.8741
After OOD adjustment: Training instances of last class: 0
After OOD adjustment: Testing instances of last class: 93
Epoch: 159, Runtime 0.037709, Loss 0.019139, forward nfe 0, backward nfe 0, Train: 0.9600, Val: 0.5928, Test: 0.5952, Best time: 7.8741
After OOD adjustment: Training instances of last class: 0
After OOD adjustment: Testing instances of last class: 93
Epoch: 160, Runtime 0.034598, Loss 0.019083, forward nfe 0, backward nfe 0, Train: 0.9600, Val: 0.5928, Test: 0.5952, Best time: 7.8741
After OOD adjustment: Training instances of last class: 0
After OOD adjustment: Testing instances of last class: 93
Epoch: 161, Runtime 0.035437, Loss 0.019029, forward nfe 0, backward nfe 0, Train: 0.9600, Val: 0.5928, Test: 0.5952, Best time: 7.8741
After OOD adjustment: Training instances of last class: 0
After OOD adjustment: Testing instances of last class: 93
Epoch: 162, Runtime 0.037007, Loss 0.018976, forward nfe 0, backward nfe 0, Train: 0.9600, Val: 0.5928, Test: 0.5952, Best time: 7.8741
After OOD adjustment: Training instances of last class: 0
After OOD adjustment: Testing instances of last class: 93
Epoch: 163, Runtime 0.036710, Loss 0.018923, forward nfe 0, backward nfe 0, Train: 0.9600, Val: 0.5928, Test: 0.5952, Best time: 7.8741
After OOD adjustment: Training instances of last class: 0
After OOD adjustment: Testing instances of last class: 93
Epoch: 164, Runtime 0.035326, Loss 0.018871, forward nfe 0, backward nfe 0, Train: 0.9600, Val: 0.5928, Test: 0.5952, Best time: 7.8741
After OOD adjustment: Training instances of last class: 0
After OOD adjustment: Testing instances of last class: 93
Epoch: 165, Runtime 0.035184, Loss 0.018820, forward nfe 0, backward nfe 0, Train: 0.9600, Val: 0.5928, Test: 0.5952, Best time: 7.8741
After OOD adjustment: Training instances of last class: 0
After OOD adjustment: Testing instances of last class: 93
Epoch: 166, Runtime 0.034954, Loss 0.018770, forward nfe 0, backward nfe 0, Train: 0.9600, Val: 0.5928, Test: 0.5952, Best time: 7.8741
After OOD adjustment: Training instances of last class: 0
After OOD adjustment: Testing instances of last class: 93
Epoch: 167, Runtime 0.037396, Loss 0.018721, forward nfe 0, backward nfe 0, Train: 0.9600, Val: 0.5928, Test: 0.5952, Best time: 7.8741
After OOD adjustment: Training instances of last class: 0
After OOD adjustment: Testing instances of last class: 93
Epoch: 168, Runtime 0.034717, Loss 0.018672, forward nfe 0, backward nfe 0, Train: 0.9600, Val: 0.5928, Test: 0.5952, Best time: 7.8741
After OOD adjustment: Training instances of last class: 0
After OOD adjustment: Testing instances of last class: 93
Epoch: 169, Runtime 0.035361, Loss 0.018624, forward nfe 0, backward nfe 0, Train: 0.9600, Val: 0.5928, Test: 0.5952, Best time: 7.8741
After OOD adjustment: Training instances of last class: 0
After OOD adjustment: Testing instances of last class: 93
Epoch: 170, Runtime 0.035266, Loss 0.018577, forward nfe 0, backward nfe 0, Train: 0.9600, Val: 0.5928, Test: 0.5952, Best time: 7.8741
After OOD adjustment: Training instances of last class: 0
After OOD adjustment: Testing instances of last class: 93
Epoch: 171, Runtime 0.037310, Loss 0.018531, forward nfe 0, backward nfe 0, Train: 0.9600, Val: 0.5928, Test: 0.5952, Best time: 7.8741
After OOD adjustment: Training instances of last class: 0
After OOD adjustment: Testing instances of last class: 93
Epoch: 172, Runtime 0.034828, Loss 0.018485, forward nfe 0, backward nfe 0, Train: 0.9600, Val: 0.5928, Test: 0.5952, Best time: 7.8741
After OOD adjustment: Training instances of last class: 0
After OOD adjustment: Testing instances of last class: 93
Epoch: 173, Runtime 0.035577, Loss 0.018440, forward nfe 0, backward nfe 0, Train: 0.9600, Val: 0.5928, Test: 0.5952, Best time: 7.8741
After OOD adjustment: Training instances of last class: 0
After OOD adjustment: Testing instances of last class: 93
Epoch: 174, Runtime 0.035548, Loss 0.018396, forward nfe 0, backward nfe 0, Train: 0.9600, Val: 0.5928, Test: 0.5952, Best time: 7.8741
After OOD adjustment: Training instances of last class: 0
After OOD adjustment: Testing instances of last class: 93
Epoch: 175, Runtime 0.037864, Loss 0.018352, forward nfe 0, backward nfe 0, Train: 0.9600, Val: 0.5928, Test: 0.5952, Best time: 7.8741
After OOD adjustment: Training instances of last class: 0
After OOD adjustment: Testing instances of last class: 93
Epoch: 176, Runtime 0.034363, Loss 0.018309, forward nfe 0, backward nfe 0, Train: 0.9600, Val: 0.5928, Test: 0.5952, Best time: 7.8741
After OOD adjustment: Training instances of last class: 0
After OOD adjustment: Testing instances of last class: 93
Epoch: 177, Runtime 0.037752, Loss 0.018267, forward nfe 0, backward nfe 0, Train: 0.9600, Val: 0.5928, Test: 0.5952, Best time: 7.8741
After OOD adjustment: Training instances of last class: 0
After OOD adjustment: Testing instances of last class: 93
Epoch: 178, Runtime 0.035514, Loss 0.018225, forward nfe 0, backward nfe 0, Train: 0.9600, Val: 0.5928, Test: 0.5952, Best time: 7.8741
After OOD adjustment: Training instances of last class: 0
After OOD adjustment: Testing instances of last class: 93
Epoch: 179, Runtime 0.035766, Loss 0.018184, forward nfe 0, backward nfe 0, Train: 0.9600, Val: 0.5928, Test: 0.5952, Best time: 7.8741
After OOD adjustment: Training instances of last class: 0
After OOD adjustment: Testing instances of last class: 93
Epoch: 180, Runtime 0.036753, Loss 0.018143, forward nfe 0, backward nfe 0, Train: 0.9600, Val: 0.5928, Test: 0.5952, Best time: 7.8741
After OOD adjustment: Training instances of last class: 0
After OOD adjustment: Testing instances of last class: 93
Epoch: 181, Runtime 0.037973, Loss 0.018103, forward nfe 0, backward nfe 0, Train: 0.9600, Val: 0.5928, Test: 0.5952, Best time: 7.8741
After OOD adjustment: Training instances of last class: 0
After OOD adjustment: Testing instances of last class: 93
Epoch: 182, Runtime 0.034312, Loss 0.018064, forward nfe 0, backward nfe 0, Train: 0.9600, Val: 0.5928, Test: 0.5952, Best time: 7.8741
After OOD adjustment: Training instances of last class: 0
After OOD adjustment: Testing instances of last class: 93
Epoch: 183, Runtime 0.035223, Loss 0.018025, forward nfe 0, backward nfe 0, Train: 0.9600, Val: 0.5928, Test: 0.5952, Best time: 7.8741
After OOD adjustment: Training instances of last class: 0
After OOD adjustment: Testing instances of last class: 93
Epoch: 184, Runtime 0.037643, Loss 0.017986, forward nfe 0, backward nfe 0, Train: 0.9600, Val: 0.5928, Test: 0.5952, Best time: 7.8741
After OOD adjustment: Training instances of last class: 0
After OOD adjustment: Testing instances of last class: 93
Epoch: 185, Runtime 0.034401, Loss 0.017949, forward nfe 0, backward nfe 0, Train: 0.9600, Val: 0.5928, Test: 0.5952, Best time: 7.8741
After OOD adjustment: Training instances of last class: 0
After OOD adjustment: Testing instances of last class: 93
Epoch: 186, Runtime 0.037820, Loss 0.017911, forward nfe 0, backward nfe 0, Train: 0.9600, Val: 0.5928, Test: 0.5952, Best time: 7.8741
After OOD adjustment: Training instances of last class: 0
After OOD adjustment: Testing instances of last class: 93
Epoch: 187, Runtime 0.034395, Loss 0.017875, forward nfe 0, backward nfe 0, Train: 0.9600, Val: 0.5928, Test: 0.5952, Best time: 7.8741
After OOD adjustment: Training instances of last class: 0
After OOD adjustment: Testing instances of last class: 93
Epoch: 188, Runtime 0.037812, Loss 0.017838, forward nfe 0, backward nfe 0, Train: 0.9600, Val: 0.5928, Test: 0.5952, Best time: 7.8741
After OOD adjustment: Training instances of last class: 0
After OOD adjustment: Testing instances of last class: 93
Epoch: 189, Runtime 0.035475, Loss 0.017803, forward nfe 0, backward nfe 0, Train: 0.9600, Val: 0.5928, Test: 0.5952, Best time: 7.8741
After OOD adjustment: Training instances of last class: 0
After OOD adjustment: Testing instances of last class: 93
Epoch: 190, Runtime 0.035820, Loss 0.017767, forward nfe 0, backward nfe 0, Train: 0.9600, Val: 0.5928, Test: 0.5952, Best time: 7.8741
After OOD adjustment: Training instances of last class: 0
After OOD adjustment: Testing instances of last class: 93
Epoch: 191, Runtime 0.037733, Loss 0.017733, forward nfe 0, backward nfe 0, Train: 0.9600, Val: 0.5928, Test: 0.5952, Best time: 7.8741
After OOD adjustment: Training instances of last class: 0
After OOD adjustment: Testing instances of last class: 93
Epoch: 192, Runtime 0.034748, Loss 0.017698, forward nfe 0, backward nfe 0, Train: 0.9600, Val: 0.5928, Test: 0.5952, Best time: 7.8741
After OOD adjustment: Training instances of last class: 0
After OOD adjustment: Testing instances of last class: 93
Epoch: 193, Runtime 0.037187, Loss 0.017665, forward nfe 0, backward nfe 0, Train: 0.9600, Val: 0.5928, Test: 0.5952, Best time: 7.8741
After OOD adjustment: Training instances of last class: 0
After OOD adjustment: Testing instances of last class: 93
Epoch: 194, Runtime 0.036833, Loss 0.017631, forward nfe 0, backward nfe 0, Train: 0.9600, Val: 0.5928, Test: 0.5952, Best time: 7.8741
After OOD adjustment: Training instances of last class: 0
After OOD adjustment: Testing instances of last class: 93
Epoch: 195, Runtime 0.036362, Loss 0.017598, forward nfe 0, backward nfe 0, Train: 0.9600, Val: 0.5928, Test: 0.5952, Best time: 7.8741
After OOD adjustment: Training instances of last class: 0
After OOD adjustment: Testing instances of last class: 93
Epoch: 196, Runtime 0.034794, Loss 0.017566, forward nfe 0, backward nfe 0, Train: 0.9600, Val: 0.5928, Test: 0.5952, Best time: 7.8741
After OOD adjustment: Training instances of last class: 0
After OOD adjustment: Testing instances of last class: 93
Epoch: 197, Runtime 0.037588, Loss 0.017534, forward nfe 0, backward nfe 0, Train: 0.9600, Val: 0.5928, Test: 0.5952, Best time: 7.8741
After OOD adjustment: Training instances of last class: 0
After OOD adjustment: Testing instances of last class: 93
Epoch: 198, Runtime 0.036377, Loss 0.017502, forward nfe 0, backward nfe 0, Train: 0.9600, Val: 0.5928, Test: 0.5952, Best time: 7.8741
After OOD adjustment: Training instances of last class: 0
After OOD adjustment: Testing instances of last class: 93
Epoch: 199, Runtime 0.035868, Loss 0.017471, forward nfe 0, backward nfe 0, Train: 0.9600, Val: 0.5928, Test: 0.5952, Best time: 7.8741
After OOD adjustment: Training instances of last class: 0
After OOD adjustment: Testing instances of last class: 93
Epoch: 200, Runtime 0.037894, Loss 0.017440, forward nfe 0, backward nfe 0, Train: 0.9600, Val: 0.5928, Test: 0.5952, Best time: 7.8741
After OOD adjustment: Training instances of last class: 0
After OOD adjustment: Testing instances of last class: 93
Epoch: 201, Runtime 0.035681, Loss 0.017410, forward nfe 0, backward nfe 0, Train: 0.9600, Val: 0.5928, Test: 0.5952, Best time: 7.8741
After OOD adjustment: Training instances of last class: 0
After OOD adjustment: Testing instances of last class: 93
Epoch: 202, Runtime 0.037721, Loss 0.017380, forward nfe 0, backward nfe 0, Train: 0.9600, Val: 0.5928, Test: 0.5952, Best time: 7.8741
After OOD adjustment: Training instances of last class: 0
After OOD adjustment: Testing instances of last class: 93
Epoch: 203, Runtime 0.037516, Loss 0.017350, forward nfe 0, backward nfe 0, Train: 0.9600, Val: 0.5928, Test: 0.5952, Best time: 7.8741
After OOD adjustment: Training instances of last class: 0
After OOD adjustment: Testing instances of last class: 93
Epoch: 204, Runtime 0.036858, Loss 0.017321, forward nfe 0, backward nfe 0, Train: 0.9600, Val: 0.5928, Test: 0.5952, Best time: 7.8741
After OOD adjustment: Training instances of last class: 0
After OOD adjustment: Testing instances of last class: 93
Epoch: 205, Runtime 0.036813, Loss 0.017292, forward nfe 0, backward nfe 0, Train: 0.9600, Val: 0.5928, Test: 0.5952, Best time: 7.8741
After OOD adjustment: Training instances of last class: 0
After OOD adjustment: Testing instances of last class: 93
Epoch: 206, Runtime 0.034398, Loss 0.017264, forward nfe 0, backward nfe 0, Train: 0.9600, Val: 0.5928, Test: 0.5952, Best time: 7.8741
After OOD adjustment: Training instances of last class: 0
After OOD adjustment: Testing instances of last class: 93
Epoch: 207, Runtime 0.035395, Loss 0.017236, forward nfe 0, backward nfe 0, Train: 0.9600, Val: 0.5928, Test: 0.5952, Best time: 7.8741
After OOD adjustment: Training instances of last class: 0
After OOD adjustment: Testing instances of last class: 93
Epoch: 208, Runtime 0.037293, Loss 0.017208, forward nfe 0, backward nfe 0, Train: 0.9600, Val: 0.5928, Test: 0.5952, Best time: 7.8741
After OOD adjustment: Training instances of last class: 0
After OOD adjustment: Testing instances of last class: 93
Epoch: 209, Runtime 0.037043, Loss 0.017180, forward nfe 0, backward nfe 0, Train: 0.9600, Val: 0.5928, Test: 0.5952, Best time: 7.8741
After OOD adjustment: Training instances of last class: 0
After OOD adjustment: Testing instances of last class: 93
Epoch: 210, Runtime 0.034456, Loss 0.017153, forward nfe 0, backward nfe 0, Train: 0.9600, Val: 0.5928, Test: 0.5952, Best time: 7.8741
After OOD adjustment: Training instances of last class: 0
After OOD adjustment: Testing instances of last class: 93
Epoch: 211, Runtime 0.035446, Loss 0.017127, forward nfe 0, backward nfe 0, Train: 0.9600, Val: 0.5928, Test: 0.5952, Best time: 7.8741
After OOD adjustment: Training instances of last class: 0
After OOD adjustment: Testing instances of last class: 93
Epoch: 212, Runtime 0.037748, Loss 0.017100, forward nfe 0, backward nfe 0, Train: 0.9600, Val: 0.5928, Test: 0.5952, Best time: 7.8741
After OOD adjustment: Training instances of last class: 0
After OOD adjustment: Testing instances of last class: 93
Epoch: 213, Runtime 0.034424, Loss 0.017074, forward nfe 0, backward nfe 0, Train: 0.9600, Val: 0.5928, Test: 0.5952, Best time: 7.8741
After OOD adjustment: Training instances of last class: 0
After OOD adjustment: Testing instances of last class: 93
Epoch: 214, Runtime 0.036667, Loss 0.017048, forward nfe 0, backward nfe 0, Train: 0.9600, Val: 0.5928, Test: 0.5952, Best time: 7.8741
After OOD adjustment: Training instances of last class: 0
After OOD adjustment: Testing instances of last class: 93
Epoch: 215, Runtime 0.037699, Loss 0.017023, forward nfe 0, backward nfe 0, Train: 0.9600, Val: 0.5928, Test: 0.5952, Best time: 7.8741
After OOD adjustment: Training instances of last class: 0
After OOD adjustment: Testing instances of last class: 93
Epoch: 216, Runtime 0.035468, Loss 0.016998, forward nfe 0, backward nfe 0, Train: 0.9600, Val: 0.5928, Test: 0.5952, Best time: 7.8741
After OOD adjustment: Training instances of last class: 0
After OOD adjustment: Testing instances of last class: 93
Epoch: 217, Runtime 0.035798, Loss 0.016973, forward nfe 0, backward nfe 0, Train: 0.9600, Val: 0.5928, Test: 0.5952, Best time: 7.8741
After OOD adjustment: Training instances of last class: 0
After OOD adjustment: Testing instances of last class: 93
Epoch: 218, Runtime 0.036390, Loss 0.016948, forward nfe 0, backward nfe 0, Train: 0.9600, Val: 0.5928, Test: 0.5952, Best time: 7.8741
After OOD adjustment: Training instances of last class: 0
After OOD adjustment: Testing instances of last class: 93
Epoch: 219, Runtime 0.036968, Loss 0.016924, forward nfe 0, backward nfe 0, Train: 0.9600, Val: 0.5928, Test: 0.5952, Best time: 7.8741
After OOD adjustment: Training instances of last class: 0
After OOD adjustment: Testing instances of last class: 93
Epoch: 220, Runtime 0.038091, Loss 0.016900, forward nfe 0, backward nfe 0, Train: 0.9600, Val: 0.5928, Test: 0.5952, Best time: 7.8741
After OOD adjustment: Training instances of last class: 0
After OOD adjustment: Testing instances of last class: 93
Epoch: 221, Runtime 0.035449, Loss 0.016877, forward nfe 0, backward nfe 0, Train: 0.9600, Val: 0.5928, Test: 0.5952, Best time: 7.8741
After OOD adjustment: Training instances of last class: 0
After OOD adjustment: Testing instances of last class: 93
Epoch: 222, Runtime 0.035736, Loss 0.016853, forward nfe 0, backward nfe 0, Train: 0.9600, Val: 0.5928, Test: 0.5952, Best time: 7.8741
After OOD adjustment: Training instances of last class: 0
After OOD adjustment: Testing instances of last class: 93
Epoch: 223, Runtime 0.037781, Loss 0.016830, forward nfe 0, backward nfe 0, Train: 0.9600, Val: 0.5928, Test: 0.5952, Best time: 7.8741
After OOD adjustment: Training instances of last class: 0
After OOD adjustment: Testing instances of last class: 93
Epoch: 224, Runtime 0.035437, Loss 0.016807, forward nfe 0, backward nfe 0, Train: 0.9600, Val: 0.5928, Test: 0.5952, Best time: 7.8741
After OOD adjustment: Training instances of last class: 0
After OOD adjustment: Testing instances of last class: 93
Epoch: 225, Runtime 0.035993, Loss 0.016785, forward nfe 0, backward nfe 0, Train: 0.9600, Val: 0.5928, Test: 0.5952, Best time: 7.8741
After OOD adjustment: Training instances of last class: 0
After OOD adjustment: Testing instances of last class: 93
Epoch: 226, Runtime 0.035194, Loss 0.016762, forward nfe 0, backward nfe 0, Train: 0.9600, Val: 0.5928, Test: 0.5952, Best time: 7.8741
After OOD adjustment: Training instances of last class: 0
After OOD adjustment: Testing instances of last class: 93
Epoch: 227, Runtime 0.035960, Loss 0.016740, forward nfe 0, backward nfe 0, Train: 0.9600, Val: 0.5928, Test: 0.5952, Best time: 7.8741
After OOD adjustment: Training instances of last class: 0
After OOD adjustment: Testing instances of last class: 93
Epoch: 228, Runtime 0.034653, Loss 0.016719, forward nfe 0, backward nfe 0, Train: 0.9600, Val: 0.5928, Test: 0.5952, Best time: 7.8741
After OOD adjustment: Training instances of last class: 0
After OOD adjustment: Testing instances of last class: 93
Epoch: 229, Runtime 0.036434, Loss 0.016697, forward nfe 0, backward nfe 0, Train: 0.9600, Val: 0.5928, Test: 0.5952, Best time: 7.8741
After OOD adjustment: Training instances of last class: 0
After OOD adjustment: Testing instances of last class: 93
Epoch: 230, Runtime 0.036726, Loss 0.016676, forward nfe 0, backward nfe 0, Train: 0.9600, Val: 0.5928, Test: 0.5952, Best time: 7.8741
After OOD adjustment: Training instances of last class: 0
After OOD adjustment: Testing instances of last class: 93
Epoch: 231, Runtime 0.036818, Loss 0.016655, forward nfe 0, backward nfe 0, Train: 0.9600, Val: 0.5928, Test: 0.5952, Best time: 7.8741
After OOD adjustment: Training instances of last class: 0
After OOD adjustment: Testing instances of last class: 93
Epoch: 232, Runtime 0.037592, Loss 0.016634, forward nfe 0, backward nfe 0, Train: 0.9600, Val: 0.5928, Test: 0.5952, Best time: 7.8741
After OOD adjustment: Training instances of last class: 0
After OOD adjustment: Testing instances of last class: 93
Epoch: 233, Runtime 0.037183, Loss 0.016614, forward nfe 0, backward nfe 0, Train: 0.9600, Val: 0.5928, Test: 0.5952, Best time: 7.8741
After OOD adjustment: Training instances of last class: 0
After OOD adjustment: Testing instances of last class: 93
Epoch: 234, Runtime 0.036661, Loss 0.016593, forward nfe 0, backward nfe 0, Train: 0.9600, Val: 0.5928, Test: 0.5952, Best time: 7.8741
After OOD adjustment: Training instances of last class: 0
After OOD adjustment: Testing instances of last class: 93
Epoch: 235, Runtime 0.035834, Loss 0.016573, forward nfe 0, backward nfe 0, Train: 0.9600, Val: 0.5928, Test: 0.5952, Best time: 7.8741
After OOD adjustment: Training instances of last class: 0
After OOD adjustment: Testing instances of last class: 93
Epoch: 236, Runtime 0.037282, Loss 0.016553, forward nfe 0, backward nfe 0, Train: 0.9600, Val: 0.5928, Test: 0.5952, Best time: 7.8741
After OOD adjustment: Training instances of last class: 0
After OOD adjustment: Testing instances of last class: 93
Epoch: 237, Runtime 0.034609, Loss 0.016534, forward nfe 0, backward nfe 0, Train: 0.9600, Val: 0.5928, Test: 0.5952, Best time: 7.8741
After OOD adjustment: Training instances of last class: 0
After OOD adjustment: Testing instances of last class: 93
Epoch: 238, Runtime 0.036371, Loss 0.016514, forward nfe 0, backward nfe 0, Train: 0.9600, Val: 0.5928, Test: 0.5952, Best time: 7.8741
After OOD adjustment: Training instances of last class: 0
After OOD adjustment: Testing instances of last class: 93
Epoch: 239, Runtime 0.037557, Loss 0.016495, forward nfe 0, backward nfe 0, Train: 0.9600, Val: 0.5928, Test: 0.5952, Best time: 7.8741
After OOD adjustment: Training instances of last class: 0
After OOD adjustment: Testing instances of last class: 93
Epoch: 240, Runtime 0.035793, Loss 0.016476, forward nfe 0, backward nfe 0, Train: 0.9600, Val: 0.5928, Test: 0.5952, Best time: 7.8741
After OOD adjustment: Training instances of last class: 0
After OOD adjustment: Testing instances of last class: 93
Epoch: 241, Runtime 0.036821, Loss 0.016457, forward nfe 0, backward nfe 0, Train: 0.9600, Val: 0.5928, Test: 0.5952, Best time: 7.8741
After OOD adjustment: Training instances of last class: 0
After OOD adjustment: Testing instances of last class: 93
Epoch: 242, Runtime 0.035956, Loss 0.016439, forward nfe 0, backward nfe 0, Train: 0.9600, Val: 0.5928, Test: 0.5952, Best time: 7.8741
After OOD adjustment: Training instances of last class: 0
After OOD adjustment: Testing instances of last class: 93
Epoch: 243, Runtime 0.035590, Loss 0.016420, forward nfe 0, backward nfe 0, Train: 0.9600, Val: 0.5928, Test: 0.5952, Best time: 7.8741
After OOD adjustment: Training instances of last class: 0
After OOD adjustment: Testing instances of last class: 93
Epoch: 244, Runtime 0.036387, Loss 0.016402, forward nfe 0, backward nfe 0, Train: 0.9600, Val: 0.5928, Test: 0.5952, Best time: 7.8741
After OOD adjustment: Training instances of last class: 0
After OOD adjustment: Testing instances of last class: 93
Epoch: 245, Runtime 0.036477, Loss 0.016384, forward nfe 0, backward nfe 0, Train: 0.9600, Val: 0.5928, Test: 0.5952, Best time: 7.8741
After OOD adjustment: Training instances of last class: 0
After OOD adjustment: Testing instances of last class: 93
Epoch: 246, Runtime 0.037203, Loss 0.016366, forward nfe 0, backward nfe 0, Train: 0.9600, Val: 0.5928, Test: 0.5952, Best time: 7.8741
After OOD adjustment: Training instances of last class: 0
After OOD adjustment: Testing instances of last class: 93
Epoch: 247, Runtime 0.035982, Loss 0.016349, forward nfe 0, backward nfe 0, Train: 0.9600, Val: 0.5928, Test: 0.5952, Best time: 7.8741
After OOD adjustment: Training instances of last class: 0
After OOD adjustment: Testing instances of last class: 93
Epoch: 248, Runtime 0.037180, Loss 0.016331, forward nfe 0, backward nfe 0, Train: 0.9600, Val: 0.5928, Test: 0.5952, Best time: 7.8741
After OOD adjustment: Training instances of last class: 0
After OOD adjustment: Testing instances of last class: 93
Epoch: 249, Runtime 0.036777, Loss 0.016314, forward nfe 0, backward nfe 0, Train: 0.9600, Val: 0.5928, Test: 0.5952, Best time: 7.8741
best val accuracy 0.592754 with test accuracy 0.595161 at epoch 13 and best time 7.874113
base_directory resutls_prob/OOD_Citeseer
new_name:  gnn_ODD
file_path 1 resutls_prob/OOD_Citeseer/gnn_ODD_prediction_probabilities_82.npz
file_path 2 resutls_prob/OOD_Citeseer/gnn_ODD_prediction_probabilities_82.npz
Entropy Threshold: inf Test accuracy: 0.5951612903225807
Entropy Threshold: 2 Test accuracy: 0.5951612903225807
Entropy Threshold: 1.6 Test accuracy: 0.6026272577996716
Entropy Threshold: 1.5 Test accuracy: 0.7285714285714285
Entropy Threshold: 1.4 Test accuracy: 0.7777777777777778
Entropy Threshold: 1.3 Test accuracy: 0.8173913043478261
Entropy Threshold: 1.2 Test accuracy: 0.8142857142857143
Entropy Threshold: 1.1 Test accuracy: 0.8222222222222222
Entropy Threshold: 0.9 Test accuracy: 0.8823529411764706
Entropy Threshold: 0.8 Test accuracy: 0.9166666666666666
Entropy Threshold: 0.7 Test accuracy: 1.0
Entropy Threshold: 0.6 Test accuracy: 1.0
Entropy Threshold: 0.5 Test accuracy: 1.0
Entropy Threshold: 0.4 Test accuracy: 1.0
Entropy Threshold: 0.3 Test accuracy: None
Entropy Threshold: 0.2 Test accuracy: None
Entropy Threshold: 0.1 Test accuracy: None
