[KeOps] Warning : cuda was detected, but driver API could not be initialized. Switching to cpu only.
Folder already exists: results/computers
experiment: 0
Dataset size (num_nodes): 13381, Intended development set size (num_development): 1500
Dataset size (num_nodes): 13381, Actual development set size (num_development): 1500
rations: train 200, val 1300, test 11881
Before OOD adjustment: Total instances of last class: 283
Before OOD adjustment: Training instances of last class: 20
Before OOD adjustment: Testing instances of last class: 257
Before OOD adjustment: Val instances of last class: 6
total train + val+ test 283
After OOD adjustment: Training instances of last class: 0
After OOD adjustment: Testing instances of last class: 257
Total number of classes: 10
number of classes to train: 9
MyGCN2(
  (conv1): GCNConv(767, 128)
  (conv4): GCNConv(128, 9)
)
conv1.bias
torch.Size([128])
conv1.lin.weight
torch.Size([128, 767])
conv4.bias
torch.Size([9])
conv4.lin.weight
torch.Size([9, 128])
After OOD adjustment: Training instances of last class: 0
After OOD adjustment: Testing instances of last class: 257
Epoch: 001, Runtime 0.821306, Loss 2.270255, forward nfe 0, backward nfe 0, Train: 0.2167, Val: 0.0654, Test: 0.0788, Best time: 3.2490
After OOD adjustment: Training instances of last class: 0
After OOD adjustment: Testing instances of last class: 257
Epoch: 002, Runtime 0.921625, Loss 2.357196, forward nfe 0, backward nfe 0, Train: 0.2611, Val: 0.1700, Test: 0.1857, Best time: 3.2490
After OOD adjustment: Training instances of last class: 0
After OOD adjustment: Testing instances of last class: 257
Epoch: 003, Runtime 0.900784, Loss 2.256574, forward nfe 0, backward nfe 0, Train: 0.3111, Val: 0.2492, Test: 0.2348, Best time: 3.2490
After OOD adjustment: Training instances of last class: 0
After OOD adjustment: Testing instances of last class: 257
Epoch: 004, Runtime 0.787704, Loss 2.004888, forward nfe 0, backward nfe 0, Train: 0.3111, Val: 0.2492, Test: 0.2348, Best time: 3.2490
After OOD adjustment: Training instances of last class: 0
After OOD adjustment: Testing instances of last class: 257
Epoch: 005, Runtime 0.882632, Loss 1.926965, forward nfe 0, backward nfe 0, Train: 0.3667, Val: 0.4531, Test: 0.4383, Best time: 3.2490
After OOD adjustment: Training instances of last class: 0
After OOD adjustment: Testing instances of last class: 257
Epoch: 006, Runtime 0.900459, Loss 1.890252, forward nfe 0, backward nfe 0, Train: 0.4833, Val: 0.5238, Test: 0.5035, Best time: 3.2490
After OOD adjustment: Training instances of last class: 0
After OOD adjustment: Testing instances of last class: 257
Epoch: 007, Runtime 0.897102, Loss 1.799507, forward nfe 0, backward nfe 0, Train: 0.5778, Val: 0.5354, Test: 0.5236, Best time: 3.2490
After OOD adjustment: Training instances of last class: 0
After OOD adjustment: Testing instances of last class: 257
Epoch: 008, Runtime 0.793859, Loss 1.697037, forward nfe 0, backward nfe 0, Train: 0.5778, Val: 0.5354, Test: 0.5236, Best time: 3.2490
After OOD adjustment: Training instances of last class: 0
After OOD adjustment: Testing instances of last class: 257
Epoch: 009, Runtime 0.795926, Loss 1.629813, forward nfe 0, backward nfe 0, Train: 0.5778, Val: 0.5354, Test: 0.5236, Best time: 3.2490
After OOD adjustment: Training instances of last class: 0
After OOD adjustment: Testing instances of last class: 257
Epoch: 010, Runtime 0.786193, Loss 1.554736, forward nfe 0, backward nfe 0, Train: 0.5778, Val: 0.5354, Test: 0.5236, Best time: 3.2490
After OOD adjustment: Training instances of last class: 0
After OOD adjustment: Testing instances of last class: 257
Epoch: 011, Runtime 0.784366, Loss 1.473535, forward nfe 0, backward nfe 0, Train: 0.5778, Val: 0.5354, Test: 0.5236, Best time: 3.2490
After OOD adjustment: Training instances of last class: 0
After OOD adjustment: Testing instances of last class: 257
Epoch: 012, Runtime 0.795815, Loss 1.418928, forward nfe 0, backward nfe 0, Train: 0.5778, Val: 0.5354, Test: 0.5236, Best time: 3.2490
After OOD adjustment: Training instances of last class: 0
After OOD adjustment: Testing instances of last class: 257
Epoch: 013, Runtime 0.897078, Loss 1.377124, forward nfe 0, backward nfe 0, Train: 0.7556, Val: 0.6377, Test: 0.6338, Best time: 3.2490
After OOD adjustment: Training instances of last class: 0
After OOD adjustment: Testing instances of last class: 257
Epoch: 014, Runtime 0.894719, Loss 1.317688, forward nfe 0, backward nfe 0, Train: 0.7833, Val: 0.7669, Test: 0.7291, Best time: 3.2490
After OOD adjustment: Training instances of last class: 0
After OOD adjustment: Testing instances of last class: 257
Epoch: 015, Runtime 0.877191, Loss 1.257965, forward nfe 0, backward nfe 0, Train: 0.8000, Val: 0.7985, Test: 0.7614, Best time: 3.2490
After OOD adjustment: Training instances of last class: 0
After OOD adjustment: Testing instances of last class: 257
Epoch: 016, Runtime 0.779199, Loss 1.200609, forward nfe 0, backward nfe 0, Train: 0.8000, Val: 0.7985, Test: 0.7614, Best time: 3.2490
After OOD adjustment: Training instances of last class: 0
After OOD adjustment: Testing instances of last class: 257
Epoch: 017, Runtime 0.784338, Loss 1.151598, forward nfe 0, backward nfe 0, Train: 0.8000, Val: 0.7985, Test: 0.7614, Best time: 3.2490
After OOD adjustment: Training instances of last class: 0
After OOD adjustment: Testing instances of last class: 257
Epoch: 018, Runtime 0.784516, Loss 1.117745, forward nfe 0, backward nfe 0, Train: 0.8000, Val: 0.7985, Test: 0.7614, Best time: 3.2490
After OOD adjustment: Training instances of last class: 0
After OOD adjustment: Testing instances of last class: 257
Epoch: 019, Runtime 0.783211, Loss 1.086522, forward nfe 0, backward nfe 0, Train: 0.8000, Val: 0.7985, Test: 0.7614, Best time: 3.2490
After OOD adjustment: Training instances of last class: 0
After OOD adjustment: Testing instances of last class: 257
Epoch: 020, Runtime 0.782108, Loss 1.046300, forward nfe 0, backward nfe 0, Train: 0.8000, Val: 0.7985, Test: 0.7614, Best time: 3.2490
After OOD adjustment: Training instances of last class: 0
After OOD adjustment: Testing instances of last class: 257
Epoch: 021, Runtime 0.781209, Loss 0.999821, forward nfe 0, backward nfe 0, Train: 0.8000, Val: 0.7985, Test: 0.7614, Best time: 3.2490
After OOD adjustment: Training instances of last class: 0
After OOD adjustment: Testing instances of last class: 257
Epoch: 022, Runtime 0.778366, Loss 0.958734, forward nfe 0, backward nfe 0, Train: 0.8000, Val: 0.7985, Test: 0.7614, Best time: 3.2490
After OOD adjustment: Training instances of last class: 0
After OOD adjustment: Testing instances of last class: 257
Epoch: 023, Runtime 0.773552, Loss 0.928911, forward nfe 0, backward nfe 0, Train: 0.8000, Val: 0.7985, Test: 0.7614, Best time: 3.2490
After OOD adjustment: Training instances of last class: 0
After OOD adjustment: Testing instances of last class: 257
Epoch: 024, Runtime 0.772057, Loss 0.902660, forward nfe 0, backward nfe 0, Train: 0.8000, Val: 0.7985, Test: 0.7614, Best time: 3.2490
After OOD adjustment: Training instances of last class: 0
After OOD adjustment: Testing instances of last class: 257
Epoch: 025, Runtime 0.787215, Loss 0.873971, forward nfe 0, backward nfe 0, Train: 0.8000, Val: 0.7985, Test: 0.7614, Best time: 3.2490
After OOD adjustment: Training instances of last class: 0
After OOD adjustment: Testing instances of last class: 257
Epoch: 026, Runtime 0.784772, Loss 0.845437, forward nfe 0, backward nfe 0, Train: 0.8000, Val: 0.7985, Test: 0.7614, Best time: 3.2490
After OOD adjustment: Training instances of last class: 0
After OOD adjustment: Testing instances of last class: 257
Epoch: 027, Runtime 0.777763, Loss 0.817519, forward nfe 0, backward nfe 0, Train: 0.8000, Val: 0.7985, Test: 0.7614, Best time: 3.2490
After OOD adjustment: Training instances of last class: 0
After OOD adjustment: Testing instances of last class: 257
Epoch: 028, Runtime 0.780329, Loss 0.790640, forward nfe 0, backward nfe 0, Train: 0.8000, Val: 0.7985, Test: 0.7614, Best time: 3.2490
After OOD adjustment: Training instances of last class: 0
After OOD adjustment: Testing instances of last class: 257
Epoch: 029, Runtime 0.781519, Loss 0.767727, forward nfe 0, backward nfe 0, Train: 0.8000, Val: 0.7985, Test: 0.7614, Best time: 3.2490
After OOD adjustment: Training instances of last class: 0
After OOD adjustment: Testing instances of last class: 257
Epoch: 030, Runtime 0.887289, Loss 0.747368, forward nfe 0, backward nfe 0, Train: 0.8944, Val: 0.8000, Test: 0.7902, Best time: 3.2490
After OOD adjustment: Training instances of last class: 0
After OOD adjustment: Testing instances of last class: 257
Epoch: 031, Runtime 0.773496, Loss 0.725246, forward nfe 0, backward nfe 0, Train: 0.8944, Val: 0.8000, Test: 0.7902, Best time: 3.2490
After OOD adjustment: Training instances of last class: 0
After OOD adjustment: Testing instances of last class: 257
Epoch: 032, Runtime 0.768379, Loss 0.702358, forward nfe 0, backward nfe 0, Train: 0.8944, Val: 0.8000, Test: 0.7902, Best time: 3.2490
After OOD adjustment: Training instances of last class: 0
After OOD adjustment: Testing instances of last class: 257
Epoch: 033, Runtime 0.787710, Loss 0.682549, forward nfe 0, backward nfe 0, Train: 0.8944, Val: 0.8000, Test: 0.7902, Best time: 3.2490
After OOD adjustment: Training instances of last class: 0
After OOD adjustment: Testing instances of last class: 257
Epoch: 034, Runtime 0.781713, Loss 0.665516, forward nfe 0, backward nfe 0, Train: 0.8944, Val: 0.8000, Test: 0.7902, Best time: 3.2490
After OOD adjustment: Training instances of last class: 0
After OOD adjustment: Testing instances of last class: 257
Epoch: 035, Runtime 0.790293, Loss 0.649204, forward nfe 0, backward nfe 0, Train: 0.8944, Val: 0.8000, Test: 0.7902, Best time: 3.2490
After OOD adjustment: Training instances of last class: 0
After OOD adjustment: Testing instances of last class: 257
Epoch: 036, Runtime 0.791365, Loss 0.633492, forward nfe 0, backward nfe 0, Train: 0.8944, Val: 0.8000, Test: 0.7902, Best time: 3.2490
After OOD adjustment: Training instances of last class: 0
After OOD adjustment: Testing instances of last class: 257
Epoch: 037, Runtime 0.791288, Loss 0.617801, forward nfe 0, backward nfe 0, Train: 0.8944, Val: 0.8000, Test: 0.7902, Best time: 3.2490
After OOD adjustment: Training instances of last class: 0
After OOD adjustment: Testing instances of last class: 257
Epoch: 038, Runtime 0.791517, Loss 0.601355, forward nfe 0, backward nfe 0, Train: 0.8944, Val: 0.8000, Test: 0.7902, Best time: 3.2490
After OOD adjustment: Training instances of last class: 0
After OOD adjustment: Testing instances of last class: 257
Epoch: 039, Runtime 0.779516, Loss 0.585864, forward nfe 0, backward nfe 0, Train: 0.8944, Val: 0.8000, Test: 0.7902, Best time: 3.2490
After OOD adjustment: Training instances of last class: 0
After OOD adjustment: Testing instances of last class: 257
Epoch: 040, Runtime 0.780420, Loss 0.572538, forward nfe 0, backward nfe 0, Train: 0.8944, Val: 0.8000, Test: 0.7902, Best time: 3.2490
After OOD adjustment: Training instances of last class: 0
After OOD adjustment: Testing instances of last class: 257
Epoch: 041, Runtime 0.799440, Loss 0.560124, forward nfe 0, backward nfe 0, Train: 0.8944, Val: 0.8000, Test: 0.7902, Best time: 3.2490
After OOD adjustment: Training instances of last class: 0
After OOD adjustment: Testing instances of last class: 257
Epoch: 042, Runtime 0.891629, Loss 0.547966, forward nfe 0, backward nfe 0, Train: 0.8944, Val: 0.8008, Test: 0.7920, Best time: 3.2490
After OOD adjustment: Training instances of last class: 0
After OOD adjustment: Testing instances of last class: 257
Epoch: 043, Runtime 0.896233, Loss 0.536482, forward nfe 0, backward nfe 0, Train: 0.8944, Val: 0.8054, Test: 0.7959, Best time: 3.2490
After OOD adjustment: Training instances of last class: 0
After OOD adjustment: Testing instances of last class: 257
Epoch: 044, Runtime 0.784149, Loss 0.525243, forward nfe 0, backward nfe 0, Train: 0.8944, Val: 0.8054, Test: 0.7959, Best time: 3.2490
After OOD adjustment: Training instances of last class: 0
After OOD adjustment: Testing instances of last class: 257
Epoch: 045, Runtime 0.782470, Loss 0.514137, forward nfe 0, backward nfe 0, Train: 0.8944, Val: 0.8054, Test: 0.7959, Best time: 3.2490
After OOD adjustment: Training instances of last class: 0
After OOD adjustment: Testing instances of last class: 257
Epoch: 046, Runtime 0.783510, Loss 0.503844, forward nfe 0, backward nfe 0, Train: 0.8944, Val: 0.8054, Test: 0.7959, Best time: 3.2490
After OOD adjustment: Training instances of last class: 0
After OOD adjustment: Testing instances of last class: 257
Epoch: 047, Runtime 0.780430, Loss 0.494042, forward nfe 0, backward nfe 0, Train: 0.8944, Val: 0.8054, Test: 0.7959, Best time: 3.2490
After OOD adjustment: Training instances of last class: 0
After OOD adjustment: Testing instances of last class: 257
Epoch: 048, Runtime 0.780430, Loss 0.484317, forward nfe 0, backward nfe 0, Train: 0.8944, Val: 0.8054, Test: 0.7959, Best time: 3.2490
After OOD adjustment: Training instances of last class: 0
After OOD adjustment: Testing instances of last class: 257
Epoch: 049, Runtime 0.788965, Loss 0.475177, forward nfe 0, backward nfe 0, Train: 0.8944, Val: 0.8054, Test: 0.7959, Best time: 3.2490
After OOD adjustment: Training instances of last class: 0
After OOD adjustment: Testing instances of last class: 257
Epoch: 050, Runtime 0.783910, Loss 0.466603, forward nfe 0, backward nfe 0, Train: 0.8944, Val: 0.8054, Test: 0.7959, Best time: 3.2490
After OOD adjustment: Training instances of last class: 0
After OOD adjustment: Testing instances of last class: 257
Epoch: 051, Runtime 0.778687, Loss 0.458186, forward nfe 0, backward nfe 0, Train: 0.8944, Val: 0.8054, Test: 0.7959, Best time: 3.2490
After OOD adjustment: Training instances of last class: 0
After OOD adjustment: Testing instances of last class: 257
Epoch: 052, Runtime 0.777164, Loss 0.450173, forward nfe 0, backward nfe 0, Train: 0.8944, Val: 0.8054, Test: 0.7959, Best time: 3.2490
After OOD adjustment: Training instances of last class: 0
After OOD adjustment: Testing instances of last class: 257
Epoch: 053, Runtime 0.772455, Loss 0.442549, forward nfe 0, backward nfe 0, Train: 0.8944, Val: 0.8054, Test: 0.7959, Best time: 3.2490
After OOD adjustment: Training instances of last class: 0
After OOD adjustment: Testing instances of last class: 257
Epoch: 054, Runtime 0.766929, Loss 0.435055, forward nfe 0, backward nfe 0, Train: 0.8944, Val: 0.8054, Test: 0.7959, Best time: 3.2490
After OOD adjustment: Training instances of last class: 0
After OOD adjustment: Testing instances of last class: 257
Epoch: 055, Runtime 0.772356, Loss 0.427934, forward nfe 0, backward nfe 0, Train: 0.8944, Val: 0.8054, Test: 0.7959, Best time: 3.2490
After OOD adjustment: Training instances of last class: 0
After OOD adjustment: Testing instances of last class: 257
Epoch: 056, Runtime 0.775808, Loss 0.421199, forward nfe 0, backward nfe 0, Train: 0.8944, Val: 0.8054, Test: 0.7959, Best time: 3.2490
After OOD adjustment: Training instances of last class: 0
After OOD adjustment: Testing instances of last class: 257
Epoch: 057, Runtime 0.777741, Loss 0.414528, forward nfe 0, backward nfe 0, Train: 0.8944, Val: 0.8054, Test: 0.7959, Best time: 3.2490
After OOD adjustment: Training instances of last class: 0
After OOD adjustment: Testing instances of last class: 257
Epoch: 058, Runtime 0.782827, Loss 0.408036, forward nfe 0, backward nfe 0, Train: 0.8944, Val: 0.8054, Test: 0.7959, Best time: 3.2490
After OOD adjustment: Training instances of last class: 0
After OOD adjustment: Testing instances of last class: 257
Epoch: 059, Runtime 0.781610, Loss 0.401807, forward nfe 0, backward nfe 0, Train: 0.8944, Val: 0.8054, Test: 0.7959, Best time: 3.2490
After OOD adjustment: Training instances of last class: 0
After OOD adjustment: Testing instances of last class: 257
Epoch: 060, Runtime 0.783770, Loss 0.395731, forward nfe 0, backward nfe 0, Train: 0.8944, Val: 0.8054, Test: 0.7959, Best time: 3.2490
After OOD adjustment: Training instances of last class: 0
After OOD adjustment: Testing instances of last class: 257
Epoch: 061, Runtime 0.780610, Loss 0.389957, forward nfe 0, backward nfe 0, Train: 0.8944, Val: 0.8054, Test: 0.7959, Best time: 3.2490
After OOD adjustment: Training instances of last class: 0
After OOD adjustment: Testing instances of last class: 257
Epoch: 062, Runtime 0.781845, Loss 0.384478, forward nfe 0, backward nfe 0, Train: 0.8944, Val: 0.8054, Test: 0.7959, Best time: 3.2490
After OOD adjustment: Training instances of last class: 0
After OOD adjustment: Testing instances of last class: 257
Epoch: 063, Runtime 0.784906, Loss 0.379089, forward nfe 0, backward nfe 0, Train: 0.8944, Val: 0.8054, Test: 0.7959, Best time: 3.2490
After OOD adjustment: Training instances of last class: 0
After OOD adjustment: Testing instances of last class: 257
Epoch: 064, Runtime 0.783990, Loss 0.373848, forward nfe 0, backward nfe 0, Train: 0.8944, Val: 0.8054, Test: 0.7959, Best time: 3.2490
After OOD adjustment: Training instances of last class: 0
After OOD adjustment: Testing instances of last class: 257
Epoch: 065, Runtime 0.779526, Loss 0.368764, forward nfe 0, backward nfe 0, Train: 0.8944, Val: 0.8054, Test: 0.7959, Best time: 3.2490
After OOD adjustment: Training instances of last class: 0
After OOD adjustment: Testing instances of last class: 257
Epoch: 066, Runtime 0.786513, Loss 0.363777, forward nfe 0, backward nfe 0, Train: 0.8944, Val: 0.8054, Test: 0.7959, Best time: 3.2490
After OOD adjustment: Training instances of last class: 0
After OOD adjustment: Testing instances of last class: 257
Epoch: 067, Runtime 0.786581, Loss 0.358990, forward nfe 0, backward nfe 0, Train: 0.8944, Val: 0.8054, Test: 0.7959, Best time: 3.2490
After OOD adjustment: Training instances of last class: 0
After OOD adjustment: Testing instances of last class: 257
Epoch: 068, Runtime 0.783051, Loss 0.354372, forward nfe 0, backward nfe 0, Train: 0.8944, Val: 0.8054, Test: 0.7959, Best time: 3.2490
After OOD adjustment: Training instances of last class: 0
After OOD adjustment: Testing instances of last class: 257
Epoch: 069, Runtime 0.779133, Loss 0.349838, forward nfe 0, backward nfe 0, Train: 0.8944, Val: 0.8054, Test: 0.7959, Best time: 3.2490
After OOD adjustment: Training instances of last class: 0
After OOD adjustment: Testing instances of last class: 257
Epoch: 070, Runtime 0.780188, Loss 0.345444, forward nfe 0, backward nfe 0, Train: 0.8944, Val: 0.8054, Test: 0.7959, Best time: 3.2490
After OOD adjustment: Training instances of last class: 0
After OOD adjustment: Testing instances of last class: 257
Epoch: 071, Runtime 0.782345, Loss 0.341158, forward nfe 0, backward nfe 0, Train: 0.8944, Val: 0.8054, Test: 0.7959, Best time: 3.2490
After OOD adjustment: Training instances of last class: 0
After OOD adjustment: Testing instances of last class: 257
Epoch: 072, Runtime 0.782416, Loss 0.336965, forward nfe 0, backward nfe 0, Train: 0.8944, Val: 0.8054, Test: 0.7959, Best time: 3.2490
After OOD adjustment: Training instances of last class: 0
After OOD adjustment: Testing instances of last class: 257
Epoch: 073, Runtime 0.782351, Loss 0.332919, forward nfe 0, backward nfe 0, Train: 0.8944, Val: 0.8054, Test: 0.7959, Best time: 3.2490
After OOD adjustment: Training instances of last class: 0
After OOD adjustment: Testing instances of last class: 257
Epoch: 074, Runtime 0.778745, Loss 0.328970, forward nfe 0, backward nfe 0, Train: 0.8944, Val: 0.8054, Test: 0.7959, Best time: 3.2490
After OOD adjustment: Training instances of last class: 0
After OOD adjustment: Testing instances of last class: 257
Epoch: 075, Runtime 0.779229, Loss 0.325111, forward nfe 0, backward nfe 0, Train: 0.8944, Val: 0.8054, Test: 0.7959, Best time: 3.2490
After OOD adjustment: Training instances of last class: 0
After OOD adjustment: Testing instances of last class: 257
Epoch: 076, Runtime 0.777086, Loss 0.321366, forward nfe 0, backward nfe 0, Train: 0.8944, Val: 0.8054, Test: 0.7959, Best time: 3.2490
After OOD adjustment: Training instances of last class: 0
After OOD adjustment: Testing instances of last class: 257
Epoch: 077, Runtime 0.776269, Loss 0.317694, forward nfe 0, backward nfe 0, Train: 0.8944, Val: 0.8054, Test: 0.7959, Best time: 3.2490
After OOD adjustment: Training instances of last class: 0
After OOD adjustment: Testing instances of last class: 257
Epoch: 078, Runtime 0.778929, Loss 0.314111, forward nfe 0, backward nfe 0, Train: 0.8944, Val: 0.8054, Test: 0.7959, Best time: 3.2490
After OOD adjustment: Training instances of last class: 0
After OOD adjustment: Testing instances of last class: 257
Epoch: 079, Runtime 0.784055, Loss 0.310617, forward nfe 0, backward nfe 0, Train: 0.8944, Val: 0.8054, Test: 0.7959, Best time: 3.2490
After OOD adjustment: Training instances of last class: 0
After OOD adjustment: Testing instances of last class: 257
Epoch: 080, Runtime 0.777597, Loss 0.307184, forward nfe 0, backward nfe 0, Train: 0.8944, Val: 0.8054, Test: 0.7959, Best time: 3.2490
After OOD adjustment: Training instances of last class: 0
After OOD adjustment: Testing instances of last class: 257
Epoch: 081, Runtime 0.772953, Loss 0.303834, forward nfe 0, backward nfe 0, Train: 0.8944, Val: 0.8054, Test: 0.7959, Best time: 3.2490
After OOD adjustment: Training instances of last class: 0
After OOD adjustment: Testing instances of last class: 257
Epoch: 082, Runtime 0.771964, Loss 0.300562, forward nfe 0, backward nfe 0, Train: 0.8944, Val: 0.8054, Test: 0.7959, Best time: 3.2490
After OOD adjustment: Training instances of last class: 0
After OOD adjustment: Testing instances of last class: 257
Epoch: 083, Runtime 0.783616, Loss 0.297356, forward nfe 0, backward nfe 0, Train: 0.8944, Val: 0.8054, Test: 0.7959, Best time: 3.2490
After OOD adjustment: Training instances of last class: 0
After OOD adjustment: Testing instances of last class: 257
Epoch: 084, Runtime 0.785493, Loss 0.294231, forward nfe 0, backward nfe 0, Train: 0.8944, Val: 0.8054, Test: 0.7959, Best time: 3.2490
After OOD adjustment: Training instances of last class: 0
After OOD adjustment: Testing instances of last class: 257
Epoch: 085, Runtime 0.784238, Loss 0.291165, forward nfe 0, backward nfe 0, Train: 0.8944, Val: 0.8054, Test: 0.7959, Best time: 3.2490
After OOD adjustment: Training instances of last class: 0
After OOD adjustment: Testing instances of last class: 257
Epoch: 086, Runtime 0.786666, Loss 0.288159, forward nfe 0, backward nfe 0, Train: 0.8944, Val: 0.8054, Test: 0.7959, Best time: 3.2490
After OOD adjustment: Training instances of last class: 0
After OOD adjustment: Testing instances of last class: 257
Epoch: 087, Runtime 0.785809, Loss 0.285219, forward nfe 0, backward nfe 0, Train: 0.8944, Val: 0.8054, Test: 0.7959, Best time: 3.2490
After OOD adjustment: Training instances of last class: 0
After OOD adjustment: Testing instances of last class: 257
Epoch: 088, Runtime 0.782731, Loss 0.282331, forward nfe 0, backward nfe 0, Train: 0.8944, Val: 0.8054, Test: 0.7959, Best time: 3.2490
After OOD adjustment: Training instances of last class: 0
After OOD adjustment: Testing instances of last class: 257
Epoch: 089, Runtime 0.785589, Loss 0.279505, forward nfe 0, backward nfe 0, Train: 0.8944, Val: 0.8054, Test: 0.7959, Best time: 3.2490
After OOD adjustment: Training instances of last class: 0
After OOD adjustment: Testing instances of last class: 257
Epoch: 090, Runtime 0.786811, Loss 0.276735, forward nfe 0, backward nfe 0, Train: 0.8944, Val: 0.8054, Test: 0.7959, Best time: 3.2490
After OOD adjustment: Training instances of last class: 0
After OOD adjustment: Testing instances of last class: 257
Epoch: 091, Runtime 0.783622, Loss 0.274013, forward nfe 0, backward nfe 0, Train: 0.8944, Val: 0.8054, Test: 0.7959, Best time: 3.2490
After OOD adjustment: Training instances of last class: 0
After OOD adjustment: Testing instances of last class: 257
Epoch: 092, Runtime 0.784824, Loss 0.271348, forward nfe 0, backward nfe 0, Train: 0.8944, Val: 0.8054, Test: 0.7959, Best time: 3.2490
After OOD adjustment: Training instances of last class: 0
After OOD adjustment: Testing instances of last class: 257
Epoch: 093, Runtime 0.783150, Loss 0.268728, forward nfe 0, backward nfe 0, Train: 0.8944, Val: 0.8054, Test: 0.7959, Best time: 3.2490
After OOD adjustment: Training instances of last class: 0
After OOD adjustment: Testing instances of last class: 257
Epoch: 094, Runtime 0.782027, Loss 0.266157, forward nfe 0, backward nfe 0, Train: 0.8944, Val: 0.8054, Test: 0.7959, Best time: 3.2490
After OOD adjustment: Training instances of last class: 0
After OOD adjustment: Testing instances of last class: 257
Epoch: 095, Runtime 0.782668, Loss 0.263634, forward nfe 0, backward nfe 0, Train: 0.8944, Val: 0.8054, Test: 0.7959, Best time: 3.2490
After OOD adjustment: Training instances of last class: 0
After OOD adjustment: Testing instances of last class: 257
Epoch: 096, Runtime 0.780231, Loss 0.261153, forward nfe 0, backward nfe 0, Train: 0.8944, Val: 0.8054, Test: 0.7959, Best time: 3.2490
After OOD adjustment: Training instances of last class: 0
After OOD adjustment: Testing instances of last class: 257
Epoch: 097, Runtime 0.781084, Loss 0.258719, forward nfe 0, backward nfe 0, Train: 0.8944, Val: 0.8054, Test: 0.7959, Best time: 3.2490
After OOD adjustment: Training instances of last class: 0
After OOD adjustment: Testing instances of last class: 257
Epoch: 098, Runtime 0.773576, Loss 0.256327, forward nfe 0, backward nfe 0, Train: 0.8944, Val: 0.8054, Test: 0.7959, Best time: 3.2490
After OOD adjustment: Training instances of last class: 0
After OOD adjustment: Testing instances of last class: 257
Epoch: 099, Runtime 0.773596, Loss 0.253977, forward nfe 0, backward nfe 0, Train: 0.8944, Val: 0.8054, Test: 0.7959, Best time: 3.2490
best val accuracy 0.805385 with test accuracy 0.795893 at epoch 43 and best time 3.249016
base_directory resutls_prob/OOD_Computers
new_name:  gnn_ODD
file_path 1 resutls_prob/OOD_Computers/gnn_ODD_prediction_probabilities_48.npz
file_path 2 resutls_prob/OOD_Computers/gnn_ODD_prediction_probabilities_48.npz
Entropy Threshold: inf Test accuracy: 0.7958926016328592
Entropy Threshold: 2 Test accuracy: 0.8168541364296081
Entropy Threshold: 1.6 Test accuracy: 0.8715803452855245
Entropy Threshold: 1.5 Test accuracy: 0.881004847950639
Entropy Threshold: 1.4 Test accuracy: 0.8881428103504749
Entropy Threshold: 1.3 Test accuracy: 0.8983019901405879
Entropy Threshold: 1.2 Test accuracy: 0.902852418354692
Entropy Threshold: 1.1 Test accuracy: 0.9081439393939394
Entropy Threshold: 0.9 Test accuracy: 0.9231018818948734
Entropy Threshold: 0.8 Test accuracy: 0.9392059553349876
Entropy Threshold: 0.7 Test accuracy: 0.9604190919674039
Entropy Threshold: 0.6 Test accuracy: 0.9689984101748808
Entropy Threshold: 0.5 Test accuracy: 0.9736564805057956
Entropy Threshold: 0.4 Test accuracy: 0.9768451519536903
Entropy Threshold: 0.3 Test accuracy: 0.9843400447427293
Entropy Threshold: 0.2 Test accuracy: 0.9812206572769953
Entropy Threshold: 0.1 Test accuracy: 0.9848484848484849
