[KeOps] Warning : cuda was detected, but driver API could not be initialized. Switching to cpu only.
Folder already exists: results/computers
experiment: 0
Dataset size (num_nodes): 13381, Intended development set size (num_development): 1500
Dataset size (num_nodes): 13381, Actual development set size (num_development): 1500
rations: train 200, val 1300, test 11881
Before OOD adjustment: Total instances of last class: 283
Before OOD adjustment: Training instances of last class: 20
Before OOD adjustment: Testing instances of last class: 257
Before OOD adjustment: Val instances of last class: 6
total train + val+ test 283
After OOD adjustment: Training instances of last class: 0
After OOD adjustment: Testing instances of last class: 257
Total number of classes: 10
number of classes to train: 9
MyGCN2(
  (conv1): GCNConv(767, 128)
  (conv4): GCNConv(128, 9)
)
conv1.bias
torch.Size([128])
conv1.lin.weight
torch.Size([128, 767])
conv4.bias
torch.Size([9])
conv4.lin.weight
torch.Size([9, 128])
After OOD adjustment: Training instances of last class: 0
After OOD adjustment: Testing instances of last class: 257
Epoch: 001, Runtime 0.798072, Loss 2.375300, forward nfe 0, backward nfe 0, Train: 0.1167, Val: 0.0423, Test: 0.0464, Best time: 3.2490
After OOD adjustment: Training instances of last class: 0
After OOD adjustment: Testing instances of last class: 257
Epoch: 002, Runtime 0.905722, Loss 2.338848, forward nfe 0, backward nfe 0, Train: 0.2278, Val: 0.1646, Test: 0.1751, Best time: 3.2490
After OOD adjustment: Training instances of last class: 0
After OOD adjustment: Testing instances of last class: 257
Epoch: 003, Runtime 0.775417, Loss 2.286975, forward nfe 0, backward nfe 0, Train: 0.2278, Val: 0.1646, Test: 0.1751, Best time: 3.2490
After OOD adjustment: Training instances of last class: 0
After OOD adjustment: Testing instances of last class: 257
Epoch: 004, Runtime 0.780288, Loss 2.105683, forward nfe 0, backward nfe 0, Train: 0.2278, Val: 0.1646, Test: 0.1751, Best time: 3.2490
After OOD adjustment: Training instances of last class: 0
After OOD adjustment: Testing instances of last class: 257
Epoch: 005, Runtime 0.867905, Loss 1.951575, forward nfe 0, backward nfe 0, Train: 0.4889, Val: 0.2208, Test: 0.2331, Best time: 3.2490
After OOD adjustment: Training instances of last class: 0
After OOD adjustment: Testing instances of last class: 257
Epoch: 006, Runtime 0.774372, Loss 1.845389, forward nfe 0, backward nfe 0, Train: 0.4889, Val: 0.2208, Test: 0.2331, Best time: 3.2490
After OOD adjustment: Training instances of last class: 0
After OOD adjustment: Testing instances of last class: 257
Epoch: 007, Runtime 0.876743, Loss 1.851217, forward nfe 0, backward nfe 0, Train: 0.3389, Val: 0.2615, Test: 0.2474, Best time: 3.2490
After OOD adjustment: Training instances of last class: 0
After OOD adjustment: Testing instances of last class: 257
Epoch: 008, Runtime 0.881267, Loss 1.738818, forward nfe 0, backward nfe 0, Train: 0.6944, Val: 0.5954, Test: 0.5866, Best time: 3.2490
After OOD adjustment: Training instances of last class: 0
After OOD adjustment: Testing instances of last class: 257
Epoch: 009, Runtime 0.872010, Loss 1.618173, forward nfe 0, backward nfe 0, Train: 0.6444, Val: 0.6115, Test: 0.5933, Best time: 3.2490
After OOD adjustment: Training instances of last class: 0
After OOD adjustment: Testing instances of last class: 257
Epoch: 010, Runtime 0.865059, Loss 1.555217, forward nfe 0, backward nfe 0, Train: 0.6833, Val: 0.6608, Test: 0.6450, Best time: 3.2490
After OOD adjustment: Training instances of last class: 0
After OOD adjustment: Testing instances of last class: 257
Epoch: 011, Runtime 0.777525, Loss 1.499642, forward nfe 0, backward nfe 0, Train: 0.6833, Val: 0.6608, Test: 0.6450, Best time: 3.2490
After OOD adjustment: Training instances of last class: 0
After OOD adjustment: Testing instances of last class: 257
Epoch: 012, Runtime 0.784585, Loss 1.445675, forward nfe 0, backward nfe 0, Train: 0.6833, Val: 0.6608, Test: 0.6450, Best time: 3.2490
After OOD adjustment: Training instances of last class: 0
After OOD adjustment: Testing instances of last class: 257
Epoch: 013, Runtime 0.780573, Loss 1.392225, forward nfe 0, backward nfe 0, Train: 0.6833, Val: 0.6608, Test: 0.6450, Best time: 3.2490
After OOD adjustment: Training instances of last class: 0
After OOD adjustment: Testing instances of last class: 257
Epoch: 014, Runtime 0.880855, Loss 1.323059, forward nfe 0, backward nfe 0, Train: 0.8556, Val: 0.6908, Test: 0.6853, Best time: 3.2490
After OOD adjustment: Training instances of last class: 0
After OOD adjustment: Testing instances of last class: 257
Epoch: 015, Runtime 0.874732, Loss 1.250686, forward nfe 0, backward nfe 0, Train: 0.8444, Val: 0.7231, Test: 0.7131, Best time: 3.2490
After OOD adjustment: Training instances of last class: 0
After OOD adjustment: Testing instances of last class: 257
Epoch: 016, Runtime 0.891035, Loss 1.195204, forward nfe 0, backward nfe 0, Train: 0.8222, Val: 0.7438, Test: 0.7222, Best time: 3.2490
After OOD adjustment: Training instances of last class: 0
After OOD adjustment: Testing instances of last class: 257
Epoch: 017, Runtime 0.907586, Loss 1.155192, forward nfe 0, backward nfe 0, Train: 0.8222, Val: 0.7462, Test: 0.7272, Best time: 3.2490
After OOD adjustment: Training instances of last class: 0
After OOD adjustment: Testing instances of last class: 257
Epoch: 018, Runtime 0.794739, Loss 1.118523, forward nfe 0, backward nfe 0, Train: 0.8222, Val: 0.7462, Test: 0.7272, Best time: 3.2490
After OOD adjustment: Training instances of last class: 0
After OOD adjustment: Testing instances of last class: 257
Epoch: 019, Runtime 0.864994, Loss 1.078270, forward nfe 0, backward nfe 0, Train: 0.8500, Val: 0.7477, Test: 0.7403, Best time: 3.2490
After OOD adjustment: Training instances of last class: 0
After OOD adjustment: Testing instances of last class: 257
Epoch: 020, Runtime 0.874700, Loss 1.033457, forward nfe 0, backward nfe 0, Train: 0.8667, Val: 0.7554, Test: 0.7504, Best time: 3.2490
After OOD adjustment: Training instances of last class: 0
After OOD adjustment: Testing instances of last class: 257
Epoch: 021, Runtime 0.886288, Loss 0.987739, forward nfe 0, backward nfe 0, Train: 0.8611, Val: 0.7769, Test: 0.7637, Best time: 3.2490
After OOD adjustment: Training instances of last class: 0
After OOD adjustment: Testing instances of last class: 257
Epoch: 022, Runtime 0.882375, Loss 0.946913, forward nfe 0, backward nfe 0, Train: 0.8556, Val: 0.7854, Test: 0.7694, Best time: 3.2490
After OOD adjustment: Training instances of last class: 0
After OOD adjustment: Testing instances of last class: 257
Epoch: 023, Runtime 0.779449, Loss 0.913752, forward nfe 0, backward nfe 0, Train: 0.8556, Val: 0.7854, Test: 0.7694, Best time: 3.2490
After OOD adjustment: Training instances of last class: 0
After OOD adjustment: Testing instances of last class: 257
Epoch: 024, Runtime 0.766830, Loss 0.885643, forward nfe 0, backward nfe 0, Train: 0.8556, Val: 0.7854, Test: 0.7694, Best time: 3.2490
After OOD adjustment: Training instances of last class: 0
After OOD adjustment: Testing instances of last class: 257
Epoch: 025, Runtime 0.774755, Loss 0.857939, forward nfe 0, backward nfe 0, Train: 0.8556, Val: 0.7854, Test: 0.7694, Best time: 3.2490
After OOD adjustment: Training instances of last class: 0
After OOD adjustment: Testing instances of last class: 257
Epoch: 026, Runtime 0.781076, Loss 0.829408, forward nfe 0, backward nfe 0, Train: 0.8556, Val: 0.7854, Test: 0.7694, Best time: 3.2490
After OOD adjustment: Training instances of last class: 0
After OOD adjustment: Testing instances of last class: 257
Epoch: 027, Runtime 0.781098, Loss 0.800785, forward nfe 0, backward nfe 0, Train: 0.8556, Val: 0.7854, Test: 0.7694, Best time: 3.2490
After OOD adjustment: Training instances of last class: 0
After OOD adjustment: Testing instances of last class: 257
Epoch: 028, Runtime 0.769840, Loss 0.772227, forward nfe 0, backward nfe 0, Train: 0.8556, Val: 0.7854, Test: 0.7694, Best time: 3.2490
After OOD adjustment: Training instances of last class: 0
After OOD adjustment: Testing instances of last class: 257
Epoch: 029, Runtime 0.790045, Loss 0.745264, forward nfe 0, backward nfe 0, Train: 0.8556, Val: 0.7854, Test: 0.7694, Best time: 3.2490
After OOD adjustment: Training instances of last class: 0
After OOD adjustment: Testing instances of last class: 257
Epoch: 030, Runtime 0.867044, Loss 0.721848, forward nfe 0, backward nfe 0, Train: 0.8556, Val: 0.7962, Test: 0.7771, Best time: 3.2490
After OOD adjustment: Training instances of last class: 0
After OOD adjustment: Testing instances of last class: 257
Epoch: 031, Runtime 0.897701, Loss 0.701548, forward nfe 0, backward nfe 0, Train: 0.8722, Val: 0.7969, Test: 0.7792, Best time: 3.2490
After OOD adjustment: Training instances of last class: 0
After OOD adjustment: Testing instances of last class: 257
Epoch: 032, Runtime 0.778661, Loss 0.682644, forward nfe 0, backward nfe 0, Train: 0.8722, Val: 0.7969, Test: 0.7792, Best time: 3.2490
After OOD adjustment: Training instances of last class: 0
After OOD adjustment: Testing instances of last class: 257
Epoch: 033, Runtime 0.772396, Loss 0.664048, forward nfe 0, backward nfe 0, Train: 0.8722, Val: 0.7969, Test: 0.7792, Best time: 3.2490
After OOD adjustment: Training instances of last class: 0
After OOD adjustment: Testing instances of last class: 257
Epoch: 034, Runtime 0.786469, Loss 0.645223, forward nfe 0, backward nfe 0, Train: 0.8722, Val: 0.7969, Test: 0.7792, Best time: 3.2490
After OOD adjustment: Training instances of last class: 0
After OOD adjustment: Testing instances of last class: 257
Epoch: 035, Runtime 0.772020, Loss 0.626464, forward nfe 0, backward nfe 0, Train: 0.8722, Val: 0.7969, Test: 0.7792, Best time: 3.2490
After OOD adjustment: Training instances of last class: 0
After OOD adjustment: Testing instances of last class: 257
Epoch: 036, Runtime 0.777521, Loss 0.608820, forward nfe 0, backward nfe 0, Train: 0.8722, Val: 0.7969, Test: 0.7792, Best time: 3.2490
After OOD adjustment: Training instances of last class: 0
After OOD adjustment: Testing instances of last class: 257
Epoch: 037, Runtime 0.768488, Loss 0.592671, forward nfe 0, backward nfe 0, Train: 0.8722, Val: 0.7969, Test: 0.7792, Best time: 3.2490
After OOD adjustment: Training instances of last class: 0
After OOD adjustment: Testing instances of last class: 257
Epoch: 038, Runtime 0.781216, Loss 0.577626, forward nfe 0, backward nfe 0, Train: 0.8722, Val: 0.7969, Test: 0.7792, Best time: 3.2490
After OOD adjustment: Training instances of last class: 0
After OOD adjustment: Testing instances of last class: 257
Epoch: 039, Runtime 0.798969, Loss 0.563656, forward nfe 0, backward nfe 0, Train: 0.8722, Val: 0.7969, Test: 0.7792, Best time: 3.2490
After OOD adjustment: Training instances of last class: 0
After OOD adjustment: Testing instances of last class: 257
Epoch: 040, Runtime 0.789672, Loss 0.550614, forward nfe 0, backward nfe 0, Train: 0.8722, Val: 0.7969, Test: 0.7792, Best time: 3.2490
After OOD adjustment: Training instances of last class: 0
After OOD adjustment: Testing instances of last class: 257
Epoch: 041, Runtime 0.767321, Loss 0.537934, forward nfe 0, backward nfe 0, Train: 0.8722, Val: 0.7969, Test: 0.7792, Best time: 3.2490
After OOD adjustment: Training instances of last class: 0
After OOD adjustment: Testing instances of last class: 257
Epoch: 042, Runtime 0.760844, Loss 0.525556, forward nfe 0, backward nfe 0, Train: 0.8722, Val: 0.7969, Test: 0.7792, Best time: 3.2490
After OOD adjustment: Training instances of last class: 0
After OOD adjustment: Testing instances of last class: 257
Epoch: 043, Runtime 0.790057, Loss 0.513751, forward nfe 0, backward nfe 0, Train: 0.8722, Val: 0.7969, Test: 0.7792, Best time: 3.2490
After OOD adjustment: Training instances of last class: 0
After OOD adjustment: Testing instances of last class: 257
Epoch: 044, Runtime 0.791910, Loss 0.502514, forward nfe 0, backward nfe 0, Train: 0.8722, Val: 0.7969, Test: 0.7792, Best time: 3.2490
After OOD adjustment: Training instances of last class: 0
After OOD adjustment: Testing instances of last class: 257
Epoch: 045, Runtime 0.780553, Loss 0.491860, forward nfe 0, backward nfe 0, Train: 0.8722, Val: 0.7969, Test: 0.7792, Best time: 3.2490
After OOD adjustment: Training instances of last class: 0
After OOD adjustment: Testing instances of last class: 257
Epoch: 046, Runtime 0.780683, Loss 0.481745, forward nfe 0, backward nfe 0, Train: 0.8722, Val: 0.7969, Test: 0.7792, Best time: 3.2490
After OOD adjustment: Training instances of last class: 0
After OOD adjustment: Testing instances of last class: 257
Epoch: 047, Runtime 0.801936, Loss 0.471979, forward nfe 0, backward nfe 0, Train: 0.8722, Val: 0.7969, Test: 0.7792, Best time: 3.2490
After OOD adjustment: Training instances of last class: 0
After OOD adjustment: Testing instances of last class: 257
Epoch: 048, Runtime 0.793037, Loss 0.462632, forward nfe 0, backward nfe 0, Train: 0.8722, Val: 0.7969, Test: 0.7792, Best time: 3.2490
After OOD adjustment: Training instances of last class: 0
After OOD adjustment: Testing instances of last class: 257
Epoch: 049, Runtime 0.787318, Loss 0.453829, forward nfe 0, backward nfe 0, Train: 0.8722, Val: 0.7969, Test: 0.7792, Best time: 3.2490
After OOD adjustment: Training instances of last class: 0
After OOD adjustment: Testing instances of last class: 257
Epoch: 050, Runtime 0.782565, Loss 0.445418, forward nfe 0, backward nfe 0, Train: 0.8722, Val: 0.7969, Test: 0.7792, Best time: 3.2490
After OOD adjustment: Training instances of last class: 0
After OOD adjustment: Testing instances of last class: 257
Epoch: 051, Runtime 0.773350, Loss 0.437336, forward nfe 0, backward nfe 0, Train: 0.8722, Val: 0.7969, Test: 0.7792, Best time: 3.2490
After OOD adjustment: Training instances of last class: 0
After OOD adjustment: Testing instances of last class: 257
Epoch: 052, Runtime 0.777003, Loss 0.429616, forward nfe 0, backward nfe 0, Train: 0.8722, Val: 0.7969, Test: 0.7792, Best time: 3.2490
After OOD adjustment: Training instances of last class: 0
After OOD adjustment: Testing instances of last class: 257
Epoch: 053, Runtime 0.773265, Loss 0.422174, forward nfe 0, backward nfe 0, Train: 0.8722, Val: 0.7969, Test: 0.7792, Best time: 3.2490
After OOD adjustment: Training instances of last class: 0
After OOD adjustment: Testing instances of last class: 257
Epoch: 054, Runtime 0.794719, Loss 0.415002, forward nfe 0, backward nfe 0, Train: 0.8722, Val: 0.7969, Test: 0.7792, Best time: 3.2490
After OOD adjustment: Training instances of last class: 0
After OOD adjustment: Testing instances of last class: 257
Epoch: 055, Runtime 0.784039, Loss 0.408096, forward nfe 0, backward nfe 0, Train: 0.8722, Val: 0.7969, Test: 0.7792, Best time: 3.2490
After OOD adjustment: Training instances of last class: 0
After OOD adjustment: Testing instances of last class: 257
Epoch: 056, Runtime 0.765407, Loss 0.401378, forward nfe 0, backward nfe 0, Train: 0.8722, Val: 0.7969, Test: 0.7792, Best time: 3.2490
After OOD adjustment: Training instances of last class: 0
After OOD adjustment: Testing instances of last class: 257
Epoch: 057, Runtime 0.776035, Loss 0.394899, forward nfe 0, backward nfe 0, Train: 0.8722, Val: 0.7969, Test: 0.7792, Best time: 3.2490
After OOD adjustment: Training instances of last class: 0
After OOD adjustment: Testing instances of last class: 257
Epoch: 058, Runtime 0.766585, Loss 0.388698, forward nfe 0, backward nfe 0, Train: 0.8722, Val: 0.7969, Test: 0.7792, Best time: 3.2490
After OOD adjustment: Training instances of last class: 0
After OOD adjustment: Testing instances of last class: 257
Epoch: 059, Runtime 0.866430, Loss 0.382722, forward nfe 0, backward nfe 0, Train: 0.9056, Val: 0.7992, Test: 0.7855, Best time: 3.2490
After OOD adjustment: Training instances of last class: 0
After OOD adjustment: Testing instances of last class: 257
Epoch: 060, Runtime 0.860565, Loss 0.376979, forward nfe 0, backward nfe 0, Train: 0.9056, Val: 0.8015, Test: 0.7861, Best time: 3.2490
After OOD adjustment: Training instances of last class: 0
After OOD adjustment: Testing instances of last class: 257
Epoch: 061, Runtime 0.788042, Loss 0.371455, forward nfe 0, backward nfe 0, Train: 0.9056, Val: 0.8015, Test: 0.7861, Best time: 3.2490
After OOD adjustment: Training instances of last class: 0
After OOD adjustment: Testing instances of last class: 257
Epoch: 062, Runtime 0.796646, Loss 0.366106, forward nfe 0, backward nfe 0, Train: 0.9056, Val: 0.8015, Test: 0.7861, Best time: 3.2490
After OOD adjustment: Training instances of last class: 0
After OOD adjustment: Testing instances of last class: 257
Epoch: 063, Runtime 0.792747, Loss 0.360937, forward nfe 0, backward nfe 0, Train: 0.9056, Val: 0.8015, Test: 0.7861, Best time: 3.2490
After OOD adjustment: Training instances of last class: 0
After OOD adjustment: Testing instances of last class: 257
Epoch: 064, Runtime 0.782621, Loss 0.355910, forward nfe 0, backward nfe 0, Train: 0.9056, Val: 0.8015, Test: 0.7861, Best time: 3.2490
After OOD adjustment: Training instances of last class: 0
After OOD adjustment: Testing instances of last class: 257
Epoch: 065, Runtime 0.779627, Loss 0.350998, forward nfe 0, backward nfe 0, Train: 0.9056, Val: 0.8015, Test: 0.7861, Best time: 3.2490
After OOD adjustment: Training instances of last class: 0
After OOD adjustment: Testing instances of last class: 257
Epoch: 066, Runtime 0.781863, Loss 0.346233, forward nfe 0, backward nfe 0, Train: 0.9056, Val: 0.8015, Test: 0.7861, Best time: 3.2490
After OOD adjustment: Training instances of last class: 0
After OOD adjustment: Testing instances of last class: 257
Epoch: 067, Runtime 0.871217, Loss 0.341610, forward nfe 0, backward nfe 0, Train: 0.9167, Val: 0.8023, Test: 0.7890, Best time: 3.2490
After OOD adjustment: Training instances of last class: 0
After OOD adjustment: Testing instances of last class: 257
Epoch: 068, Runtime 0.774798, Loss 0.337126, forward nfe 0, backward nfe 0, Train: 0.9167, Val: 0.8023, Test: 0.7890, Best time: 3.2490
After OOD adjustment: Training instances of last class: 0
After OOD adjustment: Testing instances of last class: 257
Epoch: 069, Runtime 0.779548, Loss 0.332787, forward nfe 0, backward nfe 0, Train: 0.9167, Val: 0.8023, Test: 0.7890, Best time: 3.2490
After OOD adjustment: Training instances of last class: 0
After OOD adjustment: Testing instances of last class: 257
Epoch: 070, Runtime 0.896929, Loss 0.328564, forward nfe 0, backward nfe 0, Train: 0.9167, Val: 0.8038, Test: 0.7893, Best time: 3.2490
After OOD adjustment: Training instances of last class: 0
After OOD adjustment: Testing instances of last class: 257
Epoch: 071, Runtime 0.879867, Loss 0.324460, forward nfe 0, backward nfe 0, Train: 0.9167, Val: 0.8054, Test: 0.7897, Best time: 3.2490
After OOD adjustment: Training instances of last class: 0
After OOD adjustment: Testing instances of last class: 257
Epoch: 072, Runtime 0.780190, Loss 0.320471, forward nfe 0, backward nfe 0, Train: 0.9167, Val: 0.8054, Test: 0.7897, Best time: 3.2490
After OOD adjustment: Training instances of last class: 0
After OOD adjustment: Testing instances of last class: 257
Epoch: 073, Runtime 0.776788, Loss 0.316578, forward nfe 0, backward nfe 0, Train: 0.9167, Val: 0.8054, Test: 0.7897, Best time: 3.2490
After OOD adjustment: Training instances of last class: 0
After OOD adjustment: Testing instances of last class: 257
Epoch: 074, Runtime 0.771952, Loss 0.312786, forward nfe 0, backward nfe 0, Train: 0.9167, Val: 0.8054, Test: 0.7897, Best time: 3.2490
After OOD adjustment: Training instances of last class: 0
After OOD adjustment: Testing instances of last class: 257
Epoch: 075, Runtime 0.785454, Loss 0.309084, forward nfe 0, backward nfe 0, Train: 0.9167, Val: 0.8054, Test: 0.7897, Best time: 3.2490
After OOD adjustment: Training instances of last class: 0
After OOD adjustment: Testing instances of last class: 257
Epoch: 076, Runtime 0.792981, Loss 0.305469, forward nfe 0, backward nfe 0, Train: 0.9167, Val: 0.8054, Test: 0.7897, Best time: 3.2490
After OOD adjustment: Training instances of last class: 0
After OOD adjustment: Testing instances of last class: 257
Epoch: 077, Runtime 0.794256, Loss 0.301944, forward nfe 0, backward nfe 0, Train: 0.9167, Val: 0.8054, Test: 0.7897, Best time: 3.2490
After OOD adjustment: Training instances of last class: 0
After OOD adjustment: Testing instances of last class: 257
Epoch: 078, Runtime 0.789278, Loss 0.298498, forward nfe 0, backward nfe 0, Train: 0.9167, Val: 0.8054, Test: 0.7897, Best time: 3.2490
After OOD adjustment: Training instances of last class: 0
After OOD adjustment: Testing instances of last class: 257
Epoch: 079, Runtime 0.790311, Loss 0.295131, forward nfe 0, backward nfe 0, Train: 0.9167, Val: 0.8054, Test: 0.7897, Best time: 3.2490
After OOD adjustment: Training instances of last class: 0
After OOD adjustment: Testing instances of last class: 257
Epoch: 080, Runtime 0.804622, Loss 0.291844, forward nfe 0, backward nfe 0, Train: 0.9167, Val: 0.8054, Test: 0.7897, Best time: 3.2490
After OOD adjustment: Training instances of last class: 0
After OOD adjustment: Testing instances of last class: 257
Epoch: 081, Runtime 0.807455, Loss 0.288629, forward nfe 0, backward nfe 0, Train: 0.9167, Val: 0.8054, Test: 0.7897, Best time: 3.2490
After OOD adjustment: Training instances of last class: 0
After OOD adjustment: Testing instances of last class: 257
Epoch: 082, Runtime 0.806665, Loss 0.285489, forward nfe 0, backward nfe 0, Train: 0.9167, Val: 0.8054, Test: 0.7897, Best time: 3.2490
After OOD adjustment: Training instances of last class: 0
After OOD adjustment: Testing instances of last class: 257
Epoch: 083, Runtime 0.788801, Loss 0.282416, forward nfe 0, backward nfe 0, Train: 0.9167, Val: 0.8054, Test: 0.7897, Best time: 3.2490
After OOD adjustment: Training instances of last class: 0
After OOD adjustment: Testing instances of last class: 257
Epoch: 084, Runtime 0.788209, Loss 0.279408, forward nfe 0, backward nfe 0, Train: 0.9167, Val: 0.8054, Test: 0.7897, Best time: 3.2490
After OOD adjustment: Training instances of last class: 0
After OOD adjustment: Testing instances of last class: 257
Epoch: 085, Runtime 0.790071, Loss 0.276465, forward nfe 0, backward nfe 0, Train: 0.9167, Val: 0.8054, Test: 0.7897, Best time: 3.2490
After OOD adjustment: Training instances of last class: 0
After OOD adjustment: Testing instances of last class: 257
Epoch: 086, Runtime 0.774279, Loss 0.273582, forward nfe 0, backward nfe 0, Train: 0.9167, Val: 0.8054, Test: 0.7897, Best time: 3.2490
After OOD adjustment: Training instances of last class: 0
After OOD adjustment: Testing instances of last class: 257
Epoch: 087, Runtime 0.796590, Loss 0.270758, forward nfe 0, backward nfe 0, Train: 0.9167, Val: 0.8054, Test: 0.7897, Best time: 3.2490
After OOD adjustment: Training instances of last class: 0
After OOD adjustment: Testing instances of last class: 257
Epoch: 088, Runtime 0.805571, Loss 0.267991, forward nfe 0, backward nfe 0, Train: 0.9167, Val: 0.8054, Test: 0.7897, Best time: 3.2490
After OOD adjustment: Training instances of last class: 0
After OOD adjustment: Testing instances of last class: 257
Epoch: 089, Runtime 0.790163, Loss 0.265278, forward nfe 0, backward nfe 0, Train: 0.9167, Val: 0.8054, Test: 0.7897, Best time: 3.2490
After OOD adjustment: Training instances of last class: 0
After OOD adjustment: Testing instances of last class: 257
Epoch: 090, Runtime 0.798649, Loss 0.262619, forward nfe 0, backward nfe 0, Train: 0.9167, Val: 0.8054, Test: 0.7897, Best time: 3.2490
After OOD adjustment: Training instances of last class: 0
After OOD adjustment: Testing instances of last class: 257
Epoch: 091, Runtime 0.781298, Loss 0.260010, forward nfe 0, backward nfe 0, Train: 0.9167, Val: 0.8054, Test: 0.7897, Best time: 3.2490
After OOD adjustment: Training instances of last class: 0
After OOD adjustment: Testing instances of last class: 257
Epoch: 092, Runtime 0.785322, Loss 0.257450, forward nfe 0, backward nfe 0, Train: 0.9167, Val: 0.8054, Test: 0.7897, Best time: 3.2490
After OOD adjustment: Training instances of last class: 0
After OOD adjustment: Testing instances of last class: 257
Epoch: 093, Runtime 0.786573, Loss 0.254938, forward nfe 0, backward nfe 0, Train: 0.9167, Val: 0.8054, Test: 0.7897, Best time: 3.2490
After OOD adjustment: Training instances of last class: 0
After OOD adjustment: Testing instances of last class: 257
Epoch: 094, Runtime 0.793462, Loss 0.252472, forward nfe 0, backward nfe 0, Train: 0.9167, Val: 0.8054, Test: 0.7897, Best time: 3.2490
After OOD adjustment: Training instances of last class: 0
After OOD adjustment: Testing instances of last class: 257
Epoch: 095, Runtime 0.806781, Loss 0.250053, forward nfe 0, backward nfe 0, Train: 0.9167, Val: 0.8054, Test: 0.7897, Best time: 3.2490
After OOD adjustment: Training instances of last class: 0
After OOD adjustment: Testing instances of last class: 257
Epoch: 096, Runtime 0.801457, Loss 0.247678, forward nfe 0, backward nfe 0, Train: 0.9167, Val: 0.8054, Test: 0.7897, Best time: 3.2490
After OOD adjustment: Training instances of last class: 0
After OOD adjustment: Testing instances of last class: 257
Epoch: 097, Runtime 0.795427, Loss 0.245347, forward nfe 0, backward nfe 0, Train: 0.9167, Val: 0.8054, Test: 0.7897, Best time: 3.2490
After OOD adjustment: Training instances of last class: 0
After OOD adjustment: Testing instances of last class: 257
Epoch: 098, Runtime 0.774640, Loss 0.243056, forward nfe 0, backward nfe 0, Train: 0.9167, Val: 0.8054, Test: 0.7897, Best time: 3.2490
After OOD adjustment: Training instances of last class: 0
After OOD adjustment: Testing instances of last class: 257
Epoch: 099, Runtime 0.776467, Loss 0.240805, forward nfe 0, backward nfe 0, Train: 0.9167, Val: 0.8054, Test: 0.7897, Best time: 3.2490
best val accuracy 0.805385 with test accuracy 0.789664 at epoch 71 and best time 3.249016
base_directory resutls_prob/OOD_Computers
new_name:  gnn_ODD
file_path 1 resutls_prob/OOD_Computers/gnn_ODD_prediction_probabilities_16.npz
file_path 2 resutls_prob/OOD_Computers/gnn_ODD_prediction_probabilities_16.npz
Entropy Threshold: inf Test accuracy: 0.7896641696826866
Entropy Threshold: 2 Test accuracy: 0.7967647564963001
Entropy Threshold: 1.6 Test accuracy: 0.8381166377285262
Entropy Threshold: 1.5 Test accuracy: 0.8485770149902238
Entropy Threshold: 1.4 Test accuracy: 0.8588574725908829
Entropy Threshold: 1.3 Test accuracy: 0.8662014934508507
Entropy Threshold: 1.2 Test accuracy: 0.8762519768054824
Entropy Threshold: 1.1 Test accuracy: 0.8862249964533977
Entropy Threshold: 0.9 Test accuracy: 0.9026063100137174
Entropy Threshold: 0.8 Test accuracy: 0.9117478510028654
Entropy Threshold: 0.7 Test accuracy: 0.9439400817067635
Entropy Threshold: 0.6 Test accuracy: 0.9620763851533082
Entropy Threshold: 0.5 Test accuracy: 0.9739884393063584
Entropy Threshold: 0.4 Test accuracy: 0.9766034691407826
Entropy Threshold: 0.3 Test accuracy: 0.979498861047836
Entropy Threshold: 0.2 Test accuracy: 0.980909090909091
Entropy Threshold: 0.1 Test accuracy: 0.9833024118738405
