[KeOps] Warning : cuda was detected, but driver API could not be initialized. Switching to cpu only.
Folder already exists: results/photo
experiment: 0
Dataset size (num_nodes): 7487, Intended development set size (num_development): 1500
Dataset size (num_nodes): 7487, Actual development set size (num_development): 1500
rations: train 160, val 1340, test 5987
Before OOD adjustment: Total instances of last class: 331
Before OOD adjustment: Training instances of last class: 20
Before OOD adjustment: Testing instances of last class: 267
Before OOD adjustment: Val instances of last class: 44
total train + val+ test 331
After OOD adjustment: Training instances of last class: 0
After OOD adjustment: Testing instances of last class: 267
Total number of classes: 8
number of classes to train: 7
MyGCN2(
  (conv1): GCNConv(745, 64)
  (conv4): GCNConv(64, 7)
)
conv1.bias
torch.Size([64])
conv1.lin.weight
torch.Size([64, 745])
conv4.bias
torch.Size([7])
conv4.lin.weight
torch.Size([7, 64])
After OOD adjustment: Training instances of last class: 0
After OOD adjustment: Testing instances of last class: 267
Epoch: 001, Runtime 0.257245, Loss 2.293961, forward nfe 0, backward nfe 0, Train: 0.2643, Val: 0.2843, Test: 0.2557, Best time: 3.5824
After OOD adjustment: Training instances of last class: 0
After OOD adjustment: Testing instances of last class: 267
Epoch: 002, Runtime 0.244174, Loss 1.948585, forward nfe 0, backward nfe 0, Train: 0.2643, Val: 0.2843, Test: 0.2557, Best time: 3.5824
After OOD adjustment: Training instances of last class: 0
After OOD adjustment: Testing instances of last class: 267
Epoch: 003, Runtime 0.242374, Loss 1.967432, forward nfe 0, backward nfe 0, Train: 0.2643, Val: 0.2843, Test: 0.2557, Best time: 3.5824
After OOD adjustment: Training instances of last class: 0
After OOD adjustment: Testing instances of last class: 267
Epoch: 004, Runtime 0.241489, Loss 1.898882, forward nfe 0, backward nfe 0, Train: 0.2643, Val: 0.2843, Test: 0.2557, Best time: 3.5824
After OOD adjustment: Training instances of last class: 0
After OOD adjustment: Testing instances of last class: 267
Epoch: 005, Runtime 0.358245, Loss 1.820195, forward nfe 0, backward nfe 0, Train: 0.3357, Val: 0.3246, Test: 0.3327, Best time: 3.5824
After OOD adjustment: Training instances of last class: 0
After OOD adjustment: Testing instances of last class: 267
Epoch: 006, Runtime 0.337620, Loss 1.698842, forward nfe 0, backward nfe 0, Train: 0.5000, Val: 0.4590, Test: 0.4667, Best time: 3.5824
After OOD adjustment: Training instances of last class: 0
After OOD adjustment: Testing instances of last class: 267
Epoch: 007, Runtime 0.334699, Loss 1.583182, forward nfe 0, backward nfe 0, Train: 0.6429, Val: 0.5284, Test: 0.5295, Best time: 3.5824
After OOD adjustment: Training instances of last class: 0
After OOD adjustment: Testing instances of last class: 267
Epoch: 008, Runtime 0.246077, Loss 1.514966, forward nfe 0, backward nfe 0, Train: 0.6429, Val: 0.5284, Test: 0.5295, Best time: 3.5824
After OOD adjustment: Training instances of last class: 0
After OOD adjustment: Testing instances of last class: 267
Epoch: 009, Runtime 0.243221, Loss 1.474049, forward nfe 0, backward nfe 0, Train: 0.6429, Val: 0.5284, Test: 0.5295, Best time: 3.5824
After OOD adjustment: Training instances of last class: 0
After OOD adjustment: Testing instances of last class: 267
Epoch: 010, Runtime 0.335394, Loss 1.422632, forward nfe 0, backward nfe 0, Train: 0.6857, Val: 0.5672, Test: 0.5836, Best time: 3.5824
After OOD adjustment: Training instances of last class: 0
After OOD adjustment: Testing instances of last class: 267
Epoch: 011, Runtime 0.352477, Loss 1.365269, forward nfe 0, backward nfe 0, Train: 0.7857, Val: 0.7552, Test: 0.7630, Best time: 3.5824
After OOD adjustment: Training instances of last class: 0
After OOD adjustment: Testing instances of last class: 267
Epoch: 012, Runtime 0.349751, Loss 1.308110, forward nfe 0, backward nfe 0, Train: 0.8286, Val: 0.7910, Test: 0.7874, Best time: 3.5824
After OOD adjustment: Training instances of last class: 0
After OOD adjustment: Testing instances of last class: 267
Epoch: 013, Runtime 0.350039, Loss 1.249214, forward nfe 0, backward nfe 0, Train: 0.8786, Val: 0.8216, Test: 0.8178, Best time: 3.5824
After OOD adjustment: Training instances of last class: 0
After OOD adjustment: Testing instances of last class: 267
Epoch: 014, Runtime 0.342696, Loss 1.190075, forward nfe 0, backward nfe 0, Train: 0.9071, Val: 0.8224, Test: 0.8283, Best time: 3.5824
After OOD adjustment: Training instances of last class: 0
After OOD adjustment: Testing instances of last class: 267
Epoch: 015, Runtime 0.245599, Loss 1.137091, forward nfe 0, backward nfe 0, Train: 0.9071, Val: 0.8224, Test: 0.8283, Best time: 3.5824
After OOD adjustment: Training instances of last class: 0
After OOD adjustment: Testing instances of last class: 267
Epoch: 016, Runtime 0.247594, Loss 1.095247, forward nfe 0, backward nfe 0, Train: 0.9071, Val: 0.8224, Test: 0.8283, Best time: 3.5824
After OOD adjustment: Training instances of last class: 0
After OOD adjustment: Testing instances of last class: 267
Epoch: 017, Runtime 0.247277, Loss 1.061942, forward nfe 0, backward nfe 0, Train: 0.9071, Val: 0.8224, Test: 0.8283, Best time: 3.5824
After OOD adjustment: Training instances of last class: 0
After OOD adjustment: Testing instances of last class: 267
Epoch: 018, Runtime 0.244779, Loss 1.028538, forward nfe 0, backward nfe 0, Train: 0.9071, Val: 0.8224, Test: 0.8283, Best time: 3.5824
After OOD adjustment: Training instances of last class: 0
After OOD adjustment: Testing instances of last class: 267
Epoch: 019, Runtime 0.242400, Loss 0.990640, forward nfe 0, backward nfe 0, Train: 0.9071, Val: 0.8224, Test: 0.8283, Best time: 3.5824
After OOD adjustment: Training instances of last class: 0
After OOD adjustment: Testing instances of last class: 267
Epoch: 020, Runtime 0.245636, Loss 0.951421, forward nfe 0, backward nfe 0, Train: 0.9071, Val: 0.8224, Test: 0.8283, Best time: 3.5824
After OOD adjustment: Training instances of last class: 0
After OOD adjustment: Testing instances of last class: 267
Epoch: 021, Runtime 0.245287, Loss 0.914679, forward nfe 0, backward nfe 0, Train: 0.9071, Val: 0.8224, Test: 0.8283, Best time: 3.5824
After OOD adjustment: Training instances of last class: 0
After OOD adjustment: Testing instances of last class: 267
Epoch: 022, Runtime 0.241174, Loss 0.881235, forward nfe 0, backward nfe 0, Train: 0.9071, Val: 0.8224, Test: 0.8283, Best time: 3.5824
After OOD adjustment: Training instances of last class: 0
After OOD adjustment: Testing instances of last class: 267
Epoch: 023, Runtime 0.244276, Loss 0.850723, forward nfe 0, backward nfe 0, Train: 0.9071, Val: 0.8224, Test: 0.8283, Best time: 3.5824
After OOD adjustment: Training instances of last class: 0
After OOD adjustment: Testing instances of last class: 267
Epoch: 024, Runtime 0.335902, Loss 0.823124, forward nfe 0, backward nfe 0, Train: 0.9286, Val: 0.8396, Test: 0.8407, Best time: 3.5824
After OOD adjustment: Training instances of last class: 0
After OOD adjustment: Testing instances of last class: 267
Epoch: 025, Runtime 0.334605, Loss 0.798271, forward nfe 0, backward nfe 0, Train: 0.9357, Val: 0.8701, Test: 0.8696, Best time: 3.5824
After OOD adjustment: Training instances of last class: 0
After OOD adjustment: Testing instances of last class: 267
Epoch: 026, Runtime 0.335042, Loss 0.774945, forward nfe 0, backward nfe 0, Train: 0.9429, Val: 0.8784, Test: 0.8794, Best time: 3.5824
After OOD adjustment: Training instances of last class: 0
After OOD adjustment: Testing instances of last class: 267
Epoch: 027, Runtime 0.246813, Loss 0.751346, forward nfe 0, backward nfe 0, Train: 0.9429, Val: 0.8784, Test: 0.8794, Best time: 3.5824
After OOD adjustment: Training instances of last class: 0
After OOD adjustment: Testing instances of last class: 267
Epoch: 028, Runtime 0.242190, Loss 0.726771, forward nfe 0, backward nfe 0, Train: 0.9429, Val: 0.8784, Test: 0.8794, Best time: 3.5824
After OOD adjustment: Training instances of last class: 0
After OOD adjustment: Testing instances of last class: 267
Epoch: 029, Runtime 0.244879, Loss 0.702382, forward nfe 0, backward nfe 0, Train: 0.9429, Val: 0.8784, Test: 0.8794, Best time: 3.5824
After OOD adjustment: Training instances of last class: 0
After OOD adjustment: Testing instances of last class: 267
Epoch: 030, Runtime 0.243745, Loss 0.679923, forward nfe 0, backward nfe 0, Train: 0.9429, Val: 0.8784, Test: 0.8794, Best time: 3.5824
After OOD adjustment: Training instances of last class: 0
After OOD adjustment: Testing instances of last class: 267
Epoch: 031, Runtime 0.242252, Loss 0.660086, forward nfe 0, backward nfe 0, Train: 0.9429, Val: 0.8784, Test: 0.8794, Best time: 3.5824
After OOD adjustment: Training instances of last class: 0
After OOD adjustment: Testing instances of last class: 267
Epoch: 032, Runtime 0.242869, Loss 0.642313, forward nfe 0, backward nfe 0, Train: 0.9429, Val: 0.8784, Test: 0.8794, Best time: 3.5824
After OOD adjustment: Training instances of last class: 0
After OOD adjustment: Testing instances of last class: 267
Epoch: 033, Runtime 0.242254, Loss 0.625633, forward nfe 0, backward nfe 0, Train: 0.9429, Val: 0.8784, Test: 0.8794, Best time: 3.5824
After OOD adjustment: Training instances of last class: 0
After OOD adjustment: Testing instances of last class: 267
Epoch: 034, Runtime 0.242212, Loss 0.609313, forward nfe 0, backward nfe 0, Train: 0.9429, Val: 0.8784, Test: 0.8794, Best time: 3.5824
After OOD adjustment: Training instances of last class: 0
After OOD adjustment: Testing instances of last class: 267
Epoch: 035, Runtime 0.245484, Loss 0.593021, forward nfe 0, backward nfe 0, Train: 0.9429, Val: 0.8784, Test: 0.8794, Best time: 3.5824
After OOD adjustment: Training instances of last class: 0
After OOD adjustment: Testing instances of last class: 267
Epoch: 036, Runtime 0.242034, Loss 0.576826, forward nfe 0, backward nfe 0, Train: 0.9429, Val: 0.8784, Test: 0.8794, Best time: 3.5824
After OOD adjustment: Training instances of last class: 0
After OOD adjustment: Testing instances of last class: 267
Epoch: 037, Runtime 0.355075, Loss 0.561108, forward nfe 0, backward nfe 0, Train: 0.9571, Val: 0.8851, Test: 0.8839, Best time: 3.5824
After OOD adjustment: Training instances of last class: 0
After OOD adjustment: Testing instances of last class: 267
Epoch: 038, Runtime 0.351955, Loss 0.546297, forward nfe 0, backward nfe 0, Train: 0.9571, Val: 0.8881, Test: 0.8878, Best time: 3.5824
After OOD adjustment: Training instances of last class: 0
After OOD adjustment: Testing instances of last class: 267
Epoch: 039, Runtime 0.334867, Loss 0.532567, forward nfe 0, backward nfe 0, Train: 0.9571, Val: 0.8903, Test: 0.8888, Best time: 3.5824
After OOD adjustment: Training instances of last class: 0
After OOD adjustment: Testing instances of last class: 267
Epoch: 040, Runtime 0.243403, Loss 0.519753, forward nfe 0, backward nfe 0, Train: 0.9571, Val: 0.8903, Test: 0.8888, Best time: 3.5824
After OOD adjustment: Training instances of last class: 0
After OOD adjustment: Testing instances of last class: 267
Epoch: 041, Runtime 0.349295, Loss 0.507557, forward nfe 0, backward nfe 0, Train: 0.9571, Val: 0.8918, Test: 0.8894, Best time: 3.5824
After OOD adjustment: Training instances of last class: 0
After OOD adjustment: Testing instances of last class: 267
Epoch: 042, Runtime 0.245803, Loss 0.495759, forward nfe 0, backward nfe 0, Train: 0.9571, Val: 0.8918, Test: 0.8894, Best time: 3.5824
After OOD adjustment: Training instances of last class: 0
After OOD adjustment: Testing instances of last class: 267
Epoch: 043, Runtime 0.241051, Loss 0.484289, forward nfe 0, backward nfe 0, Train: 0.9571, Val: 0.8918, Test: 0.8894, Best time: 3.5824
After OOD adjustment: Training instances of last class: 0
After OOD adjustment: Testing instances of last class: 267
Epoch: 044, Runtime 0.241476, Loss 0.473156, forward nfe 0, backward nfe 0, Train: 0.9571, Val: 0.8918, Test: 0.8894, Best time: 3.5824
After OOD adjustment: Training instances of last class: 0
After OOD adjustment: Testing instances of last class: 267
Epoch: 045, Runtime 0.242617, Loss 0.462390, forward nfe 0, backward nfe 0, Train: 0.9571, Val: 0.8918, Test: 0.8894, Best time: 3.5824
After OOD adjustment: Training instances of last class: 0
After OOD adjustment: Testing instances of last class: 267
Epoch: 046, Runtime 0.242784, Loss 0.452026, forward nfe 0, backward nfe 0, Train: 0.9571, Val: 0.8918, Test: 0.8894, Best time: 3.5824
After OOD adjustment: Training instances of last class: 0
After OOD adjustment: Testing instances of last class: 267
Epoch: 047, Runtime 0.242841, Loss 0.442093, forward nfe 0, backward nfe 0, Train: 0.9571, Val: 0.8918, Test: 0.8894, Best time: 3.5824
After OOD adjustment: Training instances of last class: 0
After OOD adjustment: Testing instances of last class: 267
Epoch: 048, Runtime 0.245704, Loss 0.432587, forward nfe 0, backward nfe 0, Train: 0.9571, Val: 0.8918, Test: 0.8894, Best time: 3.5824
After OOD adjustment: Training instances of last class: 0
After OOD adjustment: Testing instances of last class: 267
Epoch: 049, Runtime 0.243906, Loss 0.423468, forward nfe 0, backward nfe 0, Train: 0.9571, Val: 0.8918, Test: 0.8894, Best time: 3.5824
After OOD adjustment: Training instances of last class: 0
After OOD adjustment: Testing instances of last class: 267
Epoch: 050, Runtime 0.241849, Loss 0.414690, forward nfe 0, backward nfe 0, Train: 0.9571, Val: 0.8918, Test: 0.8894, Best time: 3.5824
After OOD adjustment: Training instances of last class: 0
After OOD adjustment: Testing instances of last class: 267
Epoch: 051, Runtime 0.244364, Loss 0.406222, forward nfe 0, backward nfe 0, Train: 0.9571, Val: 0.8918, Test: 0.8894, Best time: 3.5824
After OOD adjustment: Training instances of last class: 0
After OOD adjustment: Testing instances of last class: 267
Epoch: 052, Runtime 0.359293, Loss 0.398038, forward nfe 0, backward nfe 0, Train: 0.9714, Val: 0.8925, Test: 0.8908, Best time: 3.5824
After OOD adjustment: Training instances of last class: 0
After OOD adjustment: Testing instances of last class: 267
Epoch: 053, Runtime 0.351436, Loss 0.390106, forward nfe 0, backward nfe 0, Train: 0.9714, Val: 0.8933, Test: 0.8913, Best time: 3.5824
After OOD adjustment: Training instances of last class: 0
After OOD adjustment: Testing instances of last class: 267
Epoch: 054, Runtime 0.249035, Loss 0.382405, forward nfe 0, backward nfe 0, Train: 0.9714, Val: 0.8933, Test: 0.8913, Best time: 3.5824
After OOD adjustment: Training instances of last class: 0
After OOD adjustment: Testing instances of last class: 267
Epoch: 055, Runtime 0.246656, Loss 0.374942, forward nfe 0, backward nfe 0, Train: 0.9714, Val: 0.8933, Test: 0.8913, Best time: 3.5824
After OOD adjustment: Training instances of last class: 0
After OOD adjustment: Testing instances of last class: 267
Epoch: 056, Runtime 0.247627, Loss 0.367739, forward nfe 0, backward nfe 0, Train: 0.9714, Val: 0.8933, Test: 0.8913, Best time: 3.5824
After OOD adjustment: Training instances of last class: 0
After OOD adjustment: Testing instances of last class: 267
Epoch: 057, Runtime 0.242778, Loss 0.360799, forward nfe 0, backward nfe 0, Train: 0.9714, Val: 0.8933, Test: 0.8913, Best time: 3.5824
After OOD adjustment: Training instances of last class: 0
After OOD adjustment: Testing instances of last class: 267
Epoch: 058, Runtime 0.241381, Loss 0.354098, forward nfe 0, backward nfe 0, Train: 0.9714, Val: 0.8933, Test: 0.8913, Best time: 3.5824
After OOD adjustment: Training instances of last class: 0
After OOD adjustment: Testing instances of last class: 267
Epoch: 059, Runtime 0.241380, Loss 0.347604, forward nfe 0, backward nfe 0, Train: 0.9714, Val: 0.8933, Test: 0.8913, Best time: 3.5824
After OOD adjustment: Training instances of last class: 0
After OOD adjustment: Testing instances of last class: 267
Epoch: 060, Runtime 0.242823, Loss 0.341293, forward nfe 0, backward nfe 0, Train: 0.9714, Val: 0.8933, Test: 0.8913, Best time: 3.5824
After OOD adjustment: Training instances of last class: 0
After OOD adjustment: Testing instances of last class: 267
Epoch: 061, Runtime 0.245056, Loss 0.335155, forward nfe 0, backward nfe 0, Train: 0.9714, Val: 0.8933, Test: 0.8913, Best time: 3.5824
After OOD adjustment: Training instances of last class: 0
After OOD adjustment: Testing instances of last class: 267
Epoch: 062, Runtime 0.242682, Loss 0.329189, forward nfe 0, backward nfe 0, Train: 0.9714, Val: 0.8933, Test: 0.8913, Best time: 3.5824
After OOD adjustment: Training instances of last class: 0
After OOD adjustment: Testing instances of last class: 267
Epoch: 063, Runtime 0.334100, Loss 0.323399, forward nfe 0, backward nfe 0, Train: 0.9714, Val: 0.8940, Test: 0.8923, Best time: 3.5824
After OOD adjustment: Training instances of last class: 0
After OOD adjustment: Testing instances of last class: 267
Epoch: 064, Runtime 0.242439, Loss 0.317793, forward nfe 0, backward nfe 0, Train: 0.9714, Val: 0.8940, Test: 0.8923, Best time: 3.5824
After OOD adjustment: Training instances of last class: 0
After OOD adjustment: Testing instances of last class: 267
Epoch: 065, Runtime 0.335603, Loss 0.312372, forward nfe 0, backward nfe 0, Train: 0.9714, Val: 0.8948, Test: 0.8936, Best time: 3.5824
After OOD adjustment: Training instances of last class: 0
After OOD adjustment: Testing instances of last class: 267
Epoch: 066, Runtime 0.241251, Loss 0.307122, forward nfe 0, backward nfe 0, Train: 0.9714, Val: 0.8948, Test: 0.8936, Best time: 3.5824
After OOD adjustment: Training instances of last class: 0
After OOD adjustment: Testing instances of last class: 267
Epoch: 067, Runtime 0.333878, Loss 0.302019, forward nfe 0, backward nfe 0, Train: 0.9714, Val: 0.8955, Test: 0.8941, Best time: 3.5824
After OOD adjustment: Training instances of last class: 0
After OOD adjustment: Testing instances of last class: 267
Epoch: 068, Runtime 0.241514, Loss 0.297045, forward nfe 0, backward nfe 0, Train: 0.9714, Val: 0.8955, Test: 0.8941, Best time: 3.5824
After OOD adjustment: Training instances of last class: 0
After OOD adjustment: Testing instances of last class: 267
Epoch: 069, Runtime 0.244049, Loss 0.292195, forward nfe 0, backward nfe 0, Train: 0.9714, Val: 0.8955, Test: 0.8941, Best time: 3.5824
After OOD adjustment: Training instances of last class: 0
After OOD adjustment: Testing instances of last class: 267
Epoch: 070, Runtime 0.247863, Loss 0.287469, forward nfe 0, backward nfe 0, Train: 0.9714, Val: 0.8955, Test: 0.8941, Best time: 3.5824
After OOD adjustment: Training instances of last class: 0
After OOD adjustment: Testing instances of last class: 267
Epoch: 071, Runtime 0.248535, Loss 0.282870, forward nfe 0, backward nfe 0, Train: 0.9714, Val: 0.8955, Test: 0.8941, Best time: 3.5824
After OOD adjustment: Training instances of last class: 0
After OOD adjustment: Testing instances of last class: 267
Epoch: 072, Runtime 0.248626, Loss 0.278400, forward nfe 0, backward nfe 0, Train: 0.9714, Val: 0.8955, Test: 0.8941, Best time: 3.5824
After OOD adjustment: Training instances of last class: 0
After OOD adjustment: Testing instances of last class: 267
Epoch: 073, Runtime 0.337631, Loss 0.274056, forward nfe 0, backward nfe 0, Train: 0.9714, Val: 0.8963, Test: 0.8941, Best time: 3.5824
After OOD adjustment: Training instances of last class: 0
After OOD adjustment: Testing instances of last class: 267
Epoch: 074, Runtime 0.241834, Loss 0.269835, forward nfe 0, backward nfe 0, Train: 0.9714, Val: 0.8963, Test: 0.8941, Best time: 3.5824
After OOD adjustment: Training instances of last class: 0
After OOD adjustment: Testing instances of last class: 267
Epoch: 075, Runtime 0.241695, Loss 0.265729, forward nfe 0, backward nfe 0, Train: 0.9714, Val: 0.8963, Test: 0.8941, Best time: 3.5824
After OOD adjustment: Training instances of last class: 0
After OOD adjustment: Testing instances of last class: 267
Epoch: 076, Runtime 0.241561, Loss 0.261728, forward nfe 0, backward nfe 0, Train: 0.9714, Val: 0.8963, Test: 0.8941, Best time: 3.5824
After OOD adjustment: Training instances of last class: 0
After OOD adjustment: Testing instances of last class: 267
Epoch: 077, Runtime 0.241807, Loss 0.257827, forward nfe 0, backward nfe 0, Train: 0.9714, Val: 0.8963, Test: 0.8941, Best time: 3.5824
After OOD adjustment: Training instances of last class: 0
After OOD adjustment: Testing instances of last class: 267
Epoch: 078, Runtime 0.243683, Loss 0.254022, forward nfe 0, backward nfe 0, Train: 0.9714, Val: 0.8963, Test: 0.8941, Best time: 3.5824
After OOD adjustment: Training instances of last class: 0
After OOD adjustment: Testing instances of last class: 267
Epoch: 079, Runtime 0.337504, Loss 0.250311, forward nfe 0, backward nfe 0, Train: 0.9714, Val: 0.8970, Test: 0.8951, Best time: 3.5824
After OOD adjustment: Training instances of last class: 0
After OOD adjustment: Testing instances of last class: 267
Epoch: 080, Runtime 0.241698, Loss 0.246691, forward nfe 0, backward nfe 0, Train: 0.9714, Val: 0.8970, Test: 0.8951, Best time: 3.5824
After OOD adjustment: Training instances of last class: 0
After OOD adjustment: Testing instances of last class: 267
Epoch: 081, Runtime 0.242758, Loss 0.243160, forward nfe 0, backward nfe 0, Train: 0.9714, Val: 0.8970, Test: 0.8951, Best time: 3.5824
After OOD adjustment: Training instances of last class: 0
After OOD adjustment: Testing instances of last class: 267
Epoch: 082, Runtime 0.245662, Loss 0.239717, forward nfe 0, backward nfe 0, Train: 0.9714, Val: 0.8970, Test: 0.8951, Best time: 3.5824
After OOD adjustment: Training instances of last class: 0
After OOD adjustment: Testing instances of last class: 267
Epoch: 083, Runtime 0.241652, Loss 0.236360, forward nfe 0, backward nfe 0, Train: 0.9714, Val: 0.8970, Test: 0.8951, Best time: 3.5824
After OOD adjustment: Training instances of last class: 0
After OOD adjustment: Testing instances of last class: 267
Epoch: 084, Runtime 0.244536, Loss 0.233086, forward nfe 0, backward nfe 0, Train: 0.9714, Val: 0.8970, Test: 0.8951, Best time: 3.5824
After OOD adjustment: Training instances of last class: 0
After OOD adjustment: Testing instances of last class: 267
Epoch: 085, Runtime 0.247374, Loss 0.229890, forward nfe 0, backward nfe 0, Train: 0.9714, Val: 0.8970, Test: 0.8951, Best time: 3.5824
After OOD adjustment: Training instances of last class: 0
After OOD adjustment: Testing instances of last class: 267
Epoch: 086, Runtime 0.241973, Loss 0.226770, forward nfe 0, backward nfe 0, Train: 0.9714, Val: 0.8970, Test: 0.8951, Best time: 3.5824
After OOD adjustment: Training instances of last class: 0
After OOD adjustment: Testing instances of last class: 267
Epoch: 087, Runtime 0.241980, Loss 0.223723, forward nfe 0, backward nfe 0, Train: 0.9714, Val: 0.8970, Test: 0.8951, Best time: 3.5824
After OOD adjustment: Training instances of last class: 0
After OOD adjustment: Testing instances of last class: 267
Epoch: 088, Runtime 0.241189, Loss 0.220746, forward nfe 0, backward nfe 0, Train: 0.9714, Val: 0.8970, Test: 0.8951, Best time: 3.5824
After OOD adjustment: Training instances of last class: 0
After OOD adjustment: Testing instances of last class: 267
Epoch: 089, Runtime 0.242632, Loss 0.217837, forward nfe 0, backward nfe 0, Train: 0.9714, Val: 0.8970, Test: 0.8951, Best time: 3.5824
After OOD adjustment: Training instances of last class: 0
After OOD adjustment: Testing instances of last class: 267
Epoch: 090, Runtime 0.245802, Loss 0.214993, forward nfe 0, backward nfe 0, Train: 0.9714, Val: 0.8970, Test: 0.8951, Best time: 3.5824
After OOD adjustment: Training instances of last class: 0
After OOD adjustment: Testing instances of last class: 267
Epoch: 091, Runtime 0.241487, Loss 0.212214, forward nfe 0, backward nfe 0, Train: 0.9714, Val: 0.8970, Test: 0.8951, Best time: 3.5824
After OOD adjustment: Training instances of last class: 0
After OOD adjustment: Testing instances of last class: 267
Epoch: 092, Runtime 0.241216, Loss 0.209498, forward nfe 0, backward nfe 0, Train: 0.9714, Val: 0.8970, Test: 0.8951, Best time: 3.5824
After OOD adjustment: Training instances of last class: 0
After OOD adjustment: Testing instances of last class: 267
Epoch: 093, Runtime 0.247966, Loss 0.206843, forward nfe 0, backward nfe 0, Train: 0.9714, Val: 0.8970, Test: 0.8951, Best time: 3.5824
After OOD adjustment: Training instances of last class: 0
After OOD adjustment: Testing instances of last class: 267
Epoch: 094, Runtime 0.242144, Loss 0.204246, forward nfe 0, backward nfe 0, Train: 0.9714, Val: 0.8970, Test: 0.8951, Best time: 3.5824
After OOD adjustment: Training instances of last class: 0
After OOD adjustment: Testing instances of last class: 267
Epoch: 095, Runtime 0.240886, Loss 0.201705, forward nfe 0, backward nfe 0, Train: 0.9714, Val: 0.8970, Test: 0.8951, Best time: 3.5824
After OOD adjustment: Training instances of last class: 0
After OOD adjustment: Testing instances of last class: 267
Epoch: 096, Runtime 0.242335, Loss 0.199219, forward nfe 0, backward nfe 0, Train: 0.9714, Val: 0.8970, Test: 0.8951, Best time: 3.5824
After OOD adjustment: Training instances of last class: 0
After OOD adjustment: Testing instances of last class: 267
Epoch: 097, Runtime 0.350976, Loss 0.196787, forward nfe 0, backward nfe 0, Train: 0.9857, Val: 0.8978, Test: 0.8968, Best time: 3.5824
After OOD adjustment: Training instances of last class: 0
After OOD adjustment: Testing instances of last class: 267
Epoch: 098, Runtime 0.241564, Loss 0.194406, forward nfe 0, backward nfe 0, Train: 0.9857, Val: 0.8978, Test: 0.8968, Best time: 3.5824
After OOD adjustment: Training instances of last class: 0
After OOD adjustment: Testing instances of last class: 267
Epoch: 099, Runtime 0.241914, Loss 0.192075, forward nfe 0, backward nfe 0, Train: 0.9857, Val: 0.8978, Test: 0.8968, Best time: 3.5824
best val accuracy 0.897761 with test accuracy 0.896776 at epoch 97 and best time 3.582403
base_directory resutls_prob/OOD_Photo
new_name:  gnn_ODD
file_path 1 resutls_prob/OOD_Photo/gnn_ODD_prediction_probabilities_72.npz
file_path 2 resutls_prob/OOD_Photo/gnn_ODD_prediction_probabilities_72.npz
Entropy Threshold: inf Test accuracy: 0.8967763487556372
Entropy Threshold: 2 Test accuracy: 0.8967763487556372
Entropy Threshold: 1.6 Test accuracy: 0.9112875388332758
Entropy Threshold: 1.5 Test accuracy: 0.9200496365892572
Entropy Threshold: 1.4 Test accuracy: 0.929394549112859
Entropy Threshold: 1.3 Test accuracy: 0.9370391378332388
Entropy Threshold: 1.2 Test accuracy: 0.9480134413915794
Entropy Threshold: 1.1 Test accuracy: 0.9533485382541986
Entropy Threshold: 0.9 Test accuracy: 0.9632539865957939
Entropy Threshold: 0.8 Test accuracy: 0.9684418145956607
Entropy Threshold: 0.7 Test accuracy: 0.9730018711574445
Entropy Threshold: 0.6 Test accuracy: 0.9788297559541311
Entropy Threshold: 0.5 Test accuracy: 0.9814814814814815
Entropy Threshold: 0.4 Test accuracy: 0.9845738526802931
Entropy Threshold: 0.3 Test accuracy: 0.9881908360888049
Entropy Threshold: 0.2 Test accuracy: 0.9881026925485284
Entropy Threshold: 0.1 Test accuracy: 0.9926238145416227
