[KeOps] Warning : cuda was detected, but driver API could not be initialized. Switching to cpu only.
Folder already exists: results/cora
experiment: 0
Dataset size (num_nodes): 2485, Intended development set size (num_development): 1500
Dataset size (num_nodes): 2485, Actual development set size (num_development): 1500
rations: train 140, val 1360, test 985
Before OOD adjustment: Total instances of last class: 131
Before OOD adjustment: Training instances of last class: 20
Before OOD adjustment: Testing instances of last class: 55
Before OOD adjustment: Val instances of last class: 56
total train + val+ test 131
After OOD adjustment: Training instances of last class: 0
After OOD adjustment: Testing instances of last class: 55
Total number of classes: 7
number of classes to train: 6
Dataset size (num_nodes): 2485, Intended development set size (num_development): 1500
Dataset size (num_nodes): 2485, Actual development set size (num_development): 1500
rations: train 140, val 1360, test 985
within set_train_val_test_split function!
Before OOD adjustment: Total instances of last class: 131
Before OOD adjustment: Training instances of last class: 20
Before OOD adjustment: Testing instances of last class: 60
Before OOD adjustment: Val instances of last class: 51
total train + val+ test 131
After OOD adjustment: Training instances of last class: 0
After OOD adjustment: Testing instances of last class: 60
MyGCN2(
  (conv1): GCNConv(1433, 80)
  (conv4): GCNConv(80, 6)
)
conv1.bias
torch.Size([80])
conv1.lin.weight
torch.Size([80, 1433])
conv4.bias
torch.Size([6])
conv4.lin.weight
torch.Size([6, 80])
After OOD adjustment: Training instances of last class: 0
After OOD adjustment: Testing instances of last class: 60
Epoch: 001, Runtime 0.040234, Loss 1.800157, forward nfe 0, backward nfe 0, Train: 0.3333, Val: 0.2985, Test: 0.2883, Best time: 18.2948
After OOD adjustment: Training instances of last class: 0
After OOD adjustment: Testing instances of last class: 60
Epoch: 002, Runtime 0.130803, Loss 1.741208, forward nfe 0, backward nfe 0, Train: 0.6083, Val: 0.4162, Test: 0.4335, Best time: 18.2948
After OOD adjustment: Training instances of last class: 0
After OOD adjustment: Testing instances of last class: 60
Epoch: 003, Runtime 0.115501, Loss 1.683367, forward nfe 0, backward nfe 0, Train: 0.7500, Val: 0.5243, Test: 0.5208, Best time: 18.2948
After OOD adjustment: Training instances of last class: 0
After OOD adjustment: Testing instances of last class: 60
Epoch: 004, Runtime 0.116854, Loss 1.626547, forward nfe 0, backward nfe 0, Train: 0.8417, Val: 0.5779, Test: 0.5949, Best time: 18.2948
After OOD adjustment: Training instances of last class: 0
After OOD adjustment: Testing instances of last class: 60
Epoch: 005, Runtime 0.115871, Loss 1.570679, forward nfe 0, backward nfe 0, Train: 0.8917, Val: 0.6243, Test: 0.6396, Best time: 18.2948
After OOD adjustment: Training instances of last class: 0
After OOD adjustment: Testing instances of last class: 60
Epoch: 006, Runtime 0.115316, Loss 1.515725, forward nfe 0, backward nfe 0, Train: 0.9167, Val: 0.6618, Test: 0.6660, Best time: 18.2948
After OOD adjustment: Training instances of last class: 0
After OOD adjustment: Testing instances of last class: 60
Epoch: 007, Runtime 0.114632, Loss 1.461670, forward nfe 0, backward nfe 0, Train: 0.9417, Val: 0.6846, Test: 0.6893, Best time: 18.2948
After OOD adjustment: Training instances of last class: 0
After OOD adjustment: Testing instances of last class: 60
Epoch: 008, Runtime 0.117932, Loss 1.408519, forward nfe 0, backward nfe 0, Train: 0.9500, Val: 0.7051, Test: 0.7107, Best time: 18.2948
After OOD adjustment: Training instances of last class: 0
After OOD adjustment: Testing instances of last class: 60
Epoch: 009, Runtime 0.116175, Loss 1.356291, forward nfe 0, backward nfe 0, Train: 0.9500, Val: 0.7154, Test: 0.7218, Best time: 18.2948
After OOD adjustment: Training instances of last class: 0
After OOD adjustment: Testing instances of last class: 60
Epoch: 010, Runtime 0.115955, Loss 1.305020, forward nfe 0, backward nfe 0, Train: 0.9583, Val: 0.7250, Test: 0.7330, Best time: 18.2948
After OOD adjustment: Training instances of last class: 0
After OOD adjustment: Testing instances of last class: 60
Epoch: 011, Runtime 0.115901, Loss 1.254751, forward nfe 0, backward nfe 0, Train: 0.9583, Val: 0.7346, Test: 0.7371, Best time: 18.2948
After OOD adjustment: Training instances of last class: 0
After OOD adjustment: Testing instances of last class: 60
Epoch: 012, Runtime 0.115694, Loss 1.205532, forward nfe 0, backward nfe 0, Train: 0.9583, Val: 0.7404, Test: 0.7421, Best time: 18.2948
After OOD adjustment: Training instances of last class: 0
After OOD adjustment: Testing instances of last class: 60
Epoch: 013, Runtime 0.114702, Loss 1.157414, forward nfe 0, backward nfe 0, Train: 0.9583, Val: 0.7434, Test: 0.7472, Best time: 18.2948
After OOD adjustment: Training instances of last class: 0
After OOD adjustment: Testing instances of last class: 60
Epoch: 014, Runtime 0.115559, Loss 1.110447, forward nfe 0, backward nfe 0, Train: 0.9667, Val: 0.7485, Test: 0.7543, Best time: 18.2948
After OOD adjustment: Training instances of last class: 0
After OOD adjustment: Testing instances of last class: 60
Epoch: 015, Runtime 0.127080, Loss 1.064682, forward nfe 0, backward nfe 0, Train: 0.9667, Val: 0.7515, Test: 0.7604, Best time: 18.2948
After OOD adjustment: Training instances of last class: 0
After OOD adjustment: Testing instances of last class: 60
Epoch: 016, Runtime 0.115439, Loss 1.020162, forward nfe 0, backward nfe 0, Train: 0.9667, Val: 0.7537, Test: 0.7675, Best time: 18.2948
After OOD adjustment: Training instances of last class: 0
After OOD adjustment: Testing instances of last class: 60
Epoch: 017, Runtime 0.115712, Loss 0.976928, forward nfe 0, backward nfe 0, Train: 0.9667, Val: 0.7574, Test: 0.7645, Best time: 18.2948
After OOD adjustment: Training instances of last class: 0
After OOD adjustment: Testing instances of last class: 60
Epoch: 018, Runtime 0.116026, Loss 0.935015, forward nfe 0, backward nfe 0, Train: 0.9667, Val: 0.7610, Test: 0.7695, Best time: 18.2948
After OOD adjustment: Training instances of last class: 0
After OOD adjustment: Testing instances of last class: 60
Epoch: 019, Runtime 0.115617, Loss 0.894451, forward nfe 0, backward nfe 0, Train: 0.9667, Val: 0.7647, Test: 0.7706, Best time: 18.2948
After OOD adjustment: Training instances of last class: 0
After OOD adjustment: Testing instances of last class: 60
Epoch: 020, Runtime 0.116304, Loss 0.855255, forward nfe 0, backward nfe 0, Train: 0.9667, Val: 0.7669, Test: 0.7716, Best time: 18.2948
After OOD adjustment: Training instances of last class: 0
After OOD adjustment: Testing instances of last class: 60
Epoch: 021, Runtime 0.115539, Loss 0.817444, forward nfe 0, backward nfe 0, Train: 0.9667, Val: 0.7684, Test: 0.7716, Best time: 18.2948
After OOD adjustment: Training instances of last class: 0
After OOD adjustment: Testing instances of last class: 60
Epoch: 022, Runtime 0.115711, Loss 0.781022, forward nfe 0, backward nfe 0, Train: 0.9667, Val: 0.7713, Test: 0.7746, Best time: 18.2948
After OOD adjustment: Training instances of last class: 0
After OOD adjustment: Testing instances of last class: 60
Epoch: 023, Runtime 0.119244, Loss 0.745990, forward nfe 0, backward nfe 0, Train: 0.9667, Val: 0.7728, Test: 0.7726, Best time: 18.2948
After OOD adjustment: Training instances of last class: 0
After OOD adjustment: Testing instances of last class: 60
Epoch: 024, Runtime 0.114986, Loss 0.712340, forward nfe 0, backward nfe 0, Train: 0.9750, Val: 0.7743, Test: 0.7726, Best time: 18.2948
After OOD adjustment: Training instances of last class: 0
After OOD adjustment: Testing instances of last class: 60
Epoch: 025, Runtime 0.027790, Loss 0.680061, forward nfe 0, backward nfe 0, Train: 0.9750, Val: 0.7743, Test: 0.7726, Best time: 18.2948
After OOD adjustment: Training instances of last class: 0
After OOD adjustment: Testing instances of last class: 60
Epoch: 026, Runtime 0.114225, Loss 0.649134, forward nfe 0, backward nfe 0, Train: 0.9750, Val: 0.7765, Test: 0.7736, Best time: 18.2948
After OOD adjustment: Training instances of last class: 0
After OOD adjustment: Testing instances of last class: 60
Epoch: 027, Runtime 0.115580, Loss 0.619536, forward nfe 0, backward nfe 0, Train: 0.9750, Val: 0.7772, Test: 0.7756, Best time: 18.2948
After OOD adjustment: Training instances of last class: 0
After OOD adjustment: Testing instances of last class: 60
Epoch: 028, Runtime 0.115011, Loss 0.591238, forward nfe 0, backward nfe 0, Train: 0.9833, Val: 0.7779, Test: 0.7746, Best time: 18.2948
After OOD adjustment: Training instances of last class: 0
After OOD adjustment: Testing instances of last class: 60
Epoch: 029, Runtime 0.115266, Loss 0.564211, forward nfe 0, backward nfe 0, Train: 0.9917, Val: 0.7801, Test: 0.7746, Best time: 18.2948
After OOD adjustment: Training instances of last class: 0
After OOD adjustment: Testing instances of last class: 60
Epoch: 030, Runtime 0.123436, Loss 0.538421, forward nfe 0, backward nfe 0, Train: 0.9917, Val: 0.7816, Test: 0.7777, Best time: 18.2948
After OOD adjustment: Training instances of last class: 0
After OOD adjustment: Testing instances of last class: 60
Epoch: 031, Runtime 0.114592, Loss 0.513831, forward nfe 0, backward nfe 0, Train: 0.9917, Val: 0.7824, Test: 0.7777, Best time: 18.2948
After OOD adjustment: Training instances of last class: 0
After OOD adjustment: Testing instances of last class: 60
Epoch: 032, Runtime 0.115729, Loss 0.490403, forward nfe 0, backward nfe 0, Train: 0.9917, Val: 0.7831, Test: 0.7787, Best time: 18.2948
After OOD adjustment: Training instances of last class: 0
After OOD adjustment: Testing instances of last class: 60
Epoch: 033, Runtime 0.132305, Loss 0.468097, forward nfe 0, backward nfe 0, Train: 0.9917, Val: 0.7846, Test: 0.7766, Best time: 18.2948
After OOD adjustment: Training instances of last class: 0
After OOD adjustment: Testing instances of last class: 60
Epoch: 034, Runtime 0.029490, Loss 0.446872, forward nfe 0, backward nfe 0, Train: 0.9917, Val: 0.7846, Test: 0.7766, Best time: 18.2948
After OOD adjustment: Training instances of last class: 0
After OOD adjustment: Testing instances of last class: 60
Epoch: 035, Runtime 0.028836, Loss 0.426688, forward nfe 0, backward nfe 0, Train: 0.9917, Val: 0.7846, Test: 0.7766, Best time: 18.2948
After OOD adjustment: Training instances of last class: 0
After OOD adjustment: Testing instances of last class: 60
Epoch: 036, Runtime 0.028975, Loss 0.407501, forward nfe 0, backward nfe 0, Train: 0.9917, Val: 0.7846, Test: 0.7766, Best time: 18.2948
After OOD adjustment: Training instances of last class: 0
After OOD adjustment: Testing instances of last class: 60
Epoch: 037, Runtime 0.120111, Loss 0.389272, forward nfe 0, backward nfe 0, Train: 0.9917, Val: 0.7860, Test: 0.7766, Best time: 18.2948
After OOD adjustment: Training instances of last class: 0
After OOD adjustment: Testing instances of last class: 60
Epoch: 038, Runtime 0.114940, Loss 0.371957, forward nfe 0, backward nfe 0, Train: 0.9917, Val: 0.7868, Test: 0.7766, Best time: 18.2948
After OOD adjustment: Training instances of last class: 0
After OOD adjustment: Testing instances of last class: 60
Epoch: 039, Runtime 0.027808, Loss 0.355517, forward nfe 0, backward nfe 0, Train: 0.9917, Val: 0.7868, Test: 0.7766, Best time: 18.2948
After OOD adjustment: Training instances of last class: 0
After OOD adjustment: Testing instances of last class: 60
Epoch: 040, Runtime 0.025744, Loss 0.339910, forward nfe 0, backward nfe 0, Train: 0.9917, Val: 0.7868, Test: 0.7766, Best time: 18.2948
After OOD adjustment: Training instances of last class: 0
After OOD adjustment: Testing instances of last class: 60
Epoch: 041, Runtime 0.025786, Loss 0.325098, forward nfe 0, backward nfe 0, Train: 0.9917, Val: 0.7868, Test: 0.7766, Best time: 18.2948
After OOD adjustment: Training instances of last class: 0
After OOD adjustment: Testing instances of last class: 60
Epoch: 042, Runtime 0.025090, Loss 0.311042, forward nfe 0, backward nfe 0, Train: 0.9917, Val: 0.7868, Test: 0.7766, Best time: 18.2948
After OOD adjustment: Training instances of last class: 0
After OOD adjustment: Testing instances of last class: 60
Epoch: 043, Runtime 0.024855, Loss 0.297705, forward nfe 0, backward nfe 0, Train: 0.9917, Val: 0.7868, Test: 0.7766, Best time: 18.2948
After OOD adjustment: Training instances of last class: 0
After OOD adjustment: Testing instances of last class: 60
Epoch: 044, Runtime 0.024349, Loss 0.285052, forward nfe 0, backward nfe 0, Train: 0.9917, Val: 0.7868, Test: 0.7766, Best time: 18.2948
After OOD adjustment: Training instances of last class: 0
After OOD adjustment: Testing instances of last class: 60
Epoch: 045, Runtime 0.127390, Loss 0.273047, forward nfe 0, backward nfe 0, Train: 0.9917, Val: 0.7875, Test: 0.7777, Best time: 18.2948
After OOD adjustment: Training instances of last class: 0
After OOD adjustment: Testing instances of last class: 60
Epoch: 046, Runtime 0.131947, Loss 0.261657, forward nfe 0, backward nfe 0, Train: 0.9917, Val: 0.7882, Test: 0.7787, Best time: 18.2948
After OOD adjustment: Training instances of last class: 0
After OOD adjustment: Testing instances of last class: 60
Epoch: 047, Runtime 0.029286, Loss 0.250851, forward nfe 0, backward nfe 0, Train: 0.9917, Val: 0.7882, Test: 0.7787, Best time: 18.2948
After OOD adjustment: Training instances of last class: 0
After OOD adjustment: Testing instances of last class: 60
Epoch: 048, Runtime 0.028803, Loss 0.240597, forward nfe 0, backward nfe 0, Train: 0.9917, Val: 0.7882, Test: 0.7787, Best time: 18.2948
After OOD adjustment: Training instances of last class: 0
After OOD adjustment: Testing instances of last class: 60
Epoch: 049, Runtime 0.115781, Loss 0.230868, forward nfe 0, backward nfe 0, Train: 0.9917, Val: 0.7890, Test: 0.7807, Best time: 18.2948
After OOD adjustment: Training instances of last class: 0
After OOD adjustment: Testing instances of last class: 60
Epoch: 050, Runtime 0.115024, Loss 0.221633, forward nfe 0, backward nfe 0, Train: 0.9917, Val: 0.7904, Test: 0.7807, Best time: 18.2948
After OOD adjustment: Training instances of last class: 0
After OOD adjustment: Testing instances of last class: 60
Epoch: 051, Runtime 0.027868, Loss 0.212868, forward nfe 0, backward nfe 0, Train: 0.9917, Val: 0.7904, Test: 0.7807, Best time: 18.2948
After OOD adjustment: Training instances of last class: 0
After OOD adjustment: Testing instances of last class: 60
Epoch: 052, Runtime 0.026275, Loss 0.204547, forward nfe 0, backward nfe 0, Train: 0.9917, Val: 0.7904, Test: 0.7807, Best time: 18.2948
After OOD adjustment: Training instances of last class: 0
After OOD adjustment: Testing instances of last class: 60
Epoch: 053, Runtime 0.026291, Loss 0.196646, forward nfe 0, backward nfe 0, Train: 0.9917, Val: 0.7904, Test: 0.7807, Best time: 18.2948
After OOD adjustment: Training instances of last class: 0
After OOD adjustment: Testing instances of last class: 60
Epoch: 054, Runtime 0.114236, Loss 0.189141, forward nfe 0, backward nfe 0, Train: 0.9917, Val: 0.7912, Test: 0.7838, Best time: 18.2948
After OOD adjustment: Training instances of last class: 0
After OOD adjustment: Testing instances of last class: 60
Epoch: 055, Runtime 0.115086, Loss 0.182011, forward nfe 0, backward nfe 0, Train: 0.9917, Val: 0.7919, Test: 0.7838, Best time: 18.2948
After OOD adjustment: Training instances of last class: 0
After OOD adjustment: Testing instances of last class: 60
Epoch: 056, Runtime 0.028224, Loss 0.175235, forward nfe 0, backward nfe 0, Train: 0.9917, Val: 0.7919, Test: 0.7838, Best time: 18.2948
After OOD adjustment: Training instances of last class: 0
After OOD adjustment: Testing instances of last class: 60
Epoch: 057, Runtime 0.114540, Loss 0.168794, forward nfe 0, backward nfe 0, Train: 0.9917, Val: 0.7926, Test: 0.7817, Best time: 18.2948
After OOD adjustment: Training instances of last class: 0
After OOD adjustment: Testing instances of last class: 60
Epoch: 058, Runtime 0.029656, Loss 0.162670, forward nfe 0, backward nfe 0, Train: 0.9917, Val: 0.7926, Test: 0.7817, Best time: 18.2948
After OOD adjustment: Training instances of last class: 0
After OOD adjustment: Testing instances of last class: 60
Epoch: 059, Runtime 0.026340, Loss 0.156844, forward nfe 0, backward nfe 0, Train: 0.9917, Val: 0.7926, Test: 0.7817, Best time: 18.2948
After OOD adjustment: Training instances of last class: 0
After OOD adjustment: Testing instances of last class: 60
Epoch: 060, Runtime 0.026084, Loss 0.151300, forward nfe 0, backward nfe 0, Train: 0.9917, Val: 0.7926, Test: 0.7817, Best time: 18.2948
After OOD adjustment: Training instances of last class: 0
After OOD adjustment: Testing instances of last class: 60
Epoch: 061, Runtime 0.026047, Loss 0.146023, forward nfe 0, backward nfe 0, Train: 0.9917, Val: 0.7926, Test: 0.7817, Best time: 18.2948
After OOD adjustment: Training instances of last class: 0
After OOD adjustment: Testing instances of last class: 60
Epoch: 062, Runtime 0.026131, Loss 0.140998, forward nfe 0, backward nfe 0, Train: 0.9917, Val: 0.7926, Test: 0.7817, Best time: 18.2948
After OOD adjustment: Training instances of last class: 0
After OOD adjustment: Testing instances of last class: 60
Epoch: 063, Runtime 0.026046, Loss 0.136211, forward nfe 0, backward nfe 0, Train: 0.9917, Val: 0.7926, Test: 0.7817, Best time: 18.2948
After OOD adjustment: Training instances of last class: 0
After OOD adjustment: Testing instances of last class: 60
Epoch: 064, Runtime 0.026025, Loss 0.131648, forward nfe 0, backward nfe 0, Train: 0.9917, Val: 0.7926, Test: 0.7817, Best time: 18.2948
After OOD adjustment: Training instances of last class: 0
After OOD adjustment: Testing instances of last class: 60
Epoch: 065, Runtime 0.026499, Loss 0.127298, forward nfe 0, backward nfe 0, Train: 0.9917, Val: 0.7926, Test: 0.7817, Best time: 18.2948
After OOD adjustment: Training instances of last class: 0
After OOD adjustment: Testing instances of last class: 60
Epoch: 066, Runtime 0.026053, Loss 0.123149, forward nfe 0, backward nfe 0, Train: 0.9917, Val: 0.7926, Test: 0.7817, Best time: 18.2948
After OOD adjustment: Training instances of last class: 0
After OOD adjustment: Testing instances of last class: 60
Epoch: 067, Runtime 0.026144, Loss 0.119188, forward nfe 0, backward nfe 0, Train: 0.9917, Val: 0.7926, Test: 0.7817, Best time: 18.2948
After OOD adjustment: Training instances of last class: 0
After OOD adjustment: Testing instances of last class: 60
Epoch: 068, Runtime 0.026071, Loss 0.115408, forward nfe 0, backward nfe 0, Train: 0.9917, Val: 0.7926, Test: 0.7817, Best time: 18.2948
After OOD adjustment: Training instances of last class: 0
After OOD adjustment: Testing instances of last class: 60
Epoch: 069, Runtime 0.025988, Loss 0.111796, forward nfe 0, backward nfe 0, Train: 0.9917, Val: 0.7926, Test: 0.7817, Best time: 18.2948
After OOD adjustment: Training instances of last class: 0
After OOD adjustment: Testing instances of last class: 60
Epoch: 070, Runtime 0.026046, Loss 0.108345, forward nfe 0, backward nfe 0, Train: 0.9917, Val: 0.7926, Test: 0.7817, Best time: 18.2948
After OOD adjustment: Training instances of last class: 0
After OOD adjustment: Testing instances of last class: 60
Epoch: 071, Runtime 0.026062, Loss 0.105045, forward nfe 0, backward nfe 0, Train: 0.9917, Val: 0.7926, Test: 0.7817, Best time: 18.2948
After OOD adjustment: Training instances of last class: 0
After OOD adjustment: Testing instances of last class: 60
Epoch: 072, Runtime 0.026046, Loss 0.101888, forward nfe 0, backward nfe 0, Train: 0.9917, Val: 0.7926, Test: 0.7817, Best time: 18.2948
After OOD adjustment: Training instances of last class: 0
After OOD adjustment: Testing instances of last class: 60
Epoch: 073, Runtime 0.026017, Loss 0.098867, forward nfe 0, backward nfe 0, Train: 0.9917, Val: 0.7926, Test: 0.7817, Best time: 18.2948
After OOD adjustment: Training instances of last class: 0
After OOD adjustment: Testing instances of last class: 60
Epoch: 074, Runtime 0.026149, Loss 0.095975, forward nfe 0, backward nfe 0, Train: 0.9917, Val: 0.7926, Test: 0.7817, Best time: 18.2948
After OOD adjustment: Training instances of last class: 0
After OOD adjustment: Testing instances of last class: 60
Epoch: 075, Runtime 0.026025, Loss 0.093204, forward nfe 0, backward nfe 0, Train: 0.9917, Val: 0.7926, Test: 0.7817, Best time: 18.2948
After OOD adjustment: Training instances of last class: 0
After OOD adjustment: Testing instances of last class: 60
Epoch: 076, Runtime 0.025985, Loss 0.090548, forward nfe 0, backward nfe 0, Train: 0.9917, Val: 0.7926, Test: 0.7817, Best time: 18.2948
After OOD adjustment: Training instances of last class: 0
After OOD adjustment: Testing instances of last class: 60
Epoch: 077, Runtime 0.026056, Loss 0.088002, forward nfe 0, backward nfe 0, Train: 0.9917, Val: 0.7926, Test: 0.7817, Best time: 18.2948
After OOD adjustment: Training instances of last class: 0
After OOD adjustment: Testing instances of last class: 60
Epoch: 078, Runtime 0.025929, Loss 0.085559, forward nfe 0, backward nfe 0, Train: 0.9917, Val: 0.7926, Test: 0.7817, Best time: 18.2948
After OOD adjustment: Training instances of last class: 0
After OOD adjustment: Testing instances of last class: 60
Epoch: 079, Runtime 0.026223, Loss 0.083214, forward nfe 0, backward nfe 0, Train: 0.9917, Val: 0.7926, Test: 0.7817, Best time: 18.2948
After OOD adjustment: Training instances of last class: 0
After OOD adjustment: Testing instances of last class: 60
Epoch: 080, Runtime 0.026079, Loss 0.080963, forward nfe 0, backward nfe 0, Train: 0.9917, Val: 0.7926, Test: 0.7817, Best time: 18.2948
After OOD adjustment: Training instances of last class: 0
After OOD adjustment: Testing instances of last class: 60
Epoch: 081, Runtime 0.026088, Loss 0.078800, forward nfe 0, backward nfe 0, Train: 0.9917, Val: 0.7926, Test: 0.7817, Best time: 18.2948
After OOD adjustment: Training instances of last class: 0
After OOD adjustment: Testing instances of last class: 60
Epoch: 082, Runtime 0.026078, Loss 0.076721, forward nfe 0, backward nfe 0, Train: 0.9917, Val: 0.7926, Test: 0.7817, Best time: 18.2948
After OOD adjustment: Training instances of last class: 0
After OOD adjustment: Testing instances of last class: 60
Epoch: 083, Runtime 0.026035, Loss 0.074723, forward nfe 0, backward nfe 0, Train: 0.9917, Val: 0.7926, Test: 0.7817, Best time: 18.2948
After OOD adjustment: Training instances of last class: 0
After OOD adjustment: Testing instances of last class: 60
Epoch: 084, Runtime 0.025905, Loss 0.072800, forward nfe 0, backward nfe 0, Train: 0.9917, Val: 0.7926, Test: 0.7817, Best time: 18.2948
After OOD adjustment: Training instances of last class: 0
After OOD adjustment: Testing instances of last class: 60
Epoch: 085, Runtime 0.026120, Loss 0.070950, forward nfe 0, backward nfe 0, Train: 0.9917, Val: 0.7926, Test: 0.7817, Best time: 18.2948
After OOD adjustment: Training instances of last class: 0
After OOD adjustment: Testing instances of last class: 60
Epoch: 086, Runtime 0.025925, Loss 0.069168, forward nfe 0, backward nfe 0, Train: 0.9917, Val: 0.7926, Test: 0.7817, Best time: 18.2948
After OOD adjustment: Training instances of last class: 0
After OOD adjustment: Testing instances of last class: 60
Epoch: 087, Runtime 0.026342, Loss 0.067453, forward nfe 0, backward nfe 0, Train: 0.9917, Val: 0.7926, Test: 0.7817, Best time: 18.2948
After OOD adjustment: Training instances of last class: 0
After OOD adjustment: Testing instances of last class: 60
Epoch: 088, Runtime 0.026010, Loss 0.065800, forward nfe 0, backward nfe 0, Train: 0.9917, Val: 0.7926, Test: 0.7817, Best time: 18.2948
After OOD adjustment: Training instances of last class: 0
After OOD adjustment: Testing instances of last class: 60
Epoch: 089, Runtime 0.025946, Loss 0.064206, forward nfe 0, backward nfe 0, Train: 0.9917, Val: 0.7926, Test: 0.7817, Best time: 18.2948
After OOD adjustment: Training instances of last class: 0
After OOD adjustment: Testing instances of last class: 60
Epoch: 090, Runtime 0.026176, Loss 0.062669, forward nfe 0, backward nfe 0, Train: 0.9917, Val: 0.7926, Test: 0.7817, Best time: 18.2948
After OOD adjustment: Training instances of last class: 0
After OOD adjustment: Testing instances of last class: 60
Epoch: 091, Runtime 0.026032, Loss 0.061187, forward nfe 0, backward nfe 0, Train: 0.9917, Val: 0.7926, Test: 0.7817, Best time: 18.2948
After OOD adjustment: Training instances of last class: 0
After OOD adjustment: Testing instances of last class: 60
Epoch: 092, Runtime 0.026054, Loss 0.059756, forward nfe 0, backward nfe 0, Train: 0.9917, Val: 0.7926, Test: 0.7817, Best time: 18.2948
After OOD adjustment: Training instances of last class: 0
After OOD adjustment: Testing instances of last class: 60
Epoch: 093, Runtime 0.026016, Loss 0.058375, forward nfe 0, backward nfe 0, Train: 0.9917, Val: 0.7926, Test: 0.7817, Best time: 18.2948
After OOD adjustment: Training instances of last class: 0
After OOD adjustment: Testing instances of last class: 60
Epoch: 094, Runtime 0.025508, Loss 0.057041, forward nfe 0, backward nfe 0, Train: 0.9917, Val: 0.7926, Test: 0.7817, Best time: 18.2948
After OOD adjustment: Training instances of last class: 0
After OOD adjustment: Testing instances of last class: 60
Epoch: 095, Runtime 0.026001, Loss 0.055752, forward nfe 0, backward nfe 0, Train: 0.9917, Val: 0.7926, Test: 0.7817, Best time: 18.2948
After OOD adjustment: Training instances of last class: 0
After OOD adjustment: Testing instances of last class: 60
Epoch: 096, Runtime 0.025977, Loss 0.054507, forward nfe 0, backward nfe 0, Train: 0.9917, Val: 0.7926, Test: 0.7817, Best time: 18.2948
After OOD adjustment: Training instances of last class: 0
After OOD adjustment: Testing instances of last class: 60
Epoch: 097, Runtime 0.026005, Loss 0.053302, forward nfe 0, backward nfe 0, Train: 0.9917, Val: 0.7926, Test: 0.7817, Best time: 18.2948
After OOD adjustment: Training instances of last class: 0
After OOD adjustment: Testing instances of last class: 60
Epoch: 098, Runtime 0.025890, Loss 0.052138, forward nfe 0, backward nfe 0, Train: 0.9917, Val: 0.7926, Test: 0.7817, Best time: 18.2948
After OOD adjustment: Training instances of last class: 0
After OOD adjustment: Testing instances of last class: 60
Epoch: 099, Runtime 0.026014, Loss 0.051011, forward nfe 0, backward nfe 0, Train: 0.9917, Val: 0.7926, Test: 0.7817, Best time: 18.2948
best val accuracy 0.792647 with test accuracy 0.781726 at epoch 57 and best time 18.294754
base_directory resutls_prob/OOD_Cora
new_name:  gnn_ODD
file_path 1 resutls_prob/OOD_Cora/gnn_ODD_prediction_probabilities_59.npz
file_path 2 resutls_prob/OOD_Cora/gnn_ODD_prediction_probabilities_59.npz
Entropy Threshold: inf Test accuracy: 0.7817258883248731
Entropy Threshold: 2 Test accuracy: 0.7817258883248731
Entropy Threshold: 1.6 Test accuracy: 0.8252314814814815
Entropy Threshold: 1.5 Test accuracy: 0.8426527958387516
Entropy Threshold: 1.4 Test accuracy: 0.86608442503639
Entropy Threshold: 1.3 Test accuracy: 0.887987012987013
Entropy Threshold: 1.2 Test accuracy: 0.9149722735674677
Entropy Threshold: 1.1 Test accuracy: 0.9254385964912281
Entropy Threshold: 0.9 Test accuracy: 0.9380530973451328
Entropy Threshold: 0.8 Test accuracy: 0.9397163120567376
Entropy Threshold: 0.7 Test accuracy: 0.9458333333333333
Entropy Threshold: 0.6 Test accuracy: 0.9558823529411765
Entropy Threshold: 0.5 Test accuracy: 0.967741935483871
Entropy Threshold: 0.4 Test accuracy: 0.9615384615384616
Entropy Threshold: 0.3 Test accuracy: 0.9824561403508771
Entropy Threshold: 0.2 Test accuracy: 1.0
Entropy Threshold: 0.1 Test accuracy: 1.0
