[KeOps] Warning : cuda was detected, but driver API could not be initialized. Switching to cpu only.
Folder already exists: results/citeseer
experiment: 0
Dataset size (num_nodes): 2120, Intended development set size (num_development): 1500
Dataset size (num_nodes): 2120, Actual development set size (num_development): 1500
rations: train 120, val 1380, test 620
Before OOD adjustment: Total instances of last class: 304
Before OOD adjustment: Training instances of last class: 20
Before OOD adjustment: Testing instances of last class: 93
Before OOD adjustment: Val instances of last class: 191
total train + val+ test 304
After OOD adjustment: Training instances of last class: 0
After OOD adjustment: Testing instances of last class: 93
Total number of classes: 6
number of classes to train: 5
Dataset size (num_nodes): 2120, Intended development set size (num_development): 1500
Dataset size (num_nodes): 2120, Actual development set size (num_development): 1500
rations: train 120, val 1380, test 620
within set_train_val_test_split function!
Before OOD adjustment: Total instances of last class: 304
Before OOD adjustment: Training instances of last class: 20
Before OOD adjustment: Testing instances of last class: 87
Before OOD adjustment: Val instances of last class: 197
total train + val+ test 304
After OOD adjustment: Training instances of last class: 0
After OOD adjustment: Testing instances of last class: 87
MyGCN2(
  (conv1): GCNConv(3703, 80)
  (conv4): GCNConv(80, 5)
)
conv1.bias
torch.Size([80])
conv1.lin.weight
torch.Size([80, 3703])
conv4.bias
torch.Size([5])
conv4.lin.weight
torch.Size([5, 80])
After OOD adjustment: Training instances of last class: 0
After OOD adjustment: Testing instances of last class: 87
Epoch: 001, Runtime 0.058646, Loss 1.597342, forward nfe 0, backward nfe 0, Train: 0.7300, Val: 0.4601, Test: 0.4468, Best time: 7.8741
After OOD adjustment: Training instances of last class: 0
After OOD adjustment: Testing instances of last class: 87
Epoch: 002, Runtime 0.190949, Loss 1.478796, forward nfe 0, backward nfe 0, Train: 0.8900, Val: 0.5514, Test: 0.5516, Best time: 7.8741
After OOD adjustment: Training instances of last class: 0
After OOD adjustment: Testing instances of last class: 87
Epoch: 003, Runtime 0.169576, Loss 1.366068, forward nfe 0, backward nfe 0, Train: 0.9100, Val: 0.5848, Test: 0.5919, Best time: 7.8741
After OOD adjustment: Training instances of last class: 0
After OOD adjustment: Testing instances of last class: 87
Epoch: 004, Runtime 0.194864, Loss 1.259146, forward nfe 0, backward nfe 0, Train: 0.9300, Val: 0.5949, Test: 0.6177, Best time: 7.8741
After OOD adjustment: Training instances of last class: 0
After OOD adjustment: Testing instances of last class: 87
Epoch: 005, Runtime 0.200958, Loss 1.158148, forward nfe 0, backward nfe 0, Train: 0.9300, Val: 0.6014, Test: 0.6226, Best time: 7.8741
After OOD adjustment: Training instances of last class: 0
After OOD adjustment: Testing instances of last class: 87
Epoch: 006, Runtime 0.172418, Loss 1.063230, forward nfe 0, backward nfe 0, Train: 0.9300, Val: 0.6087, Test: 0.6242, Best time: 7.8741
After OOD adjustment: Training instances of last class: 0
After OOD adjustment: Testing instances of last class: 87
Epoch: 007, Runtime 0.172966, Loss 0.974516, forward nfe 0, backward nfe 0, Train: 0.9300, Val: 0.6159, Test: 0.6161, Best time: 7.8741
After OOD adjustment: Training instances of last class: 0
After OOD adjustment: Testing instances of last class: 87
Epoch: 008, Runtime 0.175334, Loss 0.892063, forward nfe 0, backward nfe 0, Train: 0.9300, Val: 0.6188, Test: 0.6177, Best time: 7.8741
After OOD adjustment: Training instances of last class: 0
After OOD adjustment: Testing instances of last class: 87
Epoch: 009, Runtime 0.172240, Loss 0.815836, forward nfe 0, backward nfe 0, Train: 0.9400, Val: 0.6203, Test: 0.6177, Best time: 7.8741
After OOD adjustment: Training instances of last class: 0
After OOD adjustment: Testing instances of last class: 87
Epoch: 010, Runtime 0.046963, Loss 0.745691, forward nfe 0, backward nfe 0, Train: 0.9400, Val: 0.6203, Test: 0.6177, Best time: 7.8741
After OOD adjustment: Training instances of last class: 0
After OOD adjustment: Testing instances of last class: 87
Epoch: 011, Runtime 0.044984, Loss 0.681398, forward nfe 0, backward nfe 0, Train: 0.9400, Val: 0.6203, Test: 0.6177, Best time: 7.8741
After OOD adjustment: Training instances of last class: 0
After OOD adjustment: Testing instances of last class: 87
Epoch: 012, Runtime 0.047113, Loss 0.622650, forward nfe 0, backward nfe 0, Train: 0.9400, Val: 0.6203, Test: 0.6177, Best time: 7.8741
After OOD adjustment: Training instances of last class: 0
After OOD adjustment: Testing instances of last class: 87
Epoch: 013, Runtime 0.048058, Loss 0.569099, forward nfe 0, backward nfe 0, Train: 0.9400, Val: 0.6203, Test: 0.6177, Best time: 7.8741
After OOD adjustment: Training instances of last class: 0
After OOD adjustment: Testing instances of last class: 87
Epoch: 014, Runtime 0.047653, Loss 0.520374, forward nfe 0, backward nfe 0, Train: 0.9400, Val: 0.6203, Test: 0.6177, Best time: 7.8741
After OOD adjustment: Training instances of last class: 0
After OOD adjustment: Testing instances of last class: 87
Epoch: 015, Runtime 0.047477, Loss 0.476099, forward nfe 0, backward nfe 0, Train: 0.9400, Val: 0.6203, Test: 0.6177, Best time: 7.8741
After OOD adjustment: Training instances of last class: 0
After OOD adjustment: Testing instances of last class: 87
Epoch: 016, Runtime 0.045420, Loss 0.435906, forward nfe 0, backward nfe 0, Train: 0.9400, Val: 0.6203, Test: 0.6177, Best time: 7.8741
After OOD adjustment: Training instances of last class: 0
After OOD adjustment: Testing instances of last class: 87
Epoch: 017, Runtime 0.044480, Loss 0.399441, forward nfe 0, backward nfe 0, Train: 0.9400, Val: 0.6203, Test: 0.6177, Best time: 7.8741
After OOD adjustment: Training instances of last class: 0
After OOD adjustment: Testing instances of last class: 87
Epoch: 018, Runtime 0.043586, Loss 0.366370, forward nfe 0, backward nfe 0, Train: 0.9400, Val: 0.6203, Test: 0.6177, Best time: 7.8741
After OOD adjustment: Training instances of last class: 0
After OOD adjustment: Testing instances of last class: 87
Epoch: 019, Runtime 0.047625, Loss 0.336378, forward nfe 0, backward nfe 0, Train: 0.9400, Val: 0.6203, Test: 0.6177, Best time: 7.8741
After OOD adjustment: Training instances of last class: 0
After OOD adjustment: Testing instances of last class: 87
Epoch: 020, Runtime 0.045454, Loss 0.309174, forward nfe 0, backward nfe 0, Train: 0.9400, Val: 0.6203, Test: 0.6177, Best time: 7.8741
After OOD adjustment: Training instances of last class: 0
After OOD adjustment: Testing instances of last class: 87
Epoch: 021, Runtime 0.044657, Loss 0.284487, forward nfe 0, backward nfe 0, Train: 0.9400, Val: 0.6203, Test: 0.6177, Best time: 7.8741
After OOD adjustment: Training instances of last class: 0
After OOD adjustment: Testing instances of last class: 87
Epoch: 022, Runtime 0.048823, Loss 0.262074, forward nfe 0, backward nfe 0, Train: 0.9400, Val: 0.6203, Test: 0.6177, Best time: 7.8741
After OOD adjustment: Training instances of last class: 0
After OOD adjustment: Testing instances of last class: 87
Epoch: 023, Runtime 0.049032, Loss 0.241711, forward nfe 0, backward nfe 0, Train: 0.9400, Val: 0.6203, Test: 0.6177, Best time: 7.8741
After OOD adjustment: Training instances of last class: 0
After OOD adjustment: Testing instances of last class: 87
Epoch: 024, Runtime 0.047933, Loss 0.223197, forward nfe 0, backward nfe 0, Train: 0.9400, Val: 0.6203, Test: 0.6177, Best time: 7.8741
After OOD adjustment: Training instances of last class: 0
After OOD adjustment: Testing instances of last class: 87
Epoch: 025, Runtime 0.046054, Loss 0.206352, forward nfe 0, backward nfe 0, Train: 0.9400, Val: 0.6203, Test: 0.6177, Best time: 7.8741
After OOD adjustment: Training instances of last class: 0
After OOD adjustment: Testing instances of last class: 87
Epoch: 026, Runtime 0.046212, Loss 0.191015, forward nfe 0, backward nfe 0, Train: 0.9400, Val: 0.6203, Test: 0.6177, Best time: 7.8741
After OOD adjustment: Training instances of last class: 0
After OOD adjustment: Testing instances of last class: 87
Epoch: 027, Runtime 0.046348, Loss 0.177041, forward nfe 0, backward nfe 0, Train: 0.9400, Val: 0.6203, Test: 0.6177, Best time: 7.8741
After OOD adjustment: Training instances of last class: 0
After OOD adjustment: Testing instances of last class: 87
Epoch: 028, Runtime 0.045405, Loss 0.164300, forward nfe 0, backward nfe 0, Train: 0.9400, Val: 0.6203, Test: 0.6177, Best time: 7.8741
After OOD adjustment: Training instances of last class: 0
After OOD adjustment: Testing instances of last class: 87
Epoch: 029, Runtime 0.045637, Loss 0.152676, forward nfe 0, backward nfe 0, Train: 0.9400, Val: 0.6203, Test: 0.6177, Best time: 7.8741
After OOD adjustment: Training instances of last class: 0
After OOD adjustment: Testing instances of last class: 87
Epoch: 030, Runtime 0.045758, Loss 0.142064, forward nfe 0, backward nfe 0, Train: 0.9400, Val: 0.6203, Test: 0.6177, Best time: 7.8741
After OOD adjustment: Training instances of last class: 0
After OOD adjustment: Testing instances of last class: 87
Epoch: 031, Runtime 0.045513, Loss 0.132368, forward nfe 0, backward nfe 0, Train: 0.9400, Val: 0.6203, Test: 0.6177, Best time: 7.8741
After OOD adjustment: Training instances of last class: 0
After OOD adjustment: Testing instances of last class: 87
Epoch: 032, Runtime 0.045704, Loss 0.123504, forward nfe 0, backward nfe 0, Train: 0.9400, Val: 0.6203, Test: 0.6177, Best time: 7.8741
After OOD adjustment: Training instances of last class: 0
After OOD adjustment: Testing instances of last class: 87
Epoch: 033, Runtime 0.045635, Loss 0.115393, forward nfe 0, backward nfe 0, Train: 0.9400, Val: 0.6203, Test: 0.6177, Best time: 7.8741
After OOD adjustment: Training instances of last class: 0
After OOD adjustment: Testing instances of last class: 87
Epoch: 034, Runtime 0.042988, Loss 0.107965, forward nfe 0, backward nfe 0, Train: 0.9400, Val: 0.6203, Test: 0.6177, Best time: 7.8741
After OOD adjustment: Training instances of last class: 0
After OOD adjustment: Testing instances of last class: 87
Epoch: 035, Runtime 0.045723, Loss 0.101156, forward nfe 0, backward nfe 0, Train: 0.9400, Val: 0.6203, Test: 0.6177, Best time: 7.8741
After OOD adjustment: Training instances of last class: 0
After OOD adjustment: Testing instances of last class: 87
Epoch: 036, Runtime 0.045799, Loss 0.094908, forward nfe 0, backward nfe 0, Train: 0.9400, Val: 0.6203, Test: 0.6177, Best time: 7.8741
After OOD adjustment: Training instances of last class: 0
After OOD adjustment: Testing instances of last class: 87
Epoch: 037, Runtime 0.042447, Loss 0.089169, forward nfe 0, backward nfe 0, Train: 0.9400, Val: 0.6203, Test: 0.6177, Best time: 7.8741
After OOD adjustment: Training instances of last class: 0
After OOD adjustment: Testing instances of last class: 87
Epoch: 038, Runtime 0.041931, Loss 0.083892, forward nfe 0, backward nfe 0, Train: 0.9400, Val: 0.6203, Test: 0.6177, Best time: 7.8741
After OOD adjustment: Training instances of last class: 0
After OOD adjustment: Testing instances of last class: 87
Epoch: 039, Runtime 0.046452, Loss 0.079033, forward nfe 0, backward nfe 0, Train: 0.9400, Val: 0.6203, Test: 0.6177, Best time: 7.8741
After OOD adjustment: Training instances of last class: 0
After OOD adjustment: Testing instances of last class: 87
Epoch: 040, Runtime 0.042910, Loss 0.074554, forward nfe 0, backward nfe 0, Train: 0.9400, Val: 0.6203, Test: 0.6177, Best time: 7.8741
After OOD adjustment: Training instances of last class: 0
After OOD adjustment: Testing instances of last class: 87
Epoch: 041, Runtime 0.045414, Loss 0.070422, forward nfe 0, backward nfe 0, Train: 0.9400, Val: 0.6203, Test: 0.6177, Best time: 7.8741
After OOD adjustment: Training instances of last class: 0
After OOD adjustment: Testing instances of last class: 87
Epoch: 042, Runtime 0.045191, Loss 0.066604, forward nfe 0, backward nfe 0, Train: 0.9400, Val: 0.6203, Test: 0.6177, Best time: 7.8741
After OOD adjustment: Training instances of last class: 0
After OOD adjustment: Testing instances of last class: 87
Epoch: 043, Runtime 0.044599, Loss 0.063073, forward nfe 0, backward nfe 0, Train: 0.9400, Val: 0.6203, Test: 0.6177, Best time: 7.8741
After OOD adjustment: Training instances of last class: 0
After OOD adjustment: Testing instances of last class: 87
Epoch: 044, Runtime 0.047679, Loss 0.059805, forward nfe 0, backward nfe 0, Train: 0.9400, Val: 0.6203, Test: 0.6177, Best time: 7.8741
After OOD adjustment: Training instances of last class: 0
After OOD adjustment: Testing instances of last class: 87
Epoch: 045, Runtime 0.047453, Loss 0.056776, forward nfe 0, backward nfe 0, Train: 0.9400, Val: 0.6203, Test: 0.6177, Best time: 7.8741
After OOD adjustment: Training instances of last class: 0
After OOD adjustment: Testing instances of last class: 87
Epoch: 046, Runtime 0.044976, Loss 0.053967, forward nfe 0, backward nfe 0, Train: 0.9400, Val: 0.6203, Test: 0.6177, Best time: 7.8741
After OOD adjustment: Training instances of last class: 0
After OOD adjustment: Testing instances of last class: 87
Epoch: 047, Runtime 0.047349, Loss 0.051359, forward nfe 0, backward nfe 0, Train: 0.9400, Val: 0.6203, Test: 0.6177, Best time: 7.8741
After OOD adjustment: Training instances of last class: 0
After OOD adjustment: Testing instances of last class: 87
Epoch: 048, Runtime 0.047667, Loss 0.048936, forward nfe 0, backward nfe 0, Train: 0.9400, Val: 0.6203, Test: 0.6177, Best time: 7.8741
After OOD adjustment: Training instances of last class: 0
After OOD adjustment: Testing instances of last class: 87
Epoch: 049, Runtime 0.046919, Loss 0.046681, forward nfe 0, backward nfe 0, Train: 0.9400, Val: 0.6203, Test: 0.6177, Best time: 7.8741
After OOD adjustment: Training instances of last class: 0
After OOD adjustment: Testing instances of last class: 87
Epoch: 050, Runtime 0.046679, Loss 0.044583, forward nfe 0, backward nfe 0, Train: 0.9400, Val: 0.6203, Test: 0.6177, Best time: 7.8741
After OOD adjustment: Training instances of last class: 0
After OOD adjustment: Testing instances of last class: 87
Epoch: 051, Runtime 0.044724, Loss 0.042628, forward nfe 0, backward nfe 0, Train: 0.9400, Val: 0.6203, Test: 0.6177, Best time: 7.8741
After OOD adjustment: Training instances of last class: 0
After OOD adjustment: Testing instances of last class: 87
Epoch: 052, Runtime 0.042322, Loss 0.040804, forward nfe 0, backward nfe 0, Train: 0.9400, Val: 0.6203, Test: 0.6177, Best time: 7.8741
After OOD adjustment: Training instances of last class: 0
After OOD adjustment: Testing instances of last class: 87
Epoch: 053, Runtime 0.045725, Loss 0.039101, forward nfe 0, backward nfe 0, Train: 0.9400, Val: 0.6203, Test: 0.6177, Best time: 7.8741
After OOD adjustment: Training instances of last class: 0
After OOD adjustment: Testing instances of last class: 87
Epoch: 054, Runtime 0.045661, Loss 0.037510, forward nfe 0, backward nfe 0, Train: 0.9400, Val: 0.6203, Test: 0.6177, Best time: 7.8741
After OOD adjustment: Training instances of last class: 0
After OOD adjustment: Testing instances of last class: 87
Epoch: 055, Runtime 0.045638, Loss 0.036021, forward nfe 0, backward nfe 0, Train: 0.9400, Val: 0.6203, Test: 0.6177, Best time: 7.8741
After OOD adjustment: Training instances of last class: 0
After OOD adjustment: Testing instances of last class: 87
Epoch: 056, Runtime 0.045328, Loss 0.034627, forward nfe 0, backward nfe 0, Train: 0.9400, Val: 0.6203, Test: 0.6177, Best time: 7.8741
After OOD adjustment: Training instances of last class: 0
After OOD adjustment: Testing instances of last class: 87
Epoch: 057, Runtime 0.043071, Loss 0.033319, forward nfe 0, backward nfe 0, Train: 0.9400, Val: 0.6203, Test: 0.6177, Best time: 7.8741
After OOD adjustment: Training instances of last class: 0
After OOD adjustment: Testing instances of last class: 87
Epoch: 058, Runtime 0.042682, Loss 0.032092, forward nfe 0, backward nfe 0, Train: 0.9400, Val: 0.6203, Test: 0.6177, Best time: 7.8741
After OOD adjustment: Training instances of last class: 0
After OOD adjustment: Testing instances of last class: 87
Epoch: 059, Runtime 0.046470, Loss 0.030938, forward nfe 0, backward nfe 0, Train: 0.9400, Val: 0.6203, Test: 0.6177, Best time: 7.8741
After OOD adjustment: Training instances of last class: 0
After OOD adjustment: Testing instances of last class: 87
Epoch: 060, Runtime 0.045968, Loss 0.029853, forward nfe 0, backward nfe 0, Train: 0.9400, Val: 0.6203, Test: 0.6177, Best time: 7.8741
After OOD adjustment: Training instances of last class: 0
After OOD adjustment: Testing instances of last class: 87
Epoch: 061, Runtime 0.046867, Loss 0.028831, forward nfe 0, backward nfe 0, Train: 0.9400, Val: 0.6203, Test: 0.6177, Best time: 7.8741
After OOD adjustment: Training instances of last class: 0
After OOD adjustment: Testing instances of last class: 87
Epoch: 062, Runtime 0.047327, Loss 0.027868, forward nfe 0, backward nfe 0, Train: 0.9400, Val: 0.6203, Test: 0.6177, Best time: 7.8741
After OOD adjustment: Training instances of last class: 0
After OOD adjustment: Testing instances of last class: 87
Epoch: 063, Runtime 0.047518, Loss 0.026958, forward nfe 0, backward nfe 0, Train: 0.9400, Val: 0.6203, Test: 0.6177, Best time: 7.8741
After OOD adjustment: Training instances of last class: 0
After OOD adjustment: Testing instances of last class: 87
Epoch: 064, Runtime 0.046123, Loss 0.026099, forward nfe 0, backward nfe 0, Train: 0.9400, Val: 0.6203, Test: 0.6177, Best time: 7.8741
After OOD adjustment: Training instances of last class: 0
After OOD adjustment: Testing instances of last class: 87
Epoch: 065, Runtime 0.044445, Loss 0.025286, forward nfe 0, backward nfe 0, Train: 0.9400, Val: 0.6203, Test: 0.6177, Best time: 7.8741
After OOD adjustment: Training instances of last class: 0
After OOD adjustment: Testing instances of last class: 87
Epoch: 066, Runtime 0.047381, Loss 0.024516, forward nfe 0, backward nfe 0, Train: 0.9400, Val: 0.6203, Test: 0.6177, Best time: 7.8741
After OOD adjustment: Training instances of last class: 0
After OOD adjustment: Testing instances of last class: 87
Epoch: 067, Runtime 0.047514, Loss 0.023787, forward nfe 0, backward nfe 0, Train: 0.9400, Val: 0.6203, Test: 0.6177, Best time: 7.8741
After OOD adjustment: Training instances of last class: 0
After OOD adjustment: Testing instances of last class: 87
Epoch: 068, Runtime 0.044228, Loss 0.023095, forward nfe 0, backward nfe 0, Train: 0.9400, Val: 0.6203, Test: 0.6177, Best time: 7.8741
After OOD adjustment: Training instances of last class: 0
After OOD adjustment: Testing instances of last class: 87
Epoch: 069, Runtime 0.045179, Loss 0.022437, forward nfe 0, backward nfe 0, Train: 0.9400, Val: 0.6203, Test: 0.6177, Best time: 7.8741
After OOD adjustment: Training instances of last class: 0
After OOD adjustment: Testing instances of last class: 87
Epoch: 070, Runtime 0.045478, Loss 0.021813, forward nfe 0, backward nfe 0, Train: 0.9400, Val: 0.6203, Test: 0.6177, Best time: 7.8741
After OOD adjustment: Training instances of last class: 0
After OOD adjustment: Testing instances of last class: 87
Epoch: 071, Runtime 0.046780, Loss 0.021218, forward nfe 0, backward nfe 0, Train: 0.9400, Val: 0.6203, Test: 0.6177, Best time: 7.8741
After OOD adjustment: Training instances of last class: 0
After OOD adjustment: Testing instances of last class: 87
Epoch: 072, Runtime 0.047243, Loss 0.020652, forward nfe 0, backward nfe 0, Train: 0.9400, Val: 0.6203, Test: 0.6177, Best time: 7.8741
After OOD adjustment: Training instances of last class: 0
After OOD adjustment: Testing instances of last class: 87
Epoch: 073, Runtime 0.046978, Loss 0.020112, forward nfe 0, backward nfe 0, Train: 0.9400, Val: 0.6203, Test: 0.6177, Best time: 7.8741
After OOD adjustment: Training instances of last class: 0
After OOD adjustment: Testing instances of last class: 87
Epoch: 074, Runtime 0.049602, Loss 0.019597, forward nfe 0, backward nfe 0, Train: 0.9400, Val: 0.6203, Test: 0.6177, Best time: 7.8741
After OOD adjustment: Training instances of last class: 0
After OOD adjustment: Testing instances of last class: 87
Epoch: 075, Runtime 0.047699, Loss 0.019105, forward nfe 0, backward nfe 0, Train: 0.9400, Val: 0.6203, Test: 0.6177, Best time: 7.8741
After OOD adjustment: Training instances of last class: 0
After OOD adjustment: Testing instances of last class: 87
Epoch: 076, Runtime 0.044909, Loss 0.018635, forward nfe 0, backward nfe 0, Train: 0.9400, Val: 0.6203, Test: 0.6177, Best time: 7.8741
After OOD adjustment: Training instances of last class: 0
After OOD adjustment: Testing instances of last class: 87
Epoch: 077, Runtime 0.048469, Loss 0.018185, forward nfe 0, backward nfe 0, Train: 0.9400, Val: 0.6203, Test: 0.6177, Best time: 7.8741
After OOD adjustment: Training instances of last class: 0
After OOD adjustment: Testing instances of last class: 87
Epoch: 078, Runtime 0.047647, Loss 0.017755, forward nfe 0, backward nfe 0, Train: 0.9400, Val: 0.6203, Test: 0.6177, Best time: 7.8741
After OOD adjustment: Training instances of last class: 0
After OOD adjustment: Testing instances of last class: 87
Epoch: 079, Runtime 0.047554, Loss 0.017342, forward nfe 0, backward nfe 0, Train: 0.9400, Val: 0.6203, Test: 0.6177, Best time: 7.8741
After OOD adjustment: Training instances of last class: 0
After OOD adjustment: Testing instances of last class: 87
Epoch: 080, Runtime 0.045093, Loss 0.016946, forward nfe 0, backward nfe 0, Train: 0.9400, Val: 0.6203, Test: 0.6177, Best time: 7.8741
After OOD adjustment: Training instances of last class: 0
After OOD adjustment: Testing instances of last class: 87
Epoch: 081, Runtime 0.042690, Loss 0.016566, forward nfe 0, backward nfe 0, Train: 0.9400, Val: 0.6203, Test: 0.6177, Best time: 7.8741
After OOD adjustment: Training instances of last class: 0
After OOD adjustment: Testing instances of last class: 87
Epoch: 082, Runtime 0.045518, Loss 0.016202, forward nfe 0, backward nfe 0, Train: 0.9400, Val: 0.6203, Test: 0.6177, Best time: 7.8741
After OOD adjustment: Training instances of last class: 0
After OOD adjustment: Testing instances of last class: 87
Epoch: 083, Runtime 0.042663, Loss 0.015851, forward nfe 0, backward nfe 0, Train: 0.9400, Val: 0.6203, Test: 0.6177, Best time: 7.8741
After OOD adjustment: Training instances of last class: 0
After OOD adjustment: Testing instances of last class: 87
Epoch: 084, Runtime 0.045607, Loss 0.015513, forward nfe 0, backward nfe 0, Train: 0.9400, Val: 0.6203, Test: 0.6177, Best time: 7.8741
After OOD adjustment: Training instances of last class: 0
After OOD adjustment: Testing instances of last class: 87
Epoch: 085, Runtime 0.045635, Loss 0.015188, forward nfe 0, backward nfe 0, Train: 0.9400, Val: 0.6203, Test: 0.6177, Best time: 7.8741
After OOD adjustment: Training instances of last class: 0
After OOD adjustment: Testing instances of last class: 87
Epoch: 086, Runtime 0.045555, Loss 0.014875, forward nfe 0, backward nfe 0, Train: 0.9400, Val: 0.6203, Test: 0.6177, Best time: 7.8741
After OOD adjustment: Training instances of last class: 0
After OOD adjustment: Testing instances of last class: 87
Epoch: 087, Runtime 0.045522, Loss 0.014573, forward nfe 0, backward nfe 0, Train: 0.9400, Val: 0.6203, Test: 0.6177, Best time: 7.8741
After OOD adjustment: Training instances of last class: 0
After OOD adjustment: Testing instances of last class: 87
Epoch: 088, Runtime 0.048862, Loss 0.014282, forward nfe 0, backward nfe 0, Train: 0.9400, Val: 0.6203, Test: 0.6177, Best time: 7.8741
After OOD adjustment: Training instances of last class: 0
After OOD adjustment: Testing instances of last class: 87
Epoch: 089, Runtime 0.049730, Loss 0.014001, forward nfe 0, backward nfe 0, Train: 0.9400, Val: 0.6203, Test: 0.6177, Best time: 7.8741
After OOD adjustment: Training instances of last class: 0
After OOD adjustment: Testing instances of last class: 87
Epoch: 090, Runtime 0.046242, Loss 0.013729, forward nfe 0, backward nfe 0, Train: 0.9400, Val: 0.6203, Test: 0.6177, Best time: 7.8741
After OOD adjustment: Training instances of last class: 0
After OOD adjustment: Testing instances of last class: 87
Epoch: 091, Runtime 0.049683, Loss 0.013467, forward nfe 0, backward nfe 0, Train: 0.9400, Val: 0.6203, Test: 0.6177, Best time: 7.8741
After OOD adjustment: Training instances of last class: 0
After OOD adjustment: Testing instances of last class: 87
Epoch: 092, Runtime 0.046703, Loss 0.013213, forward nfe 0, backward nfe 0, Train: 0.9400, Val: 0.6203, Test: 0.6177, Best time: 7.8741
After OOD adjustment: Training instances of last class: 0
After OOD adjustment: Testing instances of last class: 87
Epoch: 093, Runtime 0.044540, Loss 0.012967, forward nfe 0, backward nfe 0, Train: 0.9400, Val: 0.6203, Test: 0.6177, Best time: 7.8741
After OOD adjustment: Training instances of last class: 0
After OOD adjustment: Testing instances of last class: 87
Epoch: 094, Runtime 0.048160, Loss 0.012729, forward nfe 0, backward nfe 0, Train: 0.9400, Val: 0.6203, Test: 0.6177, Best time: 7.8741
After OOD adjustment: Training instances of last class: 0
After OOD adjustment: Testing instances of last class: 87
Epoch: 095, Runtime 0.046564, Loss 0.012499, forward nfe 0, backward nfe 0, Train: 0.9400, Val: 0.6203, Test: 0.6177, Best time: 7.8741
After OOD adjustment: Training instances of last class: 0
After OOD adjustment: Testing instances of last class: 87
Epoch: 096, Runtime 0.047335, Loss 0.012275, forward nfe 0, backward nfe 0, Train: 0.9400, Val: 0.6203, Test: 0.6177, Best time: 7.8741
After OOD adjustment: Training instances of last class: 0
After OOD adjustment: Testing instances of last class: 87
Epoch: 097, Runtime 0.048583, Loss 0.012059, forward nfe 0, backward nfe 0, Train: 0.9400, Val: 0.6203, Test: 0.6177, Best time: 7.8741
After OOD adjustment: Training instances of last class: 0
After OOD adjustment: Testing instances of last class: 87
Epoch: 098, Runtime 0.047305, Loss 0.011849, forward nfe 0, backward nfe 0, Train: 0.9400, Val: 0.6203, Test: 0.6177, Best time: 7.8741
After OOD adjustment: Training instances of last class: 0
After OOD adjustment: Testing instances of last class: 87
Epoch: 099, Runtime 0.045381, Loss 0.011645, forward nfe 0, backward nfe 0, Train: 0.9400, Val: 0.6203, Test: 0.6177, Best time: 7.8741
After OOD adjustment: Training instances of last class: 0
After OOD adjustment: Testing instances of last class: 87
Epoch: 100, Runtime 0.045824, Loss 0.011447, forward nfe 0, backward nfe 0, Train: 0.9400, Val: 0.6203, Test: 0.6177, Best time: 7.8741
After OOD adjustment: Training instances of last class: 0
After OOD adjustment: Testing instances of last class: 87
Epoch: 101, Runtime 0.045710, Loss 0.011254, forward nfe 0, backward nfe 0, Train: 0.9400, Val: 0.6203, Test: 0.6177, Best time: 7.8741
After OOD adjustment: Training instances of last class: 0
After OOD adjustment: Testing instances of last class: 87
Epoch: 102, Runtime 0.045423, Loss 0.011067, forward nfe 0, backward nfe 0, Train: 0.9400, Val: 0.6203, Test: 0.6177, Best time: 7.8741
After OOD adjustment: Training instances of last class: 0
After OOD adjustment: Testing instances of last class: 87
Epoch: 103, Runtime 0.045238, Loss 0.010885, forward nfe 0, backward nfe 0, Train: 0.9400, Val: 0.6203, Test: 0.6177, Best time: 7.8741
After OOD adjustment: Training instances of last class: 0
After OOD adjustment: Testing instances of last class: 87
Epoch: 104, Runtime 0.045815, Loss 0.010709, forward nfe 0, backward nfe 0, Train: 0.9400, Val: 0.6203, Test: 0.6177, Best time: 7.8741
After OOD adjustment: Training instances of last class: 0
After OOD adjustment: Testing instances of last class: 87
Epoch: 105, Runtime 0.047494, Loss 0.010536, forward nfe 0, backward nfe 0, Train: 0.9400, Val: 0.6203, Test: 0.6177, Best time: 7.8741
After OOD adjustment: Training instances of last class: 0
After OOD adjustment: Testing instances of last class: 87
Epoch: 106, Runtime 0.047926, Loss 0.010369, forward nfe 0, backward nfe 0, Train: 0.9400, Val: 0.6203, Test: 0.6177, Best time: 7.8741
After OOD adjustment: Training instances of last class: 0
After OOD adjustment: Testing instances of last class: 87
Epoch: 107, Runtime 0.048622, Loss 0.010206, forward nfe 0, backward nfe 0, Train: 0.9400, Val: 0.6203, Test: 0.6177, Best time: 7.8741
After OOD adjustment: Training instances of last class: 0
After OOD adjustment: Testing instances of last class: 87
Epoch: 108, Runtime 0.046936, Loss 0.010047, forward nfe 0, backward nfe 0, Train: 0.9400, Val: 0.6203, Test: 0.6177, Best time: 7.8741
After OOD adjustment: Training instances of last class: 0
After OOD adjustment: Testing instances of last class: 87
Epoch: 109, Runtime 0.047945, Loss 0.009892, forward nfe 0, backward nfe 0, Train: 0.9400, Val: 0.6203, Test: 0.6177, Best time: 7.8741
After OOD adjustment: Training instances of last class: 0
After OOD adjustment: Testing instances of last class: 87
Epoch: 110, Runtime 0.043398, Loss 0.009741, forward nfe 0, backward nfe 0, Train: 0.9400, Val: 0.6203, Test: 0.6177, Best time: 7.8741
After OOD adjustment: Training instances of last class: 0
After OOD adjustment: Testing instances of last class: 87
Epoch: 111, Runtime 0.045721, Loss 0.009594, forward nfe 0, backward nfe 0, Train: 0.9400, Val: 0.6203, Test: 0.6177, Best time: 7.8741
After OOD adjustment: Training instances of last class: 0
After OOD adjustment: Testing instances of last class: 87
Epoch: 112, Runtime 0.045413, Loss 0.009450, forward nfe 0, backward nfe 0, Train: 0.9400, Val: 0.6203, Test: 0.6177, Best time: 7.8741
After OOD adjustment: Training instances of last class: 0
After OOD adjustment: Testing instances of last class: 87
Epoch: 113, Runtime 0.042847, Loss 0.009310, forward nfe 0, backward nfe 0, Train: 0.9400, Val: 0.6203, Test: 0.6177, Best time: 7.8741
After OOD adjustment: Training instances of last class: 0
After OOD adjustment: Testing instances of last class: 87
Epoch: 114, Runtime 0.042193, Loss 0.009173, forward nfe 0, backward nfe 0, Train: 0.9400, Val: 0.6203, Test: 0.6177, Best time: 7.8741
After OOD adjustment: Training instances of last class: 0
After OOD adjustment: Testing instances of last class: 87
Epoch: 115, Runtime 0.045887, Loss 0.009040, forward nfe 0, backward nfe 0, Train: 0.9400, Val: 0.6203, Test: 0.6177, Best time: 7.8741
After OOD adjustment: Training instances of last class: 0
After OOD adjustment: Testing instances of last class: 87
Epoch: 116, Runtime 0.048466, Loss 0.008910, forward nfe 0, backward nfe 0, Train: 0.9400, Val: 0.6203, Test: 0.6177, Best time: 7.8741
After OOD adjustment: Training instances of last class: 0
After OOD adjustment: Testing instances of last class: 87
Epoch: 117, Runtime 0.044861, Loss 0.008782, forward nfe 0, backward nfe 0, Train: 0.9400, Val: 0.6203, Test: 0.6177, Best time: 7.8741
After OOD adjustment: Training instances of last class: 0
After OOD adjustment: Testing instances of last class: 87
Epoch: 118, Runtime 0.046932, Loss 0.008658, forward nfe 0, backward nfe 0, Train: 0.9400, Val: 0.6203, Test: 0.6177, Best time: 7.8741
After OOD adjustment: Training instances of last class: 0
After OOD adjustment: Testing instances of last class: 87
Epoch: 119, Runtime 0.047426, Loss 0.008536, forward nfe 0, backward nfe 0, Train: 0.9400, Val: 0.6203, Test: 0.6177, Best time: 7.8741
After OOD adjustment: Training instances of last class: 0
After OOD adjustment: Testing instances of last class: 87
Epoch: 120, Runtime 0.047401, Loss 0.008418, forward nfe 0, backward nfe 0, Train: 0.9400, Val: 0.6203, Test: 0.6177, Best time: 7.8741
After OOD adjustment: Training instances of last class: 0
After OOD adjustment: Testing instances of last class: 87
Epoch: 121, Runtime 0.047812, Loss 0.008301, forward nfe 0, backward nfe 0, Train: 0.9400, Val: 0.6203, Test: 0.6177, Best time: 7.8741
After OOD adjustment: Training instances of last class: 0
After OOD adjustment: Testing instances of last class: 87
Epoch: 122, Runtime 0.045391, Loss 0.008188, forward nfe 0, backward nfe 0, Train: 0.9400, Val: 0.6203, Test: 0.6177, Best time: 7.8741
After OOD adjustment: Training instances of last class: 0
After OOD adjustment: Testing instances of last class: 87
Epoch: 123, Runtime 0.046052, Loss 0.008077, forward nfe 0, backward nfe 0, Train: 0.9400, Val: 0.6203, Test: 0.6177, Best time: 7.8741
After OOD adjustment: Training instances of last class: 0
After OOD adjustment: Testing instances of last class: 87
Epoch: 124, Runtime 0.042864, Loss 0.007968, forward nfe 0, backward nfe 0, Train: 0.9400, Val: 0.6203, Test: 0.6177, Best time: 7.8741
After OOD adjustment: Training instances of last class: 0
After OOD adjustment: Testing instances of last class: 87
Epoch: 125, Runtime 0.042059, Loss 0.007862, forward nfe 0, backward nfe 0, Train: 0.9400, Val: 0.6203, Test: 0.6177, Best time: 7.8741
After OOD adjustment: Training instances of last class: 0
After OOD adjustment: Testing instances of last class: 87
Epoch: 126, Runtime 0.045200, Loss 0.007757, forward nfe 0, backward nfe 0, Train: 0.9400, Val: 0.6203, Test: 0.6177, Best time: 7.8741
After OOD adjustment: Training instances of last class: 0
After OOD adjustment: Testing instances of last class: 87
Epoch: 127, Runtime 0.046588, Loss 0.007656, forward nfe 0, backward nfe 0, Train: 0.9400, Val: 0.6203, Test: 0.6177, Best time: 7.8741
After OOD adjustment: Training instances of last class: 0
After OOD adjustment: Testing instances of last class: 87
Epoch: 128, Runtime 0.045590, Loss 0.007556, forward nfe 0, backward nfe 0, Train: 0.9400, Val: 0.6203, Test: 0.6177, Best time: 7.8741
After OOD adjustment: Training instances of last class: 0
After OOD adjustment: Testing instances of last class: 87
Epoch: 129, Runtime 0.044086, Loss 0.007458, forward nfe 0, backward nfe 0, Train: 0.9400, Val: 0.6203, Test: 0.6177, Best time: 7.8741
After OOD adjustment: Training instances of last class: 0
After OOD adjustment: Testing instances of last class: 87
Epoch: 130, Runtime 0.041885, Loss 0.007362, forward nfe 0, backward nfe 0, Train: 0.9400, Val: 0.6203, Test: 0.6177, Best time: 7.8741
After OOD adjustment: Training instances of last class: 0
After OOD adjustment: Testing instances of last class: 87
Epoch: 131, Runtime 0.045893, Loss 0.007268, forward nfe 0, backward nfe 0, Train: 0.9400, Val: 0.6203, Test: 0.6177, Best time: 7.8741
After OOD adjustment: Training instances of last class: 0
After OOD adjustment: Testing instances of last class: 87
Epoch: 132, Runtime 0.044337, Loss 0.007177, forward nfe 0, backward nfe 0, Train: 0.9400, Val: 0.6203, Test: 0.6177, Best time: 7.8741
After OOD adjustment: Training instances of last class: 0
After OOD adjustment: Testing instances of last class: 87
Epoch: 133, Runtime 0.047216, Loss 0.007086, forward nfe 0, backward nfe 0, Train: 0.9400, Val: 0.6203, Test: 0.6177, Best time: 7.8741
After OOD adjustment: Training instances of last class: 0
After OOD adjustment: Testing instances of last class: 87
Epoch: 134, Runtime 0.044161, Loss 0.006998, forward nfe 0, backward nfe 0, Train: 0.9400, Val: 0.6203, Test: 0.6177, Best time: 7.8741
After OOD adjustment: Training instances of last class: 0
After OOD adjustment: Testing instances of last class: 87
Epoch: 135, Runtime 0.043712, Loss 0.006912, forward nfe 0, backward nfe 0, Train: 0.9400, Val: 0.6203, Test: 0.6177, Best time: 7.8741
After OOD adjustment: Training instances of last class: 0
After OOD adjustment: Testing instances of last class: 87
Epoch: 136, Runtime 0.044099, Loss 0.006827, forward nfe 0, backward nfe 0, Train: 0.9400, Val: 0.6203, Test: 0.6177, Best time: 7.8741
After OOD adjustment: Training instances of last class: 0
After OOD adjustment: Testing instances of last class: 87
Epoch: 137, Runtime 0.042313, Loss 0.006743, forward nfe 0, backward nfe 0, Train: 0.9400, Val: 0.6203, Test: 0.6177, Best time: 7.8741
After OOD adjustment: Training instances of last class: 0
After OOD adjustment: Testing instances of last class: 87
Epoch: 138, Runtime 0.045594, Loss 0.006662, forward nfe 0, backward nfe 0, Train: 0.9400, Val: 0.6203, Test: 0.6177, Best time: 7.8741
After OOD adjustment: Training instances of last class: 0
After OOD adjustment: Testing instances of last class: 87
Epoch: 139, Runtime 0.042529, Loss 0.006582, forward nfe 0, backward nfe 0, Train: 0.9400, Val: 0.6203, Test: 0.6177, Best time: 7.8741
After OOD adjustment: Training instances of last class: 0
After OOD adjustment: Testing instances of last class: 87
Epoch: 140, Runtime 0.042212, Loss 0.006503, forward nfe 0, backward nfe 0, Train: 0.9400, Val: 0.6203, Test: 0.6177, Best time: 7.8741
After OOD adjustment: Training instances of last class: 0
After OOD adjustment: Testing instances of last class: 87
Epoch: 141, Runtime 0.045807, Loss 0.006426, forward nfe 0, backward nfe 0, Train: 0.9400, Val: 0.6203, Test: 0.6177, Best time: 7.8741
After OOD adjustment: Training instances of last class: 0
After OOD adjustment: Testing instances of last class: 87
Epoch: 142, Runtime 0.042815, Loss 0.006350, forward nfe 0, backward nfe 0, Train: 0.9400, Val: 0.6203, Test: 0.6177, Best time: 7.8741
After OOD adjustment: Training instances of last class: 0
After OOD adjustment: Testing instances of last class: 87
Epoch: 143, Runtime 0.045599, Loss 0.006276, forward nfe 0, backward nfe 0, Train: 0.9400, Val: 0.6203, Test: 0.6177, Best time: 7.8741
After OOD adjustment: Training instances of last class: 0
After OOD adjustment: Testing instances of last class: 87
Epoch: 144, Runtime 0.044636, Loss 0.006203, forward nfe 0, backward nfe 0, Train: 0.9400, Val: 0.6203, Test: 0.6177, Best time: 7.8741
After OOD adjustment: Training instances of last class: 0
After OOD adjustment: Testing instances of last class: 87
Epoch: 145, Runtime 0.044569, Loss 0.006132, forward nfe 0, backward nfe 0, Train: 0.9400, Val: 0.6203, Test: 0.6177, Best time: 7.8741
After OOD adjustment: Training instances of last class: 0
After OOD adjustment: Testing instances of last class: 87
Epoch: 146, Runtime 0.042549, Loss 0.006061, forward nfe 0, backward nfe 0, Train: 0.9400, Val: 0.6203, Test: 0.6177, Best time: 7.8741
After OOD adjustment: Training instances of last class: 0
After OOD adjustment: Testing instances of last class: 87
Epoch: 147, Runtime 0.045508, Loss 0.005992, forward nfe 0, backward nfe 0, Train: 0.9400, Val: 0.6203, Test: 0.6177, Best time: 7.8741
After OOD adjustment: Training instances of last class: 0
After OOD adjustment: Testing instances of last class: 87
Epoch: 148, Runtime 0.045592, Loss 0.005924, forward nfe 0, backward nfe 0, Train: 0.9400, Val: 0.6203, Test: 0.6177, Best time: 7.8741
After OOD adjustment: Training instances of last class: 0
After OOD adjustment: Testing instances of last class: 87
Epoch: 149, Runtime 0.046178, Loss 0.005858, forward nfe 0, backward nfe 0, Train: 0.9400, Val: 0.6203, Test: 0.6177, Best time: 7.8741
After OOD adjustment: Training instances of last class: 0
After OOD adjustment: Testing instances of last class: 87
Epoch: 150, Runtime 0.044831, Loss 0.005792, forward nfe 0, backward nfe 0, Train: 0.9400, Val: 0.6203, Test: 0.6177, Best time: 7.8741
After OOD adjustment: Training instances of last class: 0
After OOD adjustment: Testing instances of last class: 87
Epoch: 151, Runtime 0.047266, Loss 0.005728, forward nfe 0, backward nfe 0, Train: 0.9400, Val: 0.6203, Test: 0.6177, Best time: 7.8741
After OOD adjustment: Training instances of last class: 0
After OOD adjustment: Testing instances of last class: 87
Epoch: 152, Runtime 0.044150, Loss 0.005665, forward nfe 0, backward nfe 0, Train: 0.9400, Val: 0.6203, Test: 0.6177, Best time: 7.8741
After OOD adjustment: Training instances of last class: 0
After OOD adjustment: Testing instances of last class: 87
Epoch: 153, Runtime 0.049414, Loss 0.005603, forward nfe 0, backward nfe 0, Train: 0.9400, Val: 0.6203, Test: 0.6177, Best time: 7.8741
After OOD adjustment: Training instances of last class: 0
After OOD adjustment: Testing instances of last class: 87
Epoch: 154, Runtime 0.047443, Loss 0.005542, forward nfe 0, backward nfe 0, Train: 0.9400, Val: 0.6203, Test: 0.6177, Best time: 7.8741
After OOD adjustment: Training instances of last class: 0
After OOD adjustment: Testing instances of last class: 87
Epoch: 155, Runtime 0.044507, Loss 0.005482, forward nfe 0, backward nfe 0, Train: 0.9400, Val: 0.6203, Test: 0.6177, Best time: 7.8741
After OOD adjustment: Training instances of last class: 0
After OOD adjustment: Testing instances of last class: 87
Epoch: 156, Runtime 0.045409, Loss 0.005423, forward nfe 0, backward nfe 0, Train: 0.9400, Val: 0.6203, Test: 0.6177, Best time: 7.8741
After OOD adjustment: Training instances of last class: 0
After OOD adjustment: Testing instances of last class: 87
Epoch: 157, Runtime 0.042799, Loss 0.005365, forward nfe 0, backward nfe 0, Train: 0.9400, Val: 0.6203, Test: 0.6177, Best time: 7.8741
After OOD adjustment: Training instances of last class: 0
After OOD adjustment: Testing instances of last class: 87
Epoch: 158, Runtime 0.047347, Loss 0.005308, forward nfe 0, backward nfe 0, Train: 0.9400, Val: 0.6203, Test: 0.6177, Best time: 7.8741
After OOD adjustment: Training instances of last class: 0
After OOD adjustment: Testing instances of last class: 87
Epoch: 159, Runtime 0.044304, Loss 0.005251, forward nfe 0, backward nfe 0, Train: 0.9400, Val: 0.6203, Test: 0.6177, Best time: 7.8741
After OOD adjustment: Training instances of last class: 0
After OOD adjustment: Testing instances of last class: 87
Epoch: 160, Runtime 0.046484, Loss 0.005196, forward nfe 0, backward nfe 0, Train: 0.9400, Val: 0.6203, Test: 0.6177, Best time: 7.8741
After OOD adjustment: Training instances of last class: 0
After OOD adjustment: Testing instances of last class: 87
Epoch: 161, Runtime 0.044514, Loss 0.005142, forward nfe 0, backward nfe 0, Train: 0.9400, Val: 0.6203, Test: 0.6177, Best time: 7.8741
After OOD adjustment: Training instances of last class: 0
After OOD adjustment: Testing instances of last class: 87
Epoch: 162, Runtime 0.045372, Loss 0.005089, forward nfe 0, backward nfe 0, Train: 0.9400, Val: 0.6203, Test: 0.6177, Best time: 7.8741
After OOD adjustment: Training instances of last class: 0
After OOD adjustment: Testing instances of last class: 87
Epoch: 163, Runtime 0.045451, Loss 0.005036, forward nfe 0, backward nfe 0, Train: 0.9400, Val: 0.6203, Test: 0.6177, Best time: 7.8741
After OOD adjustment: Training instances of last class: 0
After OOD adjustment: Testing instances of last class: 87
Epoch: 164, Runtime 0.045754, Loss 0.004984, forward nfe 0, backward nfe 0, Train: 0.9400, Val: 0.6203, Test: 0.6177, Best time: 7.8741
After OOD adjustment: Training instances of last class: 0
After OOD adjustment: Testing instances of last class: 87
Epoch: 165, Runtime 0.046325, Loss 0.004933, forward nfe 0, backward nfe 0, Train: 0.9400, Val: 0.6203, Test: 0.6177, Best time: 7.8741
After OOD adjustment: Training instances of last class: 0
After OOD adjustment: Testing instances of last class: 87
Epoch: 166, Runtime 0.047654, Loss 0.004883, forward nfe 0, backward nfe 0, Train: 0.9400, Val: 0.6203, Test: 0.6177, Best time: 7.8741
After OOD adjustment: Training instances of last class: 0
After OOD adjustment: Testing instances of last class: 87
Epoch: 167, Runtime 0.047638, Loss 0.004834, forward nfe 0, backward nfe 0, Train: 0.9400, Val: 0.6203, Test: 0.6177, Best time: 7.8741
After OOD adjustment: Training instances of last class: 0
After OOD adjustment: Testing instances of last class: 87
Epoch: 168, Runtime 0.044817, Loss 0.004786, forward nfe 0, backward nfe 0, Train: 0.9400, Val: 0.6203, Test: 0.6177, Best time: 7.8741
After OOD adjustment: Training instances of last class: 0
After OOD adjustment: Testing instances of last class: 87
Epoch: 169, Runtime 0.048449, Loss 0.004738, forward nfe 0, backward nfe 0, Train: 0.9400, Val: 0.6203, Test: 0.6177, Best time: 7.8741
After OOD adjustment: Training instances of last class: 0
After OOD adjustment: Testing instances of last class: 87
Epoch: 170, Runtime 0.046398, Loss 0.004691, forward nfe 0, backward nfe 0, Train: 0.9400, Val: 0.6203, Test: 0.6177, Best time: 7.8741
After OOD adjustment: Training instances of last class: 0
After OOD adjustment: Testing instances of last class: 87
Epoch: 171, Runtime 0.045238, Loss 0.004644, forward nfe 0, backward nfe 0, Train: 0.9400, Val: 0.6203, Test: 0.6177, Best time: 7.8741
After OOD adjustment: Training instances of last class: 0
After OOD adjustment: Testing instances of last class: 87
Epoch: 172, Runtime 0.045435, Loss 0.004599, forward nfe 0, backward nfe 0, Train: 0.9400, Val: 0.6203, Test: 0.6177, Best time: 7.8741
After OOD adjustment: Training instances of last class: 0
After OOD adjustment: Testing instances of last class: 87
Epoch: 173, Runtime 0.046280, Loss 0.004554, forward nfe 0, backward nfe 0, Train: 0.9400, Val: 0.6203, Test: 0.6177, Best time: 7.8741
After OOD adjustment: Training instances of last class: 0
After OOD adjustment: Testing instances of last class: 87
Epoch: 174, Runtime 0.043970, Loss 0.004510, forward nfe 0, backward nfe 0, Train: 0.9400, Val: 0.6203, Test: 0.6177, Best time: 7.8741
After OOD adjustment: Training instances of last class: 0
After OOD adjustment: Testing instances of last class: 87
Epoch: 175, Runtime 0.042365, Loss 0.004466, forward nfe 0, backward nfe 0, Train: 0.9400, Val: 0.6203, Test: 0.6177, Best time: 7.8741
After OOD adjustment: Training instances of last class: 0
After OOD adjustment: Testing instances of last class: 87
Epoch: 176, Runtime 0.046268, Loss 0.004423, forward nfe 0, backward nfe 0, Train: 0.9400, Val: 0.6203, Test: 0.6177, Best time: 7.8741
After OOD adjustment: Training instances of last class: 0
After OOD adjustment: Testing instances of last class: 87
Epoch: 177, Runtime 0.044566, Loss 0.004381, forward nfe 0, backward nfe 0, Train: 0.9400, Val: 0.6203, Test: 0.6177, Best time: 7.8741
After OOD adjustment: Training instances of last class: 0
After OOD adjustment: Testing instances of last class: 87
Epoch: 178, Runtime 0.045514, Loss 0.004339, forward nfe 0, backward nfe 0, Train: 0.9400, Val: 0.6203, Test: 0.6177, Best time: 7.8741
After OOD adjustment: Training instances of last class: 0
After OOD adjustment: Testing instances of last class: 87
Epoch: 179, Runtime 0.045287, Loss 0.004298, forward nfe 0, backward nfe 0, Train: 0.9400, Val: 0.6203, Test: 0.6177, Best time: 7.8741
After OOD adjustment: Training instances of last class: 0
After OOD adjustment: Testing instances of last class: 87
Epoch: 180, Runtime 0.045281, Loss 0.004258, forward nfe 0, backward nfe 0, Train: 0.9400, Val: 0.6203, Test: 0.6177, Best time: 7.8741
After OOD adjustment: Training instances of last class: 0
After OOD adjustment: Testing instances of last class: 87
Epoch: 181, Runtime 0.045496, Loss 0.004218, forward nfe 0, backward nfe 0, Train: 0.9400, Val: 0.6203, Test: 0.6177, Best time: 7.8741
After OOD adjustment: Training instances of last class: 0
After OOD adjustment: Testing instances of last class: 87
Epoch: 182, Runtime 0.045260, Loss 0.004179, forward nfe 0, backward nfe 0, Train: 0.9400, Val: 0.6203, Test: 0.6177, Best time: 7.8741
After OOD adjustment: Training instances of last class: 0
After OOD adjustment: Testing instances of last class: 87
Epoch: 183, Runtime 0.042656, Loss 0.004140, forward nfe 0, backward nfe 0, Train: 0.9400, Val: 0.6203, Test: 0.6177, Best time: 7.8741
After OOD adjustment: Training instances of last class: 0
After OOD adjustment: Testing instances of last class: 87
Epoch: 184, Runtime 0.042170, Loss 0.004102, forward nfe 0, backward nfe 0, Train: 0.9400, Val: 0.6203, Test: 0.6177, Best time: 7.8741
After OOD adjustment: Training instances of last class: 0
After OOD adjustment: Testing instances of last class: 87
Epoch: 185, Runtime 0.046016, Loss 0.004064, forward nfe 0, backward nfe 0, Train: 0.9400, Val: 0.6203, Test: 0.6177, Best time: 7.8741
After OOD adjustment: Training instances of last class: 0
After OOD adjustment: Testing instances of last class: 87
Epoch: 186, Runtime 0.047494, Loss 0.004027, forward nfe 0, backward nfe 0, Train: 0.9400, Val: 0.6203, Test: 0.6177, Best time: 7.8741
After OOD adjustment: Training instances of last class: 0
After OOD adjustment: Testing instances of last class: 87
Epoch: 187, Runtime 0.044528, Loss 0.003991, forward nfe 0, backward nfe 0, Train: 0.9400, Val: 0.6203, Test: 0.6177, Best time: 7.8741
After OOD adjustment: Training instances of last class: 0
After OOD adjustment: Testing instances of last class: 87
Epoch: 188, Runtime 0.047154, Loss 0.003955, forward nfe 0, backward nfe 0, Train: 0.9400, Val: 0.6203, Test: 0.6177, Best time: 7.8741
After OOD adjustment: Training instances of last class: 0
After OOD adjustment: Testing instances of last class: 87
Epoch: 189, Runtime 0.047138, Loss 0.003919, forward nfe 0, backward nfe 0, Train: 0.9400, Val: 0.6203, Test: 0.6177, Best time: 7.8741
After OOD adjustment: Training instances of last class: 0
After OOD adjustment: Testing instances of last class: 87
Epoch: 190, Runtime 0.044674, Loss 0.003884, forward nfe 0, backward nfe 0, Train: 0.9400, Val: 0.6203, Test: 0.6177, Best time: 7.8741
After OOD adjustment: Training instances of last class: 0
After OOD adjustment: Testing instances of last class: 87
Epoch: 191, Runtime 0.045868, Loss 0.003850, forward nfe 0, backward nfe 0, Train: 0.9400, Val: 0.6203, Test: 0.6177, Best time: 7.8741
After OOD adjustment: Training instances of last class: 0
After OOD adjustment: Testing instances of last class: 87
Epoch: 192, Runtime 0.045512, Loss 0.003816, forward nfe 0, backward nfe 0, Train: 0.9400, Val: 0.6203, Test: 0.6177, Best time: 7.8741
After OOD adjustment: Training instances of last class: 0
After OOD adjustment: Testing instances of last class: 87
Epoch: 193, Runtime 0.043248, Loss 0.003782, forward nfe 0, backward nfe 0, Train: 0.9400, Val: 0.6203, Test: 0.6177, Best time: 7.8741
After OOD adjustment: Training instances of last class: 0
After OOD adjustment: Testing instances of last class: 87
Epoch: 194, Runtime 0.045557, Loss 0.003749, forward nfe 0, backward nfe 0, Train: 0.9400, Val: 0.6203, Test: 0.6177, Best time: 7.8741
After OOD adjustment: Training instances of last class: 0
After OOD adjustment: Testing instances of last class: 87
Epoch: 195, Runtime 0.042796, Loss 0.003716, forward nfe 0, backward nfe 0, Train: 0.9400, Val: 0.6203, Test: 0.6177, Best time: 7.8741
After OOD adjustment: Training instances of last class: 0
After OOD adjustment: Testing instances of last class: 87
Epoch: 196, Runtime 0.042315, Loss 0.003684, forward nfe 0, backward nfe 0, Train: 0.9400, Val: 0.6203, Test: 0.6177, Best time: 7.8741
After OOD adjustment: Training instances of last class: 0
After OOD adjustment: Testing instances of last class: 87
Epoch: 197, Runtime 0.046129, Loss 0.003652, forward nfe 0, backward nfe 0, Train: 0.9400, Val: 0.6203, Test: 0.6177, Best time: 7.8741
After OOD adjustment: Training instances of last class: 0
After OOD adjustment: Testing instances of last class: 87
Epoch: 198, Runtime 0.044335, Loss 0.003621, forward nfe 0, backward nfe 0, Train: 0.9400, Val: 0.6203, Test: 0.6177, Best time: 7.8741
After OOD adjustment: Training instances of last class: 0
After OOD adjustment: Testing instances of last class: 87
Epoch: 199, Runtime 0.042321, Loss 0.003590, forward nfe 0, backward nfe 0, Train: 0.9400, Val: 0.6203, Test: 0.6177, Best time: 7.8741
After OOD adjustment: Training instances of last class: 0
After OOD adjustment: Testing instances of last class: 87
Epoch: 200, Runtime 0.047391, Loss 0.003559, forward nfe 0, backward nfe 0, Train: 0.9400, Val: 0.6203, Test: 0.6177, Best time: 7.8741
After OOD adjustment: Training instances of last class: 0
After OOD adjustment: Testing instances of last class: 87
Epoch: 201, Runtime 0.045356, Loss 0.003529, forward nfe 0, backward nfe 0, Train: 0.9400, Val: 0.6203, Test: 0.6177, Best time: 7.8741
After OOD adjustment: Training instances of last class: 0
After OOD adjustment: Testing instances of last class: 87
Epoch: 202, Runtime 0.044318, Loss 0.003499, forward nfe 0, backward nfe 0, Train: 0.9400, Val: 0.6203, Test: 0.6177, Best time: 7.8741
After OOD adjustment: Training instances of last class: 0
After OOD adjustment: Testing instances of last class: 87
Epoch: 203, Runtime 0.045312, Loss 0.003470, forward nfe 0, backward nfe 0, Train: 0.9400, Val: 0.6203, Test: 0.6177, Best time: 7.8741
After OOD adjustment: Training instances of last class: 0
After OOD adjustment: Testing instances of last class: 87
Epoch: 204, Runtime 0.045063, Loss 0.003441, forward nfe 0, backward nfe 0, Train: 0.9400, Val: 0.6203, Test: 0.6177, Best time: 7.8741
After OOD adjustment: Training instances of last class: 0
After OOD adjustment: Testing instances of last class: 87
Epoch: 205, Runtime 0.042541, Loss 0.003412, forward nfe 0, backward nfe 0, Train: 0.9400, Val: 0.6203, Test: 0.6177, Best time: 7.8741
After OOD adjustment: Training instances of last class: 0
After OOD adjustment: Testing instances of last class: 87
Epoch: 206, Runtime 0.047140, Loss 0.003384, forward nfe 0, backward nfe 0, Train: 0.9400, Val: 0.6203, Test: 0.6177, Best time: 7.8741
After OOD adjustment: Training instances of last class: 0
After OOD adjustment: Testing instances of last class: 87
Epoch: 207, Runtime 0.047832, Loss 0.003356, forward nfe 0, backward nfe 0, Train: 0.9400, Val: 0.6203, Test: 0.6177, Best time: 7.8741
After OOD adjustment: Training instances of last class: 0
After OOD adjustment: Testing instances of last class: 87
Epoch: 208, Runtime 0.043899, Loss 0.003328, forward nfe 0, backward nfe 0, Train: 0.9400, Val: 0.6203, Test: 0.6177, Best time: 7.8741
After OOD adjustment: Training instances of last class: 0
After OOD adjustment: Testing instances of last class: 87
Epoch: 209, Runtime 0.047739, Loss 0.003301, forward nfe 0, backward nfe 0, Train: 0.9400, Val: 0.6203, Test: 0.6177, Best time: 7.8741
After OOD adjustment: Training instances of last class: 0
After OOD adjustment: Testing instances of last class: 87
Epoch: 210, Runtime 0.047553, Loss 0.003274, forward nfe 0, backward nfe 0, Train: 0.9400, Val: 0.6203, Test: 0.6177, Best time: 7.8741
After OOD adjustment: Training instances of last class: 0
After OOD adjustment: Testing instances of last class: 87
Epoch: 211, Runtime 0.046594, Loss 0.003248, forward nfe 0, backward nfe 0, Train: 0.9400, Val: 0.6203, Test: 0.6177, Best time: 7.8741
After OOD adjustment: Training instances of last class: 0
After OOD adjustment: Testing instances of last class: 87
Epoch: 212, Runtime 0.045512, Loss 0.003221, forward nfe 0, backward nfe 0, Train: 0.9400, Val: 0.6203, Test: 0.6177, Best time: 7.8741
After OOD adjustment: Training instances of last class: 0
After OOD adjustment: Testing instances of last class: 87
Epoch: 213, Runtime 0.042452, Loss 0.003196, forward nfe 0, backward nfe 0, Train: 0.9400, Val: 0.6203, Test: 0.6177, Best time: 7.8741
After OOD adjustment: Training instances of last class: 0
After OOD adjustment: Testing instances of last class: 87
Epoch: 214, Runtime 0.042192, Loss 0.003170, forward nfe 0, backward nfe 0, Train: 0.9400, Val: 0.6203, Test: 0.6177, Best time: 7.8741
After OOD adjustment: Training instances of last class: 0
After OOD adjustment: Testing instances of last class: 87
Epoch: 215, Runtime 0.045040, Loss 0.003145, forward nfe 0, backward nfe 0, Train: 0.9400, Val: 0.6203, Test: 0.6177, Best time: 7.8741
After OOD adjustment: Training instances of last class: 0
After OOD adjustment: Testing instances of last class: 87
Epoch: 216, Runtime 0.045575, Loss 0.003120, forward nfe 0, backward nfe 0, Train: 0.9400, Val: 0.6203, Test: 0.6177, Best time: 7.8741
After OOD adjustment: Training instances of last class: 0
After OOD adjustment: Testing instances of last class: 87
Epoch: 217, Runtime 0.042495, Loss 0.003095, forward nfe 0, backward nfe 0, Train: 0.9400, Val: 0.6203, Test: 0.6177, Best time: 7.8741
After OOD adjustment: Training instances of last class: 0
After OOD adjustment: Testing instances of last class: 87
Epoch: 218, Runtime 0.045563, Loss 0.003071, forward nfe 0, backward nfe 0, Train: 0.9400, Val: 0.6203, Test: 0.6177, Best time: 7.8741
After OOD adjustment: Training instances of last class: 0
After OOD adjustment: Testing instances of last class: 87
Epoch: 219, Runtime 0.045493, Loss 0.003047, forward nfe 0, backward nfe 0, Train: 0.9400, Val: 0.6203, Test: 0.6177, Best time: 7.8741
After OOD adjustment: Training instances of last class: 0
After OOD adjustment: Testing instances of last class: 87
Epoch: 220, Runtime 0.048271, Loss 0.003023, forward nfe 0, backward nfe 0, Train: 0.9400, Val: 0.6203, Test: 0.6177, Best time: 7.8741
After OOD adjustment: Training instances of last class: 0
After OOD adjustment: Testing instances of last class: 87
Epoch: 221, Runtime 0.047847, Loss 0.003000, forward nfe 0, backward nfe 0, Train: 0.9400, Val: 0.6203, Test: 0.6177, Best time: 7.8741
After OOD adjustment: Training instances of last class: 0
After OOD adjustment: Testing instances of last class: 87
Epoch: 222, Runtime 0.044546, Loss 0.002976, forward nfe 0, backward nfe 0, Train: 0.9400, Val: 0.6203, Test: 0.6177, Best time: 7.8741
After OOD adjustment: Training instances of last class: 0
After OOD adjustment: Testing instances of last class: 87
Epoch: 223, Runtime 0.046410, Loss 0.002954, forward nfe 0, backward nfe 0, Train: 0.9400, Val: 0.6203, Test: 0.6177, Best time: 7.8741
After OOD adjustment: Training instances of last class: 0
After OOD adjustment: Testing instances of last class: 87
Epoch: 224, Runtime 0.044474, Loss 0.002931, forward nfe 0, backward nfe 0, Train: 0.9400, Val: 0.6203, Test: 0.6177, Best time: 7.8741
After OOD adjustment: Training instances of last class: 0
After OOD adjustment: Testing instances of last class: 87
Epoch: 225, Runtime 0.043586, Loss 0.002909, forward nfe 0, backward nfe 0, Train: 0.9400, Val: 0.6203, Test: 0.6177, Best time: 7.8741
After OOD adjustment: Training instances of last class: 0
After OOD adjustment: Testing instances of last class: 87
Epoch: 226, Runtime 0.047490, Loss 0.002886, forward nfe 0, backward nfe 0, Train: 0.9400, Val: 0.6203, Test: 0.6177, Best time: 7.8741
After OOD adjustment: Training instances of last class: 0
After OOD adjustment: Testing instances of last class: 87
Epoch: 227, Runtime 0.047629, Loss 0.002865, forward nfe 0, backward nfe 0, Train: 0.9400, Val: 0.6203, Test: 0.6177, Best time: 7.8741
After OOD adjustment: Training instances of last class: 0
After OOD adjustment: Testing instances of last class: 87
Epoch: 228, Runtime 0.045714, Loss 0.002843, forward nfe 0, backward nfe 0, Train: 0.9400, Val: 0.6203, Test: 0.6177, Best time: 7.8741
After OOD adjustment: Training instances of last class: 0
After OOD adjustment: Testing instances of last class: 87
Epoch: 229, Runtime 0.045162, Loss 0.002822, forward nfe 0, backward nfe 0, Train: 0.9400, Val: 0.6203, Test: 0.6177, Best time: 7.8741
After OOD adjustment: Training instances of last class: 0
After OOD adjustment: Testing instances of last class: 87
Epoch: 230, Runtime 0.045351, Loss 0.002801, forward nfe 0, backward nfe 0, Train: 0.9400, Val: 0.6203, Test: 0.6177, Best time: 7.8741
After OOD adjustment: Training instances of last class: 0
After OOD adjustment: Testing instances of last class: 87
Epoch: 231, Runtime 0.045087, Loss 0.002780, forward nfe 0, backward nfe 0, Train: 0.9400, Val: 0.6203, Test: 0.6177, Best time: 7.8741
After OOD adjustment: Training instances of last class: 0
After OOD adjustment: Testing instances of last class: 87
Epoch: 232, Runtime 0.045384, Loss 0.002759, forward nfe 0, backward nfe 0, Train: 0.9400, Val: 0.6203, Test: 0.6177, Best time: 7.8741
After OOD adjustment: Training instances of last class: 0
After OOD adjustment: Testing instances of last class: 87
Epoch: 233, Runtime 0.045300, Loss 0.002739, forward nfe 0, backward nfe 0, Train: 0.9400, Val: 0.6203, Test: 0.6177, Best time: 7.8741
After OOD adjustment: Training instances of last class: 0
After OOD adjustment: Testing instances of last class: 87
Epoch: 234, Runtime 0.047024, Loss 0.002719, forward nfe 0, backward nfe 0, Train: 0.9400, Val: 0.6203, Test: 0.6177, Best time: 7.8741
After OOD adjustment: Training instances of last class: 0
After OOD adjustment: Testing instances of last class: 87
Epoch: 235, Runtime 0.047560, Loss 0.002699, forward nfe 0, backward nfe 0, Train: 0.9400, Val: 0.6203, Test: 0.6177, Best time: 7.8741
After OOD adjustment: Training instances of last class: 0
After OOD adjustment: Testing instances of last class: 87
Epoch: 236, Runtime 0.043953, Loss 0.002679, forward nfe 0, backward nfe 0, Train: 0.9400, Val: 0.6203, Test: 0.6177, Best time: 7.8741
After OOD adjustment: Training instances of last class: 0
After OOD adjustment: Testing instances of last class: 87
Epoch: 237, Runtime 0.044215, Loss 0.002659, forward nfe 0, backward nfe 0, Train: 0.9400, Val: 0.6203, Test: 0.6177, Best time: 7.8741
After OOD adjustment: Training instances of last class: 0
After OOD adjustment: Testing instances of last class: 87
Epoch: 238, Runtime 0.049424, Loss 0.002640, forward nfe 0, backward nfe 0, Train: 0.9400, Val: 0.6203, Test: 0.6177, Best time: 7.8741
After OOD adjustment: Training instances of last class: 0
After OOD adjustment: Testing instances of last class: 87
Epoch: 239, Runtime 0.047486, Loss 0.002621, forward nfe 0, backward nfe 0, Train: 0.9400, Val: 0.6203, Test: 0.6177, Best time: 7.8741
After OOD adjustment: Training instances of last class: 0
After OOD adjustment: Testing instances of last class: 87
Epoch: 240, Runtime 0.048529, Loss 0.002602, forward nfe 0, backward nfe 0, Train: 0.9400, Val: 0.6203, Test: 0.6177, Best time: 7.8741
After OOD adjustment: Training instances of last class: 0
After OOD adjustment: Testing instances of last class: 87
Epoch: 241, Runtime 0.046057, Loss 0.002584, forward nfe 0, backward nfe 0, Train: 0.9400, Val: 0.6203, Test: 0.6177, Best time: 7.8741
After OOD adjustment: Training instances of last class: 0
After OOD adjustment: Testing instances of last class: 87
Epoch: 242, Runtime 0.042555, Loss 0.002565, forward nfe 0, backward nfe 0, Train: 0.9400, Val: 0.6203, Test: 0.6177, Best time: 7.8741
After OOD adjustment: Training instances of last class: 0
After OOD adjustment: Testing instances of last class: 87
Epoch: 243, Runtime 0.045392, Loss 0.002547, forward nfe 0, backward nfe 0, Train: 0.9400, Val: 0.6203, Test: 0.6177, Best time: 7.8741
After OOD adjustment: Training instances of last class: 0
After OOD adjustment: Testing instances of last class: 87
Epoch: 244, Runtime 0.045172, Loss 0.002529, forward nfe 0, backward nfe 0, Train: 0.9400, Val: 0.6203, Test: 0.6177, Best time: 7.8741
After OOD adjustment: Training instances of last class: 0
After OOD adjustment: Testing instances of last class: 87
Epoch: 245, Runtime 0.045223, Loss 0.002511, forward nfe 0, backward nfe 0, Train: 0.9400, Val: 0.6203, Test: 0.6177, Best time: 7.8741
After OOD adjustment: Training instances of last class: 0
After OOD adjustment: Testing instances of last class: 87
Epoch: 246, Runtime 0.046376, Loss 0.002494, forward nfe 0, backward nfe 0, Train: 0.9400, Val: 0.6203, Test: 0.6177, Best time: 7.8741
After OOD adjustment: Training instances of last class: 0
After OOD adjustment: Testing instances of last class: 87
Epoch: 247, Runtime 0.044122, Loss 0.002476, forward nfe 0, backward nfe 0, Train: 0.9400, Val: 0.6203, Test: 0.6177, Best time: 7.8741
After OOD adjustment: Training instances of last class: 0
After OOD adjustment: Testing instances of last class: 87
Epoch: 248, Runtime 0.043057, Loss 0.002459, forward nfe 0, backward nfe 0, Train: 0.9400, Val: 0.6203, Test: 0.6177, Best time: 7.8741
After OOD adjustment: Training instances of last class: 0
After OOD adjustment: Testing instances of last class: 87
Epoch: 249, Runtime 0.044325, Loss 0.002442, forward nfe 0, backward nfe 0, Train: 0.9400, Val: 0.6203, Test: 0.6177, Best time: 7.8741
best val accuracy 0.620290 with test accuracy 0.617742 at epoch 9 and best time 7.874113
base_directory resutls_prob/OOD_Citeseer
new_name:  gnn_ODD
file_path 1 resutls_prob/OOD_Citeseer/gnn_ODD_prediction_probabilities_14.npz
file_path 2 resutls_prob/OOD_Citeseer/gnn_ODD_prediction_probabilities_14.npz
Entropy Threshold: inf Test accuracy: 0.617741935483871
Entropy Threshold: 2 Test accuracy: 0.617741935483871
Entropy Threshold: 1.6 Test accuracy: 0.6376068376068376
Entropy Threshold: 1.5 Test accuracy: 0.782608695652174
Entropy Threshold: 1.4 Test accuracy: 0.8378378378378378
Entropy Threshold: 1.3 Test accuracy: 0.8333333333333334
Entropy Threshold: 1.2 Test accuracy: 0.8421052631578947
Entropy Threshold: 1.1 Test accuracy: 0.9
Entropy Threshold: 0.9 Test accuracy: 1.0
Entropy Threshold: 0.8 Test accuracy: None
Entropy Threshold: 0.7 Test accuracy: None
Entropy Threshold: 0.6 Test accuracy: None
Entropy Threshold: 0.5 Test accuracy: None
Entropy Threshold: 0.4 Test accuracy: None
Entropy Threshold: 0.3 Test accuracy: None
Entropy Threshold: 0.2 Test accuracy: None
Entropy Threshold: 0.1 Test accuracy: None
