[KeOps] Warning : cuda was detected, but driver API could not be initialized. Switching to cpu only.
Folder already exists: results/citeseer
experiment: 0
Dataset size (num_nodes): 2120, Intended development set size (num_development): 1500
Dataset size (num_nodes): 2120, Actual development set size (num_development): 1500
rations: train 120, val 1380, test 620
Before OOD adjustment: Total instances of last class: 304
Before OOD adjustment: Training instances of last class: 20
Before OOD adjustment: Testing instances of last class: 93
Before OOD adjustment: Val instances of last class: 191
total train + val+ test 304
After OOD adjustment: Training instances of last class: 0
After OOD adjustment: Testing instances of last class: 93
Total number of classes: 6
number of classes to train: 5
Dataset size (num_nodes): 2120, Intended development set size (num_development): 1500
Dataset size (num_nodes): 2120, Actual development set size (num_development): 1500
rations: train 120, val 1380, test 620
within set_train_val_test_split function!
Before OOD adjustment: Total instances of last class: 304
Before OOD adjustment: Training instances of last class: 20
Before OOD adjustment: Testing instances of last class: 83
Before OOD adjustment: Val instances of last class: 201
total train + val+ test 304
After OOD adjustment: Training instances of last class: 0
After OOD adjustment: Testing instances of last class: 83
MyGCN2(
  (conv1): GCNConv(3703, 80)
  (conv4): GCNConv(80, 5)
)
conv1.bias
torch.Size([80])
conv1.lin.weight
torch.Size([80, 3703])
conv4.bias
torch.Size([5])
conv4.lin.weight
torch.Size([5, 80])
After OOD adjustment: Training instances of last class: 0
After OOD adjustment: Testing instances of last class: 83
Epoch: 001, Runtime 0.059867, Loss 1.632577, forward nfe 0, backward nfe 0, Train: 0.6100, Val: 0.3312, Test: 0.3758, Best time: 7.8741
After OOD adjustment: Training instances of last class: 0
After OOD adjustment: Testing instances of last class: 83
Epoch: 002, Runtime 0.193475, Loss 1.517387, forward nfe 0, backward nfe 0, Train: 0.8400, Val: 0.5174, Test: 0.5177, Best time: 7.8741
After OOD adjustment: Training instances of last class: 0
After OOD adjustment: Testing instances of last class: 83
Epoch: 003, Runtime 0.183172, Loss 1.407201, forward nfe 0, backward nfe 0, Train: 0.9000, Val: 0.5957, Test: 0.5661, Best time: 7.8741
After OOD adjustment: Training instances of last class: 0
After OOD adjustment: Testing instances of last class: 83
Epoch: 004, Runtime 0.182051, Loss 1.301898, forward nfe 0, backward nfe 0, Train: 0.9300, Val: 0.6283, Test: 0.6129, Best time: 7.8741
After OOD adjustment: Training instances of last class: 0
After OOD adjustment: Testing instances of last class: 83
Epoch: 005, Runtime 0.186692, Loss 1.201512, forward nfe 0, backward nfe 0, Train: 0.9400, Val: 0.6370, Test: 0.6194, Best time: 7.8741
After OOD adjustment: Training instances of last class: 0
After OOD adjustment: Testing instances of last class: 83
Epoch: 006, Runtime 0.186843, Loss 1.106212, forward nfe 0, backward nfe 0, Train: 0.9400, Val: 0.6391, Test: 0.6194, Best time: 7.8741
After OOD adjustment: Training instances of last class: 0
After OOD adjustment: Testing instances of last class: 83
Epoch: 007, Runtime 0.184272, Loss 1.016207, forward nfe 0, backward nfe 0, Train: 0.9500, Val: 0.6399, Test: 0.6242, Best time: 7.8741
After OOD adjustment: Training instances of last class: 0
After OOD adjustment: Testing instances of last class: 83
Epoch: 008, Runtime 0.177603, Loss 0.931677, forward nfe 0, backward nfe 0, Train: 0.9500, Val: 0.6413, Test: 0.6177, Best time: 7.8741
After OOD adjustment: Training instances of last class: 0
After OOD adjustment: Testing instances of last class: 83
Epoch: 009, Runtime 0.178300, Loss 0.852727, forward nfe 0, backward nfe 0, Train: 0.9500, Val: 0.6457, Test: 0.6210, Best time: 7.8741
After OOD adjustment: Training instances of last class: 0
After OOD adjustment: Testing instances of last class: 83
Epoch: 010, Runtime 0.047417, Loss 0.779381, forward nfe 0, backward nfe 0, Train: 0.9500, Val: 0.6457, Test: 0.6210, Best time: 7.8741
After OOD adjustment: Training instances of last class: 0
After OOD adjustment: Testing instances of last class: 83
Epoch: 011, Runtime 0.177055, Loss 0.711571, forward nfe 0, backward nfe 0, Train: 0.9600, Val: 0.6471, Test: 0.6226, Best time: 7.8741
After OOD adjustment: Training instances of last class: 0
After OOD adjustment: Testing instances of last class: 83
Epoch: 012, Runtime 0.049138, Loss 0.649157, forward nfe 0, backward nfe 0, Train: 0.9600, Val: 0.6471, Test: 0.6226, Best time: 7.8741
After OOD adjustment: Training instances of last class: 0
After OOD adjustment: Testing instances of last class: 83
Epoch: 013, Runtime 0.049081, Loss 0.591933, forward nfe 0, backward nfe 0, Train: 0.9600, Val: 0.6471, Test: 0.6226, Best time: 7.8741
After OOD adjustment: Training instances of last class: 0
After OOD adjustment: Testing instances of last class: 83
Epoch: 014, Runtime 0.047891, Loss 0.539646, forward nfe 0, backward nfe 0, Train: 0.9600, Val: 0.6471, Test: 0.6226, Best time: 7.8741
After OOD adjustment: Training instances of last class: 0
After OOD adjustment: Testing instances of last class: 83
Epoch: 015, Runtime 0.044423, Loss 0.492009, forward nfe 0, backward nfe 0, Train: 0.9600, Val: 0.6471, Test: 0.6226, Best time: 7.8741
After OOD adjustment: Training instances of last class: 0
After OOD adjustment: Testing instances of last class: 83
Epoch: 016, Runtime 0.046364, Loss 0.448714, forward nfe 0, backward nfe 0, Train: 0.9600, Val: 0.6471, Test: 0.6226, Best time: 7.8741
After OOD adjustment: Training instances of last class: 0
After OOD adjustment: Testing instances of last class: 83
Epoch: 017, Runtime 0.046761, Loss 0.409443, forward nfe 0, backward nfe 0, Train: 0.9600, Val: 0.6471, Test: 0.6226, Best time: 7.8741
After OOD adjustment: Training instances of last class: 0
After OOD adjustment: Testing instances of last class: 83
Epoch: 018, Runtime 0.048904, Loss 0.373876, forward nfe 0, backward nfe 0, Train: 0.9600, Val: 0.6471, Test: 0.6226, Best time: 7.8741
After OOD adjustment: Training instances of last class: 0
After OOD adjustment: Testing instances of last class: 83
Epoch: 019, Runtime 0.046711, Loss 0.341696, forward nfe 0, backward nfe 0, Train: 0.9600, Val: 0.6471, Test: 0.6226, Best time: 7.8741
After OOD adjustment: Training instances of last class: 0
After OOD adjustment: Testing instances of last class: 83
Epoch: 020, Runtime 0.044282, Loss 0.312598, forward nfe 0, backward nfe 0, Train: 0.9600, Val: 0.6471, Test: 0.6226, Best time: 7.8741
After OOD adjustment: Training instances of last class: 0
After OOD adjustment: Testing instances of last class: 83
Epoch: 021, Runtime 0.045819, Loss 0.286292, forward nfe 0, backward nfe 0, Train: 0.9600, Val: 0.6471, Test: 0.6226, Best time: 7.8741
After OOD adjustment: Training instances of last class: 0
After OOD adjustment: Testing instances of last class: 83
Epoch: 022, Runtime 0.047748, Loss 0.262504, forward nfe 0, backward nfe 0, Train: 0.9600, Val: 0.6471, Test: 0.6226, Best time: 7.8741
After OOD adjustment: Training instances of last class: 0
After OOD adjustment: Testing instances of last class: 83
Epoch: 023, Runtime 0.046155, Loss 0.240985, forward nfe 0, backward nfe 0, Train: 0.9600, Val: 0.6471, Test: 0.6226, Best time: 7.8741
After OOD adjustment: Training instances of last class: 0
After OOD adjustment: Testing instances of last class: 83
Epoch: 024, Runtime 0.045671, Loss 0.221508, forward nfe 0, backward nfe 0, Train: 0.9600, Val: 0.6471, Test: 0.6226, Best time: 7.8741
After OOD adjustment: Training instances of last class: 0
After OOD adjustment: Testing instances of last class: 83
Epoch: 025, Runtime 0.046177, Loss 0.203866, forward nfe 0, backward nfe 0, Train: 0.9600, Val: 0.6471, Test: 0.6226, Best time: 7.8741
After OOD adjustment: Training instances of last class: 0
After OOD adjustment: Testing instances of last class: 83
Epoch: 026, Runtime 0.044219, Loss 0.187876, forward nfe 0, backward nfe 0, Train: 0.9600, Val: 0.6471, Test: 0.6226, Best time: 7.8741
After OOD adjustment: Training instances of last class: 0
After OOD adjustment: Testing instances of last class: 83
Epoch: 027, Runtime 0.043482, Loss 0.173373, forward nfe 0, backward nfe 0, Train: 0.9600, Val: 0.6471, Test: 0.6226, Best time: 7.8741
After OOD adjustment: Training instances of last class: 0
After OOD adjustment: Testing instances of last class: 83
Epoch: 028, Runtime 0.045494, Loss 0.160212, forward nfe 0, backward nfe 0, Train: 0.9600, Val: 0.6471, Test: 0.6226, Best time: 7.8741
After OOD adjustment: Training instances of last class: 0
After OOD adjustment: Testing instances of last class: 83
Epoch: 029, Runtime 0.046840, Loss 0.148260, forward nfe 0, backward nfe 0, Train: 0.9600, Val: 0.6471, Test: 0.6226, Best time: 7.8741
After OOD adjustment: Training instances of last class: 0
After OOD adjustment: Testing instances of last class: 83
Epoch: 030, Runtime 0.045618, Loss 0.137398, forward nfe 0, backward nfe 0, Train: 0.9600, Val: 0.6471, Test: 0.6226, Best time: 7.8741
After OOD adjustment: Training instances of last class: 0
After OOD adjustment: Testing instances of last class: 83
Epoch: 031, Runtime 0.044280, Loss 0.127520, forward nfe 0, backward nfe 0, Train: 0.9600, Val: 0.6471, Test: 0.6226, Best time: 7.8741
After OOD adjustment: Training instances of last class: 0
After OOD adjustment: Testing instances of last class: 83
Epoch: 032, Runtime 0.042295, Loss 0.118531, forward nfe 0, backward nfe 0, Train: 0.9600, Val: 0.6471, Test: 0.6226, Best time: 7.8741
After OOD adjustment: Training instances of last class: 0
After OOD adjustment: Testing instances of last class: 83
Epoch: 033, Runtime 0.045912, Loss 0.110344, forward nfe 0, backward nfe 0, Train: 0.9600, Val: 0.6471, Test: 0.6226, Best time: 7.8741
After OOD adjustment: Training instances of last class: 0
After OOD adjustment: Testing instances of last class: 83
Epoch: 034, Runtime 0.047859, Loss 0.102881, forward nfe 0, backward nfe 0, Train: 0.9600, Val: 0.6471, Test: 0.6226, Best time: 7.8741
After OOD adjustment: Training instances of last class: 0
After OOD adjustment: Testing instances of last class: 83
Epoch: 035, Runtime 0.043885, Loss 0.096072, forward nfe 0, backward nfe 0, Train: 0.9600, Val: 0.6471, Test: 0.6226, Best time: 7.8741
After OOD adjustment: Training instances of last class: 0
After OOD adjustment: Testing instances of last class: 83
Epoch: 036, Runtime 0.046229, Loss 0.089856, forward nfe 0, backward nfe 0, Train: 0.9600, Val: 0.6471, Test: 0.6226, Best time: 7.8741
After OOD adjustment: Training instances of last class: 0
After OOD adjustment: Testing instances of last class: 83
Epoch: 037, Runtime 0.050010, Loss 0.084174, forward nfe 0, backward nfe 0, Train: 0.9600, Val: 0.6471, Test: 0.6226, Best time: 7.8741
After OOD adjustment: Training instances of last class: 0
After OOD adjustment: Testing instances of last class: 83
Epoch: 038, Runtime 0.045820, Loss 0.078978, forward nfe 0, backward nfe 0, Train: 0.9600, Val: 0.6471, Test: 0.6226, Best time: 7.8741
After OOD adjustment: Training instances of last class: 0
After OOD adjustment: Testing instances of last class: 83
Epoch: 039, Runtime 0.045316, Loss 0.074220, forward nfe 0, backward nfe 0, Train: 0.9600, Val: 0.6471, Test: 0.6226, Best time: 7.8741
After OOD adjustment: Training instances of last class: 0
After OOD adjustment: Testing instances of last class: 83
Epoch: 040, Runtime 0.048261, Loss 0.069860, forward nfe 0, backward nfe 0, Train: 0.9600, Val: 0.6471, Test: 0.6226, Best time: 7.8741
After OOD adjustment: Training instances of last class: 0
After OOD adjustment: Testing instances of last class: 83
Epoch: 041, Runtime 0.045382, Loss 0.065859, forward nfe 0, backward nfe 0, Train: 0.9600, Val: 0.6471, Test: 0.6226, Best time: 7.8741
After OOD adjustment: Training instances of last class: 0
After OOD adjustment: Testing instances of last class: 83
Epoch: 042, Runtime 0.048319, Loss 0.062185, forward nfe 0, backward nfe 0, Train: 0.9600, Val: 0.6471, Test: 0.6226, Best time: 7.8741
After OOD adjustment: Training instances of last class: 0
After OOD adjustment: Testing instances of last class: 83
Epoch: 043, Runtime 0.048362, Loss 0.058806, forward nfe 0, backward nfe 0, Train: 0.9600, Val: 0.6471, Test: 0.6226, Best time: 7.8741
After OOD adjustment: Training instances of last class: 0
After OOD adjustment: Testing instances of last class: 83
Epoch: 044, Runtime 0.048108, Loss 0.055695, forward nfe 0, backward nfe 0, Train: 0.9600, Val: 0.6471, Test: 0.6226, Best time: 7.8741
After OOD adjustment: Training instances of last class: 0
After OOD adjustment: Testing instances of last class: 83
Epoch: 045, Runtime 0.045238, Loss 0.052827, forward nfe 0, backward nfe 0, Train: 0.9600, Val: 0.6471, Test: 0.6226, Best time: 7.8741
After OOD adjustment: Training instances of last class: 0
After OOD adjustment: Testing instances of last class: 83
Epoch: 046, Runtime 0.044929, Loss 0.050180, forward nfe 0, backward nfe 0, Train: 0.9600, Val: 0.6471, Test: 0.6226, Best time: 7.8741
After OOD adjustment: Training instances of last class: 0
After OOD adjustment: Testing instances of last class: 83
Epoch: 047, Runtime 0.047920, Loss 0.047732, forward nfe 0, backward nfe 0, Train: 0.9600, Val: 0.6471, Test: 0.6226, Best time: 7.8741
After OOD adjustment: Training instances of last class: 0
After OOD adjustment: Testing instances of last class: 83
Epoch: 048, Runtime 0.048069, Loss 0.045466, forward nfe 0, backward nfe 0, Train: 0.9600, Val: 0.6471, Test: 0.6226, Best time: 7.8741
After OOD adjustment: Training instances of last class: 0
After OOD adjustment: Testing instances of last class: 83
Epoch: 049, Runtime 0.045252, Loss 0.043366, forward nfe 0, backward nfe 0, Train: 0.9600, Val: 0.6471, Test: 0.6226, Best time: 7.8741
After OOD adjustment: Training instances of last class: 0
After OOD adjustment: Testing instances of last class: 83
Epoch: 050, Runtime 0.045086, Loss 0.041417, forward nfe 0, backward nfe 0, Train: 0.9600, Val: 0.6471, Test: 0.6226, Best time: 7.8741
After OOD adjustment: Training instances of last class: 0
After OOD adjustment: Testing instances of last class: 83
Epoch: 051, Runtime 0.046601, Loss 0.039605, forward nfe 0, backward nfe 0, Train: 0.9600, Val: 0.6471, Test: 0.6226, Best time: 7.8741
After OOD adjustment: Training instances of last class: 0
After OOD adjustment: Testing instances of last class: 83
Epoch: 052, Runtime 0.049482, Loss 0.037919, forward nfe 0, backward nfe 0, Train: 0.9600, Val: 0.6471, Test: 0.6226, Best time: 7.8741
After OOD adjustment: Training instances of last class: 0
After OOD adjustment: Testing instances of last class: 83
Epoch: 053, Runtime 0.047844, Loss 0.036348, forward nfe 0, backward nfe 0, Train: 0.9600, Val: 0.6471, Test: 0.6226, Best time: 7.8741
After OOD adjustment: Training instances of last class: 0
After OOD adjustment: Testing instances of last class: 83
Epoch: 054, Runtime 0.048751, Loss 0.034882, forward nfe 0, backward nfe 0, Train: 0.9600, Val: 0.6471, Test: 0.6226, Best time: 7.8741
After OOD adjustment: Training instances of last class: 0
After OOD adjustment: Testing instances of last class: 83
Epoch: 055, Runtime 0.048514, Loss 0.033513, forward nfe 0, backward nfe 0, Train: 0.9600, Val: 0.6471, Test: 0.6226, Best time: 7.8741
After OOD adjustment: Training instances of last class: 0
After OOD adjustment: Testing instances of last class: 83
Epoch: 056, Runtime 0.045508, Loss 0.032232, forward nfe 0, backward nfe 0, Train: 0.9600, Val: 0.6471, Test: 0.6226, Best time: 7.8741
After OOD adjustment: Training instances of last class: 0
After OOD adjustment: Testing instances of last class: 83
Epoch: 057, Runtime 0.044515, Loss 0.031033, forward nfe 0, backward nfe 0, Train: 0.9600, Val: 0.6471, Test: 0.6226, Best time: 7.8741
After OOD adjustment: Training instances of last class: 0
After OOD adjustment: Testing instances of last class: 83
Epoch: 058, Runtime 0.045597, Loss 0.029909, forward nfe 0, backward nfe 0, Train: 0.9600, Val: 0.6471, Test: 0.6226, Best time: 7.8741
After OOD adjustment: Training instances of last class: 0
After OOD adjustment: Testing instances of last class: 83
Epoch: 059, Runtime 0.048139, Loss 0.028853, forward nfe 0, backward nfe 0, Train: 0.9600, Val: 0.6471, Test: 0.6226, Best time: 7.8741
After OOD adjustment: Training instances of last class: 0
After OOD adjustment: Testing instances of last class: 83
Epoch: 060, Runtime 0.047870, Loss 0.027861, forward nfe 0, backward nfe 0, Train: 0.9600, Val: 0.6471, Test: 0.6226, Best time: 7.8741
After OOD adjustment: Training instances of last class: 0
After OOD adjustment: Testing instances of last class: 83
Epoch: 061, Runtime 0.047562, Loss 0.026928, forward nfe 0, backward nfe 0, Train: 0.9600, Val: 0.6471, Test: 0.6226, Best time: 7.8741
After OOD adjustment: Training instances of last class: 0
After OOD adjustment: Testing instances of last class: 83
Epoch: 062, Runtime 0.045460, Loss 0.026048, forward nfe 0, backward nfe 0, Train: 0.9600, Val: 0.6471, Test: 0.6226, Best time: 7.8741
After OOD adjustment: Training instances of last class: 0
After OOD adjustment: Testing instances of last class: 83
Epoch: 063, Runtime 0.047069, Loss 0.025218, forward nfe 0, backward nfe 0, Train: 0.9600, Val: 0.6471, Test: 0.6226, Best time: 7.8741
After OOD adjustment: Training instances of last class: 0
After OOD adjustment: Testing instances of last class: 83
Epoch: 064, Runtime 0.047739, Loss 0.024435, forward nfe 0, backward nfe 0, Train: 0.9600, Val: 0.6471, Test: 0.6226, Best time: 7.8741
After OOD adjustment: Training instances of last class: 0
After OOD adjustment: Testing instances of last class: 83
Epoch: 065, Runtime 0.048492, Loss 0.023694, forward nfe 0, backward nfe 0, Train: 0.9600, Val: 0.6471, Test: 0.6226, Best time: 7.8741
After OOD adjustment: Training instances of last class: 0
After OOD adjustment: Testing instances of last class: 83
Epoch: 066, Runtime 0.045672, Loss 0.022992, forward nfe 0, backward nfe 0, Train: 0.9600, Val: 0.6471, Test: 0.6226, Best time: 7.8741
After OOD adjustment: Training instances of last class: 0
After OOD adjustment: Testing instances of last class: 83
Epoch: 067, Runtime 0.045419, Loss 0.022327, forward nfe 0, backward nfe 0, Train: 0.9600, Val: 0.6471, Test: 0.6226, Best time: 7.8741
After OOD adjustment: Training instances of last class: 0
After OOD adjustment: Testing instances of last class: 83
Epoch: 068, Runtime 0.046199, Loss 0.021696, forward nfe 0, backward nfe 0, Train: 0.9600, Val: 0.6471, Test: 0.6226, Best time: 7.8741
After OOD adjustment: Training instances of last class: 0
After OOD adjustment: Testing instances of last class: 83
Epoch: 069, Runtime 0.046139, Loss 0.021097, forward nfe 0, backward nfe 0, Train: 0.9600, Val: 0.6471, Test: 0.6226, Best time: 7.8741
After OOD adjustment: Training instances of last class: 0
After OOD adjustment: Testing instances of last class: 83
Epoch: 070, Runtime 0.043735, Loss 0.020528, forward nfe 0, backward nfe 0, Train: 0.9600, Val: 0.6471, Test: 0.6226, Best time: 7.8741
After OOD adjustment: Training instances of last class: 0
After OOD adjustment: Testing instances of last class: 83
Epoch: 071, Runtime 0.045533, Loss 0.019985, forward nfe 0, backward nfe 0, Train: 0.9600, Val: 0.6471, Test: 0.6226, Best time: 7.8741
After OOD adjustment: Training instances of last class: 0
After OOD adjustment: Testing instances of last class: 83
Epoch: 072, Runtime 0.043828, Loss 0.019469, forward nfe 0, backward nfe 0, Train: 0.9600, Val: 0.6471, Test: 0.6226, Best time: 7.8741
After OOD adjustment: Training instances of last class: 0
After OOD adjustment: Testing instances of last class: 83
Epoch: 073, Runtime 0.047349, Loss 0.018976, forward nfe 0, backward nfe 0, Train: 0.9600, Val: 0.6471, Test: 0.6226, Best time: 7.8741
After OOD adjustment: Training instances of last class: 0
After OOD adjustment: Testing instances of last class: 83
Epoch: 074, Runtime 0.048568, Loss 0.018505, forward nfe 0, backward nfe 0, Train: 0.9600, Val: 0.6471, Test: 0.6226, Best time: 7.8741
After OOD adjustment: Training instances of last class: 0
After OOD adjustment: Testing instances of last class: 83
Epoch: 075, Runtime 0.045536, Loss 0.018056, forward nfe 0, backward nfe 0, Train: 0.9600, Val: 0.6471, Test: 0.6226, Best time: 7.8741
After OOD adjustment: Training instances of last class: 0
After OOD adjustment: Testing instances of last class: 83
Epoch: 076, Runtime 0.045504, Loss 0.017626, forward nfe 0, backward nfe 0, Train: 0.9600, Val: 0.6471, Test: 0.6226, Best time: 7.8741
After OOD adjustment: Training instances of last class: 0
After OOD adjustment: Testing instances of last class: 83
Epoch: 077, Runtime 0.047586, Loss 0.017214, forward nfe 0, backward nfe 0, Train: 0.9600, Val: 0.6471, Test: 0.6226, Best time: 7.8741
After OOD adjustment: Training instances of last class: 0
After OOD adjustment: Testing instances of last class: 83
Epoch: 078, Runtime 0.047480, Loss 0.016819, forward nfe 0, backward nfe 0, Train: 0.9600, Val: 0.6471, Test: 0.6226, Best time: 7.8741
After OOD adjustment: Training instances of last class: 0
After OOD adjustment: Testing instances of last class: 83
Epoch: 079, Runtime 0.047580, Loss 0.016441, forward nfe 0, backward nfe 0, Train: 0.9600, Val: 0.6471, Test: 0.6226, Best time: 7.8741
After OOD adjustment: Training instances of last class: 0
After OOD adjustment: Testing instances of last class: 83
Epoch: 080, Runtime 0.044872, Loss 0.016078, forward nfe 0, backward nfe 0, Train: 0.9600, Val: 0.6471, Test: 0.6226, Best time: 7.8741
After OOD adjustment: Training instances of last class: 0
After OOD adjustment: Testing instances of last class: 83
Epoch: 081, Runtime 0.049191, Loss 0.015729, forward nfe 0, backward nfe 0, Train: 0.9600, Val: 0.6471, Test: 0.6226, Best time: 7.8741
After OOD adjustment: Training instances of last class: 0
After OOD adjustment: Testing instances of last class: 83
Epoch: 082, Runtime 0.048000, Loss 0.015393, forward nfe 0, backward nfe 0, Train: 0.9600, Val: 0.6471, Test: 0.6226, Best time: 7.8741
After OOD adjustment: Training instances of last class: 0
After OOD adjustment: Testing instances of last class: 83
Epoch: 083, Runtime 0.047290, Loss 0.015070, forward nfe 0, backward nfe 0, Train: 0.9600, Val: 0.6471, Test: 0.6226, Best time: 7.8741
After OOD adjustment: Training instances of last class: 0
After OOD adjustment: Testing instances of last class: 83
Epoch: 084, Runtime 0.048056, Loss 0.014759, forward nfe 0, backward nfe 0, Train: 0.9600, Val: 0.6471, Test: 0.6226, Best time: 7.8741
After OOD adjustment: Training instances of last class: 0
After OOD adjustment: Testing instances of last class: 83
Epoch: 085, Runtime 0.047933, Loss 0.014459, forward nfe 0, backward nfe 0, Train: 0.9600, Val: 0.6471, Test: 0.6226, Best time: 7.8741
After OOD adjustment: Training instances of last class: 0
After OOD adjustment: Testing instances of last class: 83
Epoch: 086, Runtime 0.045798, Loss 0.014170, forward nfe 0, backward nfe 0, Train: 0.9600, Val: 0.6471, Test: 0.6226, Best time: 7.8741
After OOD adjustment: Training instances of last class: 0
After OOD adjustment: Testing instances of last class: 83
Epoch: 087, Runtime 0.048923, Loss 0.013891, forward nfe 0, backward nfe 0, Train: 0.9600, Val: 0.6471, Test: 0.6226, Best time: 7.8741
After OOD adjustment: Training instances of last class: 0
After OOD adjustment: Testing instances of last class: 83
Epoch: 088, Runtime 0.049419, Loss 0.013622, forward nfe 0, backward nfe 0, Train: 0.9600, Val: 0.6471, Test: 0.6226, Best time: 7.8741
After OOD adjustment: Training instances of last class: 0
After OOD adjustment: Testing instances of last class: 83
Epoch: 089, Runtime 0.053581, Loss 0.013361, forward nfe 0, backward nfe 0, Train: 0.9600, Val: 0.6471, Test: 0.6226, Best time: 7.8741
After OOD adjustment: Training instances of last class: 0
After OOD adjustment: Testing instances of last class: 83
Epoch: 090, Runtime 0.049499, Loss 0.013110, forward nfe 0, backward nfe 0, Train: 0.9600, Val: 0.6471, Test: 0.6226, Best time: 7.8741
After OOD adjustment: Training instances of last class: 0
After OOD adjustment: Testing instances of last class: 83
Epoch: 091, Runtime 0.048591, Loss 0.012866, forward nfe 0, backward nfe 0, Train: 0.9600, Val: 0.6471, Test: 0.6226, Best time: 7.8741
After OOD adjustment: Training instances of last class: 0
After OOD adjustment: Testing instances of last class: 83
Epoch: 092, Runtime 0.048223, Loss 0.012630, forward nfe 0, backward nfe 0, Train: 0.9600, Val: 0.6471, Test: 0.6226, Best time: 7.8741
After OOD adjustment: Training instances of last class: 0
After OOD adjustment: Testing instances of last class: 83
Epoch: 093, Runtime 0.048953, Loss 0.012402, forward nfe 0, backward nfe 0, Train: 0.9600, Val: 0.6471, Test: 0.6226, Best time: 7.8741
After OOD adjustment: Training instances of last class: 0
After OOD adjustment: Testing instances of last class: 83
Epoch: 094, Runtime 0.048483, Loss 0.012181, forward nfe 0, backward nfe 0, Train: 0.9600, Val: 0.6471, Test: 0.6226, Best time: 7.8741
After OOD adjustment: Training instances of last class: 0
After OOD adjustment: Testing instances of last class: 83
Epoch: 095, Runtime 0.047720, Loss 0.011966, forward nfe 0, backward nfe 0, Train: 0.9600, Val: 0.6471, Test: 0.6226, Best time: 7.8741
After OOD adjustment: Training instances of last class: 0
After OOD adjustment: Testing instances of last class: 83
Epoch: 096, Runtime 0.049228, Loss 0.011758, forward nfe 0, backward nfe 0, Train: 0.9600, Val: 0.6471, Test: 0.6226, Best time: 7.8741
After OOD adjustment: Training instances of last class: 0
After OOD adjustment: Testing instances of last class: 83
Epoch: 097, Runtime 0.046885, Loss 0.011556, forward nfe 0, backward nfe 0, Train: 0.9600, Val: 0.6471, Test: 0.6226, Best time: 7.8741
After OOD adjustment: Training instances of last class: 0
After OOD adjustment: Testing instances of last class: 83
Epoch: 098, Runtime 0.045213, Loss 0.011360, forward nfe 0, backward nfe 0, Train: 0.9600, Val: 0.6471, Test: 0.6226, Best time: 7.8741
After OOD adjustment: Training instances of last class: 0
After OOD adjustment: Testing instances of last class: 83
Epoch: 099, Runtime 0.046262, Loss 0.011169, forward nfe 0, backward nfe 0, Train: 0.9600, Val: 0.6471, Test: 0.6226, Best time: 7.8741
After OOD adjustment: Training instances of last class: 0
After OOD adjustment: Testing instances of last class: 83
Epoch: 100, Runtime 0.047743, Loss 0.010984, forward nfe 0, backward nfe 0, Train: 0.9600, Val: 0.6471, Test: 0.6226, Best time: 7.8741
After OOD adjustment: Training instances of last class: 0
After OOD adjustment: Testing instances of last class: 83
Epoch: 101, Runtime 0.045458, Loss 0.010804, forward nfe 0, backward nfe 0, Train: 0.9600, Val: 0.6471, Test: 0.6226, Best time: 7.8741
After OOD adjustment: Training instances of last class: 0
After OOD adjustment: Testing instances of last class: 83
Epoch: 102, Runtime 0.046328, Loss 0.010629, forward nfe 0, backward nfe 0, Train: 0.9600, Val: 0.6471, Test: 0.6226, Best time: 7.8741
After OOD adjustment: Training instances of last class: 0
After OOD adjustment: Testing instances of last class: 83
Epoch: 103, Runtime 0.048183, Loss 0.010458, forward nfe 0, backward nfe 0, Train: 0.9600, Val: 0.6471, Test: 0.6226, Best time: 7.8741
After OOD adjustment: Training instances of last class: 0
After OOD adjustment: Testing instances of last class: 83
Epoch: 104, Runtime 0.045588, Loss 0.010292, forward nfe 0, backward nfe 0, Train: 0.9600, Val: 0.6471, Test: 0.6226, Best time: 7.8741
After OOD adjustment: Training instances of last class: 0
After OOD adjustment: Testing instances of last class: 83
Epoch: 105, Runtime 0.047787, Loss 0.010131, forward nfe 0, backward nfe 0, Train: 0.9600, Val: 0.6471, Test: 0.6226, Best time: 7.8741
After OOD adjustment: Training instances of last class: 0
After OOD adjustment: Testing instances of last class: 83
Epoch: 106, Runtime 0.049260, Loss 0.009973, forward nfe 0, backward nfe 0, Train: 0.9600, Val: 0.6471, Test: 0.6226, Best time: 7.8741
After OOD adjustment: Training instances of last class: 0
After OOD adjustment: Testing instances of last class: 83
Epoch: 107, Runtime 0.047483, Loss 0.009820, forward nfe 0, backward nfe 0, Train: 0.9600, Val: 0.6471, Test: 0.6226, Best time: 7.8741
After OOD adjustment: Training instances of last class: 0
After OOD adjustment: Testing instances of last class: 83
Epoch: 108, Runtime 0.045740, Loss 0.009670, forward nfe 0, backward nfe 0, Train: 0.9600, Val: 0.6471, Test: 0.6226, Best time: 7.8741
After OOD adjustment: Training instances of last class: 0
After OOD adjustment: Testing instances of last class: 83
Epoch: 109, Runtime 0.043873, Loss 0.009524, forward nfe 0, backward nfe 0, Train: 0.9600, Val: 0.6471, Test: 0.6226, Best time: 7.8741
After OOD adjustment: Training instances of last class: 0
After OOD adjustment: Testing instances of last class: 83
Epoch: 110, Runtime 0.043809, Loss 0.009382, forward nfe 0, backward nfe 0, Train: 0.9600, Val: 0.6471, Test: 0.6226, Best time: 7.8741
After OOD adjustment: Training instances of last class: 0
After OOD adjustment: Testing instances of last class: 83
Epoch: 111, Runtime 0.046860, Loss 0.009243, forward nfe 0, backward nfe 0, Train: 0.9600, Val: 0.6471, Test: 0.6226, Best time: 7.8741
After OOD adjustment: Training instances of last class: 0
After OOD adjustment: Testing instances of last class: 83
Epoch: 112, Runtime 0.044126, Loss 0.009107, forward nfe 0, backward nfe 0, Train: 0.9600, Val: 0.6471, Test: 0.6226, Best time: 7.8741
After OOD adjustment: Training instances of last class: 0
After OOD adjustment: Testing instances of last class: 83
Epoch: 113, Runtime 0.046356, Loss 0.008975, forward nfe 0, backward nfe 0, Train: 0.9600, Val: 0.6471, Test: 0.6226, Best time: 7.8741
After OOD adjustment: Training instances of last class: 0
After OOD adjustment: Testing instances of last class: 83
Epoch: 114, Runtime 0.046413, Loss 0.008846, forward nfe 0, backward nfe 0, Train: 0.9600, Val: 0.6471, Test: 0.6226, Best time: 7.8741
After OOD adjustment: Training instances of last class: 0
After OOD adjustment: Testing instances of last class: 83
Epoch: 115, Runtime 0.044250, Loss 0.008720, forward nfe 0, backward nfe 0, Train: 0.9600, Val: 0.6471, Test: 0.6226, Best time: 7.8741
After OOD adjustment: Training instances of last class: 0
After OOD adjustment: Testing instances of last class: 83
Epoch: 116, Runtime 0.046948, Loss 0.008596, forward nfe 0, backward nfe 0, Train: 0.9600, Val: 0.6471, Test: 0.6226, Best time: 7.8741
After OOD adjustment: Training instances of last class: 0
After OOD adjustment: Testing instances of last class: 83
Epoch: 117, Runtime 0.048039, Loss 0.008476, forward nfe 0, backward nfe 0, Train: 0.9600, Val: 0.6471, Test: 0.6226, Best time: 7.8741
After OOD adjustment: Training instances of last class: 0
After OOD adjustment: Testing instances of last class: 83
Epoch: 118, Runtime 0.045639, Loss 0.008358, forward nfe 0, backward nfe 0, Train: 0.9600, Val: 0.6471, Test: 0.6226, Best time: 7.8741
After OOD adjustment: Training instances of last class: 0
After OOD adjustment: Testing instances of last class: 83
Epoch: 119, Runtime 0.046985, Loss 0.008243, forward nfe 0, backward nfe 0, Train: 0.9600, Val: 0.6471, Test: 0.6226, Best time: 7.8741
After OOD adjustment: Training instances of last class: 0
After OOD adjustment: Testing instances of last class: 83
Epoch: 120, Runtime 0.047822, Loss 0.008130, forward nfe 0, backward nfe 0, Train: 0.9600, Val: 0.6471, Test: 0.6226, Best time: 7.8741
After OOD adjustment: Training instances of last class: 0
After OOD adjustment: Testing instances of last class: 83
Epoch: 121, Runtime 0.046009, Loss 0.008020, forward nfe 0, backward nfe 0, Train: 0.9600, Val: 0.6471, Test: 0.6226, Best time: 7.8741
After OOD adjustment: Training instances of last class: 0
After OOD adjustment: Testing instances of last class: 83
Epoch: 122, Runtime 0.044369, Loss 0.007912, forward nfe 0, backward nfe 0, Train: 0.9600, Val: 0.6471, Test: 0.6226, Best time: 7.8741
After OOD adjustment: Training instances of last class: 0
After OOD adjustment: Testing instances of last class: 83
Epoch: 123, Runtime 0.048326, Loss 0.007806, forward nfe 0, backward nfe 0, Train: 0.9600, Val: 0.6471, Test: 0.6226, Best time: 7.8741
After OOD adjustment: Training instances of last class: 0
After OOD adjustment: Testing instances of last class: 83
Epoch: 124, Runtime 0.047343, Loss 0.007703, forward nfe 0, backward nfe 0, Train: 0.9600, Val: 0.6471, Test: 0.6226, Best time: 7.8741
After OOD adjustment: Training instances of last class: 0
After OOD adjustment: Testing instances of last class: 83
Epoch: 125, Runtime 0.049654, Loss 0.007602, forward nfe 0, backward nfe 0, Train: 0.9600, Val: 0.6471, Test: 0.6226, Best time: 7.8741
After OOD adjustment: Training instances of last class: 0
After OOD adjustment: Testing instances of last class: 83
Epoch: 126, Runtime 0.049333, Loss 0.007502, forward nfe 0, backward nfe 0, Train: 0.9600, Val: 0.6471, Test: 0.6226, Best time: 7.8741
After OOD adjustment: Training instances of last class: 0
After OOD adjustment: Testing instances of last class: 83
Epoch: 127, Runtime 0.046490, Loss 0.007405, forward nfe 0, backward nfe 0, Train: 0.9600, Val: 0.6471, Test: 0.6226, Best time: 7.8741
After OOD adjustment: Training instances of last class: 0
After OOD adjustment: Testing instances of last class: 83
Epoch: 128, Runtime 0.048725, Loss 0.007310, forward nfe 0, backward nfe 0, Train: 0.9600, Val: 0.6471, Test: 0.6226, Best time: 7.8741
After OOD adjustment: Training instances of last class: 0
After OOD adjustment: Testing instances of last class: 83
Epoch: 129, Runtime 0.047679, Loss 0.007217, forward nfe 0, backward nfe 0, Train: 0.9600, Val: 0.6471, Test: 0.6226, Best time: 7.8741
After OOD adjustment: Training instances of last class: 0
After OOD adjustment: Testing instances of last class: 83
Epoch: 130, Runtime 0.047089, Loss 0.007126, forward nfe 0, backward nfe 0, Train: 0.9600, Val: 0.6471, Test: 0.6226, Best time: 7.8741
After OOD adjustment: Training instances of last class: 0
After OOD adjustment: Testing instances of last class: 83
Epoch: 131, Runtime 0.044923, Loss 0.007036, forward nfe 0, backward nfe 0, Train: 0.9600, Val: 0.6471, Test: 0.6226, Best time: 7.8741
After OOD adjustment: Training instances of last class: 0
After OOD adjustment: Testing instances of last class: 83
Epoch: 132, Runtime 0.047913, Loss 0.006949, forward nfe 0, backward nfe 0, Train: 0.9600, Val: 0.6471, Test: 0.6226, Best time: 7.8741
After OOD adjustment: Training instances of last class: 0
After OOD adjustment: Testing instances of last class: 83
Epoch: 133, Runtime 0.044943, Loss 0.006863, forward nfe 0, backward nfe 0, Train: 0.9600, Val: 0.6471, Test: 0.6226, Best time: 7.8741
After OOD adjustment: Training instances of last class: 0
After OOD adjustment: Testing instances of last class: 83
Epoch: 134, Runtime 0.048825, Loss 0.006778, forward nfe 0, backward nfe 0, Train: 0.9600, Val: 0.6471, Test: 0.6226, Best time: 7.8741
After OOD adjustment: Training instances of last class: 0
After OOD adjustment: Testing instances of last class: 83
Epoch: 135, Runtime 0.047109, Loss 0.006696, forward nfe 0, backward nfe 0, Train: 0.9600, Val: 0.6471, Test: 0.6226, Best time: 7.8741
After OOD adjustment: Training instances of last class: 0
After OOD adjustment: Testing instances of last class: 83
Epoch: 136, Runtime 0.047591, Loss 0.006615, forward nfe 0, backward nfe 0, Train: 0.9600, Val: 0.6471, Test: 0.6226, Best time: 7.8741
After OOD adjustment: Training instances of last class: 0
After OOD adjustment: Testing instances of last class: 83
Epoch: 137, Runtime 0.047639, Loss 0.006535, forward nfe 0, backward nfe 0, Train: 0.9600, Val: 0.6471, Test: 0.6226, Best time: 7.8741
After OOD adjustment: Training instances of last class: 0
After OOD adjustment: Testing instances of last class: 83
Epoch: 138, Runtime 0.047571, Loss 0.006457, forward nfe 0, backward nfe 0, Train: 0.9600, Val: 0.6471, Test: 0.6226, Best time: 7.8741
After OOD adjustment: Training instances of last class: 0
After OOD adjustment: Testing instances of last class: 83
Epoch: 139, Runtime 0.048099, Loss 0.006380, forward nfe 0, backward nfe 0, Train: 0.9600, Val: 0.6471, Test: 0.6226, Best time: 7.8741
After OOD adjustment: Training instances of last class: 0
After OOD adjustment: Testing instances of last class: 83
Epoch: 140, Runtime 0.045917, Loss 0.006305, forward nfe 0, backward nfe 0, Train: 0.9600, Val: 0.6471, Test: 0.6226, Best time: 7.8741
After OOD adjustment: Training instances of last class: 0
After OOD adjustment: Testing instances of last class: 83
Epoch: 141, Runtime 0.048167, Loss 0.006231, forward nfe 0, backward nfe 0, Train: 0.9600, Val: 0.6471, Test: 0.6226, Best time: 7.8741
After OOD adjustment: Training instances of last class: 0
After OOD adjustment: Testing instances of last class: 83
Epoch: 142, Runtime 0.047459, Loss 0.006159, forward nfe 0, backward nfe 0, Train: 0.9600, Val: 0.6471, Test: 0.6226, Best time: 7.8741
After OOD adjustment: Training instances of last class: 0
After OOD adjustment: Testing instances of last class: 83
Epoch: 143, Runtime 0.044797, Loss 0.006088, forward nfe 0, backward nfe 0, Train: 0.9600, Val: 0.6471, Test: 0.6226, Best time: 7.8741
After OOD adjustment: Training instances of last class: 0
After OOD adjustment: Testing instances of last class: 83
Epoch: 144, Runtime 0.046672, Loss 0.006018, forward nfe 0, backward nfe 0, Train: 0.9600, Val: 0.6471, Test: 0.6226, Best time: 7.8741
After OOD adjustment: Training instances of last class: 0
After OOD adjustment: Testing instances of last class: 83
Epoch: 145, Runtime 0.048406, Loss 0.005949, forward nfe 0, backward nfe 0, Train: 0.9600, Val: 0.6471, Test: 0.6226, Best time: 7.8741
After OOD adjustment: Training instances of last class: 0
After OOD adjustment: Testing instances of last class: 83
Epoch: 146, Runtime 0.045163, Loss 0.005882, forward nfe 0, backward nfe 0, Train: 0.9600, Val: 0.6471, Test: 0.6226, Best time: 7.8741
After OOD adjustment: Training instances of last class: 0
After OOD adjustment: Testing instances of last class: 83
Epoch: 147, Runtime 0.044492, Loss 0.005815, forward nfe 0, backward nfe 0, Train: 0.9600, Val: 0.6471, Test: 0.6226, Best time: 7.8741
After OOD adjustment: Training instances of last class: 0
After OOD adjustment: Testing instances of last class: 83
Epoch: 148, Runtime 0.045174, Loss 0.005750, forward nfe 0, backward nfe 0, Train: 0.9600, Val: 0.6471, Test: 0.6226, Best time: 7.8741
After OOD adjustment: Training instances of last class: 0
After OOD adjustment: Testing instances of last class: 83
Epoch: 149, Runtime 0.047969, Loss 0.005686, forward nfe 0, backward nfe 0, Train: 0.9600, Val: 0.6471, Test: 0.6226, Best time: 7.8741
After OOD adjustment: Training instances of last class: 0
After OOD adjustment: Testing instances of last class: 83
Epoch: 150, Runtime 0.045013, Loss 0.005623, forward nfe 0, backward nfe 0, Train: 0.9600, Val: 0.6471, Test: 0.6226, Best time: 7.8741
After OOD adjustment: Training instances of last class: 0
After OOD adjustment: Testing instances of last class: 83
Epoch: 151, Runtime 0.048213, Loss 0.005562, forward nfe 0, backward nfe 0, Train: 0.9600, Val: 0.6471, Test: 0.6226, Best time: 7.8741
After OOD adjustment: Training instances of last class: 0
After OOD adjustment: Testing instances of last class: 83
Epoch: 152, Runtime 0.047830, Loss 0.005501, forward nfe 0, backward nfe 0, Train: 0.9600, Val: 0.6471, Test: 0.6226, Best time: 7.8741
After OOD adjustment: Training instances of last class: 0
After OOD adjustment: Testing instances of last class: 83
Epoch: 153, Runtime 0.047041, Loss 0.005441, forward nfe 0, backward nfe 0, Train: 0.9600, Val: 0.6471, Test: 0.6226, Best time: 7.8741
After OOD adjustment: Training instances of last class: 0
After OOD adjustment: Testing instances of last class: 83
Epoch: 154, Runtime 0.048318, Loss 0.005383, forward nfe 0, backward nfe 0, Train: 0.9600, Val: 0.6471, Test: 0.6226, Best time: 7.8741
After OOD adjustment: Training instances of last class: 0
After OOD adjustment: Testing instances of last class: 83
Epoch: 155, Runtime 0.048038, Loss 0.005325, forward nfe 0, backward nfe 0, Train: 0.9600, Val: 0.6471, Test: 0.6226, Best time: 7.8741
After OOD adjustment: Training instances of last class: 0
After OOD adjustment: Testing instances of last class: 83
Epoch: 156, Runtime 0.045492, Loss 0.005268, forward nfe 0, backward nfe 0, Train: 0.9600, Val: 0.6471, Test: 0.6226, Best time: 7.8741
After OOD adjustment: Training instances of last class: 0
After OOD adjustment: Testing instances of last class: 83
Epoch: 157, Runtime 0.049919, Loss 0.005212, forward nfe 0, backward nfe 0, Train: 0.9600, Val: 0.6471, Test: 0.6226, Best time: 7.8741
After OOD adjustment: Training instances of last class: 0
After OOD adjustment: Testing instances of last class: 83
Epoch: 158, Runtime 0.047538, Loss 0.005157, forward nfe 0, backward nfe 0, Train: 0.9600, Val: 0.6471, Test: 0.6226, Best time: 7.8741
After OOD adjustment: Training instances of last class: 0
After OOD adjustment: Testing instances of last class: 83
Epoch: 159, Runtime 0.048049, Loss 0.005103, forward nfe 0, backward nfe 0, Train: 0.9600, Val: 0.6471, Test: 0.6226, Best time: 7.8741
After OOD adjustment: Training instances of last class: 0
After OOD adjustment: Testing instances of last class: 83
Epoch: 160, Runtime 0.047884, Loss 0.005050, forward nfe 0, backward nfe 0, Train: 0.9600, Val: 0.6471, Test: 0.6226, Best time: 7.8741
After OOD adjustment: Training instances of last class: 0
After OOD adjustment: Testing instances of last class: 83
Epoch: 161, Runtime 0.048188, Loss 0.004998, forward nfe 0, backward nfe 0, Train: 0.9600, Val: 0.6471, Test: 0.6226, Best time: 7.8741
After OOD adjustment: Training instances of last class: 0
After OOD adjustment: Testing instances of last class: 83
Epoch: 162, Runtime 0.047282, Loss 0.004947, forward nfe 0, backward nfe 0, Train: 0.9600, Val: 0.6471, Test: 0.6226, Best time: 7.8741
After OOD adjustment: Training instances of last class: 0
After OOD adjustment: Testing instances of last class: 83
Epoch: 163, Runtime 0.047810, Loss 0.004896, forward nfe 0, backward nfe 0, Train: 0.9600, Val: 0.6471, Test: 0.6226, Best time: 7.8741
After OOD adjustment: Training instances of last class: 0
After OOD adjustment: Testing instances of last class: 83
Epoch: 164, Runtime 0.049013, Loss 0.004846, forward nfe 0, backward nfe 0, Train: 0.9600, Val: 0.6471, Test: 0.6226, Best time: 7.8741
After OOD adjustment: Training instances of last class: 0
After OOD adjustment: Testing instances of last class: 83
Epoch: 165, Runtime 0.046180, Loss 0.004797, forward nfe 0, backward nfe 0, Train: 0.9600, Val: 0.6471, Test: 0.6226, Best time: 7.8741
After OOD adjustment: Training instances of last class: 0
After OOD adjustment: Testing instances of last class: 83
Epoch: 166, Runtime 0.044649, Loss 0.004749, forward nfe 0, backward nfe 0, Train: 0.9600, Val: 0.6471, Test: 0.6226, Best time: 7.8741
After OOD adjustment: Training instances of last class: 0
After OOD adjustment: Testing instances of last class: 83
Epoch: 167, Runtime 0.044656, Loss 0.004701, forward nfe 0, backward nfe 0, Train: 0.9600, Val: 0.6471, Test: 0.6226, Best time: 7.8741
After OOD adjustment: Training instances of last class: 0
After OOD adjustment: Testing instances of last class: 83
Epoch: 168, Runtime 0.045954, Loss 0.004655, forward nfe 0, backward nfe 0, Train: 0.9600, Val: 0.6471, Test: 0.6226, Best time: 7.8741
After OOD adjustment: Training instances of last class: 0
After OOD adjustment: Testing instances of last class: 83
Epoch: 169, Runtime 0.048132, Loss 0.004608, forward nfe 0, backward nfe 0, Train: 0.9600, Val: 0.6471, Test: 0.6226, Best time: 7.8741
After OOD adjustment: Training instances of last class: 0
After OOD adjustment: Testing instances of last class: 83
Epoch: 170, Runtime 0.047687, Loss 0.004563, forward nfe 0, backward nfe 0, Train: 0.9600, Val: 0.6471, Test: 0.6226, Best time: 7.8741
After OOD adjustment: Training instances of last class: 0
After OOD adjustment: Testing instances of last class: 83
Epoch: 171, Runtime 0.048372, Loss 0.004518, forward nfe 0, backward nfe 0, Train: 0.9600, Val: 0.6471, Test: 0.6226, Best time: 7.8741
After OOD adjustment: Training instances of last class: 0
After OOD adjustment: Testing instances of last class: 83
Epoch: 172, Runtime 0.044926, Loss 0.004474, forward nfe 0, backward nfe 0, Train: 0.9600, Val: 0.6471, Test: 0.6226, Best time: 7.8741
After OOD adjustment: Training instances of last class: 0
After OOD adjustment: Testing instances of last class: 83
Epoch: 173, Runtime 0.048434, Loss 0.004431, forward nfe 0, backward nfe 0, Train: 0.9600, Val: 0.6471, Test: 0.6226, Best time: 7.8741
After OOD adjustment: Training instances of last class: 0
After OOD adjustment: Testing instances of last class: 83
Epoch: 174, Runtime 0.046630, Loss 0.004388, forward nfe 0, backward nfe 0, Train: 0.9600, Val: 0.6471, Test: 0.6226, Best time: 7.8741
After OOD adjustment: Training instances of last class: 0
After OOD adjustment: Testing instances of last class: 83
Epoch: 175, Runtime 0.047379, Loss 0.004346, forward nfe 0, backward nfe 0, Train: 0.9600, Val: 0.6471, Test: 0.6226, Best time: 7.8741
After OOD adjustment: Training instances of last class: 0
After OOD adjustment: Testing instances of last class: 83
Epoch: 176, Runtime 0.046679, Loss 0.004305, forward nfe 0, backward nfe 0, Train: 0.9600, Val: 0.6471, Test: 0.6226, Best time: 7.8741
After OOD adjustment: Training instances of last class: 0
After OOD adjustment: Testing instances of last class: 83
Epoch: 177, Runtime 0.045667, Loss 0.004264, forward nfe 0, backward nfe 0, Train: 0.9600, Val: 0.6471, Test: 0.6226, Best time: 7.8741
After OOD adjustment: Training instances of last class: 0
After OOD adjustment: Testing instances of last class: 83
Epoch: 178, Runtime 0.044771, Loss 0.004224, forward nfe 0, backward nfe 0, Train: 0.9600, Val: 0.6471, Test: 0.6226, Best time: 7.8741
After OOD adjustment: Training instances of last class: 0
After OOD adjustment: Testing instances of last class: 83
Epoch: 179, Runtime 0.047454, Loss 0.004184, forward nfe 0, backward nfe 0, Train: 0.9600, Val: 0.6471, Test: 0.6226, Best time: 7.8741
After OOD adjustment: Training instances of last class: 0
After OOD adjustment: Testing instances of last class: 83
Epoch: 180, Runtime 0.048274, Loss 0.004145, forward nfe 0, backward nfe 0, Train: 0.9600, Val: 0.6471, Test: 0.6226, Best time: 7.8741
After OOD adjustment: Training instances of last class: 0
After OOD adjustment: Testing instances of last class: 83
Epoch: 181, Runtime 0.045500, Loss 0.004107, forward nfe 0, backward nfe 0, Train: 0.9600, Val: 0.6471, Test: 0.6226, Best time: 7.8741
After OOD adjustment: Training instances of last class: 0
After OOD adjustment: Testing instances of last class: 83
Epoch: 182, Runtime 0.048467, Loss 0.004069, forward nfe 0, backward nfe 0, Train: 0.9600, Val: 0.6471, Test: 0.6226, Best time: 7.8741
After OOD adjustment: Training instances of last class: 0
After OOD adjustment: Testing instances of last class: 83
Epoch: 183, Runtime 0.048634, Loss 0.004031, forward nfe 0, backward nfe 0, Train: 0.9600, Val: 0.6471, Test: 0.6226, Best time: 7.8741
After OOD adjustment: Training instances of last class: 0
After OOD adjustment: Testing instances of last class: 83
Epoch: 184, Runtime 0.047832, Loss 0.003994, forward nfe 0, backward nfe 0, Train: 0.9600, Val: 0.6471, Test: 0.6226, Best time: 7.8741
After OOD adjustment: Training instances of last class: 0
After OOD adjustment: Testing instances of last class: 83
Epoch: 185, Runtime 0.046944, Loss 0.003958, forward nfe 0, backward nfe 0, Train: 0.9600, Val: 0.6471, Test: 0.6226, Best time: 7.8741
After OOD adjustment: Training instances of last class: 0
After OOD adjustment: Testing instances of last class: 83
Epoch: 186, Runtime 0.047269, Loss 0.003922, forward nfe 0, backward nfe 0, Train: 0.9600, Val: 0.6471, Test: 0.6226, Best time: 7.8741
After OOD adjustment: Training instances of last class: 0
After OOD adjustment: Testing instances of last class: 83
Epoch: 187, Runtime 0.049273, Loss 0.003887, forward nfe 0, backward nfe 0, Train: 0.9600, Val: 0.6471, Test: 0.6226, Best time: 7.8741
After OOD adjustment: Training instances of last class: 0
After OOD adjustment: Testing instances of last class: 83
Epoch: 188, Runtime 0.048488, Loss 0.003852, forward nfe 0, backward nfe 0, Train: 0.9600, Val: 0.6471, Test: 0.6226, Best time: 7.8741
After OOD adjustment: Training instances of last class: 0
After OOD adjustment: Testing instances of last class: 83
Epoch: 189, Runtime 0.048088, Loss 0.003818, forward nfe 0, backward nfe 0, Train: 0.9600, Val: 0.6471, Test: 0.6226, Best time: 7.8741
After OOD adjustment: Training instances of last class: 0
After OOD adjustment: Testing instances of last class: 83
Epoch: 190, Runtime 0.045153, Loss 0.003784, forward nfe 0, backward nfe 0, Train: 0.9600, Val: 0.6471, Test: 0.6226, Best time: 7.8741
After OOD adjustment: Training instances of last class: 0
After OOD adjustment: Testing instances of last class: 83
Epoch: 191, Runtime 0.048337, Loss 0.003750, forward nfe 0, backward nfe 0, Train: 0.9600, Val: 0.6471, Test: 0.6226, Best time: 7.8741
After OOD adjustment: Training instances of last class: 0
After OOD adjustment: Testing instances of last class: 83
Epoch: 192, Runtime 0.048064, Loss 0.003717, forward nfe 0, backward nfe 0, Train: 0.9600, Val: 0.6471, Test: 0.6226, Best time: 7.8741
After OOD adjustment: Training instances of last class: 0
After OOD adjustment: Testing instances of last class: 83
Epoch: 193, Runtime 0.047446, Loss 0.003685, forward nfe 0, backward nfe 0, Train: 0.9600, Val: 0.6471, Test: 0.6226, Best time: 7.8741
After OOD adjustment: Training instances of last class: 0
After OOD adjustment: Testing instances of last class: 83
Epoch: 194, Runtime 0.047440, Loss 0.003653, forward nfe 0, backward nfe 0, Train: 0.9600, Val: 0.6471, Test: 0.6226, Best time: 7.8741
After OOD adjustment: Training instances of last class: 0
After OOD adjustment: Testing instances of last class: 83
Epoch: 195, Runtime 0.048003, Loss 0.003621, forward nfe 0, backward nfe 0, Train: 0.9600, Val: 0.6471, Test: 0.6226, Best time: 7.8741
After OOD adjustment: Training instances of last class: 0
After OOD adjustment: Testing instances of last class: 83
Epoch: 196, Runtime 0.045379, Loss 0.003590, forward nfe 0, backward nfe 0, Train: 0.9600, Val: 0.6471, Test: 0.6226, Best time: 7.8741
After OOD adjustment: Training instances of last class: 0
After OOD adjustment: Testing instances of last class: 83
Epoch: 197, Runtime 0.048170, Loss 0.003559, forward nfe 0, backward nfe 0, Train: 0.9600, Val: 0.6471, Test: 0.6226, Best time: 7.8741
After OOD adjustment: Training instances of last class: 0
After OOD adjustment: Testing instances of last class: 83
Epoch: 198, Runtime 0.045181, Loss 0.003529, forward nfe 0, backward nfe 0, Train: 0.9600, Val: 0.6471, Test: 0.6226, Best time: 7.8741
After OOD adjustment: Training instances of last class: 0
After OOD adjustment: Testing instances of last class: 83
Epoch: 199, Runtime 0.046733, Loss 0.003498, forward nfe 0, backward nfe 0, Train: 0.9600, Val: 0.6471, Test: 0.6226, Best time: 7.8741
After OOD adjustment: Training instances of last class: 0
After OOD adjustment: Testing instances of last class: 83
Epoch: 200, Runtime 0.047755, Loss 0.003469, forward nfe 0, backward nfe 0, Train: 0.9600, Val: 0.6471, Test: 0.6226, Best time: 7.8741
After OOD adjustment: Training instances of last class: 0
After OOD adjustment: Testing instances of last class: 83
Epoch: 201, Runtime 0.047252, Loss 0.003440, forward nfe 0, backward nfe 0, Train: 0.9600, Val: 0.6471, Test: 0.6226, Best time: 7.8741
After OOD adjustment: Training instances of last class: 0
After OOD adjustment: Testing instances of last class: 83
Epoch: 202, Runtime 0.045381, Loss 0.003411, forward nfe 0, backward nfe 0, Train: 0.9600, Val: 0.6471, Test: 0.6226, Best time: 7.8741
After OOD adjustment: Training instances of last class: 0
After OOD adjustment: Testing instances of last class: 83
Epoch: 203, Runtime 0.047807, Loss 0.003382, forward nfe 0, backward nfe 0, Train: 0.9600, Val: 0.6471, Test: 0.6226, Best time: 7.8741
After OOD adjustment: Training instances of last class: 0
After OOD adjustment: Testing instances of last class: 83
Epoch: 204, Runtime 0.048167, Loss 0.003354, forward nfe 0, backward nfe 0, Train: 0.9600, Val: 0.6471, Test: 0.6226, Best time: 7.8741
After OOD adjustment: Training instances of last class: 0
After OOD adjustment: Testing instances of last class: 83
Epoch: 205, Runtime 0.047210, Loss 0.003326, forward nfe 0, backward nfe 0, Train: 0.9600, Val: 0.6471, Test: 0.6226, Best time: 7.8741
After OOD adjustment: Training instances of last class: 0
After OOD adjustment: Testing instances of last class: 83
Epoch: 206, Runtime 0.047760, Loss 0.003299, forward nfe 0, backward nfe 0, Train: 0.9600, Val: 0.6471, Test: 0.6226, Best time: 7.8741
After OOD adjustment: Training instances of last class: 0
After OOD adjustment: Testing instances of last class: 83
Epoch: 207, Runtime 0.047613, Loss 0.003272, forward nfe 0, backward nfe 0, Train: 0.9600, Val: 0.6471, Test: 0.6226, Best time: 7.8741
After OOD adjustment: Training instances of last class: 0
After OOD adjustment: Testing instances of last class: 83
Epoch: 208, Runtime 0.045830, Loss 0.003245, forward nfe 0, backward nfe 0, Train: 0.9600, Val: 0.6471, Test: 0.6226, Best time: 7.8741
After OOD adjustment: Training instances of last class: 0
After OOD adjustment: Testing instances of last class: 83
Epoch: 209, Runtime 0.048922, Loss 0.003219, forward nfe 0, backward nfe 0, Train: 0.9600, Val: 0.6471, Test: 0.6226, Best time: 7.8741
After OOD adjustment: Training instances of last class: 0
After OOD adjustment: Testing instances of last class: 83
Epoch: 210, Runtime 0.045239, Loss 0.003193, forward nfe 0, backward nfe 0, Train: 0.9600, Val: 0.6471, Test: 0.6226, Best time: 7.8741
After OOD adjustment: Training instances of last class: 0
After OOD adjustment: Testing instances of last class: 83
Epoch: 211, Runtime 0.048120, Loss 0.003167, forward nfe 0, backward nfe 0, Train: 0.9600, Val: 0.6471, Test: 0.6226, Best time: 7.8741
After OOD adjustment: Training instances of last class: 0
After OOD adjustment: Testing instances of last class: 83
Epoch: 212, Runtime 0.045365, Loss 0.003142, forward nfe 0, backward nfe 0, Train: 0.9600, Val: 0.6471, Test: 0.6226, Best time: 7.8741
After OOD adjustment: Training instances of last class: 0
After OOD adjustment: Testing instances of last class: 83
Epoch: 213, Runtime 0.049144, Loss 0.003116, forward nfe 0, backward nfe 0, Train: 0.9600, Val: 0.6471, Test: 0.6226, Best time: 7.8741
After OOD adjustment: Training instances of last class: 0
After OOD adjustment: Testing instances of last class: 83
Epoch: 214, Runtime 0.048064, Loss 0.003092, forward nfe 0, backward nfe 0, Train: 0.9600, Val: 0.6471, Test: 0.6226, Best time: 7.8741
After OOD adjustment: Training instances of last class: 0
After OOD adjustment: Testing instances of last class: 83
Epoch: 215, Runtime 0.047585, Loss 0.003067, forward nfe 0, backward nfe 0, Train: 0.9600, Val: 0.6471, Test: 0.6226, Best time: 7.8741
After OOD adjustment: Training instances of last class: 0
After OOD adjustment: Testing instances of last class: 83
Epoch: 216, Runtime 0.045106, Loss 0.003043, forward nfe 0, backward nfe 0, Train: 0.9600, Val: 0.6471, Test: 0.6226, Best time: 7.8741
After OOD adjustment: Training instances of last class: 0
After OOD adjustment: Testing instances of last class: 83
Epoch: 217, Runtime 0.044541, Loss 0.003019, forward nfe 0, backward nfe 0, Train: 0.9600, Val: 0.6471, Test: 0.6226, Best time: 7.8741
After OOD adjustment: Training instances of last class: 0
After OOD adjustment: Testing instances of last class: 83
Epoch: 218, Runtime 0.049274, Loss 0.002995, forward nfe 0, backward nfe 0, Train: 0.9600, Val: 0.6471, Test: 0.6226, Best time: 7.8741
After OOD adjustment: Training instances of last class: 0
After OOD adjustment: Testing instances of last class: 83
Epoch: 219, Runtime 0.049414, Loss 0.002972, forward nfe 0, backward nfe 0, Train: 0.9600, Val: 0.6471, Test: 0.6226, Best time: 7.8741
After OOD adjustment: Training instances of last class: 0
After OOD adjustment: Testing instances of last class: 83
Epoch: 220, Runtime 0.045970, Loss 0.002949, forward nfe 0, backward nfe 0, Train: 0.9600, Val: 0.6471, Test: 0.6226, Best time: 7.8741
After OOD adjustment: Training instances of last class: 0
After OOD adjustment: Testing instances of last class: 83
Epoch: 221, Runtime 0.045414, Loss 0.002926, forward nfe 0, backward nfe 0, Train: 0.9600, Val: 0.6471, Test: 0.6226, Best time: 7.8741
After OOD adjustment: Training instances of last class: 0
After OOD adjustment: Testing instances of last class: 83
Epoch: 222, Runtime 0.048490, Loss 0.002904, forward nfe 0, backward nfe 0, Train: 0.9600, Val: 0.6471, Test: 0.6226, Best time: 7.8741
After OOD adjustment: Training instances of last class: 0
After OOD adjustment: Testing instances of last class: 83
Epoch: 223, Runtime 0.047732, Loss 0.002882, forward nfe 0, backward nfe 0, Train: 0.9600, Val: 0.6471, Test: 0.6226, Best time: 7.8741
After OOD adjustment: Training instances of last class: 0
After OOD adjustment: Testing instances of last class: 83
Epoch: 224, Runtime 0.047714, Loss 0.002860, forward nfe 0, backward nfe 0, Train: 0.9600, Val: 0.6471, Test: 0.6226, Best time: 7.8741
After OOD adjustment: Training instances of last class: 0
After OOD adjustment: Testing instances of last class: 83
Epoch: 225, Runtime 0.049143, Loss 0.002838, forward nfe 0, backward nfe 0, Train: 0.9600, Val: 0.6471, Test: 0.6226, Best time: 7.8741
After OOD adjustment: Training instances of last class: 0
After OOD adjustment: Testing instances of last class: 83
Epoch: 226, Runtime 0.045135, Loss 0.002816, forward nfe 0, backward nfe 0, Train: 0.9600, Val: 0.6471, Test: 0.6226, Best time: 7.8741
After OOD adjustment: Training instances of last class: 0
After OOD adjustment: Testing instances of last class: 83
Epoch: 227, Runtime 0.044687, Loss 0.002795, forward nfe 0, backward nfe 0, Train: 0.9600, Val: 0.6471, Test: 0.6226, Best time: 7.8741
After OOD adjustment: Training instances of last class: 0
After OOD adjustment: Testing instances of last class: 83
Epoch: 228, Runtime 0.047737, Loss 0.002774, forward nfe 0, backward nfe 0, Train: 0.9600, Val: 0.6471, Test: 0.6226, Best time: 7.8741
After OOD adjustment: Training instances of last class: 0
After OOD adjustment: Testing instances of last class: 83
Epoch: 229, Runtime 0.047786, Loss 0.002753, forward nfe 0, backward nfe 0, Train: 0.9600, Val: 0.6471, Test: 0.6226, Best time: 7.8741
After OOD adjustment: Training instances of last class: 0
After OOD adjustment: Testing instances of last class: 83
Epoch: 230, Runtime 0.047814, Loss 0.002733, forward nfe 0, backward nfe 0, Train: 0.9600, Val: 0.6471, Test: 0.6226, Best time: 7.8741
After OOD adjustment: Training instances of last class: 0
After OOD adjustment: Testing instances of last class: 83
Epoch: 231, Runtime 0.047760, Loss 0.002713, forward nfe 0, backward nfe 0, Train: 0.9600, Val: 0.6471, Test: 0.6226, Best time: 7.8741
After OOD adjustment: Training instances of last class: 0
After OOD adjustment: Testing instances of last class: 83
Epoch: 232, Runtime 0.044739, Loss 0.002693, forward nfe 0, backward nfe 0, Train: 0.9600, Val: 0.6471, Test: 0.6226, Best time: 7.8741
After OOD adjustment: Training instances of last class: 0
After OOD adjustment: Testing instances of last class: 83
Epoch: 233, Runtime 0.047729, Loss 0.002673, forward nfe 0, backward nfe 0, Train: 0.9600, Val: 0.6471, Test: 0.6226, Best time: 7.8741
After OOD adjustment: Training instances of last class: 0
After OOD adjustment: Testing instances of last class: 83
Epoch: 234, Runtime 0.048196, Loss 0.002653, forward nfe 0, backward nfe 0, Train: 0.9600, Val: 0.6471, Test: 0.6226, Best time: 7.8741
After OOD adjustment: Training instances of last class: 0
After OOD adjustment: Testing instances of last class: 83
Epoch: 235, Runtime 0.049259, Loss 0.002634, forward nfe 0, backward nfe 0, Train: 0.9600, Val: 0.6471, Test: 0.6226, Best time: 7.8741
After OOD adjustment: Training instances of last class: 0
After OOD adjustment: Testing instances of last class: 83
Epoch: 236, Runtime 0.047594, Loss 0.002615, forward nfe 0, backward nfe 0, Train: 0.9600, Val: 0.6471, Test: 0.6226, Best time: 7.8741
After OOD adjustment: Training instances of last class: 0
After OOD adjustment: Testing instances of last class: 83
Epoch: 237, Runtime 0.049445, Loss 0.002596, forward nfe 0, backward nfe 0, Train: 0.9600, Val: 0.6471, Test: 0.6226, Best time: 7.8741
After OOD adjustment: Training instances of last class: 0
After OOD adjustment: Testing instances of last class: 83
Epoch: 238, Runtime 0.048097, Loss 0.002577, forward nfe 0, backward nfe 0, Train: 0.9600, Val: 0.6471, Test: 0.6226, Best time: 7.8741
After OOD adjustment: Training instances of last class: 0
After OOD adjustment: Testing instances of last class: 83
Epoch: 239, Runtime 0.047624, Loss 0.002559, forward nfe 0, backward nfe 0, Train: 0.9600, Val: 0.6471, Test: 0.6226, Best time: 7.8741
After OOD adjustment: Training instances of last class: 0
After OOD adjustment: Testing instances of last class: 83
Epoch: 240, Runtime 0.048011, Loss 0.002540, forward nfe 0, backward nfe 0, Train: 0.9600, Val: 0.6471, Test: 0.6226, Best time: 7.8741
After OOD adjustment: Training instances of last class: 0
After OOD adjustment: Testing instances of last class: 83
Epoch: 241, Runtime 0.045054, Loss 0.002522, forward nfe 0, backward nfe 0, Train: 0.9600, Val: 0.6471, Test: 0.6226, Best time: 7.8741
After OOD adjustment: Training instances of last class: 0
After OOD adjustment: Testing instances of last class: 83
Epoch: 242, Runtime 0.049424, Loss 0.002504, forward nfe 0, backward nfe 0, Train: 0.9600, Val: 0.6471, Test: 0.6226, Best time: 7.8741
After OOD adjustment: Training instances of last class: 0
After OOD adjustment: Testing instances of last class: 83
Epoch: 243, Runtime 0.049329, Loss 0.002487, forward nfe 0, backward nfe 0, Train: 0.9600, Val: 0.6471, Test: 0.6226, Best time: 7.8741
After OOD adjustment: Training instances of last class: 0
After OOD adjustment: Testing instances of last class: 83
Epoch: 244, Runtime 0.046668, Loss 0.002469, forward nfe 0, backward nfe 0, Train: 0.9600, Val: 0.6471, Test: 0.6226, Best time: 7.8741
After OOD adjustment: Training instances of last class: 0
After OOD adjustment: Testing instances of last class: 83
Epoch: 245, Runtime 0.047898, Loss 0.002452, forward nfe 0, backward nfe 0, Train: 0.9600, Val: 0.6471, Test: 0.6226, Best time: 7.8741
After OOD adjustment: Training instances of last class: 0
After OOD adjustment: Testing instances of last class: 83
Epoch: 246, Runtime 0.049480, Loss 0.002435, forward nfe 0, backward nfe 0, Train: 0.9600, Val: 0.6471, Test: 0.6226, Best time: 7.8741
After OOD adjustment: Training instances of last class: 0
After OOD adjustment: Testing instances of last class: 83
Epoch: 247, Runtime 0.046663, Loss 0.002418, forward nfe 0, backward nfe 0, Train: 0.9600, Val: 0.6471, Test: 0.6226, Best time: 7.8741
After OOD adjustment: Training instances of last class: 0
After OOD adjustment: Testing instances of last class: 83
Epoch: 248, Runtime 0.047841, Loss 0.002401, forward nfe 0, backward nfe 0, Train: 0.9600, Val: 0.6471, Test: 0.6226, Best time: 7.8741
After OOD adjustment: Training instances of last class: 0
After OOD adjustment: Testing instances of last class: 83
Epoch: 249, Runtime 0.047774, Loss 0.002384, forward nfe 0, backward nfe 0, Train: 0.9600, Val: 0.6471, Test: 0.6226, Best time: 7.8741
best val accuracy 0.647101 with test accuracy 0.622581 at epoch 11 and best time 7.874113
base_directory resutls_prob/OOD_Citeseer
new_name:  gnn_ODD
file_path 1 resutls_prob/OOD_Citeseer/gnn_ODD_prediction_probabilities_77.npz
file_path 2 resutls_prob/OOD_Citeseer/gnn_ODD_prediction_probabilities_77.npz
Entropy Threshold: inf Test accuracy: 0.6225806451612903
Entropy Threshold: 2 Test accuracy: 0.6225806451612903
Entropy Threshold: 1.6 Test accuracy: 0.6468590831918506
Entropy Threshold: 1.5 Test accuracy: 0.792156862745098
Entropy Threshold: 1.4 Test accuracy: 0.8582677165354331
Entropy Threshold: 1.3 Test accuracy: 0.8607594936708861
Entropy Threshold: 1.2 Test accuracy: 0.9318181818181818
Entropy Threshold: 1.1 Test accuracy: 0.8421052631578947
Entropy Threshold: 0.9 Test accuracy: 1.0
Entropy Threshold: 0.8 Test accuracy: None
Entropy Threshold: 0.7 Test accuracy: None
Entropy Threshold: 0.6 Test accuracy: None
Entropy Threshold: 0.5 Test accuracy: None
Entropy Threshold: 0.4 Test accuracy: None
Entropy Threshold: 0.3 Test accuracy: None
Entropy Threshold: 0.2 Test accuracy: None
Entropy Threshold: 0.1 Test accuracy: None
