[KeOps] Warning : cuda was detected, but driver API could not be initialized. Switching to cpu only.
Folder already exists: results/cora
experiment: 0
Dataset size (num_nodes): 2485, Intended development set size (num_development): 1500
Dataset size (num_nodes): 2485, Actual development set size (num_development): 1500
rations: train 140, val 1360, test 985
Before OOD adjustment: Total instances of last class: 131
Before OOD adjustment: Training instances of last class: 20
Before OOD adjustment: Testing instances of last class: 55
Before OOD adjustment: Val instances of last class: 56
total train + val+ test 131
After OOD adjustment: Training instances of last class: 0
After OOD adjustment: Testing instances of last class: 55
Total number of classes: 7
number of classes to train: 6
Dataset size (num_nodes): 2485, Intended development set size (num_development): 1500
Dataset size (num_nodes): 2485, Actual development set size (num_development): 1500
rations: train 140, val 1360, test 985
within set_train_val_test_split function!
Before OOD adjustment: Total instances of last class: 131
Before OOD adjustment: Training instances of last class: 20
Before OOD adjustment: Testing instances of last class: 52
Before OOD adjustment: Val instances of last class: 59
total train + val+ test 131
After OOD adjustment: Training instances of last class: 0
After OOD adjustment: Testing instances of last class: 52
BayesianGCN(
  (bayes_conv1): BayesianGCNConv(1433, 64)
  (bayes_conv3): BayesianGCNConv(64, 6)
)
bayes_conv1.mu_weight
torch.Size([64, 1433])
bayes_conv1.rho_weight
torch.Size([64, 1433])
bayes_conv1.mu_bias
torch.Size([64])
bayes_conv1.rho_bias
torch.Size([64])
bayes_conv3.mu_weight
torch.Size([6, 64])
bayes_conv3.rho_weight
torch.Size([6, 64])
bayes_conv3.mu_bias
torch.Size([6])
bayes_conv3.rho_bias
torch.Size([6])
After OOD adjustment: Training instances of last class: 0
After OOD adjustment: Testing instances of last class: 52
Epoch: 001, Runtime 0.043890, Loss 1.878199, forward nfe 0, backward nfe 0, Train: 0.2333, Val: 0.1375, Test: 0.1401, Best time: 18.2948
After OOD adjustment: Training instances of last class: 0
After OOD adjustment: Testing instances of last class: 52
Epoch: 002, Runtime 0.036188, Loss 1.858707, forward nfe 0, backward nfe 0, Train: 0.2333, Val: 0.1375, Test: 0.1401, Best time: 18.2948
After OOD adjustment: Training instances of last class: 0
After OOD adjustment: Testing instances of last class: 52
Epoch: 003, Runtime 0.033767, Loss 1.891998, forward nfe 0, backward nfe 0, Train: 0.2333, Val: 0.1375, Test: 0.1401, Best time: 18.2948
After OOD adjustment: Training instances of last class: 0
After OOD adjustment: Testing instances of last class: 52
Epoch: 004, Runtime 0.189995, Loss 1.831504, forward nfe 0, backward nfe 0, Train: 0.2667, Val: 0.1882, Test: 0.1503, Best time: 18.2948
After OOD adjustment: Training instances of last class: 0
After OOD adjustment: Testing instances of last class: 52
Epoch: 005, Runtime 0.034749, Loss 1.796061, forward nfe 0, backward nfe 0, Train: 0.2667, Val: 0.1882, Test: 0.1503, Best time: 18.2948
After OOD adjustment: Training instances of last class: 0
After OOD adjustment: Testing instances of last class: 52
Epoch: 006, Runtime 0.034189, Loss 1.793405, forward nfe 0, backward nfe 0, Train: 0.2667, Val: 0.1882, Test: 0.1503, Best time: 18.2948
After OOD adjustment: Training instances of last class: 0
After OOD adjustment: Testing instances of last class: 52
Epoch: 007, Runtime 0.180742, Loss 1.719134, forward nfe 0, backward nfe 0, Train: 0.3167, Val: 0.3000, Test: 0.2761, Best time: 18.2948
After OOD adjustment: Training instances of last class: 0
After OOD adjustment: Testing instances of last class: 52
Epoch: 008, Runtime 0.034329, Loss 1.738274, forward nfe 0, backward nfe 0, Train: 0.3167, Val: 0.3000, Test: 0.2761, Best time: 18.2948
After OOD adjustment: Training instances of last class: 0
After OOD adjustment: Testing instances of last class: 52
Epoch: 009, Runtime 0.033275, Loss 1.745541, forward nfe 0, backward nfe 0, Train: 0.3167, Val: 0.3000, Test: 0.2761, Best time: 18.2948
After OOD adjustment: Training instances of last class: 0
After OOD adjustment: Testing instances of last class: 52
Epoch: 010, Runtime 0.032955, Loss 1.718628, forward nfe 0, backward nfe 0, Train: 0.3167, Val: 0.3000, Test: 0.2761, Best time: 18.2948
After OOD adjustment: Training instances of last class: 0
After OOD adjustment: Testing instances of last class: 52
Epoch: 011, Runtime 0.178355, Loss 1.713349, forward nfe 0, backward nfe 0, Train: 0.5000, Val: 0.4632, Test: 0.4365, Best time: 18.2948
After OOD adjustment: Training instances of last class: 0
After OOD adjustment: Testing instances of last class: 52
Epoch: 012, Runtime 0.034044, Loss 1.675109, forward nfe 0, backward nfe 0, Train: 0.5000, Val: 0.4632, Test: 0.4365, Best time: 18.2948
After OOD adjustment: Training instances of last class: 0
After OOD adjustment: Testing instances of last class: 52
Epoch: 013, Runtime 0.033827, Loss 1.729778, forward nfe 0, backward nfe 0, Train: 0.5000, Val: 0.4632, Test: 0.4365, Best time: 18.2948
After OOD adjustment: Training instances of last class: 0
After OOD adjustment: Testing instances of last class: 52
Epoch: 014, Runtime 0.033250, Loss 1.637227, forward nfe 0, backward nfe 0, Train: 0.5000, Val: 0.4632, Test: 0.4365, Best time: 18.2948
After OOD adjustment: Training instances of last class: 0
After OOD adjustment: Testing instances of last class: 52
Epoch: 015, Runtime 0.033778, Loss 1.643541, forward nfe 0, backward nfe 0, Train: 0.5000, Val: 0.4632, Test: 0.4365, Best time: 18.2948
After OOD adjustment: Training instances of last class: 0
After OOD adjustment: Testing instances of last class: 52
Epoch: 016, Runtime 0.033421, Loss 1.608610, forward nfe 0, backward nfe 0, Train: 0.5000, Val: 0.4632, Test: 0.4365, Best time: 18.2948
After OOD adjustment: Training instances of last class: 0
After OOD adjustment: Testing instances of last class: 52
Epoch: 017, Runtime 0.034066, Loss 1.606007, forward nfe 0, backward nfe 0, Train: 0.5000, Val: 0.4632, Test: 0.4365, Best time: 18.2948
After OOD adjustment: Training instances of last class: 0
After OOD adjustment: Testing instances of last class: 52
Epoch: 018, Runtime 0.034079, Loss 1.597510, forward nfe 0, backward nfe 0, Train: 0.5000, Val: 0.4632, Test: 0.4365, Best time: 18.2948
After OOD adjustment: Training instances of last class: 0
After OOD adjustment: Testing instances of last class: 52
Epoch: 019, Runtime 0.032963, Loss 1.614379, forward nfe 0, backward nfe 0, Train: 0.5000, Val: 0.4632, Test: 0.4365, Best time: 18.2948
After OOD adjustment: Training instances of last class: 0
After OOD adjustment: Testing instances of last class: 52
Epoch: 020, Runtime 0.032533, Loss 1.583791, forward nfe 0, backward nfe 0, Train: 0.5000, Val: 0.4632, Test: 0.4365, Best time: 18.2948
After OOD adjustment: Training instances of last class: 0
After OOD adjustment: Testing instances of last class: 52
Epoch: 021, Runtime 0.032480, Loss 1.544336, forward nfe 0, backward nfe 0, Train: 0.5000, Val: 0.4632, Test: 0.4365, Best time: 18.2948
After OOD adjustment: Training instances of last class: 0
After OOD adjustment: Testing instances of last class: 52
Epoch: 022, Runtime 0.032488, Loss 1.530556, forward nfe 0, backward nfe 0, Train: 0.5000, Val: 0.4632, Test: 0.4365, Best time: 18.2948
After OOD adjustment: Training instances of last class: 0
After OOD adjustment: Testing instances of last class: 52
Epoch: 023, Runtime 0.033640, Loss 1.512776, forward nfe 0, backward nfe 0, Train: 0.5000, Val: 0.4632, Test: 0.4365, Best time: 18.2948
After OOD adjustment: Training instances of last class: 0
After OOD adjustment: Testing instances of last class: 52
Epoch: 024, Runtime 0.033493, Loss 1.528123, forward nfe 0, backward nfe 0, Train: 0.5000, Val: 0.4632, Test: 0.4365, Best time: 18.2948
After OOD adjustment: Training instances of last class: 0
After OOD adjustment: Testing instances of last class: 52
Epoch: 025, Runtime 0.032833, Loss 1.509329, forward nfe 0, backward nfe 0, Train: 0.5000, Val: 0.4632, Test: 0.4365, Best time: 18.2948
After OOD adjustment: Training instances of last class: 0
After OOD adjustment: Testing instances of last class: 52
Epoch: 026, Runtime 0.032839, Loss 1.486085, forward nfe 0, backward nfe 0, Train: 0.5000, Val: 0.4632, Test: 0.4365, Best time: 18.2948
After OOD adjustment: Training instances of last class: 0
After OOD adjustment: Testing instances of last class: 52
Epoch: 027, Runtime 0.180613, Loss 1.488823, forward nfe 0, backward nfe 0, Train: 0.8000, Val: 0.4912, Test: 0.5117, Best time: 18.2948
After OOD adjustment: Training instances of last class: 0
After OOD adjustment: Testing instances of last class: 52
Epoch: 028, Runtime 0.033827, Loss 1.498299, forward nfe 0, backward nfe 0, Train: 0.8000, Val: 0.4912, Test: 0.5117, Best time: 18.2948
After OOD adjustment: Training instances of last class: 0
After OOD adjustment: Testing instances of last class: 52
Epoch: 029, Runtime 0.033218, Loss 1.470434, forward nfe 0, backward nfe 0, Train: 0.8000, Val: 0.4912, Test: 0.5117, Best time: 18.2948
After OOD adjustment: Training instances of last class: 0
After OOD adjustment: Testing instances of last class: 52
Epoch: 030, Runtime 0.032355, Loss 1.436346, forward nfe 0, backward nfe 0, Train: 0.8000, Val: 0.4912, Test: 0.5117, Best time: 18.2948
After OOD adjustment: Training instances of last class: 0
After OOD adjustment: Testing instances of last class: 52
Epoch: 031, Runtime 0.033675, Loss 1.444633, forward nfe 0, backward nfe 0, Train: 0.8000, Val: 0.4912, Test: 0.5117, Best time: 18.2948
After OOD adjustment: Training instances of last class: 0
After OOD adjustment: Testing instances of last class: 52
Epoch: 032, Runtime 0.033843, Loss 1.439877, forward nfe 0, backward nfe 0, Train: 0.8000, Val: 0.4912, Test: 0.5117, Best time: 18.2948
After OOD adjustment: Training instances of last class: 0
After OOD adjustment: Testing instances of last class: 52
Epoch: 033, Runtime 0.034689, Loss 1.485241, forward nfe 0, backward nfe 0, Train: 0.8000, Val: 0.4912, Test: 0.5117, Best time: 18.2948
After OOD adjustment: Training instances of last class: 0
After OOD adjustment: Testing instances of last class: 52
Epoch: 034, Runtime 0.033949, Loss 1.453570, forward nfe 0, backward nfe 0, Train: 0.8000, Val: 0.4912, Test: 0.5117, Best time: 18.2948
After OOD adjustment: Training instances of last class: 0
After OOD adjustment: Testing instances of last class: 52
Epoch: 035, Runtime 0.033864, Loss 1.388782, forward nfe 0, backward nfe 0, Train: 0.8000, Val: 0.4912, Test: 0.5117, Best time: 18.2948
After OOD adjustment: Training instances of last class: 0
After OOD adjustment: Testing instances of last class: 52
Epoch: 036, Runtime 0.183064, Loss 1.421095, forward nfe 0, backward nfe 0, Train: 0.6667, Val: 0.5191, Test: 0.4660, Best time: 18.2948
After OOD adjustment: Training instances of last class: 0
After OOD adjustment: Testing instances of last class: 52
Epoch: 037, Runtime 0.034804, Loss 1.368959, forward nfe 0, backward nfe 0, Train: 0.6667, Val: 0.5191, Test: 0.4660, Best time: 18.2948
After OOD adjustment: Training instances of last class: 0
After OOD adjustment: Testing instances of last class: 52
Epoch: 038, Runtime 0.034404, Loss 1.385078, forward nfe 0, backward nfe 0, Train: 0.6667, Val: 0.5191, Test: 0.4660, Best time: 18.2948
After OOD adjustment: Training instances of last class: 0
After OOD adjustment: Testing instances of last class: 52
Epoch: 039, Runtime 0.034369, Loss 1.329396, forward nfe 0, backward nfe 0, Train: 0.6667, Val: 0.5191, Test: 0.4660, Best time: 18.2948
After OOD adjustment: Training instances of last class: 0
After OOD adjustment: Testing instances of last class: 52
Epoch: 040, Runtime 0.178370, Loss 1.310937, forward nfe 0, backward nfe 0, Train: 0.8417, Val: 0.5603, Test: 0.5614, Best time: 18.2948
After OOD adjustment: Training instances of last class: 0
After OOD adjustment: Testing instances of last class: 52
Epoch: 041, Runtime 0.034416, Loss 1.371010, forward nfe 0, backward nfe 0, Train: 0.8417, Val: 0.5603, Test: 0.5614, Best time: 18.2948
After OOD adjustment: Training instances of last class: 0
After OOD adjustment: Testing instances of last class: 52
Epoch: 042, Runtime 0.182907, Loss 1.304724, forward nfe 0, backward nfe 0, Train: 0.9167, Val: 0.5816, Test: 0.6030, Best time: 18.2948
After OOD adjustment: Training instances of last class: 0
After OOD adjustment: Testing instances of last class: 52
Epoch: 043, Runtime 0.034238, Loss 1.262402, forward nfe 0, backward nfe 0, Train: 0.9167, Val: 0.5816, Test: 0.6030, Best time: 18.2948
After OOD adjustment: Training instances of last class: 0
After OOD adjustment: Testing instances of last class: 52
Epoch: 044, Runtime 0.160290, Loss 1.267660, forward nfe 0, backward nfe 0, Train: 0.9083, Val: 0.5897, Test: 0.6142, Best time: 18.2948
After OOD adjustment: Training instances of last class: 0
After OOD adjustment: Testing instances of last class: 52
Epoch: 045, Runtime 0.033014, Loss 1.311784, forward nfe 0, backward nfe 0, Train: 0.9083, Val: 0.5897, Test: 0.6142, Best time: 18.2948
After OOD adjustment: Training instances of last class: 0
After OOD adjustment: Testing instances of last class: 52
Epoch: 046, Runtime 0.172079, Loss 1.309468, forward nfe 0, backward nfe 0, Train: 0.9583, Val: 0.6346, Test: 0.6122, Best time: 18.2948
After OOD adjustment: Training instances of last class: 0
After OOD adjustment: Testing instances of last class: 52
Epoch: 047, Runtime 0.034765, Loss 1.261795, forward nfe 0, backward nfe 0, Train: 0.9583, Val: 0.6346, Test: 0.6122, Best time: 18.2948
After OOD adjustment: Training instances of last class: 0
After OOD adjustment: Testing instances of last class: 52
Epoch: 048, Runtime 0.034146, Loss 1.206833, forward nfe 0, backward nfe 0, Train: 0.9583, Val: 0.6346, Test: 0.6122, Best time: 18.2948
After OOD adjustment: Training instances of last class: 0
After OOD adjustment: Testing instances of last class: 52
Epoch: 049, Runtime 0.034347, Loss 1.223616, forward nfe 0, backward nfe 0, Train: 0.9583, Val: 0.6346, Test: 0.6122, Best time: 18.2948
After OOD adjustment: Training instances of last class: 0
After OOD adjustment: Testing instances of last class: 52
Epoch: 050, Runtime 0.034449, Loss 1.181638, forward nfe 0, backward nfe 0, Train: 0.9583, Val: 0.6346, Test: 0.6122, Best time: 18.2948
After OOD adjustment: Training instances of last class: 0
After OOD adjustment: Testing instances of last class: 52
Epoch: 051, Runtime 0.034579, Loss 1.182240, forward nfe 0, backward nfe 0, Train: 0.9583, Val: 0.6346, Test: 0.6122, Best time: 18.2948
After OOD adjustment: Training instances of last class: 0
After OOD adjustment: Testing instances of last class: 52
Epoch: 052, Runtime 0.034349, Loss 1.145624, forward nfe 0, backward nfe 0, Train: 0.9583, Val: 0.6346, Test: 0.6122, Best time: 18.2948
After OOD adjustment: Training instances of last class: 0
After OOD adjustment: Testing instances of last class: 52
Epoch: 053, Runtime 0.031795, Loss 1.169824, forward nfe 0, backward nfe 0, Train: 0.9583, Val: 0.6346, Test: 0.6122, Best time: 18.2948
After OOD adjustment: Training instances of last class: 0
After OOD adjustment: Testing instances of last class: 52
Epoch: 054, Runtime 0.031412, Loss 1.157472, forward nfe 0, backward nfe 0, Train: 0.9583, Val: 0.6346, Test: 0.6122, Best time: 18.2948
After OOD adjustment: Training instances of last class: 0
After OOD adjustment: Testing instances of last class: 52
Epoch: 055, Runtime 0.031550, Loss 1.102062, forward nfe 0, backward nfe 0, Train: 0.9583, Val: 0.6346, Test: 0.6122, Best time: 18.2948
After OOD adjustment: Training instances of last class: 0
After OOD adjustment: Testing instances of last class: 52
Epoch: 056, Runtime 0.031661, Loss 1.110816, forward nfe 0, backward nfe 0, Train: 0.9583, Val: 0.6346, Test: 0.6122, Best time: 18.2948
After OOD adjustment: Training instances of last class: 0
After OOD adjustment: Testing instances of last class: 52
Epoch: 057, Runtime 0.031688, Loss 1.167150, forward nfe 0, backward nfe 0, Train: 0.9583, Val: 0.6346, Test: 0.6122, Best time: 18.2948
After OOD adjustment: Training instances of last class: 0
After OOD adjustment: Testing instances of last class: 52
Epoch: 058, Runtime 0.031207, Loss 1.090843, forward nfe 0, backward nfe 0, Train: 0.9583, Val: 0.6346, Test: 0.6122, Best time: 18.2948
After OOD adjustment: Training instances of last class: 0
After OOD adjustment: Testing instances of last class: 52
Epoch: 059, Runtime 0.031687, Loss 1.081652, forward nfe 0, backward nfe 0, Train: 0.9583, Val: 0.6346, Test: 0.6122, Best time: 18.2948
After OOD adjustment: Training instances of last class: 0
After OOD adjustment: Testing instances of last class: 52
Epoch: 060, Runtime 0.032382, Loss 1.073607, forward nfe 0, backward nfe 0, Train: 0.9583, Val: 0.6346, Test: 0.6122, Best time: 18.2948
After OOD adjustment: Training instances of last class: 0
After OOD adjustment: Testing instances of last class: 52
Epoch: 061, Runtime 0.180358, Loss 1.061064, forward nfe 0, backward nfe 0, Train: 0.8667, Val: 0.6868, Test: 0.6670, Best time: 18.2948
After OOD adjustment: Training instances of last class: 0
After OOD adjustment: Testing instances of last class: 52
Epoch: 062, Runtime 0.184357, Loss 1.050796, forward nfe 0, backward nfe 0, Train: 0.9667, Val: 0.7059, Test: 0.6975, Best time: 18.2948
After OOD adjustment: Training instances of last class: 0
After OOD adjustment: Testing instances of last class: 52
Epoch: 063, Runtime 0.033131, Loss 1.055332, forward nfe 0, backward nfe 0, Train: 0.9667, Val: 0.7059, Test: 0.6975, Best time: 18.2948
After OOD adjustment: Training instances of last class: 0
After OOD adjustment: Testing instances of last class: 52
Epoch: 064, Runtime 0.031656, Loss 1.030621, forward nfe 0, backward nfe 0, Train: 0.9667, Val: 0.7059, Test: 0.6975, Best time: 18.2948
After OOD adjustment: Training instances of last class: 0
After OOD adjustment: Testing instances of last class: 52
Epoch: 065, Runtime 0.031466, Loss 0.974497, forward nfe 0, backward nfe 0, Train: 0.9667, Val: 0.7059, Test: 0.6975, Best time: 18.2948
After OOD adjustment: Training instances of last class: 0
After OOD adjustment: Testing instances of last class: 52
Epoch: 066, Runtime 0.031549, Loss 0.974152, forward nfe 0, backward nfe 0, Train: 0.9667, Val: 0.7059, Test: 0.6975, Best time: 18.2948
After OOD adjustment: Training instances of last class: 0
After OOD adjustment: Testing instances of last class: 52
Epoch: 067, Runtime 0.031408, Loss 0.989069, forward nfe 0, backward nfe 0, Train: 0.9667, Val: 0.7059, Test: 0.6975, Best time: 18.2948
After OOD adjustment: Training instances of last class: 0
After OOD adjustment: Testing instances of last class: 52
Epoch: 068, Runtime 0.031767, Loss 0.961269, forward nfe 0, backward nfe 0, Train: 0.9667, Val: 0.7059, Test: 0.6975, Best time: 18.2948
After OOD adjustment: Training instances of last class: 0
After OOD adjustment: Testing instances of last class: 52
Epoch: 069, Runtime 0.178617, Loss 0.955401, forward nfe 0, backward nfe 0, Train: 0.9750, Val: 0.7412, Test: 0.7218, Best time: 18.2948
After OOD adjustment: Training instances of last class: 0
After OOD adjustment: Testing instances of last class: 52
Epoch: 070, Runtime 0.034968, Loss 0.976028, forward nfe 0, backward nfe 0, Train: 0.9750, Val: 0.7412, Test: 0.7218, Best time: 18.2948
After OOD adjustment: Training instances of last class: 0
After OOD adjustment: Testing instances of last class: 52
Epoch: 071, Runtime 0.034523, Loss 0.892664, forward nfe 0, backward nfe 0, Train: 0.9750, Val: 0.7412, Test: 0.7218, Best time: 18.2948
After OOD adjustment: Training instances of last class: 0
After OOD adjustment: Testing instances of last class: 52
Epoch: 072, Runtime 0.034596, Loss 0.891962, forward nfe 0, backward nfe 0, Train: 0.9750, Val: 0.7412, Test: 0.7218, Best time: 18.2948
After OOD adjustment: Training instances of last class: 0
After OOD adjustment: Testing instances of last class: 52
Epoch: 073, Runtime 0.034453, Loss 0.947956, forward nfe 0, backward nfe 0, Train: 0.9750, Val: 0.7412, Test: 0.7218, Best time: 18.2948
After OOD adjustment: Training instances of last class: 0
After OOD adjustment: Testing instances of last class: 52
Epoch: 074, Runtime 0.034500, Loss 0.871540, forward nfe 0, backward nfe 0, Train: 0.9750, Val: 0.7412, Test: 0.7218, Best time: 18.2948
After OOD adjustment: Training instances of last class: 0
After OOD adjustment: Testing instances of last class: 52
Epoch: 075, Runtime 0.034631, Loss 0.852602, forward nfe 0, backward nfe 0, Train: 0.9750, Val: 0.7412, Test: 0.7218, Best time: 18.2948
After OOD adjustment: Training instances of last class: 0
After OOD adjustment: Testing instances of last class: 52
Epoch: 076, Runtime 0.032873, Loss 0.875794, forward nfe 0, backward nfe 0, Train: 0.9750, Val: 0.7412, Test: 0.7218, Best time: 18.2948
After OOD adjustment: Training instances of last class: 0
After OOD adjustment: Testing instances of last class: 52
Epoch: 077, Runtime 0.033293, Loss 0.842420, forward nfe 0, backward nfe 0, Train: 0.9750, Val: 0.7412, Test: 0.7218, Best time: 18.2948
After OOD adjustment: Training instances of last class: 0
After OOD adjustment: Testing instances of last class: 52
Epoch: 078, Runtime 0.181981, Loss 0.808409, forward nfe 0, backward nfe 0, Train: 0.9750, Val: 0.7699, Test: 0.7624, Best time: 18.2948
After OOD adjustment: Training instances of last class: 0
After OOD adjustment: Testing instances of last class: 52
Epoch: 079, Runtime 0.034999, Loss 0.826197, forward nfe 0, backward nfe 0, Train: 0.9750, Val: 0.7699, Test: 0.7624, Best time: 18.2948
After OOD adjustment: Training instances of last class: 0
After OOD adjustment: Testing instances of last class: 52
Epoch: 080, Runtime 0.034523, Loss 0.765344, forward nfe 0, backward nfe 0, Train: 0.9750, Val: 0.7699, Test: 0.7624, Best time: 18.2948
After OOD adjustment: Training instances of last class: 0
After OOD adjustment: Testing instances of last class: 52
Epoch: 081, Runtime 0.034337, Loss 0.773938, forward nfe 0, backward nfe 0, Train: 0.9750, Val: 0.7699, Test: 0.7624, Best time: 18.2948
After OOD adjustment: Training instances of last class: 0
After OOD adjustment: Testing instances of last class: 52
Epoch: 082, Runtime 0.184463, Loss 0.757484, forward nfe 0, backward nfe 0, Train: 0.9583, Val: 0.7735, Test: 0.7756, Best time: 18.2948
After OOD adjustment: Training instances of last class: 0
After OOD adjustment: Testing instances of last class: 52
Epoch: 083, Runtime 0.033574, Loss 0.792007, forward nfe 0, backward nfe 0, Train: 0.9583, Val: 0.7735, Test: 0.7756, Best time: 18.2948
After OOD adjustment: Training instances of last class: 0
After OOD adjustment: Testing instances of last class: 52
Epoch: 084, Runtime 0.030932, Loss 0.728560, forward nfe 0, backward nfe 0, Train: 0.9583, Val: 0.7735, Test: 0.7756, Best time: 18.2948
After OOD adjustment: Training instances of last class: 0
After OOD adjustment: Testing instances of last class: 52
Epoch: 085, Runtime 0.030869, Loss 0.757274, forward nfe 0, backward nfe 0, Train: 0.9583, Val: 0.7735, Test: 0.7756, Best time: 18.2948
After OOD adjustment: Training instances of last class: 0
After OOD adjustment: Testing instances of last class: 52
Epoch: 086, Runtime 0.031615, Loss 0.738731, forward nfe 0, backward nfe 0, Train: 0.9583, Val: 0.7735, Test: 0.7756, Best time: 18.2948
After OOD adjustment: Training instances of last class: 0
After OOD adjustment: Testing instances of last class: 52
Epoch: 087, Runtime 0.031419, Loss 0.715979, forward nfe 0, backward nfe 0, Train: 0.9583, Val: 0.7735, Test: 0.7756, Best time: 18.2948
After OOD adjustment: Training instances of last class: 0
After OOD adjustment: Testing instances of last class: 52
Epoch: 088, Runtime 0.031077, Loss 0.692949, forward nfe 0, backward nfe 0, Train: 0.9583, Val: 0.7735, Test: 0.7756, Best time: 18.2948
After OOD adjustment: Training instances of last class: 0
After OOD adjustment: Testing instances of last class: 52
Epoch: 089, Runtime 0.031318, Loss 0.673709, forward nfe 0, backward nfe 0, Train: 0.9583, Val: 0.7735, Test: 0.7756, Best time: 18.2948
After OOD adjustment: Training instances of last class: 0
After OOD adjustment: Testing instances of last class: 52
Epoch: 090, Runtime 0.031563, Loss 0.694339, forward nfe 0, backward nfe 0, Train: 0.9583, Val: 0.7735, Test: 0.7756, Best time: 18.2948
After OOD adjustment: Training instances of last class: 0
After OOD adjustment: Testing instances of last class: 52
Epoch: 091, Runtime 0.031930, Loss 0.655839, forward nfe 0, backward nfe 0, Train: 0.9583, Val: 0.7735, Test: 0.7756, Best time: 18.2948
After OOD adjustment: Training instances of last class: 0
After OOD adjustment: Testing instances of last class: 52
Epoch: 092, Runtime 0.031534, Loss 0.662234, forward nfe 0, backward nfe 0, Train: 0.9583, Val: 0.7735, Test: 0.7756, Best time: 18.2948
After OOD adjustment: Training instances of last class: 0
After OOD adjustment: Testing instances of last class: 52
Epoch: 093, Runtime 0.031438, Loss 0.748181, forward nfe 0, backward nfe 0, Train: 0.9583, Val: 0.7735, Test: 0.7756, Best time: 18.2948
After OOD adjustment: Training instances of last class: 0
After OOD adjustment: Testing instances of last class: 52
Epoch: 094, Runtime 0.031327, Loss 0.628376, forward nfe 0, backward nfe 0, Train: 0.9583, Val: 0.7735, Test: 0.7756, Best time: 18.2948
After OOD adjustment: Training instances of last class: 0
After OOD adjustment: Testing instances of last class: 52
Epoch: 095, Runtime 0.031265, Loss 0.626454, forward nfe 0, backward nfe 0, Train: 0.9583, Val: 0.7735, Test: 0.7756, Best time: 18.2948
After OOD adjustment: Training instances of last class: 0
After OOD adjustment: Testing instances of last class: 52
Epoch: 096, Runtime 0.031391, Loss 0.581858, forward nfe 0, backward nfe 0, Train: 0.9583, Val: 0.7735, Test: 0.7756, Best time: 18.2948
After OOD adjustment: Training instances of last class: 0
After OOD adjustment: Testing instances of last class: 52
Epoch: 097, Runtime 0.031668, Loss 0.546013, forward nfe 0, backward nfe 0, Train: 0.9583, Val: 0.7735, Test: 0.7756, Best time: 18.2948
After OOD adjustment: Training instances of last class: 0
After OOD adjustment: Testing instances of last class: 52
Epoch: 098, Runtime 0.176927, Loss 0.558651, forward nfe 0, backward nfe 0, Train: 0.9833, Val: 0.7743, Test: 0.7624, Best time: 18.2948
After OOD adjustment: Training instances of last class: 0
After OOD adjustment: Testing instances of last class: 52
Epoch: 099, Runtime 0.034673, Loss 0.543477, forward nfe 0, backward nfe 0, Train: 0.9833, Val: 0.7743, Test: 0.7624, Best time: 18.2948
best val accuracy 0.774265 with test accuracy 0.762437 at epoch 98 and best time 18.294754
base_directory resutls_prob/OOD_Cora
new_name:  bgcn_ODD
file_path 1 resutls_prob/OOD_Cora/bgcn_ODD_prediction_probabilities_17.npz
file_path 2 resutls_prob/OOD_Cora/bgcn_ODD_prediction_probabilities_17.npz
Entropy Threshold: inf Test accuracy: 0.76751269035533
Entropy Threshold: 2 Test accuracy: 0.7593908629441625
Entropy Threshold: 1.6 Test accuracy: 0.9225512528473804
Entropy Threshold: 1.5 Test accuracy: 0.9656357388316151
Entropy Threshold: 1.4 Test accuracy: 0.973404255319149
Entropy Threshold: 1.3 Test accuracy: 0.9776119402985075
Entropy Threshold: 1.2 Test accuracy: 0.9702970297029703
Entropy Threshold: 1.1 Test accuracy: 0.9696969696969697
Entropy Threshold: 0.9 Test accuracy: 1.0
Entropy Threshold: 0.8 Test accuracy: 1.0
Entropy Threshold: 0.7 Test accuracy: 1.0
Entropy Threshold: 0.6 Test accuracy: 1.0
Entropy Threshold: 0.5 Test accuracy: 1.0
Entropy Threshold: 0.4 Test accuracy: 1.0
Entropy Threshold: 0.3 Test accuracy: 1.0
Entropy Threshold: 0.2 Test accuracy: None
Entropy Threshold: 0.1 Test accuracy: None
