[KeOps] Warning : cuda was detected, but driver API could not be initialized. Switching to cpu only.
Folder already exists: results/cora
experiment: 0
Dataset size (num_nodes): 2485, Intended development set size (num_development): 1500
Dataset size (num_nodes): 2485, Actual development set size (num_development): 1500
rations: train 140, val 1360, test 985
Before OOD adjustment: Total instances of last class: 131
Before OOD adjustment: Training instances of last class: 20
Before OOD adjustment: Testing instances of last class: 55
Before OOD adjustment: Val instances of last class: 56
total train + val+ test 131
After OOD adjustment: Training instances of last class: 0
After OOD adjustment: Testing instances of last class: 55
Total number of classes: 7
number of classes to train: 6
Dataset size (num_nodes): 2485, Intended development set size (num_development): 1500
Dataset size (num_nodes): 2485, Actual development set size (num_development): 1500
rations: train 140, val 1360, test 985
within set_train_val_test_split function!
Before OOD adjustment: Total instances of last class: 131
Before OOD adjustment: Training instances of last class: 20
Before OOD adjustment: Testing instances of last class: 57
Before OOD adjustment: Val instances of last class: 54
total train + val+ test 131
After OOD adjustment: Training instances of last class: 0
After OOD adjustment: Testing instances of last class: 57
BayesianGCN(
  (bayes_conv1): BayesianGCNConv(1433, 64)
  (bayes_conv3): BayesianGCNConv(64, 6)
)
bayes_conv1.mu_weight
torch.Size([64, 1433])
bayes_conv1.rho_weight
torch.Size([64, 1433])
bayes_conv1.mu_bias
torch.Size([64])
bayes_conv1.rho_bias
torch.Size([64])
bayes_conv3.mu_weight
torch.Size([6, 64])
bayes_conv3.rho_weight
torch.Size([6, 64])
bayes_conv3.mu_bias
torch.Size([6])
bayes_conv3.rho_bias
torch.Size([6])
After OOD adjustment: Training instances of last class: 0
After OOD adjustment: Testing instances of last class: 57
Epoch: 001, Runtime 0.040255, Loss 1.912709, forward nfe 0, backward nfe 0, Train: 0.1667, Val: 0.1228, Test: 0.1188, Best time: 18.2948
After OOD adjustment: Training instances of last class: 0
After OOD adjustment: Testing instances of last class: 57
Epoch: 002, Runtime 0.152880, Loss 1.852962, forward nfe 0, backward nfe 0, Train: 0.2333, Val: 0.1794, Test: 0.1492, Best time: 18.2948
After OOD adjustment: Training instances of last class: 0
After OOD adjustment: Testing instances of last class: 57
Epoch: 003, Runtime 0.030919, Loss 1.810388, forward nfe 0, backward nfe 0, Train: 0.2333, Val: 0.1794, Test: 0.1492, Best time: 18.2948
After OOD adjustment: Training instances of last class: 0
After OOD adjustment: Testing instances of last class: 57
Epoch: 004, Runtime 0.026189, Loss 1.767797, forward nfe 0, backward nfe 0, Train: 0.2333, Val: 0.1794, Test: 0.1492, Best time: 18.2948
After OOD adjustment: Training instances of last class: 0
After OOD adjustment: Testing instances of last class: 57
Epoch: 005, Runtime 0.137901, Loss 1.793127, forward nfe 0, backward nfe 0, Train: 0.2750, Val: 0.2882, Test: 0.3025, Best time: 18.2948
After OOD adjustment: Training instances of last class: 0
After OOD adjustment: Testing instances of last class: 57
Epoch: 006, Runtime 0.029530, Loss 1.750336, forward nfe 0, backward nfe 0, Train: 0.2750, Val: 0.2882, Test: 0.3025, Best time: 18.2948
After OOD adjustment: Training instances of last class: 0
After OOD adjustment: Testing instances of last class: 57
Epoch: 007, Runtime 0.026476, Loss 1.757418, forward nfe 0, backward nfe 0, Train: 0.2750, Val: 0.2882, Test: 0.3025, Best time: 18.2948
After OOD adjustment: Training instances of last class: 0
After OOD adjustment: Testing instances of last class: 57
Epoch: 008, Runtime 0.025867, Loss 1.792026, forward nfe 0, backward nfe 0, Train: 0.2750, Val: 0.2882, Test: 0.3025, Best time: 18.2948
After OOD adjustment: Training instances of last class: 0
After OOD adjustment: Testing instances of last class: 57
Epoch: 009, Runtime 0.025561, Loss 1.736670, forward nfe 0, backward nfe 0, Train: 0.2750, Val: 0.2882, Test: 0.3025, Best time: 18.2948
After OOD adjustment: Training instances of last class: 0
After OOD adjustment: Testing instances of last class: 57
Epoch: 010, Runtime 0.026330, Loss 1.724779, forward nfe 0, backward nfe 0, Train: 0.2750, Val: 0.2882, Test: 0.3025, Best time: 18.2948
After OOD adjustment: Training instances of last class: 0
After OOD adjustment: Testing instances of last class: 57
Epoch: 011, Runtime 0.026403, Loss 1.703866, forward nfe 0, backward nfe 0, Train: 0.2750, Val: 0.2882, Test: 0.3025, Best time: 18.2948
After OOD adjustment: Training instances of last class: 0
After OOD adjustment: Testing instances of last class: 57
Epoch: 012, Runtime 0.026350, Loss 1.677112, forward nfe 0, backward nfe 0, Train: 0.2750, Val: 0.2882, Test: 0.3025, Best time: 18.2948
After OOD adjustment: Training instances of last class: 0
After OOD adjustment: Testing instances of last class: 57
Epoch: 013, Runtime 0.026033, Loss 1.730654, forward nfe 0, backward nfe 0, Train: 0.2750, Val: 0.2882, Test: 0.3025, Best time: 18.2948
After OOD adjustment: Training instances of last class: 0
After OOD adjustment: Testing instances of last class: 57
Epoch: 014, Runtime 0.026137, Loss 1.675961, forward nfe 0, backward nfe 0, Train: 0.2750, Val: 0.2882, Test: 0.3025, Best time: 18.2948
After OOD adjustment: Training instances of last class: 0
After OOD adjustment: Testing instances of last class: 57
Epoch: 015, Runtime 0.025954, Loss 1.650110, forward nfe 0, backward nfe 0, Train: 0.2750, Val: 0.2882, Test: 0.3025, Best time: 18.2948
After OOD adjustment: Training instances of last class: 0
After OOD adjustment: Testing instances of last class: 57
Epoch: 016, Runtime 0.026465, Loss 1.669354, forward nfe 0, backward nfe 0, Train: 0.2750, Val: 0.2882, Test: 0.3025, Best time: 18.2948
After OOD adjustment: Training instances of last class: 0
After OOD adjustment: Testing instances of last class: 57
Epoch: 017, Runtime 0.026428, Loss 1.622367, forward nfe 0, backward nfe 0, Train: 0.2750, Val: 0.2882, Test: 0.3025, Best time: 18.2948
After OOD adjustment: Training instances of last class: 0
After OOD adjustment: Testing instances of last class: 57
Epoch: 018, Runtime 0.026144, Loss 1.656351, forward nfe 0, backward nfe 0, Train: 0.2750, Val: 0.2882, Test: 0.3025, Best time: 18.2948
After OOD adjustment: Training instances of last class: 0
After OOD adjustment: Testing instances of last class: 57
Epoch: 019, Runtime 0.026358, Loss 1.605812, forward nfe 0, backward nfe 0, Train: 0.2750, Val: 0.2882, Test: 0.3025, Best time: 18.2948
After OOD adjustment: Training instances of last class: 0
After OOD adjustment: Testing instances of last class: 57
Epoch: 020, Runtime 0.026257, Loss 1.605032, forward nfe 0, backward nfe 0, Train: 0.2750, Val: 0.2882, Test: 0.3025, Best time: 18.2948
After OOD adjustment: Training instances of last class: 0
After OOD adjustment: Testing instances of last class: 57
Epoch: 021, Runtime 0.137720, Loss 1.568345, forward nfe 0, backward nfe 0, Train: 0.5417, Val: 0.3287, Test: 0.3350, Best time: 18.2948
After OOD adjustment: Training instances of last class: 0
After OOD adjustment: Testing instances of last class: 57
Epoch: 022, Runtime 0.029782, Loss 1.582335, forward nfe 0, backward nfe 0, Train: 0.5417, Val: 0.3287, Test: 0.3350, Best time: 18.2948
After OOD adjustment: Training instances of last class: 0
After OOD adjustment: Testing instances of last class: 57
Epoch: 023, Runtime 0.137671, Loss 1.584628, forward nfe 0, backward nfe 0, Train: 0.5417, Val: 0.3375, Test: 0.3320, Best time: 18.2948
After OOD adjustment: Training instances of last class: 0
After OOD adjustment: Testing instances of last class: 57
Epoch: 024, Runtime 0.136656, Loss 1.554209, forward nfe 0, backward nfe 0, Train: 0.5917, Val: 0.4728, Test: 0.4812, Best time: 18.2948
After OOD adjustment: Training instances of last class: 0
After OOD adjustment: Testing instances of last class: 57
Epoch: 025, Runtime 0.029583, Loss 1.538607, forward nfe 0, backward nfe 0, Train: 0.5917, Val: 0.4728, Test: 0.4812, Best time: 18.2948
After OOD adjustment: Training instances of last class: 0
After OOD adjustment: Testing instances of last class: 57
Epoch: 026, Runtime 0.026572, Loss 1.522327, forward nfe 0, backward nfe 0, Train: 0.5917, Val: 0.4728, Test: 0.4812, Best time: 18.2948
After OOD adjustment: Training instances of last class: 0
After OOD adjustment: Testing instances of last class: 57
Epoch: 027, Runtime 0.026175, Loss 1.523109, forward nfe 0, backward nfe 0, Train: 0.5917, Val: 0.4728, Test: 0.4812, Best time: 18.2948
After OOD adjustment: Training instances of last class: 0
After OOD adjustment: Testing instances of last class: 57
Epoch: 028, Runtime 0.026259, Loss 1.508667, forward nfe 0, backward nfe 0, Train: 0.5917, Val: 0.4728, Test: 0.4812, Best time: 18.2948
After OOD adjustment: Training instances of last class: 0
After OOD adjustment: Testing instances of last class: 57
Epoch: 029, Runtime 0.026484, Loss 1.481253, forward nfe 0, backward nfe 0, Train: 0.5917, Val: 0.4728, Test: 0.4812, Best time: 18.2948
After OOD adjustment: Training instances of last class: 0
After OOD adjustment: Testing instances of last class: 57
Epoch: 030, Runtime 0.026619, Loss 1.506504, forward nfe 0, backward nfe 0, Train: 0.5917, Val: 0.4728, Test: 0.4812, Best time: 18.2948
After OOD adjustment: Training instances of last class: 0
After OOD adjustment: Testing instances of last class: 57
Epoch: 031, Runtime 0.025934, Loss 1.460991, forward nfe 0, backward nfe 0, Train: 0.5917, Val: 0.4728, Test: 0.4812, Best time: 18.2948
After OOD adjustment: Training instances of last class: 0
After OOD adjustment: Testing instances of last class: 57
Epoch: 032, Runtime 0.026029, Loss 1.499514, forward nfe 0, backward nfe 0, Train: 0.5917, Val: 0.4728, Test: 0.4812, Best time: 18.2948
After OOD adjustment: Training instances of last class: 0
After OOD adjustment: Testing instances of last class: 57
Epoch: 033, Runtime 0.026012, Loss 1.465253, forward nfe 0, backward nfe 0, Train: 0.5917, Val: 0.4728, Test: 0.4812, Best time: 18.2948
After OOD adjustment: Training instances of last class: 0
After OOD adjustment: Testing instances of last class: 57
Epoch: 034, Runtime 0.138006, Loss 1.453468, forward nfe 0, backward nfe 0, Train: 0.8417, Val: 0.5868, Test: 0.5604, Best time: 18.2948
After OOD adjustment: Training instances of last class: 0
After OOD adjustment: Testing instances of last class: 57
Epoch: 035, Runtime 0.029397, Loss 1.450060, forward nfe 0, backward nfe 0, Train: 0.8417, Val: 0.5868, Test: 0.5604, Best time: 18.2948
After OOD adjustment: Training instances of last class: 0
After OOD adjustment: Testing instances of last class: 57
Epoch: 036, Runtime 0.026328, Loss 1.408078, forward nfe 0, backward nfe 0, Train: 0.8417, Val: 0.5868, Test: 0.5604, Best time: 18.2948
After OOD adjustment: Training instances of last class: 0
After OOD adjustment: Testing instances of last class: 57
Epoch: 037, Runtime 0.026163, Loss 1.376874, forward nfe 0, backward nfe 0, Train: 0.8417, Val: 0.5868, Test: 0.5604, Best time: 18.2948
After OOD adjustment: Training instances of last class: 0
After OOD adjustment: Testing instances of last class: 57
Epoch: 038, Runtime 0.136050, Loss 1.407131, forward nfe 0, backward nfe 0, Train: 0.8250, Val: 0.6368, Test: 0.6345, Best time: 18.2948
After OOD adjustment: Training instances of last class: 0
After OOD adjustment: Testing instances of last class: 57
Epoch: 039, Runtime 0.029712, Loss 1.435735, forward nfe 0, backward nfe 0, Train: 0.8250, Val: 0.6368, Test: 0.6345, Best time: 18.2948
After OOD adjustment: Training instances of last class: 0
After OOD adjustment: Testing instances of last class: 57
Epoch: 040, Runtime 0.026691, Loss 1.365674, forward nfe 0, backward nfe 0, Train: 0.8250, Val: 0.6368, Test: 0.6345, Best time: 18.2948
After OOD adjustment: Training instances of last class: 0
After OOD adjustment: Testing instances of last class: 57
Epoch: 041, Runtime 0.026438, Loss 1.346975, forward nfe 0, backward nfe 0, Train: 0.8250, Val: 0.6368, Test: 0.6345, Best time: 18.2948
After OOD adjustment: Training instances of last class: 0
After OOD adjustment: Testing instances of last class: 57
Epoch: 042, Runtime 0.025974, Loss 1.348100, forward nfe 0, backward nfe 0, Train: 0.8250, Val: 0.6368, Test: 0.6345, Best time: 18.2948
After OOD adjustment: Training instances of last class: 0
After OOD adjustment: Testing instances of last class: 57
Epoch: 043, Runtime 0.026063, Loss 1.327904, forward nfe 0, backward nfe 0, Train: 0.8250, Val: 0.6368, Test: 0.6345, Best time: 18.2948
After OOD adjustment: Training instances of last class: 0
After OOD adjustment: Testing instances of last class: 57
Epoch: 044, Runtime 0.025994, Loss 1.329726, forward nfe 0, backward nfe 0, Train: 0.8250, Val: 0.6368, Test: 0.6345, Best time: 18.2948
After OOD adjustment: Training instances of last class: 0
After OOD adjustment: Testing instances of last class: 57
Epoch: 045, Runtime 0.025843, Loss 1.316251, forward nfe 0, backward nfe 0, Train: 0.8250, Val: 0.6368, Test: 0.6345, Best time: 18.2948
After OOD adjustment: Training instances of last class: 0
After OOD adjustment: Testing instances of last class: 57
Epoch: 046, Runtime 0.025858, Loss 1.274744, forward nfe 0, backward nfe 0, Train: 0.8250, Val: 0.6368, Test: 0.6345, Best time: 18.2948
After OOD adjustment: Training instances of last class: 0
After OOD adjustment: Testing instances of last class: 57
Epoch: 047, Runtime 0.026131, Loss 1.306239, forward nfe 0, backward nfe 0, Train: 0.8250, Val: 0.6368, Test: 0.6345, Best time: 18.2948
After OOD adjustment: Training instances of last class: 0
After OOD adjustment: Testing instances of last class: 57
Epoch: 048, Runtime 0.025828, Loss 1.265954, forward nfe 0, backward nfe 0, Train: 0.8250, Val: 0.6368, Test: 0.6345, Best time: 18.2948
After OOD adjustment: Training instances of last class: 0
After OOD adjustment: Testing instances of last class: 57
Epoch: 049, Runtime 0.136936, Loss 1.242297, forward nfe 0, backward nfe 0, Train: 0.9167, Val: 0.6449, Test: 0.6365, Best time: 18.2948
After OOD adjustment: Training instances of last class: 0
After OOD adjustment: Testing instances of last class: 57
Epoch: 050, Runtime 0.029852, Loss 1.269178, forward nfe 0, backward nfe 0, Train: 0.9167, Val: 0.6449, Test: 0.6365, Best time: 18.2948
After OOD adjustment: Training instances of last class: 0
After OOD adjustment: Testing instances of last class: 57
Epoch: 051, Runtime 0.136523, Loss 1.279000, forward nfe 0, backward nfe 0, Train: 0.8583, Val: 0.6765, Test: 0.6761, Best time: 18.2948
After OOD adjustment: Training instances of last class: 0
After OOD adjustment: Testing instances of last class: 57
Epoch: 052, Runtime 0.029337, Loss 1.243107, forward nfe 0, backward nfe 0, Train: 0.8583, Val: 0.6765, Test: 0.6761, Best time: 18.2948
After OOD adjustment: Training instances of last class: 0
After OOD adjustment: Testing instances of last class: 57
Epoch: 053, Runtime 0.137230, Loss 1.208585, forward nfe 0, backward nfe 0, Train: 0.9583, Val: 0.7081, Test: 0.7127, Best time: 18.2948
After OOD adjustment: Training instances of last class: 0
After OOD adjustment: Testing instances of last class: 57
Epoch: 054, Runtime 0.029123, Loss 1.237296, forward nfe 0, backward nfe 0, Train: 0.9583, Val: 0.7081, Test: 0.7127, Best time: 18.2948
After OOD adjustment: Training instances of last class: 0
After OOD adjustment: Testing instances of last class: 57
Epoch: 055, Runtime 0.026434, Loss 1.163413, forward nfe 0, backward nfe 0, Train: 0.9583, Val: 0.7081, Test: 0.7127, Best time: 18.2948
After OOD adjustment: Training instances of last class: 0
After OOD adjustment: Testing instances of last class: 57
Epoch: 056, Runtime 0.026266, Loss 1.164763, forward nfe 0, backward nfe 0, Train: 0.9583, Val: 0.7081, Test: 0.7127, Best time: 18.2948
After OOD adjustment: Training instances of last class: 0
After OOD adjustment: Testing instances of last class: 57
Epoch: 057, Runtime 0.026279, Loss 1.138031, forward nfe 0, backward nfe 0, Train: 0.9583, Val: 0.7081, Test: 0.7127, Best time: 18.2948
After OOD adjustment: Training instances of last class: 0
After OOD adjustment: Testing instances of last class: 57
Epoch: 058, Runtime 0.026290, Loss 1.107799, forward nfe 0, backward nfe 0, Train: 0.9583, Val: 0.7081, Test: 0.7127, Best time: 18.2948
After OOD adjustment: Training instances of last class: 0
After OOD adjustment: Testing instances of last class: 57
Epoch: 059, Runtime 0.026655, Loss 1.166105, forward nfe 0, backward nfe 0, Train: 0.9583, Val: 0.7081, Test: 0.7127, Best time: 18.2948
After OOD adjustment: Training instances of last class: 0
After OOD adjustment: Testing instances of last class: 57
Epoch: 060, Runtime 0.026010, Loss 1.130953, forward nfe 0, backward nfe 0, Train: 0.9583, Val: 0.7081, Test: 0.7127, Best time: 18.2948
After OOD adjustment: Training instances of last class: 0
After OOD adjustment: Testing instances of last class: 57
Epoch: 061, Runtime 0.026268, Loss 1.145764, forward nfe 0, backward nfe 0, Train: 0.9583, Val: 0.7081, Test: 0.7127, Best time: 18.2948
After OOD adjustment: Training instances of last class: 0
After OOD adjustment: Testing instances of last class: 57
Epoch: 062, Runtime 0.025849, Loss 1.070254, forward nfe 0, backward nfe 0, Train: 0.9583, Val: 0.7081, Test: 0.7127, Best time: 18.2948
After OOD adjustment: Training instances of last class: 0
After OOD adjustment: Testing instances of last class: 57
Epoch: 063, Runtime 0.026091, Loss 1.044438, forward nfe 0, backward nfe 0, Train: 0.9583, Val: 0.7081, Test: 0.7127, Best time: 18.2948
After OOD adjustment: Training instances of last class: 0
After OOD adjustment: Testing instances of last class: 57
Epoch: 064, Runtime 0.026137, Loss 1.068479, forward nfe 0, backward nfe 0, Train: 0.9583, Val: 0.7081, Test: 0.7127, Best time: 18.2948
After OOD adjustment: Training instances of last class: 0
After OOD adjustment: Testing instances of last class: 57
Epoch: 065, Runtime 0.026092, Loss 1.000996, forward nfe 0, backward nfe 0, Train: 0.9583, Val: 0.7081, Test: 0.7127, Best time: 18.2948
After OOD adjustment: Training instances of last class: 0
After OOD adjustment: Testing instances of last class: 57
Epoch: 066, Runtime 0.138638, Loss 1.008451, forward nfe 0, backward nfe 0, Train: 0.9750, Val: 0.7176, Test: 0.6934, Best time: 18.2948
After OOD adjustment: Training instances of last class: 0
After OOD adjustment: Testing instances of last class: 57
Epoch: 067, Runtime 0.137381, Loss 1.012272, forward nfe 0, backward nfe 0, Train: 0.9417, Val: 0.7199, Test: 0.7310, Best time: 18.2948
After OOD adjustment: Training instances of last class: 0
After OOD adjustment: Testing instances of last class: 57
Epoch: 068, Runtime 0.029527, Loss 0.997332, forward nfe 0, backward nfe 0, Train: 0.9417, Val: 0.7199, Test: 0.7310, Best time: 18.2948
After OOD adjustment: Training instances of last class: 0
After OOD adjustment: Testing instances of last class: 57
Epoch: 069, Runtime 0.026075, Loss 0.988927, forward nfe 0, backward nfe 0, Train: 0.9417, Val: 0.7199, Test: 0.7310, Best time: 18.2948
After OOD adjustment: Training instances of last class: 0
After OOD adjustment: Testing instances of last class: 57
Epoch: 070, Runtime 0.026157, Loss 0.981924, forward nfe 0, backward nfe 0, Train: 0.9417, Val: 0.7199, Test: 0.7310, Best time: 18.2948
After OOD adjustment: Training instances of last class: 0
After OOD adjustment: Testing instances of last class: 57
Epoch: 071, Runtime 0.025442, Loss 0.983940, forward nfe 0, backward nfe 0, Train: 0.9417, Val: 0.7199, Test: 0.7310, Best time: 18.2948
After OOD adjustment: Training instances of last class: 0
After OOD adjustment: Testing instances of last class: 57
Epoch: 072, Runtime 0.025793, Loss 0.925738, forward nfe 0, backward nfe 0, Train: 0.9417, Val: 0.7199, Test: 0.7310, Best time: 18.2948
After OOD adjustment: Training instances of last class: 0
After OOD adjustment: Testing instances of last class: 57
Epoch: 073, Runtime 0.025494, Loss 0.949977, forward nfe 0, backward nfe 0, Train: 0.9417, Val: 0.7199, Test: 0.7310, Best time: 18.2948
After OOD adjustment: Training instances of last class: 0
After OOD adjustment: Testing instances of last class: 57
Epoch: 074, Runtime 0.025883, Loss 0.955698, forward nfe 0, backward nfe 0, Train: 0.9417, Val: 0.7199, Test: 0.7310, Best time: 18.2948
After OOD adjustment: Training instances of last class: 0
After OOD adjustment: Testing instances of last class: 57
Epoch: 075, Runtime 0.025537, Loss 0.948855, forward nfe 0, backward nfe 0, Train: 0.9417, Val: 0.7199, Test: 0.7310, Best time: 18.2948
After OOD adjustment: Training instances of last class: 0
After OOD adjustment: Testing instances of last class: 57
Epoch: 076, Runtime 0.025537, Loss 0.877751, forward nfe 0, backward nfe 0, Train: 0.9417, Val: 0.7199, Test: 0.7310, Best time: 18.2948
After OOD adjustment: Training instances of last class: 0
After OOD adjustment: Testing instances of last class: 57
Epoch: 077, Runtime 0.025509, Loss 0.942129, forward nfe 0, backward nfe 0, Train: 0.9417, Val: 0.7199, Test: 0.7310, Best time: 18.2948
After OOD adjustment: Training instances of last class: 0
After OOD adjustment: Testing instances of last class: 57
Epoch: 078, Runtime 0.025416, Loss 0.874230, forward nfe 0, backward nfe 0, Train: 0.9417, Val: 0.7199, Test: 0.7310, Best time: 18.2948
After OOD adjustment: Training instances of last class: 0
After OOD adjustment: Testing instances of last class: 57
Epoch: 079, Runtime 0.025815, Loss 0.845923, forward nfe 0, backward nfe 0, Train: 0.9417, Val: 0.7199, Test: 0.7310, Best time: 18.2948
After OOD adjustment: Training instances of last class: 0
After OOD adjustment: Testing instances of last class: 57
Epoch: 080, Runtime 0.025365, Loss 0.852914, forward nfe 0, backward nfe 0, Train: 0.9417, Val: 0.7199, Test: 0.7310, Best time: 18.2948
After OOD adjustment: Training instances of last class: 0
After OOD adjustment: Testing instances of last class: 57
Epoch: 081, Runtime 0.025399, Loss 0.832419, forward nfe 0, backward nfe 0, Train: 0.9417, Val: 0.7199, Test: 0.7310, Best time: 18.2948
After OOD adjustment: Training instances of last class: 0
After OOD adjustment: Testing instances of last class: 57
Epoch: 082, Runtime 0.025437, Loss 0.826266, forward nfe 0, backward nfe 0, Train: 0.9417, Val: 0.7199, Test: 0.7310, Best time: 18.2948
After OOD adjustment: Training instances of last class: 0
After OOD adjustment: Testing instances of last class: 57
Epoch: 083, Runtime 0.136195, Loss 0.860290, forward nfe 0, backward nfe 0, Train: 0.9583, Val: 0.7493, Test: 0.7492, Best time: 18.2948
After OOD adjustment: Training instances of last class: 0
After OOD adjustment: Testing instances of last class: 57
Epoch: 084, Runtime 0.029508, Loss 0.795556, forward nfe 0, backward nfe 0, Train: 0.9583, Val: 0.7493, Test: 0.7492, Best time: 18.2948
After OOD adjustment: Training instances of last class: 0
After OOD adjustment: Testing instances of last class: 57
Epoch: 085, Runtime 0.026106, Loss 0.823618, forward nfe 0, backward nfe 0, Train: 0.9583, Val: 0.7493, Test: 0.7492, Best time: 18.2948
After OOD adjustment: Training instances of last class: 0
After OOD adjustment: Testing instances of last class: 57
Epoch: 086, Runtime 0.026283, Loss 0.799388, forward nfe 0, backward nfe 0, Train: 0.9583, Val: 0.7493, Test: 0.7492, Best time: 18.2948
After OOD adjustment: Training instances of last class: 0
After OOD adjustment: Testing instances of last class: 57
Epoch: 087, Runtime 0.025898, Loss 0.768064, forward nfe 0, backward nfe 0, Train: 0.9583, Val: 0.7493, Test: 0.7492, Best time: 18.2948
After OOD adjustment: Training instances of last class: 0
After OOD adjustment: Testing instances of last class: 57
Epoch: 088, Runtime 0.025777, Loss 0.722495, forward nfe 0, backward nfe 0, Train: 0.9583, Val: 0.7493, Test: 0.7492, Best time: 18.2948
After OOD adjustment: Training instances of last class: 0
After OOD adjustment: Testing instances of last class: 57
Epoch: 089, Runtime 0.025914, Loss 0.747437, forward nfe 0, backward nfe 0, Train: 0.9583, Val: 0.7493, Test: 0.7492, Best time: 18.2948
After OOD adjustment: Training instances of last class: 0
After OOD adjustment: Testing instances of last class: 57
Epoch: 090, Runtime 0.025785, Loss 0.674921, forward nfe 0, backward nfe 0, Train: 0.9583, Val: 0.7493, Test: 0.7492, Best time: 18.2948
After OOD adjustment: Training instances of last class: 0
After OOD adjustment: Testing instances of last class: 57
Epoch: 091, Runtime 0.026204, Loss 0.729840, forward nfe 0, backward nfe 0, Train: 0.9583, Val: 0.7493, Test: 0.7492, Best time: 18.2948
After OOD adjustment: Training instances of last class: 0
After OOD adjustment: Testing instances of last class: 57
Epoch: 092, Runtime 0.026355, Loss 0.684177, forward nfe 0, backward nfe 0, Train: 0.9583, Val: 0.7493, Test: 0.7492, Best time: 18.2948
After OOD adjustment: Training instances of last class: 0
After OOD adjustment: Testing instances of last class: 57
Epoch: 093, Runtime 0.025748, Loss 0.650271, forward nfe 0, backward nfe 0, Train: 0.9583, Val: 0.7493, Test: 0.7492, Best time: 18.2948
After OOD adjustment: Training instances of last class: 0
After OOD adjustment: Testing instances of last class: 57
Epoch: 094, Runtime 0.025861, Loss 0.670869, forward nfe 0, backward nfe 0, Train: 0.9583, Val: 0.7493, Test: 0.7492, Best time: 18.2948
After OOD adjustment: Training instances of last class: 0
After OOD adjustment: Testing instances of last class: 57
Epoch: 095, Runtime 0.026250, Loss 0.643348, forward nfe 0, backward nfe 0, Train: 0.9583, Val: 0.7493, Test: 0.7492, Best time: 18.2948
After OOD adjustment: Training instances of last class: 0
After OOD adjustment: Testing instances of last class: 57
Epoch: 096, Runtime 0.136843, Loss 0.626454, forward nfe 0, backward nfe 0, Train: 0.9917, Val: 0.7654, Test: 0.7665, Best time: 18.2948
After OOD adjustment: Training instances of last class: 0
After OOD adjustment: Testing instances of last class: 57
Epoch: 097, Runtime 0.029873, Loss 0.637368, forward nfe 0, backward nfe 0, Train: 0.9917, Val: 0.7654, Test: 0.7665, Best time: 18.2948
After OOD adjustment: Training instances of last class: 0
After OOD adjustment: Testing instances of last class: 57
Epoch: 098, Runtime 0.026444, Loss 0.647575, forward nfe 0, backward nfe 0, Train: 0.9917, Val: 0.7654, Test: 0.7665, Best time: 18.2948
After OOD adjustment: Training instances of last class: 0
After OOD adjustment: Testing instances of last class: 57
Epoch: 099, Runtime 0.026096, Loss 0.600291, forward nfe 0, backward nfe 0, Train: 0.9917, Val: 0.7654, Test: 0.7665, Best time: 18.2948
best val accuracy 0.765441 with test accuracy 0.766497 at epoch 96 and best time 18.294754
base_directory resutls_prob/OOD_Cora
new_name:  bgcn_ODD
file_path 1 resutls_prob/OOD_Cora/bgcn_ODD_prediction_probabilities_38.npz
file_path 2 resutls_prob/OOD_Cora/bgcn_ODD_prediction_probabilities_38.npz
Entropy Threshold: inf Test accuracy: 0.7269035532994924
Entropy Threshold: 2 Test accuracy: 0.7644670050761422
Entropy Threshold: 1.6 Test accuracy: 0.9071925754060325
Entropy Threshold: 1.5 Test accuracy: 0.9440298507462687
Entropy Threshold: 1.4 Test accuracy: 0.9414893617021277
Entropy Threshold: 1.3 Test accuracy: 0.9811320754716981
Entropy Threshold: 1.2 Test accuracy: 0.9855072463768116
Entropy Threshold: 1.1 Test accuracy: 0.9777777777777777
Entropy Threshold: 0.9 Test accuracy: 1.0
Entropy Threshold: 0.8 Test accuracy: 1.0
Entropy Threshold: 0.7 Test accuracy: 1.0
Entropy Threshold: 0.6 Test accuracy: 1.0
Entropy Threshold: 0.5 Test accuracy: 1.0
Entropy Threshold: 0.4 Test accuracy: 1.0
Entropy Threshold: 0.3 Test accuracy: None
Entropy Threshold: 0.2 Test accuracy: None
Entropy Threshold: 0.1 Test accuracy: None
