[KeOps] Warning : cuda was detected, but driver API could not be initialized. Switching to cpu only.
Folder already exists: results/citeseer
experiment: 0
Dataset size (num_nodes): 2120, Intended development set size (num_development): 1500
Dataset size (num_nodes): 2120, Actual development set size (num_development): 1500
rations: train 120, val 1380, test 620
Before OOD adjustment: Total instances of last class: 304
Before OOD adjustment: Training instances of last class: 20
Before OOD adjustment: Testing instances of last class: 93
Before OOD adjustment: Val instances of last class: 191
total train + val+ test 304
After OOD adjustment: Training instances of last class: 0
After OOD adjustment: Testing instances of last class: 93
Total number of classes: 6
number of classes to train: 5
Dataset size (num_nodes): 2120, Intended development set size (num_development): 1500
Dataset size (num_nodes): 2120, Actual development set size (num_development): 1500
rations: train 120, val 1380, test 620
within set_train_val_test_split function!
Before OOD adjustment: Total instances of last class: 304
Before OOD adjustment: Training instances of last class: 20
Before OOD adjustment: Testing instances of last class: 87
Before OOD adjustment: Val instances of last class: 197
total train + val+ test 304
After OOD adjustment: Training instances of last class: 0
After OOD adjustment: Testing instances of last class: 87
BayesianGCN(
  (bayes_conv1): BayesianGCNConv(3703, 64)
  (bayes_conv3): BayesianGCNConv(64, 5)
)
bayes_conv1.mu_weight
torch.Size([64, 3703])
bayes_conv1.rho_weight
torch.Size([64, 3703])
bayes_conv1.mu_bias
torch.Size([64])
bayes_conv1.rho_bias
torch.Size([64])
bayes_conv3.mu_weight
torch.Size([5, 64])
bayes_conv3.rho_weight
torch.Size([5, 64])
bayes_conv3.mu_bias
torch.Size([5])
bayes_conv3.rho_bias
torch.Size([5])
After OOD adjustment: Training instances of last class: 0
After OOD adjustment: Testing instances of last class: 87
Epoch: 001, Runtime 0.070413, Loss 1.723349, forward nfe 0, backward nfe 0, Train: 0.1900, Val: 0.2623, Test: 0.2387, Best time: 7.8741
After OOD adjustment: Training instances of last class: 0
After OOD adjustment: Testing instances of last class: 87
Epoch: 002, Runtime 0.160526, Loss 1.638832, forward nfe 0, backward nfe 0, Train: 0.2200, Val: 0.2674, Test: 0.2403, Best time: 7.8741
After OOD adjustment: Training instances of last class: 0
After OOD adjustment: Testing instances of last class: 87
Epoch: 003, Runtime 0.058124, Loss 1.701723, forward nfe 0, backward nfe 0, Train: 0.2200, Val: 0.2674, Test: 0.2403, Best time: 7.8741
After OOD adjustment: Training instances of last class: 0
After OOD adjustment: Testing instances of last class: 87
Epoch: 004, Runtime 0.057066, Loss 1.624437, forward nfe 0, backward nfe 0, Train: 0.2200, Val: 0.2674, Test: 0.2403, Best time: 7.8741
After OOD adjustment: Training instances of last class: 0
After OOD adjustment: Testing instances of last class: 87
Epoch: 005, Runtime 0.147119, Loss 1.593696, forward nfe 0, backward nfe 0, Train: 0.2800, Val: 0.2696, Test: 0.2500, Best time: 7.8741
After OOD adjustment: Training instances of last class: 0
After OOD adjustment: Testing instances of last class: 87
Epoch: 006, Runtime 0.056160, Loss 1.536037, forward nfe 0, backward nfe 0, Train: 0.2800, Val: 0.2696, Test: 0.2500, Best time: 7.8741
After OOD adjustment: Training instances of last class: 0
After OOD adjustment: Testing instances of last class: 87
Epoch: 007, Runtime 0.055030, Loss 1.507026, forward nfe 0, backward nfe 0, Train: 0.2800, Val: 0.2696, Test: 0.2500, Best time: 7.8741
After OOD adjustment: Training instances of last class: 0
After OOD adjustment: Testing instances of last class: 87
Epoch: 008, Runtime 0.146200, Loss 1.481520, forward nfe 0, backward nfe 0, Train: 0.2600, Val: 0.2761, Test: 0.2532, Best time: 7.8741
After OOD adjustment: Training instances of last class: 0
After OOD adjustment: Testing instances of last class: 87
Epoch: 009, Runtime 0.057507, Loss 1.467550, forward nfe 0, backward nfe 0, Train: 0.2600, Val: 0.2761, Test: 0.2532, Best time: 7.8741
After OOD adjustment: Training instances of last class: 0
After OOD adjustment: Testing instances of last class: 87
Epoch: 010, Runtime 0.148692, Loss 1.434089, forward nfe 0, backward nfe 0, Train: 0.4500, Val: 0.3014, Test: 0.2806, Best time: 7.8741
After OOD adjustment: Training instances of last class: 0
After OOD adjustment: Testing instances of last class: 87
Epoch: 011, Runtime 0.145472, Loss 1.405182, forward nfe 0, backward nfe 0, Train: 0.6700, Val: 0.3362, Test: 0.3435, Best time: 7.8741
After OOD adjustment: Training instances of last class: 0
After OOD adjustment: Testing instances of last class: 87
Epoch: 012, Runtime 0.057768, Loss 1.374511, forward nfe 0, backward nfe 0, Train: 0.6700, Val: 0.3362, Test: 0.3435, Best time: 7.8741
After OOD adjustment: Training instances of last class: 0
After OOD adjustment: Testing instances of last class: 87
Epoch: 013, Runtime 0.058779, Loss 1.390828, forward nfe 0, backward nfe 0, Train: 0.6700, Val: 0.3362, Test: 0.3435, Best time: 7.8741
After OOD adjustment: Training instances of last class: 0
After OOD adjustment: Testing instances of last class: 87
Epoch: 014, Runtime 0.059265, Loss 1.354592, forward nfe 0, backward nfe 0, Train: 0.6700, Val: 0.3362, Test: 0.3435, Best time: 7.8741
After OOD adjustment: Training instances of last class: 0
After OOD adjustment: Testing instances of last class: 87
Epoch: 015, Runtime 0.059421, Loss 1.321822, forward nfe 0, backward nfe 0, Train: 0.6700, Val: 0.3362, Test: 0.3435, Best time: 7.8741
After OOD adjustment: Training instances of last class: 0
After OOD adjustment: Testing instances of last class: 87
Epoch: 016, Runtime 0.059155, Loss 1.331266, forward nfe 0, backward nfe 0, Train: 0.6700, Val: 0.3362, Test: 0.3435, Best time: 7.8741
After OOD adjustment: Training instances of last class: 0
After OOD adjustment: Testing instances of last class: 87
Epoch: 017, Runtime 0.147824, Loss 1.291105, forward nfe 0, backward nfe 0, Train: 0.8400, Val: 0.4804, Test: 0.4887, Best time: 7.8741
After OOD adjustment: Training instances of last class: 0
After OOD adjustment: Testing instances of last class: 87
Epoch: 018, Runtime 0.059455, Loss 1.290831, forward nfe 0, backward nfe 0, Train: 0.8400, Val: 0.4804, Test: 0.4887, Best time: 7.8741
After OOD adjustment: Training instances of last class: 0
After OOD adjustment: Testing instances of last class: 87
Epoch: 019, Runtime 0.059006, Loss 1.250511, forward nfe 0, backward nfe 0, Train: 0.8400, Val: 0.4804, Test: 0.4887, Best time: 7.8741
After OOD adjustment: Training instances of last class: 0
After OOD adjustment: Testing instances of last class: 87
Epoch: 020, Runtime 0.058055, Loss 1.186886, forward nfe 0, backward nfe 0, Train: 0.8400, Val: 0.4804, Test: 0.4887, Best time: 7.8741
After OOD adjustment: Training instances of last class: 0
After OOD adjustment: Testing instances of last class: 87
Epoch: 021, Runtime 0.058535, Loss 1.151752, forward nfe 0, backward nfe 0, Train: 0.8400, Val: 0.4804, Test: 0.4887, Best time: 7.8741
After OOD adjustment: Training instances of last class: 0
After OOD adjustment: Testing instances of last class: 87
Epoch: 022, Runtime 0.058555, Loss 1.200843, forward nfe 0, backward nfe 0, Train: 0.8400, Val: 0.4804, Test: 0.4887, Best time: 7.8741
After OOD adjustment: Training instances of last class: 0
After OOD adjustment: Testing instances of last class: 87
Epoch: 023, Runtime 0.058872, Loss 1.171545, forward nfe 0, backward nfe 0, Train: 0.8400, Val: 0.4804, Test: 0.4887, Best time: 7.8741
After OOD adjustment: Training instances of last class: 0
After OOD adjustment: Testing instances of last class: 87
Epoch: 024, Runtime 0.058018, Loss 1.107636, forward nfe 0, backward nfe 0, Train: 0.8400, Val: 0.4804, Test: 0.4887, Best time: 7.8741
After OOD adjustment: Training instances of last class: 0
After OOD adjustment: Testing instances of last class: 87
Epoch: 025, Runtime 0.057965, Loss 1.156627, forward nfe 0, backward nfe 0, Train: 0.8400, Val: 0.4804, Test: 0.4887, Best time: 7.8741
After OOD adjustment: Training instances of last class: 0
After OOD adjustment: Testing instances of last class: 87
Epoch: 026, Runtime 0.057870, Loss 1.137585, forward nfe 0, backward nfe 0, Train: 0.8400, Val: 0.4804, Test: 0.4887, Best time: 7.8741
After OOD adjustment: Training instances of last class: 0
After OOD adjustment: Testing instances of last class: 87
Epoch: 027, Runtime 0.152349, Loss 1.189808, forward nfe 0, backward nfe 0, Train: 0.9400, Val: 0.4899, Test: 0.4726, Best time: 7.8741
After OOD adjustment: Training instances of last class: 0
After OOD adjustment: Testing instances of last class: 87
Epoch: 028, Runtime 0.051341, Loss 1.039800, forward nfe 0, backward nfe 0, Train: 0.9400, Val: 0.4899, Test: 0.4726, Best time: 7.8741
After OOD adjustment: Training instances of last class: 0
After OOD adjustment: Testing instances of last class: 87
Epoch: 029, Runtime 0.051474, Loss 1.067337, forward nfe 0, backward nfe 0, Train: 0.9400, Val: 0.4899, Test: 0.4726, Best time: 7.8741
After OOD adjustment: Training instances of last class: 0
After OOD adjustment: Testing instances of last class: 87
Epoch: 030, Runtime 0.050993, Loss 0.999280, forward nfe 0, backward nfe 0, Train: 0.9400, Val: 0.4899, Test: 0.4726, Best time: 7.8741
After OOD adjustment: Training instances of last class: 0
After OOD adjustment: Testing instances of last class: 87
Epoch: 031, Runtime 0.050375, Loss 0.987673, forward nfe 0, backward nfe 0, Train: 0.9400, Val: 0.4899, Test: 0.4726, Best time: 7.8741
After OOD adjustment: Training instances of last class: 0
After OOD adjustment: Testing instances of last class: 87
Epoch: 032, Runtime 0.050140, Loss 0.925794, forward nfe 0, backward nfe 0, Train: 0.9400, Val: 0.4899, Test: 0.4726, Best time: 7.8741
After OOD adjustment: Training instances of last class: 0
After OOD adjustment: Testing instances of last class: 87
Epoch: 033, Runtime 0.141164, Loss 0.977424, forward nfe 0, backward nfe 0, Train: 0.9700, Val: 0.5558, Test: 0.5661, Best time: 7.8741
After OOD adjustment: Training instances of last class: 0
After OOD adjustment: Testing instances of last class: 87
Epoch: 034, Runtime 0.059548, Loss 0.942111, forward nfe 0, backward nfe 0, Train: 0.9700, Val: 0.5558, Test: 0.5661, Best time: 7.8741
After OOD adjustment: Training instances of last class: 0
After OOD adjustment: Testing instances of last class: 87
Epoch: 035, Runtime 0.057629, Loss 0.910121, forward nfe 0, backward nfe 0, Train: 0.9700, Val: 0.5558, Test: 0.5661, Best time: 7.8741
After OOD adjustment: Training instances of last class: 0
After OOD adjustment: Testing instances of last class: 87
Epoch: 036, Runtime 0.058194, Loss 0.883395, forward nfe 0, backward nfe 0, Train: 0.9700, Val: 0.5558, Test: 0.5661, Best time: 7.8741
After OOD adjustment: Training instances of last class: 0
After OOD adjustment: Testing instances of last class: 87
Epoch: 037, Runtime 0.058242, Loss 0.907313, forward nfe 0, backward nfe 0, Train: 0.9700, Val: 0.5558, Test: 0.5661, Best time: 7.8741
After OOD adjustment: Training instances of last class: 0
After OOD adjustment: Testing instances of last class: 87
Epoch: 038, Runtime 0.058481, Loss 0.820490, forward nfe 0, backward nfe 0, Train: 0.9700, Val: 0.5558, Test: 0.5661, Best time: 7.8741
After OOD adjustment: Training instances of last class: 0
After OOD adjustment: Testing instances of last class: 87
Epoch: 039, Runtime 0.053693, Loss 0.866223, forward nfe 0, backward nfe 0, Train: 0.9700, Val: 0.5558, Test: 0.5661, Best time: 7.8741
After OOD adjustment: Training instances of last class: 0
After OOD adjustment: Testing instances of last class: 87
Epoch: 040, Runtime 0.058285, Loss 0.820339, forward nfe 0, backward nfe 0, Train: 0.9700, Val: 0.5558, Test: 0.5661, Best time: 7.8741
After OOD adjustment: Training instances of last class: 0
After OOD adjustment: Testing instances of last class: 87
Epoch: 041, Runtime 0.058359, Loss 0.786464, forward nfe 0, backward nfe 0, Train: 0.9700, Val: 0.5558, Test: 0.5661, Best time: 7.8741
After OOD adjustment: Training instances of last class: 0
After OOD adjustment: Testing instances of last class: 87
Epoch: 042, Runtime 0.149709, Loss 0.741208, forward nfe 0, backward nfe 0, Train: 0.9800, Val: 0.5942, Test: 0.5774, Best time: 7.8741
After OOD adjustment: Training instances of last class: 0
After OOD adjustment: Testing instances of last class: 87
Epoch: 043, Runtime 0.057004, Loss 0.798008, forward nfe 0, backward nfe 0, Train: 0.9800, Val: 0.5942, Test: 0.5774, Best time: 7.8741
After OOD adjustment: Training instances of last class: 0
After OOD adjustment: Testing instances of last class: 87
Epoch: 044, Runtime 0.056270, Loss 0.717706, forward nfe 0, backward nfe 0, Train: 0.9800, Val: 0.5942, Test: 0.5774, Best time: 7.8741
After OOD adjustment: Training instances of last class: 0
After OOD adjustment: Testing instances of last class: 87
Epoch: 045, Runtime 0.050120, Loss 0.763437, forward nfe 0, backward nfe 0, Train: 0.9800, Val: 0.5942, Test: 0.5774, Best time: 7.8741
After OOD adjustment: Training instances of last class: 0
After OOD adjustment: Testing instances of last class: 87
Epoch: 046, Runtime 0.055889, Loss 0.686464, forward nfe 0, backward nfe 0, Train: 0.9800, Val: 0.5942, Test: 0.5774, Best time: 7.8741
After OOD adjustment: Training instances of last class: 0
After OOD adjustment: Testing instances of last class: 87
Epoch: 047, Runtime 0.051964, Loss 0.649226, forward nfe 0, backward nfe 0, Train: 0.9800, Val: 0.5942, Test: 0.5774, Best time: 7.8741
After OOD adjustment: Training instances of last class: 0
After OOD adjustment: Testing instances of last class: 87
Epoch: 048, Runtime 0.057203, Loss 0.727542, forward nfe 0, backward nfe 0, Train: 0.9800, Val: 0.5942, Test: 0.5774, Best time: 7.8741
After OOD adjustment: Training instances of last class: 0
After OOD adjustment: Testing instances of last class: 87
Epoch: 049, Runtime 0.058027, Loss 0.686059, forward nfe 0, backward nfe 0, Train: 0.9800, Val: 0.5942, Test: 0.5774, Best time: 7.8741
After OOD adjustment: Training instances of last class: 0
After OOD adjustment: Testing instances of last class: 87
Epoch: 050, Runtime 0.057551, Loss 0.622179, forward nfe 0, backward nfe 0, Train: 0.9800, Val: 0.5942, Test: 0.5774, Best time: 7.8741
After OOD adjustment: Training instances of last class: 0
After OOD adjustment: Testing instances of last class: 87
Epoch: 051, Runtime 0.055994, Loss 0.574106, forward nfe 0, backward nfe 0, Train: 0.9800, Val: 0.5942, Test: 0.5774, Best time: 7.8741
After OOD adjustment: Training instances of last class: 0
After OOD adjustment: Testing instances of last class: 87
Epoch: 052, Runtime 0.055310, Loss 0.598714, forward nfe 0, backward nfe 0, Train: 0.9800, Val: 0.5942, Test: 0.5774, Best time: 7.8741
After OOD adjustment: Training instances of last class: 0
After OOD adjustment: Testing instances of last class: 87
Epoch: 053, Runtime 0.056574, Loss 0.598186, forward nfe 0, backward nfe 0, Train: 0.9800, Val: 0.5942, Test: 0.5774, Best time: 7.8741
After OOD adjustment: Training instances of last class: 0
After OOD adjustment: Testing instances of last class: 87
Epoch: 054, Runtime 0.055329, Loss 0.606241, forward nfe 0, backward nfe 0, Train: 0.9800, Val: 0.5942, Test: 0.5774, Best time: 7.8741
After OOD adjustment: Training instances of last class: 0
After OOD adjustment: Testing instances of last class: 87
Epoch: 055, Runtime 0.147448, Loss 0.560724, forward nfe 0, backward nfe 0, Train: 0.9800, Val: 0.6051, Test: 0.5968, Best time: 7.8741
After OOD adjustment: Training instances of last class: 0
After OOD adjustment: Testing instances of last class: 87
Epoch: 056, Runtime 0.057387, Loss 0.523961, forward nfe 0, backward nfe 0, Train: 0.9800, Val: 0.6051, Test: 0.5968, Best time: 7.8741
After OOD adjustment: Training instances of last class: 0
After OOD adjustment: Testing instances of last class: 87
Epoch: 057, Runtime 0.058030, Loss 0.577408, forward nfe 0, backward nfe 0, Train: 0.9800, Val: 0.6051, Test: 0.5968, Best time: 7.8741
After OOD adjustment: Training instances of last class: 0
After OOD adjustment: Testing instances of last class: 87
Epoch: 058, Runtime 0.150241, Loss 0.517687, forward nfe 0, backward nfe 0, Train: 0.9900, Val: 0.6058, Test: 0.5919, Best time: 7.8741
After OOD adjustment: Training instances of last class: 0
After OOD adjustment: Testing instances of last class: 87
Epoch: 059, Runtime 0.065198, Loss 0.524876, forward nfe 0, backward nfe 0, Train: 0.9900, Val: 0.6058, Test: 0.5919, Best time: 7.8741
After OOD adjustment: Training instances of last class: 0
After OOD adjustment: Testing instances of last class: 87
Epoch: 060, Runtime 0.055850, Loss 0.506802, forward nfe 0, backward nfe 0, Train: 0.9900, Val: 0.6058, Test: 0.5919, Best time: 7.8741
After OOD adjustment: Training instances of last class: 0
After OOD adjustment: Testing instances of last class: 87
Epoch: 061, Runtime 0.055038, Loss 0.479346, forward nfe 0, backward nfe 0, Train: 0.9900, Val: 0.6058, Test: 0.5919, Best time: 7.8741
After OOD adjustment: Training instances of last class: 0
After OOD adjustment: Testing instances of last class: 87
Epoch: 062, Runtime 0.056979, Loss 0.432588, forward nfe 0, backward nfe 0, Train: 0.9900, Val: 0.6058, Test: 0.5919, Best time: 7.8741
After OOD adjustment: Training instances of last class: 0
After OOD adjustment: Testing instances of last class: 87
Epoch: 063, Runtime 0.055723, Loss 0.408068, forward nfe 0, backward nfe 0, Train: 0.9900, Val: 0.6058, Test: 0.5919, Best time: 7.8741
After OOD adjustment: Training instances of last class: 0
After OOD adjustment: Testing instances of last class: 87
Epoch: 064, Runtime 0.057642, Loss 0.419621, forward nfe 0, backward nfe 0, Train: 0.9900, Val: 0.6058, Test: 0.5919, Best time: 7.8741
After OOD adjustment: Training instances of last class: 0
After OOD adjustment: Testing instances of last class: 87
Epoch: 065, Runtime 0.056745, Loss 0.410109, forward nfe 0, backward nfe 0, Train: 0.9900, Val: 0.6058, Test: 0.5919, Best time: 7.8741
After OOD adjustment: Training instances of last class: 0
After OOD adjustment: Testing instances of last class: 87
Epoch: 066, Runtime 0.056199, Loss 0.393552, forward nfe 0, backward nfe 0, Train: 0.9900, Val: 0.6058, Test: 0.5919, Best time: 7.8741
After OOD adjustment: Training instances of last class: 0
After OOD adjustment: Testing instances of last class: 87
Epoch: 067, Runtime 0.056485, Loss 0.386309, forward nfe 0, backward nfe 0, Train: 0.9900, Val: 0.6058, Test: 0.5919, Best time: 7.8741
After OOD adjustment: Training instances of last class: 0
After OOD adjustment: Testing instances of last class: 87
Epoch: 068, Runtime 0.056450, Loss 0.348611, forward nfe 0, backward nfe 0, Train: 0.9900, Val: 0.6058, Test: 0.5919, Best time: 7.8741
After OOD adjustment: Training instances of last class: 0
After OOD adjustment: Testing instances of last class: 87
Epoch: 069, Runtime 0.055255, Loss 0.332229, forward nfe 0, backward nfe 0, Train: 0.9900, Val: 0.6058, Test: 0.5919, Best time: 7.8741
After OOD adjustment: Training instances of last class: 0
After OOD adjustment: Testing instances of last class: 87
Epoch: 070, Runtime 0.056397, Loss 0.372797, forward nfe 0, backward nfe 0, Train: 0.9900, Val: 0.6058, Test: 0.5919, Best time: 7.8741
After OOD adjustment: Training instances of last class: 0
After OOD adjustment: Testing instances of last class: 87
Epoch: 071, Runtime 0.056371, Loss 0.404928, forward nfe 0, backward nfe 0, Train: 0.9900, Val: 0.6058, Test: 0.5919, Best time: 7.8741
After OOD adjustment: Training instances of last class: 0
After OOD adjustment: Testing instances of last class: 87
Epoch: 072, Runtime 0.056696, Loss 0.343696, forward nfe 0, backward nfe 0, Train: 0.9900, Val: 0.6058, Test: 0.5919, Best time: 7.8741
After OOD adjustment: Training instances of last class: 0
After OOD adjustment: Testing instances of last class: 87
Epoch: 073, Runtime 0.056948, Loss 0.326420, forward nfe 0, backward nfe 0, Train: 0.9900, Val: 0.6058, Test: 0.5919, Best time: 7.8741
After OOD adjustment: Training instances of last class: 0
After OOD adjustment: Testing instances of last class: 87
Epoch: 074, Runtime 0.056150, Loss 0.309698, forward nfe 0, backward nfe 0, Train: 0.9900, Val: 0.6058, Test: 0.5919, Best time: 7.8741
After OOD adjustment: Training instances of last class: 0
After OOD adjustment: Testing instances of last class: 87
Epoch: 075, Runtime 0.059409, Loss 0.322414, forward nfe 0, backward nfe 0, Train: 0.9900, Val: 0.6058, Test: 0.5919, Best time: 7.8741
After OOD adjustment: Training instances of last class: 0
After OOD adjustment: Testing instances of last class: 87
Epoch: 076, Runtime 0.059439, Loss 0.292793, forward nfe 0, backward nfe 0, Train: 0.9900, Val: 0.6058, Test: 0.5919, Best time: 7.8741
After OOD adjustment: Training instances of last class: 0
After OOD adjustment: Testing instances of last class: 87
Epoch: 077, Runtime 0.059026, Loss 0.302620, forward nfe 0, backward nfe 0, Train: 0.9900, Val: 0.6058, Test: 0.5919, Best time: 7.8741
After OOD adjustment: Training instances of last class: 0
After OOD adjustment: Testing instances of last class: 87
Epoch: 078, Runtime 0.059278, Loss 0.325732, forward nfe 0, backward nfe 0, Train: 0.9900, Val: 0.6058, Test: 0.5919, Best time: 7.8741
After OOD adjustment: Training instances of last class: 0
After OOD adjustment: Testing instances of last class: 87
Epoch: 079, Runtime 0.059449, Loss 0.323590, forward nfe 0, backward nfe 0, Train: 0.9900, Val: 0.6058, Test: 0.5919, Best time: 7.8741
After OOD adjustment: Training instances of last class: 0
After OOD adjustment: Testing instances of last class: 87
Epoch: 080, Runtime 0.059436, Loss 0.283704, forward nfe 0, backward nfe 0, Train: 0.9900, Val: 0.6058, Test: 0.5919, Best time: 7.8741
After OOD adjustment: Training instances of last class: 0
After OOD adjustment: Testing instances of last class: 87
Epoch: 081, Runtime 0.059177, Loss 0.269427, forward nfe 0, backward nfe 0, Train: 0.9900, Val: 0.6058, Test: 0.5919, Best time: 7.8741
After OOD adjustment: Training instances of last class: 0
After OOD adjustment: Testing instances of last class: 87
Epoch: 082, Runtime 0.059320, Loss 0.268982, forward nfe 0, backward nfe 0, Train: 0.9900, Val: 0.6058, Test: 0.5919, Best time: 7.8741
After OOD adjustment: Training instances of last class: 0
After OOD adjustment: Testing instances of last class: 87
Epoch: 083, Runtime 0.059015, Loss 0.248217, forward nfe 0, backward nfe 0, Train: 0.9900, Val: 0.6058, Test: 0.5919, Best time: 7.8741
After OOD adjustment: Training instances of last class: 0
After OOD adjustment: Testing instances of last class: 87
Epoch: 084, Runtime 0.058085, Loss 0.226755, forward nfe 0, backward nfe 0, Train: 0.9900, Val: 0.6058, Test: 0.5919, Best time: 7.8741
After OOD adjustment: Training instances of last class: 0
After OOD adjustment: Testing instances of last class: 87
Epoch: 085, Runtime 0.057656, Loss 0.232365, forward nfe 0, backward nfe 0, Train: 0.9900, Val: 0.6058, Test: 0.5919, Best time: 7.8741
After OOD adjustment: Training instances of last class: 0
After OOD adjustment: Testing instances of last class: 87
Epoch: 086, Runtime 0.057464, Loss 0.246317, forward nfe 0, backward nfe 0, Train: 0.9900, Val: 0.6058, Test: 0.5919, Best time: 7.8741
After OOD adjustment: Training instances of last class: 0
After OOD adjustment: Testing instances of last class: 87
Epoch: 087, Runtime 0.059435, Loss 0.249081, forward nfe 0, backward nfe 0, Train: 0.9900, Val: 0.6058, Test: 0.5919, Best time: 7.8741
After OOD adjustment: Training instances of last class: 0
After OOD adjustment: Testing instances of last class: 87
Epoch: 088, Runtime 0.059548, Loss 0.209288, forward nfe 0, backward nfe 0, Train: 0.9900, Val: 0.6058, Test: 0.5919, Best time: 7.8741
After OOD adjustment: Training instances of last class: 0
After OOD adjustment: Testing instances of last class: 87
Epoch: 089, Runtime 0.058635, Loss 0.225979, forward nfe 0, backward nfe 0, Train: 0.9900, Val: 0.6058, Test: 0.5919, Best time: 7.8741
After OOD adjustment: Training instances of last class: 0
After OOD adjustment: Testing instances of last class: 87
Epoch: 090, Runtime 0.059260, Loss 0.226427, forward nfe 0, backward nfe 0, Train: 0.9900, Val: 0.6058, Test: 0.5919, Best time: 7.8741
After OOD adjustment: Training instances of last class: 0
After OOD adjustment: Testing instances of last class: 87
Epoch: 091, Runtime 0.058155, Loss 0.245146, forward nfe 0, backward nfe 0, Train: 0.9900, Val: 0.6058, Test: 0.5919, Best time: 7.8741
After OOD adjustment: Training instances of last class: 0
After OOD adjustment: Testing instances of last class: 87
Epoch: 092, Runtime 0.056772, Loss 0.179347, forward nfe 0, backward nfe 0, Train: 0.9900, Val: 0.6058, Test: 0.5919, Best time: 7.8741
After OOD adjustment: Training instances of last class: 0
After OOD adjustment: Testing instances of last class: 87
Epoch: 093, Runtime 0.056391, Loss 0.212794, forward nfe 0, backward nfe 0, Train: 0.9900, Val: 0.6058, Test: 0.5919, Best time: 7.8741
After OOD adjustment: Training instances of last class: 0
After OOD adjustment: Testing instances of last class: 87
Epoch: 094, Runtime 0.055748, Loss 0.184840, forward nfe 0, backward nfe 0, Train: 0.9900, Val: 0.6058, Test: 0.5919, Best time: 7.8741
After OOD adjustment: Training instances of last class: 0
After OOD adjustment: Testing instances of last class: 87
Epoch: 095, Runtime 0.051911, Loss 0.171781, forward nfe 0, backward nfe 0, Train: 0.9900, Val: 0.6058, Test: 0.5919, Best time: 7.8741
After OOD adjustment: Training instances of last class: 0
After OOD adjustment: Testing instances of last class: 87
Epoch: 096, Runtime 0.056454, Loss 0.148935, forward nfe 0, backward nfe 0, Train: 0.9900, Val: 0.6058, Test: 0.5919, Best time: 7.8741
After OOD adjustment: Training instances of last class: 0
After OOD adjustment: Testing instances of last class: 87
Epoch: 097, Runtime 0.056294, Loss 0.168678, forward nfe 0, backward nfe 0, Train: 0.9900, Val: 0.6058, Test: 0.5919, Best time: 7.8741
After OOD adjustment: Training instances of last class: 0
After OOD adjustment: Testing instances of last class: 87
Epoch: 098, Runtime 0.056623, Loss 0.184844, forward nfe 0, backward nfe 0, Train: 0.9900, Val: 0.6058, Test: 0.5919, Best time: 7.8741
After OOD adjustment: Training instances of last class: 0
After OOD adjustment: Testing instances of last class: 87
Epoch: 099, Runtime 0.051913, Loss 0.212055, forward nfe 0, backward nfe 0, Train: 0.9900, Val: 0.6058, Test: 0.5919, Best time: 7.8741
best val accuracy 0.605797 with test accuracy 0.591935 at epoch 58 and best time 7.874113
base_directory resutls_prob/OOD_Citeseer
new_name:  bgcn_ODD
file_path 1 resutls_prob/OOD_Citeseer/bgcn_ODD_prediction_probabilities_1.npz
file_path 2 resutls_prob/OOD_Citeseer/bgcn_ODD_prediction_probabilities_1.npz
Entropy Threshold: inf Test accuracy: 0.5870967741935483
Entropy Threshold: 2 Test accuracy: 0.5870967741935483
Entropy Threshold: 1.6 Test accuracy: 0.5933884297520661
Entropy Threshold: 1.5 Test accuracy: 0.71875
Entropy Threshold: 1.4 Test accuracy: 0.7217391304347827
Entropy Threshold: 1.3 Test accuracy: 0.7857142857142857
Entropy Threshold: 1.2 Test accuracy: 0.7586206896551724
Entropy Threshold: 1.1 Test accuracy: 0.7966101694915254
Entropy Threshold: 0.9 Test accuracy: 0.8333333333333334
Entropy Threshold: 0.8 Test accuracy: 0.9166666666666666
Entropy Threshold: 0.7 Test accuracy: 1.0
Entropy Threshold: 0.6 Test accuracy: 1.0
Entropy Threshold: 0.5 Test accuracy: None
Entropy Threshold: 0.4 Test accuracy: None
Entropy Threshold: 0.3 Test accuracy: None
Entropy Threshold: 0.2 Test accuracy: None
Entropy Threshold: 0.1 Test accuracy: None
