[KeOps] Warning : cuda was detected, but driver API could not be initialized. Switching to cpu only.
Folder already exists: results/citeseer
experiment: 0
Dataset size (num_nodes): 2120, Intended development set size (num_development): 1500
Dataset size (num_nodes): 2120, Actual development set size (num_development): 1500
rations: train 120, val 1380, test 620
Before OOD adjustment: Total instances of last class: 304
Before OOD adjustment: Training instances of last class: 20
Before OOD adjustment: Testing instances of last class: 93
Before OOD adjustment: Val instances of last class: 191
total train + val+ test 304
After OOD adjustment: Training instances of last class: 0
After OOD adjustment: Testing instances of last class: 93
Total number of classes: 6
number of classes to train: 5
Dataset size (num_nodes): 2120, Intended development set size (num_development): 1500
Dataset size (num_nodes): 2120, Actual development set size (num_development): 1500
rations: train 120, val 1380, test 620
within set_train_val_test_split function!
Before OOD adjustment: Total instances of last class: 304
Before OOD adjustment: Training instances of last class: 20
Before OOD adjustment: Testing instances of last class: 88
Before OOD adjustment: Val instances of last class: 196
total train + val+ test 304
After OOD adjustment: Training instances of last class: 0
After OOD adjustment: Testing instances of last class: 88
MyGCN2(
  (conv1): GCNConv(3703, 80)
  (conv4): GCNConv(80, 5)
)
conv1.bias
torch.Size([80])
conv1.lin.weight
torch.Size([80, 3703])
conv4.bias
torch.Size([5])
conv4.lin.weight
torch.Size([5, 80])
After OOD adjustment: Training instances of last class: 0
After OOD adjustment: Testing instances of last class: 88
Epoch: 001, Runtime 0.056502, Loss 1.609984, forward nfe 0, backward nfe 0, Train: 0.6600, Val: 0.4087, Test: 0.4194, Best time: 7.8741
After OOD adjustment: Training instances of last class: 0
After OOD adjustment: Testing instances of last class: 88
Epoch: 002, Runtime 0.169793, Loss 1.499504, forward nfe 0, backward nfe 0, Train: 0.8900, Val: 0.5217, Test: 0.5339, Best time: 7.8741
After OOD adjustment: Training instances of last class: 0
After OOD adjustment: Testing instances of last class: 88
Epoch: 003, Runtime 0.157334, Loss 1.393621, forward nfe 0, backward nfe 0, Train: 0.9100, Val: 0.5558, Test: 0.5726, Best time: 7.8741
After OOD adjustment: Training instances of last class: 0
After OOD adjustment: Testing instances of last class: 88
Epoch: 004, Runtime 0.154317, Loss 1.292361, forward nfe 0, backward nfe 0, Train: 0.9400, Val: 0.5761, Test: 0.5855, Best time: 7.8741
After OOD adjustment: Training instances of last class: 0
After OOD adjustment: Testing instances of last class: 88
Epoch: 005, Runtime 0.157751, Loss 1.195869, forward nfe 0, backward nfe 0, Train: 0.9600, Val: 0.5804, Test: 0.5935, Best time: 7.8741
After OOD adjustment: Training instances of last class: 0
After OOD adjustment: Testing instances of last class: 88
Epoch: 006, Runtime 0.048790, Loss 1.104345, forward nfe 0, backward nfe 0, Train: 0.9600, Val: 0.5804, Test: 0.5935, Best time: 7.8741
After OOD adjustment: Training instances of last class: 0
After OOD adjustment: Testing instances of last class: 88
Epoch: 007, Runtime 0.048135, Loss 1.017993, forward nfe 0, backward nfe 0, Train: 0.9600, Val: 0.5804, Test: 0.5935, Best time: 7.8741
After OOD adjustment: Training instances of last class: 0
After OOD adjustment: Testing instances of last class: 88
Epoch: 008, Runtime 0.048949, Loss 0.936977, forward nfe 0, backward nfe 0, Train: 0.9600, Val: 0.5804, Test: 0.5935, Best time: 7.8741
After OOD adjustment: Training instances of last class: 0
After OOD adjustment: Testing instances of last class: 88
Epoch: 009, Runtime 0.135764, Loss 0.861386, forward nfe 0, backward nfe 0, Train: 0.9700, Val: 0.5826, Test: 0.6000, Best time: 7.8741
After OOD adjustment: Training instances of last class: 0
After OOD adjustment: Testing instances of last class: 88
Epoch: 010, Runtime 0.134600, Loss 0.791218, forward nfe 0, backward nfe 0, Train: 0.9700, Val: 0.5833, Test: 0.6016, Best time: 7.8741
After OOD adjustment: Training instances of last class: 0
After OOD adjustment: Testing instances of last class: 88
Epoch: 011, Runtime 0.044352, Loss 0.726384, forward nfe 0, backward nfe 0, Train: 0.9700, Val: 0.5833, Test: 0.6016, Best time: 7.8741
After OOD adjustment: Training instances of last class: 0
After OOD adjustment: Testing instances of last class: 88
Epoch: 012, Runtime 0.043230, Loss 0.666720, forward nfe 0, backward nfe 0, Train: 0.9700, Val: 0.5833, Test: 0.6016, Best time: 7.8741
After OOD adjustment: Training instances of last class: 0
After OOD adjustment: Testing instances of last class: 88
Epoch: 013, Runtime 0.143943, Loss 0.612001, forward nfe 0, backward nfe 0, Train: 0.9900, Val: 0.5848, Test: 0.5984, Best time: 7.8741
After OOD adjustment: Training instances of last class: 0
After OOD adjustment: Testing instances of last class: 88
Epoch: 014, Runtime 0.045017, Loss 0.561956, forward nfe 0, backward nfe 0, Train: 0.9900, Val: 0.5848, Test: 0.5984, Best time: 7.8741
After OOD adjustment: Training instances of last class: 0
After OOD adjustment: Testing instances of last class: 88
Epoch: 015, Runtime 0.045089, Loss 0.516287, forward nfe 0, backward nfe 0, Train: 0.9900, Val: 0.5848, Test: 0.5984, Best time: 7.8741
After OOD adjustment: Training instances of last class: 0
After OOD adjustment: Testing instances of last class: 88
Epoch: 016, Runtime 0.045248, Loss 0.474680, forward nfe 0, backward nfe 0, Train: 0.9900, Val: 0.5848, Test: 0.5984, Best time: 7.8741
After OOD adjustment: Training instances of last class: 0
After OOD adjustment: Testing instances of last class: 88
Epoch: 017, Runtime 0.044931, Loss 0.436818, forward nfe 0, backward nfe 0, Train: 0.9900, Val: 0.5848, Test: 0.5984, Best time: 7.8741
After OOD adjustment: Training instances of last class: 0
After OOD adjustment: Testing instances of last class: 88
Epoch: 018, Runtime 0.042163, Loss 0.402386, forward nfe 0, backward nfe 0, Train: 0.9900, Val: 0.5848, Test: 0.5984, Best time: 7.8741
After OOD adjustment: Training instances of last class: 0
After OOD adjustment: Testing instances of last class: 88
Epoch: 019, Runtime 0.044797, Loss 0.371078, forward nfe 0, backward nfe 0, Train: 0.9900, Val: 0.5848, Test: 0.5984, Best time: 7.8741
After OOD adjustment: Training instances of last class: 0
After OOD adjustment: Testing instances of last class: 88
Epoch: 020, Runtime 0.045238, Loss 0.342608, forward nfe 0, backward nfe 0, Train: 0.9900, Val: 0.5848, Test: 0.5984, Best time: 7.8741
After OOD adjustment: Training instances of last class: 0
After OOD adjustment: Testing instances of last class: 88
Epoch: 021, Runtime 0.045503, Loss 0.316706, forward nfe 0, backward nfe 0, Train: 0.9900, Val: 0.5848, Test: 0.5984, Best time: 7.8741
After OOD adjustment: Training instances of last class: 0
After OOD adjustment: Testing instances of last class: 88
Epoch: 022, Runtime 0.043926, Loss 0.293123, forward nfe 0, backward nfe 0, Train: 0.9900, Val: 0.5848, Test: 0.5984, Best time: 7.8741
After OOD adjustment: Training instances of last class: 0
After OOD adjustment: Testing instances of last class: 88
Epoch: 023, Runtime 0.041008, Loss 0.271634, forward nfe 0, backward nfe 0, Train: 0.9900, Val: 0.5848, Test: 0.5984, Best time: 7.8741
After OOD adjustment: Training instances of last class: 0
After OOD adjustment: Testing instances of last class: 88
Epoch: 024, Runtime 0.040025, Loss 0.252033, forward nfe 0, backward nfe 0, Train: 0.9900, Val: 0.5848, Test: 0.5984, Best time: 7.8741
After OOD adjustment: Training instances of last class: 0
After OOD adjustment: Testing instances of last class: 88
Epoch: 025, Runtime 0.040559, Loss 0.234137, forward nfe 0, backward nfe 0, Train: 0.9900, Val: 0.5848, Test: 0.5984, Best time: 7.8741
After OOD adjustment: Training instances of last class: 0
After OOD adjustment: Testing instances of last class: 88
Epoch: 026, Runtime 0.040021, Loss 0.217780, forward nfe 0, backward nfe 0, Train: 0.9900, Val: 0.5848, Test: 0.5984, Best time: 7.8741
After OOD adjustment: Training instances of last class: 0
After OOD adjustment: Testing instances of last class: 88
Epoch: 027, Runtime 0.039932, Loss 0.202815, forward nfe 0, backward nfe 0, Train: 0.9900, Val: 0.5848, Test: 0.5984, Best time: 7.8741
After OOD adjustment: Training instances of last class: 0
After OOD adjustment: Testing instances of last class: 88
Epoch: 028, Runtime 0.040238, Loss 0.189110, forward nfe 0, backward nfe 0, Train: 0.9900, Val: 0.5848, Test: 0.5984, Best time: 7.8741
After OOD adjustment: Training instances of last class: 0
After OOD adjustment: Testing instances of last class: 88
Epoch: 029, Runtime 0.042565, Loss 0.176545, forward nfe 0, backward nfe 0, Train: 0.9900, Val: 0.5848, Test: 0.5984, Best time: 7.8741
After OOD adjustment: Training instances of last class: 0
After OOD adjustment: Testing instances of last class: 88
Epoch: 030, Runtime 0.045488, Loss 0.165015, forward nfe 0, backward nfe 0, Train: 0.9900, Val: 0.5848, Test: 0.5984, Best time: 7.8741
After OOD adjustment: Training instances of last class: 0
After OOD adjustment: Testing instances of last class: 88
Epoch: 031, Runtime 0.046317, Loss 0.154425, forward nfe 0, backward nfe 0, Train: 0.9900, Val: 0.5848, Test: 0.5984, Best time: 7.8741
After OOD adjustment: Training instances of last class: 0
After OOD adjustment: Testing instances of last class: 88
Epoch: 032, Runtime 0.044519, Loss 0.144690, forward nfe 0, backward nfe 0, Train: 0.9900, Val: 0.5848, Test: 0.5984, Best time: 7.8741
After OOD adjustment: Training instances of last class: 0
After OOD adjustment: Testing instances of last class: 88
Epoch: 033, Runtime 0.042353, Loss 0.135731, forward nfe 0, backward nfe 0, Train: 0.9900, Val: 0.5848, Test: 0.5984, Best time: 7.8741
After OOD adjustment: Training instances of last class: 0
After OOD adjustment: Testing instances of last class: 88
Epoch: 034, Runtime 0.045124, Loss 0.127481, forward nfe 0, backward nfe 0, Train: 0.9900, Val: 0.5848, Test: 0.5984, Best time: 7.8741
After OOD adjustment: Training instances of last class: 0
After OOD adjustment: Testing instances of last class: 88
Epoch: 035, Runtime 0.045191, Loss 0.119877, forward nfe 0, backward nfe 0, Train: 0.9900, Val: 0.5848, Test: 0.5984, Best time: 7.8741
After OOD adjustment: Training instances of last class: 0
After OOD adjustment: Testing instances of last class: 88
Epoch: 036, Runtime 0.045441, Loss 0.112861, forward nfe 0, backward nfe 0, Train: 0.9900, Val: 0.5848, Test: 0.5984, Best time: 7.8741
After OOD adjustment: Training instances of last class: 0
After OOD adjustment: Testing instances of last class: 88
Epoch: 037, Runtime 0.044477, Loss 0.106384, forward nfe 0, backward nfe 0, Train: 0.9900, Val: 0.5848, Test: 0.5984, Best time: 7.8741
After OOD adjustment: Training instances of last class: 0
After OOD adjustment: Testing instances of last class: 88
Epoch: 038, Runtime 0.042624, Loss 0.100398, forward nfe 0, backward nfe 0, Train: 0.9900, Val: 0.5848, Test: 0.5984, Best time: 7.8741
After OOD adjustment: Training instances of last class: 0
After OOD adjustment: Testing instances of last class: 88
Epoch: 039, Runtime 0.043058, Loss 0.094861, forward nfe 0, backward nfe 0, Train: 0.9900, Val: 0.5848, Test: 0.5984, Best time: 7.8741
After OOD adjustment: Training instances of last class: 0
After OOD adjustment: Testing instances of last class: 88
Epoch: 040, Runtime 0.040423, Loss 0.089735, forward nfe 0, backward nfe 0, Train: 0.9900, Val: 0.5848, Test: 0.5984, Best time: 7.8741
After OOD adjustment: Training instances of last class: 0
After OOD adjustment: Testing instances of last class: 88
Epoch: 041, Runtime 0.040206, Loss 0.084985, forward nfe 0, backward nfe 0, Train: 0.9900, Val: 0.5848, Test: 0.5984, Best time: 7.8741
After OOD adjustment: Training instances of last class: 0
After OOD adjustment: Testing instances of last class: 88
Epoch: 042, Runtime 0.040213, Loss 0.080580, forward nfe 0, backward nfe 0, Train: 0.9900, Val: 0.5848, Test: 0.5984, Best time: 7.8741
After OOD adjustment: Training instances of last class: 0
After OOD adjustment: Testing instances of last class: 88
Epoch: 043, Runtime 0.040534, Loss 0.076489, forward nfe 0, backward nfe 0, Train: 0.9900, Val: 0.5848, Test: 0.5984, Best time: 7.8741
After OOD adjustment: Training instances of last class: 0
After OOD adjustment: Testing instances of last class: 88
Epoch: 044, Runtime 0.040138, Loss 0.072688, forward nfe 0, backward nfe 0, Train: 0.9900, Val: 0.5848, Test: 0.5984, Best time: 7.8741
After OOD adjustment: Training instances of last class: 0
After OOD adjustment: Testing instances of last class: 88
Epoch: 045, Runtime 0.043812, Loss 0.069153, forward nfe 0, backward nfe 0, Train: 0.9900, Val: 0.5848, Test: 0.5984, Best time: 7.8741
After OOD adjustment: Training instances of last class: 0
After OOD adjustment: Testing instances of last class: 88
Epoch: 046, Runtime 0.045074, Loss 0.065862, forward nfe 0, backward nfe 0, Train: 0.9900, Val: 0.5848, Test: 0.5984, Best time: 7.8741
After OOD adjustment: Training instances of last class: 0
After OOD adjustment: Testing instances of last class: 88
Epoch: 047, Runtime 0.044884, Loss 0.062794, forward nfe 0, backward nfe 0, Train: 0.9900, Val: 0.5848, Test: 0.5984, Best time: 7.8741
After OOD adjustment: Training instances of last class: 0
After OOD adjustment: Testing instances of last class: 88
Epoch: 048, Runtime 0.042200, Loss 0.059934, forward nfe 0, backward nfe 0, Train: 0.9900, Val: 0.5848, Test: 0.5984, Best time: 7.8741
After OOD adjustment: Training instances of last class: 0
After OOD adjustment: Testing instances of last class: 88
Epoch: 049, Runtime 0.044982, Loss 0.057263, forward nfe 0, backward nfe 0, Train: 0.9900, Val: 0.5848, Test: 0.5984, Best time: 7.8741
After OOD adjustment: Training instances of last class: 0
After OOD adjustment: Testing instances of last class: 88
Epoch: 050, Runtime 0.045043, Loss 0.054767, forward nfe 0, backward nfe 0, Train: 0.9900, Val: 0.5848, Test: 0.5984, Best time: 7.8741
After OOD adjustment: Training instances of last class: 0
After OOD adjustment: Testing instances of last class: 88
Epoch: 051, Runtime 0.045054, Loss 0.052432, forward nfe 0, backward nfe 0, Train: 0.9900, Val: 0.5848, Test: 0.5984, Best time: 7.8741
After OOD adjustment: Training instances of last class: 0
After OOD adjustment: Testing instances of last class: 88
Epoch: 052, Runtime 0.042485, Loss 0.050247, forward nfe 0, backward nfe 0, Train: 0.9900, Val: 0.5848, Test: 0.5984, Best time: 7.8741
After OOD adjustment: Training instances of last class: 0
After OOD adjustment: Testing instances of last class: 88
Epoch: 053, Runtime 0.040663, Loss 0.048199, forward nfe 0, backward nfe 0, Train: 0.9900, Val: 0.5848, Test: 0.5984, Best time: 7.8741
After OOD adjustment: Training instances of last class: 0
After OOD adjustment: Testing instances of last class: 88
Epoch: 054, Runtime 0.040323, Loss 0.046277, forward nfe 0, backward nfe 0, Train: 0.9900, Val: 0.5848, Test: 0.5984, Best time: 7.8741
After OOD adjustment: Training instances of last class: 0
After OOD adjustment: Testing instances of last class: 88
Epoch: 055, Runtime 0.040863, Loss 0.044473, forward nfe 0, backward nfe 0, Train: 0.9900, Val: 0.5848, Test: 0.5984, Best time: 7.8741
After OOD adjustment: Training instances of last class: 0
After OOD adjustment: Testing instances of last class: 88
Epoch: 056, Runtime 0.040531, Loss 0.042778, forward nfe 0, backward nfe 0, Train: 0.9900, Val: 0.5848, Test: 0.5984, Best time: 7.8741
After OOD adjustment: Training instances of last class: 0
After OOD adjustment: Testing instances of last class: 88
Epoch: 057, Runtime 0.040606, Loss 0.041183, forward nfe 0, backward nfe 0, Train: 0.9900, Val: 0.5848, Test: 0.5984, Best time: 7.8741
After OOD adjustment: Training instances of last class: 0
After OOD adjustment: Testing instances of last class: 88
Epoch: 058, Runtime 0.040553, Loss 0.039681, forward nfe 0, backward nfe 0, Train: 0.9900, Val: 0.5848, Test: 0.5984, Best time: 7.8741
After OOD adjustment: Training instances of last class: 0
After OOD adjustment: Testing instances of last class: 88
Epoch: 059, Runtime 0.041909, Loss 0.038265, forward nfe 0, backward nfe 0, Train: 0.9900, Val: 0.5848, Test: 0.5984, Best time: 7.8741
After OOD adjustment: Training instances of last class: 0
After OOD adjustment: Testing instances of last class: 88
Epoch: 060, Runtime 0.042016, Loss 0.036929, forward nfe 0, backward nfe 0, Train: 0.9900, Val: 0.5848, Test: 0.5984, Best time: 7.8741
After OOD adjustment: Training instances of last class: 0
After OOD adjustment: Testing instances of last class: 88
Epoch: 061, Runtime 0.041617, Loss 0.035668, forward nfe 0, backward nfe 0, Train: 0.9900, Val: 0.5848, Test: 0.5984, Best time: 7.8741
After OOD adjustment: Training instances of last class: 0
After OOD adjustment: Testing instances of last class: 88
Epoch: 062, Runtime 0.044497, Loss 0.034475, forward nfe 0, backward nfe 0, Train: 0.9900, Val: 0.5848, Test: 0.5984, Best time: 7.8741
After OOD adjustment: Training instances of last class: 0
After OOD adjustment: Testing instances of last class: 88
Epoch: 063, Runtime 0.042104, Loss 0.033347, forward nfe 0, backward nfe 0, Train: 0.9900, Val: 0.5848, Test: 0.5984, Best time: 7.8741
After OOD adjustment: Training instances of last class: 0
After OOD adjustment: Testing instances of last class: 88
Epoch: 064, Runtime 0.044809, Loss 0.032279, forward nfe 0, backward nfe 0, Train: 0.9900, Val: 0.5848, Test: 0.5984, Best time: 7.8741
After OOD adjustment: Training instances of last class: 0
After OOD adjustment: Testing instances of last class: 88
Epoch: 065, Runtime 0.045064, Loss 0.031266, forward nfe 0, backward nfe 0, Train: 0.9900, Val: 0.5848, Test: 0.5984, Best time: 7.8741
After OOD adjustment: Training instances of last class: 0
After OOD adjustment: Testing instances of last class: 88
Epoch: 066, Runtime 0.046231, Loss 0.030305, forward nfe 0, backward nfe 0, Train: 0.9900, Val: 0.5848, Test: 0.5984, Best time: 7.8741
After OOD adjustment: Training instances of last class: 0
After OOD adjustment: Testing instances of last class: 88
Epoch: 067, Runtime 0.046827, Loss 0.029393, forward nfe 0, backward nfe 0, Train: 0.9900, Val: 0.5848, Test: 0.5984, Best time: 7.8741
After OOD adjustment: Training instances of last class: 0
After OOD adjustment: Testing instances of last class: 88
Epoch: 068, Runtime 0.042147, Loss 0.028526, forward nfe 0, backward nfe 0, Train: 0.9900, Val: 0.5848, Test: 0.5984, Best time: 7.8741
After OOD adjustment: Training instances of last class: 0
After OOD adjustment: Testing instances of last class: 88
Epoch: 069, Runtime 0.045045, Loss 0.027702, forward nfe 0, backward nfe 0, Train: 0.9900, Val: 0.5848, Test: 0.5984, Best time: 7.8741
After OOD adjustment: Training instances of last class: 0
After OOD adjustment: Testing instances of last class: 88
Epoch: 070, Runtime 0.045039, Loss 0.026917, forward nfe 0, backward nfe 0, Train: 0.9900, Val: 0.5848, Test: 0.5984, Best time: 7.8741
After OOD adjustment: Training instances of last class: 0
After OOD adjustment: Testing instances of last class: 88
Epoch: 071, Runtime 0.045364, Loss 0.026169, forward nfe 0, backward nfe 0, Train: 0.9900, Val: 0.5848, Test: 0.5984, Best time: 7.8741
After OOD adjustment: Training instances of last class: 0
After OOD adjustment: Testing instances of last class: 88
Epoch: 072, Runtime 0.043041, Loss 0.025455, forward nfe 0, backward nfe 0, Train: 0.9900, Val: 0.5848, Test: 0.5984, Best time: 7.8741
After OOD adjustment: Training instances of last class: 0
After OOD adjustment: Testing instances of last class: 88
Epoch: 073, Runtime 0.042629, Loss 0.024775, forward nfe 0, backward nfe 0, Train: 0.9900, Val: 0.5848, Test: 0.5984, Best time: 7.8741
After OOD adjustment: Training instances of last class: 0
After OOD adjustment: Testing instances of last class: 88
Epoch: 074, Runtime 0.044830, Loss 0.024125, forward nfe 0, backward nfe 0, Train: 0.9900, Val: 0.5848, Test: 0.5984, Best time: 7.8741
After OOD adjustment: Training instances of last class: 0
After OOD adjustment: Testing instances of last class: 88
Epoch: 075, Runtime 0.045205, Loss 0.023503, forward nfe 0, backward nfe 0, Train: 0.9900, Val: 0.5848, Test: 0.5984, Best time: 7.8741
After OOD adjustment: Training instances of last class: 0
After OOD adjustment: Testing instances of last class: 88
Epoch: 076, Runtime 0.045444, Loss 0.022909, forward nfe 0, backward nfe 0, Train: 0.9900, Val: 0.5848, Test: 0.5984, Best time: 7.8741
After OOD adjustment: Training instances of last class: 0
After OOD adjustment: Testing instances of last class: 88
Epoch: 077, Runtime 0.043255, Loss 0.022340, forward nfe 0, backward nfe 0, Train: 0.9900, Val: 0.5848, Test: 0.5984, Best time: 7.8741
After OOD adjustment: Training instances of last class: 0
After OOD adjustment: Testing instances of last class: 88
Epoch: 078, Runtime 0.043624, Loss 0.021795, forward nfe 0, backward nfe 0, Train: 0.9900, Val: 0.5848, Test: 0.5984, Best time: 7.8741
After OOD adjustment: Training instances of last class: 0
After OOD adjustment: Testing instances of last class: 88
Epoch: 079, Runtime 0.046014, Loss 0.021272, forward nfe 0, backward nfe 0, Train: 0.9900, Val: 0.5848, Test: 0.5984, Best time: 7.8741
After OOD adjustment: Training instances of last class: 0
After OOD adjustment: Testing instances of last class: 88
Epoch: 080, Runtime 0.045511, Loss 0.020771, forward nfe 0, backward nfe 0, Train: 0.9900, Val: 0.5848, Test: 0.5984, Best time: 7.8741
After OOD adjustment: Training instances of last class: 0
After OOD adjustment: Testing instances of last class: 88
Epoch: 081, Runtime 0.044928, Loss 0.020289, forward nfe 0, backward nfe 0, Train: 0.9900, Val: 0.5848, Test: 0.5984, Best time: 7.8741
After OOD adjustment: Training instances of last class: 0
After OOD adjustment: Testing instances of last class: 88
Epoch: 082, Runtime 0.042021, Loss 0.019826, forward nfe 0, backward nfe 0, Train: 0.9900, Val: 0.5848, Test: 0.5984, Best time: 7.8741
After OOD adjustment: Training instances of last class: 0
After OOD adjustment: Testing instances of last class: 88
Epoch: 083, Runtime 0.044189, Loss 0.019382, forward nfe 0, backward nfe 0, Train: 0.9900, Val: 0.5848, Test: 0.5984, Best time: 7.8741
After OOD adjustment: Training instances of last class: 0
After OOD adjustment: Testing instances of last class: 88
Epoch: 084, Runtime 0.040528, Loss 0.018954, forward nfe 0, backward nfe 0, Train: 0.9900, Val: 0.5848, Test: 0.5984, Best time: 7.8741
After OOD adjustment: Training instances of last class: 0
After OOD adjustment: Testing instances of last class: 88
Epoch: 085, Runtime 0.040336, Loss 0.018542, forward nfe 0, backward nfe 0, Train: 0.9900, Val: 0.5848, Test: 0.5984, Best time: 7.8741
After OOD adjustment: Training instances of last class: 0
After OOD adjustment: Testing instances of last class: 88
Epoch: 086, Runtime 0.040659, Loss 0.018145, forward nfe 0, backward nfe 0, Train: 0.9900, Val: 0.5848, Test: 0.5984, Best time: 7.8741
After OOD adjustment: Training instances of last class: 0
After OOD adjustment: Testing instances of last class: 88
Epoch: 087, Runtime 0.040672, Loss 0.017762, forward nfe 0, backward nfe 0, Train: 0.9900, Val: 0.5848, Test: 0.5984, Best time: 7.8741
After OOD adjustment: Training instances of last class: 0
After OOD adjustment: Testing instances of last class: 88
Epoch: 088, Runtime 0.040735, Loss 0.017393, forward nfe 0, backward nfe 0, Train: 0.9900, Val: 0.5848, Test: 0.5984, Best time: 7.8741
After OOD adjustment: Training instances of last class: 0
After OOD adjustment: Testing instances of last class: 88
Epoch: 089, Runtime 0.040441, Loss 0.017037, forward nfe 0, backward nfe 0, Train: 0.9900, Val: 0.5848, Test: 0.5984, Best time: 7.8741
After OOD adjustment: Training instances of last class: 0
After OOD adjustment: Testing instances of last class: 88
Epoch: 090, Runtime 0.040817, Loss 0.016693, forward nfe 0, backward nfe 0, Train: 0.9900, Val: 0.5848, Test: 0.5984, Best time: 7.8741
After OOD adjustment: Training instances of last class: 0
After OOD adjustment: Testing instances of last class: 88
Epoch: 091, Runtime 0.041682, Loss 0.016361, forward nfe 0, backward nfe 0, Train: 0.9900, Val: 0.5848, Test: 0.5984, Best time: 7.8741
After OOD adjustment: Training instances of last class: 0
After OOD adjustment: Testing instances of last class: 88
Epoch: 092, Runtime 0.042022, Loss 0.016040, forward nfe 0, backward nfe 0, Train: 0.9900, Val: 0.5848, Test: 0.5984, Best time: 7.8741
After OOD adjustment: Training instances of last class: 0
After OOD adjustment: Testing instances of last class: 88
Epoch: 093, Runtime 0.040020, Loss 0.015729, forward nfe 0, backward nfe 0, Train: 0.9900, Val: 0.5848, Test: 0.5984, Best time: 7.8741
After OOD adjustment: Training instances of last class: 0
After OOD adjustment: Testing instances of last class: 88
Epoch: 094, Runtime 0.040698, Loss 0.015428, forward nfe 0, backward nfe 0, Train: 0.9900, Val: 0.5848, Test: 0.5984, Best time: 7.8741
After OOD adjustment: Training instances of last class: 0
After OOD adjustment: Testing instances of last class: 88
Epoch: 095, Runtime 0.040932, Loss 0.015137, forward nfe 0, backward nfe 0, Train: 0.9900, Val: 0.5848, Test: 0.5984, Best time: 7.8741
After OOD adjustment: Training instances of last class: 0
After OOD adjustment: Testing instances of last class: 88
Epoch: 096, Runtime 0.044987, Loss 0.014855, forward nfe 0, backward nfe 0, Train: 0.9900, Val: 0.5848, Test: 0.5984, Best time: 7.8741
After OOD adjustment: Training instances of last class: 0
After OOD adjustment: Testing instances of last class: 88
Epoch: 097, Runtime 0.043229, Loss 0.014582, forward nfe 0, backward nfe 0, Train: 0.9900, Val: 0.5848, Test: 0.5984, Best time: 7.8741
After OOD adjustment: Training instances of last class: 0
After OOD adjustment: Testing instances of last class: 88
Epoch: 098, Runtime 0.042740, Loss 0.014317, forward nfe 0, backward nfe 0, Train: 0.9900, Val: 0.5848, Test: 0.5984, Best time: 7.8741
After OOD adjustment: Training instances of last class: 0
After OOD adjustment: Testing instances of last class: 88
Epoch: 099, Runtime 0.044994, Loss 0.014060, forward nfe 0, backward nfe 0, Train: 0.9900, Val: 0.5848, Test: 0.5984, Best time: 7.8741
After OOD adjustment: Training instances of last class: 0
After OOD adjustment: Testing instances of last class: 88
Epoch: 100, Runtime 0.046664, Loss 0.013811, forward nfe 0, backward nfe 0, Train: 0.9900, Val: 0.5848, Test: 0.5984, Best time: 7.8741
After OOD adjustment: Training instances of last class: 0
After OOD adjustment: Testing instances of last class: 88
Epoch: 101, Runtime 0.045142, Loss 0.013569, forward nfe 0, backward nfe 0, Train: 0.9900, Val: 0.5848, Test: 0.5984, Best time: 7.8741
After OOD adjustment: Training instances of last class: 0
After OOD adjustment: Testing instances of last class: 88
Epoch: 102, Runtime 0.040546, Loss 0.013334, forward nfe 0, backward nfe 0, Train: 0.9900, Val: 0.5848, Test: 0.5984, Best time: 7.8741
After OOD adjustment: Training instances of last class: 0
After OOD adjustment: Testing instances of last class: 88
Epoch: 103, Runtime 0.040455, Loss 0.013105, forward nfe 0, backward nfe 0, Train: 0.9900, Val: 0.5848, Test: 0.5984, Best time: 7.8741
After OOD adjustment: Training instances of last class: 0
After OOD adjustment: Testing instances of last class: 88
Epoch: 104, Runtime 0.040392, Loss 0.012883, forward nfe 0, backward nfe 0, Train: 0.9900, Val: 0.5848, Test: 0.5984, Best time: 7.8741
After OOD adjustment: Training instances of last class: 0
After OOD adjustment: Testing instances of last class: 88
Epoch: 105, Runtime 0.040441, Loss 0.012667, forward nfe 0, backward nfe 0, Train: 0.9900, Val: 0.5848, Test: 0.5984, Best time: 7.8741
After OOD adjustment: Training instances of last class: 0
After OOD adjustment: Testing instances of last class: 88
Epoch: 106, Runtime 0.040073, Loss 0.012457, forward nfe 0, backward nfe 0, Train: 0.9900, Val: 0.5848, Test: 0.5984, Best time: 7.8741
After OOD adjustment: Training instances of last class: 0
After OOD adjustment: Testing instances of last class: 88
Epoch: 107, Runtime 0.040598, Loss 0.012253, forward nfe 0, backward nfe 0, Train: 0.9900, Val: 0.5848, Test: 0.5984, Best time: 7.8741
After OOD adjustment: Training instances of last class: 0
After OOD adjustment: Testing instances of last class: 88
Epoch: 108, Runtime 0.042687, Loss 0.012054, forward nfe 0, backward nfe 0, Train: 0.9900, Val: 0.5848, Test: 0.5984, Best time: 7.8741
After OOD adjustment: Training instances of last class: 0
After OOD adjustment: Testing instances of last class: 88
Epoch: 109, Runtime 0.045299, Loss 0.011860, forward nfe 0, backward nfe 0, Train: 0.9900, Val: 0.5848, Test: 0.5984, Best time: 7.8741
After OOD adjustment: Training instances of last class: 0
After OOD adjustment: Testing instances of last class: 88
Epoch: 110, Runtime 0.045312, Loss 0.011672, forward nfe 0, backward nfe 0, Train: 0.9900, Val: 0.5848, Test: 0.5984, Best time: 7.8741
After OOD adjustment: Training instances of last class: 0
After OOD adjustment: Testing instances of last class: 88
Epoch: 111, Runtime 0.045485, Loss 0.011488, forward nfe 0, backward nfe 0, Train: 0.9900, Val: 0.5848, Test: 0.5984, Best time: 7.8741
After OOD adjustment: Training instances of last class: 0
After OOD adjustment: Testing instances of last class: 88
Epoch: 112, Runtime 0.042868, Loss 0.011309, forward nfe 0, backward nfe 0, Train: 0.9900, Val: 0.5848, Test: 0.5984, Best time: 7.8741
After OOD adjustment: Training instances of last class: 0
After OOD adjustment: Testing instances of last class: 88
Epoch: 113, Runtime 0.045399, Loss 0.011134, forward nfe 0, backward nfe 0, Train: 0.9900, Val: 0.5848, Test: 0.5984, Best time: 7.8741
After OOD adjustment: Training instances of last class: 0
After OOD adjustment: Testing instances of last class: 88
Epoch: 114, Runtime 0.046017, Loss 0.010964, forward nfe 0, backward nfe 0, Train: 0.9900, Val: 0.5848, Test: 0.5984, Best time: 7.8741
After OOD adjustment: Training instances of last class: 0
After OOD adjustment: Testing instances of last class: 88
Epoch: 115, Runtime 0.045251, Loss 0.010798, forward nfe 0, backward nfe 0, Train: 0.9900, Val: 0.5848, Test: 0.5984, Best time: 7.8741
After OOD adjustment: Training instances of last class: 0
After OOD adjustment: Testing instances of last class: 88
Epoch: 116, Runtime 0.045055, Loss 0.010636, forward nfe 0, backward nfe 0, Train: 0.9900, Val: 0.5848, Test: 0.5984, Best time: 7.8741
After OOD adjustment: Training instances of last class: 0
After OOD adjustment: Testing instances of last class: 88
Epoch: 117, Runtime 0.043035, Loss 0.010478, forward nfe 0, backward nfe 0, Train: 0.9900, Val: 0.5848, Test: 0.5984, Best time: 7.8741
After OOD adjustment: Training instances of last class: 0
After OOD adjustment: Testing instances of last class: 88
Epoch: 118, Runtime 0.044305, Loss 0.010323, forward nfe 0, backward nfe 0, Train: 0.9900, Val: 0.5848, Test: 0.5984, Best time: 7.8741
After OOD adjustment: Training instances of last class: 0
After OOD adjustment: Testing instances of last class: 88
Epoch: 119, Runtime 0.045168, Loss 0.010172, forward nfe 0, backward nfe 0, Train: 0.9900, Val: 0.5848, Test: 0.5984, Best time: 7.8741
After OOD adjustment: Training instances of last class: 0
After OOD adjustment: Testing instances of last class: 88
Epoch: 120, Runtime 0.045027, Loss 0.010025, forward nfe 0, backward nfe 0, Train: 0.9900, Val: 0.5848, Test: 0.5984, Best time: 7.8741
After OOD adjustment: Training instances of last class: 0
After OOD adjustment: Testing instances of last class: 88
Epoch: 121, Runtime 0.046086, Loss 0.009881, forward nfe 0, backward nfe 0, Train: 0.9900, Val: 0.5848, Test: 0.5984, Best time: 7.8741
After OOD adjustment: Training instances of last class: 0
After OOD adjustment: Testing instances of last class: 88
Epoch: 122, Runtime 0.042922, Loss 0.009741, forward nfe 0, backward nfe 0, Train: 0.9900, Val: 0.5848, Test: 0.5984, Best time: 7.8741
After OOD adjustment: Training instances of last class: 0
After OOD adjustment: Testing instances of last class: 88
Epoch: 123, Runtime 0.040853, Loss 0.009603, forward nfe 0, backward nfe 0, Train: 0.9900, Val: 0.5848, Test: 0.5984, Best time: 7.8741
After OOD adjustment: Training instances of last class: 0
After OOD adjustment: Testing instances of last class: 88
Epoch: 124, Runtime 0.040113, Loss 0.009469, forward nfe 0, backward nfe 0, Train: 0.9900, Val: 0.5848, Test: 0.5984, Best time: 7.8741
After OOD adjustment: Training instances of last class: 0
After OOD adjustment: Testing instances of last class: 88
Epoch: 125, Runtime 0.040706, Loss 0.009338, forward nfe 0, backward nfe 0, Train: 0.9900, Val: 0.5848, Test: 0.5984, Best time: 7.8741
After OOD adjustment: Training instances of last class: 0
After OOD adjustment: Testing instances of last class: 88
Epoch: 126, Runtime 0.040921, Loss 0.009209, forward nfe 0, backward nfe 0, Train: 0.9900, Val: 0.5848, Test: 0.5984, Best time: 7.8741
After OOD adjustment: Training instances of last class: 0
After OOD adjustment: Testing instances of last class: 88
Epoch: 127, Runtime 0.040737, Loss 0.009084, forward nfe 0, backward nfe 0, Train: 0.9900, Val: 0.5848, Test: 0.5984, Best time: 7.8741
After OOD adjustment: Training instances of last class: 0
After OOD adjustment: Testing instances of last class: 88
Epoch: 128, Runtime 0.040778, Loss 0.008961, forward nfe 0, backward nfe 0, Train: 0.9900, Val: 0.5848, Test: 0.5984, Best time: 7.8741
After OOD adjustment: Training instances of last class: 0
After OOD adjustment: Testing instances of last class: 88
Epoch: 129, Runtime 0.044444, Loss 0.008840, forward nfe 0, backward nfe 0, Train: 0.9900, Val: 0.5848, Test: 0.5984, Best time: 7.8741
After OOD adjustment: Training instances of last class: 0
After OOD adjustment: Testing instances of last class: 88
Epoch: 130, Runtime 0.046140, Loss 0.008722, forward nfe 0, backward nfe 0, Train: 0.9900, Val: 0.5848, Test: 0.5984, Best time: 7.8741
After OOD adjustment: Training instances of last class: 0
After OOD adjustment: Testing instances of last class: 88
Epoch: 131, Runtime 0.044732, Loss 0.008607, forward nfe 0, backward nfe 0, Train: 0.9900, Val: 0.5848, Test: 0.5984, Best time: 7.8741
After OOD adjustment: Training instances of last class: 0
After OOD adjustment: Testing instances of last class: 88
Epoch: 132, Runtime 0.042048, Loss 0.008494, forward nfe 0, backward nfe 0, Train: 0.9900, Val: 0.5848, Test: 0.5984, Best time: 7.8741
After OOD adjustment: Training instances of last class: 0
After OOD adjustment: Testing instances of last class: 88
Epoch: 133, Runtime 0.044372, Loss 0.008384, forward nfe 0, backward nfe 0, Train: 0.9900, Val: 0.5848, Test: 0.5984, Best time: 7.8741
After OOD adjustment: Training instances of last class: 0
After OOD adjustment: Testing instances of last class: 88
Epoch: 134, Runtime 0.045108, Loss 0.008275, forward nfe 0, backward nfe 0, Train: 0.9900, Val: 0.5848, Test: 0.5984, Best time: 7.8741
After OOD adjustment: Training instances of last class: 0
After OOD adjustment: Testing instances of last class: 88
Epoch: 135, Runtime 0.045436, Loss 0.008169, forward nfe 0, backward nfe 0, Train: 0.9900, Val: 0.5848, Test: 0.5984, Best time: 7.8741
After OOD adjustment: Training instances of last class: 0
After OOD adjustment: Testing instances of last class: 88
Epoch: 136, Runtime 0.045331, Loss 0.008065, forward nfe 0, backward nfe 0, Train: 0.9900, Val: 0.5848, Test: 0.5984, Best time: 7.8741
After OOD adjustment: Training instances of last class: 0
After OOD adjustment: Testing instances of last class: 88
Epoch: 137, Runtime 0.042150, Loss 0.007963, forward nfe 0, backward nfe 0, Train: 0.9900, Val: 0.5848, Test: 0.5984, Best time: 7.8741
After OOD adjustment: Training instances of last class: 0
After OOD adjustment: Testing instances of last class: 88
Epoch: 138, Runtime 0.046025, Loss 0.007864, forward nfe 0, backward nfe 0, Train: 0.9900, Val: 0.5848, Test: 0.5984, Best time: 7.8741
After OOD adjustment: Training instances of last class: 0
After OOD adjustment: Testing instances of last class: 88
Epoch: 139, Runtime 0.043143, Loss 0.007766, forward nfe 0, backward nfe 0, Train: 0.9900, Val: 0.5848, Test: 0.5984, Best time: 7.8741
After OOD adjustment: Training instances of last class: 0
After OOD adjustment: Testing instances of last class: 88
Epoch: 140, Runtime 0.040622, Loss 0.007670, forward nfe 0, backward nfe 0, Train: 0.9900, Val: 0.5848, Test: 0.5984, Best time: 7.8741
After OOD adjustment: Training instances of last class: 0
After OOD adjustment: Testing instances of last class: 88
Epoch: 141, Runtime 0.041373, Loss 0.007575, forward nfe 0, backward nfe 0, Train: 0.9900, Val: 0.5848, Test: 0.5984, Best time: 7.8741
After OOD adjustment: Training instances of last class: 0
After OOD adjustment: Testing instances of last class: 88
Epoch: 142, Runtime 0.040626, Loss 0.007483, forward nfe 0, backward nfe 0, Train: 0.9900, Val: 0.5848, Test: 0.5984, Best time: 7.8741
After OOD adjustment: Training instances of last class: 0
After OOD adjustment: Testing instances of last class: 88
Epoch: 143, Runtime 0.042984, Loss 0.007393, forward nfe 0, backward nfe 0, Train: 0.9900, Val: 0.5848, Test: 0.5984, Best time: 7.8741
After OOD adjustment: Training instances of last class: 0
After OOD adjustment: Testing instances of last class: 88
Epoch: 144, Runtime 0.040971, Loss 0.007304, forward nfe 0, backward nfe 0, Train: 0.9900, Val: 0.5848, Test: 0.5984, Best time: 7.8741
After OOD adjustment: Training instances of last class: 0
After OOD adjustment: Testing instances of last class: 88
Epoch: 145, Runtime 0.042247, Loss 0.007216, forward nfe 0, backward nfe 0, Train: 0.9900, Val: 0.5848, Test: 0.5984, Best time: 7.8741
After OOD adjustment: Training instances of last class: 0
After OOD adjustment: Testing instances of last class: 88
Epoch: 146, Runtime 0.043070, Loss 0.007131, forward nfe 0, backward nfe 0, Train: 0.9900, Val: 0.5848, Test: 0.5984, Best time: 7.8741
After OOD adjustment: Training instances of last class: 0
After OOD adjustment: Testing instances of last class: 88
Epoch: 147, Runtime 0.040647, Loss 0.007047, forward nfe 0, backward nfe 0, Train: 0.9900, Val: 0.5848, Test: 0.5984, Best time: 7.8741
After OOD adjustment: Training instances of last class: 0
After OOD adjustment: Testing instances of last class: 88
Epoch: 148, Runtime 0.045795, Loss 0.006964, forward nfe 0, backward nfe 0, Train: 0.9900, Val: 0.5848, Test: 0.5984, Best time: 7.8741
After OOD adjustment: Training instances of last class: 0
After OOD adjustment: Testing instances of last class: 88
Epoch: 149, Runtime 0.047057, Loss 0.006884, forward nfe 0, backward nfe 0, Train: 0.9900, Val: 0.5848, Test: 0.5984, Best time: 7.8741
After OOD adjustment: Training instances of last class: 0
After OOD adjustment: Testing instances of last class: 88
Epoch: 150, Runtime 0.047265, Loss 0.006804, forward nfe 0, backward nfe 0, Train: 0.9900, Val: 0.5848, Test: 0.5984, Best time: 7.8741
After OOD adjustment: Training instances of last class: 0
After OOD adjustment: Testing instances of last class: 88
Epoch: 151, Runtime 0.044240, Loss 0.006726, forward nfe 0, backward nfe 0, Train: 0.9900, Val: 0.5848, Test: 0.5984, Best time: 7.8741
After OOD adjustment: Training instances of last class: 0
After OOD adjustment: Testing instances of last class: 88
Epoch: 152, Runtime 0.043185, Loss 0.006649, forward nfe 0, backward nfe 0, Train: 0.9900, Val: 0.5848, Test: 0.5984, Best time: 7.8741
After OOD adjustment: Training instances of last class: 0
After OOD adjustment: Testing instances of last class: 88
Epoch: 153, Runtime 0.043309, Loss 0.006574, forward nfe 0, backward nfe 0, Train: 0.9900, Val: 0.5848, Test: 0.5984, Best time: 7.8741
After OOD adjustment: Training instances of last class: 0
After OOD adjustment: Testing instances of last class: 88
Epoch: 154, Runtime 0.043453, Loss 0.006500, forward nfe 0, backward nfe 0, Train: 0.9900, Val: 0.5848, Test: 0.5984, Best time: 7.8741
After OOD adjustment: Training instances of last class: 0
After OOD adjustment: Testing instances of last class: 88
Epoch: 155, Runtime 0.043831, Loss 0.006427, forward nfe 0, backward nfe 0, Train: 0.9900, Val: 0.5848, Test: 0.5984, Best time: 7.8741
After OOD adjustment: Training instances of last class: 0
After OOD adjustment: Testing instances of last class: 88
Epoch: 156, Runtime 0.041558, Loss 0.006356, forward nfe 0, backward nfe 0, Train: 0.9900, Val: 0.5848, Test: 0.5984, Best time: 7.8741
After OOD adjustment: Training instances of last class: 0
After OOD adjustment: Testing instances of last class: 88
Epoch: 157, Runtime 0.041913, Loss 0.006286, forward nfe 0, backward nfe 0, Train: 0.9900, Val: 0.5848, Test: 0.5984, Best time: 7.8741
After OOD adjustment: Training instances of last class: 0
After OOD adjustment: Testing instances of last class: 88
Epoch: 158, Runtime 0.044727, Loss 0.006217, forward nfe 0, backward nfe 0, Train: 0.9900, Val: 0.5848, Test: 0.5984, Best time: 7.8741
After OOD adjustment: Training instances of last class: 0
After OOD adjustment: Testing instances of last class: 88
Epoch: 159, Runtime 0.044804, Loss 0.006149, forward nfe 0, backward nfe 0, Train: 0.9900, Val: 0.5848, Test: 0.5984, Best time: 7.8741
After OOD adjustment: Training instances of last class: 0
After OOD adjustment: Testing instances of last class: 88
Epoch: 160, Runtime 0.045428, Loss 0.006082, forward nfe 0, backward nfe 0, Train: 0.9900, Val: 0.5848, Test: 0.5984, Best time: 7.8741
After OOD adjustment: Training instances of last class: 0
After OOD adjustment: Testing instances of last class: 88
Epoch: 161, Runtime 0.045258, Loss 0.006017, forward nfe 0, backward nfe 0, Train: 0.9900, Val: 0.5848, Test: 0.5984, Best time: 7.8741
After OOD adjustment: Training instances of last class: 0
After OOD adjustment: Testing instances of last class: 88
Epoch: 162, Runtime 0.042655, Loss 0.005952, forward nfe 0, backward nfe 0, Train: 0.9900, Val: 0.5848, Test: 0.5984, Best time: 7.8741
After OOD adjustment: Training instances of last class: 0
After OOD adjustment: Testing instances of last class: 88
Epoch: 163, Runtime 0.044949, Loss 0.005889, forward nfe 0, backward nfe 0, Train: 0.9900, Val: 0.5848, Test: 0.5984, Best time: 7.8741
After OOD adjustment: Training instances of last class: 0
After OOD adjustment: Testing instances of last class: 88
Epoch: 164, Runtime 0.045246, Loss 0.005827, forward nfe 0, backward nfe 0, Train: 0.9900, Val: 0.5848, Test: 0.5984, Best time: 7.8741
After OOD adjustment: Training instances of last class: 0
After OOD adjustment: Testing instances of last class: 88
Epoch: 165, Runtime 0.046309, Loss 0.005766, forward nfe 0, backward nfe 0, Train: 0.9900, Val: 0.5848, Test: 0.5984, Best time: 7.8741
After OOD adjustment: Training instances of last class: 0
After OOD adjustment: Testing instances of last class: 88
Epoch: 166, Runtime 0.045062, Loss 0.005705, forward nfe 0, backward nfe 0, Train: 0.9900, Val: 0.5848, Test: 0.5984, Best time: 7.8741
After OOD adjustment: Training instances of last class: 0
After OOD adjustment: Testing instances of last class: 88
Epoch: 167, Runtime 0.043766, Loss 0.005646, forward nfe 0, backward nfe 0, Train: 0.9900, Val: 0.5848, Test: 0.5984, Best time: 7.8741
After OOD adjustment: Training instances of last class: 0
After OOD adjustment: Testing instances of last class: 88
Epoch: 168, Runtime 0.045333, Loss 0.005588, forward nfe 0, backward nfe 0, Train: 0.9900, Val: 0.5848, Test: 0.5984, Best time: 7.8741
After OOD adjustment: Training instances of last class: 0
After OOD adjustment: Testing instances of last class: 88
Epoch: 169, Runtime 0.045312, Loss 0.005530, forward nfe 0, backward nfe 0, Train: 0.9900, Val: 0.5848, Test: 0.5984, Best time: 7.8741
After OOD adjustment: Training instances of last class: 0
After OOD adjustment: Testing instances of last class: 88
Epoch: 170, Runtime 0.045323, Loss 0.005474, forward nfe 0, backward nfe 0, Train: 0.9900, Val: 0.5848, Test: 0.5984, Best time: 7.8741
After OOD adjustment: Training instances of last class: 0
After OOD adjustment: Testing instances of last class: 88
Epoch: 171, Runtime 0.043382, Loss 0.005418, forward nfe 0, backward nfe 0, Train: 0.9900, Val: 0.5848, Test: 0.5984, Best time: 7.8741
After OOD adjustment: Training instances of last class: 0
After OOD adjustment: Testing instances of last class: 88
Epoch: 172, Runtime 0.043399, Loss 0.005363, forward nfe 0, backward nfe 0, Train: 0.9900, Val: 0.5848, Test: 0.5984, Best time: 7.8741
After OOD adjustment: Training instances of last class: 0
After OOD adjustment: Testing instances of last class: 88
Epoch: 173, Runtime 0.044428, Loss 0.005309, forward nfe 0, backward nfe 0, Train: 0.9900, Val: 0.5848, Test: 0.5984, Best time: 7.8741
After OOD adjustment: Training instances of last class: 0
After OOD adjustment: Testing instances of last class: 88
Epoch: 174, Runtime 0.041091, Loss 0.005256, forward nfe 0, backward nfe 0, Train: 0.9900, Val: 0.5848, Test: 0.5984, Best time: 7.8741
After OOD adjustment: Training instances of last class: 0
After OOD adjustment: Testing instances of last class: 88
Epoch: 175, Runtime 0.040742, Loss 0.005204, forward nfe 0, backward nfe 0, Train: 0.9900, Val: 0.5848, Test: 0.5984, Best time: 7.8741
After OOD adjustment: Training instances of last class: 0
After OOD adjustment: Testing instances of last class: 88
Epoch: 176, Runtime 0.040756, Loss 0.005153, forward nfe 0, backward nfe 0, Train: 0.9900, Val: 0.5848, Test: 0.5984, Best time: 7.8741
After OOD adjustment: Training instances of last class: 0
After OOD adjustment: Testing instances of last class: 88
Epoch: 177, Runtime 0.042961, Loss 0.005102, forward nfe 0, backward nfe 0, Train: 0.9900, Val: 0.5848, Test: 0.5984, Best time: 7.8741
After OOD adjustment: Training instances of last class: 0
After OOD adjustment: Testing instances of last class: 88
Epoch: 178, Runtime 0.041220, Loss 0.005052, forward nfe 0, backward nfe 0, Train: 0.9900, Val: 0.5848, Test: 0.5984, Best time: 7.8741
After OOD adjustment: Training instances of last class: 0
After OOD adjustment: Testing instances of last class: 88
Epoch: 179, Runtime 0.040693, Loss 0.005003, forward nfe 0, backward nfe 0, Train: 0.9900, Val: 0.5848, Test: 0.5984, Best time: 7.8741
After OOD adjustment: Training instances of last class: 0
After OOD adjustment: Testing instances of last class: 88
Epoch: 180, Runtime 0.042067, Loss 0.004955, forward nfe 0, backward nfe 0, Train: 0.9900, Val: 0.5848, Test: 0.5984, Best time: 7.8741
After OOD adjustment: Training instances of last class: 0
After OOD adjustment: Testing instances of last class: 88
Epoch: 181, Runtime 0.041165, Loss 0.004907, forward nfe 0, backward nfe 0, Train: 0.9900, Val: 0.5848, Test: 0.5984, Best time: 7.8741
After OOD adjustment: Training instances of last class: 0
After OOD adjustment: Testing instances of last class: 88
Epoch: 182, Runtime 0.041276, Loss 0.004860, forward nfe 0, backward nfe 0, Train: 0.9900, Val: 0.5848, Test: 0.5984, Best time: 7.8741
After OOD adjustment: Training instances of last class: 0
After OOD adjustment: Testing instances of last class: 88
Epoch: 183, Runtime 0.040489, Loss 0.004814, forward nfe 0, backward nfe 0, Train: 0.9900, Val: 0.5848, Test: 0.5984, Best time: 7.8741
After OOD adjustment: Training instances of last class: 0
After OOD adjustment: Testing instances of last class: 88
Epoch: 184, Runtime 0.040882, Loss 0.004768, forward nfe 0, backward nfe 0, Train: 0.9900, Val: 0.5848, Test: 0.5984, Best time: 7.8741
After OOD adjustment: Training instances of last class: 0
After OOD adjustment: Testing instances of last class: 88
Epoch: 185, Runtime 0.041877, Loss 0.004723, forward nfe 0, backward nfe 0, Train: 0.9900, Val: 0.5848, Test: 0.5984, Best time: 7.8741
After OOD adjustment: Training instances of last class: 0
After OOD adjustment: Testing instances of last class: 88
Epoch: 186, Runtime 0.044167, Loss 0.004679, forward nfe 0, backward nfe 0, Train: 0.9900, Val: 0.5848, Test: 0.5984, Best time: 7.8741
After OOD adjustment: Training instances of last class: 0
After OOD adjustment: Testing instances of last class: 88
Epoch: 187, Runtime 0.042474, Loss 0.004636, forward nfe 0, backward nfe 0, Train: 0.9900, Val: 0.5848, Test: 0.5984, Best time: 7.8741
After OOD adjustment: Training instances of last class: 0
After OOD adjustment: Testing instances of last class: 88
Epoch: 188, Runtime 0.045243, Loss 0.004593, forward nfe 0, backward nfe 0, Train: 0.9900, Val: 0.5848, Test: 0.5984, Best time: 7.8741
After OOD adjustment: Training instances of last class: 0
After OOD adjustment: Testing instances of last class: 88
Epoch: 189, Runtime 0.045196, Loss 0.004550, forward nfe 0, backward nfe 0, Train: 0.9900, Val: 0.5848, Test: 0.5984, Best time: 7.8741
After OOD adjustment: Training instances of last class: 0
After OOD adjustment: Testing instances of last class: 88
Epoch: 190, Runtime 0.045226, Loss 0.004509, forward nfe 0, backward nfe 0, Train: 0.9900, Val: 0.5848, Test: 0.5984, Best time: 7.8741
After OOD adjustment: Training instances of last class: 0
After OOD adjustment: Testing instances of last class: 88
Epoch: 191, Runtime 0.043392, Loss 0.004467, forward nfe 0, backward nfe 0, Train: 0.9900, Val: 0.5848, Test: 0.5984, Best time: 7.8741
After OOD adjustment: Training instances of last class: 0
After OOD adjustment: Testing instances of last class: 88
Epoch: 192, Runtime 0.043262, Loss 0.004427, forward nfe 0, backward nfe 0, Train: 0.9900, Val: 0.5848, Test: 0.5984, Best time: 7.8741
After OOD adjustment: Training instances of last class: 0
After OOD adjustment: Testing instances of last class: 88
Epoch: 193, Runtime 0.045146, Loss 0.004387, forward nfe 0, backward nfe 0, Train: 0.9900, Val: 0.5848, Test: 0.5984, Best time: 7.8741
After OOD adjustment: Training instances of last class: 0
After OOD adjustment: Testing instances of last class: 88
Epoch: 194, Runtime 0.045181, Loss 0.004347, forward nfe 0, backward nfe 0, Train: 0.9900, Val: 0.5848, Test: 0.5984, Best time: 7.8741
After OOD adjustment: Training instances of last class: 0
After OOD adjustment: Testing instances of last class: 88
Epoch: 195, Runtime 0.045367, Loss 0.004308, forward nfe 0, backward nfe 0, Train: 0.9900, Val: 0.5848, Test: 0.5984, Best time: 7.8741
After OOD adjustment: Training instances of last class: 0
After OOD adjustment: Testing instances of last class: 88
Epoch: 196, Runtime 0.042899, Loss 0.004270, forward nfe 0, backward nfe 0, Train: 0.9900, Val: 0.5848, Test: 0.5984, Best time: 7.8741
After OOD adjustment: Training instances of last class: 0
After OOD adjustment: Testing instances of last class: 88
Epoch: 197, Runtime 0.041080, Loss 0.004232, forward nfe 0, backward nfe 0, Train: 0.9900, Val: 0.5848, Test: 0.5984, Best time: 7.8741
After OOD adjustment: Training instances of last class: 0
After OOD adjustment: Testing instances of last class: 88
Epoch: 198, Runtime 0.040912, Loss 0.004195, forward nfe 0, backward nfe 0, Train: 0.9900, Val: 0.5848, Test: 0.5984, Best time: 7.8741
After OOD adjustment: Training instances of last class: 0
After OOD adjustment: Testing instances of last class: 88
Epoch: 199, Runtime 0.040371, Loss 0.004158, forward nfe 0, backward nfe 0, Train: 0.9900, Val: 0.5848, Test: 0.5984, Best time: 7.8741
After OOD adjustment: Training instances of last class: 0
After OOD adjustment: Testing instances of last class: 88
Epoch: 200, Runtime 0.040834, Loss 0.004122, forward nfe 0, backward nfe 0, Train: 0.9900, Val: 0.5848, Test: 0.5984, Best time: 7.8741
After OOD adjustment: Training instances of last class: 0
After OOD adjustment: Testing instances of last class: 88
Epoch: 201, Runtime 0.040962, Loss 0.004086, forward nfe 0, backward nfe 0, Train: 0.9900, Val: 0.5848, Test: 0.5984, Best time: 7.8741
After OOD adjustment: Training instances of last class: 0
After OOD adjustment: Testing instances of last class: 88
Epoch: 202, Runtime 0.040760, Loss 0.004051, forward nfe 0, backward nfe 0, Train: 0.9900, Val: 0.5848, Test: 0.5984, Best time: 7.8741
After OOD adjustment: Training instances of last class: 0
After OOD adjustment: Testing instances of last class: 88
Epoch: 203, Runtime 0.041500, Loss 0.004016, forward nfe 0, backward nfe 0, Train: 0.9900, Val: 0.5848, Test: 0.5984, Best time: 7.8741
After OOD adjustment: Training instances of last class: 0
After OOD adjustment: Testing instances of last class: 88
Epoch: 204, Runtime 0.041294, Loss 0.003981, forward nfe 0, backward nfe 0, Train: 0.9900, Val: 0.5848, Test: 0.5984, Best time: 7.8741
After OOD adjustment: Training instances of last class: 0
After OOD adjustment: Testing instances of last class: 88
Epoch: 205, Runtime 0.041075, Loss 0.003947, forward nfe 0, backward nfe 0, Train: 0.9900, Val: 0.5848, Test: 0.5984, Best time: 7.8741
After OOD adjustment: Training instances of last class: 0
After OOD adjustment: Testing instances of last class: 88
Epoch: 206, Runtime 0.040916, Loss 0.003914, forward nfe 0, backward nfe 0, Train: 0.9900, Val: 0.5848, Test: 0.5984, Best time: 7.8741
After OOD adjustment: Training instances of last class: 0
After OOD adjustment: Testing instances of last class: 88
Epoch: 207, Runtime 0.041089, Loss 0.003881, forward nfe 0, backward nfe 0, Train: 0.9900, Val: 0.5848, Test: 0.5984, Best time: 7.8741
After OOD adjustment: Training instances of last class: 0
After OOD adjustment: Testing instances of last class: 88
Epoch: 208, Runtime 0.040468, Loss 0.003848, forward nfe 0, backward nfe 0, Train: 0.9900, Val: 0.5848, Test: 0.5984, Best time: 7.8741
After OOD adjustment: Training instances of last class: 0
After OOD adjustment: Testing instances of last class: 88
Epoch: 209, Runtime 0.042572, Loss 0.003816, forward nfe 0, backward nfe 0, Train: 0.9900, Val: 0.5848, Test: 0.5984, Best time: 7.8741
After OOD adjustment: Training instances of last class: 0
After OOD adjustment: Testing instances of last class: 88
Epoch: 210, Runtime 0.040468, Loss 0.003784, forward nfe 0, backward nfe 0, Train: 0.9900, Val: 0.5848, Test: 0.5984, Best time: 7.8741
After OOD adjustment: Training instances of last class: 0
After OOD adjustment: Testing instances of last class: 88
Epoch: 211, Runtime 0.041913, Loss 0.003753, forward nfe 0, backward nfe 0, Train: 0.9900, Val: 0.5848, Test: 0.5984, Best time: 7.8741
After OOD adjustment: Training instances of last class: 0
After OOD adjustment: Testing instances of last class: 88
Epoch: 212, Runtime 0.040746, Loss 0.003722, forward nfe 0, backward nfe 0, Train: 0.9900, Val: 0.5848, Test: 0.5984, Best time: 7.8741
After OOD adjustment: Training instances of last class: 0
After OOD adjustment: Testing instances of last class: 88
Epoch: 213, Runtime 0.045141, Loss 0.003691, forward nfe 0, backward nfe 0, Train: 0.9900, Val: 0.5848, Test: 0.5984, Best time: 7.8741
After OOD adjustment: Training instances of last class: 0
After OOD adjustment: Testing instances of last class: 88
Epoch: 214, Runtime 0.045031, Loss 0.003661, forward nfe 0, backward nfe 0, Train: 0.9900, Val: 0.5848, Test: 0.5984, Best time: 7.8741
After OOD adjustment: Training instances of last class: 0
After OOD adjustment: Testing instances of last class: 88
Epoch: 215, Runtime 0.045306, Loss 0.003631, forward nfe 0, backward nfe 0, Train: 0.9900, Val: 0.5848, Test: 0.5984, Best time: 7.8741
After OOD adjustment: Training instances of last class: 0
After OOD adjustment: Testing instances of last class: 88
Epoch: 216, Runtime 0.043310, Loss 0.003602, forward nfe 0, backward nfe 0, Train: 0.9900, Val: 0.5848, Test: 0.5984, Best time: 7.8741
After OOD adjustment: Training instances of last class: 0
After OOD adjustment: Testing instances of last class: 88
Epoch: 217, Runtime 0.043087, Loss 0.003572, forward nfe 0, backward nfe 0, Train: 0.9900, Val: 0.5848, Test: 0.5984, Best time: 7.8741
After OOD adjustment: Training instances of last class: 0
After OOD adjustment: Testing instances of last class: 88
Epoch: 218, Runtime 0.044606, Loss 0.003544, forward nfe 0, backward nfe 0, Train: 0.9900, Val: 0.5848, Test: 0.5984, Best time: 7.8741
After OOD adjustment: Training instances of last class: 0
After OOD adjustment: Testing instances of last class: 88
Epoch: 219, Runtime 0.040868, Loss 0.003515, forward nfe 0, backward nfe 0, Train: 0.9900, Val: 0.5848, Test: 0.5984, Best time: 7.8741
After OOD adjustment: Training instances of last class: 0
After OOD adjustment: Testing instances of last class: 88
Epoch: 220, Runtime 0.040767, Loss 0.003487, forward nfe 0, backward nfe 0, Train: 0.9900, Val: 0.5848, Test: 0.5984, Best time: 7.8741
After OOD adjustment: Training instances of last class: 0
After OOD adjustment: Testing instances of last class: 88
Epoch: 221, Runtime 0.042633, Loss 0.003460, forward nfe 0, backward nfe 0, Train: 0.9900, Val: 0.5848, Test: 0.5984, Best time: 7.8741
After OOD adjustment: Training instances of last class: 0
After OOD adjustment: Testing instances of last class: 88
Epoch: 222, Runtime 0.042362, Loss 0.003432, forward nfe 0, backward nfe 0, Train: 0.9900, Val: 0.5848, Test: 0.5984, Best time: 7.8741
After OOD adjustment: Training instances of last class: 0
After OOD adjustment: Testing instances of last class: 88
Epoch: 223, Runtime 0.042135, Loss 0.003405, forward nfe 0, backward nfe 0, Train: 0.9900, Val: 0.5848, Test: 0.5984, Best time: 7.8741
After OOD adjustment: Training instances of last class: 0
After OOD adjustment: Testing instances of last class: 88
Epoch: 224, Runtime 0.042547, Loss 0.003379, forward nfe 0, backward nfe 0, Train: 0.9900, Val: 0.5848, Test: 0.5984, Best time: 7.8741
After OOD adjustment: Training instances of last class: 0
After OOD adjustment: Testing instances of last class: 88
Epoch: 225, Runtime 0.041056, Loss 0.003352, forward nfe 0, backward nfe 0, Train: 0.9900, Val: 0.5848, Test: 0.5984, Best time: 7.8741
After OOD adjustment: Training instances of last class: 0
After OOD adjustment: Testing instances of last class: 88
Epoch: 226, Runtime 0.041134, Loss 0.003326, forward nfe 0, backward nfe 0, Train: 0.9900, Val: 0.5848, Test: 0.5984, Best time: 7.8741
After OOD adjustment: Training instances of last class: 0
After OOD adjustment: Testing instances of last class: 88
Epoch: 227, Runtime 0.041066, Loss 0.003301, forward nfe 0, backward nfe 0, Train: 0.9900, Val: 0.5848, Test: 0.5984, Best time: 7.8741
After OOD adjustment: Training instances of last class: 0
After OOD adjustment: Testing instances of last class: 88
Epoch: 228, Runtime 0.041144, Loss 0.003275, forward nfe 0, backward nfe 0, Train: 0.9900, Val: 0.5848, Test: 0.5984, Best time: 7.8741
After OOD adjustment: Training instances of last class: 0
After OOD adjustment: Testing instances of last class: 88
Epoch: 229, Runtime 0.040777, Loss 0.003250, forward nfe 0, backward nfe 0, Train: 0.9900, Val: 0.5848, Test: 0.5984, Best time: 7.8741
After OOD adjustment: Training instances of last class: 0
After OOD adjustment: Testing instances of last class: 88
Epoch: 230, Runtime 0.042445, Loss 0.003225, forward nfe 0, backward nfe 0, Train: 0.9900, Val: 0.5848, Test: 0.5984, Best time: 7.8741
After OOD adjustment: Training instances of last class: 0
After OOD adjustment: Testing instances of last class: 88
Epoch: 231, Runtime 0.041175, Loss 0.003201, forward nfe 0, backward nfe 0, Train: 0.9900, Val: 0.5848, Test: 0.5984, Best time: 7.8741
After OOD adjustment: Training instances of last class: 0
After OOD adjustment: Testing instances of last class: 88
Epoch: 232, Runtime 0.041848, Loss 0.003176, forward nfe 0, backward nfe 0, Train: 0.9900, Val: 0.5848, Test: 0.5984, Best time: 7.8741
After OOD adjustment: Training instances of last class: 0
After OOD adjustment: Testing instances of last class: 88
Epoch: 233, Runtime 0.040658, Loss 0.003152, forward nfe 0, backward nfe 0, Train: 0.9900, Val: 0.5848, Test: 0.5984, Best time: 7.8741
After OOD adjustment: Training instances of last class: 0
After OOD adjustment: Testing instances of last class: 88
Epoch: 234, Runtime 0.044634, Loss 0.003129, forward nfe 0, backward nfe 0, Train: 0.9900, Val: 0.5848, Test: 0.5984, Best time: 7.8741
After OOD adjustment: Training instances of last class: 0
After OOD adjustment: Testing instances of last class: 88
Epoch: 235, Runtime 0.044903, Loss 0.003105, forward nfe 0, backward nfe 0, Train: 0.9900, Val: 0.5848, Test: 0.5984, Best time: 7.8741
After OOD adjustment: Training instances of last class: 0
After OOD adjustment: Testing instances of last class: 88
Epoch: 236, Runtime 0.043536, Loss 0.003082, forward nfe 0, backward nfe 0, Train: 0.9900, Val: 0.5848, Test: 0.5984, Best time: 7.8741
After OOD adjustment: Training instances of last class: 0
After OOD adjustment: Testing instances of last class: 88
Epoch: 237, Runtime 0.043042, Loss 0.003059, forward nfe 0, backward nfe 0, Train: 0.9900, Val: 0.5848, Test: 0.5984, Best time: 7.8741
After OOD adjustment: Training instances of last class: 0
After OOD adjustment: Testing instances of last class: 88
Epoch: 238, Runtime 0.040884, Loss 0.003037, forward nfe 0, backward nfe 0, Train: 0.9900, Val: 0.5848, Test: 0.5984, Best time: 7.8741
After OOD adjustment: Training instances of last class: 0
After OOD adjustment: Testing instances of last class: 88
Epoch: 239, Runtime 0.041259, Loss 0.003014, forward nfe 0, backward nfe 0, Train: 0.9900, Val: 0.5848, Test: 0.5984, Best time: 7.8741
After OOD adjustment: Training instances of last class: 0
After OOD adjustment: Testing instances of last class: 88
Epoch: 240, Runtime 0.041049, Loss 0.002992, forward nfe 0, backward nfe 0, Train: 0.9900, Val: 0.5848, Test: 0.5984, Best time: 7.8741
After OOD adjustment: Training instances of last class: 0
After OOD adjustment: Testing instances of last class: 88
Epoch: 241, Runtime 0.041193, Loss 0.002970, forward nfe 0, backward nfe 0, Train: 0.9900, Val: 0.5848, Test: 0.5984, Best time: 7.8741
After OOD adjustment: Training instances of last class: 0
After OOD adjustment: Testing instances of last class: 88
Epoch: 242, Runtime 0.042018, Loss 0.002949, forward nfe 0, backward nfe 0, Train: 0.9900, Val: 0.5848, Test: 0.5984, Best time: 7.8741
After OOD adjustment: Training instances of last class: 0
After OOD adjustment: Testing instances of last class: 88
Epoch: 243, Runtime 0.041242, Loss 0.002927, forward nfe 0, backward nfe 0, Train: 0.9900, Val: 0.5848, Test: 0.5984, Best time: 7.8741
After OOD adjustment: Training instances of last class: 0
After OOD adjustment: Testing instances of last class: 88
Epoch: 244, Runtime 0.040704, Loss 0.002906, forward nfe 0, backward nfe 0, Train: 0.9900, Val: 0.5848, Test: 0.5984, Best time: 7.8741
After OOD adjustment: Training instances of last class: 0
After OOD adjustment: Testing instances of last class: 88
Epoch: 245, Runtime 0.040712, Loss 0.002885, forward nfe 0, backward nfe 0, Train: 0.9900, Val: 0.5848, Test: 0.5984, Best time: 7.8741
After OOD adjustment: Training instances of last class: 0
After OOD adjustment: Testing instances of last class: 88
Epoch: 246, Runtime 0.042119, Loss 0.002865, forward nfe 0, backward nfe 0, Train: 0.9900, Val: 0.5848, Test: 0.5984, Best time: 7.8741
After OOD adjustment: Training instances of last class: 0
After OOD adjustment: Testing instances of last class: 88
Epoch: 247, Runtime 0.040668, Loss 0.002844, forward nfe 0, backward nfe 0, Train: 0.9900, Val: 0.5848, Test: 0.5984, Best time: 7.8741
After OOD adjustment: Training instances of last class: 0
After OOD adjustment: Testing instances of last class: 88
Epoch: 248, Runtime 0.040597, Loss 0.002824, forward nfe 0, backward nfe 0, Train: 0.9900, Val: 0.5848, Test: 0.5984, Best time: 7.8741
After OOD adjustment: Training instances of last class: 0
After OOD adjustment: Testing instances of last class: 88
Epoch: 249, Runtime 0.040989, Loss 0.002804, forward nfe 0, backward nfe 0, Train: 0.9900, Val: 0.5848, Test: 0.5984, Best time: 7.8741
best val accuracy 0.584783 with test accuracy 0.598387 at epoch 13 and best time 7.874113
base_directory resutls_prob/OOD_Citeseer
new_name:  gnn_ODD
file_path 1 resutls_prob/OOD_Citeseer/gnn_ODD_prediction_probabilities_44.npz
file_path 2 resutls_prob/OOD_Citeseer/gnn_ODD_prediction_probabilities_44.npz
Entropy Threshold: inf Test accuracy: 0.5983870967741935
Entropy Threshold: 2 Test accuracy: 0.5983870967741935
Entropy Threshold: 1.6 Test accuracy: 0.6032520325203252
Entropy Threshold: 1.5 Test accuracy: 0.6811594202898551
Entropy Threshold: 1.4 Test accuracy: 0.7106598984771574
Entropy Threshold: 1.3 Test accuracy: 0.75
Entropy Threshold: 1.2 Test accuracy: 0.7704918032786885
Entropy Threshold: 1.1 Test accuracy: 0.8529411764705882
Entropy Threshold: 0.9 Test accuracy: 0.8333333333333334
Entropy Threshold: 0.8 Test accuracy: 1.0
Entropy Threshold: 0.7 Test accuracy: 1.0
Entropy Threshold: 0.6 Test accuracy: 1.0
Entropy Threshold: 0.5 Test accuracy: None
Entropy Threshold: 0.4 Test accuracy: None
Entropy Threshold: 0.3 Test accuracy: None
Entropy Threshold: 0.2 Test accuracy: None
Entropy Threshold: 0.1 Test accuracy: None
