[KeOps] Warning : cuda was detected, but driver API could not be initialized. Switching to cpu only.
Folder already exists: results/cora
experiment: 0
Dataset size (num_nodes): 2485, Intended development set size (num_development): 1500
Dataset size (num_nodes): 2485, Actual development set size (num_development): 1500
rations: train 140, val 1360, test 985
Before OOD adjustment: Total instances of last class: 131
Before OOD adjustment: Training instances of last class: 20
Before OOD adjustment: Testing instances of last class: 55
Before OOD adjustment: Val instances of last class: 56
total train + val+ test 131
After OOD adjustment: Training instances of last class: 0
After OOD adjustment: Testing instances of last class: 55
Total number of classes: 7
number of classes to train: 6
Dataset size (num_nodes): 2485, Intended development set size (num_development): 1500
Dataset size (num_nodes): 2485, Actual development set size (num_development): 1500
rations: train 140, val 1360, test 985
within set_train_val_test_split function!
Before OOD adjustment: Total instances of last class: 131
Before OOD adjustment: Training instances of last class: 20
Before OOD adjustment: Testing instances of last class: 54
Before OOD adjustment: Val instances of last class: 57
total train + val+ test 131
After OOD adjustment: Training instances of last class: 0
After OOD adjustment: Testing instances of last class: 54
BayesianGCN(
  (bayes_conv1): BayesianGCNConv(1433, 64)
  (bayes_conv3): BayesianGCNConv(64, 6)
)
bayes_conv1.mu_weight
torch.Size([64, 1433])
bayes_conv1.rho_weight
torch.Size([64, 1433])
bayes_conv1.mu_bias
torch.Size([64])
bayes_conv1.rho_bias
torch.Size([64])
bayes_conv3.mu_weight
torch.Size([6, 64])
bayes_conv3.rho_weight
torch.Size([6, 64])
bayes_conv3.mu_bias
torch.Size([6])
bayes_conv3.rho_bias
torch.Size([6])
After OOD adjustment: Training instances of last class: 0
After OOD adjustment: Testing instances of last class: 54
Epoch: 001, Runtime 0.046498, Loss 1.902175, forward nfe 0, backward nfe 0, Train: 0.1750, Val: 0.1779, Test: 0.1543, Best time: 18.2948
After OOD adjustment: Training instances of last class: 0
After OOD adjustment: Testing instances of last class: 54
Epoch: 002, Runtime 0.034718, Loss 1.956406, forward nfe 0, backward nfe 0, Train: 0.1750, Val: 0.1779, Test: 0.1543, Best time: 18.2948
After OOD adjustment: Training instances of last class: 0
After OOD adjustment: Testing instances of last class: 54
Epoch: 003, Runtime 0.139260, Loss 1.900703, forward nfe 0, backward nfe 0, Train: 0.2000, Val: 0.1809, Test: 0.1695, Best time: 18.2948
After OOD adjustment: Training instances of last class: 0
After OOD adjustment: Testing instances of last class: 54
Epoch: 004, Runtime 0.165402, Loss 1.843608, forward nfe 0, backward nfe 0, Train: 0.3417, Val: 0.2066, Test: 0.2396, Best time: 18.2948
After OOD adjustment: Training instances of last class: 0
After OOD adjustment: Testing instances of last class: 54
Epoch: 005, Runtime 0.037742, Loss 1.814512, forward nfe 0, backward nfe 0, Train: 0.3417, Val: 0.2066, Test: 0.2396, Best time: 18.2948
After OOD adjustment: Training instances of last class: 0
After OOD adjustment: Testing instances of last class: 54
Epoch: 006, Runtime 0.035348, Loss 1.870799, forward nfe 0, backward nfe 0, Train: 0.3417, Val: 0.2066, Test: 0.2396, Best time: 18.2948
After OOD adjustment: Training instances of last class: 0
After OOD adjustment: Testing instances of last class: 54
Epoch: 007, Runtime 0.034008, Loss 1.767719, forward nfe 0, backward nfe 0, Train: 0.3417, Val: 0.2066, Test: 0.2396, Best time: 18.2948
After OOD adjustment: Training instances of last class: 0
After OOD adjustment: Testing instances of last class: 54
Epoch: 008, Runtime 0.146676, Loss 1.725262, forward nfe 0, backward nfe 0, Train: 0.2500, Val: 0.2294, Test: 0.2091, Best time: 18.2948
After OOD adjustment: Training instances of last class: 0
After OOD adjustment: Testing instances of last class: 54
Epoch: 009, Runtime 0.129840, Loss 1.727876, forward nfe 0, backward nfe 0, Train: 0.2750, Val: 0.2463, Test: 0.2518, Best time: 18.2948
After OOD adjustment: Training instances of last class: 0
After OOD adjustment: Testing instances of last class: 54
Epoch: 010, Runtime 0.034162, Loss 1.729885, forward nfe 0, backward nfe 0, Train: 0.2750, Val: 0.2463, Test: 0.2518, Best time: 18.2948
After OOD adjustment: Training instances of last class: 0
After OOD adjustment: Testing instances of last class: 54
Epoch: 011, Runtime 0.172593, Loss 1.696187, forward nfe 0, backward nfe 0, Train: 0.3750, Val: 0.2949, Test: 0.3005, Best time: 18.2948
After OOD adjustment: Training instances of last class: 0
After OOD adjustment: Testing instances of last class: 54
Epoch: 012, Runtime 0.037265, Loss 1.691193, forward nfe 0, backward nfe 0, Train: 0.3750, Val: 0.2949, Test: 0.3005, Best time: 18.2948
After OOD adjustment: Training instances of last class: 0
After OOD adjustment: Testing instances of last class: 54
Epoch: 013, Runtime 0.184515, Loss 1.723804, forward nfe 0, backward nfe 0, Train: 0.5167, Val: 0.3412, Test: 0.3411, Best time: 18.2948
After OOD adjustment: Training instances of last class: 0
After OOD adjustment: Testing instances of last class: 54
Epoch: 014, Runtime 0.037176, Loss 1.669800, forward nfe 0, backward nfe 0, Train: 0.5167, Val: 0.3412, Test: 0.3411, Best time: 18.2948
After OOD adjustment: Training instances of last class: 0
After OOD adjustment: Testing instances of last class: 54
Epoch: 015, Runtime 0.032221, Loss 1.648486, forward nfe 0, backward nfe 0, Train: 0.5167, Val: 0.3412, Test: 0.3411, Best time: 18.2948
After OOD adjustment: Training instances of last class: 0
After OOD adjustment: Testing instances of last class: 54
Epoch: 016, Runtime 0.032192, Loss 1.662268, forward nfe 0, backward nfe 0, Train: 0.5167, Val: 0.3412, Test: 0.3411, Best time: 18.2948
After OOD adjustment: Training instances of last class: 0
After OOD adjustment: Testing instances of last class: 54
Epoch: 017, Runtime 0.032277, Loss 1.613630, forward nfe 0, backward nfe 0, Train: 0.5167, Val: 0.3412, Test: 0.3411, Best time: 18.2948
After OOD adjustment: Training instances of last class: 0
After OOD adjustment: Testing instances of last class: 54
Epoch: 018, Runtime 0.148036, Loss 1.673559, forward nfe 0, backward nfe 0, Train: 0.4417, Val: 0.3640, Test: 0.3604, Best time: 18.2948
After OOD adjustment: Training instances of last class: 0
After OOD adjustment: Testing instances of last class: 54
Epoch: 019, Runtime 0.034455, Loss 1.603696, forward nfe 0, backward nfe 0, Train: 0.4417, Val: 0.3640, Test: 0.3604, Best time: 18.2948
After OOD adjustment: Training instances of last class: 0
After OOD adjustment: Testing instances of last class: 54
Epoch: 020, Runtime 0.171409, Loss 1.583054, forward nfe 0, backward nfe 0, Train: 0.5333, Val: 0.4243, Test: 0.4203, Best time: 18.2948
After OOD adjustment: Training instances of last class: 0
After OOD adjustment: Testing instances of last class: 54
Epoch: 021, Runtime 0.038973, Loss 1.616222, forward nfe 0, backward nfe 0, Train: 0.5333, Val: 0.4243, Test: 0.4203, Best time: 18.2948
After OOD adjustment: Training instances of last class: 0
After OOD adjustment: Testing instances of last class: 54
Epoch: 022, Runtime 0.038256, Loss 1.561355, forward nfe 0, backward nfe 0, Train: 0.5333, Val: 0.4243, Test: 0.4203, Best time: 18.2948
After OOD adjustment: Training instances of last class: 0
After OOD adjustment: Testing instances of last class: 54
Epoch: 023, Runtime 0.038351, Loss 1.557615, forward nfe 0, backward nfe 0, Train: 0.5333, Val: 0.4243, Test: 0.4203, Best time: 18.2948
After OOD adjustment: Training instances of last class: 0
After OOD adjustment: Testing instances of last class: 54
Epoch: 024, Runtime 0.037531, Loss 1.552975, forward nfe 0, backward nfe 0, Train: 0.5333, Val: 0.4243, Test: 0.4203, Best time: 18.2948
After OOD adjustment: Training instances of last class: 0
After OOD adjustment: Testing instances of last class: 54
Epoch: 025, Runtime 0.034809, Loss 1.536748, forward nfe 0, backward nfe 0, Train: 0.5333, Val: 0.4243, Test: 0.4203, Best time: 18.2948
After OOD adjustment: Training instances of last class: 0
After OOD adjustment: Testing instances of last class: 54
Epoch: 026, Runtime 0.033024, Loss 1.548378, forward nfe 0, backward nfe 0, Train: 0.5333, Val: 0.4243, Test: 0.4203, Best time: 18.2948
After OOD adjustment: Training instances of last class: 0
After OOD adjustment: Testing instances of last class: 54
Epoch: 027, Runtime 0.032883, Loss 1.511053, forward nfe 0, backward nfe 0, Train: 0.5333, Val: 0.4243, Test: 0.4203, Best time: 18.2948
After OOD adjustment: Training instances of last class: 0
After OOD adjustment: Testing instances of last class: 54
Epoch: 028, Runtime 0.033037, Loss 1.512218, forward nfe 0, backward nfe 0, Train: 0.5333, Val: 0.4243, Test: 0.4203, Best time: 18.2948
After OOD adjustment: Training instances of last class: 0
After OOD adjustment: Testing instances of last class: 54
Epoch: 029, Runtime 0.032876, Loss 1.499896, forward nfe 0, backward nfe 0, Train: 0.5333, Val: 0.4243, Test: 0.4203, Best time: 18.2948
After OOD adjustment: Training instances of last class: 0
After OOD adjustment: Testing instances of last class: 54
Epoch: 030, Runtime 0.032464, Loss 1.501131, forward nfe 0, backward nfe 0, Train: 0.5333, Val: 0.4243, Test: 0.4203, Best time: 18.2948
After OOD adjustment: Training instances of last class: 0
After OOD adjustment: Testing instances of last class: 54
Epoch: 031, Runtime 0.032324, Loss 1.514756, forward nfe 0, backward nfe 0, Train: 0.5333, Val: 0.4243, Test: 0.4203, Best time: 18.2948
After OOD adjustment: Training instances of last class: 0
After OOD adjustment: Testing instances of last class: 54
Epoch: 032, Runtime 0.032813, Loss 1.453644, forward nfe 0, backward nfe 0, Train: 0.5333, Val: 0.4243, Test: 0.4203, Best time: 18.2948
After OOD adjustment: Training instances of last class: 0
After OOD adjustment: Testing instances of last class: 54
Epoch: 033, Runtime 0.146770, Loss 1.426096, forward nfe 0, backward nfe 0, Train: 0.6333, Val: 0.4853, Test: 0.4822, Best time: 18.2948
After OOD adjustment: Training instances of last class: 0
After OOD adjustment: Testing instances of last class: 54
Epoch: 034, Runtime 0.131318, Loss 1.442422, forward nfe 0, backward nfe 0, Train: 0.8583, Val: 0.4978, Test: 0.5046, Best time: 18.2948
After OOD adjustment: Training instances of last class: 0
After OOD adjustment: Testing instances of last class: 54
Epoch: 035, Runtime 0.034643, Loss 1.444606, forward nfe 0, backward nfe 0, Train: 0.8583, Val: 0.4978, Test: 0.5046, Best time: 18.2948
After OOD adjustment: Training instances of last class: 0
After OOD adjustment: Testing instances of last class: 54
Epoch: 036, Runtime 0.129332, Loss 1.415980, forward nfe 0, backward nfe 0, Train: 0.8583, Val: 0.6412, Test: 0.6569, Best time: 18.2948
After OOD adjustment: Training instances of last class: 0
After OOD adjustment: Testing instances of last class: 54
Epoch: 037, Runtime 0.034401, Loss 1.389172, forward nfe 0, backward nfe 0, Train: 0.8583, Val: 0.6412, Test: 0.6569, Best time: 18.2948
After OOD adjustment: Training instances of last class: 0
After OOD adjustment: Testing instances of last class: 54
Epoch: 038, Runtime 0.032812, Loss 1.426194, forward nfe 0, backward nfe 0, Train: 0.8583, Val: 0.6412, Test: 0.6569, Best time: 18.2948
After OOD adjustment: Training instances of last class: 0
After OOD adjustment: Testing instances of last class: 54
Epoch: 039, Runtime 0.037788, Loss 1.401668, forward nfe 0, backward nfe 0, Train: 0.8583, Val: 0.6412, Test: 0.6569, Best time: 18.2948
After OOD adjustment: Training instances of last class: 0
After OOD adjustment: Testing instances of last class: 54
Epoch: 040, Runtime 0.036570, Loss 1.386896, forward nfe 0, backward nfe 0, Train: 0.8583, Val: 0.6412, Test: 0.6569, Best time: 18.2948
After OOD adjustment: Training instances of last class: 0
After OOD adjustment: Testing instances of last class: 54
Epoch: 041, Runtime 0.035313, Loss 1.397114, forward nfe 0, backward nfe 0, Train: 0.8583, Val: 0.6412, Test: 0.6569, Best time: 18.2948
After OOD adjustment: Training instances of last class: 0
After OOD adjustment: Testing instances of last class: 54
Epoch: 042, Runtime 0.031780, Loss 1.327618, forward nfe 0, backward nfe 0, Train: 0.8583, Val: 0.6412, Test: 0.6569, Best time: 18.2948
After OOD adjustment: Training instances of last class: 0
After OOD adjustment: Testing instances of last class: 54
Epoch: 043, Runtime 0.128993, Loss 1.360486, forward nfe 0, backward nfe 0, Train: 0.8500, Val: 0.6669, Test: 0.6335, Best time: 18.2948
After OOD adjustment: Training instances of last class: 0
After OOD adjustment: Testing instances of last class: 54
Epoch: 044, Runtime 0.032691, Loss 1.327002, forward nfe 0, backward nfe 0, Train: 0.8500, Val: 0.6669, Test: 0.6335, Best time: 18.2948
After OOD adjustment: Training instances of last class: 0
After OOD adjustment: Testing instances of last class: 54
Epoch: 045, Runtime 0.030787, Loss 1.304474, forward nfe 0, backward nfe 0, Train: 0.8500, Val: 0.6669, Test: 0.6335, Best time: 18.2948
After OOD adjustment: Training instances of last class: 0
After OOD adjustment: Testing instances of last class: 54
Epoch: 046, Runtime 0.034224, Loss 1.274615, forward nfe 0, backward nfe 0, Train: 0.8500, Val: 0.6669, Test: 0.6335, Best time: 18.2948
After OOD adjustment: Training instances of last class: 0
After OOD adjustment: Testing instances of last class: 54
Epoch: 047, Runtime 0.032872, Loss 1.321026, forward nfe 0, backward nfe 0, Train: 0.8500, Val: 0.6669, Test: 0.6335, Best time: 18.2948
After OOD adjustment: Training instances of last class: 0
After OOD adjustment: Testing instances of last class: 54
Epoch: 048, Runtime 0.032330, Loss 1.291840, forward nfe 0, backward nfe 0, Train: 0.8500, Val: 0.6669, Test: 0.6335, Best time: 18.2948
After OOD adjustment: Training instances of last class: 0
After OOD adjustment: Testing instances of last class: 54
Epoch: 049, Runtime 0.032039, Loss 1.298954, forward nfe 0, backward nfe 0, Train: 0.8500, Val: 0.6669, Test: 0.6335, Best time: 18.2948
After OOD adjustment: Training instances of last class: 0
After OOD adjustment: Testing instances of last class: 54
Epoch: 050, Runtime 0.129329, Loss 1.282156, forward nfe 0, backward nfe 0, Train: 0.9833, Val: 0.7441, Test: 0.7431, Best time: 18.2948
After OOD adjustment: Training instances of last class: 0
After OOD adjustment: Testing instances of last class: 54
Epoch: 051, Runtime 0.033620, Loss 1.225761, forward nfe 0, backward nfe 0, Train: 0.9833, Val: 0.7441, Test: 0.7431, Best time: 18.2948
After OOD adjustment: Training instances of last class: 0
After OOD adjustment: Testing instances of last class: 54
Epoch: 052, Runtime 0.032888, Loss 1.239854, forward nfe 0, backward nfe 0, Train: 0.9833, Val: 0.7441, Test: 0.7431, Best time: 18.2948
After OOD adjustment: Training instances of last class: 0
After OOD adjustment: Testing instances of last class: 54
Epoch: 053, Runtime 0.032731, Loss 1.209195, forward nfe 0, backward nfe 0, Train: 0.9833, Val: 0.7441, Test: 0.7431, Best time: 18.2948
After OOD adjustment: Training instances of last class: 0
After OOD adjustment: Testing instances of last class: 54
Epoch: 054, Runtime 0.032941, Loss 1.210788, forward nfe 0, backward nfe 0, Train: 0.9833, Val: 0.7441, Test: 0.7431, Best time: 18.2948
After OOD adjustment: Training instances of last class: 0
After OOD adjustment: Testing instances of last class: 54
Epoch: 055, Runtime 0.032345, Loss 1.185630, forward nfe 0, backward nfe 0, Train: 0.9833, Val: 0.7441, Test: 0.7431, Best time: 18.2948
After OOD adjustment: Training instances of last class: 0
After OOD adjustment: Testing instances of last class: 54
Epoch: 056, Runtime 0.033075, Loss 1.121315, forward nfe 0, backward nfe 0, Train: 0.9833, Val: 0.7441, Test: 0.7431, Best time: 18.2948
After OOD adjustment: Training instances of last class: 0
After OOD adjustment: Testing instances of last class: 54
Epoch: 057, Runtime 0.032717, Loss 1.149208, forward nfe 0, backward nfe 0, Train: 0.9833, Val: 0.7441, Test: 0.7431, Best time: 18.2948
After OOD adjustment: Training instances of last class: 0
After OOD adjustment: Testing instances of last class: 54
Epoch: 058, Runtime 0.032926, Loss 1.152434, forward nfe 0, backward nfe 0, Train: 0.9833, Val: 0.7441, Test: 0.7431, Best time: 18.2948
After OOD adjustment: Training instances of last class: 0
After OOD adjustment: Testing instances of last class: 54
Epoch: 059, Runtime 0.036410, Loss 1.123472, forward nfe 0, backward nfe 0, Train: 0.9833, Val: 0.7441, Test: 0.7431, Best time: 18.2948
After OOD adjustment: Training instances of last class: 0
After OOD adjustment: Testing instances of last class: 54
Epoch: 060, Runtime 0.036970, Loss 1.136719, forward nfe 0, backward nfe 0, Train: 0.9833, Val: 0.7441, Test: 0.7431, Best time: 18.2948
After OOD adjustment: Training instances of last class: 0
After OOD adjustment: Testing instances of last class: 54
Epoch: 061, Runtime 0.031722, Loss 1.092309, forward nfe 0, backward nfe 0, Train: 0.9833, Val: 0.7441, Test: 0.7431, Best time: 18.2948
After OOD adjustment: Training instances of last class: 0
After OOD adjustment: Testing instances of last class: 54
Epoch: 062, Runtime 0.031178, Loss 1.087686, forward nfe 0, backward nfe 0, Train: 0.9833, Val: 0.7441, Test: 0.7431, Best time: 18.2948
After OOD adjustment: Training instances of last class: 0
After OOD adjustment: Testing instances of last class: 54
Epoch: 063, Runtime 0.031172, Loss 1.097963, forward nfe 0, backward nfe 0, Train: 0.9833, Val: 0.7441, Test: 0.7431, Best time: 18.2948
After OOD adjustment: Training instances of last class: 0
After OOD adjustment: Testing instances of last class: 54
Epoch: 064, Runtime 0.031161, Loss 1.104553, forward nfe 0, backward nfe 0, Train: 0.9833, Val: 0.7441, Test: 0.7431, Best time: 18.2948
After OOD adjustment: Training instances of last class: 0
After OOD adjustment: Testing instances of last class: 54
Epoch: 065, Runtime 0.031039, Loss 1.059644, forward nfe 0, backward nfe 0, Train: 0.9833, Val: 0.7441, Test: 0.7431, Best time: 18.2948
After OOD adjustment: Training instances of last class: 0
After OOD adjustment: Testing instances of last class: 54
Epoch: 066, Runtime 0.031075, Loss 1.072666, forward nfe 0, backward nfe 0, Train: 0.9833, Val: 0.7441, Test: 0.7431, Best time: 18.2948
After OOD adjustment: Training instances of last class: 0
After OOD adjustment: Testing instances of last class: 54
Epoch: 067, Runtime 0.031301, Loss 1.058257, forward nfe 0, backward nfe 0, Train: 0.9833, Val: 0.7441, Test: 0.7431, Best time: 18.2948
After OOD adjustment: Training instances of last class: 0
After OOD adjustment: Testing instances of last class: 54
Epoch: 068, Runtime 0.031114, Loss 0.994478, forward nfe 0, backward nfe 0, Train: 0.9833, Val: 0.7441, Test: 0.7431, Best time: 18.2948
After OOD adjustment: Training instances of last class: 0
After OOD adjustment: Testing instances of last class: 54
Epoch: 069, Runtime 0.031132, Loss 1.073040, forward nfe 0, backward nfe 0, Train: 0.9833, Val: 0.7441, Test: 0.7431, Best time: 18.2948
After OOD adjustment: Training instances of last class: 0
After OOD adjustment: Testing instances of last class: 54
Epoch: 070, Runtime 0.030927, Loss 0.996126, forward nfe 0, backward nfe 0, Train: 0.9833, Val: 0.7441, Test: 0.7431, Best time: 18.2948
After OOD adjustment: Training instances of last class: 0
After OOD adjustment: Testing instances of last class: 54
Epoch: 071, Runtime 0.031234, Loss 1.007793, forward nfe 0, backward nfe 0, Train: 0.9833, Val: 0.7441, Test: 0.7431, Best time: 18.2948
After OOD adjustment: Training instances of last class: 0
After OOD adjustment: Testing instances of last class: 54
Epoch: 072, Runtime 0.033678, Loss 0.963690, forward nfe 0, backward nfe 0, Train: 0.9833, Val: 0.7441, Test: 0.7431, Best time: 18.2948
After OOD adjustment: Training instances of last class: 0
After OOD adjustment: Testing instances of last class: 54
Epoch: 073, Runtime 0.032787, Loss 0.963754, forward nfe 0, backward nfe 0, Train: 0.9833, Val: 0.7441, Test: 0.7431, Best time: 18.2948
After OOD adjustment: Training instances of last class: 0
After OOD adjustment: Testing instances of last class: 54
Epoch: 074, Runtime 0.032776, Loss 0.954707, forward nfe 0, backward nfe 0, Train: 0.9833, Val: 0.7441, Test: 0.7431, Best time: 18.2948
After OOD adjustment: Training instances of last class: 0
After OOD adjustment: Testing instances of last class: 54
Epoch: 075, Runtime 0.032238, Loss 0.932692, forward nfe 0, backward nfe 0, Train: 0.9833, Val: 0.7441, Test: 0.7431, Best time: 18.2948
After OOD adjustment: Training instances of last class: 0
After OOD adjustment: Testing instances of last class: 54
Epoch: 076, Runtime 0.129604, Loss 0.895859, forward nfe 0, backward nfe 0, Train: 0.9917, Val: 0.7485, Test: 0.7503, Best time: 18.2948
After OOD adjustment: Training instances of last class: 0
After OOD adjustment: Testing instances of last class: 54
Epoch: 077, Runtime 0.131452, Loss 0.887482, forward nfe 0, backward nfe 0, Train: 0.9667, Val: 0.7824, Test: 0.7645, Best time: 18.2948
After OOD adjustment: Training instances of last class: 0
After OOD adjustment: Testing instances of last class: 54
Epoch: 078, Runtime 0.037297, Loss 0.840276, forward nfe 0, backward nfe 0, Train: 0.9667, Val: 0.7824, Test: 0.7645, Best time: 18.2948
After OOD adjustment: Training instances of last class: 0
After OOD adjustment: Testing instances of last class: 54
Epoch: 079, Runtime 0.037417, Loss 0.855931, forward nfe 0, backward nfe 0, Train: 0.9667, Val: 0.7824, Test: 0.7645, Best time: 18.2948
After OOD adjustment: Training instances of last class: 0
After OOD adjustment: Testing instances of last class: 54
Epoch: 080, Runtime 0.038047, Loss 0.917446, forward nfe 0, backward nfe 0, Train: 0.9667, Val: 0.7824, Test: 0.7645, Best time: 18.2948
After OOD adjustment: Training instances of last class: 0
After OOD adjustment: Testing instances of last class: 54
Epoch: 081, Runtime 0.037729, Loss 0.858460, forward nfe 0, backward nfe 0, Train: 0.9667, Val: 0.7824, Test: 0.7645, Best time: 18.2948
After OOD adjustment: Training instances of last class: 0
After OOD adjustment: Testing instances of last class: 54
Epoch: 082, Runtime 0.037558, Loss 0.838196, forward nfe 0, backward nfe 0, Train: 0.9667, Val: 0.7824, Test: 0.7645, Best time: 18.2948
After OOD adjustment: Training instances of last class: 0
After OOD adjustment: Testing instances of last class: 54
Epoch: 083, Runtime 0.037930, Loss 0.803675, forward nfe 0, backward nfe 0, Train: 0.9667, Val: 0.7824, Test: 0.7645, Best time: 18.2948
After OOD adjustment: Training instances of last class: 0
After OOD adjustment: Testing instances of last class: 54
Epoch: 084, Runtime 0.037946, Loss 0.832808, forward nfe 0, backward nfe 0, Train: 0.9667, Val: 0.7824, Test: 0.7645, Best time: 18.2948
After OOD adjustment: Training instances of last class: 0
After OOD adjustment: Testing instances of last class: 54
Epoch: 085, Runtime 0.037846, Loss 0.823024, forward nfe 0, backward nfe 0, Train: 0.9667, Val: 0.7824, Test: 0.7645, Best time: 18.2948
After OOD adjustment: Training instances of last class: 0
After OOD adjustment: Testing instances of last class: 54
Epoch: 086, Runtime 0.037674, Loss 0.772906, forward nfe 0, backward nfe 0, Train: 0.9667, Val: 0.7824, Test: 0.7645, Best time: 18.2948
After OOD adjustment: Training instances of last class: 0
After OOD adjustment: Testing instances of last class: 54
Epoch: 087, Runtime 0.037477, Loss 0.734794, forward nfe 0, backward nfe 0, Train: 0.9667, Val: 0.7824, Test: 0.7645, Best time: 18.2948
After OOD adjustment: Training instances of last class: 0
After OOD adjustment: Testing instances of last class: 54
Epoch: 088, Runtime 0.037675, Loss 0.753416, forward nfe 0, backward nfe 0, Train: 0.9667, Val: 0.7824, Test: 0.7645, Best time: 18.2948
After OOD adjustment: Training instances of last class: 0
After OOD adjustment: Testing instances of last class: 54
Epoch: 089, Runtime 0.037918, Loss 0.733559, forward nfe 0, backward nfe 0, Train: 0.9667, Val: 0.7824, Test: 0.7645, Best time: 18.2948
After OOD adjustment: Training instances of last class: 0
After OOD adjustment: Testing instances of last class: 54
Epoch: 090, Runtime 0.037729, Loss 0.755197, forward nfe 0, backward nfe 0, Train: 0.9667, Val: 0.7824, Test: 0.7645, Best time: 18.2948
After OOD adjustment: Training instances of last class: 0
After OOD adjustment: Testing instances of last class: 54
Epoch: 091, Runtime 0.037753, Loss 0.705166, forward nfe 0, backward nfe 0, Train: 0.9667, Val: 0.7824, Test: 0.7645, Best time: 18.2948
After OOD adjustment: Training instances of last class: 0
After OOD adjustment: Testing instances of last class: 54
Epoch: 092, Runtime 0.037472, Loss 0.704791, forward nfe 0, backward nfe 0, Train: 0.9667, Val: 0.7824, Test: 0.7645, Best time: 18.2948
After OOD adjustment: Training instances of last class: 0
After OOD adjustment: Testing instances of last class: 54
Epoch: 093, Runtime 0.037453, Loss 0.683023, forward nfe 0, backward nfe 0, Train: 0.9667, Val: 0.7824, Test: 0.7645, Best time: 18.2948
After OOD adjustment: Training instances of last class: 0
After OOD adjustment: Testing instances of last class: 54
Epoch: 094, Runtime 0.037739, Loss 0.677104, forward nfe 0, backward nfe 0, Train: 0.9667, Val: 0.7824, Test: 0.7645, Best time: 18.2948
After OOD adjustment: Training instances of last class: 0
After OOD adjustment: Testing instances of last class: 54
Epoch: 095, Runtime 0.038085, Loss 0.678059, forward nfe 0, backward nfe 0, Train: 0.9667, Val: 0.7824, Test: 0.7645, Best time: 18.2948
After OOD adjustment: Training instances of last class: 0
After OOD adjustment: Testing instances of last class: 54
Epoch: 096, Runtime 0.034439, Loss 0.682564, forward nfe 0, backward nfe 0, Train: 0.9667, Val: 0.7824, Test: 0.7645, Best time: 18.2948
After OOD adjustment: Training instances of last class: 0
After OOD adjustment: Testing instances of last class: 54
Epoch: 097, Runtime 0.033166, Loss 0.670978, forward nfe 0, backward nfe 0, Train: 0.9667, Val: 0.7824, Test: 0.7645, Best time: 18.2948
After OOD adjustment: Training instances of last class: 0
After OOD adjustment: Testing instances of last class: 54
Epoch: 098, Runtime 0.128800, Loss 0.684330, forward nfe 0, backward nfe 0, Train: 0.9833, Val: 0.7853, Test: 0.7878, Best time: 18.2948
After OOD adjustment: Training instances of last class: 0
After OOD adjustment: Testing instances of last class: 54
Epoch: 099, Runtime 0.034179, Loss 0.639788, forward nfe 0, backward nfe 0, Train: 0.9833, Val: 0.7853, Test: 0.7878, Best time: 18.2948
best val accuracy 0.785294 with test accuracy 0.787817 at epoch 98 and best time 18.294754
base_directory resutls_prob/OOD_Cora
new_name:  bgcn_ODD
file_path 1 resutls_prob/OOD_Cora/bgcn_ODD_prediction_probabilities_60.npz
file_path 2 resutls_prob/OOD_Cora/bgcn_ODD_prediction_probabilities_60.npz
Entropy Threshold: inf Test accuracy: 0.7482233502538072
Entropy Threshold: 2 Test accuracy: 0.7654822335025381
Entropy Threshold: 1.6 Test accuracy: 0.9130434782608695
Entropy Threshold: 1.5 Test accuracy: 0.972027972027972
Entropy Threshold: 1.4 Test accuracy: 0.9722222222222222
Entropy Threshold: 1.3 Test accuracy: 0.9826086956521739
Entropy Threshold: 1.2 Test accuracy: 0.9876543209876543
Entropy Threshold: 1.1 Test accuracy: 0.9814814814814815
Entropy Threshold: 0.9 Test accuracy: 1.0
Entropy Threshold: 0.8 Test accuracy: 1.0
Entropy Threshold: 0.7 Test accuracy: 1.0
Entropy Threshold: 0.6 Test accuracy: 1.0
Entropy Threshold: 0.5 Test accuracy: 1.0
Entropy Threshold: 0.4 Test accuracy: 1.0
Entropy Threshold: 0.3 Test accuracy: 1.0
Entropy Threshold: 0.2 Test accuracy: 1.0
Entropy Threshold: 0.1 Test accuracy: None
