[KeOps] Warning : cuda was detected, but driver API could not be initialized. Switching to cpu only.
Folder already exists: results/computers
experiment: 0
Dataset size (num_nodes): 13381, Intended development set size (num_development): 1500
Dataset size (num_nodes): 13381, Actual development set size (num_development): 1500
rations: train 200, val 1300, test 11881
Before OOD adjustment: Total instances of last class: 283
Before OOD adjustment: Training instances of last class: 20
Before OOD adjustment: Testing instances of last class: 257
Before OOD adjustment: Val instances of last class: 6
total train + val+ test 283
After OOD adjustment: Training instances of last class: 0
After OOD adjustment: Testing instances of last class: 257
Total number of classes: 10
number of classes to train: 9
MyGCN2(
  (conv1): GCNConv(767, 128)
  (conv4): GCNConv(128, 9)
)
conv1.bias
torch.Size([128])
conv1.lin.weight
torch.Size([128, 767])
conv4.bias
torch.Size([9])
conv4.lin.weight
torch.Size([9, 128])
After OOD adjustment: Training instances of last class: 0
After OOD adjustment: Testing instances of last class: 257
Epoch: 001, Runtime 0.802585, Loss 2.361261, forward nfe 0, backward nfe 0, Train: 0.1944, Val: 0.0262, Test: 0.0470, Best time: 3.2490
After OOD adjustment: Training instances of last class: 0
After OOD adjustment: Testing instances of last class: 257
Epoch: 002, Runtime 0.943574, Loss 2.344972, forward nfe 0, backward nfe 0, Train: 0.1889, Val: 0.0669, Test: 0.0772, Best time: 3.2490
After OOD adjustment: Training instances of last class: 0
After OOD adjustment: Testing instances of last class: 257
Epoch: 003, Runtime 0.932550, Loss 2.348766, forward nfe 0, backward nfe 0, Train: 0.3500, Val: 0.3292, Test: 0.2919, Best time: 3.2490
After OOD adjustment: Training instances of last class: 0
After OOD adjustment: Testing instances of last class: 257
Epoch: 004, Runtime 0.937734, Loss 2.243076, forward nfe 0, backward nfe 0, Train: 0.3722, Val: 0.4577, Test: 0.4321, Best time: 3.2490
After OOD adjustment: Training instances of last class: 0
After OOD adjustment: Testing instances of last class: 257
Epoch: 005, Runtime 0.942044, Loss 2.143585, forward nfe 0, backward nfe 0, Train: 0.5278, Val: 0.5885, Test: 0.5633, Best time: 3.2490
After OOD adjustment: Training instances of last class: 0
After OOD adjustment: Testing instances of last class: 257
Epoch: 006, Runtime 0.932334, Loss 1.978452, forward nfe 0, backward nfe 0, Train: 0.6389, Val: 0.6354, Test: 0.6174, Best time: 3.2490
After OOD adjustment: Training instances of last class: 0
After OOD adjustment: Testing instances of last class: 257
Epoch: 007, Runtime 0.774073, Loss 1.793634, forward nfe 0, backward nfe 0, Train: 0.6389, Val: 0.6354, Test: 0.6174, Best time: 3.2490
After OOD adjustment: Training instances of last class: 0
After OOD adjustment: Testing instances of last class: 257
Epoch: 008, Runtime 0.777848, Loss 1.670947, forward nfe 0, backward nfe 0, Train: 0.6389, Val: 0.6354, Test: 0.6174, Best time: 3.2490
After OOD adjustment: Training instances of last class: 0
After OOD adjustment: Testing instances of last class: 257
Epoch: 009, Runtime 0.774198, Loss 1.673506, forward nfe 0, backward nfe 0, Train: 0.6389, Val: 0.6354, Test: 0.6174, Best time: 3.2490
After OOD adjustment: Training instances of last class: 0
After OOD adjustment: Testing instances of last class: 257
Epoch: 010, Runtime 0.769943, Loss 1.648291, forward nfe 0, backward nfe 0, Train: 0.6389, Val: 0.6354, Test: 0.6174, Best time: 3.2490
After OOD adjustment: Training instances of last class: 0
After OOD adjustment: Testing instances of last class: 257
Epoch: 011, Runtime 0.785985, Loss 1.528221, forward nfe 0, backward nfe 0, Train: 0.6389, Val: 0.6354, Test: 0.6174, Best time: 3.2490
After OOD adjustment: Training instances of last class: 0
After OOD adjustment: Testing instances of last class: 257
Epoch: 012, Runtime 0.777993, Loss 1.452035, forward nfe 0, backward nfe 0, Train: 0.6389, Val: 0.6354, Test: 0.6174, Best time: 3.2490
After OOD adjustment: Training instances of last class: 0
After OOD adjustment: Testing instances of last class: 257
Epoch: 013, Runtime 0.779997, Loss 1.396763, forward nfe 0, backward nfe 0, Train: 0.6389, Val: 0.6354, Test: 0.6174, Best time: 3.2490
After OOD adjustment: Training instances of last class: 0
After OOD adjustment: Testing instances of last class: 257
Epoch: 014, Runtime 0.934997, Loss 1.338791, forward nfe 0, backward nfe 0, Train: 0.7778, Val: 0.7208, Test: 0.6984, Best time: 3.2490
After OOD adjustment: Training instances of last class: 0
After OOD adjustment: Testing instances of last class: 257
Epoch: 015, Runtime 0.924428, Loss 1.283196, forward nfe 0, backward nfe 0, Train: 0.7556, Val: 0.7685, Test: 0.7476, Best time: 3.2490
After OOD adjustment: Training instances of last class: 0
After OOD adjustment: Testing instances of last class: 257
Epoch: 016, Runtime 0.770847, Loss 1.237795, forward nfe 0, backward nfe 0, Train: 0.7556, Val: 0.7685, Test: 0.7476, Best time: 3.2490
After OOD adjustment: Training instances of last class: 0
After OOD adjustment: Testing instances of last class: 257
Epoch: 017, Runtime 0.776452, Loss 1.201378, forward nfe 0, backward nfe 0, Train: 0.7556, Val: 0.7685, Test: 0.7476, Best time: 3.2490
After OOD adjustment: Training instances of last class: 0
After OOD adjustment: Testing instances of last class: 257
Epoch: 018, Runtime 0.770381, Loss 1.155787, forward nfe 0, backward nfe 0, Train: 0.7556, Val: 0.7685, Test: 0.7476, Best time: 3.2490
After OOD adjustment: Training instances of last class: 0
After OOD adjustment: Testing instances of last class: 257
Epoch: 019, Runtime 0.775014, Loss 1.100625, forward nfe 0, backward nfe 0, Train: 0.7556, Val: 0.7685, Test: 0.7476, Best time: 3.2490
After OOD adjustment: Training instances of last class: 0
After OOD adjustment: Testing instances of last class: 257
Epoch: 020, Runtime 0.762372, Loss 1.051168, forward nfe 0, backward nfe 0, Train: 0.7556, Val: 0.7685, Test: 0.7476, Best time: 3.2490
After OOD adjustment: Training instances of last class: 0
After OOD adjustment: Testing instances of last class: 257
Epoch: 021, Runtime 0.779094, Loss 1.012577, forward nfe 0, backward nfe 0, Train: 0.7556, Val: 0.7685, Test: 0.7476, Best time: 3.2490
After OOD adjustment: Training instances of last class: 0
After OOD adjustment: Testing instances of last class: 257
Epoch: 022, Runtime 0.777391, Loss 0.983236, forward nfe 0, backward nfe 0, Train: 0.7556, Val: 0.7685, Test: 0.7476, Best time: 3.2490
After OOD adjustment: Training instances of last class: 0
After OOD adjustment: Testing instances of last class: 257
Epoch: 023, Runtime 0.764390, Loss 0.959855, forward nfe 0, backward nfe 0, Train: 0.7556, Val: 0.7685, Test: 0.7476, Best time: 3.2490
After OOD adjustment: Training instances of last class: 0
After OOD adjustment: Testing instances of last class: 257
Epoch: 024, Runtime 0.789388, Loss 0.933572, forward nfe 0, backward nfe 0, Train: 0.7556, Val: 0.7685, Test: 0.7476, Best time: 3.2490
After OOD adjustment: Training instances of last class: 0
After OOD adjustment: Testing instances of last class: 257
Epoch: 025, Runtime 0.778083, Loss 0.898753, forward nfe 0, backward nfe 0, Train: 0.7556, Val: 0.7685, Test: 0.7476, Best time: 3.2490
After OOD adjustment: Training instances of last class: 0
After OOD adjustment: Testing instances of last class: 257
Epoch: 026, Runtime 0.935799, Loss 0.861915, forward nfe 0, backward nfe 0, Train: 0.8722, Val: 0.7731, Test: 0.7635, Best time: 3.2490
After OOD adjustment: Training instances of last class: 0
After OOD adjustment: Testing instances of last class: 257
Epoch: 027, Runtime 0.936888, Loss 0.830594, forward nfe 0, backward nfe 0, Train: 0.8722, Val: 0.7938, Test: 0.7825, Best time: 3.2490
After OOD adjustment: Training instances of last class: 0
After OOD adjustment: Testing instances of last class: 257
Epoch: 028, Runtime 0.930069, Loss 0.805738, forward nfe 0, backward nfe 0, Train: 0.8722, Val: 0.8108, Test: 0.7930, Best time: 3.2490
After OOD adjustment: Training instances of last class: 0
After OOD adjustment: Testing instances of last class: 257
Epoch: 029, Runtime 0.783102, Loss 0.785212, forward nfe 0, backward nfe 0, Train: 0.8722, Val: 0.8108, Test: 0.7930, Best time: 3.2490
After OOD adjustment: Training instances of last class: 0
After OOD adjustment: Testing instances of last class: 257
Epoch: 030, Runtime 0.773389, Loss 0.766126, forward nfe 0, backward nfe 0, Train: 0.8722, Val: 0.8108, Test: 0.7930, Best time: 3.2490
After OOD adjustment: Training instances of last class: 0
After OOD adjustment: Testing instances of last class: 257
Epoch: 031, Runtime 0.781477, Loss 0.745307, forward nfe 0, backward nfe 0, Train: 0.8722, Val: 0.8108, Test: 0.7930, Best time: 3.2490
After OOD adjustment: Training instances of last class: 0
After OOD adjustment: Testing instances of last class: 257
Epoch: 032, Runtime 0.781881, Loss 0.722161, forward nfe 0, backward nfe 0, Train: 0.8722, Val: 0.8108, Test: 0.7930, Best time: 3.2490
After OOD adjustment: Training instances of last class: 0
After OOD adjustment: Testing instances of last class: 257
Epoch: 033, Runtime 0.772774, Loss 0.699479, forward nfe 0, backward nfe 0, Train: 0.8722, Val: 0.8108, Test: 0.7930, Best time: 3.2490
After OOD adjustment: Training instances of last class: 0
After OOD adjustment: Testing instances of last class: 257
Epoch: 034, Runtime 0.770571, Loss 0.679752, forward nfe 0, backward nfe 0, Train: 0.8722, Val: 0.8108, Test: 0.7930, Best time: 3.2490
After OOD adjustment: Training instances of last class: 0
After OOD adjustment: Testing instances of last class: 257
Epoch: 035, Runtime 0.775276, Loss 0.662632, forward nfe 0, backward nfe 0, Train: 0.8722, Val: 0.8108, Test: 0.7930, Best time: 3.2490
After OOD adjustment: Training instances of last class: 0
After OOD adjustment: Testing instances of last class: 257
Epoch: 036, Runtime 0.779368, Loss 0.646631, forward nfe 0, backward nfe 0, Train: 0.8722, Val: 0.8108, Test: 0.7930, Best time: 3.2490
After OOD adjustment: Training instances of last class: 0
After OOD adjustment: Testing instances of last class: 257
Epoch: 037, Runtime 0.771492, Loss 0.630929, forward nfe 0, backward nfe 0, Train: 0.8722, Val: 0.8108, Test: 0.7930, Best time: 3.2490
After OOD adjustment: Training instances of last class: 0
After OOD adjustment: Testing instances of last class: 257
Epoch: 038, Runtime 0.786929, Loss 0.615311, forward nfe 0, backward nfe 0, Train: 0.8722, Val: 0.8108, Test: 0.7930, Best time: 3.2490
After OOD adjustment: Training instances of last class: 0
After OOD adjustment: Testing instances of last class: 257
Epoch: 039, Runtime 0.784019, Loss 0.600010, forward nfe 0, backward nfe 0, Train: 0.8722, Val: 0.8108, Test: 0.7930, Best time: 3.2490
After OOD adjustment: Training instances of last class: 0
After OOD adjustment: Testing instances of last class: 257
Epoch: 040, Runtime 0.773667, Loss 0.585344, forward nfe 0, backward nfe 0, Train: 0.8722, Val: 0.8108, Test: 0.7930, Best time: 3.2490
After OOD adjustment: Training instances of last class: 0
After OOD adjustment: Testing instances of last class: 257
Epoch: 041, Runtime 0.778937, Loss 0.571493, forward nfe 0, backward nfe 0, Train: 0.8722, Val: 0.8108, Test: 0.7930, Best time: 3.2490
After OOD adjustment: Training instances of last class: 0
After OOD adjustment: Testing instances of last class: 257
Epoch: 042, Runtime 0.778154, Loss 0.558677, forward nfe 0, backward nfe 0, Train: 0.8722, Val: 0.8108, Test: 0.7930, Best time: 3.2490
After OOD adjustment: Training instances of last class: 0
After OOD adjustment: Testing instances of last class: 257
Epoch: 043, Runtime 0.769426, Loss 0.546828, forward nfe 0, backward nfe 0, Train: 0.8722, Val: 0.8108, Test: 0.7930, Best time: 3.2490
After OOD adjustment: Training instances of last class: 0
After OOD adjustment: Testing instances of last class: 257
Epoch: 044, Runtime 0.780926, Loss 0.535451, forward nfe 0, backward nfe 0, Train: 0.8722, Val: 0.8108, Test: 0.7930, Best time: 3.2490
After OOD adjustment: Training instances of last class: 0
After OOD adjustment: Testing instances of last class: 257
Epoch: 045, Runtime 0.782529, Loss 0.524171, forward nfe 0, backward nfe 0, Train: 0.8722, Val: 0.8108, Test: 0.7930, Best time: 3.2490
After OOD adjustment: Training instances of last class: 0
After OOD adjustment: Testing instances of last class: 257
Epoch: 046, Runtime 0.786100, Loss 0.512945, forward nfe 0, backward nfe 0, Train: 0.8722, Val: 0.8108, Test: 0.7930, Best time: 3.2490
After OOD adjustment: Training instances of last class: 0
After OOD adjustment: Testing instances of last class: 257
Epoch: 047, Runtime 0.781242, Loss 0.502023, forward nfe 0, backward nfe 0, Train: 0.8722, Val: 0.8108, Test: 0.7930, Best time: 3.2490
After OOD adjustment: Training instances of last class: 0
After OOD adjustment: Testing instances of last class: 257
Epoch: 048, Runtime 0.777660, Loss 0.491842, forward nfe 0, backward nfe 0, Train: 0.8722, Val: 0.8108, Test: 0.7930, Best time: 3.2490
After OOD adjustment: Training instances of last class: 0
After OOD adjustment: Testing instances of last class: 257
Epoch: 049, Runtime 0.781319, Loss 0.482534, forward nfe 0, backward nfe 0, Train: 0.8722, Val: 0.8108, Test: 0.7930, Best time: 3.2490
After OOD adjustment: Training instances of last class: 0
After OOD adjustment: Testing instances of last class: 257
Epoch: 050, Runtime 0.772271, Loss 0.473812, forward nfe 0, backward nfe 0, Train: 0.8722, Val: 0.8108, Test: 0.7930, Best time: 3.2490
After OOD adjustment: Training instances of last class: 0
After OOD adjustment: Testing instances of last class: 257
Epoch: 051, Runtime 0.768064, Loss 0.465338, forward nfe 0, backward nfe 0, Train: 0.8722, Val: 0.8108, Test: 0.7930, Best time: 3.2490
After OOD adjustment: Training instances of last class: 0
After OOD adjustment: Testing instances of last class: 257
Epoch: 052, Runtime 0.768494, Loss 0.456903, forward nfe 0, backward nfe 0, Train: 0.8722, Val: 0.8108, Test: 0.7930, Best time: 3.2490
After OOD adjustment: Training instances of last class: 0
After OOD adjustment: Testing instances of last class: 257
Epoch: 053, Runtime 0.782474, Loss 0.448536, forward nfe 0, backward nfe 0, Train: 0.8722, Val: 0.8108, Test: 0.7930, Best time: 3.2490
After OOD adjustment: Training instances of last class: 0
After OOD adjustment: Testing instances of last class: 257
Epoch: 054, Runtime 0.791401, Loss 0.440455, forward nfe 0, backward nfe 0, Train: 0.8722, Val: 0.8108, Test: 0.7930, Best time: 3.2490
After OOD adjustment: Training instances of last class: 0
After OOD adjustment: Testing instances of last class: 257
Epoch: 055, Runtime 0.774002, Loss 0.432789, forward nfe 0, backward nfe 0, Train: 0.8722, Val: 0.8108, Test: 0.7930, Best time: 3.2490
After OOD adjustment: Training instances of last class: 0
After OOD adjustment: Testing instances of last class: 257
Epoch: 056, Runtime 0.777855, Loss 0.425555, forward nfe 0, backward nfe 0, Train: 0.8722, Val: 0.8108, Test: 0.7930, Best time: 3.2490
After OOD adjustment: Training instances of last class: 0
After OOD adjustment: Testing instances of last class: 257
Epoch: 057, Runtime 0.776587, Loss 0.418675, forward nfe 0, backward nfe 0, Train: 0.8722, Val: 0.8108, Test: 0.7930, Best time: 3.2490
After OOD adjustment: Training instances of last class: 0
After OOD adjustment: Testing instances of last class: 257
Epoch: 058, Runtime 0.774643, Loss 0.412012, forward nfe 0, backward nfe 0, Train: 0.8722, Val: 0.8108, Test: 0.7930, Best time: 3.2490
After OOD adjustment: Training instances of last class: 0
After OOD adjustment: Testing instances of last class: 257
Epoch: 059, Runtime 0.778575, Loss 0.405524, forward nfe 0, backward nfe 0, Train: 0.8722, Val: 0.8108, Test: 0.7930, Best time: 3.2490
After OOD adjustment: Training instances of last class: 0
After OOD adjustment: Testing instances of last class: 257
Epoch: 060, Runtime 0.771985, Loss 0.399227, forward nfe 0, backward nfe 0, Train: 0.8722, Val: 0.8108, Test: 0.7930, Best time: 3.2490
After OOD adjustment: Training instances of last class: 0
After OOD adjustment: Testing instances of last class: 257
Epoch: 061, Runtime 0.768320, Loss 0.393127, forward nfe 0, backward nfe 0, Train: 0.8722, Val: 0.8108, Test: 0.7930, Best time: 3.2490
After OOD adjustment: Training instances of last class: 0
After OOD adjustment: Testing instances of last class: 257
Epoch: 062, Runtime 0.779721, Loss 0.387233, forward nfe 0, backward nfe 0, Train: 0.8722, Val: 0.8108, Test: 0.7930, Best time: 3.2490
After OOD adjustment: Training instances of last class: 0
After OOD adjustment: Testing instances of last class: 257
Epoch: 063, Runtime 0.775005, Loss 0.381514, forward nfe 0, backward nfe 0, Train: 0.8722, Val: 0.8108, Test: 0.7930, Best time: 3.2490
After OOD adjustment: Training instances of last class: 0
After OOD adjustment: Testing instances of last class: 257
Epoch: 064, Runtime 0.785755, Loss 0.375966, forward nfe 0, backward nfe 0, Train: 0.8722, Val: 0.8108, Test: 0.7930, Best time: 3.2490
After OOD adjustment: Training instances of last class: 0
After OOD adjustment: Testing instances of last class: 257
Epoch: 065, Runtime 0.773046, Loss 0.370611, forward nfe 0, backward nfe 0, Train: 0.8722, Val: 0.8108, Test: 0.7930, Best time: 3.2490
After OOD adjustment: Training instances of last class: 0
After OOD adjustment: Testing instances of last class: 257
Epoch: 066, Runtime 0.755531, Loss 0.365443, forward nfe 0, backward nfe 0, Train: 0.8722, Val: 0.8108, Test: 0.7930, Best time: 3.2490
After OOD adjustment: Training instances of last class: 0
After OOD adjustment: Testing instances of last class: 257
Epoch: 067, Runtime 0.767787, Loss 0.360444, forward nfe 0, backward nfe 0, Train: 0.8722, Val: 0.8108, Test: 0.7930, Best time: 3.2490
After OOD adjustment: Training instances of last class: 0
After OOD adjustment: Testing instances of last class: 257
Epoch: 068, Runtime 0.772522, Loss 0.355578, forward nfe 0, backward nfe 0, Train: 0.8722, Val: 0.8108, Test: 0.7930, Best time: 3.2490
After OOD adjustment: Training instances of last class: 0
After OOD adjustment: Testing instances of last class: 257
Epoch: 069, Runtime 0.762736, Loss 0.350828, forward nfe 0, backward nfe 0, Train: 0.8722, Val: 0.8108, Test: 0.7930, Best time: 3.2490
After OOD adjustment: Training instances of last class: 0
After OOD adjustment: Testing instances of last class: 257
Epoch: 070, Runtime 0.769172, Loss 0.346213, forward nfe 0, backward nfe 0, Train: 0.8722, Val: 0.8108, Test: 0.7930, Best time: 3.2490
After OOD adjustment: Training instances of last class: 0
After OOD adjustment: Testing instances of last class: 257
Epoch: 071, Runtime 0.779296, Loss 0.341740, forward nfe 0, backward nfe 0, Train: 0.8722, Val: 0.8108, Test: 0.7930, Best time: 3.2490
After OOD adjustment: Training instances of last class: 0
After OOD adjustment: Testing instances of last class: 257
Epoch: 072, Runtime 0.772203, Loss 0.337405, forward nfe 0, backward nfe 0, Train: 0.8722, Val: 0.8108, Test: 0.7930, Best time: 3.2490
After OOD adjustment: Training instances of last class: 0
After OOD adjustment: Testing instances of last class: 257
Epoch: 073, Runtime 0.777901, Loss 0.333189, forward nfe 0, backward nfe 0, Train: 0.8722, Val: 0.8108, Test: 0.7930, Best time: 3.2490
After OOD adjustment: Training instances of last class: 0
After OOD adjustment: Testing instances of last class: 257
Epoch: 074, Runtime 0.779851, Loss 0.329072, forward nfe 0, backward nfe 0, Train: 0.8722, Val: 0.8108, Test: 0.7930, Best time: 3.2490
After OOD adjustment: Training instances of last class: 0
After OOD adjustment: Testing instances of last class: 257
Epoch: 075, Runtime 0.772109, Loss 0.325054, forward nfe 0, backward nfe 0, Train: 0.8722, Val: 0.8108, Test: 0.7930, Best time: 3.2490
After OOD adjustment: Training instances of last class: 0
After OOD adjustment: Testing instances of last class: 257
Epoch: 076, Runtime 0.765169, Loss 0.321134, forward nfe 0, backward nfe 0, Train: 0.8722, Val: 0.8108, Test: 0.7930, Best time: 3.2490
After OOD adjustment: Training instances of last class: 0
After OOD adjustment: Testing instances of last class: 257
Epoch: 077, Runtime 0.770817, Loss 0.317314, forward nfe 0, backward nfe 0, Train: 0.8722, Val: 0.8108, Test: 0.7930, Best time: 3.2490
After OOD adjustment: Training instances of last class: 0
After OOD adjustment: Testing instances of last class: 257
Epoch: 078, Runtime 0.765991, Loss 0.313594, forward nfe 0, backward nfe 0, Train: 0.8722, Val: 0.8108, Test: 0.7930, Best time: 3.2490
After OOD adjustment: Training instances of last class: 0
After OOD adjustment: Testing instances of last class: 257
Epoch: 079, Runtime 0.782028, Loss 0.309966, forward nfe 0, backward nfe 0, Train: 0.8722, Val: 0.8108, Test: 0.7930, Best time: 3.2490
After OOD adjustment: Training instances of last class: 0
After OOD adjustment: Testing instances of last class: 257
Epoch: 080, Runtime 0.785736, Loss 0.306429, forward nfe 0, backward nfe 0, Train: 0.8722, Val: 0.8108, Test: 0.7930, Best time: 3.2490
After OOD adjustment: Training instances of last class: 0
After OOD adjustment: Testing instances of last class: 257
Epoch: 081, Runtime 0.770904, Loss 0.302974, forward nfe 0, backward nfe 0, Train: 0.8722, Val: 0.8108, Test: 0.7930, Best time: 3.2490
After OOD adjustment: Training instances of last class: 0
After OOD adjustment: Testing instances of last class: 257
Epoch: 082, Runtime 0.769703, Loss 0.299597, forward nfe 0, backward nfe 0, Train: 0.8722, Val: 0.8108, Test: 0.7930, Best time: 3.2490
After OOD adjustment: Training instances of last class: 0
After OOD adjustment: Testing instances of last class: 257
Epoch: 083, Runtime 0.768359, Loss 0.296297, forward nfe 0, backward nfe 0, Train: 0.8722, Val: 0.8108, Test: 0.7930, Best time: 3.2490
After OOD adjustment: Training instances of last class: 0
After OOD adjustment: Testing instances of last class: 257
Epoch: 084, Runtime 0.783479, Loss 0.293071, forward nfe 0, backward nfe 0, Train: 0.8722, Val: 0.8108, Test: 0.7930, Best time: 3.2490
After OOD adjustment: Training instances of last class: 0
After OOD adjustment: Testing instances of last class: 257
Epoch: 085, Runtime 0.779360, Loss 0.289917, forward nfe 0, backward nfe 0, Train: 0.8722, Val: 0.8108, Test: 0.7930, Best time: 3.2490
After OOD adjustment: Training instances of last class: 0
After OOD adjustment: Testing instances of last class: 257
Epoch: 086, Runtime 0.768805, Loss 0.286830, forward nfe 0, backward nfe 0, Train: 0.8722, Val: 0.8108, Test: 0.7930, Best time: 3.2490
After OOD adjustment: Training instances of last class: 0
After OOD adjustment: Testing instances of last class: 257
Epoch: 087, Runtime 0.782647, Loss 0.283806, forward nfe 0, backward nfe 0, Train: 0.8722, Val: 0.8108, Test: 0.7930, Best time: 3.2490
After OOD adjustment: Training instances of last class: 0
After OOD adjustment: Testing instances of last class: 257
Epoch: 088, Runtime 0.765003, Loss 0.280843, forward nfe 0, backward nfe 0, Train: 0.8722, Val: 0.8108, Test: 0.7930, Best time: 3.2490
After OOD adjustment: Training instances of last class: 0
After OOD adjustment: Testing instances of last class: 257
Epoch: 089, Runtime 0.764991, Loss 0.277943, forward nfe 0, backward nfe 0, Train: 0.8722, Val: 0.8108, Test: 0.7930, Best time: 3.2490
After OOD adjustment: Training instances of last class: 0
After OOD adjustment: Testing instances of last class: 257
Epoch: 090, Runtime 0.782933, Loss 0.275106, forward nfe 0, backward nfe 0, Train: 0.8722, Val: 0.8108, Test: 0.7930, Best time: 3.2490
After OOD adjustment: Training instances of last class: 0
After OOD adjustment: Testing instances of last class: 257
Epoch: 091, Runtime 0.787767, Loss 0.272328, forward nfe 0, backward nfe 0, Train: 0.8722, Val: 0.8108, Test: 0.7930, Best time: 3.2490
After OOD adjustment: Training instances of last class: 0
After OOD adjustment: Testing instances of last class: 257
Epoch: 092, Runtime 0.772396, Loss 0.269606, forward nfe 0, backward nfe 0, Train: 0.8722, Val: 0.8108, Test: 0.7930, Best time: 3.2490
After OOD adjustment: Training instances of last class: 0
After OOD adjustment: Testing instances of last class: 257
Epoch: 093, Runtime 0.779388, Loss 0.266935, forward nfe 0, backward nfe 0, Train: 0.8722, Val: 0.8108, Test: 0.7930, Best time: 3.2490
After OOD adjustment: Training instances of last class: 0
After OOD adjustment: Testing instances of last class: 257
Epoch: 094, Runtime 0.778983, Loss 0.264313, forward nfe 0, backward nfe 0, Train: 0.8722, Val: 0.8108, Test: 0.7930, Best time: 3.2490
After OOD adjustment: Training instances of last class: 0
After OOD adjustment: Testing instances of last class: 257
Epoch: 095, Runtime 0.762463, Loss 0.261741, forward nfe 0, backward nfe 0, Train: 0.8722, Val: 0.8108, Test: 0.7930, Best time: 3.2490
After OOD adjustment: Training instances of last class: 0
After OOD adjustment: Testing instances of last class: 257
Epoch: 096, Runtime 0.779789, Loss 0.259217, forward nfe 0, backward nfe 0, Train: 0.8722, Val: 0.8108, Test: 0.7930, Best time: 3.2490
After OOD adjustment: Training instances of last class: 0
After OOD adjustment: Testing instances of last class: 257
Epoch: 097, Runtime 0.766016, Loss 0.256740, forward nfe 0, backward nfe 0, Train: 0.8722, Val: 0.8108, Test: 0.7930, Best time: 3.2490
After OOD adjustment: Training instances of last class: 0
After OOD adjustment: Testing instances of last class: 257
Epoch: 098, Runtime 0.782237, Loss 0.254309, forward nfe 0, backward nfe 0, Train: 0.8722, Val: 0.8108, Test: 0.7930, Best time: 3.2490
After OOD adjustment: Training instances of last class: 0
After OOD adjustment: Testing instances of last class: 257
Epoch: 099, Runtime 0.761388, Loss 0.251922, forward nfe 0, backward nfe 0, Train: 0.8722, Val: 0.8108, Test: 0.7930, Best time: 3.2490
best val accuracy 0.810769 with test accuracy 0.793031 at epoch 28 and best time 3.249016
base_directory resutls_prob/OOD_Computers
new_name:  gnn_ODD
file_path 1 resutls_prob/OOD_Computers/gnn_ODD_prediction_probabilities_85.npz
file_path 2 resutls_prob/OOD_Computers/gnn_ODD_prediction_probabilities_85.npz
Entropy Threshold: inf Test accuracy: 0.7930308896557529
Entropy Threshold: 2 Test accuracy: 0.8452784768574242
Entropy Threshold: 1.6 Test accuracy: 0.8871569703622393
Entropy Threshold: 1.5 Test accuracy: 0.8925512587594082
Entropy Threshold: 1.4 Test accuracy: 0.8975774302361239
Entropy Threshold: 1.3 Test accuracy: 0.9021818181818182
Entropy Threshold: 1.2 Test accuracy: 0.902224281742354
Entropy Threshold: 1.1 Test accuracy: 0.911619283065513
Entropy Threshold: 0.9 Test accuracy: 0.9341383095499451
Entropy Threshold: 0.8 Test accuracy: 0.9521044992743106
Entropy Threshold: 0.7 Test accuracy: 0.9565217391304348
Entropy Threshold: 0.6 Test accuracy: 0.9573934837092731
Entropy Threshold: 0.5 Test accuracy: 0.9518900343642611
Entropy Threshold: 0.4 Test accuracy: 0.9744897959183674
Entropy Threshold: 0.3 Test accuracy: 0.9629629629629629
Entropy Threshold: 0.2 Test accuracy: 0.9411764705882353
Entropy Threshold: 0.1 Test accuracy: 0.9285714285714286
