[KeOps] Warning : cuda was detected, but driver API could not be initialized. Switching to cpu only.
Folder already exists: results/cora
experiment: 0
Dataset size (num_nodes): 2485, Intended development set size (num_development): 1500
Dataset size (num_nodes): 2485, Actual development set size (num_development): 1500
rations: train 140, val 1360, test 985
Before OOD adjustment: Total instances of last class: 131
Before OOD adjustment: Training instances of last class: 20
Before OOD adjustment: Testing instances of last class: 55
Before OOD adjustment: Val instances of last class: 56
total train + val+ test 131
After OOD adjustment: Training instances of last class: 0
After OOD adjustment: Testing instances of last class: 55
Total number of classes: 7
number of classes to train: 6
Dataset size (num_nodes): 2485, Intended development set size (num_development): 1500
Dataset size (num_nodes): 2485, Actual development set size (num_development): 1500
rations: train 140, val 1360, test 985
within set_train_val_test_split function!
Before OOD adjustment: Total instances of last class: 131
Before OOD adjustment: Training instances of last class: 20
Before OOD adjustment: Testing instances of last class: 50
Before OOD adjustment: Val instances of last class: 61
total train + val+ test 131
After OOD adjustment: Training instances of last class: 0
After OOD adjustment: Testing instances of last class: 50
MyGCN2(
  (conv1): GCNConv(1433, 80)
  (conv4): GCNConv(80, 6)
)
conv1.bias
torch.Size([80])
conv1.lin.weight
torch.Size([80, 1433])
conv4.bias
torch.Size([6])
conv4.lin.weight
torch.Size([6, 80])
After OOD adjustment: Training instances of last class: 0
After OOD adjustment: Testing instances of last class: 50
Epoch: 001, Runtime 0.042949, Loss 1.795552, forward nfe 0, backward nfe 0, Train: 0.3833, Val: 0.2243, Test: 0.2203, Best time: 18.2948
After OOD adjustment: Training instances of last class: 0
After OOD adjustment: Testing instances of last class: 50
Epoch: 002, Runtime 0.148387, Loss 1.736830, forward nfe 0, backward nfe 0, Train: 0.6667, Val: 0.3787, Test: 0.3838, Best time: 18.2948
After OOD adjustment: Training instances of last class: 0
After OOD adjustment: Testing instances of last class: 50
Epoch: 003, Runtime 0.136823, Loss 1.679358, forward nfe 0, backward nfe 0, Train: 0.8000, Val: 0.4919, Test: 0.5056, Best time: 18.2948
After OOD adjustment: Training instances of last class: 0
After OOD adjustment: Testing instances of last class: 50
Epoch: 004, Runtime 0.137874, Loss 1.623061, forward nfe 0, backward nfe 0, Train: 0.8583, Val: 0.5809, Test: 0.5959, Best time: 18.2948
After OOD adjustment: Training instances of last class: 0
After OOD adjustment: Testing instances of last class: 50
Epoch: 005, Runtime 0.138962, Loss 1.567880, forward nfe 0, backward nfe 0, Train: 0.9083, Val: 0.6279, Test: 0.6386, Best time: 18.2948
After OOD adjustment: Training instances of last class: 0
After OOD adjustment: Testing instances of last class: 50
Epoch: 006, Runtime 0.137225, Loss 1.513780, forward nfe 0, backward nfe 0, Train: 0.9417, Val: 0.6625, Test: 0.6731, Best time: 18.2948
After OOD adjustment: Training instances of last class: 0
After OOD adjustment: Testing instances of last class: 50
Epoch: 007, Runtime 0.137257, Loss 1.460744, forward nfe 0, backward nfe 0, Train: 0.9583, Val: 0.6794, Test: 0.6934, Best time: 18.2948
After OOD adjustment: Training instances of last class: 0
After OOD adjustment: Testing instances of last class: 50
Epoch: 008, Runtime 0.137608, Loss 1.408768, forward nfe 0, backward nfe 0, Train: 0.9500, Val: 0.6912, Test: 0.7066, Best time: 18.2948
After OOD adjustment: Training instances of last class: 0
After OOD adjustment: Testing instances of last class: 50
Epoch: 009, Runtime 0.139148, Loss 1.357855, forward nfe 0, backward nfe 0, Train: 0.9583, Val: 0.7015, Test: 0.7157, Best time: 18.2948
After OOD adjustment: Training instances of last class: 0
After OOD adjustment: Testing instances of last class: 50
Epoch: 010, Runtime 0.134624, Loss 1.308018, forward nfe 0, backward nfe 0, Train: 0.9583, Val: 0.7110, Test: 0.7228, Best time: 18.2948
After OOD adjustment: Training instances of last class: 0
After OOD adjustment: Testing instances of last class: 50
Epoch: 011, Runtime 0.137559, Loss 1.259275, forward nfe 0, backward nfe 0, Train: 0.9583, Val: 0.7154, Test: 0.7340, Best time: 18.2948
After OOD adjustment: Training instances of last class: 0
After OOD adjustment: Testing instances of last class: 50
Epoch: 012, Runtime 0.138456, Loss 1.211645, forward nfe 0, backward nfe 0, Train: 0.9583, Val: 0.7228, Test: 0.7371, Best time: 18.2948
After OOD adjustment: Training instances of last class: 0
After OOD adjustment: Testing instances of last class: 50
Epoch: 013, Runtime 0.137935, Loss 1.165149, forward nfe 0, backward nfe 0, Train: 0.9583, Val: 0.7309, Test: 0.7391, Best time: 18.2948
After OOD adjustment: Training instances of last class: 0
After OOD adjustment: Testing instances of last class: 50
Epoch: 014, Runtime 0.137290, Loss 1.119809, forward nfe 0, backward nfe 0, Train: 0.9667, Val: 0.7382, Test: 0.7442, Best time: 18.2948
After OOD adjustment: Training instances of last class: 0
After OOD adjustment: Testing instances of last class: 50
Epoch: 015, Runtime 0.138233, Loss 1.075647, forward nfe 0, backward nfe 0, Train: 0.9833, Val: 0.7449, Test: 0.7452, Best time: 18.2948
After OOD adjustment: Training instances of last class: 0
After OOD adjustment: Testing instances of last class: 50
Epoch: 016, Runtime 0.137499, Loss 1.032684, forward nfe 0, backward nfe 0, Train: 0.9833, Val: 0.7471, Test: 0.7523, Best time: 18.2948
After OOD adjustment: Training instances of last class: 0
After OOD adjustment: Testing instances of last class: 50
Epoch: 017, Runtime 0.138922, Loss 0.990938, forward nfe 0, backward nfe 0, Train: 0.9833, Val: 0.7522, Test: 0.7543, Best time: 18.2948
After OOD adjustment: Training instances of last class: 0
After OOD adjustment: Testing instances of last class: 50
Epoch: 018, Runtime 0.136911, Loss 0.950425, forward nfe 0, backward nfe 0, Train: 0.9833, Val: 0.7544, Test: 0.7563, Best time: 18.2948
After OOD adjustment: Training instances of last class: 0
After OOD adjustment: Testing instances of last class: 50
Epoch: 019, Runtime 0.138775, Loss 0.911158, forward nfe 0, backward nfe 0, Train: 0.9833, Val: 0.7632, Test: 0.7594, Best time: 18.2948
After OOD adjustment: Training instances of last class: 0
After OOD adjustment: Testing instances of last class: 50
Epoch: 020, Runtime 0.136755, Loss 0.873145, forward nfe 0, backward nfe 0, Train: 0.9833, Val: 0.7662, Test: 0.7645, Best time: 18.2948
After OOD adjustment: Training instances of last class: 0
After OOD adjustment: Testing instances of last class: 50
Epoch: 021, Runtime 0.029483, Loss 0.836392, forward nfe 0, backward nfe 0, Train: 0.9833, Val: 0.7662, Test: 0.7645, Best time: 18.2948
After OOD adjustment: Training instances of last class: 0
After OOD adjustment: Testing instances of last class: 50
Epoch: 022, Runtime 0.137379, Loss 0.800898, forward nfe 0, backward nfe 0, Train: 0.9833, Val: 0.7691, Test: 0.7685, Best time: 18.2948
After OOD adjustment: Training instances of last class: 0
After OOD adjustment: Testing instances of last class: 50
Epoch: 023, Runtime 0.138941, Loss 0.766659, forward nfe 0, backward nfe 0, Train: 0.9833, Val: 0.7713, Test: 0.7675, Best time: 18.2948
After OOD adjustment: Training instances of last class: 0
After OOD adjustment: Testing instances of last class: 50
Epoch: 024, Runtime 0.030660, Loss 0.733666, forward nfe 0, backward nfe 0, Train: 0.9833, Val: 0.7713, Test: 0.7675, Best time: 18.2948
After OOD adjustment: Training instances of last class: 0
After OOD adjustment: Testing instances of last class: 50
Epoch: 025, Runtime 0.028306, Loss 0.701905, forward nfe 0, backward nfe 0, Train: 0.9833, Val: 0.7713, Test: 0.7675, Best time: 18.2948
After OOD adjustment: Training instances of last class: 0
After OOD adjustment: Testing instances of last class: 50
Epoch: 026, Runtime 0.029403, Loss 0.671361, forward nfe 0, backward nfe 0, Train: 0.9833, Val: 0.7713, Test: 0.7675, Best time: 18.2948
After OOD adjustment: Training instances of last class: 0
After OOD adjustment: Testing instances of last class: 50
Epoch: 027, Runtime 0.029294, Loss 0.642013, forward nfe 0, backward nfe 0, Train: 0.9833, Val: 0.7713, Test: 0.7675, Best time: 18.2948
After OOD adjustment: Training instances of last class: 0
After OOD adjustment: Testing instances of last class: 50
Epoch: 028, Runtime 0.028012, Loss 0.613841, forward nfe 0, backward nfe 0, Train: 0.9833, Val: 0.7713, Test: 0.7675, Best time: 18.2948
After OOD adjustment: Training instances of last class: 0
After OOD adjustment: Testing instances of last class: 50
Epoch: 029, Runtime 0.136507, Loss 0.586820, forward nfe 0, backward nfe 0, Train: 0.9833, Val: 0.7721, Test: 0.7624, Best time: 18.2948
After OOD adjustment: Training instances of last class: 0
After OOD adjustment: Testing instances of last class: 50
Epoch: 030, Runtime 0.030421, Loss 0.560923, forward nfe 0, backward nfe 0, Train: 0.9833, Val: 0.7721, Test: 0.7624, Best time: 18.2948
After OOD adjustment: Training instances of last class: 0
After OOD adjustment: Testing instances of last class: 50
Epoch: 031, Runtime 0.027765, Loss 0.536124, forward nfe 0, backward nfe 0, Train: 0.9833, Val: 0.7721, Test: 0.7624, Best time: 18.2948
After OOD adjustment: Training instances of last class: 0
After OOD adjustment: Testing instances of last class: 50
Epoch: 032, Runtime 0.137267, Loss 0.512394, forward nfe 0, backward nfe 0, Train: 0.9833, Val: 0.7728, Test: 0.7614, Best time: 18.2948
After OOD adjustment: Training instances of last class: 0
After OOD adjustment: Testing instances of last class: 50
Epoch: 033, Runtime 0.030518, Loss 0.489703, forward nfe 0, backward nfe 0, Train: 0.9833, Val: 0.7728, Test: 0.7614, Best time: 18.2948
After OOD adjustment: Training instances of last class: 0
After OOD adjustment: Testing instances of last class: 50
Epoch: 034, Runtime 0.135762, Loss 0.468022, forward nfe 0, backward nfe 0, Train: 0.9833, Val: 0.7743, Test: 0.7604, Best time: 18.2948
After OOD adjustment: Training instances of last class: 0
After OOD adjustment: Testing instances of last class: 50
Epoch: 035, Runtime 0.028164, Loss 0.447320, forward nfe 0, backward nfe 0, Train: 0.9833, Val: 0.7743, Test: 0.7604, Best time: 18.2948
After OOD adjustment: Training instances of last class: 0
After OOD adjustment: Testing instances of last class: 50
Epoch: 036, Runtime 0.029766, Loss 0.427566, forward nfe 0, backward nfe 0, Train: 0.9833, Val: 0.7743, Test: 0.7604, Best time: 18.2948
After OOD adjustment: Training instances of last class: 0
After OOD adjustment: Testing instances of last class: 50
Epoch: 037, Runtime 0.135943, Loss 0.408728, forward nfe 0, backward nfe 0, Train: 0.9833, Val: 0.7757, Test: 0.7614, Best time: 18.2948
After OOD adjustment: Training instances of last class: 0
After OOD adjustment: Testing instances of last class: 50
Epoch: 038, Runtime 0.028949, Loss 0.390775, forward nfe 0, backward nfe 0, Train: 0.9833, Val: 0.7757, Test: 0.7614, Best time: 18.2948
After OOD adjustment: Training instances of last class: 0
After OOD adjustment: Testing instances of last class: 50
Epoch: 039, Runtime 0.030081, Loss 0.373674, forward nfe 0, backward nfe 0, Train: 0.9833, Val: 0.7757, Test: 0.7614, Best time: 18.2948
After OOD adjustment: Training instances of last class: 0
After OOD adjustment: Testing instances of last class: 50
Epoch: 040, Runtime 0.029815, Loss 0.357394, forward nfe 0, backward nfe 0, Train: 0.9833, Val: 0.7757, Test: 0.7614, Best time: 18.2948
After OOD adjustment: Training instances of last class: 0
After OOD adjustment: Testing instances of last class: 50
Epoch: 041, Runtime 0.028052, Loss 0.341902, forward nfe 0, backward nfe 0, Train: 0.9833, Val: 0.7757, Test: 0.7614, Best time: 18.2948
After OOD adjustment: Training instances of last class: 0
After OOD adjustment: Testing instances of last class: 50
Epoch: 042, Runtime 0.029879, Loss 0.327168, forward nfe 0, backward nfe 0, Train: 0.9833, Val: 0.7757, Test: 0.7614, Best time: 18.2948
After OOD adjustment: Training instances of last class: 0
After OOD adjustment: Testing instances of last class: 50
Epoch: 043, Runtime 0.028192, Loss 0.313158, forward nfe 0, backward nfe 0, Train: 0.9833, Val: 0.7757, Test: 0.7614, Best time: 18.2948
After OOD adjustment: Training instances of last class: 0
After OOD adjustment: Testing instances of last class: 50
Epoch: 044, Runtime 0.028491, Loss 0.299843, forward nfe 0, backward nfe 0, Train: 0.9833, Val: 0.7757, Test: 0.7614, Best time: 18.2948
After OOD adjustment: Training instances of last class: 0
After OOD adjustment: Testing instances of last class: 50
Epoch: 045, Runtime 0.028936, Loss 0.287191, forward nfe 0, backward nfe 0, Train: 0.9833, Val: 0.7757, Test: 0.7614, Best time: 18.2948
After OOD adjustment: Training instances of last class: 0
After OOD adjustment: Testing instances of last class: 50
Epoch: 046, Runtime 0.030035, Loss 0.275172, forward nfe 0, backward nfe 0, Train: 0.9833, Val: 0.7757, Test: 0.7614, Best time: 18.2948
After OOD adjustment: Training instances of last class: 0
After OOD adjustment: Testing instances of last class: 50
Epoch: 047, Runtime 0.031053, Loss 0.263758, forward nfe 0, backward nfe 0, Train: 0.9833, Val: 0.7757, Test: 0.7614, Best time: 18.2948
After OOD adjustment: Training instances of last class: 0
After OOD adjustment: Testing instances of last class: 50
Epoch: 048, Runtime 0.030276, Loss 0.252918, forward nfe 0, backward nfe 0, Train: 0.9833, Val: 0.7757, Test: 0.7614, Best time: 18.2948
After OOD adjustment: Training instances of last class: 0
After OOD adjustment: Testing instances of last class: 50
Epoch: 049, Runtime 0.027975, Loss 0.242627, forward nfe 0, backward nfe 0, Train: 0.9833, Val: 0.7757, Test: 0.7614, Best time: 18.2948
After OOD adjustment: Training instances of last class: 0
After OOD adjustment: Testing instances of last class: 50
Epoch: 050, Runtime 0.028320, Loss 0.232856, forward nfe 0, backward nfe 0, Train: 0.9833, Val: 0.7757, Test: 0.7614, Best time: 18.2948
After OOD adjustment: Training instances of last class: 0
After OOD adjustment: Testing instances of last class: 50
Epoch: 051, Runtime 0.029197, Loss 0.223580, forward nfe 0, backward nfe 0, Train: 0.9833, Val: 0.7757, Test: 0.7614, Best time: 18.2948
After OOD adjustment: Training instances of last class: 0
After OOD adjustment: Testing instances of last class: 50
Epoch: 052, Runtime 0.026958, Loss 0.214774, forward nfe 0, backward nfe 0, Train: 0.9833, Val: 0.7757, Test: 0.7614, Best time: 18.2948
After OOD adjustment: Training instances of last class: 0
After OOD adjustment: Testing instances of last class: 50
Epoch: 053, Runtime 0.030603, Loss 0.206414, forward nfe 0, backward nfe 0, Train: 0.9833, Val: 0.7757, Test: 0.7614, Best time: 18.2948
After OOD adjustment: Training instances of last class: 0
After OOD adjustment: Testing instances of last class: 50
Epoch: 054, Runtime 0.030595, Loss 0.198477, forward nfe 0, backward nfe 0, Train: 0.9833, Val: 0.7757, Test: 0.7614, Best time: 18.2948
After OOD adjustment: Training instances of last class: 0
After OOD adjustment: Testing instances of last class: 50
Epoch: 055, Runtime 0.028245, Loss 0.190940, forward nfe 0, backward nfe 0, Train: 0.9833, Val: 0.7757, Test: 0.7614, Best time: 18.2948
After OOD adjustment: Training instances of last class: 0
After OOD adjustment: Testing instances of last class: 50
Epoch: 056, Runtime 0.028150, Loss 0.183783, forward nfe 0, backward nfe 0, Train: 0.9833, Val: 0.7757, Test: 0.7614, Best time: 18.2948
After OOD adjustment: Training instances of last class: 0
After OOD adjustment: Testing instances of last class: 50
Epoch: 057, Runtime 0.029194, Loss 0.176984, forward nfe 0, backward nfe 0, Train: 0.9833, Val: 0.7757, Test: 0.7614, Best time: 18.2948
After OOD adjustment: Training instances of last class: 0
After OOD adjustment: Testing instances of last class: 50
Epoch: 058, Runtime 0.032206, Loss 0.170526, forward nfe 0, backward nfe 0, Train: 0.9833, Val: 0.7757, Test: 0.7614, Best time: 18.2948
After OOD adjustment: Training instances of last class: 0
After OOD adjustment: Testing instances of last class: 50
Epoch: 059, Runtime 0.028689, Loss 0.164389, forward nfe 0, backward nfe 0, Train: 0.9833, Val: 0.7757, Test: 0.7614, Best time: 18.2948
After OOD adjustment: Training instances of last class: 0
After OOD adjustment: Testing instances of last class: 50
Epoch: 060, Runtime 0.030428, Loss 0.158555, forward nfe 0, backward nfe 0, Train: 0.9833, Val: 0.7757, Test: 0.7614, Best time: 18.2948
After OOD adjustment: Training instances of last class: 0
After OOD adjustment: Testing instances of last class: 50
Epoch: 061, Runtime 0.029690, Loss 0.153008, forward nfe 0, backward nfe 0, Train: 0.9833, Val: 0.7757, Test: 0.7614, Best time: 18.2948
After OOD adjustment: Training instances of last class: 0
After OOD adjustment: Testing instances of last class: 50
Epoch: 062, Runtime 0.028343, Loss 0.147732, forward nfe 0, backward nfe 0, Train: 0.9833, Val: 0.7757, Test: 0.7614, Best time: 18.2948
After OOD adjustment: Training instances of last class: 0
After OOD adjustment: Testing instances of last class: 50
Epoch: 063, Runtime 0.029346, Loss 0.142713, forward nfe 0, backward nfe 0, Train: 0.9833, Val: 0.7757, Test: 0.7614, Best time: 18.2948
After OOD adjustment: Training instances of last class: 0
After OOD adjustment: Testing instances of last class: 50
Epoch: 064, Runtime 0.028085, Loss 0.137934, forward nfe 0, backward nfe 0, Train: 0.9833, Val: 0.7757, Test: 0.7614, Best time: 18.2948
After OOD adjustment: Training instances of last class: 0
After OOD adjustment: Testing instances of last class: 50
Epoch: 065, Runtime 0.029245, Loss 0.133384, forward nfe 0, backward nfe 0, Train: 0.9833, Val: 0.7757, Test: 0.7614, Best time: 18.2948
After OOD adjustment: Training instances of last class: 0
After OOD adjustment: Testing instances of last class: 50
Epoch: 066, Runtime 0.029686, Loss 0.129049, forward nfe 0, backward nfe 0, Train: 0.9833, Val: 0.7757, Test: 0.7614, Best time: 18.2948
After OOD adjustment: Training instances of last class: 0
After OOD adjustment: Testing instances of last class: 50
Epoch: 067, Runtime 0.028869, Loss 0.124917, forward nfe 0, backward nfe 0, Train: 0.9833, Val: 0.7757, Test: 0.7614, Best time: 18.2948
After OOD adjustment: Training instances of last class: 0
After OOD adjustment: Testing instances of last class: 50
Epoch: 068, Runtime 0.030459, Loss 0.120977, forward nfe 0, backward nfe 0, Train: 0.9833, Val: 0.7757, Test: 0.7614, Best time: 18.2948
After OOD adjustment: Training instances of last class: 0
After OOD adjustment: Testing instances of last class: 50
Epoch: 069, Runtime 0.031224, Loss 0.117217, forward nfe 0, backward nfe 0, Train: 0.9833, Val: 0.7757, Test: 0.7614, Best time: 18.2948
After OOD adjustment: Training instances of last class: 0
After OOD adjustment: Testing instances of last class: 50
Epoch: 070, Runtime 0.028285, Loss 0.113629, forward nfe 0, backward nfe 0, Train: 0.9833, Val: 0.7757, Test: 0.7614, Best time: 18.2948
After OOD adjustment: Training instances of last class: 0
After OOD adjustment: Testing instances of last class: 50
Epoch: 071, Runtime 0.028754, Loss 0.110201, forward nfe 0, backward nfe 0, Train: 0.9833, Val: 0.7757, Test: 0.7614, Best time: 18.2948
After OOD adjustment: Training instances of last class: 0
After OOD adjustment: Testing instances of last class: 50
Epoch: 072, Runtime 0.029404, Loss 0.106926, forward nfe 0, backward nfe 0, Train: 0.9833, Val: 0.7757, Test: 0.7614, Best time: 18.2948
After OOD adjustment: Training instances of last class: 0
After OOD adjustment: Testing instances of last class: 50
Epoch: 073, Runtime 0.029301, Loss 0.103794, forward nfe 0, backward nfe 0, Train: 0.9833, Val: 0.7757, Test: 0.7614, Best time: 18.2948
After OOD adjustment: Training instances of last class: 0
After OOD adjustment: Testing instances of last class: 50
Epoch: 074, Runtime 0.030316, Loss 0.100798, forward nfe 0, backward nfe 0, Train: 0.9833, Val: 0.7757, Test: 0.7614, Best time: 18.2948
After OOD adjustment: Training instances of last class: 0
After OOD adjustment: Testing instances of last class: 50
Epoch: 075, Runtime 0.030045, Loss 0.097930, forward nfe 0, backward nfe 0, Train: 0.9833, Val: 0.7757, Test: 0.7614, Best time: 18.2948
After OOD adjustment: Training instances of last class: 0
After OOD adjustment: Testing instances of last class: 50
Epoch: 076, Runtime 0.029725, Loss 0.095184, forward nfe 0, backward nfe 0, Train: 0.9833, Val: 0.7757, Test: 0.7614, Best time: 18.2948
After OOD adjustment: Training instances of last class: 0
After OOD adjustment: Testing instances of last class: 50
Epoch: 077, Runtime 0.030159, Loss 0.092552, forward nfe 0, backward nfe 0, Train: 0.9833, Val: 0.7757, Test: 0.7614, Best time: 18.2948
After OOD adjustment: Training instances of last class: 0
After OOD adjustment: Testing instances of last class: 50
Epoch: 078, Runtime 0.029509, Loss 0.090029, forward nfe 0, backward nfe 0, Train: 0.9833, Val: 0.7757, Test: 0.7614, Best time: 18.2948
After OOD adjustment: Training instances of last class: 0
After OOD adjustment: Testing instances of last class: 50
Epoch: 079, Runtime 0.029965, Loss 0.087609, forward nfe 0, backward nfe 0, Train: 0.9833, Val: 0.7757, Test: 0.7614, Best time: 18.2948
After OOD adjustment: Training instances of last class: 0
After OOD adjustment: Testing instances of last class: 50
Epoch: 080, Runtime 0.030571, Loss 0.085286, forward nfe 0, backward nfe 0, Train: 0.9833, Val: 0.7757, Test: 0.7614, Best time: 18.2948
After OOD adjustment: Training instances of last class: 0
After OOD adjustment: Testing instances of last class: 50
Epoch: 081, Runtime 0.029935, Loss 0.083055, forward nfe 0, backward nfe 0, Train: 0.9833, Val: 0.7757, Test: 0.7614, Best time: 18.2948
After OOD adjustment: Training instances of last class: 0
After OOD adjustment: Testing instances of last class: 50
Epoch: 082, Runtime 0.030214, Loss 0.080912, forward nfe 0, backward nfe 0, Train: 0.9833, Val: 0.7757, Test: 0.7614, Best time: 18.2948
After OOD adjustment: Training instances of last class: 0
After OOD adjustment: Testing instances of last class: 50
Epoch: 083, Runtime 0.030375, Loss 0.078852, forward nfe 0, backward nfe 0, Train: 0.9833, Val: 0.7757, Test: 0.7614, Best time: 18.2948
After OOD adjustment: Training instances of last class: 0
After OOD adjustment: Testing instances of last class: 50
Epoch: 084, Runtime 0.029705, Loss 0.076871, forward nfe 0, backward nfe 0, Train: 0.9833, Val: 0.7757, Test: 0.7614, Best time: 18.2948
After OOD adjustment: Training instances of last class: 0
After OOD adjustment: Testing instances of last class: 50
Epoch: 085, Runtime 0.030539, Loss 0.074964, forward nfe 0, backward nfe 0, Train: 0.9833, Val: 0.7757, Test: 0.7614, Best time: 18.2948
After OOD adjustment: Training instances of last class: 0
After OOD adjustment: Testing instances of last class: 50
Epoch: 086, Runtime 0.029802, Loss 0.073129, forward nfe 0, backward nfe 0, Train: 0.9833, Val: 0.7757, Test: 0.7614, Best time: 18.2948
After OOD adjustment: Training instances of last class: 0
After OOD adjustment: Testing instances of last class: 50
Epoch: 087, Runtime 0.028750, Loss 0.071361, forward nfe 0, backward nfe 0, Train: 0.9833, Val: 0.7757, Test: 0.7614, Best time: 18.2948
After OOD adjustment: Training instances of last class: 0
After OOD adjustment: Testing instances of last class: 50
Epoch: 088, Runtime 0.029842, Loss 0.069658, forward nfe 0, backward nfe 0, Train: 0.9833, Val: 0.7757, Test: 0.7614, Best time: 18.2948
After OOD adjustment: Training instances of last class: 0
After OOD adjustment: Testing instances of last class: 50
Epoch: 089, Runtime 0.028150, Loss 0.068016, forward nfe 0, backward nfe 0, Train: 0.9833, Val: 0.7757, Test: 0.7614, Best time: 18.2948
After OOD adjustment: Training instances of last class: 0
After OOD adjustment: Testing instances of last class: 50
Epoch: 090, Runtime 0.029692, Loss 0.066432, forward nfe 0, backward nfe 0, Train: 0.9833, Val: 0.7757, Test: 0.7614, Best time: 18.2948
After OOD adjustment: Training instances of last class: 0
After OOD adjustment: Testing instances of last class: 50
Epoch: 091, Runtime 0.028928, Loss 0.064904, forward nfe 0, backward nfe 0, Train: 0.9833, Val: 0.7757, Test: 0.7614, Best time: 18.2948
After OOD adjustment: Training instances of last class: 0
After OOD adjustment: Testing instances of last class: 50
Epoch: 092, Runtime 0.029626, Loss 0.063429, forward nfe 0, backward nfe 0, Train: 0.9833, Val: 0.7757, Test: 0.7614, Best time: 18.2948
After OOD adjustment: Training instances of last class: 0
After OOD adjustment: Testing instances of last class: 50
Epoch: 093, Runtime 0.029600, Loss 0.062005, forward nfe 0, backward nfe 0, Train: 0.9833, Val: 0.7757, Test: 0.7614, Best time: 18.2948
After OOD adjustment: Training instances of last class: 0
After OOD adjustment: Testing instances of last class: 50
Epoch: 094, Runtime 0.028399, Loss 0.060629, forward nfe 0, backward nfe 0, Train: 0.9833, Val: 0.7757, Test: 0.7614, Best time: 18.2948
After OOD adjustment: Training instances of last class: 0
After OOD adjustment: Testing instances of last class: 50
Epoch: 095, Runtime 0.029065, Loss 0.059299, forward nfe 0, backward nfe 0, Train: 0.9833, Val: 0.7757, Test: 0.7614, Best time: 18.2948
After OOD adjustment: Training instances of last class: 0
After OOD adjustment: Testing instances of last class: 50
Epoch: 096, Runtime 0.029207, Loss 0.058013, forward nfe 0, backward nfe 0, Train: 0.9833, Val: 0.7757, Test: 0.7614, Best time: 18.2948
After OOD adjustment: Training instances of last class: 0
After OOD adjustment: Testing instances of last class: 50
Epoch: 097, Runtime 0.027619, Loss 0.056769, forward nfe 0, backward nfe 0, Train: 0.9833, Val: 0.7757, Test: 0.7614, Best time: 18.2948
After OOD adjustment: Training instances of last class: 0
After OOD adjustment: Testing instances of last class: 50
Epoch: 098, Runtime 0.030134, Loss 0.055566, forward nfe 0, backward nfe 0, Train: 0.9833, Val: 0.7757, Test: 0.7614, Best time: 18.2948
After OOD adjustment: Training instances of last class: 0
After OOD adjustment: Testing instances of last class: 50
Epoch: 099, Runtime 0.030118, Loss 0.054401, forward nfe 0, backward nfe 0, Train: 0.9833, Val: 0.7757, Test: 0.7614, Best time: 18.2948
best val accuracy 0.775735 with test accuracy 0.761421 at epoch 37 and best time 18.294754
base_directory resutls_prob/OOD_Cora
new_name:  gnn_ODD
file_path 1 resutls_prob/OOD_Cora/gnn_ODD_prediction_probabilities_40.npz
file_path 2 resutls_prob/OOD_Cora/gnn_ODD_prediction_probabilities_40.npz
Entropy Threshold: inf Test accuracy: 0.7614213197969543
Entropy Threshold: 2 Test accuracy: 0.7614213197969543
Entropy Threshold: 1.6 Test accuracy: 0.8545176110260337
Entropy Threshold: 1.5 Test accuracy: 0.9218106995884774
Entropy Threshold: 1.4 Test accuracy: 0.9573333333333334
Entropy Threshold: 1.3 Test accuracy: 0.9719298245614035
Entropy Threshold: 1.2 Test accuracy: 0.9777777777777777
Entropy Threshold: 1.1 Test accuracy: 0.9826589595375722
Entropy Threshold: 0.9 Test accuracy: 0.9906542056074766
Entropy Threshold: 0.8 Test accuracy: 0.9876543209876543
Entropy Threshold: 0.7 Test accuracy: 0.9824561403508771
Entropy Threshold: 0.6 Test accuracy: 1.0
Entropy Threshold: 0.5 Test accuracy: 1.0
Entropy Threshold: 0.4 Test accuracy: 1.0
Entropy Threshold: 0.3 Test accuracy: 1.0
Entropy Threshold: 0.2 Test accuracy: 1.0
Entropy Threshold: 0.1 Test accuracy: 1.0
