[KeOps] Warning : cuda was detected, but driver API could not be initialized. Switching to cpu only.
Folder already exists: results/cora
experiment: 0
Dataset size (num_nodes): 2485, Intended development set size (num_development): 1500
Dataset size (num_nodes): 2485, Actual development set size (num_development): 1500
rations: train 140, val 1360, test 985
Before OOD adjustment: Total instances of last class: 131
Before OOD adjustment: Training instances of last class: 20
Before OOD adjustment: Testing instances of last class: 55
Before OOD adjustment: Val instances of last class: 56
total train + val+ test 131
After OOD adjustment: Training instances of last class: 0
After OOD adjustment: Testing instances of last class: 55
Total number of classes: 7
number of classes to train: 6
Dataset size (num_nodes): 2485, Intended development set size (num_development): 1500
Dataset size (num_nodes): 2485, Actual development set size (num_development): 1500
rations: train 140, val 1360, test 985
within set_train_val_test_split function!
Before OOD adjustment: Total instances of last class: 131
Before OOD adjustment: Training instances of last class: 20
Before OOD adjustment: Testing instances of last class: 56
Before OOD adjustment: Val instances of last class: 55
total train + val+ test 131
After OOD adjustment: Training instances of last class: 0
After OOD adjustment: Testing instances of last class: 56
BayesianGCN(
  (bayes_conv1): BayesianGCNConv(1433, 64)
  (bayes_conv3): BayesianGCNConv(64, 6)
)
bayes_conv1.mu_weight
torch.Size([64, 1433])
bayes_conv1.rho_weight
torch.Size([64, 1433])
bayes_conv1.mu_bias
torch.Size([64])
bayes_conv1.rho_bias
torch.Size([64])
bayes_conv3.mu_weight
torch.Size([6, 64])
bayes_conv3.rho_weight
torch.Size([6, 64])
bayes_conv3.mu_bias
torch.Size([6])
bayes_conv3.rho_bias
torch.Size([6])
After OOD adjustment: Training instances of last class: 0
After OOD adjustment: Testing instances of last class: 56
Epoch: 001, Runtime 0.040764, Loss 1.890414, forward nfe 0, backward nfe 0, Train: 0.1500, Val: 0.1750, Test: 0.1492, Best time: 18.2948
After OOD adjustment: Training instances of last class: 0
After OOD adjustment: Testing instances of last class: 56
Epoch: 002, Runtime 0.027782, Loss 1.901954, forward nfe 0, backward nfe 0, Train: 0.1500, Val: 0.1750, Test: 0.1492, Best time: 18.2948
After OOD adjustment: Training instances of last class: 0
After OOD adjustment: Testing instances of last class: 56
Epoch: 003, Runtime 0.025829, Loss 1.866970, forward nfe 0, backward nfe 0, Train: 0.1500, Val: 0.1750, Test: 0.1492, Best time: 18.2948
After OOD adjustment: Training instances of last class: 0
After OOD adjustment: Testing instances of last class: 56
Epoch: 004, Runtime 0.160034, Loss 1.993047, forward nfe 0, backward nfe 0, Train: 0.1917, Val: 0.2809, Test: 0.2680, Best time: 18.2948
After OOD adjustment: Training instances of last class: 0
After OOD adjustment: Testing instances of last class: 56
Epoch: 005, Runtime 0.028494, Loss 1.853799, forward nfe 0, backward nfe 0, Train: 0.1917, Val: 0.2809, Test: 0.2680, Best time: 18.2948
After OOD adjustment: Training instances of last class: 0
After OOD adjustment: Testing instances of last class: 56
Epoch: 006, Runtime 0.026422, Loss 1.756360, forward nfe 0, backward nfe 0, Train: 0.1917, Val: 0.2809, Test: 0.2680, Best time: 18.2948
After OOD adjustment: Training instances of last class: 0
After OOD adjustment: Testing instances of last class: 56
Epoch: 007, Runtime 0.146329, Loss 1.764341, forward nfe 0, backward nfe 0, Train: 0.2500, Val: 0.3184, Test: 0.2934, Best time: 18.2948
After OOD adjustment: Training instances of last class: 0
After OOD adjustment: Testing instances of last class: 56
Epoch: 008, Runtime 0.028868, Loss 1.764999, forward nfe 0, backward nfe 0, Train: 0.2500, Val: 0.3184, Test: 0.2934, Best time: 18.2948
After OOD adjustment: Training instances of last class: 0
After OOD adjustment: Testing instances of last class: 56
Epoch: 009, Runtime 0.146672, Loss 1.728245, forward nfe 0, backward nfe 0, Train: 0.4000, Val: 0.3199, Test: 0.2964, Best time: 18.2948
After OOD adjustment: Training instances of last class: 0
After OOD adjustment: Testing instances of last class: 56
Epoch: 010, Runtime 0.029058, Loss 1.716403, forward nfe 0, backward nfe 0, Train: 0.4000, Val: 0.3199, Test: 0.2964, Best time: 18.2948
After OOD adjustment: Training instances of last class: 0
After OOD adjustment: Testing instances of last class: 56
Epoch: 011, Runtime 0.025969, Loss 1.735930, forward nfe 0, backward nfe 0, Train: 0.4000, Val: 0.3199, Test: 0.2964, Best time: 18.2948
After OOD adjustment: Training instances of last class: 0
After OOD adjustment: Testing instances of last class: 56
Epoch: 012, Runtime 0.026860, Loss 1.702087, forward nfe 0, backward nfe 0, Train: 0.4000, Val: 0.3199, Test: 0.2964, Best time: 18.2948
After OOD adjustment: Training instances of last class: 0
After OOD adjustment: Testing instances of last class: 56
Epoch: 013, Runtime 0.026020, Loss 1.681370, forward nfe 0, backward nfe 0, Train: 0.4000, Val: 0.3199, Test: 0.2964, Best time: 18.2948
After OOD adjustment: Training instances of last class: 0
After OOD adjustment: Testing instances of last class: 56
Epoch: 014, Runtime 0.025826, Loss 1.739503, forward nfe 0, backward nfe 0, Train: 0.4000, Val: 0.3199, Test: 0.2964, Best time: 18.2948
After OOD adjustment: Training instances of last class: 0
After OOD adjustment: Testing instances of last class: 56
Epoch: 015, Runtime 0.025871, Loss 1.673896, forward nfe 0, backward nfe 0, Train: 0.4000, Val: 0.3199, Test: 0.2964, Best time: 18.2948
After OOD adjustment: Training instances of last class: 0
After OOD adjustment: Testing instances of last class: 56
Epoch: 016, Runtime 0.025795, Loss 1.651641, forward nfe 0, backward nfe 0, Train: 0.4000, Val: 0.3199, Test: 0.2964, Best time: 18.2948
After OOD adjustment: Training instances of last class: 0
After OOD adjustment: Testing instances of last class: 56
Epoch: 017, Runtime 0.025802, Loss 1.644007, forward nfe 0, backward nfe 0, Train: 0.4000, Val: 0.3199, Test: 0.2964, Best time: 18.2948
After OOD adjustment: Training instances of last class: 0
After OOD adjustment: Testing instances of last class: 56
Epoch: 018, Runtime 0.025826, Loss 1.615199, forward nfe 0, backward nfe 0, Train: 0.4000, Val: 0.3199, Test: 0.2964, Best time: 18.2948
After OOD adjustment: Training instances of last class: 0
After OOD adjustment: Testing instances of last class: 56
Epoch: 019, Runtime 0.025689, Loss 1.611245, forward nfe 0, backward nfe 0, Train: 0.4000, Val: 0.3199, Test: 0.2964, Best time: 18.2948
After OOD adjustment: Training instances of last class: 0
After OOD adjustment: Testing instances of last class: 56
Epoch: 020, Runtime 0.025661, Loss 1.679474, forward nfe 0, backward nfe 0, Train: 0.4000, Val: 0.3199, Test: 0.2964, Best time: 18.2948
After OOD adjustment: Training instances of last class: 0
After OOD adjustment: Testing instances of last class: 56
Epoch: 021, Runtime 0.147300, Loss 1.590794, forward nfe 0, backward nfe 0, Train: 0.6750, Val: 0.4294, Test: 0.3990, Best time: 18.2948
After OOD adjustment: Training instances of last class: 0
After OOD adjustment: Testing instances of last class: 56
Epoch: 022, Runtime 0.028990, Loss 1.614886, forward nfe 0, backward nfe 0, Train: 0.6750, Val: 0.4294, Test: 0.3990, Best time: 18.2948
After OOD adjustment: Training instances of last class: 0
After OOD adjustment: Testing instances of last class: 56
Epoch: 023, Runtime 0.025957, Loss 1.558871, forward nfe 0, backward nfe 0, Train: 0.6750, Val: 0.4294, Test: 0.3990, Best time: 18.2948
After OOD adjustment: Training instances of last class: 0
After OOD adjustment: Testing instances of last class: 56
Epoch: 024, Runtime 0.146709, Loss 1.524359, forward nfe 0, backward nfe 0, Train: 0.7750, Val: 0.5353, Test: 0.4863, Best time: 18.2948
After OOD adjustment: Training instances of last class: 0
After OOD adjustment: Testing instances of last class: 56
Epoch: 025, Runtime 0.029265, Loss 1.571652, forward nfe 0, backward nfe 0, Train: 0.7750, Val: 0.5353, Test: 0.4863, Best time: 18.2948
After OOD adjustment: Training instances of last class: 0
After OOD adjustment: Testing instances of last class: 56
Epoch: 026, Runtime 0.026063, Loss 1.526571, forward nfe 0, backward nfe 0, Train: 0.7750, Val: 0.5353, Test: 0.4863, Best time: 18.2948
After OOD adjustment: Training instances of last class: 0
After OOD adjustment: Testing instances of last class: 56
Epoch: 027, Runtime 0.025992, Loss 1.530635, forward nfe 0, backward nfe 0, Train: 0.7750, Val: 0.5353, Test: 0.4863, Best time: 18.2948
After OOD adjustment: Training instances of last class: 0
After OOD adjustment: Testing instances of last class: 56
Epoch: 028, Runtime 0.146815, Loss 1.515947, forward nfe 0, backward nfe 0, Train: 0.7667, Val: 0.5632, Test: 0.5503, Best time: 18.2948
After OOD adjustment: Training instances of last class: 0
After OOD adjustment: Testing instances of last class: 56
Epoch: 029, Runtime 0.028651, Loss 1.484514, forward nfe 0, backward nfe 0, Train: 0.7667, Val: 0.5632, Test: 0.5503, Best time: 18.2948
After OOD adjustment: Training instances of last class: 0
After OOD adjustment: Testing instances of last class: 56
Epoch: 030, Runtime 0.025908, Loss 1.601547, forward nfe 0, backward nfe 0, Train: 0.7667, Val: 0.5632, Test: 0.5503, Best time: 18.2948
After OOD adjustment: Training instances of last class: 0
After OOD adjustment: Testing instances of last class: 56
Epoch: 031, Runtime 0.025649, Loss 1.448625, forward nfe 0, backward nfe 0, Train: 0.7667, Val: 0.5632, Test: 0.5503, Best time: 18.2948
After OOD adjustment: Training instances of last class: 0
After OOD adjustment: Testing instances of last class: 56
Epoch: 032, Runtime 0.025721, Loss 1.428288, forward nfe 0, backward nfe 0, Train: 0.7667, Val: 0.5632, Test: 0.5503, Best time: 18.2948
After OOD adjustment: Training instances of last class: 0
After OOD adjustment: Testing instances of last class: 56
Epoch: 033, Runtime 0.026079, Loss 1.434809, forward nfe 0, backward nfe 0, Train: 0.7667, Val: 0.5632, Test: 0.5503, Best time: 18.2948
After OOD adjustment: Training instances of last class: 0
After OOD adjustment: Testing instances of last class: 56
Epoch: 034, Runtime 0.025888, Loss 1.431275, forward nfe 0, backward nfe 0, Train: 0.7667, Val: 0.5632, Test: 0.5503, Best time: 18.2948
After OOD adjustment: Training instances of last class: 0
After OOD adjustment: Testing instances of last class: 56
Epoch: 035, Runtime 0.147382, Loss 1.439027, forward nfe 0, backward nfe 0, Train: 0.7167, Val: 0.5809, Test: 0.5563, Best time: 18.2948
After OOD adjustment: Training instances of last class: 0
After OOD adjustment: Testing instances of last class: 56
Epoch: 036, Runtime 0.029294, Loss 1.423127, forward nfe 0, backward nfe 0, Train: 0.7167, Val: 0.5809, Test: 0.5563, Best time: 18.2948
After OOD adjustment: Training instances of last class: 0
After OOD adjustment: Testing instances of last class: 56
Epoch: 037, Runtime 0.026302, Loss 1.415321, forward nfe 0, backward nfe 0, Train: 0.7167, Val: 0.5809, Test: 0.5563, Best time: 18.2948
After OOD adjustment: Training instances of last class: 0
After OOD adjustment: Testing instances of last class: 56
Epoch: 038, Runtime 0.025953, Loss 1.404439, forward nfe 0, backward nfe 0, Train: 0.7167, Val: 0.5809, Test: 0.5563, Best time: 18.2948
After OOD adjustment: Training instances of last class: 0
After OOD adjustment: Testing instances of last class: 56
Epoch: 039, Runtime 0.025844, Loss 1.368616, forward nfe 0, backward nfe 0, Train: 0.7167, Val: 0.5809, Test: 0.5563, Best time: 18.2948
After OOD adjustment: Training instances of last class: 0
After OOD adjustment: Testing instances of last class: 56
Epoch: 040, Runtime 0.145501, Loss 1.340369, forward nfe 0, backward nfe 0, Train: 0.8500, Val: 0.6485, Test: 0.6213, Best time: 18.2948
After OOD adjustment: Training instances of last class: 0
After OOD adjustment: Testing instances of last class: 56
Epoch: 041, Runtime 0.028228, Loss 1.409070, forward nfe 0, backward nfe 0, Train: 0.8500, Val: 0.6485, Test: 0.6213, Best time: 18.2948
After OOD adjustment: Training instances of last class: 0
After OOD adjustment: Testing instances of last class: 56
Epoch: 042, Runtime 0.025420, Loss 1.399988, forward nfe 0, backward nfe 0, Train: 0.8500, Val: 0.6485, Test: 0.6213, Best time: 18.2948
After OOD adjustment: Training instances of last class: 0
After OOD adjustment: Testing instances of last class: 56
Epoch: 043, Runtime 0.025272, Loss 1.365835, forward nfe 0, backward nfe 0, Train: 0.8500, Val: 0.6485, Test: 0.6213, Best time: 18.2948
After OOD adjustment: Training instances of last class: 0
After OOD adjustment: Testing instances of last class: 56
Epoch: 044, Runtime 0.025153, Loss 1.336352, forward nfe 0, backward nfe 0, Train: 0.8500, Val: 0.6485, Test: 0.6213, Best time: 18.2948
After OOD adjustment: Training instances of last class: 0
After OOD adjustment: Testing instances of last class: 56
Epoch: 045, Runtime 0.025185, Loss 1.308829, forward nfe 0, backward nfe 0, Train: 0.8500, Val: 0.6485, Test: 0.6213, Best time: 18.2948
After OOD adjustment: Training instances of last class: 0
After OOD adjustment: Testing instances of last class: 56
Epoch: 046, Runtime 0.025187, Loss 1.301235, forward nfe 0, backward nfe 0, Train: 0.8500, Val: 0.6485, Test: 0.6213, Best time: 18.2948
After OOD adjustment: Training instances of last class: 0
After OOD adjustment: Testing instances of last class: 56
Epoch: 047, Runtime 0.025272, Loss 1.274828, forward nfe 0, backward nfe 0, Train: 0.8500, Val: 0.6485, Test: 0.6213, Best time: 18.2948
After OOD adjustment: Training instances of last class: 0
After OOD adjustment: Testing instances of last class: 56
Epoch: 048, Runtime 0.025120, Loss 1.264635, forward nfe 0, backward nfe 0, Train: 0.8500, Val: 0.6485, Test: 0.6213, Best time: 18.2948
After OOD adjustment: Training instances of last class: 0
After OOD adjustment: Testing instances of last class: 56
Epoch: 049, Runtime 0.025185, Loss 1.300488, forward nfe 0, backward nfe 0, Train: 0.8500, Val: 0.6485, Test: 0.6213, Best time: 18.2948
After OOD adjustment: Training instances of last class: 0
After OOD adjustment: Testing instances of last class: 56
Epoch: 050, Runtime 0.025073, Loss 1.215024, forward nfe 0, backward nfe 0, Train: 0.8500, Val: 0.6485, Test: 0.6213, Best time: 18.2948
After OOD adjustment: Training instances of last class: 0
After OOD adjustment: Testing instances of last class: 56
Epoch: 051, Runtime 0.144331, Loss 1.308271, forward nfe 0, backward nfe 0, Train: 0.8833, Val: 0.6632, Test: 0.6284, Best time: 18.2948
After OOD adjustment: Training instances of last class: 0
After OOD adjustment: Testing instances of last class: 56
Epoch: 052, Runtime 0.028762, Loss 1.221944, forward nfe 0, backward nfe 0, Train: 0.8833, Val: 0.6632, Test: 0.6284, Best time: 18.2948
After OOD adjustment: Training instances of last class: 0
After OOD adjustment: Testing instances of last class: 56
Epoch: 053, Runtime 0.026036, Loss 1.243974, forward nfe 0, backward nfe 0, Train: 0.8833, Val: 0.6632, Test: 0.6284, Best time: 18.2948
After OOD adjustment: Training instances of last class: 0
After OOD adjustment: Testing instances of last class: 56
Epoch: 054, Runtime 0.025824, Loss 1.211339, forward nfe 0, backward nfe 0, Train: 0.8833, Val: 0.6632, Test: 0.6284, Best time: 18.2948
After OOD adjustment: Training instances of last class: 0
After OOD adjustment: Testing instances of last class: 56
Epoch: 055, Runtime 0.025956, Loss 1.174081, forward nfe 0, backward nfe 0, Train: 0.8833, Val: 0.6632, Test: 0.6284, Best time: 18.2948
After OOD adjustment: Training instances of last class: 0
After OOD adjustment: Testing instances of last class: 56
Epoch: 056, Runtime 0.025834, Loss 1.174309, forward nfe 0, backward nfe 0, Train: 0.8833, Val: 0.6632, Test: 0.6284, Best time: 18.2948
After OOD adjustment: Training instances of last class: 0
After OOD adjustment: Testing instances of last class: 56
Epoch: 057, Runtime 0.025824, Loss 1.229554, forward nfe 0, backward nfe 0, Train: 0.8833, Val: 0.6632, Test: 0.6284, Best time: 18.2948
After OOD adjustment: Training instances of last class: 0
After OOD adjustment: Testing instances of last class: 56
Epoch: 058, Runtime 0.025845, Loss 1.142981, forward nfe 0, backward nfe 0, Train: 0.8833, Val: 0.6632, Test: 0.6284, Best time: 18.2948
After OOD adjustment: Training instances of last class: 0
After OOD adjustment: Testing instances of last class: 56
Epoch: 059, Runtime 0.025889, Loss 1.118275, forward nfe 0, backward nfe 0, Train: 0.8833, Val: 0.6632, Test: 0.6284, Best time: 18.2948
After OOD adjustment: Training instances of last class: 0
After OOD adjustment: Testing instances of last class: 56
Epoch: 060, Runtime 0.146461, Loss 1.097037, forward nfe 0, backward nfe 0, Train: 0.8417, Val: 0.6654, Test: 0.6193, Best time: 18.2948
After OOD adjustment: Training instances of last class: 0
After OOD adjustment: Testing instances of last class: 56
Epoch: 061, Runtime 0.028949, Loss 1.105133, forward nfe 0, backward nfe 0, Train: 0.8417, Val: 0.6654, Test: 0.6193, Best time: 18.2948
After OOD adjustment: Training instances of last class: 0
After OOD adjustment: Testing instances of last class: 56
Epoch: 062, Runtime 0.025681, Loss 1.071487, forward nfe 0, backward nfe 0, Train: 0.8417, Val: 0.6654, Test: 0.6193, Best time: 18.2948
After OOD adjustment: Training instances of last class: 0
After OOD adjustment: Testing instances of last class: 56
Epoch: 063, Runtime 0.026095, Loss 1.096772, forward nfe 0, backward nfe 0, Train: 0.8417, Val: 0.6654, Test: 0.6193, Best time: 18.2948
After OOD adjustment: Training instances of last class: 0
After OOD adjustment: Testing instances of last class: 56
Epoch: 064, Runtime 0.025811, Loss 1.072645, forward nfe 0, backward nfe 0, Train: 0.8417, Val: 0.6654, Test: 0.6193, Best time: 18.2948
After OOD adjustment: Training instances of last class: 0
After OOD adjustment: Testing instances of last class: 56
Epoch: 065, Runtime 0.025793, Loss 1.049963, forward nfe 0, backward nfe 0, Train: 0.8417, Val: 0.6654, Test: 0.6193, Best time: 18.2948
After OOD adjustment: Training instances of last class: 0
After OOD adjustment: Testing instances of last class: 56
Epoch: 066, Runtime 0.025269, Loss 1.025118, forward nfe 0, backward nfe 0, Train: 0.8417, Val: 0.6654, Test: 0.6193, Best time: 18.2948
After OOD adjustment: Training instances of last class: 0
After OOD adjustment: Testing instances of last class: 56
Epoch: 067, Runtime 0.146476, Loss 1.008740, forward nfe 0, backward nfe 0, Train: 0.9333, Val: 0.6669, Test: 0.6660, Best time: 18.2948
After OOD adjustment: Training instances of last class: 0
After OOD adjustment: Testing instances of last class: 56
Epoch: 068, Runtime 0.146588, Loss 1.018484, forward nfe 0, backward nfe 0, Train: 0.9250, Val: 0.6890, Test: 0.6640, Best time: 18.2948
After OOD adjustment: Training instances of last class: 0
After OOD adjustment: Testing instances of last class: 56
Epoch: 069, Runtime 0.146270, Loss 1.013921, forward nfe 0, backward nfe 0, Train: 0.9083, Val: 0.7449, Test: 0.7208, Best time: 18.2948
After OOD adjustment: Training instances of last class: 0
After OOD adjustment: Testing instances of last class: 56
Epoch: 070, Runtime 0.029232, Loss 1.059462, forward nfe 0, backward nfe 0, Train: 0.9083, Val: 0.7449, Test: 0.7208, Best time: 18.2948
After OOD adjustment: Training instances of last class: 0
After OOD adjustment: Testing instances of last class: 56
Epoch: 071, Runtime 0.025481, Loss 0.986607, forward nfe 0, backward nfe 0, Train: 0.9083, Val: 0.7449, Test: 0.7208, Best time: 18.2948
After OOD adjustment: Training instances of last class: 0
After OOD adjustment: Testing instances of last class: 56
Epoch: 072, Runtime 0.025176, Loss 0.986691, forward nfe 0, backward nfe 0, Train: 0.9083, Val: 0.7449, Test: 0.7208, Best time: 18.2948
After OOD adjustment: Training instances of last class: 0
After OOD adjustment: Testing instances of last class: 56
Epoch: 073, Runtime 0.025229, Loss 0.961367, forward nfe 0, backward nfe 0, Train: 0.9083, Val: 0.7449, Test: 0.7208, Best time: 18.2948
After OOD adjustment: Training instances of last class: 0
After OOD adjustment: Testing instances of last class: 56
Epoch: 074, Runtime 0.145050, Loss 0.889819, forward nfe 0, backward nfe 0, Train: 0.9333, Val: 0.7640, Test: 0.7513, Best time: 18.2948
After OOD adjustment: Training instances of last class: 0
After OOD adjustment: Testing instances of last class: 56
Epoch: 075, Runtime 0.029089, Loss 0.971785, forward nfe 0, backward nfe 0, Train: 0.9333, Val: 0.7640, Test: 0.7513, Best time: 18.2948
After OOD adjustment: Training instances of last class: 0
After OOD adjustment: Testing instances of last class: 56
Epoch: 076, Runtime 0.025991, Loss 0.917799, forward nfe 0, backward nfe 0, Train: 0.9333, Val: 0.7640, Test: 0.7513, Best time: 18.2948
After OOD adjustment: Training instances of last class: 0
After OOD adjustment: Testing instances of last class: 56
Epoch: 077, Runtime 0.025779, Loss 0.918206, forward nfe 0, backward nfe 0, Train: 0.9333, Val: 0.7640, Test: 0.7513, Best time: 18.2948
After OOD adjustment: Training instances of last class: 0
After OOD adjustment: Testing instances of last class: 56
Epoch: 078, Runtime 0.025946, Loss 0.920600, forward nfe 0, backward nfe 0, Train: 0.9333, Val: 0.7640, Test: 0.7513, Best time: 18.2948
After OOD adjustment: Training instances of last class: 0
After OOD adjustment: Testing instances of last class: 56
Epoch: 079, Runtime 0.026162, Loss 0.888069, forward nfe 0, backward nfe 0, Train: 0.9333, Val: 0.7640, Test: 0.7513, Best time: 18.2948
After OOD adjustment: Training instances of last class: 0
After OOD adjustment: Testing instances of last class: 56
Epoch: 080, Runtime 0.025827, Loss 0.870118, forward nfe 0, backward nfe 0, Train: 0.9333, Val: 0.7640, Test: 0.7513, Best time: 18.2948
After OOD adjustment: Training instances of last class: 0
After OOD adjustment: Testing instances of last class: 56
Epoch: 081, Runtime 0.025670, Loss 0.862042, forward nfe 0, backward nfe 0, Train: 0.9333, Val: 0.7640, Test: 0.7513, Best time: 18.2948
After OOD adjustment: Training instances of last class: 0
After OOD adjustment: Testing instances of last class: 56
Epoch: 082, Runtime 0.025708, Loss 0.814246, forward nfe 0, backward nfe 0, Train: 0.9333, Val: 0.7640, Test: 0.7513, Best time: 18.2948
After OOD adjustment: Training instances of last class: 0
After OOD adjustment: Testing instances of last class: 56
Epoch: 083, Runtime 0.025712, Loss 0.825693, forward nfe 0, backward nfe 0, Train: 0.9333, Val: 0.7640, Test: 0.7513, Best time: 18.2948
After OOD adjustment: Training instances of last class: 0
After OOD adjustment: Testing instances of last class: 56
Epoch: 084, Runtime 0.025678, Loss 0.815772, forward nfe 0, backward nfe 0, Train: 0.9333, Val: 0.7640, Test: 0.7513, Best time: 18.2948
After OOD adjustment: Training instances of last class: 0
After OOD adjustment: Testing instances of last class: 56
Epoch: 085, Runtime 0.025730, Loss 0.805282, forward nfe 0, backward nfe 0, Train: 0.9333, Val: 0.7640, Test: 0.7513, Best time: 18.2948
After OOD adjustment: Training instances of last class: 0
After OOD adjustment: Testing instances of last class: 56
Epoch: 086, Runtime 0.025688, Loss 0.859207, forward nfe 0, backward nfe 0, Train: 0.9333, Val: 0.7640, Test: 0.7513, Best time: 18.2948
After OOD adjustment: Training instances of last class: 0
After OOD adjustment: Testing instances of last class: 56
Epoch: 087, Runtime 0.025884, Loss 0.815596, forward nfe 0, backward nfe 0, Train: 0.9333, Val: 0.7640, Test: 0.7513, Best time: 18.2948
After OOD adjustment: Training instances of last class: 0
After OOD adjustment: Testing instances of last class: 56
Epoch: 088, Runtime 0.025431, Loss 0.758848, forward nfe 0, backward nfe 0, Train: 0.9333, Val: 0.7640, Test: 0.7513, Best time: 18.2948
After OOD adjustment: Training instances of last class: 0
After OOD adjustment: Testing instances of last class: 56
Epoch: 089, Runtime 0.025874, Loss 0.755730, forward nfe 0, backward nfe 0, Train: 0.9333, Val: 0.7640, Test: 0.7513, Best time: 18.2948
After OOD adjustment: Training instances of last class: 0
After OOD adjustment: Testing instances of last class: 56
Epoch: 090, Runtime 0.025907, Loss 0.731122, forward nfe 0, backward nfe 0, Train: 0.9333, Val: 0.7640, Test: 0.7513, Best time: 18.2948
After OOD adjustment: Training instances of last class: 0
After OOD adjustment: Testing instances of last class: 56
Epoch: 091, Runtime 0.146982, Loss 0.756021, forward nfe 0, backward nfe 0, Train: 0.9333, Val: 0.7647, Test: 0.7574, Best time: 18.2948
After OOD adjustment: Training instances of last class: 0
After OOD adjustment: Testing instances of last class: 56
Epoch: 092, Runtime 0.029060, Loss 0.718262, forward nfe 0, backward nfe 0, Train: 0.9333, Val: 0.7647, Test: 0.7574, Best time: 18.2948
After OOD adjustment: Training instances of last class: 0
After OOD adjustment: Testing instances of last class: 56
Epoch: 093, Runtime 0.026329, Loss 0.741869, forward nfe 0, backward nfe 0, Train: 0.9333, Val: 0.7647, Test: 0.7574, Best time: 18.2948
After OOD adjustment: Training instances of last class: 0
After OOD adjustment: Testing instances of last class: 56
Epoch: 094, Runtime 0.026284, Loss 0.713067, forward nfe 0, backward nfe 0, Train: 0.9333, Val: 0.7647, Test: 0.7574, Best time: 18.2948
After OOD adjustment: Training instances of last class: 0
After OOD adjustment: Testing instances of last class: 56
Epoch: 095, Runtime 0.025615, Loss 0.725670, forward nfe 0, backward nfe 0, Train: 0.9333, Val: 0.7647, Test: 0.7574, Best time: 18.2948
After OOD adjustment: Training instances of last class: 0
After OOD adjustment: Testing instances of last class: 56
Epoch: 096, Runtime 0.025889, Loss 0.718117, forward nfe 0, backward nfe 0, Train: 0.9333, Val: 0.7647, Test: 0.7574, Best time: 18.2948
After OOD adjustment: Training instances of last class: 0
After OOD adjustment: Testing instances of last class: 56
Epoch: 097, Runtime 0.025745, Loss 0.696235, forward nfe 0, backward nfe 0, Train: 0.9333, Val: 0.7647, Test: 0.7574, Best time: 18.2948
After OOD adjustment: Training instances of last class: 0
After OOD adjustment: Testing instances of last class: 56
Epoch: 098, Runtime 0.026031, Loss 0.673706, forward nfe 0, backward nfe 0, Train: 0.9333, Val: 0.7647, Test: 0.7574, Best time: 18.2948
After OOD adjustment: Training instances of last class: 0
After OOD adjustment: Testing instances of last class: 56
Epoch: 099, Runtime 0.025874, Loss 0.656391, forward nfe 0, backward nfe 0, Train: 0.9333, Val: 0.7647, Test: 0.7574, Best time: 18.2948
best val accuracy 0.764706 with test accuracy 0.757360 at epoch 91 and best time 18.294754
base_directory resutls_prob/OOD_Cora
new_name:  bgcn_ODD
file_path 1 resutls_prob/OOD_Cora/bgcn_ODD_prediction_probabilities_34.npz
file_path 2 resutls_prob/OOD_Cora/bgcn_ODD_prediction_probabilities_34.npz
Entropy Threshold: inf Test accuracy: 0.7401015228426396
Entropy Threshold: 2 Test accuracy: 0.7431472081218274
Entropy Threshold: 1.6 Test accuracy: 0.8702702702702703
Entropy Threshold: 1.5 Test accuracy: 0.900990099009901
Entropy Threshold: 1.4 Test accuracy: 0.9272727272727272
Entropy Threshold: 1.3 Test accuracy: 0.9696969696969697
Entropy Threshold: 1.2 Test accuracy: 1.0
Entropy Threshold: 1.1 Test accuracy: 1.0
Entropy Threshold: 0.9 Test accuracy: 1.0
Entropy Threshold: 0.8 Test accuracy: 1.0
Entropy Threshold: 0.7 Test accuracy: 1.0
Entropy Threshold: 0.6 Test accuracy: 1.0
Entropy Threshold: 0.5 Test accuracy: 1.0
Entropy Threshold: 0.4 Test accuracy: None
Entropy Threshold: 0.3 Test accuracy: None
Entropy Threshold: 0.2 Test accuracy: None
Entropy Threshold: 0.1 Test accuracy: None
