[KeOps] Warning : cuda was detected, but driver API could not be initialized. Switching to cpu only.
Folder already exists: results/cora
experiment: 0
Dataset size (num_nodes): 2485, Intended development set size (num_development): 1500
Dataset size (num_nodes): 2485, Actual development set size (num_development): 1500
rations: train 140, val 1360, test 985
Before OOD adjustment: Total instances of last class: 131
Before OOD adjustment: Training instances of last class: 20
Before OOD adjustment: Testing instances of last class: 55
Before OOD adjustment: Val instances of last class: 56
total train + val+ test 131
After OOD adjustment: Training instances of last class: 0
After OOD adjustment: Testing instances of last class: 55
Total number of classes: 7
number of classes to train: 6
Dataset size (num_nodes): 2485, Intended development set size (num_development): 1500
Dataset size (num_nodes): 2485, Actual development set size (num_development): 1500
rations: train 140, val 1360, test 985
within set_train_val_test_split function!
Before OOD adjustment: Total instances of last class: 131
Before OOD adjustment: Training instances of last class: 20
Before OOD adjustment: Testing instances of last class: 60
Before OOD adjustment: Val instances of last class: 51
total train + val+ test 131
After OOD adjustment: Training instances of last class: 0
After OOD adjustment: Testing instances of last class: 60
MyGCN2(
  (conv1): GCNConv(1433, 80)
  (conv4): GCNConv(80, 6)
)
conv1.bias
torch.Size([80])
conv1.lin.weight
torch.Size([80, 1433])
conv4.bias
torch.Size([6])
conv4.lin.weight
torch.Size([6, 80])
After OOD adjustment: Training instances of last class: 0
After OOD adjustment: Testing instances of last class: 60
Epoch: 001, Runtime 0.034896, Loss 1.790772, forward nfe 0, backward nfe 0, Train: 0.3750, Val: 0.2875, Test: 0.3025, Best time: 18.2948
After OOD adjustment: Training instances of last class: 0
After OOD adjustment: Testing instances of last class: 60
Epoch: 002, Runtime 0.120713, Loss 1.731968, forward nfe 0, backward nfe 0, Train: 0.5833, Val: 0.4368, Test: 0.4376, Best time: 18.2948
After OOD adjustment: Training instances of last class: 0
After OOD adjustment: Testing instances of last class: 60
Epoch: 003, Runtime 0.107592, Loss 1.674386, forward nfe 0, backward nfe 0, Train: 0.7500, Val: 0.5272, Test: 0.5391, Best time: 18.2948
After OOD adjustment: Training instances of last class: 0
After OOD adjustment: Testing instances of last class: 60
Epoch: 004, Runtime 0.108994, Loss 1.617915, forward nfe 0, backward nfe 0, Train: 0.8917, Val: 0.6066, Test: 0.6152, Best time: 18.2948
After OOD adjustment: Training instances of last class: 0
After OOD adjustment: Testing instances of last class: 60
Epoch: 005, Runtime 0.106203, Loss 1.562469, forward nfe 0, backward nfe 0, Train: 0.9333, Val: 0.6632, Test: 0.6589, Best time: 18.2948
After OOD adjustment: Training instances of last class: 0
After OOD adjustment: Testing instances of last class: 60
Epoch: 006, Runtime 0.108928, Loss 1.507982, forward nfe 0, backward nfe 0, Train: 0.9500, Val: 0.6904, Test: 0.6934, Best time: 18.2948
After OOD adjustment: Training instances of last class: 0
After OOD adjustment: Testing instances of last class: 60
Epoch: 007, Runtime 0.108270, Loss 1.454406, forward nfe 0, backward nfe 0, Train: 0.9667, Val: 0.7081, Test: 0.7117, Best time: 18.2948
After OOD adjustment: Training instances of last class: 0
After OOD adjustment: Testing instances of last class: 60
Epoch: 008, Runtime 0.108587, Loss 1.401713, forward nfe 0, backward nfe 0, Train: 0.9583, Val: 0.7184, Test: 0.7198, Best time: 18.2948
After OOD adjustment: Training instances of last class: 0
After OOD adjustment: Testing instances of last class: 60
Epoch: 009, Runtime 0.107355, Loss 1.349897, forward nfe 0, backward nfe 0, Train: 0.9583, Val: 0.7287, Test: 0.7279, Best time: 18.2948
After OOD adjustment: Training instances of last class: 0
After OOD adjustment: Testing instances of last class: 60
Epoch: 010, Runtime 0.108251, Loss 1.298966, forward nfe 0, backward nfe 0, Train: 0.9583, Val: 0.7346, Test: 0.7350, Best time: 18.2948
After OOD adjustment: Training instances of last class: 0
After OOD adjustment: Testing instances of last class: 60
Epoch: 011, Runtime 0.108001, Loss 1.248948, forward nfe 0, backward nfe 0, Train: 0.9583, Val: 0.7375, Test: 0.7431, Best time: 18.2948
After OOD adjustment: Training instances of last class: 0
After OOD adjustment: Testing instances of last class: 60
Epoch: 012, Runtime 0.108278, Loss 1.199881, forward nfe 0, backward nfe 0, Train: 0.9667, Val: 0.7471, Test: 0.7523, Best time: 18.2948
After OOD adjustment: Training instances of last class: 0
After OOD adjustment: Testing instances of last class: 60
Epoch: 013, Runtime 0.107768, Loss 1.151814, forward nfe 0, backward nfe 0, Train: 0.9667, Val: 0.7529, Test: 0.7584, Best time: 18.2948
After OOD adjustment: Training instances of last class: 0
After OOD adjustment: Testing instances of last class: 60
Epoch: 014, Runtime 0.109186, Loss 1.104799, forward nfe 0, backward nfe 0, Train: 0.9667, Val: 0.7603, Test: 0.7624, Best time: 18.2948
After OOD adjustment: Training instances of last class: 0
After OOD adjustment: Testing instances of last class: 60
Epoch: 015, Runtime 0.108622, Loss 1.058893, forward nfe 0, backward nfe 0, Train: 0.9667, Val: 0.7684, Test: 0.7635, Best time: 18.2948
After OOD adjustment: Training instances of last class: 0
After OOD adjustment: Testing instances of last class: 60
Epoch: 016, Runtime 0.113141, Loss 1.014152, forward nfe 0, backward nfe 0, Train: 0.9667, Val: 0.7721, Test: 0.7695, Best time: 18.2948
After OOD adjustment: Training instances of last class: 0
After OOD adjustment: Testing instances of last class: 60
Epoch: 017, Runtime 0.108894, Loss 0.970626, forward nfe 0, backward nfe 0, Train: 0.9667, Val: 0.7765, Test: 0.7706, Best time: 18.2948
After OOD adjustment: Training instances of last class: 0
After OOD adjustment: Testing instances of last class: 60
Epoch: 018, Runtime 0.109232, Loss 0.928363, forward nfe 0, backward nfe 0, Train: 0.9667, Val: 0.7794, Test: 0.7706, Best time: 18.2948
After OOD adjustment: Training instances of last class: 0
After OOD adjustment: Testing instances of last class: 60
Epoch: 019, Runtime 0.107984, Loss 0.887400, forward nfe 0, backward nfe 0, Train: 0.9667, Val: 0.7831, Test: 0.7716, Best time: 18.2948
After OOD adjustment: Training instances of last class: 0
After OOD adjustment: Testing instances of last class: 60
Epoch: 020, Runtime 0.108196, Loss 0.847769, forward nfe 0, backward nfe 0, Train: 0.9750, Val: 0.7853, Test: 0.7726, Best time: 18.2948
After OOD adjustment: Training instances of last class: 0
After OOD adjustment: Testing instances of last class: 60
Epoch: 021, Runtime 0.108948, Loss 0.809492, forward nfe 0, backward nfe 0, Train: 0.9833, Val: 0.7868, Test: 0.7736, Best time: 18.2948
After OOD adjustment: Training instances of last class: 0
After OOD adjustment: Testing instances of last class: 60
Epoch: 022, Runtime 0.025147, Loss 0.772585, forward nfe 0, backward nfe 0, Train: 0.9833, Val: 0.7868, Test: 0.7736, Best time: 18.2948
After OOD adjustment: Training instances of last class: 0
After OOD adjustment: Testing instances of last class: 60
Epoch: 023, Runtime 0.022132, Loss 0.737054, forward nfe 0, backward nfe 0, Train: 0.9833, Val: 0.7868, Test: 0.7736, Best time: 18.2948
After OOD adjustment: Training instances of last class: 0
After OOD adjustment: Testing instances of last class: 60
Epoch: 024, Runtime 0.109787, Loss 0.702900, forward nfe 0, backward nfe 0, Train: 0.9917, Val: 0.7897, Test: 0.7858, Best time: 18.2948
After OOD adjustment: Training instances of last class: 0
After OOD adjustment: Testing instances of last class: 60
Epoch: 025, Runtime 0.025108, Loss 0.670117, forward nfe 0, backward nfe 0, Train: 0.9917, Val: 0.7897, Test: 0.7858, Best time: 18.2948
After OOD adjustment: Training instances of last class: 0
After OOD adjustment: Testing instances of last class: 60
Epoch: 026, Runtime 0.022248, Loss 0.638692, forward nfe 0, backward nfe 0, Train: 0.9917, Val: 0.7897, Test: 0.7858, Best time: 18.2948
After OOD adjustment: Training instances of last class: 0
After OOD adjustment: Testing instances of last class: 60
Epoch: 027, Runtime 0.022345, Loss 0.608606, forward nfe 0, backward nfe 0, Train: 0.9917, Val: 0.7897, Test: 0.7858, Best time: 18.2948
After OOD adjustment: Training instances of last class: 0
After OOD adjustment: Testing instances of last class: 60
Epoch: 028, Runtime 0.021925, Loss 0.579838, forward nfe 0, backward nfe 0, Train: 0.9917, Val: 0.7897, Test: 0.7858, Best time: 18.2948
After OOD adjustment: Training instances of last class: 0
After OOD adjustment: Testing instances of last class: 60
Epoch: 029, Runtime 0.021441, Loss 0.552359, forward nfe 0, backward nfe 0, Train: 0.9917, Val: 0.7897, Test: 0.7858, Best time: 18.2948
After OOD adjustment: Training instances of last class: 0
After OOD adjustment: Testing instances of last class: 60
Epoch: 030, Runtime 0.022140, Loss 0.526139, forward nfe 0, backward nfe 0, Train: 0.9917, Val: 0.7897, Test: 0.7858, Best time: 18.2948
After OOD adjustment: Training instances of last class: 0
After OOD adjustment: Testing instances of last class: 60
Epoch: 031, Runtime 0.021588, Loss 0.501143, forward nfe 0, backward nfe 0, Train: 0.9917, Val: 0.7897, Test: 0.7858, Best time: 18.2948
After OOD adjustment: Training instances of last class: 0
After OOD adjustment: Testing instances of last class: 60
Epoch: 032, Runtime 0.022218, Loss 0.477334, forward nfe 0, backward nfe 0, Train: 0.9917, Val: 0.7897, Test: 0.7858, Best time: 18.2948
After OOD adjustment: Training instances of last class: 0
After OOD adjustment: Testing instances of last class: 60
Epoch: 033, Runtime 0.021651, Loss 0.454673, forward nfe 0, backward nfe 0, Train: 0.9917, Val: 0.7897, Test: 0.7858, Best time: 18.2948
After OOD adjustment: Training instances of last class: 0
After OOD adjustment: Testing instances of last class: 60
Epoch: 034, Runtime 0.109356, Loss 0.433120, forward nfe 0, backward nfe 0, Train: 0.9917, Val: 0.7912, Test: 0.7817, Best time: 18.2948
After OOD adjustment: Training instances of last class: 0
After OOD adjustment: Testing instances of last class: 60
Epoch: 035, Runtime 0.024986, Loss 0.412634, forward nfe 0, backward nfe 0, Train: 0.9917, Val: 0.7912, Test: 0.7817, Best time: 18.2948
After OOD adjustment: Training instances of last class: 0
After OOD adjustment: Testing instances of last class: 60
Epoch: 036, Runtime 0.106978, Loss 0.393172, forward nfe 0, backward nfe 0, Train: 0.9917, Val: 0.7919, Test: 0.7827, Best time: 18.2948
After OOD adjustment: Training instances of last class: 0
After OOD adjustment: Testing instances of last class: 60
Epoch: 037, Runtime 0.025295, Loss 0.374692, forward nfe 0, backward nfe 0, Train: 0.9917, Val: 0.7919, Test: 0.7827, Best time: 18.2948
After OOD adjustment: Training instances of last class: 0
After OOD adjustment: Testing instances of last class: 60
Epoch: 038, Runtime 0.021842, Loss 0.357152, forward nfe 0, backward nfe 0, Train: 0.9917, Val: 0.7919, Test: 0.7827, Best time: 18.2948
After OOD adjustment: Training instances of last class: 0
After OOD adjustment: Testing instances of last class: 60
Epoch: 039, Runtime 0.021718, Loss 0.340511, forward nfe 0, backward nfe 0, Train: 0.9917, Val: 0.7919, Test: 0.7827, Best time: 18.2948
After OOD adjustment: Training instances of last class: 0
After OOD adjustment: Testing instances of last class: 60
Epoch: 040, Runtime 0.021628, Loss 0.324727, forward nfe 0, backward nfe 0, Train: 0.9917, Val: 0.7919, Test: 0.7827, Best time: 18.2948
After OOD adjustment: Training instances of last class: 0
After OOD adjustment: Testing instances of last class: 60
Epoch: 041, Runtime 0.021390, Loss 0.309761, forward nfe 0, backward nfe 0, Train: 0.9917, Val: 0.7919, Test: 0.7827, Best time: 18.2948
After OOD adjustment: Training instances of last class: 0
After OOD adjustment: Testing instances of last class: 60
Epoch: 042, Runtime 0.021773, Loss 0.295573, forward nfe 0, backward nfe 0, Train: 0.9917, Val: 0.7919, Test: 0.7827, Best time: 18.2948
After OOD adjustment: Training instances of last class: 0
After OOD adjustment: Testing instances of last class: 60
Epoch: 043, Runtime 0.021705, Loss 0.282126, forward nfe 0, backward nfe 0, Train: 0.9917, Val: 0.7919, Test: 0.7827, Best time: 18.2948
After OOD adjustment: Training instances of last class: 0
After OOD adjustment: Testing instances of last class: 60
Epoch: 044, Runtime 0.021299, Loss 0.269382, forward nfe 0, backward nfe 0, Train: 0.9917, Val: 0.7919, Test: 0.7827, Best time: 18.2948
After OOD adjustment: Training instances of last class: 0
After OOD adjustment: Testing instances of last class: 60
Epoch: 045, Runtime 0.021967, Loss 0.257307, forward nfe 0, backward nfe 0, Train: 0.9917, Val: 0.7919, Test: 0.7827, Best time: 18.2948
After OOD adjustment: Training instances of last class: 0
After OOD adjustment: Testing instances of last class: 60
Epoch: 046, Runtime 0.021888, Loss 0.245866, forward nfe 0, backward nfe 0, Train: 0.9917, Val: 0.7919, Test: 0.7827, Best time: 18.2948
After OOD adjustment: Training instances of last class: 0
After OOD adjustment: Testing instances of last class: 60
Epoch: 047, Runtime 0.021514, Loss 0.235026, forward nfe 0, backward nfe 0, Train: 0.9917, Val: 0.7919, Test: 0.7827, Best time: 18.2948
After OOD adjustment: Training instances of last class: 0
After OOD adjustment: Testing instances of last class: 60
Epoch: 048, Runtime 0.021846, Loss 0.224757, forward nfe 0, backward nfe 0, Train: 0.9917, Val: 0.7919, Test: 0.7827, Best time: 18.2948
After OOD adjustment: Training instances of last class: 0
After OOD adjustment: Testing instances of last class: 60
Epoch: 049, Runtime 0.022016, Loss 0.215027, forward nfe 0, backward nfe 0, Train: 0.9917, Val: 0.7919, Test: 0.7827, Best time: 18.2948
After OOD adjustment: Training instances of last class: 0
After OOD adjustment: Testing instances of last class: 60
Epoch: 050, Runtime 0.021545, Loss 0.205808, forward nfe 0, backward nfe 0, Train: 0.9917, Val: 0.7919, Test: 0.7827, Best time: 18.2948
After OOD adjustment: Training instances of last class: 0
After OOD adjustment: Testing instances of last class: 60
Epoch: 051, Runtime 0.021562, Loss 0.197072, forward nfe 0, backward nfe 0, Train: 0.9917, Val: 0.7919, Test: 0.7827, Best time: 18.2948
After OOD adjustment: Training instances of last class: 0
After OOD adjustment: Testing instances of last class: 60
Epoch: 052, Runtime 0.021727, Loss 0.188794, forward nfe 0, backward nfe 0, Train: 0.9917, Val: 0.7919, Test: 0.7827, Best time: 18.2948
After OOD adjustment: Training instances of last class: 0
After OOD adjustment: Testing instances of last class: 60
Epoch: 053, Runtime 0.021886, Loss 0.180949, forward nfe 0, backward nfe 0, Train: 0.9917, Val: 0.7919, Test: 0.7827, Best time: 18.2948
After OOD adjustment: Training instances of last class: 0
After OOD adjustment: Testing instances of last class: 60
Epoch: 054, Runtime 0.022012, Loss 0.173513, forward nfe 0, backward nfe 0, Train: 0.9917, Val: 0.7919, Test: 0.7827, Best time: 18.2948
After OOD adjustment: Training instances of last class: 0
After OOD adjustment: Testing instances of last class: 60
Epoch: 055, Runtime 0.021534, Loss 0.166463, forward nfe 0, backward nfe 0, Train: 0.9917, Val: 0.7919, Test: 0.7827, Best time: 18.2948
After OOD adjustment: Training instances of last class: 0
After OOD adjustment: Testing instances of last class: 60
Epoch: 056, Runtime 0.021382, Loss 0.159779, forward nfe 0, backward nfe 0, Train: 0.9917, Val: 0.7919, Test: 0.7827, Best time: 18.2948
After OOD adjustment: Training instances of last class: 0
After OOD adjustment: Testing instances of last class: 60
Epoch: 057, Runtime 0.021709, Loss 0.153440, forward nfe 0, backward nfe 0, Train: 0.9917, Val: 0.7919, Test: 0.7827, Best time: 18.2948
After OOD adjustment: Training instances of last class: 0
After OOD adjustment: Testing instances of last class: 60
Epoch: 058, Runtime 0.021801, Loss 0.147427, forward nfe 0, backward nfe 0, Train: 0.9917, Val: 0.7919, Test: 0.7827, Best time: 18.2948
After OOD adjustment: Training instances of last class: 0
After OOD adjustment: Testing instances of last class: 60
Epoch: 059, Runtime 0.021755, Loss 0.141722, forward nfe 0, backward nfe 0, Train: 0.9917, Val: 0.7919, Test: 0.7827, Best time: 18.2948
After OOD adjustment: Training instances of last class: 0
After OOD adjustment: Testing instances of last class: 60
Epoch: 060, Runtime 0.021659, Loss 0.136307, forward nfe 0, backward nfe 0, Train: 0.9917, Val: 0.7919, Test: 0.7827, Best time: 18.2948
After OOD adjustment: Training instances of last class: 0
After OOD adjustment: Testing instances of last class: 60
Epoch: 061, Runtime 0.021899, Loss 0.131167, forward nfe 0, backward nfe 0, Train: 0.9917, Val: 0.7919, Test: 0.7827, Best time: 18.2948
After OOD adjustment: Training instances of last class: 0
After OOD adjustment: Testing instances of last class: 60
Epoch: 062, Runtime 0.021435, Loss 0.126286, forward nfe 0, backward nfe 0, Train: 0.9917, Val: 0.7919, Test: 0.7827, Best time: 18.2948
After OOD adjustment: Training instances of last class: 0
After OOD adjustment: Testing instances of last class: 60
Epoch: 063, Runtime 0.021823, Loss 0.121650, forward nfe 0, backward nfe 0, Train: 0.9917, Val: 0.7919, Test: 0.7827, Best time: 18.2948
After OOD adjustment: Training instances of last class: 0
After OOD adjustment: Testing instances of last class: 60
Epoch: 064, Runtime 0.021684, Loss 0.117244, forward nfe 0, backward nfe 0, Train: 0.9917, Val: 0.7919, Test: 0.7827, Best time: 18.2948
After OOD adjustment: Training instances of last class: 0
After OOD adjustment: Testing instances of last class: 60
Epoch: 065, Runtime 0.021923, Loss 0.113056, forward nfe 0, backward nfe 0, Train: 0.9917, Val: 0.7919, Test: 0.7827, Best time: 18.2948
After OOD adjustment: Training instances of last class: 0
After OOD adjustment: Testing instances of last class: 60
Epoch: 066, Runtime 0.021767, Loss 0.109074, forward nfe 0, backward nfe 0, Train: 0.9917, Val: 0.7919, Test: 0.7827, Best time: 18.2948
After OOD adjustment: Training instances of last class: 0
After OOD adjustment: Testing instances of last class: 60
Epoch: 067, Runtime 0.021634, Loss 0.105286, forward nfe 0, backward nfe 0, Train: 0.9917, Val: 0.7919, Test: 0.7827, Best time: 18.2948
After OOD adjustment: Training instances of last class: 0
After OOD adjustment: Testing instances of last class: 60
Epoch: 068, Runtime 0.022076, Loss 0.101682, forward nfe 0, backward nfe 0, Train: 0.9917, Val: 0.7919, Test: 0.7827, Best time: 18.2948
After OOD adjustment: Training instances of last class: 0
After OOD adjustment: Testing instances of last class: 60
Epoch: 069, Runtime 0.021754, Loss 0.098250, forward nfe 0, backward nfe 0, Train: 0.9917, Val: 0.7919, Test: 0.7827, Best time: 18.2948
After OOD adjustment: Training instances of last class: 0
After OOD adjustment: Testing instances of last class: 60
Epoch: 070, Runtime 0.021684, Loss 0.094982, forward nfe 0, backward nfe 0, Train: 0.9917, Val: 0.7919, Test: 0.7827, Best time: 18.2948
After OOD adjustment: Training instances of last class: 0
After OOD adjustment: Testing instances of last class: 60
Epoch: 071, Runtime 0.021469, Loss 0.091869, forward nfe 0, backward nfe 0, Train: 0.9917, Val: 0.7919, Test: 0.7827, Best time: 18.2948
After OOD adjustment: Training instances of last class: 0
After OOD adjustment: Testing instances of last class: 60
Epoch: 072, Runtime 0.021828, Loss 0.088901, forward nfe 0, backward nfe 0, Train: 0.9917, Val: 0.7919, Test: 0.7827, Best time: 18.2948
After OOD adjustment: Training instances of last class: 0
After OOD adjustment: Testing instances of last class: 60
Epoch: 073, Runtime 0.021807, Loss 0.086071, forward nfe 0, backward nfe 0, Train: 0.9917, Val: 0.7919, Test: 0.7827, Best time: 18.2948
After OOD adjustment: Training instances of last class: 0
After OOD adjustment: Testing instances of last class: 60
Epoch: 074, Runtime 0.021510, Loss 0.083371, forward nfe 0, backward nfe 0, Train: 0.9917, Val: 0.7919, Test: 0.7827, Best time: 18.2948
After OOD adjustment: Training instances of last class: 0
After OOD adjustment: Testing instances of last class: 60
Epoch: 075, Runtime 0.022138, Loss 0.080794, forward nfe 0, backward nfe 0, Train: 0.9917, Val: 0.7919, Test: 0.7827, Best time: 18.2948
After OOD adjustment: Training instances of last class: 0
After OOD adjustment: Testing instances of last class: 60
Epoch: 076, Runtime 0.021877, Loss 0.078333, forward nfe 0, backward nfe 0, Train: 0.9917, Val: 0.7919, Test: 0.7827, Best time: 18.2948
After OOD adjustment: Training instances of last class: 0
After OOD adjustment: Testing instances of last class: 60
Epoch: 077, Runtime 0.022009, Loss 0.075983, forward nfe 0, backward nfe 0, Train: 0.9917, Val: 0.7919, Test: 0.7827, Best time: 18.2948
After OOD adjustment: Training instances of last class: 0
After OOD adjustment: Testing instances of last class: 60
Epoch: 078, Runtime 0.022471, Loss 0.073736, forward nfe 0, backward nfe 0, Train: 0.9917, Val: 0.7919, Test: 0.7827, Best time: 18.2948
After OOD adjustment: Training instances of last class: 0
After OOD adjustment: Testing instances of last class: 60
Epoch: 079, Runtime 0.021899, Loss 0.071588, forward nfe 0, backward nfe 0, Train: 0.9917, Val: 0.7919, Test: 0.7827, Best time: 18.2948
After OOD adjustment: Training instances of last class: 0
After OOD adjustment: Testing instances of last class: 60
Epoch: 080, Runtime 0.021644, Loss 0.069533, forward nfe 0, backward nfe 0, Train: 0.9917, Val: 0.7919, Test: 0.7827, Best time: 18.2948
After OOD adjustment: Training instances of last class: 0
After OOD adjustment: Testing instances of last class: 60
Epoch: 081, Runtime 0.021563, Loss 0.067566, forward nfe 0, backward nfe 0, Train: 0.9917, Val: 0.7919, Test: 0.7827, Best time: 18.2948
After OOD adjustment: Training instances of last class: 0
After OOD adjustment: Testing instances of last class: 60
Epoch: 082, Runtime 0.021770, Loss 0.065683, forward nfe 0, backward nfe 0, Train: 0.9917, Val: 0.7919, Test: 0.7827, Best time: 18.2948
After OOD adjustment: Training instances of last class: 0
After OOD adjustment: Testing instances of last class: 60
Epoch: 083, Runtime 0.022004, Loss 0.063879, forward nfe 0, backward nfe 0, Train: 0.9917, Val: 0.7919, Test: 0.7827, Best time: 18.2948
After OOD adjustment: Training instances of last class: 0
After OOD adjustment: Testing instances of last class: 60
Epoch: 084, Runtime 0.021634, Loss 0.062150, forward nfe 0, backward nfe 0, Train: 0.9917, Val: 0.7919, Test: 0.7827, Best time: 18.2948
After OOD adjustment: Training instances of last class: 0
After OOD adjustment: Testing instances of last class: 60
Epoch: 085, Runtime 0.021529, Loss 0.060492, forward nfe 0, backward nfe 0, Train: 0.9917, Val: 0.7919, Test: 0.7827, Best time: 18.2948
After OOD adjustment: Training instances of last class: 0
After OOD adjustment: Testing instances of last class: 60
Epoch: 086, Runtime 0.021704, Loss 0.058901, forward nfe 0, backward nfe 0, Train: 0.9917, Val: 0.7919, Test: 0.7827, Best time: 18.2948
After OOD adjustment: Training instances of last class: 0
After OOD adjustment: Testing instances of last class: 60
Epoch: 087, Runtime 0.021916, Loss 0.057375, forward nfe 0, backward nfe 0, Train: 0.9917, Val: 0.7919, Test: 0.7827, Best time: 18.2948
After OOD adjustment: Training instances of last class: 0
After OOD adjustment: Testing instances of last class: 60
Epoch: 088, Runtime 0.021879, Loss 0.055909, forward nfe 0, backward nfe 0, Train: 0.9917, Val: 0.7919, Test: 0.7827, Best time: 18.2948
After OOD adjustment: Training instances of last class: 0
After OOD adjustment: Testing instances of last class: 60
Epoch: 089, Runtime 0.022113, Loss 0.054500, forward nfe 0, backward nfe 0, Train: 0.9917, Val: 0.7919, Test: 0.7827, Best time: 18.2948
After OOD adjustment: Training instances of last class: 0
After OOD adjustment: Testing instances of last class: 60
Epoch: 090, Runtime 0.021818, Loss 0.053146, forward nfe 0, backward nfe 0, Train: 0.9917, Val: 0.7919, Test: 0.7827, Best time: 18.2948
After OOD adjustment: Training instances of last class: 0
After OOD adjustment: Testing instances of last class: 60
Epoch: 091, Runtime 0.022023, Loss 0.051844, forward nfe 0, backward nfe 0, Train: 0.9917, Val: 0.7919, Test: 0.7827, Best time: 18.2948
After OOD adjustment: Training instances of last class: 0
After OOD adjustment: Testing instances of last class: 60
Epoch: 092, Runtime 0.021947, Loss 0.050592, forward nfe 0, backward nfe 0, Train: 0.9917, Val: 0.7919, Test: 0.7827, Best time: 18.2948
After OOD adjustment: Training instances of last class: 0
After OOD adjustment: Testing instances of last class: 60
Epoch: 093, Runtime 0.021824, Loss 0.049387, forward nfe 0, backward nfe 0, Train: 0.9917, Val: 0.7919, Test: 0.7827, Best time: 18.2948
After OOD adjustment: Training instances of last class: 0
After OOD adjustment: Testing instances of last class: 60
Epoch: 094, Runtime 0.021699, Loss 0.048226, forward nfe 0, backward nfe 0, Train: 0.9917, Val: 0.7919, Test: 0.7827, Best time: 18.2948
After OOD adjustment: Training instances of last class: 0
After OOD adjustment: Testing instances of last class: 60
Epoch: 095, Runtime 0.022012, Loss 0.047108, forward nfe 0, backward nfe 0, Train: 0.9917, Val: 0.7919, Test: 0.7827, Best time: 18.2948
After OOD adjustment: Training instances of last class: 0
After OOD adjustment: Testing instances of last class: 60
Epoch: 096, Runtime 0.021717, Loss 0.046030, forward nfe 0, backward nfe 0, Train: 0.9917, Val: 0.7919, Test: 0.7827, Best time: 18.2948
After OOD adjustment: Training instances of last class: 0
After OOD adjustment: Testing instances of last class: 60
Epoch: 097, Runtime 0.021540, Loss 0.044991, forward nfe 0, backward nfe 0, Train: 0.9917, Val: 0.7919, Test: 0.7827, Best time: 18.2948
After OOD adjustment: Training instances of last class: 0
After OOD adjustment: Testing instances of last class: 60
Epoch: 098, Runtime 0.021824, Loss 0.043988, forward nfe 0, backward nfe 0, Train: 0.9917, Val: 0.7919, Test: 0.7827, Best time: 18.2948
After OOD adjustment: Training instances of last class: 0
After OOD adjustment: Testing instances of last class: 60
Epoch: 099, Runtime 0.021930, Loss 0.043021, forward nfe 0, backward nfe 0, Train: 0.9917, Val: 0.7919, Test: 0.7827, Best time: 18.2948
best val accuracy 0.791912 with test accuracy 0.782741 at epoch 36 and best time 18.294754
base_directory resutls_prob/OOD_Cora
new_name:  gnn_ODD
file_path 1 resutls_prob/OOD_Cora/gnn_ODD_prediction_probabilities_51.npz
file_path 2 resutls_prob/OOD_Cora/gnn_ODD_prediction_probabilities_51.npz
Entropy Threshold: inf Test accuracy: 0.782741116751269
Entropy Threshold: 2 Test accuracy: 0.782741116751269
Entropy Threshold: 1.6 Test accuracy: 0.8804841149773072
Entropy Threshold: 1.5 Test accuracy: 0.917004048582996
Entropy Threshold: 1.4 Test accuracy: 0.9384615384615385
Entropy Threshold: 1.3 Test accuracy: 0.9453924914675768
Entropy Threshold: 1.2 Test accuracy: 0.9570815450643777
Entropy Threshold: 1.1 Test accuracy: 0.9832402234636871
Entropy Threshold: 0.9 Test accuracy: 0.9901960784313726
Entropy Threshold: 0.8 Test accuracy: 1.0
Entropy Threshold: 0.7 Test accuracy: 1.0
Entropy Threshold: 0.6 Test accuracy: 1.0
Entropy Threshold: 0.5 Test accuracy: 1.0
Entropy Threshold: 0.4 Test accuracy: 1.0
Entropy Threshold: 0.3 Test accuracy: 1.0
Entropy Threshold: 0.2 Test accuracy: 1.0
Entropy Threshold: 0.1 Test accuracy: None
