[KeOps] Warning : cuda was detected, but driver API could not be initialized. Switching to cpu only.
Folder already exists: results/photo
experiment: 0
Dataset size (num_nodes): 7487, Intended development set size (num_development): 1500
Dataset size (num_nodes): 7487, Actual development set size (num_development): 1500
rations: train 160, val 1340, test 5987
Before OOD adjustment: Total instances of last class: 331
Before OOD adjustment: Training instances of last class: 20
Before OOD adjustment: Testing instances of last class: 267
Before OOD adjustment: Val instances of last class: 44
total train + val+ test 331
After OOD adjustment: Training instances of last class: 0
After OOD adjustment: Testing instances of last class: 267
Total number of classes: 8
number of classes to train: 7
BayesianGCN(
  (bayes_conv1): BayesianGCNConv(745, 64)
  (bayes_conv3): BayesianGCNConv(64, 7)
)
bayes_conv1.mu_weight
torch.Size([64, 745])
bayes_conv1.rho_weight
torch.Size([64, 745])
bayes_conv1.mu_bias
torch.Size([64])
bayes_conv1.rho_bias
torch.Size([64])
bayes_conv3.mu_weight
torch.Size([7, 64])
bayes_conv3.rho_weight
torch.Size([7, 64])
bayes_conv3.mu_bias
torch.Size([7])
bayes_conv3.rho_bias
torch.Size([7])
After OOD adjustment: Training instances of last class: 0
After OOD adjustment: Testing instances of last class: 267
Epoch: 001, Runtime 0.279699, Loss 2.519925, forward nfe 0, backward nfe 0, Train: 0.1429, Val: 0.0769, Test: 0.0945, Best time: 3.5824
After OOD adjustment: Training instances of last class: 0
After OOD adjustment: Testing instances of last class: 267
Epoch: 002, Runtime 0.385097, Loss 2.089892, forward nfe 0, backward nfe 0, Train: 0.1429, Val: 0.0776, Test: 0.0942, Best time: 3.5824
After OOD adjustment: Training instances of last class: 0
After OOD adjustment: Testing instances of last class: 267
Epoch: 003, Runtime 0.373110, Loss 2.225151, forward nfe 0, backward nfe 0, Train: 0.1429, Val: 0.0791, Test: 0.0934, Best time: 3.5824
After OOD adjustment: Training instances of last class: 0
After OOD adjustment: Testing instances of last class: 267
Epoch: 004, Runtime 0.369073, Loss 1.964024, forward nfe 0, backward nfe 0, Train: 0.2429, Val: 0.1485, Test: 0.1547, Best time: 3.5824
After OOD adjustment: Training instances of last class: 0
After OOD adjustment: Testing instances of last class: 267
Epoch: 005, Runtime 0.260440, Loss 1.917157, forward nfe 0, backward nfe 0, Train: 0.2429, Val: 0.1485, Test: 0.1547, Best time: 3.5824
After OOD adjustment: Training instances of last class: 0
After OOD adjustment: Testing instances of last class: 267
Epoch: 006, Runtime 0.373892, Loss 1.890638, forward nfe 0, backward nfe 0, Train: 0.1571, Val: 0.2328, Test: 0.1963, Best time: 3.5824
After OOD adjustment: Training instances of last class: 0
After OOD adjustment: Testing instances of last class: 267
Epoch: 007, Runtime 0.373993, Loss 1.814085, forward nfe 0, backward nfe 0, Train: 0.1429, Val: 0.2530, Test: 0.2130, Best time: 3.5824
After OOD adjustment: Training instances of last class: 0
After OOD adjustment: Testing instances of last class: 267
Epoch: 008, Runtime 0.366965, Loss 1.824085, forward nfe 0, backward nfe 0, Train: 0.4071, Val: 0.3530, Test: 0.3331, Best time: 3.5824
After OOD adjustment: Training instances of last class: 0
After OOD adjustment: Testing instances of last class: 267
Epoch: 009, Runtime 0.257233, Loss 1.971370, forward nfe 0, backward nfe 0, Train: 0.4071, Val: 0.3530, Test: 0.3331, Best time: 3.5824
After OOD adjustment: Training instances of last class: 0
After OOD adjustment: Testing instances of last class: 267
Epoch: 010, Runtime 0.370600, Loss 1.949137, forward nfe 0, backward nfe 0, Train: 0.4143, Val: 0.3634, Test: 0.3404, Best time: 3.5824
After OOD adjustment: Training instances of last class: 0
After OOD adjustment: Testing instances of last class: 267
Epoch: 011, Runtime 0.260081, Loss 2.183270, forward nfe 0, backward nfe 0, Train: 0.4143, Val: 0.3634, Test: 0.3404, Best time: 3.5824
After OOD adjustment: Training instances of last class: 0
After OOD adjustment: Testing instances of last class: 267
Epoch: 012, Runtime 0.259366, Loss 1.858350, forward nfe 0, backward nfe 0, Train: 0.4143, Val: 0.3634, Test: 0.3404, Best time: 3.5824
After OOD adjustment: Training instances of last class: 0
After OOD adjustment: Testing instances of last class: 267
Epoch: 013, Runtime 0.262757, Loss 1.834146, forward nfe 0, backward nfe 0, Train: 0.4143, Val: 0.3634, Test: 0.3404, Best time: 3.5824
After OOD adjustment: Training instances of last class: 0
After OOD adjustment: Testing instances of last class: 267
Epoch: 014, Runtime 0.261567, Loss 1.929734, forward nfe 0, backward nfe 0, Train: 0.4143, Val: 0.3634, Test: 0.3404, Best time: 3.5824
After OOD adjustment: Training instances of last class: 0
After OOD adjustment: Testing instances of last class: 267
Epoch: 015, Runtime 0.368167, Loss 1.846899, forward nfe 0, backward nfe 0, Train: 0.4000, Val: 0.4507, Test: 0.4371, Best time: 3.5824
After OOD adjustment: Training instances of last class: 0
After OOD adjustment: Testing instances of last class: 267
Epoch: 016, Runtime 0.371936, Loss 1.722536, forward nfe 0, backward nfe 0, Train: 0.5357, Val: 0.5366, Test: 0.5121, Best time: 3.5824
After OOD adjustment: Training instances of last class: 0
After OOD adjustment: Testing instances of last class: 267
Epoch: 017, Runtime 0.262849, Loss 1.732517, forward nfe 0, backward nfe 0, Train: 0.5357, Val: 0.5366, Test: 0.5121, Best time: 3.5824
After OOD adjustment: Training instances of last class: 0
After OOD adjustment: Testing instances of last class: 267
Epoch: 018, Runtime 0.256080, Loss 1.730695, forward nfe 0, backward nfe 0, Train: 0.5357, Val: 0.5366, Test: 0.5121, Best time: 3.5824
After OOD adjustment: Training instances of last class: 0
After OOD adjustment: Testing instances of last class: 267
Epoch: 019, Runtime 0.259825, Loss 1.713984, forward nfe 0, backward nfe 0, Train: 0.5357, Val: 0.5366, Test: 0.5121, Best time: 3.5824
After OOD adjustment: Training instances of last class: 0
After OOD adjustment: Testing instances of last class: 267
Epoch: 020, Runtime 0.260373, Loss 1.692905, forward nfe 0, backward nfe 0, Train: 0.5357, Val: 0.5366, Test: 0.5121, Best time: 3.5824
After OOD adjustment: Training instances of last class: 0
After OOD adjustment: Testing instances of last class: 267
Epoch: 021, Runtime 0.370449, Loss 1.653586, forward nfe 0, backward nfe 0, Train: 0.4571, Val: 0.5582, Test: 0.5567, Best time: 3.5824
After OOD adjustment: Training instances of last class: 0
After OOD adjustment: Testing instances of last class: 267
Epoch: 022, Runtime 0.261119, Loss 1.608153, forward nfe 0, backward nfe 0, Train: 0.4571, Val: 0.5582, Test: 0.5567, Best time: 3.5824
After OOD adjustment: Training instances of last class: 0
After OOD adjustment: Testing instances of last class: 267
Epoch: 023, Runtime 0.259524, Loss 1.575431, forward nfe 0, backward nfe 0, Train: 0.4571, Val: 0.5582, Test: 0.5567, Best time: 3.5824
After OOD adjustment: Training instances of last class: 0
After OOD adjustment: Testing instances of last class: 267
Epoch: 024, Runtime 0.258284, Loss 1.606099, forward nfe 0, backward nfe 0, Train: 0.4571, Val: 0.5582, Test: 0.5567, Best time: 3.5824
After OOD adjustment: Training instances of last class: 0
After OOD adjustment: Testing instances of last class: 267
Epoch: 025, Runtime 0.258903, Loss 1.590802, forward nfe 0, backward nfe 0, Train: 0.4571, Val: 0.5582, Test: 0.5567, Best time: 3.5824
After OOD adjustment: Training instances of last class: 0
After OOD adjustment: Testing instances of last class: 267
Epoch: 026, Runtime 0.257119, Loss 1.552937, forward nfe 0, backward nfe 0, Train: 0.4571, Val: 0.5582, Test: 0.5567, Best time: 3.5824
After OOD adjustment: Training instances of last class: 0
After OOD adjustment: Testing instances of last class: 267
Epoch: 027, Runtime 0.257159, Loss 1.560655, forward nfe 0, backward nfe 0, Train: 0.4571, Val: 0.5582, Test: 0.5567, Best time: 3.5824
After OOD adjustment: Training instances of last class: 0
After OOD adjustment: Testing instances of last class: 267
Epoch: 028, Runtime 0.258600, Loss 1.554703, forward nfe 0, backward nfe 0, Train: 0.4571, Val: 0.5582, Test: 0.5567, Best time: 3.5824
After OOD adjustment: Training instances of last class: 0
After OOD adjustment: Testing instances of last class: 267
Epoch: 029, Runtime 0.259623, Loss 1.500538, forward nfe 0, backward nfe 0, Train: 0.4571, Val: 0.5582, Test: 0.5567, Best time: 3.5824
After OOD adjustment: Training instances of last class: 0
After OOD adjustment: Testing instances of last class: 267
Epoch: 030, Runtime 0.259296, Loss 1.471980, forward nfe 0, backward nfe 0, Train: 0.4571, Val: 0.5582, Test: 0.5567, Best time: 3.5824
After OOD adjustment: Training instances of last class: 0
After OOD adjustment: Testing instances of last class: 267
Epoch: 031, Runtime 0.257392, Loss 1.527832, forward nfe 0, backward nfe 0, Train: 0.4571, Val: 0.5582, Test: 0.5567, Best time: 3.5824
After OOD adjustment: Training instances of last class: 0
After OOD adjustment: Testing instances of last class: 267
Epoch: 032, Runtime 0.260710, Loss 1.533480, forward nfe 0, backward nfe 0, Train: 0.4571, Val: 0.5582, Test: 0.5567, Best time: 3.5824
After OOD adjustment: Training instances of last class: 0
After OOD adjustment: Testing instances of last class: 267
Epoch: 033, Runtime 0.259845, Loss 1.506081, forward nfe 0, backward nfe 0, Train: 0.4571, Val: 0.5582, Test: 0.5567, Best time: 3.5824
After OOD adjustment: Training instances of last class: 0
After OOD adjustment: Testing instances of last class: 267
Epoch: 034, Runtime 0.263582, Loss 1.382565, forward nfe 0, backward nfe 0, Train: 0.4571, Val: 0.5582, Test: 0.5567, Best time: 3.5824
After OOD adjustment: Training instances of last class: 0
After OOD adjustment: Testing instances of last class: 267
Epoch: 035, Runtime 0.257685, Loss 1.403680, forward nfe 0, backward nfe 0, Train: 0.4571, Val: 0.5582, Test: 0.5567, Best time: 3.5824
After OOD adjustment: Training instances of last class: 0
After OOD adjustment: Testing instances of last class: 267
Epoch: 036, Runtime 0.259919, Loss 1.444295, forward nfe 0, backward nfe 0, Train: 0.4571, Val: 0.5582, Test: 0.5567, Best time: 3.5824
After OOD adjustment: Training instances of last class: 0
After OOD adjustment: Testing instances of last class: 267
Epoch: 037, Runtime 0.263732, Loss 1.355566, forward nfe 0, backward nfe 0, Train: 0.4571, Val: 0.5582, Test: 0.5567, Best time: 3.5824
After OOD adjustment: Training instances of last class: 0
After OOD adjustment: Testing instances of last class: 267
Epoch: 038, Runtime 0.256818, Loss 1.331600, forward nfe 0, backward nfe 0, Train: 0.4571, Val: 0.5582, Test: 0.5567, Best time: 3.5824
After OOD adjustment: Training instances of last class: 0
After OOD adjustment: Testing instances of last class: 267
Epoch: 039, Runtime 0.256982, Loss 1.316755, forward nfe 0, backward nfe 0, Train: 0.4571, Val: 0.5582, Test: 0.5567, Best time: 3.5824
After OOD adjustment: Training instances of last class: 0
After OOD adjustment: Testing instances of last class: 267
Epoch: 040, Runtime 0.258857, Loss 1.345555, forward nfe 0, backward nfe 0, Train: 0.4571, Val: 0.5582, Test: 0.5567, Best time: 3.5824
After OOD adjustment: Training instances of last class: 0
After OOD adjustment: Testing instances of last class: 267
Epoch: 041, Runtime 0.257229, Loss 1.437666, forward nfe 0, backward nfe 0, Train: 0.4571, Val: 0.5582, Test: 0.5567, Best time: 3.5824
After OOD adjustment: Training instances of last class: 0
After OOD adjustment: Testing instances of last class: 267
Epoch: 042, Runtime 0.258501, Loss 1.356725, forward nfe 0, backward nfe 0, Train: 0.4571, Val: 0.5582, Test: 0.5567, Best time: 3.5824
After OOD adjustment: Training instances of last class: 0
After OOD adjustment: Testing instances of last class: 267
Epoch: 043, Runtime 0.367181, Loss 1.222462, forward nfe 0, backward nfe 0, Train: 0.7357, Val: 0.6328, Test: 0.6536, Best time: 3.5824
After OOD adjustment: Training instances of last class: 0
After OOD adjustment: Testing instances of last class: 267
Epoch: 044, Runtime 0.267205, Loss 1.202313, forward nfe 0, backward nfe 0, Train: 0.7357, Val: 0.6328, Test: 0.6536, Best time: 3.5824
After OOD adjustment: Training instances of last class: 0
After OOD adjustment: Testing instances of last class: 267
Epoch: 045, Runtime 0.263686, Loss 1.248483, forward nfe 0, backward nfe 0, Train: 0.7357, Val: 0.6328, Test: 0.6536, Best time: 3.5824
After OOD adjustment: Training instances of last class: 0
After OOD adjustment: Testing instances of last class: 267
Epoch: 046, Runtime 0.262434, Loss 1.284311, forward nfe 0, backward nfe 0, Train: 0.7357, Val: 0.6328, Test: 0.6536, Best time: 3.5824
After OOD adjustment: Training instances of last class: 0
After OOD adjustment: Testing instances of last class: 267
Epoch: 047, Runtime 0.260449, Loss 1.143055, forward nfe 0, backward nfe 0, Train: 0.7357, Val: 0.6328, Test: 0.6536, Best time: 3.5824
After OOD adjustment: Training instances of last class: 0
After OOD adjustment: Testing instances of last class: 267
Epoch: 048, Runtime 0.371655, Loss 1.323179, forward nfe 0, backward nfe 0, Train: 0.6786, Val: 0.6455, Test: 0.6250, Best time: 3.5824
After OOD adjustment: Training instances of last class: 0
After OOD adjustment: Testing instances of last class: 267
Epoch: 049, Runtime 0.372782, Loss 1.244656, forward nfe 0, backward nfe 0, Train: 0.6357, Val: 0.6858, Test: 0.6568, Best time: 3.5824
After OOD adjustment: Training instances of last class: 0
After OOD adjustment: Testing instances of last class: 267
Epoch: 050, Runtime 0.259782, Loss 1.160937, forward nfe 0, backward nfe 0, Train: 0.6357, Val: 0.6858, Test: 0.6568, Best time: 3.5824
After OOD adjustment: Training instances of last class: 0
After OOD adjustment: Testing instances of last class: 267
Epoch: 051, Runtime 0.259245, Loss 1.107360, forward nfe 0, backward nfe 0, Train: 0.6357, Val: 0.6858, Test: 0.6568, Best time: 3.5824
After OOD adjustment: Training instances of last class: 0
After OOD adjustment: Testing instances of last class: 267
Epoch: 052, Runtime 0.262159, Loss 1.107816, forward nfe 0, backward nfe 0, Train: 0.6357, Val: 0.6858, Test: 0.6568, Best time: 3.5824
After OOD adjustment: Training instances of last class: 0
After OOD adjustment: Testing instances of last class: 267
Epoch: 053, Runtime 0.262229, Loss 1.168951, forward nfe 0, backward nfe 0, Train: 0.6357, Val: 0.6858, Test: 0.6568, Best time: 3.5824
After OOD adjustment: Training instances of last class: 0
After OOD adjustment: Testing instances of last class: 267
Epoch: 054, Runtime 0.262131, Loss 1.065682, forward nfe 0, backward nfe 0, Train: 0.6357, Val: 0.6858, Test: 0.6568, Best time: 3.5824
After OOD adjustment: Training instances of last class: 0
After OOD adjustment: Testing instances of last class: 267
Epoch: 055, Runtime 0.373441, Loss 1.021170, forward nfe 0, backward nfe 0, Train: 0.7000, Val: 0.7328, Test: 0.7105, Best time: 3.5824
After OOD adjustment: Training instances of last class: 0
After OOD adjustment: Testing instances of last class: 267
Epoch: 056, Runtime 0.260509, Loss 1.091623, forward nfe 0, backward nfe 0, Train: 0.7000, Val: 0.7328, Test: 0.7105, Best time: 3.5824
After OOD adjustment: Training instances of last class: 0
After OOD adjustment: Testing instances of last class: 267
Epoch: 057, Runtime 0.260130, Loss 1.015381, forward nfe 0, backward nfe 0, Train: 0.7000, Val: 0.7328, Test: 0.7105, Best time: 3.5824
After OOD adjustment: Training instances of last class: 0
After OOD adjustment: Testing instances of last class: 267
Epoch: 058, Runtime 0.260399, Loss 1.075964, forward nfe 0, backward nfe 0, Train: 0.7000, Val: 0.7328, Test: 0.7105, Best time: 3.5824
After OOD adjustment: Training instances of last class: 0
After OOD adjustment: Testing instances of last class: 267
Epoch: 059, Runtime 0.258523, Loss 1.125055, forward nfe 0, backward nfe 0, Train: 0.7000, Val: 0.7328, Test: 0.7105, Best time: 3.5824
After OOD adjustment: Training instances of last class: 0
After OOD adjustment: Testing instances of last class: 267
Epoch: 060, Runtime 0.259962, Loss 1.210573, forward nfe 0, backward nfe 0, Train: 0.7000, Val: 0.7328, Test: 0.7105, Best time: 3.5824
After OOD adjustment: Training instances of last class: 0
After OOD adjustment: Testing instances of last class: 267
Epoch: 061, Runtime 0.265295, Loss 0.956471, forward nfe 0, backward nfe 0, Train: 0.7000, Val: 0.7328, Test: 0.7105, Best time: 3.5824
After OOD adjustment: Training instances of last class: 0
After OOD adjustment: Testing instances of last class: 267
Epoch: 062, Runtime 0.381864, Loss 1.050374, forward nfe 0, backward nfe 0, Train: 0.7929, Val: 0.7761, Test: 0.7595, Best time: 3.5824
After OOD adjustment: Training instances of last class: 0
After OOD adjustment: Testing instances of last class: 267
Epoch: 063, Runtime 0.262809, Loss 0.995217, forward nfe 0, backward nfe 0, Train: 0.7929, Val: 0.7761, Test: 0.7595, Best time: 3.5824
After OOD adjustment: Training instances of last class: 0
After OOD adjustment: Testing instances of last class: 267
Epoch: 064, Runtime 0.261900, Loss 1.192802, forward nfe 0, backward nfe 0, Train: 0.7929, Val: 0.7761, Test: 0.7595, Best time: 3.5824
After OOD adjustment: Training instances of last class: 0
After OOD adjustment: Testing instances of last class: 267
Epoch: 065, Runtime 0.258853, Loss 1.004825, forward nfe 0, backward nfe 0, Train: 0.7929, Val: 0.7761, Test: 0.7595, Best time: 3.5824
After OOD adjustment: Training instances of last class: 0
After OOD adjustment: Testing instances of last class: 267
Epoch: 066, Runtime 0.261143, Loss 0.868945, forward nfe 0, backward nfe 0, Train: 0.7929, Val: 0.7761, Test: 0.7595, Best time: 3.5824
After OOD adjustment: Training instances of last class: 0
After OOD adjustment: Testing instances of last class: 267
Epoch: 067, Runtime 0.257215, Loss 0.992556, forward nfe 0, backward nfe 0, Train: 0.7929, Val: 0.7761, Test: 0.7595, Best time: 3.5824
After OOD adjustment: Training instances of last class: 0
After OOD adjustment: Testing instances of last class: 267
Epoch: 068, Runtime 0.262585, Loss 1.067191, forward nfe 0, backward nfe 0, Train: 0.7929, Val: 0.7761, Test: 0.7595, Best time: 3.5824
After OOD adjustment: Training instances of last class: 0
After OOD adjustment: Testing instances of last class: 267
Epoch: 069, Runtime 0.268928, Loss 0.963033, forward nfe 0, backward nfe 0, Train: 0.7929, Val: 0.7761, Test: 0.7595, Best time: 3.5824
After OOD adjustment: Training instances of last class: 0
After OOD adjustment: Testing instances of last class: 267
Epoch: 070, Runtime 0.261537, Loss 0.944843, forward nfe 0, backward nfe 0, Train: 0.7929, Val: 0.7761, Test: 0.7595, Best time: 3.5824
After OOD adjustment: Training instances of last class: 0
After OOD adjustment: Testing instances of last class: 267
Epoch: 071, Runtime 0.261471, Loss 0.825766, forward nfe 0, backward nfe 0, Train: 0.7929, Val: 0.7761, Test: 0.7595, Best time: 3.5824
After OOD adjustment: Training instances of last class: 0
After OOD adjustment: Testing instances of last class: 267
Epoch: 072, Runtime 0.260327, Loss 0.929373, forward nfe 0, backward nfe 0, Train: 0.7929, Val: 0.7761, Test: 0.7595, Best time: 3.5824
After OOD adjustment: Training instances of last class: 0
After OOD adjustment: Testing instances of last class: 267
Epoch: 073, Runtime 0.260314, Loss 1.241524, forward nfe 0, backward nfe 0, Train: 0.7929, Val: 0.7761, Test: 0.7595, Best time: 3.5824
After OOD adjustment: Training instances of last class: 0
After OOD adjustment: Testing instances of last class: 267
Epoch: 074, Runtime 0.260941, Loss 0.921210, forward nfe 0, backward nfe 0, Train: 0.7929, Val: 0.7761, Test: 0.7595, Best time: 3.5824
After OOD adjustment: Training instances of last class: 0
After OOD adjustment: Testing instances of last class: 267
Epoch: 075, Runtime 0.259440, Loss 1.027739, forward nfe 0, backward nfe 0, Train: 0.7929, Val: 0.7761, Test: 0.7595, Best time: 3.5824
After OOD adjustment: Training instances of last class: 0
After OOD adjustment: Testing instances of last class: 267
Epoch: 076, Runtime 0.259060, Loss 0.796820, forward nfe 0, backward nfe 0, Train: 0.7929, Val: 0.7761, Test: 0.7595, Best time: 3.5824
After OOD adjustment: Training instances of last class: 0
After OOD adjustment: Testing instances of last class: 267
Epoch: 077, Runtime 0.262473, Loss 0.734324, forward nfe 0, backward nfe 0, Train: 0.7929, Val: 0.7761, Test: 0.7595, Best time: 3.5824
After OOD adjustment: Training instances of last class: 0
After OOD adjustment: Testing instances of last class: 267
Epoch: 078, Runtime 0.259592, Loss 0.900210, forward nfe 0, backward nfe 0, Train: 0.7929, Val: 0.7761, Test: 0.7595, Best time: 3.5824
After OOD adjustment: Training instances of last class: 0
After OOD adjustment: Testing instances of last class: 267
Epoch: 079, Runtime 0.257427, Loss 0.959457, forward nfe 0, backward nfe 0, Train: 0.7929, Val: 0.7761, Test: 0.7595, Best time: 3.5824
After OOD adjustment: Training instances of last class: 0
After OOD adjustment: Testing instances of last class: 267
Epoch: 080, Runtime 0.259219, Loss 0.826600, forward nfe 0, backward nfe 0, Train: 0.7929, Val: 0.7761, Test: 0.7595, Best time: 3.5824
After OOD adjustment: Training instances of last class: 0
After OOD adjustment: Testing instances of last class: 267
Epoch: 081, Runtime 0.257242, Loss 0.883676, forward nfe 0, backward nfe 0, Train: 0.7929, Val: 0.7761, Test: 0.7595, Best time: 3.5824
After OOD adjustment: Training instances of last class: 0
After OOD adjustment: Testing instances of last class: 267
Epoch: 082, Runtime 0.262456, Loss 0.939681, forward nfe 0, backward nfe 0, Train: 0.7929, Val: 0.7761, Test: 0.7595, Best time: 3.5824
After OOD adjustment: Training instances of last class: 0
After OOD adjustment: Testing instances of last class: 267
Epoch: 083, Runtime 0.257451, Loss 0.937142, forward nfe 0, backward nfe 0, Train: 0.7929, Val: 0.7761, Test: 0.7595, Best time: 3.5824
After OOD adjustment: Training instances of last class: 0
After OOD adjustment: Testing instances of last class: 267
Epoch: 084, Runtime 0.256358, Loss 0.965816, forward nfe 0, backward nfe 0, Train: 0.7929, Val: 0.7761, Test: 0.7595, Best time: 3.5824
After OOD adjustment: Training instances of last class: 0
After OOD adjustment: Testing instances of last class: 267
Epoch: 085, Runtime 0.370496, Loss 0.803711, forward nfe 0, backward nfe 0, Train: 0.8500, Val: 0.7776, Test: 0.7880, Best time: 3.5824
After OOD adjustment: Training instances of last class: 0
After OOD adjustment: Testing instances of last class: 267
Epoch: 086, Runtime 0.257875, Loss 0.816542, forward nfe 0, backward nfe 0, Train: 0.8500, Val: 0.7776, Test: 0.7880, Best time: 3.5824
After OOD adjustment: Training instances of last class: 0
After OOD adjustment: Testing instances of last class: 267
Epoch: 087, Runtime 0.258262, Loss 0.856334, forward nfe 0, backward nfe 0, Train: 0.8500, Val: 0.7776, Test: 0.7880, Best time: 3.5824
After OOD adjustment: Training instances of last class: 0
After OOD adjustment: Testing instances of last class: 267
Epoch: 088, Runtime 0.370331, Loss 0.781762, forward nfe 0, backward nfe 0, Train: 0.9429, Val: 0.8463, Test: 0.8487, Best time: 3.5824
After OOD adjustment: Training instances of last class: 0
After OOD adjustment: Testing instances of last class: 267
Epoch: 089, Runtime 0.260549, Loss 0.654738, forward nfe 0, backward nfe 0, Train: 0.9429, Val: 0.8463, Test: 0.8487, Best time: 3.5824
After OOD adjustment: Training instances of last class: 0
After OOD adjustment: Testing instances of last class: 267
Epoch: 090, Runtime 0.259588, Loss 0.967726, forward nfe 0, backward nfe 0, Train: 0.9429, Val: 0.8463, Test: 0.8487, Best time: 3.5824
After OOD adjustment: Training instances of last class: 0
After OOD adjustment: Testing instances of last class: 267
Epoch: 091, Runtime 0.259689, Loss 0.870909, forward nfe 0, backward nfe 0, Train: 0.9429, Val: 0.8463, Test: 0.8487, Best time: 3.5824
After OOD adjustment: Training instances of last class: 0
After OOD adjustment: Testing instances of last class: 267
Epoch: 092, Runtime 0.260179, Loss 0.687382, forward nfe 0, backward nfe 0, Train: 0.9429, Val: 0.8463, Test: 0.8487, Best time: 3.5824
After OOD adjustment: Training instances of last class: 0
After OOD adjustment: Testing instances of last class: 267
Epoch: 093, Runtime 0.269644, Loss 0.712661, forward nfe 0, backward nfe 0, Train: 0.9429, Val: 0.8463, Test: 0.8487, Best time: 3.5824
After OOD adjustment: Training instances of last class: 0
After OOD adjustment: Testing instances of last class: 267
Epoch: 094, Runtime 0.262462, Loss 0.721165, forward nfe 0, backward nfe 0, Train: 0.9429, Val: 0.8463, Test: 0.8487, Best time: 3.5824
After OOD adjustment: Training instances of last class: 0
After OOD adjustment: Testing instances of last class: 267
Epoch: 095, Runtime 0.260360, Loss 0.701086, forward nfe 0, backward nfe 0, Train: 0.9429, Val: 0.8463, Test: 0.8487, Best time: 3.5824
After OOD adjustment: Training instances of last class: 0
After OOD adjustment: Testing instances of last class: 267
Epoch: 096, Runtime 0.265091, Loss 0.715419, forward nfe 0, backward nfe 0, Train: 0.9429, Val: 0.8463, Test: 0.8487, Best time: 3.5824
After OOD adjustment: Training instances of last class: 0
After OOD adjustment: Testing instances of last class: 267
Epoch: 097, Runtime 0.262300, Loss 0.957633, forward nfe 0, backward nfe 0, Train: 0.9429, Val: 0.8463, Test: 0.8487, Best time: 3.5824
After OOD adjustment: Training instances of last class: 0
After OOD adjustment: Testing instances of last class: 267
Epoch: 098, Runtime 0.265090, Loss 0.743070, forward nfe 0, backward nfe 0, Train: 0.9429, Val: 0.8463, Test: 0.8487, Best time: 3.5824
After OOD adjustment: Training instances of last class: 0
After OOD adjustment: Testing instances of last class: 267
Epoch: 099, Runtime 0.262002, Loss 0.683646, forward nfe 0, backward nfe 0, Train: 0.9429, Val: 0.8463, Test: 0.8487, Best time: 3.5824
best val accuracy 0.846269 with test accuracy 0.848672 at epoch 88 and best time 3.582403
base_directory resutls_prob/OOD_Photo
new_name:  bgcn_ODD
file_path 1 resutls_prob/OOD_Photo/bgcn_ODD_prediction_probabilities_2.npz
file_path 2 resutls_prob/OOD_Photo/bgcn_ODD_prediction_probabilities_2.npz
Entropy Threshold: inf Test accuracy: 0.8476699515617171
Entropy Threshold: 2 Test accuracy: 0.8039084683480875
Entropy Threshold: 1.6 Test accuracy: 0.8678784590341834
Entropy Threshold: 1.5 Test accuracy: 0.8749282845668388
Entropy Threshold: 1.4 Test accuracy: 0.9489443378119002
Entropy Threshold: 1.3 Test accuracy: 0.9313380281690141
Entropy Threshold: 1.2 Test accuracy: 0.9442786069651742
Entropy Threshold: 1.1 Test accuracy: 0.9334098737083811
Entropy Threshold: 0.9 Test accuracy: 0.9618320610687023
Entropy Threshold: 0.8 Test accuracy: 0.9858490566037735
Entropy Threshold: 0.7 Test accuracy: 0.9864864864864865
Entropy Threshold: 0.6 Test accuracy: 1.0
Entropy Threshold: 0.5 Test accuracy: 0.9833333333333333
Entropy Threshold: 0.4 Test accuracy: 0.9791666666666666
Entropy Threshold: 0.3 Test accuracy: 0.9736842105263158
Entropy Threshold: 0.2 Test accuracy: 1.0
Entropy Threshold: 0.1 Test accuracy: 1.0
