[KeOps] Warning : cuda was detected, but driver API could not be initialized. Switching to cpu only.
Folder already exists: results/cora
experiment: 0
Dataset size (num_nodes): 2485, Intended development set size (num_development): 1500
Dataset size (num_nodes): 2485, Actual development set size (num_development): 1500
rations: train 140, val 1360, test 985
Before OOD adjustment: Total instances of last class: 131
Before OOD adjustment: Training instances of last class: 20
Before OOD adjustment: Testing instances of last class: 55
Before OOD adjustment: Val instances of last class: 56
total train + val+ test 131
After OOD adjustment: Training instances of last class: 0
After OOD adjustment: Testing instances of last class: 55
Total number of classes: 7
number of classes to train: 6
Dataset size (num_nodes): 2485, Intended development set size (num_development): 1500
Dataset size (num_nodes): 2485, Actual development set size (num_development): 1500
rations: train 140, val 1360, test 985
within set_train_val_test_split function!
Before OOD adjustment: Total instances of last class: 131
Before OOD adjustment: Training instances of last class: 20
Before OOD adjustment: Testing instances of last class: 62
Before OOD adjustment: Val instances of last class: 49
total train + val+ test 131
After OOD adjustment: Training instances of last class: 0
After OOD adjustment: Testing instances of last class: 62
BayesianGCN(
  (bayes_conv1): BayesianGCNConv(1433, 64)
  (bayes_conv3): BayesianGCNConv(64, 6)
)
bayes_conv1.mu_weight
torch.Size([64, 1433])
bayes_conv1.rho_weight
torch.Size([64, 1433])
bayes_conv1.mu_bias
torch.Size([64])
bayes_conv1.rho_bias
torch.Size([64])
bayes_conv3.mu_weight
torch.Size([6, 64])
bayes_conv3.rho_weight
torch.Size([6, 64])
bayes_conv3.mu_bias
torch.Size([6])
bayes_conv3.rho_bias
torch.Size([6])
After OOD adjustment: Training instances of last class: 0
After OOD adjustment: Testing instances of last class: 62
Epoch: 001, Runtime 0.048168, Loss 1.808143, forward nfe 0, backward nfe 0, Train: 0.2333, Val: 0.1574, Test: 0.1543, Best time: 18.2948
After OOD adjustment: Training instances of last class: 0
After OOD adjustment: Testing instances of last class: 62
Epoch: 002, Runtime 0.036865, Loss 1.839793, forward nfe 0, backward nfe 0, Train: 0.2333, Val: 0.1574, Test: 0.1543, Best time: 18.2948
After OOD adjustment: Training instances of last class: 0
After OOD adjustment: Testing instances of last class: 62
Epoch: 003, Runtime 0.210605, Loss 1.777844, forward nfe 0, backward nfe 0, Train: 0.2167, Val: 0.1588, Test: 0.1655, Best time: 18.2948
After OOD adjustment: Training instances of last class: 0
After OOD adjustment: Testing instances of last class: 62
Epoch: 004, Runtime 0.197561, Loss 1.810138, forward nfe 0, backward nfe 0, Train: 0.1667, Val: 0.1603, Test: 0.1442, Best time: 18.2948
After OOD adjustment: Training instances of last class: 0
After OOD adjustment: Testing instances of last class: 62
Epoch: 005, Runtime 0.199451, Loss 1.775985, forward nfe 0, backward nfe 0, Train: 0.3083, Val: 0.3140, Test: 0.3168, Best time: 18.2948
After OOD adjustment: Training instances of last class: 0
After OOD adjustment: Testing instances of last class: 62
Epoch: 006, Runtime 0.036350, Loss 1.729209, forward nfe 0, backward nfe 0, Train: 0.3083, Val: 0.3140, Test: 0.3168, Best time: 18.2948
After OOD adjustment: Training instances of last class: 0
After OOD adjustment: Testing instances of last class: 62
Epoch: 007, Runtime 0.036408, Loss 1.780981, forward nfe 0, backward nfe 0, Train: 0.3083, Val: 0.3140, Test: 0.3168, Best time: 18.2948
After OOD adjustment: Training instances of last class: 0
After OOD adjustment: Testing instances of last class: 62
Epoch: 008, Runtime 0.197147, Loss 1.757638, forward nfe 0, backward nfe 0, Train: 0.3250, Val: 0.3500, Test: 0.3503, Best time: 18.2948
After OOD adjustment: Training instances of last class: 0
After OOD adjustment: Testing instances of last class: 62
Epoch: 009, Runtime 0.036242, Loss 1.706635, forward nfe 0, backward nfe 0, Train: 0.3250, Val: 0.3500, Test: 0.3503, Best time: 18.2948
After OOD adjustment: Training instances of last class: 0
After OOD adjustment: Testing instances of last class: 62
Epoch: 010, Runtime 0.037715, Loss 1.705561, forward nfe 0, backward nfe 0, Train: 0.3250, Val: 0.3500, Test: 0.3503, Best time: 18.2948
After OOD adjustment: Training instances of last class: 0
After OOD adjustment: Testing instances of last class: 62
Epoch: 011, Runtime 0.034973, Loss 1.696301, forward nfe 0, backward nfe 0, Train: 0.3250, Val: 0.3500, Test: 0.3503, Best time: 18.2948
After OOD adjustment: Training instances of last class: 0
After OOD adjustment: Testing instances of last class: 62
Epoch: 012, Runtime 0.034326, Loss 1.659325, forward nfe 0, backward nfe 0, Train: 0.3250, Val: 0.3500, Test: 0.3503, Best time: 18.2948
After OOD adjustment: Training instances of last class: 0
After OOD adjustment: Testing instances of last class: 62
Epoch: 013, Runtime 0.035517, Loss 1.697624, forward nfe 0, backward nfe 0, Train: 0.3250, Val: 0.3500, Test: 0.3503, Best time: 18.2948
After OOD adjustment: Training instances of last class: 0
After OOD adjustment: Testing instances of last class: 62
Epoch: 014, Runtime 0.199597, Loss 1.654232, forward nfe 0, backward nfe 0, Train: 0.3417, Val: 0.3743, Test: 0.3533, Best time: 18.2948
After OOD adjustment: Training instances of last class: 0
After OOD adjustment: Testing instances of last class: 62
Epoch: 015, Runtime 0.196697, Loss 1.663154, forward nfe 0, backward nfe 0, Train: 0.7417, Val: 0.4757, Test: 0.4802, Best time: 18.2948
After OOD adjustment: Training instances of last class: 0
After OOD adjustment: Testing instances of last class: 62
Epoch: 016, Runtime 0.035455, Loss 1.626792, forward nfe 0, backward nfe 0, Train: 0.7417, Val: 0.4757, Test: 0.4802, Best time: 18.2948
After OOD adjustment: Training instances of last class: 0
After OOD adjustment: Testing instances of last class: 62
Epoch: 017, Runtime 0.034942, Loss 1.635482, forward nfe 0, backward nfe 0, Train: 0.7417, Val: 0.4757, Test: 0.4802, Best time: 18.2948
After OOD adjustment: Training instances of last class: 0
After OOD adjustment: Testing instances of last class: 62
Epoch: 018, Runtime 0.035641, Loss 1.613376, forward nfe 0, backward nfe 0, Train: 0.7417, Val: 0.4757, Test: 0.4802, Best time: 18.2948
After OOD adjustment: Training instances of last class: 0
After OOD adjustment: Testing instances of last class: 62
Epoch: 019, Runtime 0.197662, Loss 1.593016, forward nfe 0, backward nfe 0, Train: 0.6250, Val: 0.4787, Test: 0.4609, Best time: 18.2948
After OOD adjustment: Training instances of last class: 0
After OOD adjustment: Testing instances of last class: 62
Epoch: 020, Runtime 0.036198, Loss 1.683480, forward nfe 0, backward nfe 0, Train: 0.6250, Val: 0.4787, Test: 0.4609, Best time: 18.2948
After OOD adjustment: Training instances of last class: 0
After OOD adjustment: Testing instances of last class: 62
Epoch: 021, Runtime 0.197064, Loss 1.576050, forward nfe 0, backward nfe 0, Train: 0.6500, Val: 0.5140, Test: 0.5360, Best time: 18.2948
After OOD adjustment: Training instances of last class: 0
After OOD adjustment: Testing instances of last class: 62
Epoch: 022, Runtime 0.035670, Loss 1.589671, forward nfe 0, backward nfe 0, Train: 0.6500, Val: 0.5140, Test: 0.5360, Best time: 18.2948
After OOD adjustment: Training instances of last class: 0
After OOD adjustment: Testing instances of last class: 62
Epoch: 023, Runtime 0.035280, Loss 1.566651, forward nfe 0, backward nfe 0, Train: 0.6500, Val: 0.5140, Test: 0.5360, Best time: 18.2948
After OOD adjustment: Training instances of last class: 0
After OOD adjustment: Testing instances of last class: 62
Epoch: 024, Runtime 0.036374, Loss 1.569425, forward nfe 0, backward nfe 0, Train: 0.6500, Val: 0.5140, Test: 0.5360, Best time: 18.2948
After OOD adjustment: Training instances of last class: 0
After OOD adjustment: Testing instances of last class: 62
Epoch: 025, Runtime 0.035675, Loss 1.591507, forward nfe 0, backward nfe 0, Train: 0.6500, Val: 0.5140, Test: 0.5360, Best time: 18.2948
After OOD adjustment: Training instances of last class: 0
After OOD adjustment: Testing instances of last class: 62
Epoch: 026, Runtime 0.196345, Loss 1.564362, forward nfe 0, backward nfe 0, Train: 0.7083, Val: 0.6088, Test: 0.6061, Best time: 18.2948
After OOD adjustment: Training instances of last class: 0
After OOD adjustment: Testing instances of last class: 62
Epoch: 027, Runtime 0.035659, Loss 1.504829, forward nfe 0, backward nfe 0, Train: 0.7083, Val: 0.6088, Test: 0.6061, Best time: 18.2948
After OOD adjustment: Training instances of last class: 0
After OOD adjustment: Testing instances of last class: 62
Epoch: 028, Runtime 0.033577, Loss 1.509335, forward nfe 0, backward nfe 0, Train: 0.7083, Val: 0.6088, Test: 0.6061, Best time: 18.2948
After OOD adjustment: Training instances of last class: 0
After OOD adjustment: Testing instances of last class: 62
Epoch: 029, Runtime 0.035924, Loss 1.461988, forward nfe 0, backward nfe 0, Train: 0.7083, Val: 0.6088, Test: 0.6061, Best time: 18.2948
After OOD adjustment: Training instances of last class: 0
After OOD adjustment: Testing instances of last class: 62
Epoch: 030, Runtime 0.035776, Loss 1.521906, forward nfe 0, backward nfe 0, Train: 0.7083, Val: 0.6088, Test: 0.6061, Best time: 18.2948
After OOD adjustment: Training instances of last class: 0
After OOD adjustment: Testing instances of last class: 62
Epoch: 031, Runtime 0.200162, Loss 1.474493, forward nfe 0, backward nfe 0, Train: 0.8917, Val: 0.6574, Test: 0.6305, Best time: 18.2948
After OOD adjustment: Training instances of last class: 0
After OOD adjustment: Testing instances of last class: 62
Epoch: 032, Runtime 0.035849, Loss 1.463717, forward nfe 0, backward nfe 0, Train: 0.8917, Val: 0.6574, Test: 0.6305, Best time: 18.2948
After OOD adjustment: Training instances of last class: 0
After OOD adjustment: Testing instances of last class: 62
Epoch: 033, Runtime 0.035608, Loss 1.425418, forward nfe 0, backward nfe 0, Train: 0.8917, Val: 0.6574, Test: 0.6305, Best time: 18.2948
After OOD adjustment: Training instances of last class: 0
After OOD adjustment: Testing instances of last class: 62
Epoch: 034, Runtime 0.035200, Loss 1.422039, forward nfe 0, backward nfe 0, Train: 0.8917, Val: 0.6574, Test: 0.6305, Best time: 18.2948
After OOD adjustment: Training instances of last class: 0
After OOD adjustment: Testing instances of last class: 62
Epoch: 035, Runtime 0.035400, Loss 1.437084, forward nfe 0, backward nfe 0, Train: 0.8917, Val: 0.6574, Test: 0.6305, Best time: 18.2948
After OOD adjustment: Training instances of last class: 0
After OOD adjustment: Testing instances of last class: 62
Epoch: 036, Runtime 0.035494, Loss 1.469700, forward nfe 0, backward nfe 0, Train: 0.8917, Val: 0.6574, Test: 0.6305, Best time: 18.2948
After OOD adjustment: Training instances of last class: 0
After OOD adjustment: Testing instances of last class: 62
Epoch: 037, Runtime 0.035634, Loss 1.393436, forward nfe 0, backward nfe 0, Train: 0.8917, Val: 0.6574, Test: 0.6305, Best time: 18.2948
After OOD adjustment: Training instances of last class: 0
After OOD adjustment: Testing instances of last class: 62
Epoch: 038, Runtime 0.035161, Loss 1.444117, forward nfe 0, backward nfe 0, Train: 0.8917, Val: 0.6574, Test: 0.6305, Best time: 18.2948
After OOD adjustment: Training instances of last class: 0
After OOD adjustment: Testing instances of last class: 62
Epoch: 039, Runtime 0.197696, Loss 1.360801, forward nfe 0, backward nfe 0, Train: 0.9000, Val: 0.6581, Test: 0.6386, Best time: 18.2948
After OOD adjustment: Training instances of last class: 0
After OOD adjustment: Testing instances of last class: 62
Epoch: 040, Runtime 0.035483, Loss 1.367384, forward nfe 0, backward nfe 0, Train: 0.9000, Val: 0.6581, Test: 0.6386, Best time: 18.2948
After OOD adjustment: Training instances of last class: 0
After OOD adjustment: Testing instances of last class: 62
Epoch: 041, Runtime 0.035392, Loss 1.379587, forward nfe 0, backward nfe 0, Train: 0.9000, Val: 0.6581, Test: 0.6386, Best time: 18.2948
After OOD adjustment: Training instances of last class: 0
After OOD adjustment: Testing instances of last class: 62
Epoch: 042, Runtime 0.197458, Loss 1.374207, forward nfe 0, backward nfe 0, Train: 0.9750, Val: 0.7029, Test: 0.7107, Best time: 18.2948
After OOD adjustment: Training instances of last class: 0
After OOD adjustment: Testing instances of last class: 62
Epoch: 043, Runtime 0.036551, Loss 1.311941, forward nfe 0, backward nfe 0, Train: 0.9750, Val: 0.7029, Test: 0.7107, Best time: 18.2948
After OOD adjustment: Training instances of last class: 0
After OOD adjustment: Testing instances of last class: 62
Epoch: 044, Runtime 0.036179, Loss 1.285485, forward nfe 0, backward nfe 0, Train: 0.9750, Val: 0.7029, Test: 0.7107, Best time: 18.2948
After OOD adjustment: Training instances of last class: 0
After OOD adjustment: Testing instances of last class: 62
Epoch: 045, Runtime 0.035580, Loss 1.276867, forward nfe 0, backward nfe 0, Train: 0.9750, Val: 0.7029, Test: 0.7107, Best time: 18.2948
After OOD adjustment: Training instances of last class: 0
After OOD adjustment: Testing instances of last class: 62
Epoch: 046, Runtime 0.035625, Loss 1.276135, forward nfe 0, backward nfe 0, Train: 0.9750, Val: 0.7029, Test: 0.7107, Best time: 18.2948
After OOD adjustment: Training instances of last class: 0
After OOD adjustment: Testing instances of last class: 62
Epoch: 047, Runtime 0.035764, Loss 1.276251, forward nfe 0, backward nfe 0, Train: 0.9750, Val: 0.7029, Test: 0.7107, Best time: 18.2948
After OOD adjustment: Training instances of last class: 0
After OOD adjustment: Testing instances of last class: 62
Epoch: 048, Runtime 0.035082, Loss 1.254672, forward nfe 0, backward nfe 0, Train: 0.9750, Val: 0.7029, Test: 0.7107, Best time: 18.2948
After OOD adjustment: Training instances of last class: 0
After OOD adjustment: Testing instances of last class: 62
Epoch: 049, Runtime 0.034563, Loss 1.264333, forward nfe 0, backward nfe 0, Train: 0.9750, Val: 0.7029, Test: 0.7107, Best time: 18.2948
After OOD adjustment: Training instances of last class: 0
After OOD adjustment: Testing instances of last class: 62
Epoch: 050, Runtime 0.034976, Loss 1.199242, forward nfe 0, backward nfe 0, Train: 0.9750, Val: 0.7029, Test: 0.7107, Best time: 18.2948
After OOD adjustment: Training instances of last class: 0
After OOD adjustment: Testing instances of last class: 62
Epoch: 051, Runtime 0.036137, Loss 1.242797, forward nfe 0, backward nfe 0, Train: 0.9750, Val: 0.7029, Test: 0.7107, Best time: 18.2948
After OOD adjustment: Training instances of last class: 0
After OOD adjustment: Testing instances of last class: 62
Epoch: 052, Runtime 0.035963, Loss 1.204445, forward nfe 0, backward nfe 0, Train: 0.9750, Val: 0.7029, Test: 0.7107, Best time: 18.2948
After OOD adjustment: Training instances of last class: 0
After OOD adjustment: Testing instances of last class: 62
Epoch: 053, Runtime 0.038045, Loss 1.194085, forward nfe 0, backward nfe 0, Train: 0.9750, Val: 0.7029, Test: 0.7107, Best time: 18.2948
After OOD adjustment: Training instances of last class: 0
After OOD adjustment: Testing instances of last class: 62
Epoch: 054, Runtime 0.035404, Loss 1.179285, forward nfe 0, backward nfe 0, Train: 0.9750, Val: 0.7029, Test: 0.7107, Best time: 18.2948
After OOD adjustment: Training instances of last class: 0
After OOD adjustment: Testing instances of last class: 62
Epoch: 055, Runtime 0.035636, Loss 1.174373, forward nfe 0, backward nfe 0, Train: 0.9750, Val: 0.7029, Test: 0.7107, Best time: 18.2948
After OOD adjustment: Training instances of last class: 0
After OOD adjustment: Testing instances of last class: 62
Epoch: 056, Runtime 0.200710, Loss 1.156658, forward nfe 0, backward nfe 0, Train: 0.9417, Val: 0.7118, Test: 0.7178, Best time: 18.2948
After OOD adjustment: Training instances of last class: 0
After OOD adjustment: Testing instances of last class: 62
Epoch: 057, Runtime 0.200736, Loss 1.142101, forward nfe 0, backward nfe 0, Train: 0.9583, Val: 0.7154, Test: 0.7056, Best time: 18.2948
After OOD adjustment: Training instances of last class: 0
After OOD adjustment: Testing instances of last class: 62
Epoch: 058, Runtime 0.035564, Loss 1.104948, forward nfe 0, backward nfe 0, Train: 0.9583, Val: 0.7154, Test: 0.7056, Best time: 18.2948
After OOD adjustment: Training instances of last class: 0
After OOD adjustment: Testing instances of last class: 62
Epoch: 059, Runtime 0.035450, Loss 1.125398, forward nfe 0, backward nfe 0, Train: 0.9583, Val: 0.7154, Test: 0.7056, Best time: 18.2948
After OOD adjustment: Training instances of last class: 0
After OOD adjustment: Testing instances of last class: 62
Epoch: 060, Runtime 0.034870, Loss 1.120995, forward nfe 0, backward nfe 0, Train: 0.9583, Val: 0.7154, Test: 0.7056, Best time: 18.2948
After OOD adjustment: Training instances of last class: 0
After OOD adjustment: Testing instances of last class: 62
Epoch: 061, Runtime 0.034261, Loss 1.097864, forward nfe 0, backward nfe 0, Train: 0.9583, Val: 0.7154, Test: 0.7056, Best time: 18.2948
After OOD adjustment: Training instances of last class: 0
After OOD adjustment: Testing instances of last class: 62
Epoch: 062, Runtime 0.034945, Loss 1.053668, forward nfe 0, backward nfe 0, Train: 0.9583, Val: 0.7154, Test: 0.7056, Best time: 18.2948
After OOD adjustment: Training instances of last class: 0
After OOD adjustment: Testing instances of last class: 62
Epoch: 063, Runtime 0.198227, Loss 1.098102, forward nfe 0, backward nfe 0, Train: 0.9917, Val: 0.7596, Test: 0.7655, Best time: 18.2948
After OOD adjustment: Training instances of last class: 0
After OOD adjustment: Testing instances of last class: 62
Epoch: 064, Runtime 0.035432, Loss 1.056579, forward nfe 0, backward nfe 0, Train: 0.9917, Val: 0.7596, Test: 0.7655, Best time: 18.2948
After OOD adjustment: Training instances of last class: 0
After OOD adjustment: Testing instances of last class: 62
Epoch: 065, Runtime 0.035691, Loss 1.025217, forward nfe 0, backward nfe 0, Train: 0.9917, Val: 0.7596, Test: 0.7655, Best time: 18.2948
After OOD adjustment: Training instances of last class: 0
After OOD adjustment: Testing instances of last class: 62
Epoch: 066, Runtime 0.198055, Loss 1.020475, forward nfe 0, backward nfe 0, Train: 0.9583, Val: 0.7721, Test: 0.7706, Best time: 18.2948
After OOD adjustment: Training instances of last class: 0
After OOD adjustment: Testing instances of last class: 62
Epoch: 067, Runtime 0.036992, Loss 1.002976, forward nfe 0, backward nfe 0, Train: 0.9583, Val: 0.7721, Test: 0.7706, Best time: 18.2948
After OOD adjustment: Training instances of last class: 0
After OOD adjustment: Testing instances of last class: 62
Epoch: 068, Runtime 0.038753, Loss 1.021879, forward nfe 0, backward nfe 0, Train: 0.9583, Val: 0.7721, Test: 0.7706, Best time: 18.2948
After OOD adjustment: Training instances of last class: 0
After OOD adjustment: Testing instances of last class: 62
Epoch: 069, Runtime 0.034140, Loss 0.948172, forward nfe 0, backward nfe 0, Train: 0.9583, Val: 0.7721, Test: 0.7706, Best time: 18.2948
After OOD adjustment: Training instances of last class: 0
After OOD adjustment: Testing instances of last class: 62
Epoch: 070, Runtime 0.033825, Loss 0.993576, forward nfe 0, backward nfe 0, Train: 0.9583, Val: 0.7721, Test: 0.7706, Best time: 18.2948
After OOD adjustment: Training instances of last class: 0
After OOD adjustment: Testing instances of last class: 62
Epoch: 071, Runtime 0.035484, Loss 0.923896, forward nfe 0, backward nfe 0, Train: 0.9583, Val: 0.7721, Test: 0.7706, Best time: 18.2948
After OOD adjustment: Training instances of last class: 0
After OOD adjustment: Testing instances of last class: 62
Epoch: 072, Runtime 0.035868, Loss 0.911447, forward nfe 0, backward nfe 0, Train: 0.9583, Val: 0.7721, Test: 0.7706, Best time: 18.2948
After OOD adjustment: Training instances of last class: 0
After OOD adjustment: Testing instances of last class: 62
Epoch: 073, Runtime 0.036008, Loss 0.937738, forward nfe 0, backward nfe 0, Train: 0.9583, Val: 0.7721, Test: 0.7706, Best time: 18.2948
After OOD adjustment: Training instances of last class: 0
After OOD adjustment: Testing instances of last class: 62
Epoch: 074, Runtime 0.035294, Loss 0.918976, forward nfe 0, backward nfe 0, Train: 0.9583, Val: 0.7721, Test: 0.7706, Best time: 18.2948
After OOD adjustment: Training instances of last class: 0
After OOD adjustment: Testing instances of last class: 62
Epoch: 075, Runtime 0.035684, Loss 0.899765, forward nfe 0, backward nfe 0, Train: 0.9583, Val: 0.7721, Test: 0.7706, Best time: 18.2948
After OOD adjustment: Training instances of last class: 0
After OOD adjustment: Testing instances of last class: 62
Epoch: 076, Runtime 0.036082, Loss 0.891336, forward nfe 0, backward nfe 0, Train: 0.9583, Val: 0.7721, Test: 0.7706, Best time: 18.2948
After OOD adjustment: Training instances of last class: 0
After OOD adjustment: Testing instances of last class: 62
Epoch: 077, Runtime 0.036085, Loss 0.871204, forward nfe 0, backward nfe 0, Train: 0.9583, Val: 0.7721, Test: 0.7706, Best time: 18.2948
After OOD adjustment: Training instances of last class: 0
After OOD adjustment: Testing instances of last class: 62
Epoch: 078, Runtime 0.035416, Loss 0.831673, forward nfe 0, backward nfe 0, Train: 0.9583, Val: 0.7721, Test: 0.7706, Best time: 18.2948
After OOD adjustment: Training instances of last class: 0
After OOD adjustment: Testing instances of last class: 62
Epoch: 079, Runtime 0.035289, Loss 0.884876, forward nfe 0, backward nfe 0, Train: 0.9583, Val: 0.7721, Test: 0.7706, Best time: 18.2948
After OOD adjustment: Training instances of last class: 0
After OOD adjustment: Testing instances of last class: 62
Epoch: 080, Runtime 0.036110, Loss 0.860543, forward nfe 0, backward nfe 0, Train: 0.9583, Val: 0.7721, Test: 0.7706, Best time: 18.2948
After OOD adjustment: Training instances of last class: 0
After OOD adjustment: Testing instances of last class: 62
Epoch: 081, Runtime 0.036256, Loss 0.854373, forward nfe 0, backward nfe 0, Train: 0.9583, Val: 0.7721, Test: 0.7706, Best time: 18.2948
After OOD adjustment: Training instances of last class: 0
After OOD adjustment: Testing instances of last class: 62
Epoch: 082, Runtime 0.035259, Loss 0.790099, forward nfe 0, backward nfe 0, Train: 0.9583, Val: 0.7721, Test: 0.7706, Best time: 18.2948
After OOD adjustment: Training instances of last class: 0
After OOD adjustment: Testing instances of last class: 62
Epoch: 083, Runtime 0.038640, Loss 0.767640, forward nfe 0, backward nfe 0, Train: 0.9583, Val: 0.7721, Test: 0.7706, Best time: 18.2948
After OOD adjustment: Training instances of last class: 0
After OOD adjustment: Testing instances of last class: 62
Epoch: 084, Runtime 0.040541, Loss 0.794004, forward nfe 0, backward nfe 0, Train: 0.9583, Val: 0.7721, Test: 0.7706, Best time: 18.2948
After OOD adjustment: Training instances of last class: 0
After OOD adjustment: Testing instances of last class: 62
Epoch: 085, Runtime 0.036170, Loss 0.751586, forward nfe 0, backward nfe 0, Train: 0.9583, Val: 0.7721, Test: 0.7706, Best time: 18.2948
After OOD adjustment: Training instances of last class: 0
After OOD adjustment: Testing instances of last class: 62
Epoch: 086, Runtime 0.200446, Loss 0.763842, forward nfe 0, backward nfe 0, Train: 0.9833, Val: 0.7757, Test: 0.7685, Best time: 18.2948
After OOD adjustment: Training instances of last class: 0
After OOD adjustment: Testing instances of last class: 62
Epoch: 087, Runtime 0.036217, Loss 0.775461, forward nfe 0, backward nfe 0, Train: 0.9833, Val: 0.7757, Test: 0.7685, Best time: 18.2948
After OOD adjustment: Training instances of last class: 0
After OOD adjustment: Testing instances of last class: 62
Epoch: 088, Runtime 0.036116, Loss 0.716089, forward nfe 0, backward nfe 0, Train: 0.9833, Val: 0.7757, Test: 0.7685, Best time: 18.2948
After OOD adjustment: Training instances of last class: 0
After OOD adjustment: Testing instances of last class: 62
Epoch: 089, Runtime 0.035781, Loss 0.689138, forward nfe 0, backward nfe 0, Train: 0.9833, Val: 0.7757, Test: 0.7685, Best time: 18.2948
After OOD adjustment: Training instances of last class: 0
After OOD adjustment: Testing instances of last class: 62
Epoch: 090, Runtime 0.035596, Loss 0.715184, forward nfe 0, backward nfe 0, Train: 0.9833, Val: 0.7757, Test: 0.7685, Best time: 18.2948
After OOD adjustment: Training instances of last class: 0
After OOD adjustment: Testing instances of last class: 62
Epoch: 091, Runtime 0.035649, Loss 0.708001, forward nfe 0, backward nfe 0, Train: 0.9833, Val: 0.7757, Test: 0.7685, Best time: 18.2948
After OOD adjustment: Training instances of last class: 0
After OOD adjustment: Testing instances of last class: 62
Epoch: 092, Runtime 0.036049, Loss 0.665096, forward nfe 0, backward nfe 0, Train: 0.9833, Val: 0.7757, Test: 0.7685, Best time: 18.2948
After OOD adjustment: Training instances of last class: 0
After OOD adjustment: Testing instances of last class: 62
Epoch: 093, Runtime 0.035922, Loss 0.650383, forward nfe 0, backward nfe 0, Train: 0.9833, Val: 0.7757, Test: 0.7685, Best time: 18.2948
After OOD adjustment: Training instances of last class: 0
After OOD adjustment: Testing instances of last class: 62
Epoch: 094, Runtime 0.035306, Loss 0.643799, forward nfe 0, backward nfe 0, Train: 0.9833, Val: 0.7757, Test: 0.7685, Best time: 18.2948
After OOD adjustment: Training instances of last class: 0
After OOD adjustment: Testing instances of last class: 62
Epoch: 095, Runtime 0.035966, Loss 0.648620, forward nfe 0, backward nfe 0, Train: 0.9833, Val: 0.7757, Test: 0.7685, Best time: 18.2948
After OOD adjustment: Training instances of last class: 0
After OOD adjustment: Testing instances of last class: 62
Epoch: 096, Runtime 0.035940, Loss 0.586329, forward nfe 0, backward nfe 0, Train: 0.9833, Val: 0.7757, Test: 0.7685, Best time: 18.2948
After OOD adjustment: Training instances of last class: 0
After OOD adjustment: Testing instances of last class: 62
Epoch: 097, Runtime 0.035306, Loss 0.621477, forward nfe 0, backward nfe 0, Train: 0.9833, Val: 0.7757, Test: 0.7685, Best time: 18.2948
After OOD adjustment: Training instances of last class: 0
After OOD adjustment: Testing instances of last class: 62
Epoch: 098, Runtime 0.197691, Loss 0.594308, forward nfe 0, backward nfe 0, Train: 0.9833, Val: 0.7875, Test: 0.7939, Best time: 18.2948
After OOD adjustment: Training instances of last class: 0
After OOD adjustment: Testing instances of last class: 62
Epoch: 099, Runtime 0.036242, Loss 0.571891, forward nfe 0, backward nfe 0, Train: 0.9833, Val: 0.7875, Test: 0.7939, Best time: 18.2948
best val accuracy 0.787500 with test accuracy 0.793909 at epoch 98 and best time 18.294754
base_directory resutls_prob/OOD_Cora
new_name:  bgcn_ODD
file_path 1 resutls_prob/OOD_Cora/bgcn_ODD_prediction_probabilities_26.npz
file_path 2 resutls_prob/OOD_Cora/bgcn_ODD_prediction_probabilities_26.npz
Entropy Threshold: inf Test accuracy: 0.7817258883248731
Entropy Threshold: 2 Test accuracy: 0.7878172588832487
Entropy Threshold: 1.6 Test accuracy: 0.9401330376940134
Entropy Threshold: 1.5 Test accuracy: 0.967948717948718
Entropy Threshold: 1.4 Test accuracy: 0.9720930232558139
Entropy Threshold: 1.3 Test accuracy: 0.9917355371900827
Entropy Threshold: 1.2 Test accuracy: 1.0
Entropy Threshold: 1.1 Test accuracy: 1.0
Entropy Threshold: 0.9 Test accuracy: 1.0
Entropy Threshold: 0.8 Test accuracy: 1.0
Entropy Threshold: 0.7 Test accuracy: 1.0
Entropy Threshold: 0.6 Test accuracy: 1.0
Entropy Threshold: 0.5 Test accuracy: None
Entropy Threshold: 0.4 Test accuracy: None
Entropy Threshold: 0.3 Test accuracy: None
Entropy Threshold: 0.2 Test accuracy: None
Entropy Threshold: 0.1 Test accuracy: None
