[KeOps] Warning : cuda was detected, but driver API could not be initialized. Switching to cpu only.
Folder already exists: results/cora
experiment: 0
Dataset size (num_nodes): 2485, Intended development set size (num_development): 1500
Dataset size (num_nodes): 2485, Actual development set size (num_development): 1500
rations: train 140, val 1360, test 985
Before OOD adjustment: Total instances of last class: 131
Before OOD adjustment: Training instances of last class: 20
Before OOD adjustment: Testing instances of last class: 55
Before OOD adjustment: Val instances of last class: 56
total train + val+ test 131
After OOD adjustment: Training instances of last class: 0
After OOD adjustment: Testing instances of last class: 55
Total number of classes: 7
number of classes to train: 6
Dataset size (num_nodes): 2485, Intended development set size (num_development): 1500
Dataset size (num_nodes): 2485, Actual development set size (num_development): 1500
rations: train 140, val 1360, test 985
within set_train_val_test_split function!
Before OOD adjustment: Total instances of last class: 131
Before OOD adjustment: Training instances of last class: 20
Before OOD adjustment: Testing instances of last class: 49
Before OOD adjustment: Val instances of last class: 62
total train + val+ test 131
After OOD adjustment: Training instances of last class: 0
After OOD adjustment: Testing instances of last class: 49
BayesianGCN(
  (bayes_conv1): BayesianGCNConv(1433, 64)
  (bayes_conv3): BayesianGCNConv(64, 6)
)
bayes_conv1.mu_weight
torch.Size([64, 1433])
bayes_conv1.rho_weight
torch.Size([64, 1433])
bayes_conv1.mu_bias
torch.Size([64])
bayes_conv1.rho_bias
torch.Size([64])
bayes_conv3.mu_weight
torch.Size([6, 64])
bayes_conv3.rho_weight
torch.Size([6, 64])
bayes_conv3.mu_bias
torch.Size([6])
bayes_conv3.rho_bias
torch.Size([6])
After OOD adjustment: Training instances of last class: 0
After OOD adjustment: Testing instances of last class: 49
Epoch: 001, Runtime 0.046929, Loss 1.919268, forward nfe 0, backward nfe 0, Train: 0.1667, Val: 0.1346, Test: 0.1452, Best time: 18.2948
After OOD adjustment: Training instances of last class: 0
After OOD adjustment: Testing instances of last class: 49
Epoch: 002, Runtime 0.160941, Loss 1.889648, forward nfe 0, backward nfe 0, Train: 0.1667, Val: 0.1566, Test: 0.1665, Best time: 18.2948
After OOD adjustment: Training instances of last class: 0
After OOD adjustment: Testing instances of last class: 49
Epoch: 003, Runtime 0.033865, Loss 1.866025, forward nfe 0, backward nfe 0, Train: 0.1667, Val: 0.1566, Test: 0.1665, Best time: 18.2948
After OOD adjustment: Training instances of last class: 0
After OOD adjustment: Testing instances of last class: 49
Epoch: 004, Runtime 0.034747, Loss 1.915241, forward nfe 0, backward nfe 0, Train: 0.1667, Val: 0.1566, Test: 0.1665, Best time: 18.2948
After OOD adjustment: Training instances of last class: 0
After OOD adjustment: Testing instances of last class: 49
Epoch: 005, Runtime 0.034543, Loss 2.049498, forward nfe 0, backward nfe 0, Train: 0.1667, Val: 0.1566, Test: 0.1665, Best time: 18.2948
After OOD adjustment: Training instances of last class: 0
After OOD adjustment: Testing instances of last class: 49
Epoch: 006, Runtime 0.033695, Loss 1.888396, forward nfe 0, backward nfe 0, Train: 0.1667, Val: 0.1566, Test: 0.1665, Best time: 18.2948
After OOD adjustment: Training instances of last class: 0
After OOD adjustment: Testing instances of last class: 49
Epoch: 007, Runtime 0.037438, Loss 1.814377, forward nfe 0, backward nfe 0, Train: 0.1667, Val: 0.1566, Test: 0.1665, Best time: 18.2948
After OOD adjustment: Training instances of last class: 0
After OOD adjustment: Testing instances of last class: 49
Epoch: 008, Runtime 0.031942, Loss 1.821203, forward nfe 0, backward nfe 0, Train: 0.1667, Val: 0.1566, Test: 0.1665, Best time: 18.2948
After OOD adjustment: Training instances of last class: 0
After OOD adjustment: Testing instances of last class: 49
Epoch: 009, Runtime 0.145858, Loss 1.721725, forward nfe 0, backward nfe 0, Train: 0.3083, Val: 0.3375, Test: 0.3553, Best time: 18.2948
After OOD adjustment: Training instances of last class: 0
After OOD adjustment: Testing instances of last class: 49
Epoch: 010, Runtime 0.037549, Loss 1.789168, forward nfe 0, backward nfe 0, Train: 0.3083, Val: 0.3375, Test: 0.3553, Best time: 18.2948
After OOD adjustment: Training instances of last class: 0
After OOD adjustment: Testing instances of last class: 49
Epoch: 011, Runtime 0.032264, Loss 1.787108, forward nfe 0, backward nfe 0, Train: 0.3083, Val: 0.3375, Test: 0.3553, Best time: 18.2948
After OOD adjustment: Training instances of last class: 0
After OOD adjustment: Testing instances of last class: 49
Epoch: 012, Runtime 0.035244, Loss 1.771575, forward nfe 0, backward nfe 0, Train: 0.3083, Val: 0.3375, Test: 0.3553, Best time: 18.2948
After OOD adjustment: Training instances of last class: 0
After OOD adjustment: Testing instances of last class: 49
Epoch: 013, Runtime 0.034878, Loss 1.688896, forward nfe 0, backward nfe 0, Train: 0.3083, Val: 0.3375, Test: 0.3553, Best time: 18.2948
After OOD adjustment: Training instances of last class: 0
After OOD adjustment: Testing instances of last class: 49
Epoch: 014, Runtime 0.034499, Loss 1.702423, forward nfe 0, backward nfe 0, Train: 0.3083, Val: 0.3375, Test: 0.3553, Best time: 18.2948
After OOD adjustment: Training instances of last class: 0
After OOD adjustment: Testing instances of last class: 49
Epoch: 015, Runtime 0.144303, Loss 1.668430, forward nfe 0, backward nfe 0, Train: 0.3250, Val: 0.3647, Test: 0.3848, Best time: 18.2948
After OOD adjustment: Training instances of last class: 0
After OOD adjustment: Testing instances of last class: 49
Epoch: 016, Runtime 0.147663, Loss 1.693888, forward nfe 0, backward nfe 0, Train: 0.4750, Val: 0.4309, Test: 0.4579, Best time: 18.2948
After OOD adjustment: Training instances of last class: 0
After OOD adjustment: Testing instances of last class: 49
Epoch: 017, Runtime 0.034368, Loss 1.664391, forward nfe 0, backward nfe 0, Train: 0.4750, Val: 0.4309, Test: 0.4579, Best time: 18.2948
After OOD adjustment: Training instances of last class: 0
After OOD adjustment: Testing instances of last class: 49
Epoch: 018, Runtime 0.034764, Loss 1.673356, forward nfe 0, backward nfe 0, Train: 0.4750, Val: 0.4309, Test: 0.4579, Best time: 18.2948
After OOD adjustment: Training instances of last class: 0
After OOD adjustment: Testing instances of last class: 49
Epoch: 019, Runtime 0.034135, Loss 1.627328, forward nfe 0, backward nfe 0, Train: 0.4750, Val: 0.4309, Test: 0.4579, Best time: 18.2948
After OOD adjustment: Training instances of last class: 0
After OOD adjustment: Testing instances of last class: 49
Epoch: 020, Runtime 0.033900, Loss 1.624305, forward nfe 0, backward nfe 0, Train: 0.4750, Val: 0.4309, Test: 0.4579, Best time: 18.2948
After OOD adjustment: Training instances of last class: 0
After OOD adjustment: Testing instances of last class: 49
Epoch: 021, Runtime 0.033867, Loss 1.616662, forward nfe 0, backward nfe 0, Train: 0.4750, Val: 0.4309, Test: 0.4579, Best time: 18.2948
After OOD adjustment: Training instances of last class: 0
After OOD adjustment: Testing instances of last class: 49
Epoch: 022, Runtime 0.034915, Loss 1.624193, forward nfe 0, backward nfe 0, Train: 0.4750, Val: 0.4309, Test: 0.4579, Best time: 18.2948
After OOD adjustment: Training instances of last class: 0
After OOD adjustment: Testing instances of last class: 49
Epoch: 023, Runtime 0.034860, Loss 1.620606, forward nfe 0, backward nfe 0, Train: 0.4750, Val: 0.4309, Test: 0.4579, Best time: 18.2948
After OOD adjustment: Training instances of last class: 0
After OOD adjustment: Testing instances of last class: 49
Epoch: 024, Runtime 0.034494, Loss 1.543173, forward nfe 0, backward nfe 0, Train: 0.4750, Val: 0.4309, Test: 0.4579, Best time: 18.2948
After OOD adjustment: Training instances of last class: 0
After OOD adjustment: Testing instances of last class: 49
Epoch: 025, Runtime 0.034951, Loss 1.565030, forward nfe 0, backward nfe 0, Train: 0.4750, Val: 0.4309, Test: 0.4579, Best time: 18.2948
After OOD adjustment: Training instances of last class: 0
After OOD adjustment: Testing instances of last class: 49
Epoch: 026, Runtime 0.145007, Loss 1.560798, forward nfe 0, backward nfe 0, Train: 0.8417, Val: 0.5632, Test: 0.5909, Best time: 18.2948
After OOD adjustment: Training instances of last class: 0
After OOD adjustment: Testing instances of last class: 49
Epoch: 027, Runtime 0.035605, Loss 1.520343, forward nfe 0, backward nfe 0, Train: 0.8417, Val: 0.5632, Test: 0.5909, Best time: 18.2948
After OOD adjustment: Training instances of last class: 0
After OOD adjustment: Testing instances of last class: 49
Epoch: 028, Runtime 0.040115, Loss 1.516918, forward nfe 0, backward nfe 0, Train: 0.8417, Val: 0.5632, Test: 0.5909, Best time: 18.2948
After OOD adjustment: Training instances of last class: 0
After OOD adjustment: Testing instances of last class: 49
Epoch: 029, Runtime 0.040275, Loss 1.494610, forward nfe 0, backward nfe 0, Train: 0.8417, Val: 0.5632, Test: 0.5909, Best time: 18.2948
After OOD adjustment: Training instances of last class: 0
After OOD adjustment: Testing instances of last class: 49
Epoch: 030, Runtime 0.035006, Loss 1.480065, forward nfe 0, backward nfe 0, Train: 0.8417, Val: 0.5632, Test: 0.5909, Best time: 18.2948
After OOD adjustment: Training instances of last class: 0
After OOD adjustment: Testing instances of last class: 49
Epoch: 031, Runtime 0.143694, Loss 1.489415, forward nfe 0, backward nfe 0, Train: 0.8417, Val: 0.6309, Test: 0.6569, Best time: 18.2948
After OOD adjustment: Training instances of last class: 0
After OOD adjustment: Testing instances of last class: 49
Epoch: 032, Runtime 0.035071, Loss 1.458550, forward nfe 0, backward nfe 0, Train: 0.8417, Val: 0.6309, Test: 0.6569, Best time: 18.2948
After OOD adjustment: Training instances of last class: 0
After OOD adjustment: Testing instances of last class: 49
Epoch: 033, Runtime 0.035142, Loss 1.456628, forward nfe 0, backward nfe 0, Train: 0.8417, Val: 0.6309, Test: 0.6569, Best time: 18.2948
After OOD adjustment: Training instances of last class: 0
After OOD adjustment: Testing instances of last class: 49
Epoch: 034, Runtime 0.035391, Loss 1.491897, forward nfe 0, backward nfe 0, Train: 0.8417, Val: 0.6309, Test: 0.6569, Best time: 18.2948
After OOD adjustment: Training instances of last class: 0
After OOD adjustment: Testing instances of last class: 49
Epoch: 035, Runtime 0.035036, Loss 1.428377, forward nfe 0, backward nfe 0, Train: 0.8417, Val: 0.6309, Test: 0.6569, Best time: 18.2948
After OOD adjustment: Training instances of last class: 0
After OOD adjustment: Testing instances of last class: 49
Epoch: 036, Runtime 0.034797, Loss 1.424880, forward nfe 0, backward nfe 0, Train: 0.8417, Val: 0.6309, Test: 0.6569, Best time: 18.2948
After OOD adjustment: Training instances of last class: 0
After OOD adjustment: Testing instances of last class: 49
Epoch: 037, Runtime 0.035164, Loss 1.409535, forward nfe 0, backward nfe 0, Train: 0.8417, Val: 0.6309, Test: 0.6569, Best time: 18.2948
After OOD adjustment: Training instances of last class: 0
After OOD adjustment: Testing instances of last class: 49
Epoch: 038, Runtime 0.035084, Loss 1.422650, forward nfe 0, backward nfe 0, Train: 0.8417, Val: 0.6309, Test: 0.6569, Best time: 18.2948
After OOD adjustment: Training instances of last class: 0
After OOD adjustment: Testing instances of last class: 49
Epoch: 039, Runtime 0.033711, Loss 1.398985, forward nfe 0, backward nfe 0, Train: 0.8417, Val: 0.6309, Test: 0.6569, Best time: 18.2948
After OOD adjustment: Training instances of last class: 0
After OOD adjustment: Testing instances of last class: 49
Epoch: 040, Runtime 0.033568, Loss 1.392427, forward nfe 0, backward nfe 0, Train: 0.8417, Val: 0.6309, Test: 0.6569, Best time: 18.2948
After OOD adjustment: Training instances of last class: 0
After OOD adjustment: Testing instances of last class: 49
Epoch: 041, Runtime 0.034614, Loss 1.444154, forward nfe 0, backward nfe 0, Train: 0.8417, Val: 0.6309, Test: 0.6569, Best time: 18.2948
After OOD adjustment: Training instances of last class: 0
After OOD adjustment: Testing instances of last class: 49
Epoch: 042, Runtime 0.034594, Loss 1.344248, forward nfe 0, backward nfe 0, Train: 0.8417, Val: 0.6309, Test: 0.6569, Best time: 18.2948
After OOD adjustment: Training instances of last class: 0
After OOD adjustment: Testing instances of last class: 49
Epoch: 043, Runtime 0.034187, Loss 1.459005, forward nfe 0, backward nfe 0, Train: 0.8417, Val: 0.6309, Test: 0.6569, Best time: 18.2948
After OOD adjustment: Training instances of last class: 0
After OOD adjustment: Testing instances of last class: 49
Epoch: 044, Runtime 0.034944, Loss 1.329108, forward nfe 0, backward nfe 0, Train: 0.8417, Val: 0.6309, Test: 0.6569, Best time: 18.2948
After OOD adjustment: Training instances of last class: 0
After OOD adjustment: Testing instances of last class: 49
Epoch: 045, Runtime 0.033951, Loss 1.290764, forward nfe 0, backward nfe 0, Train: 0.8417, Val: 0.6309, Test: 0.6569, Best time: 18.2948
After OOD adjustment: Training instances of last class: 0
After OOD adjustment: Testing instances of last class: 49
Epoch: 046, Runtime 0.032955, Loss 1.335322, forward nfe 0, backward nfe 0, Train: 0.8417, Val: 0.6309, Test: 0.6569, Best time: 18.2948
After OOD adjustment: Training instances of last class: 0
After OOD adjustment: Testing instances of last class: 49
Epoch: 047, Runtime 0.033789, Loss 1.265851, forward nfe 0, backward nfe 0, Train: 0.8417, Val: 0.6309, Test: 0.6569, Best time: 18.2948
After OOD adjustment: Training instances of last class: 0
After OOD adjustment: Testing instances of last class: 49
Epoch: 048, Runtime 0.034498, Loss 1.282993, forward nfe 0, backward nfe 0, Train: 0.8417, Val: 0.6309, Test: 0.6569, Best time: 18.2948
After OOD adjustment: Training instances of last class: 0
After OOD adjustment: Testing instances of last class: 49
Epoch: 049, Runtime 0.034846, Loss 1.302693, forward nfe 0, backward nfe 0, Train: 0.8417, Val: 0.6309, Test: 0.6569, Best time: 18.2948
After OOD adjustment: Training instances of last class: 0
After OOD adjustment: Testing instances of last class: 49
Epoch: 050, Runtime 0.035176, Loss 1.305870, forward nfe 0, backward nfe 0, Train: 0.8417, Val: 0.6309, Test: 0.6569, Best time: 18.2948
After OOD adjustment: Training instances of last class: 0
After OOD adjustment: Testing instances of last class: 49
Epoch: 051, Runtime 0.034810, Loss 1.264539, forward nfe 0, backward nfe 0, Train: 0.8417, Val: 0.6309, Test: 0.6569, Best time: 18.2948
After OOD adjustment: Training instances of last class: 0
After OOD adjustment: Testing instances of last class: 49
Epoch: 052, Runtime 0.034616, Loss 1.218305, forward nfe 0, backward nfe 0, Train: 0.8417, Val: 0.6309, Test: 0.6569, Best time: 18.2948
After OOD adjustment: Training instances of last class: 0
After OOD adjustment: Testing instances of last class: 49
Epoch: 053, Runtime 0.034867, Loss 1.215650, forward nfe 0, backward nfe 0, Train: 0.8417, Val: 0.6309, Test: 0.6569, Best time: 18.2948
After OOD adjustment: Training instances of last class: 0
After OOD adjustment: Testing instances of last class: 49
Epoch: 054, Runtime 0.034943, Loss 1.219431, forward nfe 0, backward nfe 0, Train: 0.8417, Val: 0.6309, Test: 0.6569, Best time: 18.2948
After OOD adjustment: Training instances of last class: 0
After OOD adjustment: Testing instances of last class: 49
Epoch: 055, Runtime 0.144524, Loss 1.188481, forward nfe 0, backward nfe 0, Train: 0.8667, Val: 0.6890, Test: 0.6873, Best time: 18.2948
After OOD adjustment: Training instances of last class: 0
After OOD adjustment: Testing instances of last class: 49
Epoch: 056, Runtime 0.035156, Loss 1.176560, forward nfe 0, backward nfe 0, Train: 0.8667, Val: 0.6890, Test: 0.6873, Best time: 18.2948
After OOD adjustment: Training instances of last class: 0
After OOD adjustment: Testing instances of last class: 49
Epoch: 057, Runtime 0.036828, Loss 1.175622, forward nfe 0, backward nfe 0, Train: 0.8667, Val: 0.6890, Test: 0.6873, Best time: 18.2948
After OOD adjustment: Training instances of last class: 0
After OOD adjustment: Testing instances of last class: 49
Epoch: 058, Runtime 0.033785, Loss 1.127222, forward nfe 0, backward nfe 0, Train: 0.8667, Val: 0.6890, Test: 0.6873, Best time: 18.2948
After OOD adjustment: Training instances of last class: 0
After OOD adjustment: Testing instances of last class: 49
Epoch: 059, Runtime 0.145567, Loss 1.125706, forward nfe 0, backward nfe 0, Train: 0.9333, Val: 0.7287, Test: 0.7492, Best time: 18.2948
After OOD adjustment: Training instances of last class: 0
After OOD adjustment: Testing instances of last class: 49
Epoch: 060, Runtime 0.033874, Loss 1.138323, forward nfe 0, backward nfe 0, Train: 0.9333, Val: 0.7287, Test: 0.7492, Best time: 18.2948
After OOD adjustment: Training instances of last class: 0
After OOD adjustment: Testing instances of last class: 49
Epoch: 061, Runtime 0.034330, Loss 1.135111, forward nfe 0, backward nfe 0, Train: 0.9333, Val: 0.7287, Test: 0.7492, Best time: 18.2948
After OOD adjustment: Training instances of last class: 0
After OOD adjustment: Testing instances of last class: 49
Epoch: 062, Runtime 0.034665, Loss 1.089487, forward nfe 0, backward nfe 0, Train: 0.9333, Val: 0.7287, Test: 0.7492, Best time: 18.2948
After OOD adjustment: Training instances of last class: 0
After OOD adjustment: Testing instances of last class: 49
Epoch: 063, Runtime 0.034199, Loss 1.058438, forward nfe 0, backward nfe 0, Train: 0.9333, Val: 0.7287, Test: 0.7492, Best time: 18.2948
After OOD adjustment: Training instances of last class: 0
After OOD adjustment: Testing instances of last class: 49
Epoch: 064, Runtime 0.034765, Loss 1.069817, forward nfe 0, backward nfe 0, Train: 0.9333, Val: 0.7287, Test: 0.7492, Best time: 18.2948
After OOD adjustment: Training instances of last class: 0
After OOD adjustment: Testing instances of last class: 49
Epoch: 065, Runtime 0.034768, Loss 1.087596, forward nfe 0, backward nfe 0, Train: 0.9333, Val: 0.7287, Test: 0.7492, Best time: 18.2948
After OOD adjustment: Training instances of last class: 0
After OOD adjustment: Testing instances of last class: 49
Epoch: 066, Runtime 0.034415, Loss 1.118993, forward nfe 0, backward nfe 0, Train: 0.9333, Val: 0.7287, Test: 0.7492, Best time: 18.2948
After OOD adjustment: Training instances of last class: 0
After OOD adjustment: Testing instances of last class: 49
Epoch: 067, Runtime 0.034211, Loss 1.007241, forward nfe 0, backward nfe 0, Train: 0.9333, Val: 0.7287, Test: 0.7492, Best time: 18.2948
After OOD adjustment: Training instances of last class: 0
After OOD adjustment: Testing instances of last class: 49
Epoch: 068, Runtime 0.034517, Loss 1.011810, forward nfe 0, backward nfe 0, Train: 0.9333, Val: 0.7287, Test: 0.7492, Best time: 18.2948
After OOD adjustment: Training instances of last class: 0
After OOD adjustment: Testing instances of last class: 49
Epoch: 069, Runtime 0.034485, Loss 0.984618, forward nfe 0, backward nfe 0, Train: 0.9333, Val: 0.7287, Test: 0.7492, Best time: 18.2948
After OOD adjustment: Training instances of last class: 0
After OOD adjustment: Testing instances of last class: 49
Epoch: 070, Runtime 0.034142, Loss 1.001895, forward nfe 0, backward nfe 0, Train: 0.9333, Val: 0.7287, Test: 0.7492, Best time: 18.2948
After OOD adjustment: Training instances of last class: 0
After OOD adjustment: Testing instances of last class: 49
Epoch: 071, Runtime 0.034094, Loss 0.989540, forward nfe 0, backward nfe 0, Train: 0.9333, Val: 0.7287, Test: 0.7492, Best time: 18.2948
After OOD adjustment: Training instances of last class: 0
After OOD adjustment: Testing instances of last class: 49
Epoch: 072, Runtime 0.034691, Loss 0.990084, forward nfe 0, backward nfe 0, Train: 0.9333, Val: 0.7287, Test: 0.7492, Best time: 18.2948
After OOD adjustment: Training instances of last class: 0
After OOD adjustment: Testing instances of last class: 49
Epoch: 073, Runtime 0.034394, Loss 0.957035, forward nfe 0, backward nfe 0, Train: 0.9333, Val: 0.7287, Test: 0.7492, Best time: 18.2948
After OOD adjustment: Training instances of last class: 0
After OOD adjustment: Testing instances of last class: 49
Epoch: 074, Runtime 0.033962, Loss 0.926216, forward nfe 0, backward nfe 0, Train: 0.9333, Val: 0.7287, Test: 0.7492, Best time: 18.2948
After OOD adjustment: Training instances of last class: 0
After OOD adjustment: Testing instances of last class: 49
Epoch: 075, Runtime 0.034477, Loss 0.968687, forward nfe 0, backward nfe 0, Train: 0.9333, Val: 0.7287, Test: 0.7492, Best time: 18.2948
After OOD adjustment: Training instances of last class: 0
After OOD adjustment: Testing instances of last class: 49
Epoch: 076, Runtime 0.034144, Loss 0.906650, forward nfe 0, backward nfe 0, Train: 0.9333, Val: 0.7287, Test: 0.7492, Best time: 18.2948
After OOD adjustment: Training instances of last class: 0
After OOD adjustment: Testing instances of last class: 49
Epoch: 077, Runtime 0.146273, Loss 0.903139, forward nfe 0, backward nfe 0, Train: 0.9583, Val: 0.7529, Test: 0.7482, Best time: 18.2948
After OOD adjustment: Training instances of last class: 0
After OOD adjustment: Testing instances of last class: 49
Epoch: 078, Runtime 0.035057, Loss 0.953571, forward nfe 0, backward nfe 0, Train: 0.9583, Val: 0.7529, Test: 0.7482, Best time: 18.2948
After OOD adjustment: Training instances of last class: 0
After OOD adjustment: Testing instances of last class: 49
Epoch: 079, Runtime 0.033651, Loss 0.860775, forward nfe 0, backward nfe 0, Train: 0.9583, Val: 0.7529, Test: 0.7482, Best time: 18.2948
After OOD adjustment: Training instances of last class: 0
After OOD adjustment: Testing instances of last class: 49
Epoch: 080, Runtime 0.034667, Loss 0.920859, forward nfe 0, backward nfe 0, Train: 0.9583, Val: 0.7529, Test: 0.7482, Best time: 18.2948
After OOD adjustment: Training instances of last class: 0
After OOD adjustment: Testing instances of last class: 49
Epoch: 081, Runtime 0.034233, Loss 0.865341, forward nfe 0, backward nfe 0, Train: 0.9583, Val: 0.7529, Test: 0.7482, Best time: 18.2948
After OOD adjustment: Training instances of last class: 0
After OOD adjustment: Testing instances of last class: 49
Epoch: 082, Runtime 0.034425, Loss 0.888664, forward nfe 0, backward nfe 0, Train: 0.9583, Val: 0.7529, Test: 0.7482, Best time: 18.2948
After OOD adjustment: Training instances of last class: 0
After OOD adjustment: Testing instances of last class: 49
Epoch: 083, Runtime 0.034574, Loss 0.907663, forward nfe 0, backward nfe 0, Train: 0.9583, Val: 0.7529, Test: 0.7482, Best time: 18.2948
After OOD adjustment: Training instances of last class: 0
After OOD adjustment: Testing instances of last class: 49
Epoch: 084, Runtime 0.147275, Loss 0.845688, forward nfe 0, backward nfe 0, Train: 0.9667, Val: 0.7669, Test: 0.7746, Best time: 18.2948
After OOD adjustment: Training instances of last class: 0
After OOD adjustment: Testing instances of last class: 49
Epoch: 085, Runtime 0.034840, Loss 0.790195, forward nfe 0, backward nfe 0, Train: 0.9667, Val: 0.7669, Test: 0.7746, Best time: 18.2948
After OOD adjustment: Training instances of last class: 0
After OOD adjustment: Testing instances of last class: 49
Epoch: 086, Runtime 0.034626, Loss 0.842917, forward nfe 0, backward nfe 0, Train: 0.9667, Val: 0.7669, Test: 0.7746, Best time: 18.2948
After OOD adjustment: Training instances of last class: 0
After OOD adjustment: Testing instances of last class: 49
Epoch: 087, Runtime 0.033326, Loss 0.781189, forward nfe 0, backward nfe 0, Train: 0.9667, Val: 0.7669, Test: 0.7746, Best time: 18.2948
After OOD adjustment: Training instances of last class: 0
After OOD adjustment: Testing instances of last class: 49
Epoch: 088, Runtime 0.034026, Loss 0.787590, forward nfe 0, backward nfe 0, Train: 0.9667, Val: 0.7669, Test: 0.7746, Best time: 18.2948
After OOD adjustment: Training instances of last class: 0
After OOD adjustment: Testing instances of last class: 49
Epoch: 089, Runtime 0.034944, Loss 0.771366, forward nfe 0, backward nfe 0, Train: 0.9667, Val: 0.7669, Test: 0.7746, Best time: 18.2948
After OOD adjustment: Training instances of last class: 0
After OOD adjustment: Testing instances of last class: 49
Epoch: 090, Runtime 0.034982, Loss 0.770501, forward nfe 0, backward nfe 0, Train: 0.9667, Val: 0.7669, Test: 0.7746, Best time: 18.2948
After OOD adjustment: Training instances of last class: 0
After OOD adjustment: Testing instances of last class: 49
Epoch: 091, Runtime 0.034424, Loss 0.784730, forward nfe 0, backward nfe 0, Train: 0.9667, Val: 0.7669, Test: 0.7746, Best time: 18.2948
After OOD adjustment: Training instances of last class: 0
After OOD adjustment: Testing instances of last class: 49
Epoch: 092, Runtime 0.034516, Loss 0.733595, forward nfe 0, backward nfe 0, Train: 0.9667, Val: 0.7669, Test: 0.7746, Best time: 18.2948
After OOD adjustment: Training instances of last class: 0
After OOD adjustment: Testing instances of last class: 49
Epoch: 093, Runtime 0.035371, Loss 0.685518, forward nfe 0, backward nfe 0, Train: 0.9667, Val: 0.7669, Test: 0.7746, Best time: 18.2948
After OOD adjustment: Training instances of last class: 0
After OOD adjustment: Testing instances of last class: 49
Epoch: 094, Runtime 0.034986, Loss 0.732018, forward nfe 0, backward nfe 0, Train: 0.9667, Val: 0.7669, Test: 0.7746, Best time: 18.2948
After OOD adjustment: Training instances of last class: 0
After OOD adjustment: Testing instances of last class: 49
Epoch: 095, Runtime 0.034555, Loss 0.687554, forward nfe 0, backward nfe 0, Train: 0.9667, Val: 0.7669, Test: 0.7746, Best time: 18.2948
After OOD adjustment: Training instances of last class: 0
After OOD adjustment: Testing instances of last class: 49
Epoch: 096, Runtime 0.034215, Loss 0.724816, forward nfe 0, backward nfe 0, Train: 0.9667, Val: 0.7669, Test: 0.7746, Best time: 18.2948
After OOD adjustment: Training instances of last class: 0
After OOD adjustment: Testing instances of last class: 49
Epoch: 097, Runtime 0.035094, Loss 0.677678, forward nfe 0, backward nfe 0, Train: 0.9667, Val: 0.7669, Test: 0.7746, Best time: 18.2948
After OOD adjustment: Training instances of last class: 0
After OOD adjustment: Testing instances of last class: 49
Epoch: 098, Runtime 0.033014, Loss 0.642012, forward nfe 0, backward nfe 0, Train: 0.9667, Val: 0.7669, Test: 0.7746, Best time: 18.2948
After OOD adjustment: Training instances of last class: 0
After OOD adjustment: Testing instances of last class: 49
Epoch: 099, Runtime 0.034212, Loss 0.686671, forward nfe 0, backward nfe 0, Train: 0.9667, Val: 0.7669, Test: 0.7746, Best time: 18.2948
best val accuracy 0.766912 with test accuracy 0.774619 at epoch 84 and best time 18.294754
base_directory resutls_prob/OOD_Cora
new_name:  bgcn_ODD
file_path 1 resutls_prob/OOD_Cora/bgcn_ODD_prediction_probabilities_68.npz
file_path 2 resutls_prob/OOD_Cora/bgcn_ODD_prediction_probabilities_68.npz
Entropy Threshold: inf Test accuracy: 0.682233502538071
Entropy Threshold: 2 Test accuracy: 0.7065989847715736
Entropy Threshold: 1.6 Test accuracy: 0.9439655172413793
Entropy Threshold: 1.5 Test accuracy: 0.9538461538461539
Entropy Threshold: 1.4 Test accuracy: 0.975609756097561
Entropy Threshold: 1.3 Test accuracy: 0.96
Entropy Threshold: 1.2 Test accuracy: 1.0
Entropy Threshold: 1.1 Test accuracy: 1.0
Entropy Threshold: 0.9 Test accuracy: 1.0
Entropy Threshold: 0.8 Test accuracy: 1.0
Entropy Threshold: 0.7 Test accuracy: 1.0
Entropy Threshold: 0.6 Test accuracy: 1.0
Entropy Threshold: 0.5 Test accuracy: None
Entropy Threshold: 0.4 Test accuracy: None
Entropy Threshold: 0.3 Test accuracy: None
Entropy Threshold: 0.2 Test accuracy: None
Entropy Threshold: 0.1 Test accuracy: None
