[KeOps] Warning : cuda was detected, but driver API could not be initialized. Switching to cpu only.
Folder already exists: results/citeseer
experiment: 0
Dataset size (num_nodes): 2120, Intended development set size (num_development): 1500
Dataset size (num_nodes): 2120, Actual development set size (num_development): 1500
rations: train 120, val 1380, test 620
Before OOD adjustment: Total instances of last class: 304
Before OOD adjustment: Training instances of last class: 20
Before OOD adjustment: Testing instances of last class: 93
Before OOD adjustment: Val instances of last class: 191
total train + val+ test 304
After OOD adjustment: Training instances of last class: 0
After OOD adjustment: Testing instances of last class: 93
Total number of classes: 6
number of classes to train: 5
Dataset size (num_nodes): 2120, Intended development set size (num_development): 1500
Dataset size (num_nodes): 2120, Actual development set size (num_development): 1500
rations: train 120, val 1380, test 620
within set_train_val_test_split function!
Before OOD adjustment: Total instances of last class: 304
Before OOD adjustment: Training instances of last class: 20
Before OOD adjustment: Testing instances of last class: 113
Before OOD adjustment: Val instances of last class: 171
total train + val+ test 304
After OOD adjustment: Training instances of last class: 0
After OOD adjustment: Testing instances of last class: 113
BayesianGCN(
  (bayes_conv1): BayesianGCNConv(3703, 64)
  (bayes_conv3): BayesianGCNConv(64, 5)
)
bayes_conv1.mu_weight
torch.Size([64, 3703])
bayes_conv1.rho_weight
torch.Size([64, 3703])
bayes_conv1.mu_bias
torch.Size([64])
bayes_conv1.rho_bias
torch.Size([64])
bayes_conv3.mu_weight
torch.Size([5, 64])
bayes_conv3.rho_weight
torch.Size([5, 64])
bayes_conv3.mu_bias
torch.Size([5])
bayes_conv3.rho_bias
torch.Size([5])
After OOD adjustment: Training instances of last class: 0
After OOD adjustment: Testing instances of last class: 113
Epoch: 001, Runtime 0.064569, Loss 1.675784, forward nfe 0, backward nfe 0, Train: 0.2000, Val: 0.1428, Test: 0.1468, Best time: 7.8741
After OOD adjustment: Training instances of last class: 0
After OOD adjustment: Testing instances of last class: 113
Epoch: 002, Runtime 0.192907, Loss 1.603678, forward nfe 0, backward nfe 0, Train: 0.3000, Val: 0.2580, Test: 0.2306, Best time: 7.8741
After OOD adjustment: Training instances of last class: 0
After OOD adjustment: Testing instances of last class: 113
Epoch: 003, Runtime 0.061534, Loss 1.594341, forward nfe 0, backward nfe 0, Train: 0.3000, Val: 0.2580, Test: 0.2306, Best time: 7.8741
After OOD adjustment: Training instances of last class: 0
After OOD adjustment: Testing instances of last class: 113
Epoch: 004, Runtime 0.061960, Loss 1.605141, forward nfe 0, backward nfe 0, Train: 0.3000, Val: 0.2580, Test: 0.2306, Best time: 7.8741
After OOD adjustment: Training instances of last class: 0
After OOD adjustment: Testing instances of last class: 113
Epoch: 005, Runtime 0.171905, Loss 1.594756, forward nfe 0, backward nfe 0, Train: 0.4500, Val: 0.3261, Test: 0.2952, Best time: 7.8741
After OOD adjustment: Training instances of last class: 0
After OOD adjustment: Testing instances of last class: 113
Epoch: 006, Runtime 0.054398, Loss 1.523890, forward nfe 0, backward nfe 0, Train: 0.4500, Val: 0.3261, Test: 0.2952, Best time: 7.8741
After OOD adjustment: Training instances of last class: 0
After OOD adjustment: Testing instances of last class: 113
Epoch: 007, Runtime 0.053039, Loss 1.518478, forward nfe 0, backward nfe 0, Train: 0.4500, Val: 0.3261, Test: 0.2952, Best time: 7.8741
After OOD adjustment: Training instances of last class: 0
After OOD adjustment: Testing instances of last class: 113
Epoch: 008, Runtime 0.052619, Loss 1.524687, forward nfe 0, backward nfe 0, Train: 0.4500, Val: 0.3261, Test: 0.2952, Best time: 7.8741
After OOD adjustment: Training instances of last class: 0
After OOD adjustment: Testing instances of last class: 113
Epoch: 009, Runtime 0.053241, Loss 1.474652, forward nfe 0, backward nfe 0, Train: 0.4500, Val: 0.3261, Test: 0.2952, Best time: 7.8741
After OOD adjustment: Training instances of last class: 0
After OOD adjustment: Testing instances of last class: 113
Epoch: 010, Runtime 0.053192, Loss 1.401811, forward nfe 0, backward nfe 0, Train: 0.4500, Val: 0.3261, Test: 0.2952, Best time: 7.8741
After OOD adjustment: Training instances of last class: 0
After OOD adjustment: Testing instances of last class: 113
Epoch: 011, Runtime 0.052844, Loss 1.421280, forward nfe 0, backward nfe 0, Train: 0.4500, Val: 0.3261, Test: 0.2952, Best time: 7.8741
After OOD adjustment: Training instances of last class: 0
After OOD adjustment: Testing instances of last class: 113
Epoch: 012, Runtime 0.055591, Loss 1.351404, forward nfe 0, backward nfe 0, Train: 0.4500, Val: 0.3261, Test: 0.2952, Best time: 7.8741
After OOD adjustment: Training instances of last class: 0
After OOD adjustment: Testing instances of last class: 113
Epoch: 013, Runtime 0.207999, Loss 1.366538, forward nfe 0, backward nfe 0, Train: 0.6800, Val: 0.4420, Test: 0.4081, Best time: 7.8741
After OOD adjustment: Training instances of last class: 0
After OOD adjustment: Testing instances of last class: 113
Epoch: 014, Runtime 0.056558, Loss 1.330739, forward nfe 0, backward nfe 0, Train: 0.6800, Val: 0.4420, Test: 0.4081, Best time: 7.8741
After OOD adjustment: Training instances of last class: 0
After OOD adjustment: Testing instances of last class: 113
Epoch: 015, Runtime 0.056378, Loss 1.302644, forward nfe 0, backward nfe 0, Train: 0.6800, Val: 0.4420, Test: 0.4081, Best time: 7.8741
After OOD adjustment: Training instances of last class: 0
After OOD adjustment: Testing instances of last class: 113
Epoch: 016, Runtime 0.171458, Loss 1.375421, forward nfe 0, backward nfe 0, Train: 0.8100, Val: 0.4616, Test: 0.4032, Best time: 7.8741
After OOD adjustment: Training instances of last class: 0
After OOD adjustment: Testing instances of last class: 113
Epoch: 017, Runtime 0.148371, Loss 1.290483, forward nfe 0, backward nfe 0, Train: 0.7800, Val: 0.5688, Test: 0.5129, Best time: 7.8741
After OOD adjustment: Training instances of last class: 0
After OOD adjustment: Testing instances of last class: 113
Epoch: 018, Runtime 0.056298, Loss 1.265560, forward nfe 0, backward nfe 0, Train: 0.7800, Val: 0.5688, Test: 0.5129, Best time: 7.8741
After OOD adjustment: Training instances of last class: 0
After OOD adjustment: Testing instances of last class: 113
Epoch: 019, Runtime 0.054299, Loss 1.207119, forward nfe 0, backward nfe 0, Train: 0.7800, Val: 0.5688, Test: 0.5129, Best time: 7.8741
After OOD adjustment: Training instances of last class: 0
After OOD adjustment: Testing instances of last class: 113
Epoch: 020, Runtime 0.061090, Loss 1.238232, forward nfe 0, backward nfe 0, Train: 0.7800, Val: 0.5688, Test: 0.5129, Best time: 7.8741
After OOD adjustment: Training instances of last class: 0
After OOD adjustment: Testing instances of last class: 113
Epoch: 021, Runtime 0.059397, Loss 1.237153, forward nfe 0, backward nfe 0, Train: 0.7800, Val: 0.5688, Test: 0.5129, Best time: 7.8741
After OOD adjustment: Training instances of last class: 0
After OOD adjustment: Testing instances of last class: 113
Epoch: 022, Runtime 0.059374, Loss 1.175532, forward nfe 0, backward nfe 0, Train: 0.7800, Val: 0.5688, Test: 0.5129, Best time: 7.8741
After OOD adjustment: Training instances of last class: 0
After OOD adjustment: Testing instances of last class: 113
Epoch: 023, Runtime 0.059263, Loss 1.140412, forward nfe 0, backward nfe 0, Train: 0.7800, Val: 0.5688, Test: 0.5129, Best time: 7.8741
After OOD adjustment: Training instances of last class: 0
After OOD adjustment: Testing instances of last class: 113
Epoch: 024, Runtime 0.059232, Loss 1.142819, forward nfe 0, backward nfe 0, Train: 0.7800, Val: 0.5688, Test: 0.5129, Best time: 7.8741
After OOD adjustment: Training instances of last class: 0
After OOD adjustment: Testing instances of last class: 113
Epoch: 025, Runtime 0.055176, Loss 1.148465, forward nfe 0, backward nfe 0, Train: 0.7800, Val: 0.5688, Test: 0.5129, Best time: 7.8741
After OOD adjustment: Training instances of last class: 0
After OOD adjustment: Testing instances of last class: 113
Epoch: 026, Runtime 0.054088, Loss 1.071207, forward nfe 0, backward nfe 0, Train: 0.7800, Val: 0.5688, Test: 0.5129, Best time: 7.8741
After OOD adjustment: Training instances of last class: 0
After OOD adjustment: Testing instances of last class: 113
Epoch: 027, Runtime 0.053913, Loss 1.093234, forward nfe 0, backward nfe 0, Train: 0.7800, Val: 0.5688, Test: 0.5129, Best time: 7.8741
After OOD adjustment: Training instances of last class: 0
After OOD adjustment: Testing instances of last class: 113
Epoch: 028, Runtime 0.053888, Loss 1.007756, forward nfe 0, backward nfe 0, Train: 0.7800, Val: 0.5688, Test: 0.5129, Best time: 7.8741
After OOD adjustment: Training instances of last class: 0
After OOD adjustment: Testing instances of last class: 113
Epoch: 029, Runtime 0.054183, Loss 1.088307, forward nfe 0, backward nfe 0, Train: 0.7800, Val: 0.5688, Test: 0.5129, Best time: 7.8741
After OOD adjustment: Training instances of last class: 0
After OOD adjustment: Testing instances of last class: 113
Epoch: 030, Runtime 0.054144, Loss 1.003422, forward nfe 0, backward nfe 0, Train: 0.7800, Val: 0.5688, Test: 0.5129, Best time: 7.8741
After OOD adjustment: Training instances of last class: 0
After OOD adjustment: Testing instances of last class: 113
Epoch: 031, Runtime 0.054468, Loss 1.086594, forward nfe 0, backward nfe 0, Train: 0.7800, Val: 0.5688, Test: 0.5129, Best time: 7.8741
After OOD adjustment: Training instances of last class: 0
After OOD adjustment: Testing instances of last class: 113
Epoch: 032, Runtime 0.053963, Loss 0.964717, forward nfe 0, backward nfe 0, Train: 0.7800, Val: 0.5688, Test: 0.5129, Best time: 7.8741
After OOD adjustment: Training instances of last class: 0
After OOD adjustment: Testing instances of last class: 113
Epoch: 033, Runtime 0.052438, Loss 0.976386, forward nfe 0, backward nfe 0, Train: 0.7800, Val: 0.5688, Test: 0.5129, Best time: 7.8741
After OOD adjustment: Training instances of last class: 0
After OOD adjustment: Testing instances of last class: 113
Epoch: 034, Runtime 0.053724, Loss 0.951008, forward nfe 0, backward nfe 0, Train: 0.7800, Val: 0.5688, Test: 0.5129, Best time: 7.8741
After OOD adjustment: Training instances of last class: 0
After OOD adjustment: Testing instances of last class: 113
Epoch: 035, Runtime 0.053984, Loss 0.893052, forward nfe 0, backward nfe 0, Train: 0.7800, Val: 0.5688, Test: 0.5129, Best time: 7.8741
After OOD adjustment: Training instances of last class: 0
After OOD adjustment: Testing instances of last class: 113
Epoch: 036, Runtime 0.055078, Loss 0.882567, forward nfe 0, backward nfe 0, Train: 0.7800, Val: 0.5688, Test: 0.5129, Best time: 7.8741
After OOD adjustment: Training instances of last class: 0
After OOD adjustment: Testing instances of last class: 113
Epoch: 037, Runtime 0.214657, Loss 0.845572, forward nfe 0, backward nfe 0, Train: 0.9400, Val: 0.5696, Test: 0.5468, Best time: 7.8741
After OOD adjustment: Training instances of last class: 0
After OOD adjustment: Testing instances of last class: 113
Epoch: 038, Runtime 0.062402, Loss 0.838286, forward nfe 0, backward nfe 0, Train: 0.9400, Val: 0.5696, Test: 0.5468, Best time: 7.8741
After OOD adjustment: Training instances of last class: 0
After OOD adjustment: Testing instances of last class: 113
Epoch: 039, Runtime 0.217326, Loss 0.845530, forward nfe 0, backward nfe 0, Train: 0.9400, Val: 0.5754, Test: 0.5371, Best time: 7.8741
After OOD adjustment: Training instances of last class: 0
After OOD adjustment: Testing instances of last class: 113
Epoch: 040, Runtime 0.063692, Loss 0.852108, forward nfe 0, backward nfe 0, Train: 0.9400, Val: 0.5754, Test: 0.5371, Best time: 7.8741
After OOD adjustment: Training instances of last class: 0
After OOD adjustment: Testing instances of last class: 113
Epoch: 041, Runtime 0.055243, Loss 0.783049, forward nfe 0, backward nfe 0, Train: 0.9400, Val: 0.5754, Test: 0.5371, Best time: 7.8741
After OOD adjustment: Training instances of last class: 0
After OOD adjustment: Testing instances of last class: 113
Epoch: 042, Runtime 0.166098, Loss 0.822468, forward nfe 0, backward nfe 0, Train: 0.9400, Val: 0.5884, Test: 0.5452, Best time: 7.8741
After OOD adjustment: Training instances of last class: 0
After OOD adjustment: Testing instances of last class: 113
Epoch: 043, Runtime 0.054287, Loss 0.761621, forward nfe 0, backward nfe 0, Train: 0.9400, Val: 0.5884, Test: 0.5452, Best time: 7.8741
After OOD adjustment: Training instances of last class: 0
After OOD adjustment: Testing instances of last class: 113
Epoch: 044, Runtime 0.178261, Loss 0.739724, forward nfe 0, backward nfe 0, Train: 0.9300, Val: 0.5964, Test: 0.5339, Best time: 7.8741
After OOD adjustment: Training instances of last class: 0
After OOD adjustment: Testing instances of last class: 113
Epoch: 045, Runtime 0.056242, Loss 0.695671, forward nfe 0, backward nfe 0, Train: 0.9300, Val: 0.5964, Test: 0.5339, Best time: 7.8741
After OOD adjustment: Training instances of last class: 0
After OOD adjustment: Testing instances of last class: 113
Epoch: 046, Runtime 0.055743, Loss 0.716006, forward nfe 0, backward nfe 0, Train: 0.9300, Val: 0.5964, Test: 0.5339, Best time: 7.8741
After OOD adjustment: Training instances of last class: 0
After OOD adjustment: Testing instances of last class: 113
Epoch: 047, Runtime 0.148088, Loss 0.714114, forward nfe 0, backward nfe 0, Train: 0.9400, Val: 0.6217, Test: 0.5903, Best time: 7.8741
After OOD adjustment: Training instances of last class: 0
After OOD adjustment: Testing instances of last class: 113
Epoch: 048, Runtime 0.057246, Loss 0.703578, forward nfe 0, backward nfe 0, Train: 0.9400, Val: 0.6217, Test: 0.5903, Best time: 7.8741
After OOD adjustment: Training instances of last class: 0
After OOD adjustment: Testing instances of last class: 113
Epoch: 049, Runtime 0.056967, Loss 0.606159, forward nfe 0, backward nfe 0, Train: 0.9400, Val: 0.6217, Test: 0.5903, Best time: 7.8741
After OOD adjustment: Training instances of last class: 0
After OOD adjustment: Testing instances of last class: 113
Epoch: 050, Runtime 0.054534, Loss 0.629176, forward nfe 0, backward nfe 0, Train: 0.9400, Val: 0.6217, Test: 0.5903, Best time: 7.8741
After OOD adjustment: Training instances of last class: 0
After OOD adjustment: Testing instances of last class: 113
Epoch: 051, Runtime 0.053764, Loss 0.647469, forward nfe 0, backward nfe 0, Train: 0.9400, Val: 0.6217, Test: 0.5903, Best time: 7.8741
After OOD adjustment: Training instances of last class: 0
After OOD adjustment: Testing instances of last class: 113
Epoch: 052, Runtime 0.053283, Loss 0.683171, forward nfe 0, backward nfe 0, Train: 0.9400, Val: 0.6217, Test: 0.5903, Best time: 7.8741
After OOD adjustment: Training instances of last class: 0
After OOD adjustment: Testing instances of last class: 113
Epoch: 053, Runtime 0.053533, Loss 0.593479, forward nfe 0, backward nfe 0, Train: 0.9400, Val: 0.6217, Test: 0.5903, Best time: 7.8741
After OOD adjustment: Training instances of last class: 0
After OOD adjustment: Testing instances of last class: 113
Epoch: 054, Runtime 0.054268, Loss 0.573636, forward nfe 0, backward nfe 0, Train: 0.9400, Val: 0.6217, Test: 0.5903, Best time: 7.8741
After OOD adjustment: Training instances of last class: 0
After OOD adjustment: Testing instances of last class: 113
Epoch: 055, Runtime 0.054009, Loss 0.548444, forward nfe 0, backward nfe 0, Train: 0.9400, Val: 0.6217, Test: 0.5903, Best time: 7.8741
After OOD adjustment: Training instances of last class: 0
After OOD adjustment: Testing instances of last class: 113
Epoch: 056, Runtime 0.054790, Loss 0.542418, forward nfe 0, backward nfe 0, Train: 0.9400, Val: 0.6217, Test: 0.5903, Best time: 7.8741
After OOD adjustment: Training instances of last class: 0
After OOD adjustment: Testing instances of last class: 113
Epoch: 057, Runtime 0.054106, Loss 0.525465, forward nfe 0, backward nfe 0, Train: 0.9400, Val: 0.6217, Test: 0.5903, Best time: 7.8741
After OOD adjustment: Training instances of last class: 0
After OOD adjustment: Testing instances of last class: 113
Epoch: 058, Runtime 0.061880, Loss 0.503431, forward nfe 0, backward nfe 0, Train: 0.9400, Val: 0.6217, Test: 0.5903, Best time: 7.8741
After OOD adjustment: Training instances of last class: 0
After OOD adjustment: Testing instances of last class: 113
Epoch: 059, Runtime 0.057090, Loss 0.488504, forward nfe 0, backward nfe 0, Train: 0.9400, Val: 0.6217, Test: 0.5903, Best time: 7.8741
After OOD adjustment: Training instances of last class: 0
After OOD adjustment: Testing instances of last class: 113
Epoch: 060, Runtime 0.052928, Loss 0.543681, forward nfe 0, backward nfe 0, Train: 0.9400, Val: 0.6217, Test: 0.5903, Best time: 7.8741
After OOD adjustment: Training instances of last class: 0
After OOD adjustment: Testing instances of last class: 113
Epoch: 061, Runtime 0.052454, Loss 0.518702, forward nfe 0, backward nfe 0, Train: 0.9400, Val: 0.6217, Test: 0.5903, Best time: 7.8741
After OOD adjustment: Training instances of last class: 0
After OOD adjustment: Testing instances of last class: 113
Epoch: 062, Runtime 0.052931, Loss 0.480915, forward nfe 0, backward nfe 0, Train: 0.9400, Val: 0.6217, Test: 0.5903, Best time: 7.8741
After OOD adjustment: Training instances of last class: 0
After OOD adjustment: Testing instances of last class: 113
Epoch: 063, Runtime 0.052452, Loss 0.457949, forward nfe 0, backward nfe 0, Train: 0.9400, Val: 0.6217, Test: 0.5903, Best time: 7.8741
After OOD adjustment: Training instances of last class: 0
After OOD adjustment: Testing instances of last class: 113
Epoch: 064, Runtime 0.054056, Loss 0.446036, forward nfe 0, backward nfe 0, Train: 0.9400, Val: 0.6217, Test: 0.5903, Best time: 7.8741
After OOD adjustment: Training instances of last class: 0
After OOD adjustment: Testing instances of last class: 113
Epoch: 065, Runtime 0.052331, Loss 0.413024, forward nfe 0, backward nfe 0, Train: 0.9400, Val: 0.6217, Test: 0.5903, Best time: 7.8741
After OOD adjustment: Training instances of last class: 0
After OOD adjustment: Testing instances of last class: 113
Epoch: 066, Runtime 0.051626, Loss 0.407262, forward nfe 0, backward nfe 0, Train: 0.9400, Val: 0.6217, Test: 0.5903, Best time: 7.8741
After OOD adjustment: Training instances of last class: 0
After OOD adjustment: Testing instances of last class: 113
Epoch: 067, Runtime 0.051914, Loss 0.380662, forward nfe 0, backward nfe 0, Train: 0.9400, Val: 0.6217, Test: 0.5903, Best time: 7.8741
After OOD adjustment: Training instances of last class: 0
After OOD adjustment: Testing instances of last class: 113
Epoch: 068, Runtime 0.053187, Loss 0.418259, forward nfe 0, backward nfe 0, Train: 0.9400, Val: 0.6217, Test: 0.5903, Best time: 7.8741
After OOD adjustment: Training instances of last class: 0
After OOD adjustment: Testing instances of last class: 113
Epoch: 069, Runtime 0.053705, Loss 0.411927, forward nfe 0, backward nfe 0, Train: 0.9400, Val: 0.6217, Test: 0.5903, Best time: 7.8741
After OOD adjustment: Training instances of last class: 0
After OOD adjustment: Testing instances of last class: 113
Epoch: 070, Runtime 0.146830, Loss 0.428102, forward nfe 0, backward nfe 0, Train: 0.9700, Val: 0.6297, Test: 0.5919, Best time: 7.8741
After OOD adjustment: Training instances of last class: 0
After OOD adjustment: Testing instances of last class: 113
Epoch: 071, Runtime 0.052568, Loss 0.367674, forward nfe 0, backward nfe 0, Train: 0.9700, Val: 0.6297, Test: 0.5919, Best time: 7.8741
After OOD adjustment: Training instances of last class: 0
After OOD adjustment: Testing instances of last class: 113
Epoch: 072, Runtime 0.052153, Loss 0.364053, forward nfe 0, backward nfe 0, Train: 0.9700, Val: 0.6297, Test: 0.5919, Best time: 7.8741
After OOD adjustment: Training instances of last class: 0
After OOD adjustment: Testing instances of last class: 113
Epoch: 073, Runtime 0.051322, Loss 0.331753, forward nfe 0, backward nfe 0, Train: 0.9700, Val: 0.6297, Test: 0.5919, Best time: 7.8741
After OOD adjustment: Training instances of last class: 0
After OOD adjustment: Testing instances of last class: 113
Epoch: 074, Runtime 0.051807, Loss 0.296740, forward nfe 0, backward nfe 0, Train: 0.9700, Val: 0.6297, Test: 0.5919, Best time: 7.8741
After OOD adjustment: Training instances of last class: 0
After OOD adjustment: Testing instances of last class: 113
Epoch: 075, Runtime 0.052351, Loss 0.330076, forward nfe 0, backward nfe 0, Train: 0.9700, Val: 0.6297, Test: 0.5919, Best time: 7.8741
After OOD adjustment: Training instances of last class: 0
After OOD adjustment: Testing instances of last class: 113
Epoch: 076, Runtime 0.051942, Loss 0.321865, forward nfe 0, backward nfe 0, Train: 0.9700, Val: 0.6297, Test: 0.5919, Best time: 7.8741
After OOD adjustment: Training instances of last class: 0
After OOD adjustment: Testing instances of last class: 113
Epoch: 077, Runtime 0.050710, Loss 0.336123, forward nfe 0, backward nfe 0, Train: 0.9700, Val: 0.6297, Test: 0.5919, Best time: 7.8741
After OOD adjustment: Training instances of last class: 0
After OOD adjustment: Testing instances of last class: 113
Epoch: 078, Runtime 0.052166, Loss 0.318853, forward nfe 0, backward nfe 0, Train: 0.9700, Val: 0.6297, Test: 0.5919, Best time: 7.8741
After OOD adjustment: Training instances of last class: 0
After OOD adjustment: Testing instances of last class: 113
Epoch: 079, Runtime 0.052573, Loss 0.304289, forward nfe 0, backward nfe 0, Train: 0.9700, Val: 0.6297, Test: 0.5919, Best time: 7.8741
After OOD adjustment: Training instances of last class: 0
After OOD adjustment: Testing instances of last class: 113
Epoch: 080, Runtime 0.051523, Loss 0.315895, forward nfe 0, backward nfe 0, Train: 0.9700, Val: 0.6297, Test: 0.5919, Best time: 7.8741
After OOD adjustment: Training instances of last class: 0
After OOD adjustment: Testing instances of last class: 113
Epoch: 081, Runtime 0.051677, Loss 0.299566, forward nfe 0, backward nfe 0, Train: 0.9700, Val: 0.6297, Test: 0.5919, Best time: 7.8741
After OOD adjustment: Training instances of last class: 0
After OOD adjustment: Testing instances of last class: 113
Epoch: 082, Runtime 0.051991, Loss 0.282351, forward nfe 0, backward nfe 0, Train: 0.9700, Val: 0.6297, Test: 0.5919, Best time: 7.8741
After OOD adjustment: Training instances of last class: 0
After OOD adjustment: Testing instances of last class: 113
Epoch: 083, Runtime 0.051707, Loss 0.253205, forward nfe 0, backward nfe 0, Train: 0.9700, Val: 0.6297, Test: 0.5919, Best time: 7.8741
After OOD adjustment: Training instances of last class: 0
After OOD adjustment: Testing instances of last class: 113
Epoch: 084, Runtime 0.049978, Loss 0.252295, forward nfe 0, backward nfe 0, Train: 0.9700, Val: 0.6297, Test: 0.5919, Best time: 7.8741
After OOD adjustment: Training instances of last class: 0
After OOD adjustment: Testing instances of last class: 113
Epoch: 085, Runtime 0.052114, Loss 0.242477, forward nfe 0, backward nfe 0, Train: 0.9700, Val: 0.6297, Test: 0.5919, Best time: 7.8741
After OOD adjustment: Training instances of last class: 0
After OOD adjustment: Testing instances of last class: 113
Epoch: 086, Runtime 0.051828, Loss 0.252065, forward nfe 0, backward nfe 0, Train: 0.9700, Val: 0.6297, Test: 0.5919, Best time: 7.8741
After OOD adjustment: Training instances of last class: 0
After OOD adjustment: Testing instances of last class: 113
Epoch: 087, Runtime 0.051589, Loss 0.236814, forward nfe 0, backward nfe 0, Train: 0.9700, Val: 0.6297, Test: 0.5919, Best time: 7.8741
After OOD adjustment: Training instances of last class: 0
After OOD adjustment: Testing instances of last class: 113
Epoch: 088, Runtime 0.050557, Loss 0.227473, forward nfe 0, backward nfe 0, Train: 0.9700, Val: 0.6297, Test: 0.5919, Best time: 7.8741
After OOD adjustment: Training instances of last class: 0
After OOD adjustment: Testing instances of last class: 113
Epoch: 089, Runtime 0.050988, Loss 0.228528, forward nfe 0, backward nfe 0, Train: 0.9700, Val: 0.6297, Test: 0.5919, Best time: 7.8741
After OOD adjustment: Training instances of last class: 0
After OOD adjustment: Testing instances of last class: 113
Epoch: 090, Runtime 0.144742, Loss 0.234010, forward nfe 0, backward nfe 0, Train: 0.9800, Val: 0.6333, Test: 0.5742, Best time: 7.8741
After OOD adjustment: Training instances of last class: 0
After OOD adjustment: Testing instances of last class: 113
Epoch: 091, Runtime 0.055190, Loss 0.284568, forward nfe 0, backward nfe 0, Train: 0.9800, Val: 0.6333, Test: 0.5742, Best time: 7.8741
After OOD adjustment: Training instances of last class: 0
After OOD adjustment: Testing instances of last class: 113
Epoch: 092, Runtime 0.053959, Loss 0.233539, forward nfe 0, backward nfe 0, Train: 0.9800, Val: 0.6333, Test: 0.5742, Best time: 7.8741
After OOD adjustment: Training instances of last class: 0
After OOD adjustment: Testing instances of last class: 113
Epoch: 093, Runtime 0.052580, Loss 0.199762, forward nfe 0, backward nfe 0, Train: 0.9800, Val: 0.6333, Test: 0.5742, Best time: 7.8741
After OOD adjustment: Training instances of last class: 0
After OOD adjustment: Testing instances of last class: 113
Epoch: 094, Runtime 0.053343, Loss 0.197852, forward nfe 0, backward nfe 0, Train: 0.9800, Val: 0.6333, Test: 0.5742, Best time: 7.8741
After OOD adjustment: Training instances of last class: 0
After OOD adjustment: Testing instances of last class: 113
Epoch: 095, Runtime 0.052770, Loss 0.210007, forward nfe 0, backward nfe 0, Train: 0.9800, Val: 0.6333, Test: 0.5742, Best time: 7.8741
After OOD adjustment: Training instances of last class: 0
After OOD adjustment: Testing instances of last class: 113
Epoch: 096, Runtime 0.052783, Loss 0.174961, forward nfe 0, backward nfe 0, Train: 0.9800, Val: 0.6333, Test: 0.5742, Best time: 7.8741
After OOD adjustment: Training instances of last class: 0
After OOD adjustment: Testing instances of last class: 113
Epoch: 097, Runtime 0.052918, Loss 0.211560, forward nfe 0, backward nfe 0, Train: 0.9800, Val: 0.6333, Test: 0.5742, Best time: 7.8741
After OOD adjustment: Training instances of last class: 0
After OOD adjustment: Testing instances of last class: 113
Epoch: 098, Runtime 0.053325, Loss 0.193447, forward nfe 0, backward nfe 0, Train: 0.9800, Val: 0.6333, Test: 0.5742, Best time: 7.8741
After OOD adjustment: Training instances of last class: 0
After OOD adjustment: Testing instances of last class: 113
Epoch: 099, Runtime 0.053730, Loss 0.192749, forward nfe 0, backward nfe 0, Train: 0.9800, Val: 0.6333, Test: 0.5742, Best time: 7.8741
best val accuracy 0.633333 with test accuracy 0.574194 at epoch 90 and best time 7.874113
base_directory resutls_prob/OOD_Citeseer
new_name:  bgcn_ODD
file_path 1 resutls_prob/OOD_Citeseer/bgcn_ODD_prediction_probabilities_16.npz
file_path 2 resutls_prob/OOD_Citeseer/bgcn_ODD_prediction_probabilities_16.npz
Entropy Threshold: inf Test accuracy: 0.582258064516129
Entropy Threshold: 2 Test accuracy: 0.5725806451612904
Entropy Threshold: 1.6 Test accuracy: 0.5741935483870968
Entropy Threshold: 1.5 Test accuracy: 0.6254545454545455
Entropy Threshold: 1.4 Test accuracy: 0.6872037914691943
Entropy Threshold: 1.3 Test accuracy: 0.7052341597796143
Entropy Threshold: 1.2 Test accuracy: 0.7372013651877133
Entropy Threshold: 1.1 Test accuracy: 0.7379912663755459
Entropy Threshold: 0.9 Test accuracy: 0.7866666666666666
Entropy Threshold: 0.8 Test accuracy: 0.7652173913043478
Entropy Threshold: 0.7 Test accuracy: 0.7529411764705882
Entropy Threshold: 0.6 Test accuracy: 0.7
Entropy Threshold: 0.5 Test accuracy: 0.8421052631578947
Entropy Threshold: 0.4 Test accuracy: 0.9
Entropy Threshold: 0.3 Test accuracy: 0.8461538461538461
Entropy Threshold: 0.2 Test accuracy: 1.0
Entropy Threshold: 0.1 Test accuracy: None
