[KeOps] Warning : cuda was detected, but driver API could not be initialized. Switching to cpu only.
Folder already exists: results/citeseer
experiment: 0
Dataset size (num_nodes): 2120, Intended development set size (num_development): 1500
Dataset size (num_nodes): 2120, Actual development set size (num_development): 1500
rations: train 120, val 1380, test 620
Before OOD adjustment: Total instances of last class: 304
Before OOD adjustment: Training instances of last class: 20
Before OOD adjustment: Testing instances of last class: 93
Before OOD adjustment: Val instances of last class: 191
total train + val+ test 304
After OOD adjustment: Training instances of last class: 0
After OOD adjustment: Testing instances of last class: 93
Total number of classes: 6
number of classes to train: 5
Dataset size (num_nodes): 2120, Intended development set size (num_development): 1500
Dataset size (num_nodes): 2120, Actual development set size (num_development): 1500
rations: train 120, val 1380, test 620
within set_train_val_test_split function!
Before OOD adjustment: Total instances of last class: 304
Before OOD adjustment: Training instances of last class: 20
Before OOD adjustment: Testing instances of last class: 87
Before OOD adjustment: Val instances of last class: 197
total train + val+ test 304
After OOD adjustment: Training instances of last class: 0
After OOD adjustment: Testing instances of last class: 87
MyGCN2(
  (conv1): GCNConv(3703, 80)
  (conv4): GCNConv(80, 5)
)
conv1.bias
torch.Size([80])
conv1.lin.weight
torch.Size([80, 3703])
conv4.bias
torch.Size([5])
conv4.lin.weight
torch.Size([5, 80])
After OOD adjustment: Training instances of last class: 0
After OOD adjustment: Testing instances of last class: 87
Epoch: 001, Runtime 0.057483, Loss 1.612984, forward nfe 0, backward nfe 0, Train: 0.6400, Val: 0.3572, Test: 0.3677, Best time: 7.8741
After OOD adjustment: Training instances of last class: 0
After OOD adjustment: Testing instances of last class: 87
Epoch: 002, Runtime 0.189443, Loss 1.491729, forward nfe 0, backward nfe 0, Train: 0.8700, Val: 0.4710, Test: 0.4468, Best time: 7.8741
After OOD adjustment: Training instances of last class: 0
After OOD adjustment: Testing instances of last class: 87
Epoch: 003, Runtime 0.185525, Loss 1.376389, forward nfe 0, backward nfe 0, Train: 0.9300, Val: 0.5043, Test: 0.5016, Best time: 7.8741
After OOD adjustment: Training instances of last class: 0
After OOD adjustment: Testing instances of last class: 87
Epoch: 004, Runtime 0.190609, Loss 1.267018, forward nfe 0, backward nfe 0, Train: 0.9400, Val: 0.5246, Test: 0.5323, Best time: 7.8741
After OOD adjustment: Training instances of last class: 0
After OOD adjustment: Testing instances of last class: 87
Epoch: 005, Runtime 0.184697, Loss 1.163748, forward nfe 0, backward nfe 0, Train: 0.9600, Val: 0.5435, Test: 0.5355, Best time: 7.8741
After OOD adjustment: Training instances of last class: 0
After OOD adjustment: Testing instances of last class: 87
Epoch: 006, Runtime 0.166183, Loss 1.066681, forward nfe 0, backward nfe 0, Train: 0.9700, Val: 0.5587, Test: 0.5581, Best time: 7.8741
After OOD adjustment: Training instances of last class: 0
After OOD adjustment: Testing instances of last class: 87
Epoch: 007, Runtime 0.177215, Loss 0.975881, forward nfe 0, backward nfe 0, Train: 0.9700, Val: 0.5725, Test: 0.5758, Best time: 7.8741
After OOD adjustment: Training instances of last class: 0
After OOD adjustment: Testing instances of last class: 87
Epoch: 008, Runtime 0.192466, Loss 0.891360, forward nfe 0, backward nfe 0, Train: 0.9800, Val: 0.5862, Test: 0.5903, Best time: 7.8741
After OOD adjustment: Training instances of last class: 0
After OOD adjustment: Testing instances of last class: 87
Epoch: 009, Runtime 0.158870, Loss 0.813078, forward nfe 0, backward nfe 0, Train: 0.9800, Val: 0.5942, Test: 0.5952, Best time: 7.8741
After OOD adjustment: Training instances of last class: 0
After OOD adjustment: Testing instances of last class: 87
Epoch: 010, Runtime 0.197750, Loss 0.740930, forward nfe 0, backward nfe 0, Train: 0.9800, Val: 0.6014, Test: 0.6016, Best time: 7.8741
After OOD adjustment: Training instances of last class: 0
After OOD adjustment: Testing instances of last class: 87
Epoch: 011, Runtime 0.172264, Loss 0.674748, forward nfe 0, backward nfe 0, Train: 0.9800, Val: 0.6080, Test: 0.6065, Best time: 7.8741
After OOD adjustment: Training instances of last class: 0
After OOD adjustment: Testing instances of last class: 87
Epoch: 012, Runtime 0.153510, Loss 0.614302, forward nfe 0, backward nfe 0, Train: 0.9800, Val: 0.6116, Test: 0.6081, Best time: 7.8741
After OOD adjustment: Training instances of last class: 0
After OOD adjustment: Testing instances of last class: 87
Epoch: 013, Runtime 0.047119, Loss 0.559307, forward nfe 0, backward nfe 0, Train: 0.9800, Val: 0.6116, Test: 0.6081, Best time: 7.8741
After OOD adjustment: Training instances of last class: 0
After OOD adjustment: Testing instances of last class: 87
Epoch: 014, Runtime 0.198984, Loss 0.509432, forward nfe 0, backward nfe 0, Train: 0.9800, Val: 0.6145, Test: 0.6145, Best time: 7.8741
After OOD adjustment: Training instances of last class: 0
After OOD adjustment: Testing instances of last class: 87
Epoch: 015, Runtime 0.169585, Loss 0.464318, forward nfe 0, backward nfe 0, Train: 0.9800, Val: 0.6181, Test: 0.6161, Best time: 7.8741
After OOD adjustment: Training instances of last class: 0
After OOD adjustment: Testing instances of last class: 87
Epoch: 016, Runtime 0.154510, Loss 0.423587, forward nfe 0, backward nfe 0, Train: 0.9800, Val: 0.6188, Test: 0.6161, Best time: 7.8741
After OOD adjustment: Training instances of last class: 0
After OOD adjustment: Testing instances of last class: 87
Epoch: 017, Runtime 0.150620, Loss 0.386864, forward nfe 0, backward nfe 0, Train: 0.9800, Val: 0.6203, Test: 0.6161, Best time: 7.8741
After OOD adjustment: Training instances of last class: 0
After OOD adjustment: Testing instances of last class: 87
Epoch: 018, Runtime 0.191205, Loss 0.353783, forward nfe 0, backward nfe 0, Train: 0.9800, Val: 0.6210, Test: 0.6177, Best time: 7.8741
After OOD adjustment: Training instances of last class: 0
After OOD adjustment: Testing instances of last class: 87
Epoch: 019, Runtime 0.174918, Loss 0.323997, forward nfe 0, backward nfe 0, Train: 0.9800, Val: 0.6217, Test: 0.6145, Best time: 7.8741
After OOD adjustment: Training instances of last class: 0
After OOD adjustment: Testing instances of last class: 87
Epoch: 020, Runtime 0.155177, Loss 0.297184, forward nfe 0, backward nfe 0, Train: 0.9800, Val: 0.6225, Test: 0.6161, Best time: 7.8741
After OOD adjustment: Training instances of last class: 0
After OOD adjustment: Testing instances of last class: 87
Epoch: 021, Runtime 0.050326, Loss 0.273047, forward nfe 0, backward nfe 0, Train: 0.9800, Val: 0.6225, Test: 0.6161, Best time: 7.8741
After OOD adjustment: Training instances of last class: 0
After OOD adjustment: Testing instances of last class: 87
Epoch: 022, Runtime 0.049768, Loss 0.251311, forward nfe 0, backward nfe 0, Train: 0.9800, Val: 0.6225, Test: 0.6161, Best time: 7.8741
After OOD adjustment: Training instances of last class: 0
After OOD adjustment: Testing instances of last class: 87
Epoch: 023, Runtime 0.049860, Loss 0.231729, forward nfe 0, backward nfe 0, Train: 0.9800, Val: 0.6225, Test: 0.6161, Best time: 7.8741
After OOD adjustment: Training instances of last class: 0
After OOD adjustment: Testing instances of last class: 87
Epoch: 024, Runtime 0.047571, Loss 0.214074, forward nfe 0, backward nfe 0, Train: 0.9800, Val: 0.6225, Test: 0.6161, Best time: 7.8741
After OOD adjustment: Training instances of last class: 0
After OOD adjustment: Testing instances of last class: 87
Epoch: 025, Runtime 0.048971, Loss 0.198142, forward nfe 0, backward nfe 0, Train: 0.9800, Val: 0.6225, Test: 0.6161, Best time: 7.8741
After OOD adjustment: Training instances of last class: 0
After OOD adjustment: Testing instances of last class: 87
Epoch: 026, Runtime 0.049120, Loss 0.183749, forward nfe 0, backward nfe 0, Train: 0.9800, Val: 0.6225, Test: 0.6161, Best time: 7.8741
After OOD adjustment: Training instances of last class: 0
After OOD adjustment: Testing instances of last class: 87
Epoch: 027, Runtime 0.047273, Loss 0.170730, forward nfe 0, backward nfe 0, Train: 0.9800, Val: 0.6225, Test: 0.6161, Best time: 7.8741
After OOD adjustment: Training instances of last class: 0
After OOD adjustment: Testing instances of last class: 87
Epoch: 028, Runtime 0.050124, Loss 0.158937, forward nfe 0, backward nfe 0, Train: 0.9800, Val: 0.6225, Test: 0.6161, Best time: 7.8741
After OOD adjustment: Training instances of last class: 0
After OOD adjustment: Testing instances of last class: 87
Epoch: 029, Runtime 0.049394, Loss 0.148239, forward nfe 0, backward nfe 0, Train: 0.9800, Val: 0.6225, Test: 0.6161, Best time: 7.8741
After OOD adjustment: Training instances of last class: 0
After OOD adjustment: Testing instances of last class: 87
Epoch: 030, Runtime 0.051228, Loss 0.138520, forward nfe 0, backward nfe 0, Train: 0.9800, Val: 0.6225, Test: 0.6161, Best time: 7.8741
After OOD adjustment: Training instances of last class: 0
After OOD adjustment: Testing instances of last class: 87
Epoch: 031, Runtime 0.051118, Loss 0.129677, forward nfe 0, backward nfe 0, Train: 0.9800, Val: 0.6225, Test: 0.6161, Best time: 7.8741
After OOD adjustment: Training instances of last class: 0
After OOD adjustment: Testing instances of last class: 87
Epoch: 032, Runtime 0.050599, Loss 0.121618, forward nfe 0, backward nfe 0, Train: 0.9800, Val: 0.6225, Test: 0.6161, Best time: 7.8741
After OOD adjustment: Training instances of last class: 0
After OOD adjustment: Testing instances of last class: 87
Epoch: 033, Runtime 0.047857, Loss 0.114260, forward nfe 0, backward nfe 0, Train: 0.9800, Val: 0.6225, Test: 0.6161, Best time: 7.8741
After OOD adjustment: Training instances of last class: 0
After OOD adjustment: Testing instances of last class: 87
Epoch: 034, Runtime 0.047481, Loss 0.107530, forward nfe 0, backward nfe 0, Train: 0.9800, Val: 0.6225, Test: 0.6161, Best time: 7.8741
After OOD adjustment: Training instances of last class: 0
After OOD adjustment: Testing instances of last class: 87
Epoch: 035, Runtime 0.045128, Loss 0.101363, forward nfe 0, backward nfe 0, Train: 0.9800, Val: 0.6225, Test: 0.6161, Best time: 7.8741
After OOD adjustment: Training instances of last class: 0
After OOD adjustment: Testing instances of last class: 87
Epoch: 036, Runtime 0.045681, Loss 0.095700, forward nfe 0, backward nfe 0, Train: 0.9800, Val: 0.6225, Test: 0.6161, Best time: 7.8741
After OOD adjustment: Training instances of last class: 0
After OOD adjustment: Testing instances of last class: 87
Epoch: 037, Runtime 0.045578, Loss 0.090490, forward nfe 0, backward nfe 0, Train: 0.9800, Val: 0.6225, Test: 0.6161, Best time: 7.8741
After OOD adjustment: Training instances of last class: 0
After OOD adjustment: Testing instances of last class: 87
Epoch: 038, Runtime 0.048180, Loss 0.085687, forward nfe 0, backward nfe 0, Train: 0.9800, Val: 0.6225, Test: 0.6161, Best time: 7.8741
After OOD adjustment: Training instances of last class: 0
After OOD adjustment: Testing instances of last class: 87
Epoch: 039, Runtime 0.051091, Loss 0.081252, forward nfe 0, backward nfe 0, Train: 0.9800, Val: 0.6225, Test: 0.6161, Best time: 7.8741
After OOD adjustment: Training instances of last class: 0
After OOD adjustment: Testing instances of last class: 87
Epoch: 040, Runtime 0.050615, Loss 0.077150, forward nfe 0, backward nfe 0, Train: 0.9800, Val: 0.6225, Test: 0.6161, Best time: 7.8741
After OOD adjustment: Training instances of last class: 0
After OOD adjustment: Testing instances of last class: 87
Epoch: 041, Runtime 0.050678, Loss 0.073348, forward nfe 0, backward nfe 0, Train: 0.9800, Val: 0.6225, Test: 0.6161, Best time: 7.8741
After OOD adjustment: Training instances of last class: 0
After OOD adjustment: Testing instances of last class: 87
Epoch: 042, Runtime 0.048624, Loss 0.069820, forward nfe 0, backward nfe 0, Train: 0.9800, Val: 0.6225, Test: 0.6161, Best time: 7.8741
After OOD adjustment: Training instances of last class: 0
After OOD adjustment: Testing instances of last class: 87
Epoch: 043, Runtime 0.045918, Loss 0.066542, forward nfe 0, backward nfe 0, Train: 0.9800, Val: 0.6225, Test: 0.6161, Best time: 7.8741
After OOD adjustment: Training instances of last class: 0
After OOD adjustment: Testing instances of last class: 87
Epoch: 044, Runtime 0.045658, Loss 0.063490, forward nfe 0, backward nfe 0, Train: 0.9800, Val: 0.6225, Test: 0.6161, Best time: 7.8741
After OOD adjustment: Training instances of last class: 0
After OOD adjustment: Testing instances of last class: 87
Epoch: 045, Runtime 0.047794, Loss 0.060646, forward nfe 0, backward nfe 0, Train: 0.9800, Val: 0.6225, Test: 0.6161, Best time: 7.8741
After OOD adjustment: Training instances of last class: 0
After OOD adjustment: Testing instances of last class: 87
Epoch: 046, Runtime 0.047316, Loss 0.057992, forward nfe 0, backward nfe 0, Train: 0.9800, Val: 0.6225, Test: 0.6161, Best time: 7.8741
After OOD adjustment: Training instances of last class: 0
After OOD adjustment: Testing instances of last class: 87
Epoch: 047, Runtime 0.045236, Loss 0.055512, forward nfe 0, backward nfe 0, Train: 0.9800, Val: 0.6225, Test: 0.6161, Best time: 7.8741
After OOD adjustment: Training instances of last class: 0
After OOD adjustment: Testing instances of last class: 87
Epoch: 048, Runtime 0.043278, Loss 0.053192, forward nfe 0, backward nfe 0, Train: 0.9800, Val: 0.6225, Test: 0.6161, Best time: 7.8741
After OOD adjustment: Training instances of last class: 0
After OOD adjustment: Testing instances of last class: 87
Epoch: 049, Runtime 0.045899, Loss 0.051018, forward nfe 0, backward nfe 0, Train: 0.9800, Val: 0.6225, Test: 0.6161, Best time: 7.8741
After OOD adjustment: Training instances of last class: 0
After OOD adjustment: Testing instances of last class: 87
Epoch: 050, Runtime 0.045745, Loss 0.048980, forward nfe 0, backward nfe 0, Train: 0.9800, Val: 0.6225, Test: 0.6161, Best time: 7.8741
After OOD adjustment: Training instances of last class: 0
After OOD adjustment: Testing instances of last class: 87
Epoch: 051, Runtime 0.048284, Loss 0.047067, forward nfe 0, backward nfe 0, Train: 0.9800, Val: 0.6225, Test: 0.6161, Best time: 7.8741
After OOD adjustment: Training instances of last class: 0
After OOD adjustment: Testing instances of last class: 87
Epoch: 052, Runtime 0.049449, Loss 0.045270, forward nfe 0, backward nfe 0, Train: 0.9800, Val: 0.6225, Test: 0.6161, Best time: 7.8741
After OOD adjustment: Training instances of last class: 0
After OOD adjustment: Testing instances of last class: 87
Epoch: 053, Runtime 0.051531, Loss 0.043579, forward nfe 0, backward nfe 0, Train: 0.9800, Val: 0.6225, Test: 0.6161, Best time: 7.8741
After OOD adjustment: Training instances of last class: 0
After OOD adjustment: Testing instances of last class: 87
Epoch: 054, Runtime 0.047968, Loss 0.041987, forward nfe 0, backward nfe 0, Train: 0.9800, Val: 0.6225, Test: 0.6161, Best time: 7.8741
After OOD adjustment: Training instances of last class: 0
After OOD adjustment: Testing instances of last class: 87
Epoch: 055, Runtime 0.047810, Loss 0.040486, forward nfe 0, backward nfe 0, Train: 0.9800, Val: 0.6225, Test: 0.6161, Best time: 7.8741
After OOD adjustment: Training instances of last class: 0
After OOD adjustment: Testing instances of last class: 87
Epoch: 056, Runtime 0.046613, Loss 0.039070, forward nfe 0, backward nfe 0, Train: 0.9800, Val: 0.6225, Test: 0.6161, Best time: 7.8741
After OOD adjustment: Training instances of last class: 0
After OOD adjustment: Testing instances of last class: 87
Epoch: 057, Runtime 0.045376, Loss 0.037733, forward nfe 0, backward nfe 0, Train: 0.9800, Val: 0.6225, Test: 0.6161, Best time: 7.8741
After OOD adjustment: Training instances of last class: 0
After OOD adjustment: Testing instances of last class: 87
Epoch: 058, Runtime 0.048358, Loss 0.036469, forward nfe 0, backward nfe 0, Train: 0.9800, Val: 0.6225, Test: 0.6161, Best time: 7.8741
After OOD adjustment: Training instances of last class: 0
After OOD adjustment: Testing instances of last class: 87
Epoch: 059, Runtime 0.049528, Loss 0.035272, forward nfe 0, backward nfe 0, Train: 0.9800, Val: 0.6225, Test: 0.6161, Best time: 7.8741
After OOD adjustment: Training instances of last class: 0
After OOD adjustment: Testing instances of last class: 87
Epoch: 060, Runtime 0.045823, Loss 0.034138, forward nfe 0, backward nfe 0, Train: 0.9800, Val: 0.6225, Test: 0.6161, Best time: 7.8741
After OOD adjustment: Training instances of last class: 0
After OOD adjustment: Testing instances of last class: 87
Epoch: 061, Runtime 0.047790, Loss 0.033062, forward nfe 0, backward nfe 0, Train: 0.9800, Val: 0.6225, Test: 0.6161, Best time: 7.8741
After OOD adjustment: Training instances of last class: 0
After OOD adjustment: Testing instances of last class: 87
Epoch: 062, Runtime 0.047987, Loss 0.032042, forward nfe 0, backward nfe 0, Train: 0.9800, Val: 0.6225, Test: 0.6161, Best time: 7.8741
After OOD adjustment: Training instances of last class: 0
After OOD adjustment: Testing instances of last class: 87
Epoch: 063, Runtime 0.050178, Loss 0.031072, forward nfe 0, backward nfe 0, Train: 0.9800, Val: 0.6225, Test: 0.6161, Best time: 7.8741
After OOD adjustment: Training instances of last class: 0
After OOD adjustment: Testing instances of last class: 87
Epoch: 064, Runtime 0.048312, Loss 0.030150, forward nfe 0, backward nfe 0, Train: 0.9800, Val: 0.6225, Test: 0.6161, Best time: 7.8741
After OOD adjustment: Training instances of last class: 0
After OOD adjustment: Testing instances of last class: 87
Epoch: 065, Runtime 0.050298, Loss 0.029272, forward nfe 0, backward nfe 0, Train: 0.9800, Val: 0.6225, Test: 0.6161, Best time: 7.8741
After OOD adjustment: Training instances of last class: 0
After OOD adjustment: Testing instances of last class: 87
Epoch: 066, Runtime 0.047127, Loss 0.028436, forward nfe 0, backward nfe 0, Train: 0.9800, Val: 0.6225, Test: 0.6161, Best time: 7.8741
After OOD adjustment: Training instances of last class: 0
After OOD adjustment: Testing instances of last class: 87
Epoch: 067, Runtime 0.049989, Loss 0.027640, forward nfe 0, backward nfe 0, Train: 0.9800, Val: 0.6225, Test: 0.6161, Best time: 7.8741
After OOD adjustment: Training instances of last class: 0
After OOD adjustment: Testing instances of last class: 87
Epoch: 068, Runtime 0.047095, Loss 0.026880, forward nfe 0, backward nfe 0, Train: 0.9800, Val: 0.6225, Test: 0.6161, Best time: 7.8741
After OOD adjustment: Training instances of last class: 0
After OOD adjustment: Testing instances of last class: 87
Epoch: 069, Runtime 0.049191, Loss 0.026154, forward nfe 0, backward nfe 0, Train: 0.9800, Val: 0.6225, Test: 0.6161, Best time: 7.8741
After OOD adjustment: Training instances of last class: 0
After OOD adjustment: Testing instances of last class: 87
Epoch: 070, Runtime 0.048759, Loss 0.025460, forward nfe 0, backward nfe 0, Train: 0.9800, Val: 0.6225, Test: 0.6161, Best time: 7.8741
After OOD adjustment: Training instances of last class: 0
After OOD adjustment: Testing instances of last class: 87
Epoch: 071, Runtime 0.049474, Loss 0.024797, forward nfe 0, backward nfe 0, Train: 0.9800, Val: 0.6225, Test: 0.6161, Best time: 7.8741
After OOD adjustment: Training instances of last class: 0
After OOD adjustment: Testing instances of last class: 87
Epoch: 072, Runtime 0.047494, Loss 0.024163, forward nfe 0, backward nfe 0, Train: 0.9800, Val: 0.6225, Test: 0.6161, Best time: 7.8741
After OOD adjustment: Training instances of last class: 0
After OOD adjustment: Testing instances of last class: 87
Epoch: 073, Runtime 0.048198, Loss 0.023555, forward nfe 0, backward nfe 0, Train: 0.9800, Val: 0.6225, Test: 0.6161, Best time: 7.8741
After OOD adjustment: Training instances of last class: 0
After OOD adjustment: Testing instances of last class: 87
Epoch: 074, Runtime 0.048541, Loss 0.022973, forward nfe 0, backward nfe 0, Train: 0.9800, Val: 0.6225, Test: 0.6161, Best time: 7.8741
After OOD adjustment: Training instances of last class: 0
After OOD adjustment: Testing instances of last class: 87
Epoch: 075, Runtime 0.049519, Loss 0.022414, forward nfe 0, backward nfe 0, Train: 0.9800, Val: 0.6225, Test: 0.6161, Best time: 7.8741
After OOD adjustment: Training instances of last class: 0
After OOD adjustment: Testing instances of last class: 87
Epoch: 076, Runtime 0.050923, Loss 0.021878, forward nfe 0, backward nfe 0, Train: 0.9800, Val: 0.6225, Test: 0.6161, Best time: 7.8741
After OOD adjustment: Training instances of last class: 0
After OOD adjustment: Testing instances of last class: 87
Epoch: 077, Runtime 0.056820, Loss 0.021363, forward nfe 0, backward nfe 0, Train: 0.9800, Val: 0.6225, Test: 0.6161, Best time: 7.8741
After OOD adjustment: Training instances of last class: 0
After OOD adjustment: Testing instances of last class: 87
Epoch: 078, Runtime 0.050352, Loss 0.020869, forward nfe 0, backward nfe 0, Train: 0.9800, Val: 0.6225, Test: 0.6161, Best time: 7.8741
After OOD adjustment: Training instances of last class: 0
After OOD adjustment: Testing instances of last class: 87
Epoch: 079, Runtime 0.048084, Loss 0.020393, forward nfe 0, backward nfe 0, Train: 0.9800, Val: 0.6225, Test: 0.6161, Best time: 7.8741
After OOD adjustment: Training instances of last class: 0
After OOD adjustment: Testing instances of last class: 87
Epoch: 080, Runtime 0.046617, Loss 0.019935, forward nfe 0, backward nfe 0, Train: 0.9800, Val: 0.6225, Test: 0.6161, Best time: 7.8741
After OOD adjustment: Training instances of last class: 0
After OOD adjustment: Testing instances of last class: 87
Epoch: 081, Runtime 0.050848, Loss 0.019495, forward nfe 0, backward nfe 0, Train: 0.9800, Val: 0.6225, Test: 0.6161, Best time: 7.8741
After OOD adjustment: Training instances of last class: 0
After OOD adjustment: Testing instances of last class: 87
Epoch: 082, Runtime 0.045604, Loss 0.019070, forward nfe 0, backward nfe 0, Train: 0.9800, Val: 0.6225, Test: 0.6161, Best time: 7.8741
After OOD adjustment: Training instances of last class: 0
After OOD adjustment: Testing instances of last class: 87
Epoch: 083, Runtime 0.047870, Loss 0.018661, forward nfe 0, backward nfe 0, Train: 0.9800, Val: 0.6225, Test: 0.6161, Best time: 7.8741
After OOD adjustment: Training instances of last class: 0
After OOD adjustment: Testing instances of last class: 87
Epoch: 084, Runtime 0.048563, Loss 0.018266, forward nfe 0, backward nfe 0, Train: 0.9800, Val: 0.6225, Test: 0.6161, Best time: 7.8741
After OOD adjustment: Training instances of last class: 0
After OOD adjustment: Testing instances of last class: 87
Epoch: 085, Runtime 0.048809, Loss 0.017885, forward nfe 0, backward nfe 0, Train: 0.9800, Val: 0.6225, Test: 0.6161, Best time: 7.8741
After OOD adjustment: Training instances of last class: 0
After OOD adjustment: Testing instances of last class: 87
Epoch: 086, Runtime 0.048491, Loss 0.017517, forward nfe 0, backward nfe 0, Train: 0.9800, Val: 0.6225, Test: 0.6161, Best time: 7.8741
After OOD adjustment: Training instances of last class: 0
After OOD adjustment: Testing instances of last class: 87
Epoch: 087, Runtime 0.050484, Loss 0.017161, forward nfe 0, backward nfe 0, Train: 0.9800, Val: 0.6225, Test: 0.6161, Best time: 7.8741
After OOD adjustment: Training instances of last class: 0
After OOD adjustment: Testing instances of last class: 87
Epoch: 088, Runtime 0.048460, Loss 0.016817, forward nfe 0, backward nfe 0, Train: 0.9800, Val: 0.6225, Test: 0.6161, Best time: 7.8741
After OOD adjustment: Training instances of last class: 0
After OOD adjustment: Testing instances of last class: 87
Epoch: 089, Runtime 0.046062, Loss 0.016484, forward nfe 0, backward nfe 0, Train: 0.9800, Val: 0.6225, Test: 0.6161, Best time: 7.8741
After OOD adjustment: Training instances of last class: 0
After OOD adjustment: Testing instances of last class: 87
Epoch: 090, Runtime 0.047771, Loss 0.016163, forward nfe 0, backward nfe 0, Train: 0.9800, Val: 0.6225, Test: 0.6161, Best time: 7.8741
After OOD adjustment: Training instances of last class: 0
After OOD adjustment: Testing instances of last class: 87
Epoch: 091, Runtime 0.047333, Loss 0.015851, forward nfe 0, backward nfe 0, Train: 0.9800, Val: 0.6225, Test: 0.6161, Best time: 7.8741
After OOD adjustment: Training instances of last class: 0
After OOD adjustment: Testing instances of last class: 87
Epoch: 092, Runtime 0.045087, Loss 0.015549, forward nfe 0, backward nfe 0, Train: 0.9800, Val: 0.6225, Test: 0.6161, Best time: 7.8741
After OOD adjustment: Training instances of last class: 0
After OOD adjustment: Testing instances of last class: 87
Epoch: 093, Runtime 0.046066, Loss 0.015257, forward nfe 0, backward nfe 0, Train: 0.9800, Val: 0.6225, Test: 0.6161, Best time: 7.8741
After OOD adjustment: Training instances of last class: 0
After OOD adjustment: Testing instances of last class: 87
Epoch: 094, Runtime 0.051133, Loss 0.014974, forward nfe 0, backward nfe 0, Train: 0.9800, Val: 0.6225, Test: 0.6161, Best time: 7.8741
After OOD adjustment: Training instances of last class: 0
After OOD adjustment: Testing instances of last class: 87
Epoch: 095, Runtime 0.047722, Loss 0.014699, forward nfe 0, backward nfe 0, Train: 0.9800, Val: 0.6225, Test: 0.6161, Best time: 7.8741
After OOD adjustment: Training instances of last class: 0
After OOD adjustment: Testing instances of last class: 87
Epoch: 096, Runtime 0.050658, Loss 0.014432, forward nfe 0, backward nfe 0, Train: 0.9800, Val: 0.6225, Test: 0.6161, Best time: 7.8741
After OOD adjustment: Training instances of last class: 0
After OOD adjustment: Testing instances of last class: 87
Epoch: 097, Runtime 0.047920, Loss 0.014173, forward nfe 0, backward nfe 0, Train: 0.9800, Val: 0.6225, Test: 0.6161, Best time: 7.8741
After OOD adjustment: Training instances of last class: 0
After OOD adjustment: Testing instances of last class: 87
Epoch: 098, Runtime 0.048118, Loss 0.013922, forward nfe 0, backward nfe 0, Train: 0.9800, Val: 0.6225, Test: 0.6161, Best time: 7.8741
After OOD adjustment: Training instances of last class: 0
After OOD adjustment: Testing instances of last class: 87
Epoch: 099, Runtime 0.048095, Loss 0.013677, forward nfe 0, backward nfe 0, Train: 0.9800, Val: 0.6225, Test: 0.6161, Best time: 7.8741
After OOD adjustment: Training instances of last class: 0
After OOD adjustment: Testing instances of last class: 87
Epoch: 100, Runtime 0.048836, Loss 0.013440, forward nfe 0, backward nfe 0, Train: 0.9800, Val: 0.6225, Test: 0.6161, Best time: 7.8741
After OOD adjustment: Training instances of last class: 0
After OOD adjustment: Testing instances of last class: 87
Epoch: 101, Runtime 0.049445, Loss 0.013209, forward nfe 0, backward nfe 0, Train: 0.9800, Val: 0.6225, Test: 0.6161, Best time: 7.8741
After OOD adjustment: Training instances of last class: 0
After OOD adjustment: Testing instances of last class: 87
Epoch: 102, Runtime 0.051596, Loss 0.012985, forward nfe 0, backward nfe 0, Train: 0.9800, Val: 0.6225, Test: 0.6161, Best time: 7.8741
After OOD adjustment: Training instances of last class: 0
After OOD adjustment: Testing instances of last class: 87
Epoch: 103, Runtime 0.049492, Loss 0.012767, forward nfe 0, backward nfe 0, Train: 0.9800, Val: 0.6225, Test: 0.6161, Best time: 7.8741
After OOD adjustment: Training instances of last class: 0
After OOD adjustment: Testing instances of last class: 87
Epoch: 104, Runtime 0.049169, Loss 0.012555, forward nfe 0, backward nfe 0, Train: 0.9800, Val: 0.6225, Test: 0.6161, Best time: 7.8741
After OOD adjustment: Training instances of last class: 0
After OOD adjustment: Testing instances of last class: 87
Epoch: 105, Runtime 0.051556, Loss 0.012348, forward nfe 0, backward nfe 0, Train: 0.9800, Val: 0.6225, Test: 0.6161, Best time: 7.8741
After OOD adjustment: Training instances of last class: 0
After OOD adjustment: Testing instances of last class: 87
Epoch: 106, Runtime 0.050177, Loss 0.012147, forward nfe 0, backward nfe 0, Train: 0.9800, Val: 0.6225, Test: 0.6161, Best time: 7.8741
After OOD adjustment: Training instances of last class: 0
After OOD adjustment: Testing instances of last class: 87
Epoch: 107, Runtime 0.050640, Loss 0.011951, forward nfe 0, backward nfe 0, Train: 0.9800, Val: 0.6225, Test: 0.6161, Best time: 7.8741
After OOD adjustment: Training instances of last class: 0
After OOD adjustment: Testing instances of last class: 87
Epoch: 108, Runtime 0.048375, Loss 0.011760, forward nfe 0, backward nfe 0, Train: 0.9800, Val: 0.6225, Test: 0.6161, Best time: 7.8741
After OOD adjustment: Training instances of last class: 0
After OOD adjustment: Testing instances of last class: 87
Epoch: 109, Runtime 0.049513, Loss 0.011574, forward nfe 0, backward nfe 0, Train: 0.9800, Val: 0.6225, Test: 0.6161, Best time: 7.8741
After OOD adjustment: Training instances of last class: 0
After OOD adjustment: Testing instances of last class: 87
Epoch: 110, Runtime 0.052179, Loss 0.011392, forward nfe 0, backward nfe 0, Train: 0.9800, Val: 0.6225, Test: 0.6161, Best time: 7.8741
After OOD adjustment: Training instances of last class: 0
After OOD adjustment: Testing instances of last class: 87
Epoch: 111, Runtime 0.052372, Loss 0.011216, forward nfe 0, backward nfe 0, Train: 0.9800, Val: 0.6225, Test: 0.6161, Best time: 7.8741
After OOD adjustment: Training instances of last class: 0
After OOD adjustment: Testing instances of last class: 87
Epoch: 112, Runtime 0.050195, Loss 0.011043, forward nfe 0, backward nfe 0, Train: 0.9800, Val: 0.6225, Test: 0.6161, Best time: 7.8741
After OOD adjustment: Training instances of last class: 0
After OOD adjustment: Testing instances of last class: 87
Epoch: 113, Runtime 0.050143, Loss 0.010875, forward nfe 0, backward nfe 0, Train: 0.9800, Val: 0.6225, Test: 0.6161, Best time: 7.8741
After OOD adjustment: Training instances of last class: 0
After OOD adjustment: Testing instances of last class: 87
Epoch: 114, Runtime 0.050493, Loss 0.010710, forward nfe 0, backward nfe 0, Train: 0.9800, Val: 0.6225, Test: 0.6161, Best time: 7.8741
After OOD adjustment: Training instances of last class: 0
After OOD adjustment: Testing instances of last class: 87
Epoch: 115, Runtime 0.049712, Loss 0.010550, forward nfe 0, backward nfe 0, Train: 0.9800, Val: 0.6225, Test: 0.6161, Best time: 7.8741
After OOD adjustment: Training instances of last class: 0
After OOD adjustment: Testing instances of last class: 87
Epoch: 116, Runtime 0.049356, Loss 0.010394, forward nfe 0, backward nfe 0, Train: 0.9800, Val: 0.6225, Test: 0.6161, Best time: 7.8741
After OOD adjustment: Training instances of last class: 0
After OOD adjustment: Testing instances of last class: 87
Epoch: 117, Runtime 0.052265, Loss 0.010241, forward nfe 0, backward nfe 0, Train: 0.9800, Val: 0.6225, Test: 0.6161, Best time: 7.8741
After OOD adjustment: Training instances of last class: 0
After OOD adjustment: Testing instances of last class: 87
Epoch: 118, Runtime 0.045712, Loss 0.010091, forward nfe 0, backward nfe 0, Train: 0.9800, Val: 0.6225, Test: 0.6161, Best time: 7.8741
After OOD adjustment: Training instances of last class: 0
After OOD adjustment: Testing instances of last class: 87
Epoch: 119, Runtime 0.048372, Loss 0.009946, forward nfe 0, backward nfe 0, Train: 0.9800, Val: 0.6225, Test: 0.6161, Best time: 7.8741
After OOD adjustment: Training instances of last class: 0
After OOD adjustment: Testing instances of last class: 87
Epoch: 120, Runtime 0.045406, Loss 0.009803, forward nfe 0, backward nfe 0, Train: 0.9800, Val: 0.6225, Test: 0.6161, Best time: 7.8741
After OOD adjustment: Training instances of last class: 0
After OOD adjustment: Testing instances of last class: 87
Epoch: 121, Runtime 0.048506, Loss 0.009664, forward nfe 0, backward nfe 0, Train: 0.9800, Val: 0.6225, Test: 0.6161, Best time: 7.8741
After OOD adjustment: Training instances of last class: 0
After OOD adjustment: Testing instances of last class: 87
Epoch: 122, Runtime 0.045519, Loss 0.009527, forward nfe 0, backward nfe 0, Train: 0.9800, Val: 0.6225, Test: 0.6161, Best time: 7.8741
After OOD adjustment: Training instances of last class: 0
After OOD adjustment: Testing instances of last class: 87
Epoch: 123, Runtime 0.048075, Loss 0.009394, forward nfe 0, backward nfe 0, Train: 0.9800, Val: 0.6225, Test: 0.6161, Best time: 7.8741
After OOD adjustment: Training instances of last class: 0
After OOD adjustment: Testing instances of last class: 87
Epoch: 124, Runtime 0.047776, Loss 0.009264, forward nfe 0, backward nfe 0, Train: 0.9800, Val: 0.6225, Test: 0.6161, Best time: 7.8741
After OOD adjustment: Training instances of last class: 0
After OOD adjustment: Testing instances of last class: 87
Epoch: 125, Runtime 0.045432, Loss 0.009137, forward nfe 0, backward nfe 0, Train: 0.9800, Val: 0.6225, Test: 0.6161, Best time: 7.8741
After OOD adjustment: Training instances of last class: 0
After OOD adjustment: Testing instances of last class: 87
Epoch: 126, Runtime 0.046062, Loss 0.009012, forward nfe 0, backward nfe 0, Train: 0.9800, Val: 0.6225, Test: 0.6161, Best time: 7.8741
After OOD adjustment: Training instances of last class: 0
After OOD adjustment: Testing instances of last class: 87
Epoch: 127, Runtime 0.046993, Loss 0.008890, forward nfe 0, backward nfe 0, Train: 0.9800, Val: 0.6225, Test: 0.6161, Best time: 7.8741
After OOD adjustment: Training instances of last class: 0
After OOD adjustment: Testing instances of last class: 87
Epoch: 128, Runtime 0.044429, Loss 0.008770, forward nfe 0, backward nfe 0, Train: 0.9800, Val: 0.6225, Test: 0.6161, Best time: 7.8741
After OOD adjustment: Training instances of last class: 0
After OOD adjustment: Testing instances of last class: 87
Epoch: 129, Runtime 0.044904, Loss 0.008653, forward nfe 0, backward nfe 0, Train: 0.9800, Val: 0.6225, Test: 0.6161, Best time: 7.8741
After OOD adjustment: Training instances of last class: 0
After OOD adjustment: Testing instances of last class: 87
Epoch: 130, Runtime 0.044935, Loss 0.008539, forward nfe 0, backward nfe 0, Train: 0.9800, Val: 0.6225, Test: 0.6161, Best time: 7.8741
After OOD adjustment: Training instances of last class: 0
After OOD adjustment: Testing instances of last class: 87
Epoch: 131, Runtime 0.044717, Loss 0.008427, forward nfe 0, backward nfe 0, Train: 0.9800, Val: 0.6225, Test: 0.6161, Best time: 7.8741
After OOD adjustment: Training instances of last class: 0
After OOD adjustment: Testing instances of last class: 87
Epoch: 132, Runtime 0.047081, Loss 0.008317, forward nfe 0, backward nfe 0, Train: 0.9800, Val: 0.6225, Test: 0.6161, Best time: 7.8741
After OOD adjustment: Training instances of last class: 0
After OOD adjustment: Testing instances of last class: 87
Epoch: 133, Runtime 0.047570, Loss 0.008209, forward nfe 0, backward nfe 0, Train: 0.9800, Val: 0.6225, Test: 0.6161, Best time: 7.8741
After OOD adjustment: Training instances of last class: 0
After OOD adjustment: Testing instances of last class: 87
Epoch: 134, Runtime 0.045721, Loss 0.008104, forward nfe 0, backward nfe 0, Train: 0.9800, Val: 0.6225, Test: 0.6161, Best time: 7.8741
After OOD adjustment: Training instances of last class: 0
After OOD adjustment: Testing instances of last class: 87
Epoch: 135, Runtime 0.045552, Loss 0.008001, forward nfe 0, backward nfe 0, Train: 0.9800, Val: 0.6225, Test: 0.6161, Best time: 7.8741
After OOD adjustment: Training instances of last class: 0
After OOD adjustment: Testing instances of last class: 87
Epoch: 136, Runtime 0.047763, Loss 0.007899, forward nfe 0, backward nfe 0, Train: 0.9800, Val: 0.6225, Test: 0.6161, Best time: 7.8741
After OOD adjustment: Training instances of last class: 0
After OOD adjustment: Testing instances of last class: 87
Epoch: 137, Runtime 0.045668, Loss 0.007800, forward nfe 0, backward nfe 0, Train: 0.9800, Val: 0.6225, Test: 0.6161, Best time: 7.8741
After OOD adjustment: Training instances of last class: 0
After OOD adjustment: Testing instances of last class: 87
Epoch: 138, Runtime 0.045126, Loss 0.007703, forward nfe 0, backward nfe 0, Train: 0.9800, Val: 0.6225, Test: 0.6161, Best time: 7.8741
After OOD adjustment: Training instances of last class: 0
After OOD adjustment: Testing instances of last class: 87
Epoch: 139, Runtime 0.047275, Loss 0.007607, forward nfe 0, backward nfe 0, Train: 0.9800, Val: 0.6225, Test: 0.6161, Best time: 7.8741
After OOD adjustment: Training instances of last class: 0
After OOD adjustment: Testing instances of last class: 87
Epoch: 140, Runtime 0.051988, Loss 0.007514, forward nfe 0, backward nfe 0, Train: 0.9800, Val: 0.6225, Test: 0.6161, Best time: 7.8741
After OOD adjustment: Training instances of last class: 0
After OOD adjustment: Testing instances of last class: 87
Epoch: 141, Runtime 0.049409, Loss 0.007422, forward nfe 0, backward nfe 0, Train: 0.9800, Val: 0.6225, Test: 0.6161, Best time: 7.8741
After OOD adjustment: Training instances of last class: 0
After OOD adjustment: Testing instances of last class: 87
Epoch: 142, Runtime 0.049779, Loss 0.007332, forward nfe 0, backward nfe 0, Train: 0.9800, Val: 0.6225, Test: 0.6161, Best time: 7.8741
After OOD adjustment: Training instances of last class: 0
After OOD adjustment: Testing instances of last class: 87
Epoch: 143, Runtime 0.049736, Loss 0.007244, forward nfe 0, backward nfe 0, Train: 0.9800, Val: 0.6225, Test: 0.6161, Best time: 7.8741
After OOD adjustment: Training instances of last class: 0
After OOD adjustment: Testing instances of last class: 87
Epoch: 144, Runtime 0.050274, Loss 0.007157, forward nfe 0, backward nfe 0, Train: 0.9800, Val: 0.6225, Test: 0.6161, Best time: 7.8741
After OOD adjustment: Training instances of last class: 0
After OOD adjustment: Testing instances of last class: 87
Epoch: 145, Runtime 0.049902, Loss 0.007072, forward nfe 0, backward nfe 0, Train: 0.9800, Val: 0.6225, Test: 0.6161, Best time: 7.8741
After OOD adjustment: Training instances of last class: 0
After OOD adjustment: Testing instances of last class: 87
Epoch: 146, Runtime 0.049789, Loss 0.006988, forward nfe 0, backward nfe 0, Train: 0.9800, Val: 0.6225, Test: 0.6161, Best time: 7.8741
After OOD adjustment: Training instances of last class: 0
After OOD adjustment: Testing instances of last class: 87
Epoch: 147, Runtime 0.050197, Loss 0.006906, forward nfe 0, backward nfe 0, Train: 0.9800, Val: 0.6225, Test: 0.6161, Best time: 7.8741
After OOD adjustment: Training instances of last class: 0
After OOD adjustment: Testing instances of last class: 87
Epoch: 148, Runtime 0.045623, Loss 0.006826, forward nfe 0, backward nfe 0, Train: 0.9800, Val: 0.6225, Test: 0.6161, Best time: 7.8741
After OOD adjustment: Training instances of last class: 0
After OOD adjustment: Testing instances of last class: 87
Epoch: 149, Runtime 0.045373, Loss 0.006747, forward nfe 0, backward nfe 0, Train: 0.9800, Val: 0.6225, Test: 0.6161, Best time: 7.8741
After OOD adjustment: Training instances of last class: 0
After OOD adjustment: Testing instances of last class: 87
Epoch: 150, Runtime 0.045150, Loss 0.006669, forward nfe 0, backward nfe 0, Train: 0.9800, Val: 0.6225, Test: 0.6161, Best time: 7.8741
After OOD adjustment: Training instances of last class: 0
After OOD adjustment: Testing instances of last class: 87
Epoch: 151, Runtime 0.047971, Loss 0.006593, forward nfe 0, backward nfe 0, Train: 0.9800, Val: 0.6225, Test: 0.6161, Best time: 7.8741
After OOD adjustment: Training instances of last class: 0
After OOD adjustment: Testing instances of last class: 87
Epoch: 152, Runtime 0.048223, Loss 0.006518, forward nfe 0, backward nfe 0, Train: 0.9800, Val: 0.6225, Test: 0.6161, Best time: 7.8741
After OOD adjustment: Training instances of last class: 0
After OOD adjustment: Testing instances of last class: 87
Epoch: 153, Runtime 0.052398, Loss 0.006444, forward nfe 0, backward nfe 0, Train: 0.9800, Val: 0.6225, Test: 0.6161, Best time: 7.8741
After OOD adjustment: Training instances of last class: 0
After OOD adjustment: Testing instances of last class: 87
Epoch: 154, Runtime 0.049214, Loss 0.006372, forward nfe 0, backward nfe 0, Train: 0.9800, Val: 0.6225, Test: 0.6161, Best time: 7.8741
After OOD adjustment: Training instances of last class: 0
After OOD adjustment: Testing instances of last class: 87
Epoch: 155, Runtime 0.050481, Loss 0.006301, forward nfe 0, backward nfe 0, Train: 0.9800, Val: 0.6225, Test: 0.6161, Best time: 7.8741
After OOD adjustment: Training instances of last class: 0
After OOD adjustment: Testing instances of last class: 87
Epoch: 156, Runtime 0.049287, Loss 0.006231, forward nfe 0, backward nfe 0, Train: 0.9800, Val: 0.6225, Test: 0.6161, Best time: 7.8741
After OOD adjustment: Training instances of last class: 0
After OOD adjustment: Testing instances of last class: 87
Epoch: 157, Runtime 0.049309, Loss 0.006163, forward nfe 0, backward nfe 0, Train: 0.9800, Val: 0.6225, Test: 0.6161, Best time: 7.8741
After OOD adjustment: Training instances of last class: 0
After OOD adjustment: Testing instances of last class: 87
Epoch: 158, Runtime 0.052407, Loss 0.006095, forward nfe 0, backward nfe 0, Train: 0.9800, Val: 0.6225, Test: 0.6161, Best time: 7.8741
After OOD adjustment: Training instances of last class: 0
After OOD adjustment: Testing instances of last class: 87
Epoch: 159, Runtime 0.049557, Loss 0.006029, forward nfe 0, backward nfe 0, Train: 0.9800, Val: 0.6225, Test: 0.6161, Best time: 7.8741
After OOD adjustment: Training instances of last class: 0
After OOD adjustment: Testing instances of last class: 87
Epoch: 160, Runtime 0.051667, Loss 0.005964, forward nfe 0, backward nfe 0, Train: 0.9800, Val: 0.6225, Test: 0.6161, Best time: 7.8741
After OOD adjustment: Training instances of last class: 0
After OOD adjustment: Testing instances of last class: 87
Epoch: 161, Runtime 0.049192, Loss 0.005900, forward nfe 0, backward nfe 0, Train: 0.9800, Val: 0.6225, Test: 0.6161, Best time: 7.8741
After OOD adjustment: Training instances of last class: 0
After OOD adjustment: Testing instances of last class: 87
Epoch: 162, Runtime 0.050125, Loss 0.005837, forward nfe 0, backward nfe 0, Train: 0.9800, Val: 0.6225, Test: 0.6161, Best time: 7.8741
After OOD adjustment: Training instances of last class: 0
After OOD adjustment: Testing instances of last class: 87
Epoch: 163, Runtime 0.051687, Loss 0.005775, forward nfe 0, backward nfe 0, Train: 0.9800, Val: 0.6225, Test: 0.6161, Best time: 7.8741
After OOD adjustment: Training instances of last class: 0
After OOD adjustment: Testing instances of last class: 87
Epoch: 164, Runtime 0.049283, Loss 0.005714, forward nfe 0, backward nfe 0, Train: 0.9800, Val: 0.6225, Test: 0.6161, Best time: 7.8741
After OOD adjustment: Training instances of last class: 0
After OOD adjustment: Testing instances of last class: 87
Epoch: 165, Runtime 0.050413, Loss 0.005654, forward nfe 0, backward nfe 0, Train: 0.9800, Val: 0.6225, Test: 0.6161, Best time: 7.8741
After OOD adjustment: Training instances of last class: 0
After OOD adjustment: Testing instances of last class: 87
Epoch: 166, Runtime 0.046473, Loss 0.005595, forward nfe 0, backward nfe 0, Train: 0.9800, Val: 0.6225, Test: 0.6161, Best time: 7.8741
After OOD adjustment: Training instances of last class: 0
After OOD adjustment: Testing instances of last class: 87
Epoch: 167, Runtime 0.045661, Loss 0.005537, forward nfe 0, backward nfe 0, Train: 0.9800, Val: 0.6225, Test: 0.6161, Best time: 7.8741
After OOD adjustment: Training instances of last class: 0
After OOD adjustment: Testing instances of last class: 87
Epoch: 168, Runtime 0.047821, Loss 0.005480, forward nfe 0, backward nfe 0, Train: 0.9800, Val: 0.6225, Test: 0.6161, Best time: 7.8741
After OOD adjustment: Training instances of last class: 0
After OOD adjustment: Testing instances of last class: 87
Epoch: 169, Runtime 0.045237, Loss 0.005423, forward nfe 0, backward nfe 0, Train: 0.9800, Val: 0.6225, Test: 0.6161, Best time: 7.8741
After OOD adjustment: Training instances of last class: 0
After OOD adjustment: Testing instances of last class: 87
Epoch: 170, Runtime 0.045634, Loss 0.005368, forward nfe 0, backward nfe 0, Train: 0.9800, Val: 0.6225, Test: 0.6161, Best time: 7.8741
After OOD adjustment: Training instances of last class: 0
After OOD adjustment: Testing instances of last class: 87
Epoch: 171, Runtime 0.048112, Loss 0.005314, forward nfe 0, backward nfe 0, Train: 0.9800, Val: 0.6225, Test: 0.6161, Best time: 7.8741
After OOD adjustment: Training instances of last class: 0
After OOD adjustment: Testing instances of last class: 87
Epoch: 172, Runtime 0.051920, Loss 0.005260, forward nfe 0, backward nfe 0, Train: 0.9800, Val: 0.6225, Test: 0.6161, Best time: 7.8741
After OOD adjustment: Training instances of last class: 0
After OOD adjustment: Testing instances of last class: 87
Epoch: 173, Runtime 0.051967, Loss 0.005207, forward nfe 0, backward nfe 0, Train: 0.9800, Val: 0.6225, Test: 0.6161, Best time: 7.8741
After OOD adjustment: Training instances of last class: 0
After OOD adjustment: Testing instances of last class: 87
Epoch: 174, Runtime 0.051369, Loss 0.005155, forward nfe 0, backward nfe 0, Train: 0.9800, Val: 0.6225, Test: 0.6161, Best time: 7.8741
After OOD adjustment: Training instances of last class: 0
After OOD adjustment: Testing instances of last class: 87
Epoch: 175, Runtime 0.051595, Loss 0.005104, forward nfe 0, backward nfe 0, Train: 0.9800, Val: 0.6225, Test: 0.6161, Best time: 7.8741
After OOD adjustment: Training instances of last class: 0
After OOD adjustment: Testing instances of last class: 87
Epoch: 176, Runtime 0.049436, Loss 0.005054, forward nfe 0, backward nfe 0, Train: 0.9800, Val: 0.6225, Test: 0.6161, Best time: 7.8741
After OOD adjustment: Training instances of last class: 0
After OOD adjustment: Testing instances of last class: 87
Epoch: 177, Runtime 0.051981, Loss 0.005004, forward nfe 0, backward nfe 0, Train: 0.9800, Val: 0.6225, Test: 0.6161, Best time: 7.8741
After OOD adjustment: Training instances of last class: 0
After OOD adjustment: Testing instances of last class: 87
Epoch: 178, Runtime 0.051626, Loss 0.004955, forward nfe 0, backward nfe 0, Train: 0.9800, Val: 0.6225, Test: 0.6161, Best time: 7.8741
After OOD adjustment: Training instances of last class: 0
After OOD adjustment: Testing instances of last class: 87
Epoch: 179, Runtime 0.049742, Loss 0.004907, forward nfe 0, backward nfe 0, Train: 0.9800, Val: 0.6225, Test: 0.6161, Best time: 7.8741
After OOD adjustment: Training instances of last class: 0
After OOD adjustment: Testing instances of last class: 87
Epoch: 180, Runtime 0.047542, Loss 0.004860, forward nfe 0, backward nfe 0, Train: 0.9800, Val: 0.6225, Test: 0.6161, Best time: 7.8741
After OOD adjustment: Training instances of last class: 0
After OOD adjustment: Testing instances of last class: 87
Epoch: 181, Runtime 0.048087, Loss 0.004813, forward nfe 0, backward nfe 0, Train: 0.9800, Val: 0.6225, Test: 0.6161, Best time: 7.8741
After OOD adjustment: Training instances of last class: 0
After OOD adjustment: Testing instances of last class: 87
Epoch: 182, Runtime 0.045362, Loss 0.004767, forward nfe 0, backward nfe 0, Train: 0.9800, Val: 0.6225, Test: 0.6161, Best time: 7.8741
After OOD adjustment: Training instances of last class: 0
After OOD adjustment: Testing instances of last class: 87
Epoch: 183, Runtime 0.047832, Loss 0.004722, forward nfe 0, backward nfe 0, Train: 0.9800, Val: 0.6225, Test: 0.6161, Best time: 7.8741
After OOD adjustment: Training instances of last class: 0
After OOD adjustment: Testing instances of last class: 87
Epoch: 184, Runtime 0.047431, Loss 0.004677, forward nfe 0, backward nfe 0, Train: 0.9800, Val: 0.6225, Test: 0.6161, Best time: 7.8741
After OOD adjustment: Training instances of last class: 0
After OOD adjustment: Testing instances of last class: 87
Epoch: 185, Runtime 0.046519, Loss 0.004633, forward nfe 0, backward nfe 0, Train: 0.9800, Val: 0.6225, Test: 0.6161, Best time: 7.8741
After OOD adjustment: Training instances of last class: 0
After OOD adjustment: Testing instances of last class: 87
Epoch: 186, Runtime 0.051203, Loss 0.004590, forward nfe 0, backward nfe 0, Train: 0.9800, Val: 0.6225, Test: 0.6161, Best time: 7.8741
After OOD adjustment: Training instances of last class: 0
After OOD adjustment: Testing instances of last class: 87
Epoch: 187, Runtime 0.048625, Loss 0.004547, forward nfe 0, backward nfe 0, Train: 0.9800, Val: 0.6225, Test: 0.6161, Best time: 7.8741
After OOD adjustment: Training instances of last class: 0
After OOD adjustment: Testing instances of last class: 87
Epoch: 188, Runtime 0.049586, Loss 0.004505, forward nfe 0, backward nfe 0, Train: 0.9800, Val: 0.6225, Test: 0.6161, Best time: 7.8741
After OOD adjustment: Training instances of last class: 0
After OOD adjustment: Testing instances of last class: 87
Epoch: 189, Runtime 0.052173, Loss 0.004464, forward nfe 0, backward nfe 0, Train: 0.9800, Val: 0.6225, Test: 0.6161, Best time: 7.8741
After OOD adjustment: Training instances of last class: 0
After OOD adjustment: Testing instances of last class: 87
Epoch: 190, Runtime 0.050205, Loss 0.004423, forward nfe 0, backward nfe 0, Train: 0.9800, Val: 0.6225, Test: 0.6161, Best time: 7.8741
After OOD adjustment: Training instances of last class: 0
After OOD adjustment: Testing instances of last class: 87
Epoch: 191, Runtime 0.046228, Loss 0.004382, forward nfe 0, backward nfe 0, Train: 0.9800, Val: 0.6225, Test: 0.6161, Best time: 7.8741
After OOD adjustment: Training instances of last class: 0
After OOD adjustment: Testing instances of last class: 87
Epoch: 192, Runtime 0.045559, Loss 0.004343, forward nfe 0, backward nfe 0, Train: 0.9800, Val: 0.6225, Test: 0.6161, Best time: 7.8741
After OOD adjustment: Training instances of last class: 0
After OOD adjustment: Testing instances of last class: 87
Epoch: 193, Runtime 0.045620, Loss 0.004303, forward nfe 0, backward nfe 0, Train: 0.9800, Val: 0.6225, Test: 0.6161, Best time: 7.8741
After OOD adjustment: Training instances of last class: 0
After OOD adjustment: Testing instances of last class: 87
Epoch: 194, Runtime 0.045562, Loss 0.004265, forward nfe 0, backward nfe 0, Train: 0.9800, Val: 0.6225, Test: 0.6161, Best time: 7.8741
After OOD adjustment: Training instances of last class: 0
After OOD adjustment: Testing instances of last class: 87
Epoch: 195, Runtime 0.047807, Loss 0.004227, forward nfe 0, backward nfe 0, Train: 0.9800, Val: 0.6225, Test: 0.6161, Best time: 7.8741
After OOD adjustment: Training instances of last class: 0
After OOD adjustment: Testing instances of last class: 87
Epoch: 196, Runtime 0.045111, Loss 0.004189, forward nfe 0, backward nfe 0, Train: 0.9800, Val: 0.6225, Test: 0.6161, Best time: 7.8741
After OOD adjustment: Training instances of last class: 0
After OOD adjustment: Testing instances of last class: 87
Epoch: 197, Runtime 0.043424, Loss 0.004152, forward nfe 0, backward nfe 0, Train: 0.9800, Val: 0.6225, Test: 0.6161, Best time: 7.8741
After OOD adjustment: Training instances of last class: 0
After OOD adjustment: Testing instances of last class: 87
Epoch: 198, Runtime 0.045726, Loss 0.004115, forward nfe 0, backward nfe 0, Train: 0.9800, Val: 0.6225, Test: 0.6161, Best time: 7.8741
After OOD adjustment: Training instances of last class: 0
After OOD adjustment: Testing instances of last class: 87
Epoch: 199, Runtime 0.045574, Loss 0.004079, forward nfe 0, backward nfe 0, Train: 0.9800, Val: 0.6225, Test: 0.6161, Best time: 7.8741
After OOD adjustment: Training instances of last class: 0
After OOD adjustment: Testing instances of last class: 87
Epoch: 200, Runtime 0.043221, Loss 0.004043, forward nfe 0, backward nfe 0, Train: 0.9800, Val: 0.6225, Test: 0.6161, Best time: 7.8741
After OOD adjustment: Training instances of last class: 0
After OOD adjustment: Testing instances of last class: 87
Epoch: 201, Runtime 0.045788, Loss 0.004008, forward nfe 0, backward nfe 0, Train: 0.9800, Val: 0.6225, Test: 0.6161, Best time: 7.8741
After OOD adjustment: Training instances of last class: 0
After OOD adjustment: Testing instances of last class: 87
Epoch: 202, Runtime 0.043494, Loss 0.003974, forward nfe 0, backward nfe 0, Train: 0.9800, Val: 0.6225, Test: 0.6161, Best time: 7.8741
After OOD adjustment: Training instances of last class: 0
After OOD adjustment: Testing instances of last class: 87
Epoch: 203, Runtime 0.045732, Loss 0.003939, forward nfe 0, backward nfe 0, Train: 0.9800, Val: 0.6225, Test: 0.6161, Best time: 7.8741
After OOD adjustment: Training instances of last class: 0
After OOD adjustment: Testing instances of last class: 87
Epoch: 204, Runtime 0.048382, Loss 0.003906, forward nfe 0, backward nfe 0, Train: 0.9800, Val: 0.6225, Test: 0.6161, Best time: 7.8741
After OOD adjustment: Training instances of last class: 0
After OOD adjustment: Testing instances of last class: 87
Epoch: 205, Runtime 0.048901, Loss 0.003872, forward nfe 0, backward nfe 0, Train: 0.9800, Val: 0.6225, Test: 0.6161, Best time: 7.8741
After OOD adjustment: Training instances of last class: 0
After OOD adjustment: Testing instances of last class: 87
Epoch: 206, Runtime 0.048600, Loss 0.003840, forward nfe 0, backward nfe 0, Train: 0.9800, Val: 0.6225, Test: 0.6161, Best time: 7.8741
After OOD adjustment: Training instances of last class: 0
After OOD adjustment: Testing instances of last class: 87
Epoch: 207, Runtime 0.047766, Loss 0.003807, forward nfe 0, backward nfe 0, Train: 0.9800, Val: 0.6225, Test: 0.6161, Best time: 7.8741
After OOD adjustment: Training instances of last class: 0
After OOD adjustment: Testing instances of last class: 87
Epoch: 208, Runtime 0.050103, Loss 0.003775, forward nfe 0, backward nfe 0, Train: 0.9800, Val: 0.6225, Test: 0.6161, Best time: 7.8741
After OOD adjustment: Training instances of last class: 0
After OOD adjustment: Testing instances of last class: 87
Epoch: 209, Runtime 0.046686, Loss 0.003743, forward nfe 0, backward nfe 0, Train: 0.9800, Val: 0.6225, Test: 0.6161, Best time: 7.8741
After OOD adjustment: Training instances of last class: 0
After OOD adjustment: Testing instances of last class: 87
Epoch: 210, Runtime 0.045774, Loss 0.003712, forward nfe 0, backward nfe 0, Train: 0.9800, Val: 0.6225, Test: 0.6161, Best time: 7.8741
After OOD adjustment: Training instances of last class: 0
After OOD adjustment: Testing instances of last class: 87
Epoch: 211, Runtime 0.045586, Loss 0.003682, forward nfe 0, backward nfe 0, Train: 0.9800, Val: 0.6225, Test: 0.6161, Best time: 7.8741
After OOD adjustment: Training instances of last class: 0
After OOD adjustment: Testing instances of last class: 87
Epoch: 212, Runtime 0.047752, Loss 0.003651, forward nfe 0, backward nfe 0, Train: 0.9800, Val: 0.6225, Test: 0.6161, Best time: 7.8741
After OOD adjustment: Training instances of last class: 0
After OOD adjustment: Testing instances of last class: 87
Epoch: 213, Runtime 0.045309, Loss 0.003621, forward nfe 0, backward nfe 0, Train: 0.9800, Val: 0.6225, Test: 0.6161, Best time: 7.8741
After OOD adjustment: Training instances of last class: 0
After OOD adjustment: Testing instances of last class: 87
Epoch: 214, Runtime 0.045535, Loss 0.003591, forward nfe 0, backward nfe 0, Train: 0.9800, Val: 0.6225, Test: 0.6161, Best time: 7.8741
After OOD adjustment: Training instances of last class: 0
After OOD adjustment: Testing instances of last class: 87
Epoch: 215, Runtime 0.045634, Loss 0.003562, forward nfe 0, backward nfe 0, Train: 0.9800, Val: 0.6225, Test: 0.6161, Best time: 7.8741
After OOD adjustment: Training instances of last class: 0
After OOD adjustment: Testing instances of last class: 87
Epoch: 216, Runtime 0.045519, Loss 0.003533, forward nfe 0, backward nfe 0, Train: 0.9800, Val: 0.6225, Test: 0.6161, Best time: 7.8741
After OOD adjustment: Training instances of last class: 0
After OOD adjustment: Testing instances of last class: 87
Epoch: 217, Runtime 0.047819, Loss 0.003505, forward nfe 0, backward nfe 0, Train: 0.9800, Val: 0.6225, Test: 0.6161, Best time: 7.8741
After OOD adjustment: Training instances of last class: 0
After OOD adjustment: Testing instances of last class: 87
Epoch: 218, Runtime 0.047350, Loss 0.003477, forward nfe 0, backward nfe 0, Train: 0.9800, Val: 0.6225, Test: 0.6161, Best time: 7.8741
After OOD adjustment: Training instances of last class: 0
After OOD adjustment: Testing instances of last class: 87
Epoch: 219, Runtime 0.045134, Loss 0.003449, forward nfe 0, backward nfe 0, Train: 0.9800, Val: 0.6225, Test: 0.6161, Best time: 7.8741
After OOD adjustment: Training instances of last class: 0
After OOD adjustment: Testing instances of last class: 87
Epoch: 220, Runtime 0.045796, Loss 0.003421, forward nfe 0, backward nfe 0, Train: 0.9800, Val: 0.6225, Test: 0.6161, Best time: 7.8741
After OOD adjustment: Training instances of last class: 0
After OOD adjustment: Testing instances of last class: 87
Epoch: 221, Runtime 0.045463, Loss 0.003394, forward nfe 0, backward nfe 0, Train: 0.9800, Val: 0.6225, Test: 0.6161, Best time: 7.8741
After OOD adjustment: Training instances of last class: 0
After OOD adjustment: Testing instances of last class: 87
Epoch: 222, Runtime 0.047811, Loss 0.003367, forward nfe 0, backward nfe 0, Train: 0.9800, Val: 0.6225, Test: 0.6161, Best time: 7.8741
After OOD adjustment: Training instances of last class: 0
After OOD adjustment: Testing instances of last class: 87
Epoch: 223, Runtime 0.045131, Loss 0.003341, forward nfe 0, backward nfe 0, Train: 0.9800, Val: 0.6225, Test: 0.6161, Best time: 7.8741
After OOD adjustment: Training instances of last class: 0
After OOD adjustment: Testing instances of last class: 87
Epoch: 224, Runtime 0.045615, Loss 0.003315, forward nfe 0, backward nfe 0, Train: 0.9800, Val: 0.6225, Test: 0.6161, Best time: 7.8741
After OOD adjustment: Training instances of last class: 0
After OOD adjustment: Testing instances of last class: 87
Epoch: 225, Runtime 0.048305, Loss 0.003289, forward nfe 0, backward nfe 0, Train: 0.9800, Val: 0.6225, Test: 0.6161, Best time: 7.8741
After OOD adjustment: Training instances of last class: 0
After OOD adjustment: Testing instances of last class: 87
Epoch: 226, Runtime 0.048359, Loss 0.003263, forward nfe 0, backward nfe 0, Train: 0.9800, Val: 0.6225, Test: 0.6161, Best time: 7.8741
After OOD adjustment: Training instances of last class: 0
After OOD adjustment: Testing instances of last class: 87
Epoch: 227, Runtime 0.048786, Loss 0.003238, forward nfe 0, backward nfe 0, Train: 0.9800, Val: 0.6225, Test: 0.6161, Best time: 7.8741
After OOD adjustment: Training instances of last class: 0
After OOD adjustment: Testing instances of last class: 87
Epoch: 228, Runtime 0.047984, Loss 0.003213, forward nfe 0, backward nfe 0, Train: 0.9800, Val: 0.6225, Test: 0.6161, Best time: 7.8741
After OOD adjustment: Training instances of last class: 0
After OOD adjustment: Testing instances of last class: 87
Epoch: 229, Runtime 0.048640, Loss 0.003188, forward nfe 0, backward nfe 0, Train: 0.9800, Val: 0.6225, Test: 0.6161, Best time: 7.8741
After OOD adjustment: Training instances of last class: 0
After OOD adjustment: Testing instances of last class: 87
Epoch: 230, Runtime 0.046646, Loss 0.003164, forward nfe 0, backward nfe 0, Train: 0.9800, Val: 0.6225, Test: 0.6161, Best time: 7.8741
After OOD adjustment: Training instances of last class: 0
After OOD adjustment: Testing instances of last class: 87
Epoch: 231, Runtime 0.043737, Loss 0.003140, forward nfe 0, backward nfe 0, Train: 0.9800, Val: 0.6225, Test: 0.6161, Best time: 7.8741
After OOD adjustment: Training instances of last class: 0
After OOD adjustment: Testing instances of last class: 87
Epoch: 232, Runtime 0.049347, Loss 0.003116, forward nfe 0, backward nfe 0, Train: 0.9800, Val: 0.6225, Test: 0.6161, Best time: 7.8741
After OOD adjustment: Training instances of last class: 0
After OOD adjustment: Testing instances of last class: 87
Epoch: 233, Runtime 0.045133, Loss 0.003093, forward nfe 0, backward nfe 0, Train: 0.9800, Val: 0.6225, Test: 0.6161, Best time: 7.8741
After OOD adjustment: Training instances of last class: 0
After OOD adjustment: Testing instances of last class: 87
Epoch: 234, Runtime 0.047786, Loss 0.003069, forward nfe 0, backward nfe 0, Train: 0.9800, Val: 0.6225, Test: 0.6161, Best time: 7.8741
After OOD adjustment: Training instances of last class: 0
After OOD adjustment: Testing instances of last class: 87
Epoch: 235, Runtime 0.045198, Loss 0.003046, forward nfe 0, backward nfe 0, Train: 0.9800, Val: 0.6225, Test: 0.6161, Best time: 7.8741
After OOD adjustment: Training instances of last class: 0
After OOD adjustment: Testing instances of last class: 87
Epoch: 236, Runtime 0.047678, Loss 0.003024, forward nfe 0, backward nfe 0, Train: 0.9800, Val: 0.6225, Test: 0.6161, Best time: 7.8741
After OOD adjustment: Training instances of last class: 0
After OOD adjustment: Testing instances of last class: 87
Epoch: 237, Runtime 0.045225, Loss 0.003001, forward nfe 0, backward nfe 0, Train: 0.9800, Val: 0.6225, Test: 0.6161, Best time: 7.8741
After OOD adjustment: Training instances of last class: 0
After OOD adjustment: Testing instances of last class: 87
Epoch: 238, Runtime 0.045735, Loss 0.002979, forward nfe 0, backward nfe 0, Train: 0.9800, Val: 0.6225, Test: 0.6161, Best time: 7.8741
After OOD adjustment: Training instances of last class: 0
After OOD adjustment: Testing instances of last class: 87
Epoch: 239, Runtime 0.045237, Loss 0.002957, forward nfe 0, backward nfe 0, Train: 0.9800, Val: 0.6225, Test: 0.6161, Best time: 7.8741
After OOD adjustment: Training instances of last class: 0
After OOD adjustment: Testing instances of last class: 87
Epoch: 240, Runtime 0.047987, Loss 0.002935, forward nfe 0, backward nfe 0, Train: 0.9800, Val: 0.6225, Test: 0.6161, Best time: 7.8741
After OOD adjustment: Training instances of last class: 0
After OOD adjustment: Testing instances of last class: 87
Epoch: 241, Runtime 0.045258, Loss 0.002914, forward nfe 0, backward nfe 0, Train: 0.9800, Val: 0.6225, Test: 0.6161, Best time: 7.8741
After OOD adjustment: Training instances of last class: 0
After OOD adjustment: Testing instances of last class: 87
Epoch: 242, Runtime 0.046106, Loss 0.002893, forward nfe 0, backward nfe 0, Train: 0.9800, Val: 0.6225, Test: 0.6161, Best time: 7.8741
After OOD adjustment: Training instances of last class: 0
After OOD adjustment: Testing instances of last class: 87
Epoch: 243, Runtime 0.048240, Loss 0.002872, forward nfe 0, backward nfe 0, Train: 0.9800, Val: 0.6225, Test: 0.6161, Best time: 7.8741
After OOD adjustment: Training instances of last class: 0
After OOD adjustment: Testing instances of last class: 87
Epoch: 244, Runtime 0.046076, Loss 0.002851, forward nfe 0, backward nfe 0, Train: 0.9800, Val: 0.6225, Test: 0.6161, Best time: 7.8741
After OOD adjustment: Training instances of last class: 0
After OOD adjustment: Testing instances of last class: 87
Epoch: 245, Runtime 0.042519, Loss 0.002830, forward nfe 0, backward nfe 0, Train: 0.9800, Val: 0.6225, Test: 0.6161, Best time: 7.8741
After OOD adjustment: Training instances of last class: 0
After OOD adjustment: Testing instances of last class: 87
Epoch: 246, Runtime 0.046940, Loss 0.002810, forward nfe 0, backward nfe 0, Train: 0.9800, Val: 0.6225, Test: 0.6161, Best time: 7.8741
After OOD adjustment: Training instances of last class: 0
After OOD adjustment: Testing instances of last class: 87
Epoch: 247, Runtime 0.044357, Loss 0.002790, forward nfe 0, backward nfe 0, Train: 0.9800, Val: 0.6225, Test: 0.6161, Best time: 7.8741
After OOD adjustment: Training instances of last class: 0
After OOD adjustment: Testing instances of last class: 87
Epoch: 248, Runtime 0.044839, Loss 0.002770, forward nfe 0, backward nfe 0, Train: 0.9800, Val: 0.6225, Test: 0.6161, Best time: 7.8741
After OOD adjustment: Training instances of last class: 0
After OOD adjustment: Testing instances of last class: 87
Epoch: 249, Runtime 0.044874, Loss 0.002751, forward nfe 0, backward nfe 0, Train: 0.9800, Val: 0.6225, Test: 0.6161, Best time: 7.8741
best val accuracy 0.622464 with test accuracy 0.616129 at epoch 20 and best time 7.874113
base_directory resutls_prob/OOD_Citeseer
new_name:  gnn_ODD
file_path 1 resutls_prob/OOD_Citeseer/gnn_ODD_prediction_probabilities_32.npz
file_path 2 resutls_prob/OOD_Citeseer/gnn_ODD_prediction_probabilities_32.npz
Entropy Threshold: inf Test accuracy: 0.6161290322580645
Entropy Threshold: 2 Test accuracy: 0.6161290322580645
Entropy Threshold: 1.6 Test accuracy: 0.6161290322580645
Entropy Threshold: 1.5 Test accuracy: 0.6979166666666666
Entropy Threshold: 1.4 Test accuracy: 0.7403314917127072
Entropy Threshold: 1.3 Test accuracy: 0.7282229965156795
Entropy Threshold: 1.2 Test accuracy: 0.7545454545454545
Entropy Threshold: 1.1 Test accuracy: 0.7485029940119761
Entropy Threshold: 0.9 Test accuracy: 0.8282828282828283
Entropy Threshold: 0.8 Test accuracy: 0.8493150684931506
Entropy Threshold: 0.7 Test accuracy: 0.8653846153846154
Entropy Threshold: 0.6 Test accuracy: 0.8333333333333334
Entropy Threshold: 0.5 Test accuracy: 0.8571428571428571
Entropy Threshold: 0.4 Test accuracy: 1.0
Entropy Threshold: 0.3 Test accuracy: 1.0
Entropy Threshold: 0.2 Test accuracy: 1.0
Entropy Threshold: 0.1 Test accuracy: None
