[KeOps] Warning : cuda was detected, but driver API could not be initialized. Switching to cpu only.
Folder already exists: results/photo
experiment: 0
Dataset size (num_nodes): 7487, Intended development set size (num_development): 1500
Dataset size (num_nodes): 7487, Actual development set size (num_development): 1500
rations: train 160, val 1340, test 5987
Before OOD adjustment: Total instances of last class: 331
Before OOD adjustment: Training instances of last class: 20
Before OOD adjustment: Testing instances of last class: 267
Before OOD adjustment: Val instances of last class: 44
total train + val+ test 331
After OOD adjustment: Training instances of last class: 0
After OOD adjustment: Testing instances of last class: 267
Total number of classes: 8
number of classes to train: 7
MyGCN2(
  (conv1): GCNConv(745, 64)
  (conv4): GCNConv(64, 7)
)
conv1.bias
torch.Size([64])
conv1.lin.weight
torch.Size([64, 745])
conv4.bias
torch.Size([7])
conv4.lin.weight
torch.Size([7, 64])
After OOD adjustment: Training instances of last class: 0
After OOD adjustment: Testing instances of last class: 267
Epoch: 001, Runtime 0.257650, Loss 2.527611, forward nfe 0, backward nfe 0, Train: 0.1429, Val: 0.1067, Test: 0.1201, Best time: 3.5824
After OOD adjustment: Training instances of last class: 0
After OOD adjustment: Testing instances of last class: 267
Epoch: 002, Runtime 0.343215, Loss 2.102137, forward nfe 0, backward nfe 0, Train: 0.1571, Val: 0.1679, Test: 0.1659, Best time: 3.5824
After OOD adjustment: Training instances of last class: 0
After OOD adjustment: Testing instances of last class: 267
Epoch: 003, Runtime 0.348770, Loss 2.025046, forward nfe 0, backward nfe 0, Train: 0.1643, Val: 0.1813, Test: 0.1593, Best time: 3.5824
After OOD adjustment: Training instances of last class: 0
After OOD adjustment: Testing instances of last class: 267
Epoch: 004, Runtime 0.334110, Loss 2.019407, forward nfe 0, backward nfe 0, Train: 0.2071, Val: 0.2791, Test: 0.2462, Best time: 3.5824
After OOD adjustment: Training instances of last class: 0
After OOD adjustment: Testing instances of last class: 267
Epoch: 005, Runtime 0.329432, Loss 1.987520, forward nfe 0, backward nfe 0, Train: 0.3571, Val: 0.4537, Test: 0.4081, Best time: 3.5824
After OOD adjustment: Training instances of last class: 0
After OOD adjustment: Testing instances of last class: 267
Epoch: 006, Runtime 0.340831, Loss 1.915027, forward nfe 0, backward nfe 0, Train: 0.4857, Val: 0.4903, Test: 0.4548, Best time: 3.5824
After OOD adjustment: Training instances of last class: 0
After OOD adjustment: Testing instances of last class: 267
Epoch: 007, Runtime 0.243406, Loss 1.804766, forward nfe 0, backward nfe 0, Train: 0.4857, Val: 0.4903, Test: 0.4548, Best time: 3.5824
After OOD adjustment: Training instances of last class: 0
After OOD adjustment: Testing instances of last class: 267
Epoch: 008, Runtime 0.355366, Loss 1.674147, forward nfe 0, backward nfe 0, Train: 0.5071, Val: 0.5224, Test: 0.4981, Best time: 3.5824
After OOD adjustment: Training instances of last class: 0
After OOD adjustment: Testing instances of last class: 267
Epoch: 009, Runtime 0.355870, Loss 1.548613, forward nfe 0, backward nfe 0, Train: 0.7500, Val: 0.6948, Test: 0.6867, Best time: 3.5824
After OOD adjustment: Training instances of last class: 0
After OOD adjustment: Testing instances of last class: 267
Epoch: 010, Runtime 0.246784, Loss 1.450749, forward nfe 0, backward nfe 0, Train: 0.7500, Val: 0.6948, Test: 0.6867, Best time: 3.5824
After OOD adjustment: Training instances of last class: 0
After OOD adjustment: Testing instances of last class: 267
Epoch: 011, Runtime 0.245208, Loss 1.395510, forward nfe 0, backward nfe 0, Train: 0.7500, Val: 0.6948, Test: 0.6867, Best time: 3.5824
After OOD adjustment: Training instances of last class: 0
After OOD adjustment: Testing instances of last class: 267
Epoch: 012, Runtime 0.245745, Loss 1.370607, forward nfe 0, backward nfe 0, Train: 0.7500, Val: 0.6948, Test: 0.6867, Best time: 3.5824
After OOD adjustment: Training instances of last class: 0
After OOD adjustment: Testing instances of last class: 267
Epoch: 013, Runtime 0.241212, Loss 1.338089, forward nfe 0, backward nfe 0, Train: 0.7500, Val: 0.6948, Test: 0.6867, Best time: 3.5824
After OOD adjustment: Training instances of last class: 0
After OOD adjustment: Testing instances of last class: 267
Epoch: 014, Runtime 0.239902, Loss 1.278920, forward nfe 0, backward nfe 0, Train: 0.7500, Val: 0.6948, Test: 0.6867, Best time: 3.5824
After OOD adjustment: Training instances of last class: 0
After OOD adjustment: Testing instances of last class: 267
Epoch: 015, Runtime 0.354775, Loss 1.206580, forward nfe 0, backward nfe 0, Train: 0.8357, Val: 0.7164, Test: 0.7336, Best time: 3.5824
After OOD adjustment: Training instances of last class: 0
After OOD adjustment: Testing instances of last class: 267
Epoch: 016, Runtime 0.349264, Loss 1.139271, forward nfe 0, backward nfe 0, Train: 0.8929, Val: 0.7970, Test: 0.8027, Best time: 3.5824
After OOD adjustment: Training instances of last class: 0
After OOD adjustment: Testing instances of last class: 267
Epoch: 017, Runtime 0.351480, Loss 1.083593, forward nfe 0, backward nfe 0, Train: 0.9071, Val: 0.8284, Test: 0.8261, Best time: 3.5824
After OOD adjustment: Training instances of last class: 0
After OOD adjustment: Testing instances of last class: 267
Epoch: 018, Runtime 0.354049, Loss 1.038438, forward nfe 0, backward nfe 0, Train: 0.9000, Val: 0.8321, Test: 0.8293, Best time: 3.5824
After OOD adjustment: Training instances of last class: 0
After OOD adjustment: Testing instances of last class: 267
Epoch: 019, Runtime 0.249055, Loss 1.001525, forward nfe 0, backward nfe 0, Train: 0.9000, Val: 0.8321, Test: 0.8293, Best time: 3.5824
After OOD adjustment: Training instances of last class: 0
After OOD adjustment: Testing instances of last class: 267
Epoch: 020, Runtime 0.248649, Loss 0.970006, forward nfe 0, backward nfe 0, Train: 0.9000, Val: 0.8321, Test: 0.8293, Best time: 3.5824
After OOD adjustment: Training instances of last class: 0
After OOD adjustment: Testing instances of last class: 267
Epoch: 021, Runtime 0.246017, Loss 0.939880, forward nfe 0, backward nfe 0, Train: 0.9000, Val: 0.8321, Test: 0.8293, Best time: 3.5824
After OOD adjustment: Training instances of last class: 0
After OOD adjustment: Testing instances of last class: 267
Epoch: 022, Runtime 0.240993, Loss 0.907634, forward nfe 0, backward nfe 0, Train: 0.9000, Val: 0.8321, Test: 0.8293, Best time: 3.5824
After OOD adjustment: Training instances of last class: 0
After OOD adjustment: Testing instances of last class: 267
Epoch: 023, Runtime 0.244271, Loss 0.872471, forward nfe 0, backward nfe 0, Train: 0.9000, Val: 0.8321, Test: 0.8293, Best time: 3.5824
After OOD adjustment: Training instances of last class: 0
After OOD adjustment: Testing instances of last class: 267
Epoch: 024, Runtime 0.245673, Loss 0.836404, forward nfe 0, backward nfe 0, Train: 0.9000, Val: 0.8321, Test: 0.8293, Best time: 3.5824
After OOD adjustment: Training instances of last class: 0
After OOD adjustment: Testing instances of last class: 267
Epoch: 025, Runtime 0.244503, Loss 0.801969, forward nfe 0, backward nfe 0, Train: 0.9000, Val: 0.8321, Test: 0.8293, Best time: 3.5824
After OOD adjustment: Training instances of last class: 0
After OOD adjustment: Testing instances of last class: 267
Epoch: 026, Runtime 0.247088, Loss 0.770624, forward nfe 0, backward nfe 0, Train: 0.9000, Val: 0.8321, Test: 0.8293, Best time: 3.5824
After OOD adjustment: Training instances of last class: 0
After OOD adjustment: Testing instances of last class: 267
Epoch: 027, Runtime 0.245761, Loss 0.742904, forward nfe 0, backward nfe 0, Train: 0.9000, Val: 0.8321, Test: 0.8293, Best time: 3.5824
After OOD adjustment: Training instances of last class: 0
After OOD adjustment: Testing instances of last class: 267
Epoch: 028, Runtime 0.245061, Loss 0.718764, forward nfe 0, backward nfe 0, Train: 0.9000, Val: 0.8321, Test: 0.8293, Best time: 3.5824
After OOD adjustment: Training instances of last class: 0
After OOD adjustment: Testing instances of last class: 267
Epoch: 029, Runtime 0.358654, Loss 0.697589, forward nfe 0, backward nfe 0, Train: 0.9500, Val: 0.8351, Test: 0.8403, Best time: 3.5824
After OOD adjustment: Training instances of last class: 0
After OOD adjustment: Testing instances of last class: 267
Epoch: 030, Runtime 0.351946, Loss 0.678299, forward nfe 0, backward nfe 0, Train: 0.9500, Val: 0.8425, Test: 0.8508, Best time: 3.5824
After OOD adjustment: Training instances of last class: 0
After OOD adjustment: Testing instances of last class: 267
Epoch: 031, Runtime 0.350954, Loss 0.659638, forward nfe 0, backward nfe 0, Train: 0.9500, Val: 0.8552, Test: 0.8632, Best time: 3.5824
After OOD adjustment: Training instances of last class: 0
After OOD adjustment: Testing instances of last class: 267
Epoch: 032, Runtime 0.341053, Loss 0.640585, forward nfe 0, backward nfe 0, Train: 0.9643, Val: 0.8619, Test: 0.8679, Best time: 3.5824
After OOD adjustment: Training instances of last class: 0
After OOD adjustment: Testing instances of last class: 267
Epoch: 033, Runtime 0.250559, Loss 0.620866, forward nfe 0, backward nfe 0, Train: 0.9643, Val: 0.8619, Test: 0.8679, Best time: 3.5824
After OOD adjustment: Training instances of last class: 0
After OOD adjustment: Testing instances of last class: 267
Epoch: 034, Runtime 0.246560, Loss 0.601119, forward nfe 0, backward nfe 0, Train: 0.9643, Val: 0.8619, Test: 0.8679, Best time: 3.5824
After OOD adjustment: Training instances of last class: 0
After OOD adjustment: Testing instances of last class: 267
Epoch: 035, Runtime 0.245882, Loss 0.582365, forward nfe 0, backward nfe 0, Train: 0.9643, Val: 0.8619, Test: 0.8679, Best time: 3.5824
After OOD adjustment: Training instances of last class: 0
After OOD adjustment: Testing instances of last class: 267
Epoch: 036, Runtime 0.243299, Loss 0.565248, forward nfe 0, backward nfe 0, Train: 0.9643, Val: 0.8619, Test: 0.8679, Best time: 3.5824
After OOD adjustment: Training instances of last class: 0
After OOD adjustment: Testing instances of last class: 267
Epoch: 037, Runtime 0.240429, Loss 0.549767, forward nfe 0, backward nfe 0, Train: 0.9643, Val: 0.8619, Test: 0.8679, Best time: 3.5824
After OOD adjustment: Training instances of last class: 0
After OOD adjustment: Testing instances of last class: 267
Epoch: 038, Runtime 0.249371, Loss 0.535551, forward nfe 0, backward nfe 0, Train: 0.9643, Val: 0.8619, Test: 0.8679, Best time: 3.5824
After OOD adjustment: Training instances of last class: 0
After OOD adjustment: Testing instances of last class: 267
Epoch: 039, Runtime 0.247711, Loss 0.522214, forward nfe 0, backward nfe 0, Train: 0.9643, Val: 0.8619, Test: 0.8679, Best time: 3.5824
After OOD adjustment: Training instances of last class: 0
After OOD adjustment: Testing instances of last class: 267
Epoch: 040, Runtime 0.354930, Loss 0.509488, forward nfe 0, backward nfe 0, Train: 0.9571, Val: 0.8672, Test: 0.8674, Best time: 3.5824
After OOD adjustment: Training instances of last class: 0
After OOD adjustment: Testing instances of last class: 267
Epoch: 041, Runtime 0.354007, Loss 0.497194, forward nfe 0, backward nfe 0, Train: 0.9643, Val: 0.8746, Test: 0.8746, Best time: 3.5824
After OOD adjustment: Training instances of last class: 0
After OOD adjustment: Testing instances of last class: 267
Epoch: 042, Runtime 0.335947, Loss 0.485218, forward nfe 0, backward nfe 0, Train: 0.9643, Val: 0.8791, Test: 0.8816, Best time: 3.5824
After OOD adjustment: Training instances of last class: 0
After OOD adjustment: Testing instances of last class: 267
Epoch: 043, Runtime 0.347206, Loss 0.473497, forward nfe 0, backward nfe 0, Train: 0.9643, Val: 0.8821, Test: 0.8856, Best time: 3.5824
After OOD adjustment: Training instances of last class: 0
After OOD adjustment: Testing instances of last class: 267
Epoch: 044, Runtime 0.330847, Loss 0.462011, forward nfe 0, backward nfe 0, Train: 0.9643, Val: 0.8828, Test: 0.8866, Best time: 3.5824
After OOD adjustment: Training instances of last class: 0
After OOD adjustment: Testing instances of last class: 267
Epoch: 045, Runtime 0.333108, Loss 0.450798, forward nfe 0, backward nfe 0, Train: 0.9714, Val: 0.8836, Test: 0.8879, Best time: 3.5824
After OOD adjustment: Training instances of last class: 0
After OOD adjustment: Testing instances of last class: 267
Epoch: 046, Runtime 0.246855, Loss 0.439960, forward nfe 0, backward nfe 0, Train: 0.9714, Val: 0.8836, Test: 0.8879, Best time: 3.5824
After OOD adjustment: Training instances of last class: 0
After OOD adjustment: Testing instances of last class: 267
Epoch: 047, Runtime 0.328244, Loss 0.429629, forward nfe 0, backward nfe 0, Train: 0.9714, Val: 0.8843, Test: 0.8869, Best time: 3.5824
After OOD adjustment: Training instances of last class: 0
After OOD adjustment: Testing instances of last class: 267
Epoch: 048, Runtime 0.351706, Loss 0.419886, forward nfe 0, backward nfe 0, Train: 0.9714, Val: 0.8851, Test: 0.8873, Best time: 3.5824
After OOD adjustment: Training instances of last class: 0
After OOD adjustment: Testing instances of last class: 267
Epoch: 049, Runtime 0.243101, Loss 0.410704, forward nfe 0, backward nfe 0, Train: 0.9714, Val: 0.8851, Test: 0.8873, Best time: 3.5824
After OOD adjustment: Training instances of last class: 0
After OOD adjustment: Testing instances of last class: 267
Epoch: 050, Runtime 0.240877, Loss 0.401976, forward nfe 0, backward nfe 0, Train: 0.9714, Val: 0.8851, Test: 0.8873, Best time: 3.5824
After OOD adjustment: Training instances of last class: 0
After OOD adjustment: Testing instances of last class: 267
Epoch: 051, Runtime 0.240422, Loss 0.393590, forward nfe 0, backward nfe 0, Train: 0.9714, Val: 0.8851, Test: 0.8873, Best time: 3.5824
After OOD adjustment: Training instances of last class: 0
After OOD adjustment: Testing instances of last class: 267
Epoch: 052, Runtime 0.246606, Loss 0.385464, forward nfe 0, backward nfe 0, Train: 0.9714, Val: 0.8851, Test: 0.8873, Best time: 3.5824
After OOD adjustment: Training instances of last class: 0
After OOD adjustment: Testing instances of last class: 267
Epoch: 053, Runtime 0.334209, Loss 0.377556, forward nfe 0, backward nfe 0, Train: 0.9714, Val: 0.8858, Test: 0.8904, Best time: 3.5824
After OOD adjustment: Training instances of last class: 0
After OOD adjustment: Testing instances of last class: 267
Epoch: 054, Runtime 0.240110, Loss 0.369850, forward nfe 0, backward nfe 0, Train: 0.9714, Val: 0.8858, Test: 0.8904, Best time: 3.5824
After OOD adjustment: Training instances of last class: 0
After OOD adjustment: Testing instances of last class: 267
Epoch: 055, Runtime 0.344924, Loss 0.362349, forward nfe 0, backward nfe 0, Train: 0.9714, Val: 0.8888, Test: 0.8908, Best time: 3.5824
After OOD adjustment: Training instances of last class: 0
After OOD adjustment: Testing instances of last class: 267
Epoch: 056, Runtime 0.333850, Loss 0.355066, forward nfe 0, backward nfe 0, Train: 0.9714, Val: 0.8896, Test: 0.8906, Best time: 3.5824
After OOD adjustment: Training instances of last class: 0
After OOD adjustment: Testing instances of last class: 267
Epoch: 057, Runtime 0.240391, Loss 0.348008, forward nfe 0, backward nfe 0, Train: 0.9714, Val: 0.8896, Test: 0.8906, Best time: 3.5824
After OOD adjustment: Training instances of last class: 0
After OOD adjustment: Testing instances of last class: 267
Epoch: 058, Runtime 0.347030, Loss 0.341177, forward nfe 0, backward nfe 0, Train: 0.9714, Val: 0.8903, Test: 0.8913, Best time: 3.5824
After OOD adjustment: Training instances of last class: 0
After OOD adjustment: Testing instances of last class: 267
Epoch: 059, Runtime 0.243380, Loss 0.334581, forward nfe 0, backward nfe 0, Train: 0.9714, Val: 0.8903, Test: 0.8913, Best time: 3.5824
After OOD adjustment: Training instances of last class: 0
After OOD adjustment: Testing instances of last class: 267
Epoch: 060, Runtime 0.240267, Loss 0.328229, forward nfe 0, backward nfe 0, Train: 0.9714, Val: 0.8903, Test: 0.8913, Best time: 3.5824
After OOD adjustment: Training instances of last class: 0
After OOD adjustment: Testing instances of last class: 267
Epoch: 061, Runtime 0.242757, Loss 0.322121, forward nfe 0, backward nfe 0, Train: 0.9714, Val: 0.8903, Test: 0.8913, Best time: 3.5824
After OOD adjustment: Training instances of last class: 0
After OOD adjustment: Testing instances of last class: 267
Epoch: 062, Runtime 0.245548, Loss 0.316240, forward nfe 0, backward nfe 0, Train: 0.9714, Val: 0.8903, Test: 0.8913, Best time: 3.5824
After OOD adjustment: Training instances of last class: 0
After OOD adjustment: Testing instances of last class: 267
Epoch: 063, Runtime 0.238950, Loss 0.310559, forward nfe 0, backward nfe 0, Train: 0.9714, Val: 0.8903, Test: 0.8913, Best time: 3.5824
After OOD adjustment: Training instances of last class: 0
After OOD adjustment: Testing instances of last class: 267
Epoch: 064, Runtime 0.238231, Loss 0.305051, forward nfe 0, backward nfe 0, Train: 0.9714, Val: 0.8903, Test: 0.8913, Best time: 3.5824
After OOD adjustment: Training instances of last class: 0
After OOD adjustment: Testing instances of last class: 267
Epoch: 065, Runtime 0.240651, Loss 0.299698, forward nfe 0, backward nfe 0, Train: 0.9714, Val: 0.8903, Test: 0.8913, Best time: 3.5824
After OOD adjustment: Training instances of last class: 0
After OOD adjustment: Testing instances of last class: 267
Epoch: 066, Runtime 0.247397, Loss 0.294488, forward nfe 0, backward nfe 0, Train: 0.9714, Val: 0.8903, Test: 0.8913, Best time: 3.5824
After OOD adjustment: Training instances of last class: 0
After OOD adjustment: Testing instances of last class: 267
Epoch: 067, Runtime 0.244985, Loss 0.289414, forward nfe 0, backward nfe 0, Train: 0.9714, Val: 0.8903, Test: 0.8913, Best time: 3.5824
After OOD adjustment: Training instances of last class: 0
After OOD adjustment: Testing instances of last class: 267
Epoch: 068, Runtime 0.342200, Loss 0.284480, forward nfe 0, backward nfe 0, Train: 0.9714, Val: 0.8910, Test: 0.8921, Best time: 3.5824
After OOD adjustment: Training instances of last class: 0
After OOD adjustment: Testing instances of last class: 267
Epoch: 069, Runtime 0.247368, Loss 0.279686, forward nfe 0, backward nfe 0, Train: 0.9714, Val: 0.8910, Test: 0.8921, Best time: 3.5824
After OOD adjustment: Training instances of last class: 0
After OOD adjustment: Testing instances of last class: 267
Epoch: 070, Runtime 0.251985, Loss 0.275032, forward nfe 0, backward nfe 0, Train: 0.9714, Val: 0.8910, Test: 0.8921, Best time: 3.5824
After OOD adjustment: Training instances of last class: 0
After OOD adjustment: Testing instances of last class: 267
Epoch: 071, Runtime 0.244519, Loss 0.270514, forward nfe 0, backward nfe 0, Train: 0.9714, Val: 0.8910, Test: 0.8921, Best time: 3.5824
After OOD adjustment: Training instances of last class: 0
After OOD adjustment: Testing instances of last class: 267
Epoch: 072, Runtime 0.328729, Loss 0.266128, forward nfe 0, backward nfe 0, Train: 0.9714, Val: 0.8918, Test: 0.8931, Best time: 3.5824
After OOD adjustment: Training instances of last class: 0
After OOD adjustment: Testing instances of last class: 267
Epoch: 073, Runtime 0.244597, Loss 0.261874, forward nfe 0, backward nfe 0, Train: 0.9714, Val: 0.8918, Test: 0.8931, Best time: 3.5824
After OOD adjustment: Training instances of last class: 0
After OOD adjustment: Testing instances of last class: 267
Epoch: 074, Runtime 0.247650, Loss 0.257747, forward nfe 0, backward nfe 0, Train: 0.9714, Val: 0.8918, Test: 0.8931, Best time: 3.5824
After OOD adjustment: Training instances of last class: 0
After OOD adjustment: Testing instances of last class: 267
Epoch: 075, Runtime 0.241701, Loss 0.253741, forward nfe 0, backward nfe 0, Train: 0.9714, Val: 0.8918, Test: 0.8931, Best time: 3.5824
After OOD adjustment: Training instances of last class: 0
After OOD adjustment: Testing instances of last class: 267
Epoch: 076, Runtime 0.243770, Loss 0.249850, forward nfe 0, backward nfe 0, Train: 0.9714, Val: 0.8918, Test: 0.8931, Best time: 3.5824
After OOD adjustment: Training instances of last class: 0
After OOD adjustment: Testing instances of last class: 267
Epoch: 077, Runtime 0.245947, Loss 0.246065, forward nfe 0, backward nfe 0, Train: 0.9714, Val: 0.8918, Test: 0.8931, Best time: 3.5824
After OOD adjustment: Training instances of last class: 0
After OOD adjustment: Testing instances of last class: 267
Epoch: 078, Runtime 0.246330, Loss 0.242379, forward nfe 0, backward nfe 0, Train: 0.9714, Val: 0.8918, Test: 0.8931, Best time: 3.5824
After OOD adjustment: Training instances of last class: 0
After OOD adjustment: Testing instances of last class: 267
Epoch: 079, Runtime 0.245919, Loss 0.238787, forward nfe 0, backward nfe 0, Train: 0.9714, Val: 0.8918, Test: 0.8931, Best time: 3.5824
After OOD adjustment: Training instances of last class: 0
After OOD adjustment: Testing instances of last class: 267
Epoch: 080, Runtime 0.247649, Loss 0.235285, forward nfe 0, backward nfe 0, Train: 0.9714, Val: 0.8918, Test: 0.8931, Best time: 3.5824
After OOD adjustment: Training instances of last class: 0
After OOD adjustment: Testing instances of last class: 267
Epoch: 081, Runtime 0.239830, Loss 0.231871, forward nfe 0, backward nfe 0, Train: 0.9714, Val: 0.8918, Test: 0.8931, Best time: 3.5824
After OOD adjustment: Training instances of last class: 0
After OOD adjustment: Testing instances of last class: 267
Epoch: 082, Runtime 0.243619, Loss 0.228544, forward nfe 0, backward nfe 0, Train: 0.9714, Val: 0.8918, Test: 0.8931, Best time: 3.5824
After OOD adjustment: Training instances of last class: 0
After OOD adjustment: Testing instances of last class: 267
Epoch: 083, Runtime 0.246327, Loss 0.225303, forward nfe 0, backward nfe 0, Train: 0.9714, Val: 0.8918, Test: 0.8931, Best time: 3.5824
After OOD adjustment: Training instances of last class: 0
After OOD adjustment: Testing instances of last class: 267
Epoch: 084, Runtime 0.240983, Loss 0.222145, forward nfe 0, backward nfe 0, Train: 0.9714, Val: 0.8918, Test: 0.8931, Best time: 3.5824
After OOD adjustment: Training instances of last class: 0
After OOD adjustment: Testing instances of last class: 267
Epoch: 085, Runtime 0.239130, Loss 0.219068, forward nfe 0, backward nfe 0, Train: 0.9714, Val: 0.8918, Test: 0.8931, Best time: 3.5824
After OOD adjustment: Training instances of last class: 0
After OOD adjustment: Testing instances of last class: 267
Epoch: 086, Runtime 0.244964, Loss 0.216069, forward nfe 0, backward nfe 0, Train: 0.9714, Val: 0.8918, Test: 0.8931, Best time: 3.5824
After OOD adjustment: Training instances of last class: 0
After OOD adjustment: Testing instances of last class: 267
Epoch: 087, Runtime 0.248248, Loss 0.213145, forward nfe 0, backward nfe 0, Train: 0.9714, Val: 0.8918, Test: 0.8931, Best time: 3.5824
After OOD adjustment: Training instances of last class: 0
After OOD adjustment: Testing instances of last class: 267
Epoch: 088, Runtime 0.244376, Loss 0.210294, forward nfe 0, backward nfe 0, Train: 0.9714, Val: 0.8918, Test: 0.8931, Best time: 3.5824
After OOD adjustment: Training instances of last class: 0
After OOD adjustment: Testing instances of last class: 267
Epoch: 089, Runtime 0.241961, Loss 0.207513, forward nfe 0, backward nfe 0, Train: 0.9714, Val: 0.8918, Test: 0.8931, Best time: 3.5824
After OOD adjustment: Training instances of last class: 0
After OOD adjustment: Testing instances of last class: 267
Epoch: 090, Runtime 0.252245, Loss 0.204800, forward nfe 0, backward nfe 0, Train: 0.9714, Val: 0.8918, Test: 0.8931, Best time: 3.5824
After OOD adjustment: Training instances of last class: 0
After OOD adjustment: Testing instances of last class: 267
Epoch: 091, Runtime 0.243722, Loss 0.202150, forward nfe 0, backward nfe 0, Train: 0.9714, Val: 0.8918, Test: 0.8931, Best time: 3.5824
After OOD adjustment: Training instances of last class: 0
After OOD adjustment: Testing instances of last class: 267
Epoch: 092, Runtime 0.246560, Loss 0.199562, forward nfe 0, backward nfe 0, Train: 0.9714, Val: 0.8918, Test: 0.8931, Best time: 3.5824
After OOD adjustment: Training instances of last class: 0
After OOD adjustment: Testing instances of last class: 267
Epoch: 093, Runtime 0.250509, Loss 0.197032, forward nfe 0, backward nfe 0, Train: 0.9714, Val: 0.8918, Test: 0.8931, Best time: 3.5824
After OOD adjustment: Training instances of last class: 0
After OOD adjustment: Testing instances of last class: 267
Epoch: 094, Runtime 0.357708, Loss 0.194559, forward nfe 0, backward nfe 0, Train: 0.9857, Val: 0.8925, Test: 0.8941, Best time: 3.5824
After OOD adjustment: Training instances of last class: 0
After OOD adjustment: Testing instances of last class: 267
Epoch: 095, Runtime 0.250718, Loss 0.192142, forward nfe 0, backward nfe 0, Train: 0.9857, Val: 0.8925, Test: 0.8941, Best time: 3.5824
After OOD adjustment: Training instances of last class: 0
After OOD adjustment: Testing instances of last class: 267
Epoch: 096, Runtime 0.247207, Loss 0.189779, forward nfe 0, backward nfe 0, Train: 0.9857, Val: 0.8925, Test: 0.8941, Best time: 3.5824
After OOD adjustment: Training instances of last class: 0
After OOD adjustment: Testing instances of last class: 267
Epoch: 097, Runtime 0.250325, Loss 0.187468, forward nfe 0, backward nfe 0, Train: 0.9857, Val: 0.8925, Test: 0.8941, Best time: 3.5824
After OOD adjustment: Training instances of last class: 0
After OOD adjustment: Testing instances of last class: 267
Epoch: 098, Runtime 0.247982, Loss 0.185209, forward nfe 0, backward nfe 0, Train: 0.9857, Val: 0.8925, Test: 0.8941, Best time: 3.5824
After OOD adjustment: Training instances of last class: 0
After OOD adjustment: Testing instances of last class: 267
Epoch: 099, Runtime 0.244566, Loss 0.183000, forward nfe 0, backward nfe 0, Train: 0.9857, Val: 0.8925, Test: 0.8941, Best time: 3.5824
best val accuracy 0.892537 with test accuracy 0.894104 at epoch 94 and best time 3.582403
base_directory resutls_prob/OOD_Photo
new_name:  gnn_ODD
file_path 1 resutls_prob/OOD_Photo/gnn_ODD_prediction_probabilities_29.npz
file_path 2 resutls_prob/OOD_Photo/gnn_ODD_prediction_probabilities_29.npz
Entropy Threshold: inf Test accuracy: 0.8941038917654919
Entropy Threshold: 2 Test accuracy: 0.8941038917654919
Entropy Threshold: 1.6 Test accuracy: 0.9125740160222919
Entropy Threshold: 1.5 Test accuracy: 0.9239325439540724
Entropy Threshold: 1.4 Test accuracy: 0.9325323475046211
Entropy Threshold: 1.3 Test accuracy: 0.9399273005548116
Entropy Threshold: 1.2 Test accuracy: 0.949452736318408
Entropy Threshold: 1.1 Test accuracy: 0.9546688949237518
Entropy Threshold: 0.9 Test accuracy: 0.9617080529125087
Entropy Threshold: 0.8 Test accuracy: 0.9674475955610358
Entropy Threshold: 0.7 Test accuracy: 0.9750199309061919
Entropy Threshold: 0.6 Test accuracy: 0.9772063120981882
Entropy Threshold: 0.5 Test accuracy: 0.9820496083550914
Entropy Threshold: 0.4 Test accuracy: 0.9845980465815176
Entropy Threshold: 0.3 Test accuracy: 0.9846867749419954
Entropy Threshold: 0.2 Test accuracy: 0.9877149877149877
Entropy Threshold: 0.1 Test accuracy: 0.9922135706340378
