[KeOps] Warning : cuda was detected, but driver API could not be initialized. Switching to cpu only.
Folder already exists: results/cora
experiment: 0
Dataset size (num_nodes): 2485, Intended development set size (num_development): 1500
Dataset size (num_nodes): 2485, Actual development set size (num_development): 1500
rations: train 140, val 1360, test 985
Before OOD adjustment: Total instances of last class: 131
Before OOD adjustment: Training instances of last class: 20
Before OOD adjustment: Testing instances of last class: 55
Before OOD adjustment: Val instances of last class: 56
total train + val+ test 131
After OOD adjustment: Training instances of last class: 0
After OOD adjustment: Testing instances of last class: 55
Total number of classes: 7
number of classes to train: 6
using file gn_sde.py
sigma 1.0
rtol 0.01
t1 0.01
Dataset size (num_nodes): 2485, Intended development set size (num_development): 1500
Dataset size (num_nodes): 2485, Actual development set size (num_development): 1500
rations: train 140, val 1360, test 985
within set_train_val_test_split function!
Before OOD adjustment: Total instances of last class: 131
Before OOD adjustment: Training instances of last class: 20
Before OOD adjustment: Testing instances of last class: 48
Before OOD adjustment: Val instances of last class: 63
total train + val+ test 131
After OOD adjustment: Training instances of last class: 0
After OOD adjustment: Testing instances of last class: 48
LatentGraphSDE(
  (net): Sequential(
    (0): MyGCN(
      (activation): Softplus(beta=1, threshold=20)
      (conv1): GCNConv(81, 80)
    )
    (1): MyGCN(
      (conv1): GCNConv(80, 80)
    )
  )
  (in_net): MyGCN(
    (conv1): GCNConv(1433, 80)
  )
  (projection_net): Sequential(
    (0): Flatten(start_dim=1, end_dim=-1)
    (1): MyGCN(
      (conv1): GCNConv(80, 6)
    )
  )
)
qy0_mean
torch.Size([1, 80])
qy0_logvar
torch.Size([1, 80])
net.0.conv1.bias
torch.Size([80])
net.0.conv1.lin.weight
torch.Size([80, 81])
net.1.conv1.bias
torch.Size([80])
net.1.conv1.lin.weight
torch.Size([80, 80])
in_net.conv1.bias
torch.Size([80])
in_net.conv1.lin.weight
torch.Size([80, 1433])
projection_net.1.conv1.bias
torch.Size([6])
projection_net.1.conv1.lin.weight
torch.Size([6, 80])
After OOD adjustment: Training instances of last class: 0
After OOD adjustment: Testing instances of last class: 48
Epoch: 001, Runtime 3.564624, Loss 1.781899, forward nfe 0, backward nfe 0, Train: 0.2667, Val: 0.2169, Test: 0.2020, Best time: 18.2948
After OOD adjustment: Training instances of last class: 0
After OOD adjustment: Testing instances of last class: 48
Epoch: 002, Runtime 3.428570, Loss 1.766822, forward nfe 0, backward nfe 0, Train: 0.3917, Val: 0.2838, Test: 0.2518, Best time: 18.2948
After OOD adjustment: Training instances of last class: 0
After OOD adjustment: Testing instances of last class: 48
Epoch: 003, Runtime 3.435427, Loss 1.752614, forward nfe 0, backward nfe 0, Train: 0.4417, Val: 0.3412, Test: 0.3208, Best time: 18.2948
After OOD adjustment: Training instances of last class: 0
After OOD adjustment: Testing instances of last class: 48
Epoch: 004, Runtime 3.438528, Loss 1.708521, forward nfe 0, backward nfe 0, Train: 0.5667, Val: 0.3875, Test: 0.3777, Best time: 18.2948
After OOD adjustment: Training instances of last class: 0
After OOD adjustment: Testing instances of last class: 48
Epoch: 005, Runtime 3.431268, Loss 1.677745, forward nfe 0, backward nfe 0, Train: 0.7750, Val: 0.4662, Test: 0.4609, Best time: 18.2948
After OOD adjustment: Training instances of last class: 0
After OOD adjustment: Testing instances of last class: 48
Epoch: 006, Runtime 3.421355, Loss 1.659285, forward nfe 0, backward nfe 0, Train: 0.8000, Val: 0.5257, Test: 0.5340, Best time: 18.2948
After OOD adjustment: Training instances of last class: 0
After OOD adjustment: Testing instances of last class: 48
Epoch: 007, Runtime 3.464479, Loss 1.622355, forward nfe 0, backward nfe 0, Train: 0.8833, Val: 0.5728, Test: 0.5482, Best time: 18.2948
After OOD adjustment: Training instances of last class: 0
After OOD adjustment: Testing instances of last class: 48
Epoch: 008, Runtime 3.423146, Loss 1.597548, forward nfe 0, backward nfe 0, Train: 0.8667, Val: 0.5787, Test: 0.5909, Best time: 18.2948
After OOD adjustment: Training instances of last class: 0
After OOD adjustment: Testing instances of last class: 48
Epoch: 009, Runtime 3.443680, Loss 1.567091, forward nfe 0, backward nfe 0, Train: 0.9250, Val: 0.6346, Test: 0.6325, Best time: 18.2948
After OOD adjustment: Training instances of last class: 0
After OOD adjustment: Testing instances of last class: 48
Epoch: 010, Runtime 3.414425, Loss 1.517018, forward nfe 0, backward nfe 0, Train: 0.8833, Val: 0.6588, Test: 0.6680, Best time: 18.2948
After OOD adjustment: Training instances of last class: 0
After OOD adjustment: Testing instances of last class: 48
Epoch: 011, Runtime 3.415644, Loss 1.502101, forward nfe 0, backward nfe 0, Train: 0.9333, Val: 0.6794, Test: 0.6629, Best time: 18.2948
After OOD adjustment: Training instances of last class: 0
After OOD adjustment: Testing instances of last class: 48
Epoch: 012, Runtime 3.315936, Loss 1.451087, forward nfe 0, backward nfe 0, Train: 0.9333, Val: 0.6794, Test: 0.6629, Best time: 18.2948
After OOD adjustment: Training instances of last class: 0
After OOD adjustment: Testing instances of last class: 48
Epoch: 013, Runtime 3.451385, Loss 1.410938, forward nfe 0, backward nfe 0, Train: 0.9500, Val: 0.6904, Test: 0.7107, Best time: 18.2948
After OOD adjustment: Training instances of last class: 0
After OOD adjustment: Testing instances of last class: 48
Epoch: 014, Runtime 3.420680, Loss 1.395434, forward nfe 0, backward nfe 0, Train: 0.9583, Val: 0.7176, Test: 0.7269, Best time: 18.2948
After OOD adjustment: Training instances of last class: 0
After OOD adjustment: Testing instances of last class: 48
Epoch: 015, Runtime 3.305703, Loss 1.359064, forward nfe 0, backward nfe 0, Train: 0.9583, Val: 0.7176, Test: 0.7269, Best time: 18.2948
After OOD adjustment: Training instances of last class: 0
After OOD adjustment: Testing instances of last class: 48
Epoch: 016, Runtime 3.447031, Loss 1.321760, forward nfe 0, backward nfe 0, Train: 0.9667, Val: 0.7353, Test: 0.7391, Best time: 18.2948
After OOD adjustment: Training instances of last class: 0
After OOD adjustment: Testing instances of last class: 48
Epoch: 017, Runtime 3.300000, Loss 1.288367, forward nfe 0, backward nfe 0, Train: 0.9667, Val: 0.7353, Test: 0.7391, Best time: 18.2948
After OOD adjustment: Training instances of last class: 0
After OOD adjustment: Testing instances of last class: 48
Epoch: 018, Runtime 3.287301, Loss 1.243116, forward nfe 0, backward nfe 0, Train: 0.9667, Val: 0.7353, Test: 0.7391, Best time: 18.2948
After OOD adjustment: Training instances of last class: 0
After OOD adjustment: Testing instances of last class: 48
Epoch: 019, Runtime 3.458126, Loss 1.203939, forward nfe 0, backward nfe 0, Train: 0.9583, Val: 0.7404, Test: 0.7533, Best time: 18.2948
After OOD adjustment: Training instances of last class: 0
After OOD adjustment: Testing instances of last class: 48
Epoch: 020, Runtime 3.402927, Loss 1.156922, forward nfe 0, backward nfe 0, Train: 0.9750, Val: 0.7529, Test: 0.7706, Best time: 18.2948
After OOD adjustment: Training instances of last class: 0
After OOD adjustment: Testing instances of last class: 48
Epoch: 021, Runtime 3.280214, Loss 1.131701, forward nfe 0, backward nfe 0, Train: 0.9750, Val: 0.7529, Test: 0.7706, Best time: 18.2948
After OOD adjustment: Training instances of last class: 0
After OOD adjustment: Testing instances of last class: 48
Epoch: 022, Runtime 3.288646, Loss 1.097532, forward nfe 0, backward nfe 0, Train: 0.9750, Val: 0.7529, Test: 0.7706, Best time: 18.2948
After OOD adjustment: Training instances of last class: 0
After OOD adjustment: Testing instances of last class: 48
Epoch: 023, Runtime 3.324523, Loss 1.049846, forward nfe 0, backward nfe 0, Train: 0.9750, Val: 0.7529, Test: 0.7706, Best time: 18.2948
After OOD adjustment: Training instances of last class: 0
After OOD adjustment: Testing instances of last class: 48
Epoch: 024, Runtime 3.441657, Loss 1.016091, forward nfe 0, backward nfe 0, Train: 0.9500, Val: 0.7618, Test: 0.7756, Best time: 18.2948
After OOD adjustment: Training instances of last class: 0
After OOD adjustment: Testing instances of last class: 48
Epoch: 025, Runtime 3.435309, Loss 0.976294, forward nfe 0, backward nfe 0, Train: 0.9750, Val: 0.7662, Test: 0.7736, Best time: 18.2948
After OOD adjustment: Training instances of last class: 0
After OOD adjustment: Testing instances of last class: 48
Epoch: 026, Runtime 3.299113, Loss 0.947317, forward nfe 0, backward nfe 0, Train: 0.9750, Val: 0.7662, Test: 0.7736, Best time: 18.2948
After OOD adjustment: Training instances of last class: 0
After OOD adjustment: Testing instances of last class: 48
Epoch: 027, Runtime 3.291230, Loss 0.911883, forward nfe 0, backward nfe 0, Train: 0.9750, Val: 0.7662, Test: 0.7736, Best time: 18.2948
After OOD adjustment: Training instances of last class: 0
After OOD adjustment: Testing instances of last class: 48
Epoch: 028, Runtime 3.303098, Loss 0.872144, forward nfe 0, backward nfe 0, Train: 0.9750, Val: 0.7662, Test: 0.7736, Best time: 18.2948
After OOD adjustment: Training instances of last class: 0
After OOD adjustment: Testing instances of last class: 48
Epoch: 029, Runtime 3.339743, Loss 0.837102, forward nfe 0, backward nfe 0, Train: 0.9750, Val: 0.7662, Test: 0.7736, Best time: 18.2948
After OOD adjustment: Training instances of last class: 0
After OOD adjustment: Testing instances of last class: 48
Epoch: 030, Runtime 3.324400, Loss 0.832256, forward nfe 0, backward nfe 0, Train: 0.9750, Val: 0.7662, Test: 0.7736, Best time: 18.2948
After OOD adjustment: Training instances of last class: 0
After OOD adjustment: Testing instances of last class: 48
Epoch: 031, Runtime 3.285615, Loss 0.775451, forward nfe 0, backward nfe 0, Train: 0.9750, Val: 0.7662, Test: 0.7736, Best time: 18.2948
After OOD adjustment: Training instances of last class: 0
After OOD adjustment: Testing instances of last class: 48
Epoch: 032, Runtime 3.303087, Loss 0.751041, forward nfe 0, backward nfe 0, Train: 0.9750, Val: 0.7662, Test: 0.7736, Best time: 18.2948
After OOD adjustment: Training instances of last class: 0
After OOD adjustment: Testing instances of last class: 48
Epoch: 033, Runtime 3.314883, Loss 0.721078, forward nfe 0, backward nfe 0, Train: 0.9750, Val: 0.7662, Test: 0.7736, Best time: 18.2948
After OOD adjustment: Training instances of last class: 0
After OOD adjustment: Testing instances of last class: 48
Epoch: 034, Runtime 3.317474, Loss 0.688318, forward nfe 0, backward nfe 0, Train: 0.9750, Val: 0.7662, Test: 0.7736, Best time: 18.2948
After OOD adjustment: Training instances of last class: 0
After OOD adjustment: Testing instances of last class: 48
Epoch: 035, Runtime 3.323254, Loss 0.668180, forward nfe 0, backward nfe 0, Train: 0.9750, Val: 0.7662, Test: 0.7736, Best time: 18.2948
After OOD adjustment: Training instances of last class: 0
After OOD adjustment: Testing instances of last class: 48
Epoch: 036, Runtime 3.337518, Loss 0.627128, forward nfe 0, backward nfe 0, Train: 0.9750, Val: 0.7662, Test: 0.7736, Best time: 18.2948
After OOD adjustment: Training instances of last class: 0
After OOD adjustment: Testing instances of last class: 48
Epoch: 037, Runtime 3.306186, Loss 0.608101, forward nfe 0, backward nfe 0, Train: 0.9750, Val: 0.7662, Test: 0.7736, Best time: 18.2948
After OOD adjustment: Training instances of last class: 0
After OOD adjustment: Testing instances of last class: 48
Epoch: 038, Runtime 3.304464, Loss 0.574572, forward nfe 0, backward nfe 0, Train: 0.9750, Val: 0.7662, Test: 0.7736, Best time: 18.2948
After OOD adjustment: Training instances of last class: 0
After OOD adjustment: Testing instances of last class: 48
Epoch: 039, Runtime 3.318712, Loss 0.540695, forward nfe 0, backward nfe 0, Train: 0.9750, Val: 0.7662, Test: 0.7736, Best time: 18.2948
After OOD adjustment: Training instances of last class: 0
After OOD adjustment: Testing instances of last class: 48
Epoch: 040, Runtime 3.338248, Loss 0.510337, forward nfe 0, backward nfe 0, Train: 0.9750, Val: 0.7662, Test: 0.7736, Best time: 18.2948
After OOD adjustment: Training instances of last class: 0
After OOD adjustment: Testing instances of last class: 48
Epoch: 041, Runtime 3.348630, Loss 0.518519, forward nfe 0, backward nfe 0, Train: 0.9750, Val: 0.7662, Test: 0.7736, Best time: 18.2948
After OOD adjustment: Training instances of last class: 0
After OOD adjustment: Testing instances of last class: 48
Epoch: 042, Runtime 3.363822, Loss 0.493550, forward nfe 0, backward nfe 0, Train: 0.9750, Val: 0.7662, Test: 0.7736, Best time: 18.2948
After OOD adjustment: Training instances of last class: 0
After OOD adjustment: Testing instances of last class: 48
Epoch: 043, Runtime 3.305467, Loss 0.457819, forward nfe 0, backward nfe 0, Train: 0.9750, Val: 0.7662, Test: 0.7736, Best time: 18.2948
After OOD adjustment: Training instances of last class: 0
After OOD adjustment: Testing instances of last class: 48
Epoch: 044, Runtime 3.323569, Loss 0.431435, forward nfe 0, backward nfe 0, Train: 0.9750, Val: 0.7662, Test: 0.7736, Best time: 18.2948
After OOD adjustment: Training instances of last class: 0
After OOD adjustment: Testing instances of last class: 48
Epoch: 045, Runtime 3.316078, Loss 0.421296, forward nfe 0, backward nfe 0, Train: 0.9750, Val: 0.7662, Test: 0.7736, Best time: 18.2948
After OOD adjustment: Training instances of last class: 0
After OOD adjustment: Testing instances of last class: 48
Epoch: 046, Runtime 3.346334, Loss 0.400011, forward nfe 0, backward nfe 0, Train: 0.9750, Val: 0.7662, Test: 0.7736, Best time: 18.2948
After OOD adjustment: Training instances of last class: 0
After OOD adjustment: Testing instances of last class: 48
Epoch: 047, Runtime 3.370936, Loss 0.394312, forward nfe 0, backward nfe 0, Train: 0.9750, Val: 0.7662, Test: 0.7736, Best time: 18.2948
After OOD adjustment: Training instances of last class: 0
After OOD adjustment: Testing instances of last class: 48
Epoch: 048, Runtime 3.347069, Loss 0.366447, forward nfe 0, backward nfe 0, Train: 0.9750, Val: 0.7662, Test: 0.7736, Best time: 18.2948
After OOD adjustment: Training instances of last class: 0
After OOD adjustment: Testing instances of last class: 48
Epoch: 049, Runtime 3.315354, Loss 0.364096, forward nfe 0, backward nfe 0, Train: 0.9750, Val: 0.7662, Test: 0.7736, Best time: 18.2948
After OOD adjustment: Training instances of last class: 0
After OOD adjustment: Testing instances of last class: 48
Epoch: 050, Runtime 3.316187, Loss 0.355121, forward nfe 0, backward nfe 0, Train: 0.9750, Val: 0.7662, Test: 0.7736, Best time: 18.2948
After OOD adjustment: Training instances of last class: 0
After OOD adjustment: Testing instances of last class: 48
Epoch: 051, Runtime 3.354199, Loss 0.319482, forward nfe 0, backward nfe 0, Train: 0.9750, Val: 0.7662, Test: 0.7736, Best time: 18.2948
After OOD adjustment: Training instances of last class: 0
After OOD adjustment: Testing instances of last class: 48
Epoch: 052, Runtime 3.353055, Loss 0.304647, forward nfe 0, backward nfe 0, Train: 0.9750, Val: 0.7662, Test: 0.7736, Best time: 18.2948
After OOD adjustment: Training instances of last class: 0
After OOD adjustment: Testing instances of last class: 48
Epoch: 053, Runtime 3.340599, Loss 0.297276, forward nfe 0, backward nfe 0, Train: 0.9750, Val: 0.7662, Test: 0.7736, Best time: 18.2948
After OOD adjustment: Training instances of last class: 0
After OOD adjustment: Testing instances of last class: 48
Epoch: 054, Runtime 3.374251, Loss 0.294928, forward nfe 0, backward nfe 0, Train: 0.9750, Val: 0.7662, Test: 0.7736, Best time: 18.2948
After OOD adjustment: Training instances of last class: 0
After OOD adjustment: Testing instances of last class: 48
Epoch: 055, Runtime 3.332239, Loss 0.297630, forward nfe 0, backward nfe 0, Train: 0.9750, Val: 0.7662, Test: 0.7736, Best time: 18.2948
After OOD adjustment: Training instances of last class: 0
After OOD adjustment: Testing instances of last class: 48
Epoch: 056, Runtime 3.344420, Loss 0.272588, forward nfe 0, backward nfe 0, Train: 0.9750, Val: 0.7662, Test: 0.7736, Best time: 18.2948
After OOD adjustment: Training instances of last class: 0
After OOD adjustment: Testing instances of last class: 48
Epoch: 057, Runtime 3.358422, Loss 0.249185, forward nfe 0, backward nfe 0, Train: 0.9750, Val: 0.7662, Test: 0.7736, Best time: 18.2948
After OOD adjustment: Training instances of last class: 0
After OOD adjustment: Testing instances of last class: 48
Epoch: 058, Runtime 3.343883, Loss 0.248377, forward nfe 0, backward nfe 0, Train: 0.9750, Val: 0.7662, Test: 0.7736, Best time: 18.2948
After OOD adjustment: Training instances of last class: 0
After OOD adjustment: Testing instances of last class: 48
Epoch: 059, Runtime 3.345465, Loss 0.235094, forward nfe 0, backward nfe 0, Train: 0.9750, Val: 0.7662, Test: 0.7736, Best time: 18.2948
After OOD adjustment: Training instances of last class: 0
After OOD adjustment: Testing instances of last class: 48
Epoch: 060, Runtime 3.374439, Loss 0.230082, forward nfe 0, backward nfe 0, Train: 0.9750, Val: 0.7662, Test: 0.7736, Best time: 18.2948
After OOD adjustment: Training instances of last class: 0
After OOD adjustment: Testing instances of last class: 48
Epoch: 061, Runtime 3.348001, Loss 0.228885, forward nfe 0, backward nfe 0, Train: 0.9750, Val: 0.7662, Test: 0.7736, Best time: 18.2948
After OOD adjustment: Training instances of last class: 0
After OOD adjustment: Testing instances of last class: 48
Epoch: 062, Runtime 3.321516, Loss 0.219606, forward nfe 0, backward nfe 0, Train: 0.9750, Val: 0.7662, Test: 0.7736, Best time: 18.2948
After OOD adjustment: Training instances of last class: 0
After OOD adjustment: Testing instances of last class: 48
Epoch: 063, Runtime 3.335705, Loss 0.202254, forward nfe 0, backward nfe 0, Train: 0.9750, Val: 0.7662, Test: 0.7736, Best time: 18.2948
After OOD adjustment: Training instances of last class: 0
After OOD adjustment: Testing instances of last class: 48
Epoch: 064, Runtime 3.326493, Loss 0.194321, forward nfe 0, backward nfe 0, Train: 0.9750, Val: 0.7662, Test: 0.7736, Best time: 18.2948
After OOD adjustment: Training instances of last class: 0
After OOD adjustment: Testing instances of last class: 48
Epoch: 065, Runtime 3.337759, Loss 0.190579, forward nfe 0, backward nfe 0, Train: 0.9750, Val: 0.7662, Test: 0.7736, Best time: 18.2948
After OOD adjustment: Training instances of last class: 0
After OOD adjustment: Testing instances of last class: 48
Epoch: 066, Runtime 3.352993, Loss 0.191700, forward nfe 0, backward nfe 0, Train: 0.9750, Val: 0.7662, Test: 0.7736, Best time: 18.2948
After OOD adjustment: Training instances of last class: 0
After OOD adjustment: Testing instances of last class: 48
Epoch: 067, Runtime 3.327619, Loss 0.178128, forward nfe 0, backward nfe 0, Train: 0.9750, Val: 0.7662, Test: 0.7736, Best time: 18.2948
After OOD adjustment: Training instances of last class: 0
After OOD adjustment: Testing instances of last class: 48
Epoch: 068, Runtime 3.339243, Loss 0.171559, forward nfe 0, backward nfe 0, Train: 0.9750, Val: 0.7662, Test: 0.7736, Best time: 18.2948
After OOD adjustment: Training instances of last class: 0
After OOD adjustment: Testing instances of last class: 48
Epoch: 069, Runtime 3.346109, Loss 0.170450, forward nfe 0, backward nfe 0, Train: 0.9750, Val: 0.7662, Test: 0.7736, Best time: 18.2948
After OOD adjustment: Training instances of last class: 0
After OOD adjustment: Testing instances of last class: 48
Epoch: 070, Runtime 3.364981, Loss 0.166950, forward nfe 0, backward nfe 0, Train: 0.9750, Val: 0.7662, Test: 0.7736, Best time: 18.2948
After OOD adjustment: Training instances of last class: 0
After OOD adjustment: Testing instances of last class: 48
Epoch: 071, Runtime 3.363039, Loss 0.150533, forward nfe 0, backward nfe 0, Train: 0.9750, Val: 0.7662, Test: 0.7736, Best time: 18.2948
After OOD adjustment: Training instances of last class: 0
After OOD adjustment: Testing instances of last class: 48
Epoch: 072, Runtime 3.384332, Loss 0.150936, forward nfe 0, backward nfe 0, Train: 0.9750, Val: 0.7662, Test: 0.7736, Best time: 18.2948
After OOD adjustment: Training instances of last class: 0
After OOD adjustment: Testing instances of last class: 48
Epoch: 073, Runtime 3.335130, Loss 0.145454, forward nfe 0, backward nfe 0, Train: 0.9750, Val: 0.7662, Test: 0.7736, Best time: 18.2948
After OOD adjustment: Training instances of last class: 0
After OOD adjustment: Testing instances of last class: 48
Epoch: 074, Runtime 3.347730, Loss 0.136761, forward nfe 0, backward nfe 0, Train: 0.9750, Val: 0.7662, Test: 0.7736, Best time: 18.2948
After OOD adjustment: Training instances of last class: 0
After OOD adjustment: Testing instances of last class: 48
Epoch: 075, Runtime 3.349525, Loss 0.144688, forward nfe 0, backward nfe 0, Train: 0.9750, Val: 0.7662, Test: 0.7736, Best time: 18.2948
After OOD adjustment: Training instances of last class: 0
After OOD adjustment: Testing instances of last class: 48
Epoch: 076, Runtime 3.332548, Loss 0.138279, forward nfe 0, backward nfe 0, Train: 0.9750, Val: 0.7662, Test: 0.7736, Best time: 18.2948
After OOD adjustment: Training instances of last class: 0
After OOD adjustment: Testing instances of last class: 48
Epoch: 077, Runtime 3.369523, Loss 0.128813, forward nfe 0, backward nfe 0, Train: 0.9750, Val: 0.7662, Test: 0.7736, Best time: 18.2948
After OOD adjustment: Training instances of last class: 0
After OOD adjustment: Testing instances of last class: 48
Epoch: 078, Runtime 3.378722, Loss 0.118596, forward nfe 0, backward nfe 0, Train: 0.9750, Val: 0.7662, Test: 0.7736, Best time: 18.2948
After OOD adjustment: Training instances of last class: 0
After OOD adjustment: Testing instances of last class: 48
Epoch: 079, Runtime 3.363352, Loss 0.129308, forward nfe 0, backward nfe 0, Train: 0.9750, Val: 0.7662, Test: 0.7736, Best time: 18.2948
After OOD adjustment: Training instances of last class: 0
After OOD adjustment: Testing instances of last class: 48
Epoch: 080, Runtime 3.357709, Loss 0.113210, forward nfe 0, backward nfe 0, Train: 0.9750, Val: 0.7662, Test: 0.7736, Best time: 18.2948
After OOD adjustment: Training instances of last class: 0
After OOD adjustment: Testing instances of last class: 48
Epoch: 081, Runtime 3.385777, Loss 0.114005, forward nfe 0, backward nfe 0, Train: 0.9750, Val: 0.7662, Test: 0.7736, Best time: 18.2948
After OOD adjustment: Training instances of last class: 0
After OOD adjustment: Testing instances of last class: 48
Epoch: 082, Runtime 3.387615, Loss 0.109971, forward nfe 0, backward nfe 0, Train: 0.9750, Val: 0.7662, Test: 0.7736, Best time: 18.2948
After OOD adjustment: Training instances of last class: 0
After OOD adjustment: Testing instances of last class: 48
Epoch: 083, Runtime 3.383196, Loss 0.113774, forward nfe 0, backward nfe 0, Train: 0.9750, Val: 0.7662, Test: 0.7736, Best time: 18.2948
After OOD adjustment: Training instances of last class: 0
After OOD adjustment: Testing instances of last class: 48
Epoch: 084, Runtime 3.370414, Loss 0.113704, forward nfe 0, backward nfe 0, Train: 0.9750, Val: 0.7662, Test: 0.7736, Best time: 18.2948
After OOD adjustment: Training instances of last class: 0
After OOD adjustment: Testing instances of last class: 48
Epoch: 085, Runtime 3.348125, Loss 0.101373, forward nfe 0, backward nfe 0, Train: 0.9750, Val: 0.7662, Test: 0.7736, Best time: 18.2948
After OOD adjustment: Training instances of last class: 0
After OOD adjustment: Testing instances of last class: 48
Epoch: 086, Runtime 3.345890, Loss 0.097765, forward nfe 0, backward nfe 0, Train: 0.9750, Val: 0.7662, Test: 0.7736, Best time: 18.2948
After OOD adjustment: Training instances of last class: 0
After OOD adjustment: Testing instances of last class: 48
Epoch: 087, Runtime 3.354003, Loss 0.105224, forward nfe 0, backward nfe 0, Train: 0.9750, Val: 0.7662, Test: 0.7736, Best time: 18.2948
After OOD adjustment: Training instances of last class: 0
After OOD adjustment: Testing instances of last class: 48
Epoch: 088, Runtime 3.341311, Loss 0.096358, forward nfe 0, backward nfe 0, Train: 0.9750, Val: 0.7662, Test: 0.7736, Best time: 18.2948
After OOD adjustment: Training instances of last class: 0
After OOD adjustment: Testing instances of last class: 48
Epoch: 089, Runtime 3.344105, Loss 0.097384, forward nfe 0, backward nfe 0, Train: 0.9750, Val: 0.7662, Test: 0.7736, Best time: 18.2948
After OOD adjustment: Training instances of last class: 0
After OOD adjustment: Testing instances of last class: 48
Epoch: 090, Runtime 3.352944, Loss 0.088776, forward nfe 0, backward nfe 0, Train: 0.9750, Val: 0.7662, Test: 0.7736, Best time: 18.2948
After OOD adjustment: Training instances of last class: 0
After OOD adjustment: Testing instances of last class: 48
Epoch: 091, Runtime 3.335113, Loss 0.083809, forward nfe 0, backward nfe 0, Train: 0.9750, Val: 0.7662, Test: 0.7736, Best time: 18.2948
After OOD adjustment: Training instances of last class: 0
After OOD adjustment: Testing instances of last class: 48
Epoch: 092, Runtime 3.341875, Loss 0.085437, forward nfe 0, backward nfe 0, Train: 0.9750, Val: 0.7662, Test: 0.7736, Best time: 18.2948
After OOD adjustment: Training instances of last class: 0
After OOD adjustment: Testing instances of last class: 48
Epoch: 093, Runtime 3.350189, Loss 0.083663, forward nfe 0, backward nfe 0, Train: 0.9750, Val: 0.7662, Test: 0.7736, Best time: 18.2948
After OOD adjustment: Training instances of last class: 0
After OOD adjustment: Testing instances of last class: 48
Epoch: 094, Runtime 3.341120, Loss 0.089629, forward nfe 0, backward nfe 0, Train: 0.9750, Val: 0.7662, Test: 0.7736, Best time: 18.2948
After OOD adjustment: Training instances of last class: 0
After OOD adjustment: Testing instances of last class: 48
Epoch: 095, Runtime 3.365631, Loss 0.084129, forward nfe 0, backward nfe 0, Train: 0.9750, Val: 0.7662, Test: 0.7736, Best time: 18.2948
After OOD adjustment: Training instances of last class: 0
After OOD adjustment: Testing instances of last class: 48
Epoch: 096, Runtime 3.389526, Loss 0.082474, forward nfe 0, backward nfe 0, Train: 0.9750, Val: 0.7662, Test: 0.7736, Best time: 18.2948
After OOD adjustment: Training instances of last class: 0
After OOD adjustment: Testing instances of last class: 48
Epoch: 097, Runtime 3.357654, Loss 0.079885, forward nfe 0, backward nfe 0, Train: 0.9750, Val: 0.7662, Test: 0.7736, Best time: 18.2948
After OOD adjustment: Training instances of last class: 0
After OOD adjustment: Testing instances of last class: 48
Epoch: 098, Runtime 3.357709, Loss 0.081431, forward nfe 0, backward nfe 0, Train: 0.9750, Val: 0.7662, Test: 0.7736, Best time: 18.2948
After OOD adjustment: Training instances of last class: 0
After OOD adjustment: Testing instances of last class: 48
Epoch: 099, Runtime 3.376836, Loss 0.079527, forward nfe 0, backward nfe 0, Train: 0.9750, Val: 0.7662, Test: 0.7736, Best time: 18.2948
After OOD adjustment: Training instances of last class: 0
After OOD adjustment: Testing instances of last class: 48
Epoch: 100, Runtime 3.388534, Loss 0.069841, forward nfe 0, backward nfe 0, Train: 0.9750, Val: 0.7662, Test: 0.7736, Best time: 18.2948
After OOD adjustment: Training instances of last class: 0
After OOD adjustment: Testing instances of last class: 48
Epoch: 101, Runtime 3.370675, Loss 0.066275, forward nfe 0, backward nfe 0, Train: 0.9750, Val: 0.7662, Test: 0.7736, Best time: 18.2948
After OOD adjustment: Training instances of last class: 0
After OOD adjustment: Testing instances of last class: 48
Epoch: 102, Runtime 3.371423, Loss 0.073162, forward nfe 0, backward nfe 0, Train: 0.9750, Val: 0.7662, Test: 0.7736, Best time: 18.2948
After OOD adjustment: Training instances of last class: 0
After OOD adjustment: Testing instances of last class: 48
Epoch: 103, Runtime 3.362692, Loss 0.065074, forward nfe 0, backward nfe 0, Train: 0.9750, Val: 0.7662, Test: 0.7736, Best time: 18.2948
After OOD adjustment: Training instances of last class: 0
After OOD adjustment: Testing instances of last class: 48
Epoch: 104, Runtime 3.359649, Loss 0.059163, forward nfe 0, backward nfe 0, Train: 0.9750, Val: 0.7662, Test: 0.7736, Best time: 18.2948
After OOD adjustment: Training instances of last class: 0
After OOD adjustment: Testing instances of last class: 48
Epoch: 105, Runtime 3.379847, Loss 0.063945, forward nfe 0, backward nfe 0, Train: 0.9750, Val: 0.7662, Test: 0.7736, Best time: 18.2948
After OOD adjustment: Training instances of last class: 0
After OOD adjustment: Testing instances of last class: 48
Epoch: 106, Runtime 3.368021, Loss 0.067397, forward nfe 0, backward nfe 0, Train: 0.9750, Val: 0.7662, Test: 0.7736, Best time: 18.2948
After OOD adjustment: Training instances of last class: 0
After OOD adjustment: Testing instances of last class: 48
Epoch: 107, Runtime 3.355040, Loss 0.063831, forward nfe 0, backward nfe 0, Train: 0.9750, Val: 0.7662, Test: 0.7736, Best time: 18.2948
After OOD adjustment: Training instances of last class: 0
After OOD adjustment: Testing instances of last class: 48
Epoch: 108, Runtime 3.379823, Loss 0.057996, forward nfe 0, backward nfe 0, Train: 0.9750, Val: 0.7662, Test: 0.7736, Best time: 18.2948
After OOD adjustment: Training instances of last class: 0
After OOD adjustment: Testing instances of last class: 48
Epoch: 109, Runtime 3.339035, Loss 0.062064, forward nfe 0, backward nfe 0, Train: 0.9750, Val: 0.7662, Test: 0.7736, Best time: 18.2948
After OOD adjustment: Training instances of last class: 0
After OOD adjustment: Testing instances of last class: 48
Epoch: 110, Runtime 3.358360, Loss 0.059424, forward nfe 0, backward nfe 0, Train: 0.9750, Val: 0.7662, Test: 0.7736, Best time: 18.2948
After OOD adjustment: Training instances of last class: 0
After OOD adjustment: Testing instances of last class: 48
Epoch: 111, Runtime 3.353655, Loss 0.059248, forward nfe 0, backward nfe 0, Train: 0.9750, Val: 0.7662, Test: 0.7736, Best time: 18.2948
After OOD adjustment: Training instances of last class: 0
After OOD adjustment: Testing instances of last class: 48
Epoch: 112, Runtime 3.377680, Loss 0.057026, forward nfe 0, backward nfe 0, Train: 0.9750, Val: 0.7662, Test: 0.7736, Best time: 18.2948
After OOD adjustment: Training instances of last class: 0
After OOD adjustment: Testing instances of last class: 48
Epoch: 113, Runtime 3.372392, Loss 0.054094, forward nfe 0, backward nfe 0, Train: 0.9750, Val: 0.7662, Test: 0.7736, Best time: 18.2948
After OOD adjustment: Training instances of last class: 0
After OOD adjustment: Testing instances of last class: 48
Epoch: 114, Runtime 3.395218, Loss 0.054612, forward nfe 0, backward nfe 0, Train: 0.9750, Val: 0.7662, Test: 0.7736, Best time: 18.2948
After OOD adjustment: Training instances of last class: 0
After OOD adjustment: Testing instances of last class: 48
Epoch: 115, Runtime 3.354762, Loss 0.059893, forward nfe 0, backward nfe 0, Train: 0.9750, Val: 0.7662, Test: 0.7736, Best time: 18.2948
After OOD adjustment: Training instances of last class: 0
After OOD adjustment: Testing instances of last class: 48
Epoch: 116, Runtime 3.352004, Loss 0.057136, forward nfe 0, backward nfe 0, Train: 0.9750, Val: 0.7662, Test: 0.7736, Best time: 18.2948
After OOD adjustment: Training instances of last class: 0
After OOD adjustment: Testing instances of last class: 48
Epoch: 117, Runtime 3.366547, Loss 0.049431, forward nfe 0, backward nfe 0, Train: 0.9750, Val: 0.7662, Test: 0.7736, Best time: 18.2948
After OOD adjustment: Training instances of last class: 0
After OOD adjustment: Testing instances of last class: 48
Epoch: 118, Runtime 3.401866, Loss 0.050357, forward nfe 0, backward nfe 0, Train: 0.9750, Val: 0.7662, Test: 0.7736, Best time: 18.2948
After OOD adjustment: Training instances of last class: 0
After OOD adjustment: Testing instances of last class: 48
Epoch: 119, Runtime 3.393938, Loss 0.050954, forward nfe 0, backward nfe 0, Train: 0.9750, Val: 0.7662, Test: 0.7736, Best time: 18.2948
After OOD adjustment: Training instances of last class: 0
After OOD adjustment: Testing instances of last class: 48
Epoch: 120, Runtime 3.382388, Loss 0.048716, forward nfe 0, backward nfe 0, Train: 0.9750, Val: 0.7662, Test: 0.7736, Best time: 18.2948
After OOD adjustment: Training instances of last class: 0
After OOD adjustment: Testing instances of last class: 48
Epoch: 121, Runtime 3.358205, Loss 0.046239, forward nfe 0, backward nfe 0, Train: 0.9750, Val: 0.7662, Test: 0.7736, Best time: 18.2948
After OOD adjustment: Training instances of last class: 0
After OOD adjustment: Testing instances of last class: 48
Epoch: 122, Runtime 3.363485, Loss 0.047600, forward nfe 0, backward nfe 0, Train: 0.9750, Val: 0.7662, Test: 0.7736, Best time: 18.2948
After OOD adjustment: Training instances of last class: 0
After OOD adjustment: Testing instances of last class: 48
Epoch: 123, Runtime 3.402820, Loss 0.044557, forward nfe 0, backward nfe 0, Train: 0.9750, Val: 0.7662, Test: 0.7736, Best time: 18.2948
After OOD adjustment: Training instances of last class: 0
After OOD adjustment: Testing instances of last class: 48
Epoch: 124, Runtime 3.391913, Loss 0.050426, forward nfe 0, backward nfe 0, Train: 0.9750, Val: 0.7662, Test: 0.7736, Best time: 18.2948
After OOD adjustment: Training instances of last class: 0
After OOD adjustment: Testing instances of last class: 48
Epoch: 125, Runtime 3.367712, Loss 0.048573, forward nfe 0, backward nfe 0, Train: 0.9750, Val: 0.7662, Test: 0.7736, Best time: 18.2948
After OOD adjustment: Training instances of last class: 0
After OOD adjustment: Testing instances of last class: 48
Epoch: 126, Runtime 3.385281, Loss 0.048024, forward nfe 0, backward nfe 0, Train: 0.9750, Val: 0.7662, Test: 0.7736, Best time: 18.2948
After OOD adjustment: Training instances of last class: 0
After OOD adjustment: Testing instances of last class: 48
Epoch: 127, Runtime 3.367833, Loss 0.047702, forward nfe 0, backward nfe 0, Train: 0.9750, Val: 0.7662, Test: 0.7736, Best time: 18.2948
After OOD adjustment: Training instances of last class: 0
After OOD adjustment: Testing instances of last class: 48
Epoch: 128, Runtime 3.374157, Loss 0.044133, forward nfe 0, backward nfe 0, Train: 0.9750, Val: 0.7662, Test: 0.7736, Best time: 18.2948
After OOD adjustment: Training instances of last class: 0
After OOD adjustment: Testing instances of last class: 48
Epoch: 129, Runtime 3.369974, Loss 0.041096, forward nfe 0, backward nfe 0, Train: 0.9750, Val: 0.7662, Test: 0.7736, Best time: 18.2948
After OOD adjustment: Training instances of last class: 0
After OOD adjustment: Testing instances of last class: 48
Epoch: 130, Runtime 3.382684, Loss 0.041478, forward nfe 0, backward nfe 0, Train: 0.9750, Val: 0.7662, Test: 0.7736, Best time: 18.2948
After OOD adjustment: Training instances of last class: 0
After OOD adjustment: Testing instances of last class: 48
Epoch: 131, Runtime 3.383082, Loss 0.044971, forward nfe 0, backward nfe 0, Train: 0.9750, Val: 0.7662, Test: 0.7736, Best time: 18.2948
After OOD adjustment: Training instances of last class: 0
After OOD adjustment: Testing instances of last class: 48
Epoch: 132, Runtime 3.393887, Loss 0.041159, forward nfe 0, backward nfe 0, Train: 0.9750, Val: 0.7662, Test: 0.7736, Best time: 18.2948
After OOD adjustment: Training instances of last class: 0
After OOD adjustment: Testing instances of last class: 48
Epoch: 133, Runtime 3.362199, Loss 0.043534, forward nfe 0, backward nfe 0, Train: 0.9750, Val: 0.7662, Test: 0.7736, Best time: 18.2948
After OOD adjustment: Training instances of last class: 0
After OOD adjustment: Testing instances of last class: 48
Epoch: 134, Runtime 3.373787, Loss 0.039196, forward nfe 0, backward nfe 0, Train: 0.9750, Val: 0.7662, Test: 0.7736, Best time: 18.2948
After OOD adjustment: Training instances of last class: 0
After OOD adjustment: Testing instances of last class: 48
Epoch: 135, Runtime 3.364133, Loss 0.043799, forward nfe 0, backward nfe 0, Train: 0.9750, Val: 0.7662, Test: 0.7736, Best time: 18.2948
After OOD adjustment: Training instances of last class: 0
After OOD adjustment: Testing instances of last class: 48
Epoch: 136, Runtime 3.370140, Loss 0.042517, forward nfe 0, backward nfe 0, Train: 0.9750, Val: 0.7662, Test: 0.7736, Best time: 18.2948
After OOD adjustment: Training instances of last class: 0
After OOD adjustment: Testing instances of last class: 48
Epoch: 137, Runtime 3.414903, Loss 0.037624, forward nfe 0, backward nfe 0, Train: 0.9750, Val: 0.7662, Test: 0.7736, Best time: 18.2948
After OOD adjustment: Training instances of last class: 0
After OOD adjustment: Testing instances of last class: 48
Epoch: 138, Runtime 3.417032, Loss 0.038409, forward nfe 0, backward nfe 0, Train: 0.9750, Val: 0.7662, Test: 0.7736, Best time: 18.2948
After OOD adjustment: Training instances of last class: 0
After OOD adjustment: Testing instances of last class: 48
Epoch: 139, Runtime 3.398291, Loss 0.040693, forward nfe 0, backward nfe 0, Train: 0.9750, Val: 0.7662, Test: 0.7736, Best time: 18.2948
After OOD adjustment: Training instances of last class: 0
After OOD adjustment: Testing instances of last class: 48
Epoch: 140, Runtime 3.379283, Loss 0.034722, forward nfe 0, backward nfe 0, Train: 0.9750, Val: 0.7662, Test: 0.7736, Best time: 18.2948
After OOD adjustment: Training instances of last class: 0
After OOD adjustment: Testing instances of last class: 48
Epoch: 141, Runtime 3.392604, Loss 0.039329, forward nfe 0, backward nfe 0, Train: 0.9750, Val: 0.7662, Test: 0.7736, Best time: 18.2948
After OOD adjustment: Training instances of last class: 0
After OOD adjustment: Testing instances of last class: 48
Epoch: 142, Runtime 3.399307, Loss 0.037398, forward nfe 0, backward nfe 0, Train: 0.9750, Val: 0.7662, Test: 0.7736, Best time: 18.2948
After OOD adjustment: Training instances of last class: 0
After OOD adjustment: Testing instances of last class: 48
Epoch: 143, Runtime 3.418060, Loss 0.033000, forward nfe 0, backward nfe 0, Train: 0.9750, Val: 0.7662, Test: 0.7736, Best time: 18.2948
After OOD adjustment: Training instances of last class: 0
After OOD adjustment: Testing instances of last class: 48
Epoch: 144, Runtime 3.409126, Loss 0.032997, forward nfe 0, backward nfe 0, Train: 0.9750, Val: 0.7662, Test: 0.7736, Best time: 18.2948
After OOD adjustment: Training instances of last class: 0
After OOD adjustment: Testing instances of last class: 48
Epoch: 145, Runtime 3.378801, Loss 0.032399, forward nfe 0, backward nfe 0, Train: 0.9750, Val: 0.7662, Test: 0.7736, Best time: 18.2948
After OOD adjustment: Training instances of last class: 0
After OOD adjustment: Testing instances of last class: 48
Epoch: 146, Runtime 3.383707, Loss 0.032995, forward nfe 0, backward nfe 0, Train: 0.9750, Val: 0.7662, Test: 0.7736, Best time: 18.2948
After OOD adjustment: Training instances of last class: 0
After OOD adjustment: Testing instances of last class: 48
Epoch: 147, Runtime 3.397996, Loss 0.031905, forward nfe 0, backward nfe 0, Train: 0.9750, Val: 0.7662, Test: 0.7736, Best time: 18.2948
After OOD adjustment: Training instances of last class: 0
After OOD adjustment: Testing instances of last class: 48
Epoch: 148, Runtime 3.418052, Loss 0.032714, forward nfe 0, backward nfe 0, Train: 0.9750, Val: 0.7662, Test: 0.7736, Best time: 18.2948
After OOD adjustment: Training instances of last class: 0
After OOD adjustment: Testing instances of last class: 48
Epoch: 149, Runtime 3.412169, Loss 0.036830, forward nfe 0, backward nfe 0, Train: 0.9750, Val: 0.7662, Test: 0.7736, Best time: 18.2948
After OOD adjustment: Training instances of last class: 0
After OOD adjustment: Testing instances of last class: 48
Epoch: 150, Runtime 3.420326, Loss 0.033452, forward nfe 0, backward nfe 0, Train: 0.9750, Val: 0.7662, Test: 0.7736, Best time: 18.2948
After OOD adjustment: Training instances of last class: 0
After OOD adjustment: Testing instances of last class: 48
Epoch: 151, Runtime 3.405365, Loss 0.034788, forward nfe 0, backward nfe 0, Train: 0.9750, Val: 0.7662, Test: 0.7736, Best time: 18.2948
After OOD adjustment: Training instances of last class: 0
After OOD adjustment: Testing instances of last class: 48
Epoch: 152, Runtime 3.405438, Loss 0.033716, forward nfe 0, backward nfe 0, Train: 0.9750, Val: 0.7662, Test: 0.7736, Best time: 18.2948
After OOD adjustment: Training instances of last class: 0
After OOD adjustment: Testing instances of last class: 48
Epoch: 153, Runtime 3.420086, Loss 0.031019, forward nfe 0, backward nfe 0, Train: 0.9750, Val: 0.7662, Test: 0.7736, Best time: 18.2948
After OOD adjustment: Training instances of last class: 0
After OOD adjustment: Testing instances of last class: 48
Epoch: 154, Runtime 3.398655, Loss 0.032908, forward nfe 0, backward nfe 0, Train: 0.9750, Val: 0.7662, Test: 0.7736, Best time: 18.2948
After OOD adjustment: Training instances of last class: 0
After OOD adjustment: Testing instances of last class: 48
Epoch: 155, Runtime 3.424567, Loss 0.032738, forward nfe 0, backward nfe 0, Train: 0.9750, Val: 0.7662, Test: 0.7736, Best time: 18.2948
After OOD adjustment: Training instances of last class: 0
After OOD adjustment: Testing instances of last class: 48
Epoch: 156, Runtime 3.394274, Loss 0.032976, forward nfe 0, backward nfe 0, Train: 0.9750, Val: 0.7662, Test: 0.7736, Best time: 18.2948
After OOD adjustment: Training instances of last class: 0
After OOD adjustment: Testing instances of last class: 48
Epoch: 157, Runtime 3.400790, Loss 0.031140, forward nfe 0, backward nfe 0, Train: 0.9750, Val: 0.7662, Test: 0.7736, Best time: 18.2948
After OOD adjustment: Training instances of last class: 0
After OOD adjustment: Testing instances of last class: 48
Epoch: 158, Runtime 3.429556, Loss 0.030368, forward nfe 0, backward nfe 0, Train: 0.9750, Val: 0.7662, Test: 0.7736, Best time: 18.2948
After OOD adjustment: Training instances of last class: 0
After OOD adjustment: Testing instances of last class: 48
Epoch: 159, Runtime 3.422580, Loss 0.029466, forward nfe 0, backward nfe 0, Train: 0.9750, Val: 0.7662, Test: 0.7736, Best time: 18.2948
After OOD adjustment: Training instances of last class: 0
After OOD adjustment: Testing instances of last class: 48
Epoch: 160, Runtime 3.434539, Loss 0.026109, forward nfe 0, backward nfe 0, Train: 0.9750, Val: 0.7662, Test: 0.7736, Best time: 18.2948
After OOD adjustment: Training instances of last class: 0
After OOD adjustment: Testing instances of last class: 48
Epoch: 161, Runtime 3.428475, Loss 0.027958, forward nfe 0, backward nfe 0, Train: 0.9750, Val: 0.7662, Test: 0.7736, Best time: 18.2948
After OOD adjustment: Training instances of last class: 0
After OOD adjustment: Testing instances of last class: 48
Epoch: 162, Runtime 3.410879, Loss 0.028690, forward nfe 0, backward nfe 0, Train: 0.9750, Val: 0.7662, Test: 0.7736, Best time: 18.2948
After OOD adjustment: Training instances of last class: 0
After OOD adjustment: Testing instances of last class: 48
Epoch: 163, Runtime 3.390452, Loss 0.030762, forward nfe 0, backward nfe 0, Train: 0.9750, Val: 0.7662, Test: 0.7736, Best time: 18.2948
After OOD adjustment: Training instances of last class: 0
After OOD adjustment: Testing instances of last class: 48
Epoch: 164, Runtime 3.380626, Loss 0.026346, forward nfe 0, backward nfe 0, Train: 0.9750, Val: 0.7662, Test: 0.7736, Best time: 18.2948
After OOD adjustment: Training instances of last class: 0
After OOD adjustment: Testing instances of last class: 48
Epoch: 165, Runtime 3.396026, Loss 0.025941, forward nfe 0, backward nfe 0, Train: 0.9750, Val: 0.7662, Test: 0.7736, Best time: 18.2948
After OOD adjustment: Training instances of last class: 0
After OOD adjustment: Testing instances of last class: 48
Epoch: 166, Runtime 3.417600, Loss 0.028022, forward nfe 0, backward nfe 0, Train: 0.9750, Val: 0.7662, Test: 0.7736, Best time: 18.2948
After OOD adjustment: Training instances of last class: 0
After OOD adjustment: Testing instances of last class: 48
Epoch: 167, Runtime 3.419539, Loss 0.028121, forward nfe 0, backward nfe 0, Train: 0.9750, Val: 0.7662, Test: 0.7736, Best time: 18.2948
After OOD adjustment: Training instances of last class: 0
After OOD adjustment: Testing instances of last class: 48
Epoch: 168, Runtime 3.415251, Loss 0.029843, forward nfe 0, backward nfe 0, Train: 0.9750, Val: 0.7662, Test: 0.7736, Best time: 18.2948
After OOD adjustment: Training instances of last class: 0
After OOD adjustment: Testing instances of last class: 48
Epoch: 169, Runtime 3.382125, Loss 0.024783, forward nfe 0, backward nfe 0, Train: 0.9750, Val: 0.7662, Test: 0.7736, Best time: 18.2948
After OOD adjustment: Training instances of last class: 0
After OOD adjustment: Testing instances of last class: 48
Epoch: 170, Runtime 3.395094, Loss 0.025492, forward nfe 0, backward nfe 0, Train: 0.9750, Val: 0.7662, Test: 0.7736, Best time: 18.2948
After OOD adjustment: Training instances of last class: 0
After OOD adjustment: Testing instances of last class: 48
Epoch: 171, Runtime 3.383997, Loss 0.028653, forward nfe 0, backward nfe 0, Train: 0.9750, Val: 0.7662, Test: 0.7736, Best time: 18.2948
After OOD adjustment: Training instances of last class: 0
After OOD adjustment: Testing instances of last class: 48
Epoch: 172, Runtime 3.426324, Loss 0.027216, forward nfe 0, backward nfe 0, Train: 0.9750, Val: 0.7662, Test: 0.7736, Best time: 18.2948
After OOD adjustment: Training instances of last class: 0
After OOD adjustment: Testing instances of last class: 48
Epoch: 173, Runtime 3.431465, Loss 0.027620, forward nfe 0, backward nfe 0, Train: 0.9750, Val: 0.7662, Test: 0.7736, Best time: 18.2948
After OOD adjustment: Training instances of last class: 0
After OOD adjustment: Testing instances of last class: 48
Epoch: 174, Runtime 3.402014, Loss 0.027053, forward nfe 0, backward nfe 0, Train: 0.9750, Val: 0.7662, Test: 0.7736, Best time: 18.2948
After OOD adjustment: Training instances of last class: 0
After OOD adjustment: Testing instances of last class: 48
Epoch: 175, Runtime 3.380037, Loss 0.024984, forward nfe 0, backward nfe 0, Train: 0.9750, Val: 0.7662, Test: 0.7736, Best time: 18.2948
After OOD adjustment: Training instances of last class: 0
After OOD adjustment: Testing instances of last class: 48
Epoch: 176, Runtime 3.422609, Loss 0.027917, forward nfe 0, backward nfe 0, Train: 0.9750, Val: 0.7662, Test: 0.7736, Best time: 18.2948
After OOD adjustment: Training instances of last class: 0
After OOD adjustment: Testing instances of last class: 48
Epoch: 177, Runtime 3.395277, Loss 0.026748, forward nfe 0, backward nfe 0, Train: 0.9750, Val: 0.7662, Test: 0.7736, Best time: 18.2948
After OOD adjustment: Training instances of last class: 0
After OOD adjustment: Testing instances of last class: 48
Epoch: 178, Runtime 3.409165, Loss 0.023459, forward nfe 0, backward nfe 0, Train: 0.9750, Val: 0.7662, Test: 0.7736, Best time: 18.2948
After OOD adjustment: Training instances of last class: 0
After OOD adjustment: Testing instances of last class: 48
Epoch: 179, Runtime 3.423151, Loss 0.023603, forward nfe 0, backward nfe 0, Train: 0.9750, Val: 0.7662, Test: 0.7736, Best time: 18.2948
After OOD adjustment: Training instances of last class: 0
After OOD adjustment: Testing instances of last class: 48
Epoch: 180, Runtime 3.427577, Loss 0.018962, forward nfe 0, backward nfe 0, Train: 0.9750, Val: 0.7662, Test: 0.7736, Best time: 18.2948
After OOD adjustment: Training instances of last class: 0
After OOD adjustment: Testing instances of last class: 48
Epoch: 181, Runtime 3.395142, Loss 0.022019, forward nfe 0, backward nfe 0, Train: 0.9750, Val: 0.7662, Test: 0.7736, Best time: 18.2948
After OOD adjustment: Training instances of last class: 0
After OOD adjustment: Testing instances of last class: 48
Epoch: 182, Runtime 3.402793, Loss 0.022419, forward nfe 0, backward nfe 0, Train: 0.9750, Val: 0.7662, Test: 0.7736, Best time: 18.2948
After OOD adjustment: Training instances of last class: 0
After OOD adjustment: Testing instances of last class: 48
Epoch: 183, Runtime 3.410490, Loss 0.024092, forward nfe 0, backward nfe 0, Train: 0.9750, Val: 0.7662, Test: 0.7736, Best time: 18.2948
After OOD adjustment: Training instances of last class: 0
After OOD adjustment: Testing instances of last class: 48
Epoch: 184, Runtime 3.414146, Loss 0.022465, forward nfe 0, backward nfe 0, Train: 0.9750, Val: 0.7662, Test: 0.7736, Best time: 18.2948
After OOD adjustment: Training instances of last class: 0
After OOD adjustment: Testing instances of last class: 48
Epoch: 185, Runtime 3.431452, Loss 0.024704, forward nfe 0, backward nfe 0, Train: 0.9750, Val: 0.7662, Test: 0.7736, Best time: 18.2948
After OOD adjustment: Training instances of last class: 0
After OOD adjustment: Testing instances of last class: 48
Epoch: 186, Runtime 3.412455, Loss 0.020264, forward nfe 0, backward nfe 0, Train: 0.9750, Val: 0.7662, Test: 0.7736, Best time: 18.2948
After OOD adjustment: Training instances of last class: 0
After OOD adjustment: Testing instances of last class: 48
Epoch: 187, Runtime 3.389187, Loss 0.020895, forward nfe 0, backward nfe 0, Train: 0.9750, Val: 0.7662, Test: 0.7736, Best time: 18.2948
After OOD adjustment: Training instances of last class: 0
After OOD adjustment: Testing instances of last class: 48
Epoch: 188, Runtime 3.413656, Loss 0.018068, forward nfe 0, backward nfe 0, Train: 0.9750, Val: 0.7662, Test: 0.7736, Best time: 18.2948
After OOD adjustment: Training instances of last class: 0
After OOD adjustment: Testing instances of last class: 48
Epoch: 189, Runtime 3.413857, Loss 0.020867, forward nfe 0, backward nfe 0, Train: 0.9750, Val: 0.7662, Test: 0.7736, Best time: 18.2948
After OOD adjustment: Training instances of last class: 0
After OOD adjustment: Testing instances of last class: 48
Epoch: 190, Runtime 3.422134, Loss 0.020158, forward nfe 0, backward nfe 0, Train: 0.9750, Val: 0.7662, Test: 0.7736, Best time: 18.2948
After OOD adjustment: Training instances of last class: 0
After OOD adjustment: Testing instances of last class: 48
Epoch: 191, Runtime 3.420860, Loss 0.020619, forward nfe 0, backward nfe 0, Train: 0.9750, Val: 0.7662, Test: 0.7736, Best time: 18.2948
After OOD adjustment: Training instances of last class: 0
After OOD adjustment: Testing instances of last class: 48
Epoch: 192, Runtime 3.439721, Loss 0.023210, forward nfe 0, backward nfe 0, Train: 0.9750, Val: 0.7662, Test: 0.7736, Best time: 18.2948
After OOD adjustment: Training instances of last class: 0
After OOD adjustment: Testing instances of last class: 48
Epoch: 193, Runtime 3.397626, Loss 0.020708, forward nfe 0, backward nfe 0, Train: 0.9750, Val: 0.7662, Test: 0.7736, Best time: 18.2948
After OOD adjustment: Training instances of last class: 0
After OOD adjustment: Testing instances of last class: 48
Epoch: 194, Runtime 3.390085, Loss 0.022351, forward nfe 0, backward nfe 0, Train: 0.9750, Val: 0.7662, Test: 0.7736, Best time: 18.2948
After OOD adjustment: Training instances of last class: 0
After OOD adjustment: Testing instances of last class: 48
Epoch: 195, Runtime 3.404695, Loss 0.024956, forward nfe 0, backward nfe 0, Train: 0.9750, Val: 0.7662, Test: 0.7736, Best time: 18.2948
After OOD adjustment: Training instances of last class: 0
After OOD adjustment: Testing instances of last class: 48
Epoch: 196, Runtime 3.399664, Loss 0.021304, forward nfe 0, backward nfe 0, Train: 0.9750, Val: 0.7662, Test: 0.7736, Best time: 18.2948
After OOD adjustment: Training instances of last class: 0
After OOD adjustment: Testing instances of last class: 48
Epoch: 197, Runtime 3.396063, Loss 0.020158, forward nfe 0, backward nfe 0, Train: 0.9750, Val: 0.7662, Test: 0.7736, Best time: 18.2948
After OOD adjustment: Training instances of last class: 0
After OOD adjustment: Testing instances of last class: 48
Epoch: 198, Runtime 3.392183, Loss 0.022843, forward nfe 0, backward nfe 0, Train: 0.9750, Val: 0.7662, Test: 0.7736, Best time: 18.2948
After OOD adjustment: Training instances of last class: 0
After OOD adjustment: Testing instances of last class: 48
Epoch: 199, Runtime 3.409227, Loss 0.017466, forward nfe 0, backward nfe 0, Train: 0.9750, Val: 0.7662, Test: 0.7736, Best time: 18.2948
best val accuracy 0.766176 with test accuracy 0.773604 at epoch 25 and best time 18.294754
base_directory resutls_prob/OOD_Cora
new_name:  lgnsde_ODD
file_path 1 resutls_prob/OOD_Cora/lgnsde_ODD_prediction_probabilities_74.npz
file_path 2 resutls_prob/OOD_Cora/lgnsde_ODD_prediction_probabilities_74.npz
Entropy Threshold: inf Test accuracy: 0.7756345177664975
Entropy Threshold: 2 Test accuracy: 0.7766497461928934
Entropy Threshold: 1.6 Test accuracy: 0.9669421487603306
Entropy Threshold: 1.5 Test accuracy: 0.9846153846153847
Entropy Threshold: 1.4 Test accuracy: 1.0
Entropy Threshold: 1.3 Test accuracy: 1.0
Entropy Threshold: 1.2 Test accuracy: 1.0
Entropy Threshold: 1.1 Test accuracy: 1.0
Entropy Threshold: 0.9 Test accuracy: None
Entropy Threshold: 0.8 Test accuracy: None
Entropy Threshold: 0.7 Test accuracy: None
Entropy Threshold: 0.6 Test accuracy: None
Entropy Threshold: 0.5 Test accuracy: None
Entropy Threshold: 0.4 Test accuracy: None
Entropy Threshold: 0.3 Test accuracy: None
Entropy Threshold: 0.2 Test accuracy: None
Entropy Threshold: 0.1 Test accuracy: None
