[KeOps] Warning : cuda was detected, but driver API could not be initialized. Switching to cpu only.
Folder already exists: results/cora
experiment: 0
Dataset size (num_nodes): 2485, Intended development set size (num_development): 1500
Dataset size (num_nodes): 2485, Actual development set size (num_development): 1500
rations: train 140, val 1360, test 985
Before OOD adjustment: Total instances of last class: 131
Before OOD adjustment: Training instances of last class: 20
Before OOD adjustment: Testing instances of last class: 55
Before OOD adjustment: Val instances of last class: 56
total train + val+ test 131
After OOD adjustment: Training instances of last class: 0
After OOD adjustment: Testing instances of last class: 55
Total number of classes: 7
number of classes to train: 6
Dataset size (num_nodes): 2485, Intended development set size (num_development): 1500
Dataset size (num_nodes): 2485, Actual development set size (num_development): 1500
rations: train 140, val 1360, test 985
within set_train_val_test_split function!
Before OOD adjustment: Total instances of last class: 131
Before OOD adjustment: Training instances of last class: 20
Before OOD adjustment: Testing instances of last class: 53
Before OOD adjustment: Val instances of last class: 58
total train + val+ test 131
After OOD adjustment: Training instances of last class: 0
After OOD adjustment: Testing instances of last class: 53
MyGCN2(
  (conv1): GCNConv(1433, 80)
  (conv4): GCNConv(80, 6)
)
conv1.bias
torch.Size([80])
conv1.lin.weight
torch.Size([80, 1433])
conv4.bias
torch.Size([6])
conv4.lin.weight
torch.Size([6, 80])
After OOD adjustment: Training instances of last class: 0
After OOD adjustment: Testing instances of last class: 53
Epoch: 001, Runtime 0.038422, Loss 1.800347, forward nfe 0, backward nfe 0, Train: 0.3083, Val: 0.1838, Test: 0.1766, Best time: 18.2948
After OOD adjustment: Training instances of last class: 0
After OOD adjustment: Testing instances of last class: 53
Epoch: 002, Runtime 0.130077, Loss 1.741213, forward nfe 0, backward nfe 0, Train: 0.5750, Val: 0.3228, Test: 0.3056, Best time: 18.2948
After OOD adjustment: Training instances of last class: 0
After OOD adjustment: Testing instances of last class: 53
Epoch: 003, Runtime 0.123936, Loss 1.683183, forward nfe 0, backward nfe 0, Train: 0.8000, Val: 0.4581, Test: 0.4325, Best time: 18.2948
After OOD adjustment: Training instances of last class: 0
After OOD adjustment: Testing instances of last class: 53
Epoch: 004, Runtime 0.121058, Loss 1.626168, forward nfe 0, backward nfe 0, Train: 0.8833, Val: 0.5721, Test: 0.5401, Best time: 18.2948
After OOD adjustment: Training instances of last class: 0
After OOD adjustment: Testing instances of last class: 53
Epoch: 005, Runtime 0.120852, Loss 1.570110, forward nfe 0, backward nfe 0, Train: 0.9417, Val: 0.6471, Test: 0.6234, Best time: 18.2948
After OOD adjustment: Training instances of last class: 0
After OOD adjustment: Testing instances of last class: 53
Epoch: 006, Runtime 0.120894, Loss 1.514969, forward nfe 0, backward nfe 0, Train: 0.9667, Val: 0.6816, Test: 0.6701, Best time: 18.2948
After OOD adjustment: Training instances of last class: 0
After OOD adjustment: Testing instances of last class: 53
Epoch: 007, Runtime 0.119551, Loss 1.460724, forward nfe 0, backward nfe 0, Train: 0.9833, Val: 0.7088, Test: 0.6934, Best time: 18.2948
After OOD adjustment: Training instances of last class: 0
After OOD adjustment: Testing instances of last class: 53
Epoch: 008, Runtime 0.136252, Loss 1.407375, forward nfe 0, backward nfe 0, Train: 0.9917, Val: 0.7213, Test: 0.7157, Best time: 18.2948
After OOD adjustment: Training instances of last class: 0
After OOD adjustment: Testing instances of last class: 53
Epoch: 009, Runtime 0.121120, Loss 1.354938, forward nfe 0, backward nfe 0, Train: 0.9917, Val: 0.7272, Test: 0.7381, Best time: 18.2948
After OOD adjustment: Training instances of last class: 0
After OOD adjustment: Testing instances of last class: 53
Epoch: 010, Runtime 0.120989, Loss 1.303444, forward nfe 0, backward nfe 0, Train: 0.9917, Val: 0.7324, Test: 0.7523, Best time: 18.2948
After OOD adjustment: Training instances of last class: 0
After OOD adjustment: Testing instances of last class: 53
Epoch: 011, Runtime 0.124310, Loss 1.252934, forward nfe 0, backward nfe 0, Train: 0.9917, Val: 0.7382, Test: 0.7614, Best time: 18.2948
After OOD adjustment: Training instances of last class: 0
After OOD adjustment: Testing instances of last class: 53
Epoch: 012, Runtime 0.120831, Loss 1.203453, forward nfe 0, backward nfe 0, Train: 0.9917, Val: 0.7390, Test: 0.7685, Best time: 18.2948
After OOD adjustment: Training instances of last class: 0
After OOD adjustment: Testing instances of last class: 53
Epoch: 013, Runtime 0.120923, Loss 1.155050, forward nfe 0, backward nfe 0, Train: 0.9917, Val: 0.7404, Test: 0.7736, Best time: 18.2948
After OOD adjustment: Training instances of last class: 0
After OOD adjustment: Testing instances of last class: 53
Epoch: 014, Runtime 0.120728, Loss 1.107770, forward nfe 0, backward nfe 0, Train: 0.9917, Val: 0.7426, Test: 0.7756, Best time: 18.2948
After OOD adjustment: Training instances of last class: 0
After OOD adjustment: Testing instances of last class: 53
Epoch: 015, Runtime 0.029803, Loss 1.061656, forward nfe 0, backward nfe 0, Train: 0.9917, Val: 0.7426, Test: 0.7756, Best time: 18.2948
After OOD adjustment: Training instances of last class: 0
After OOD adjustment: Testing instances of last class: 53
Epoch: 016, Runtime 0.177077, Loss 1.016748, forward nfe 0, backward nfe 0, Train: 0.9917, Val: 0.7449, Test: 0.7766, Best time: 18.2948
After OOD adjustment: Training instances of last class: 0
After OOD adjustment: Testing instances of last class: 53
Epoch: 017, Runtime 0.141650, Loss 0.973079, forward nfe 0, backward nfe 0, Train: 0.9917, Val: 0.7463, Test: 0.7797, Best time: 18.2948
After OOD adjustment: Training instances of last class: 0
After OOD adjustment: Testing instances of last class: 53
Epoch: 018, Runtime 0.120600, Loss 0.930680, forward nfe 0, backward nfe 0, Train: 0.9917, Val: 0.7485, Test: 0.7797, Best time: 18.2948
After OOD adjustment: Training instances of last class: 0
After OOD adjustment: Testing instances of last class: 53
Epoch: 019, Runtime 0.028557, Loss 0.889577, forward nfe 0, backward nfe 0, Train: 0.9917, Val: 0.7485, Test: 0.7797, Best time: 18.2948
After OOD adjustment: Training instances of last class: 0
After OOD adjustment: Testing instances of last class: 53
Epoch: 020, Runtime 0.118954, Loss 0.849789, forward nfe 0, backward nfe 0, Train: 0.9917, Val: 0.7500, Test: 0.7858, Best time: 18.2948
After OOD adjustment: Training instances of last class: 0
After OOD adjustment: Testing instances of last class: 53
Epoch: 021, Runtime 0.119803, Loss 0.811333, forward nfe 0, backward nfe 0, Train: 0.9917, Val: 0.7515, Test: 0.7878, Best time: 18.2948
After OOD adjustment: Training instances of last class: 0
After OOD adjustment: Testing instances of last class: 53
Epoch: 022, Runtime 0.120129, Loss 0.774220, forward nfe 0, backward nfe 0, Train: 0.9917, Val: 0.7529, Test: 0.7888, Best time: 18.2948
After OOD adjustment: Training instances of last class: 0
After OOD adjustment: Testing instances of last class: 53
Epoch: 023, Runtime 0.028561, Loss 0.738455, forward nfe 0, backward nfe 0, Train: 0.9917, Val: 0.7529, Test: 0.7888, Best time: 18.2948
After OOD adjustment: Training instances of last class: 0
After OOD adjustment: Testing instances of last class: 53
Epoch: 024, Runtime 0.026651, Loss 0.704037, forward nfe 0, backward nfe 0, Train: 0.9917, Val: 0.7529, Test: 0.7888, Best time: 18.2948
After OOD adjustment: Training instances of last class: 0
After OOD adjustment: Testing instances of last class: 53
Epoch: 025, Runtime 0.026687, Loss 0.670963, forward nfe 0, backward nfe 0, Train: 0.9917, Val: 0.7529, Test: 0.7888, Best time: 18.2948
After OOD adjustment: Training instances of last class: 0
After OOD adjustment: Testing instances of last class: 53
Epoch: 026, Runtime 0.184289, Loss 0.639222, forward nfe 0, backward nfe 0, Train: 0.9917, Val: 0.7544, Test: 0.7990, Best time: 18.2948
After OOD adjustment: Training instances of last class: 0
After OOD adjustment: Testing instances of last class: 53
Epoch: 027, Runtime 0.162244, Loss 0.608798, forward nfe 0, backward nfe 0, Train: 0.9917, Val: 0.7566, Test: 0.8010, Best time: 18.2948
After OOD adjustment: Training instances of last class: 0
After OOD adjustment: Testing instances of last class: 53
Epoch: 028, Runtime 0.126336, Loss 0.579673, forward nfe 0, backward nfe 0, Train: 0.9917, Val: 0.7574, Test: 0.8020, Best time: 18.2948
After OOD adjustment: Training instances of last class: 0
After OOD adjustment: Testing instances of last class: 53
Epoch: 029, Runtime 0.159690, Loss 0.551824, forward nfe 0, backward nfe 0, Train: 0.9917, Val: 0.7581, Test: 0.8020, Best time: 18.2948
After OOD adjustment: Training instances of last class: 0
After OOD adjustment: Testing instances of last class: 53
Epoch: 030, Runtime 0.033628, Loss 0.525226, forward nfe 0, backward nfe 0, Train: 0.9917, Val: 0.7581, Test: 0.8020, Best time: 18.2948
After OOD adjustment: Training instances of last class: 0
After OOD adjustment: Testing instances of last class: 53
Epoch: 031, Runtime 0.179851, Loss 0.499851, forward nfe 0, backward nfe 0, Train: 0.9917, Val: 0.7603, Test: 0.8051, Best time: 18.2948
After OOD adjustment: Training instances of last class: 0
After OOD adjustment: Testing instances of last class: 53
Epoch: 032, Runtime 0.033035, Loss 0.475666, forward nfe 0, backward nfe 0, Train: 0.9917, Val: 0.7603, Test: 0.8051, Best time: 18.2948
After OOD adjustment: Training instances of last class: 0
After OOD adjustment: Testing instances of last class: 53
Epoch: 033, Runtime 0.032990, Loss 0.452640, forward nfe 0, backward nfe 0, Train: 0.9917, Val: 0.7603, Test: 0.8051, Best time: 18.2948
After OOD adjustment: Training instances of last class: 0
After OOD adjustment: Testing instances of last class: 53
Epoch: 034, Runtime 0.143248, Loss 0.430736, forward nfe 0, backward nfe 0, Train: 1.0000, Val: 0.7640, Test: 0.8061, Best time: 18.2948
After OOD adjustment: Training instances of last class: 0
After OOD adjustment: Testing instances of last class: 53
Epoch: 035, Runtime 0.028650, Loss 0.409918, forward nfe 0, backward nfe 0, Train: 1.0000, Val: 0.7640, Test: 0.8061, Best time: 18.2948
After OOD adjustment: Training instances of last class: 0
After OOD adjustment: Testing instances of last class: 53
Epoch: 036, Runtime 0.119967, Loss 0.390147, forward nfe 0, backward nfe 0, Train: 1.0000, Val: 0.7647, Test: 0.8041, Best time: 18.2948
After OOD adjustment: Training instances of last class: 0
After OOD adjustment: Testing instances of last class: 53
Epoch: 037, Runtime 0.162119, Loss 0.371385, forward nfe 0, backward nfe 0, Train: 1.0000, Val: 0.7669, Test: 0.8051, Best time: 18.2948
After OOD adjustment: Training instances of last class: 0
After OOD adjustment: Testing instances of last class: 53
Epoch: 038, Runtime 0.033436, Loss 0.353591, forward nfe 0, backward nfe 0, Train: 1.0000, Val: 0.7669, Test: 0.8051, Best time: 18.2948
After OOD adjustment: Training instances of last class: 0
After OOD adjustment: Testing instances of last class: 53
Epoch: 039, Runtime 0.032833, Loss 0.336726, forward nfe 0, backward nfe 0, Train: 1.0000, Val: 0.7669, Test: 0.8051, Best time: 18.2948
After OOD adjustment: Training instances of last class: 0
After OOD adjustment: Testing instances of last class: 53
Epoch: 040, Runtime 0.033087, Loss 0.320748, forward nfe 0, backward nfe 0, Train: 1.0000, Val: 0.7669, Test: 0.8051, Best time: 18.2948
After OOD adjustment: Training instances of last class: 0
After OOD adjustment: Testing instances of last class: 53
Epoch: 041, Runtime 0.033449, Loss 0.305620, forward nfe 0, backward nfe 0, Train: 1.0000, Val: 0.7669, Test: 0.8051, Best time: 18.2948
After OOD adjustment: Training instances of last class: 0
After OOD adjustment: Testing instances of last class: 53
Epoch: 042, Runtime 0.032974, Loss 0.291300, forward nfe 0, backward nfe 0, Train: 1.0000, Val: 0.7669, Test: 0.8051, Best time: 18.2948
After OOD adjustment: Training instances of last class: 0
After OOD adjustment: Testing instances of last class: 53
Epoch: 043, Runtime 0.033202, Loss 0.277752, forward nfe 0, backward nfe 0, Train: 1.0000, Val: 0.7669, Test: 0.8051, Best time: 18.2948
After OOD adjustment: Training instances of last class: 0
After OOD adjustment: Testing instances of last class: 53
Epoch: 044, Runtime 0.179114, Loss 0.264936, forward nfe 0, backward nfe 0, Train: 1.0000, Val: 0.7691, Test: 0.8030, Best time: 18.2948
After OOD adjustment: Training instances of last class: 0
After OOD adjustment: Testing instances of last class: 53
Epoch: 045, Runtime 0.179394, Loss 0.252817, forward nfe 0, backward nfe 0, Train: 1.0000, Val: 0.7706, Test: 0.8030, Best time: 18.2948
After OOD adjustment: Training instances of last class: 0
After OOD adjustment: Testing instances of last class: 53
Epoch: 046, Runtime 0.032189, Loss 0.241358, forward nfe 0, backward nfe 0, Train: 1.0000, Val: 0.7706, Test: 0.8030, Best time: 18.2948
After OOD adjustment: Training instances of last class: 0
After OOD adjustment: Testing instances of last class: 53
Epoch: 047, Runtime 0.031370, Loss 0.230525, forward nfe 0, backward nfe 0, Train: 1.0000, Val: 0.7706, Test: 0.8030, Best time: 18.2948
After OOD adjustment: Training instances of last class: 0
After OOD adjustment: Testing instances of last class: 53
Epoch: 048, Runtime 0.138000, Loss 0.220284, forward nfe 0, backward nfe 0, Train: 1.0000, Val: 0.7713, Test: 0.8010, Best time: 18.2948
After OOD adjustment: Training instances of last class: 0
After OOD adjustment: Testing instances of last class: 53
Epoch: 049, Runtime 0.028474, Loss 0.210602, forward nfe 0, backward nfe 0, Train: 1.0000, Val: 0.7713, Test: 0.8010, Best time: 18.2948
After OOD adjustment: Training instances of last class: 0
After OOD adjustment: Testing instances of last class: 53
Epoch: 050, Runtime 0.026655, Loss 0.201450, forward nfe 0, backward nfe 0, Train: 1.0000, Val: 0.7713, Test: 0.8010, Best time: 18.2948
After OOD adjustment: Training instances of last class: 0
After OOD adjustment: Testing instances of last class: 53
Epoch: 051, Runtime 0.176437, Loss 0.192796, forward nfe 0, backward nfe 0, Train: 1.0000, Val: 0.7721, Test: 0.8041, Best time: 18.2948
After OOD adjustment: Training instances of last class: 0
After OOD adjustment: Testing instances of last class: 53
Epoch: 052, Runtime 0.032975, Loss 0.184614, forward nfe 0, backward nfe 0, Train: 1.0000, Val: 0.7721, Test: 0.8041, Best time: 18.2948
After OOD adjustment: Training instances of last class: 0
After OOD adjustment: Testing instances of last class: 53
Epoch: 053, Runtime 0.180464, Loss 0.176876, forward nfe 0, backward nfe 0, Train: 1.0000, Val: 0.7728, Test: 0.8051, Best time: 18.2948
After OOD adjustment: Training instances of last class: 0
After OOD adjustment: Testing instances of last class: 53
Epoch: 054, Runtime 0.143743, Loss 0.169556, forward nfe 0, backward nfe 0, Train: 1.0000, Val: 0.7743, Test: 0.8051, Best time: 18.2948
After OOD adjustment: Training instances of last class: 0
After OOD adjustment: Testing instances of last class: 53
Epoch: 055, Runtime 0.122721, Loss 0.162630, forward nfe 0, backward nfe 0, Train: 1.0000, Val: 0.7750, Test: 0.8041, Best time: 18.2948
After OOD adjustment: Training instances of last class: 0
After OOD adjustment: Testing instances of last class: 53
Epoch: 056, Runtime 0.028584, Loss 0.156076, forward nfe 0, backward nfe 0, Train: 1.0000, Val: 0.7750, Test: 0.8041, Best time: 18.2948
After OOD adjustment: Training instances of last class: 0
After OOD adjustment: Testing instances of last class: 53
Epoch: 057, Runtime 0.026734, Loss 0.149871, forward nfe 0, backward nfe 0, Train: 1.0000, Val: 0.7750, Test: 0.8041, Best time: 18.2948
After OOD adjustment: Training instances of last class: 0
After OOD adjustment: Testing instances of last class: 53
Epoch: 058, Runtime 0.026634, Loss 0.143996, forward nfe 0, backward nfe 0, Train: 1.0000, Val: 0.7750, Test: 0.8041, Best time: 18.2948
After OOD adjustment: Training instances of last class: 0
After OOD adjustment: Testing instances of last class: 53
Epoch: 059, Runtime 0.120987, Loss 0.138430, forward nfe 0, backward nfe 0, Train: 1.0000, Val: 0.7757, Test: 0.8061, Best time: 18.2948
After OOD adjustment: Training instances of last class: 0
After OOD adjustment: Testing instances of last class: 53
Epoch: 060, Runtime 0.028547, Loss 0.133155, forward nfe 0, backward nfe 0, Train: 1.0000, Val: 0.7757, Test: 0.8061, Best time: 18.2948
After OOD adjustment: Training instances of last class: 0
After OOD adjustment: Testing instances of last class: 53
Epoch: 061, Runtime 0.026862, Loss 0.128155, forward nfe 0, backward nfe 0, Train: 1.0000, Val: 0.7757, Test: 0.8061, Best time: 18.2948
After OOD adjustment: Training instances of last class: 0
After OOD adjustment: Testing instances of last class: 53
Epoch: 062, Runtime 0.181991, Loss 0.123413, forward nfe 0, backward nfe 0, Train: 1.0000, Val: 0.7765, Test: 0.8071, Best time: 18.2948
After OOD adjustment: Training instances of last class: 0
After OOD adjustment: Testing instances of last class: 53
Epoch: 063, Runtime 0.176188, Loss 0.118914, forward nfe 0, backward nfe 0, Train: 1.0000, Val: 0.7772, Test: 0.8071, Best time: 18.2948
After OOD adjustment: Training instances of last class: 0
After OOD adjustment: Testing instances of last class: 53
Epoch: 064, Runtime 0.031334, Loss 0.114644, forward nfe 0, backward nfe 0, Train: 1.0000, Val: 0.7772, Test: 0.8071, Best time: 18.2948
After OOD adjustment: Training instances of last class: 0
After OOD adjustment: Testing instances of last class: 53
Epoch: 065, Runtime 0.028934, Loss 0.110590, forward nfe 0, backward nfe 0, Train: 1.0000, Val: 0.7772, Test: 0.8071, Best time: 18.2948
After OOD adjustment: Training instances of last class: 0
After OOD adjustment: Testing instances of last class: 53
Epoch: 066, Runtime 0.031301, Loss 0.106738, forward nfe 0, backward nfe 0, Train: 1.0000, Val: 0.7772, Test: 0.8071, Best time: 18.2948
After OOD adjustment: Training instances of last class: 0
After OOD adjustment: Testing instances of last class: 53
Epoch: 067, Runtime 0.030258, Loss 0.103077, forward nfe 0, backward nfe 0, Train: 1.0000, Val: 0.7772, Test: 0.8071, Best time: 18.2948
After OOD adjustment: Training instances of last class: 0
After OOD adjustment: Testing instances of last class: 53
Epoch: 068, Runtime 0.029484, Loss 0.099596, forward nfe 0, backward nfe 0, Train: 1.0000, Val: 0.7772, Test: 0.8071, Best time: 18.2948
After OOD adjustment: Training instances of last class: 0
After OOD adjustment: Testing instances of last class: 53
Epoch: 069, Runtime 0.029363, Loss 0.096284, forward nfe 0, backward nfe 0, Train: 1.0000, Val: 0.7772, Test: 0.8071, Best time: 18.2948
After OOD adjustment: Training instances of last class: 0
After OOD adjustment: Testing instances of last class: 53
Epoch: 070, Runtime 0.031377, Loss 0.093132, forward nfe 0, backward nfe 0, Train: 1.0000, Val: 0.7772, Test: 0.8071, Best time: 18.2948
After OOD adjustment: Training instances of last class: 0
After OOD adjustment: Testing instances of last class: 53
Epoch: 071, Runtime 0.036744, Loss 0.090130, forward nfe 0, backward nfe 0, Train: 1.0000, Val: 0.7772, Test: 0.8071, Best time: 18.2948
After OOD adjustment: Training instances of last class: 0
After OOD adjustment: Testing instances of last class: 53
Epoch: 072, Runtime 0.033634, Loss 0.087270, forward nfe 0, backward nfe 0, Train: 1.0000, Val: 0.7772, Test: 0.8071, Best time: 18.2948
After OOD adjustment: Training instances of last class: 0
After OOD adjustment: Testing instances of last class: 53
Epoch: 073, Runtime 0.030200, Loss 0.084544, forward nfe 0, backward nfe 0, Train: 1.0000, Val: 0.7772, Test: 0.8071, Best time: 18.2948
After OOD adjustment: Training instances of last class: 0
After OOD adjustment: Testing instances of last class: 53
Epoch: 074, Runtime 0.029791, Loss 0.081944, forward nfe 0, backward nfe 0, Train: 1.0000, Val: 0.7772, Test: 0.8071, Best time: 18.2948
After OOD adjustment: Training instances of last class: 0
After OOD adjustment: Testing instances of last class: 53
Epoch: 075, Runtime 0.031524, Loss 0.079463, forward nfe 0, backward nfe 0, Train: 1.0000, Val: 0.7772, Test: 0.8071, Best time: 18.2948
After OOD adjustment: Training instances of last class: 0
After OOD adjustment: Testing instances of last class: 53
Epoch: 076, Runtime 0.030105, Loss 0.077094, forward nfe 0, backward nfe 0, Train: 1.0000, Val: 0.7772, Test: 0.8071, Best time: 18.2948
After OOD adjustment: Training instances of last class: 0
After OOD adjustment: Testing instances of last class: 53
Epoch: 077, Runtime 0.030179, Loss 0.074830, forward nfe 0, backward nfe 0, Train: 1.0000, Val: 0.7772, Test: 0.8071, Best time: 18.2948
After OOD adjustment: Training instances of last class: 0
After OOD adjustment: Testing instances of last class: 53
Epoch: 078, Runtime 0.029819, Loss 0.072667, forward nfe 0, backward nfe 0, Train: 1.0000, Val: 0.7772, Test: 0.8071, Best time: 18.2948
After OOD adjustment: Training instances of last class: 0
After OOD adjustment: Testing instances of last class: 53
Epoch: 079, Runtime 0.030206, Loss 0.070599, forward nfe 0, backward nfe 0, Train: 1.0000, Val: 0.7772, Test: 0.8071, Best time: 18.2948
After OOD adjustment: Training instances of last class: 0
After OOD adjustment: Testing instances of last class: 53
Epoch: 080, Runtime 0.029212, Loss 0.068620, forward nfe 0, backward nfe 0, Train: 1.0000, Val: 0.7772, Test: 0.8071, Best time: 18.2948
After OOD adjustment: Training instances of last class: 0
After OOD adjustment: Testing instances of last class: 53
Epoch: 081, Runtime 0.027287, Loss 0.066725, forward nfe 0, backward nfe 0, Train: 1.0000, Val: 0.7772, Test: 0.8071, Best time: 18.2948
After OOD adjustment: Training instances of last class: 0
After OOD adjustment: Testing instances of last class: 53
Epoch: 082, Runtime 0.028197, Loss 0.064911, forward nfe 0, backward nfe 0, Train: 1.0000, Val: 0.7772, Test: 0.8071, Best time: 18.2948
After OOD adjustment: Training instances of last class: 0
After OOD adjustment: Testing instances of last class: 53
Epoch: 083, Runtime 0.026777, Loss 0.063172, forward nfe 0, backward nfe 0, Train: 1.0000, Val: 0.7772, Test: 0.8071, Best time: 18.2948
After OOD adjustment: Training instances of last class: 0
After OOD adjustment: Testing instances of last class: 53
Epoch: 084, Runtime 0.026669, Loss 0.061504, forward nfe 0, backward nfe 0, Train: 1.0000, Val: 0.7772, Test: 0.8071, Best time: 18.2948
After OOD adjustment: Training instances of last class: 0
After OOD adjustment: Testing instances of last class: 53
Epoch: 085, Runtime 0.026649, Loss 0.059904, forward nfe 0, backward nfe 0, Train: 1.0000, Val: 0.7772, Test: 0.8071, Best time: 18.2948
After OOD adjustment: Training instances of last class: 0
After OOD adjustment: Testing instances of last class: 53
Epoch: 086, Runtime 0.026798, Loss 0.058369, forward nfe 0, backward nfe 0, Train: 1.0000, Val: 0.7772, Test: 0.8071, Best time: 18.2948
After OOD adjustment: Training instances of last class: 0
After OOD adjustment: Testing instances of last class: 53
Epoch: 087, Runtime 0.026759, Loss 0.056894, forward nfe 0, backward nfe 0, Train: 1.0000, Val: 0.7772, Test: 0.8071, Best time: 18.2948
After OOD adjustment: Training instances of last class: 0
After OOD adjustment: Testing instances of last class: 53
Epoch: 088, Runtime 0.026586, Loss 0.055478, forward nfe 0, backward nfe 0, Train: 1.0000, Val: 0.7772, Test: 0.8071, Best time: 18.2948
After OOD adjustment: Training instances of last class: 0
After OOD adjustment: Testing instances of last class: 53
Epoch: 089, Runtime 0.026667, Loss 0.054116, forward nfe 0, backward nfe 0, Train: 1.0000, Val: 0.7772, Test: 0.8071, Best time: 18.2948
After OOD adjustment: Training instances of last class: 0
After OOD adjustment: Testing instances of last class: 53
Epoch: 090, Runtime 0.026660, Loss 0.052806, forward nfe 0, backward nfe 0, Train: 1.0000, Val: 0.7772, Test: 0.8071, Best time: 18.2948
After OOD adjustment: Training instances of last class: 0
After OOD adjustment: Testing instances of last class: 53
Epoch: 091, Runtime 0.026801, Loss 0.051546, forward nfe 0, backward nfe 0, Train: 1.0000, Val: 0.7772, Test: 0.8071, Best time: 18.2948
After OOD adjustment: Training instances of last class: 0
After OOD adjustment: Testing instances of last class: 53
Epoch: 092, Runtime 0.026572, Loss 0.050332, forward nfe 0, backward nfe 0, Train: 1.0000, Val: 0.7772, Test: 0.8071, Best time: 18.2948
After OOD adjustment: Training instances of last class: 0
After OOD adjustment: Testing instances of last class: 53
Epoch: 093, Runtime 0.026669, Loss 0.049163, forward nfe 0, backward nfe 0, Train: 1.0000, Val: 0.7772, Test: 0.8071, Best time: 18.2948
After OOD adjustment: Training instances of last class: 0
After OOD adjustment: Testing instances of last class: 53
Epoch: 094, Runtime 0.026567, Loss 0.048037, forward nfe 0, backward nfe 0, Train: 1.0000, Val: 0.7772, Test: 0.8071, Best time: 18.2948
After OOD adjustment: Training instances of last class: 0
After OOD adjustment: Testing instances of last class: 53
Epoch: 095, Runtime 0.026684, Loss 0.046951, forward nfe 0, backward nfe 0, Train: 1.0000, Val: 0.7772, Test: 0.8071, Best time: 18.2948
After OOD adjustment: Training instances of last class: 0
After OOD adjustment: Testing instances of last class: 53
Epoch: 096, Runtime 0.026604, Loss 0.045904, forward nfe 0, backward nfe 0, Train: 1.0000, Val: 0.7772, Test: 0.8071, Best time: 18.2948
After OOD adjustment: Training instances of last class: 0
After OOD adjustment: Testing instances of last class: 53
Epoch: 097, Runtime 0.026637, Loss 0.044894, forward nfe 0, backward nfe 0, Train: 1.0000, Val: 0.7772, Test: 0.8071, Best time: 18.2948
After OOD adjustment: Training instances of last class: 0
After OOD adjustment: Testing instances of last class: 53
Epoch: 098, Runtime 0.026546, Loss 0.043918, forward nfe 0, backward nfe 0, Train: 1.0000, Val: 0.7772, Test: 0.8071, Best time: 18.2948
After OOD adjustment: Training instances of last class: 0
After OOD adjustment: Testing instances of last class: 53
Epoch: 099, Runtime 0.026758, Loss 0.042976, forward nfe 0, backward nfe 0, Train: 1.0000, Val: 0.7772, Test: 0.8071, Best time: 18.2948
best val accuracy 0.777206 with test accuracy 0.807107 at epoch 63 and best time 18.294754
base_directory resutls_prob/OOD_Cora
new_name:  gnn_ODD
file_path 1 resutls_prob/OOD_Cora/gnn_ODD_prediction_probabilities_12.npz
file_path 2 resutls_prob/OOD_Cora/gnn_ODD_prediction_probabilities_12.npz
Entropy Threshold: inf Test accuracy: 0.8071065989847716
Entropy Threshold: 2 Test accuracy: 0.8071065989847716
Entropy Threshold: 1.6 Test accuracy: 0.8296703296703297
Entropy Threshold: 1.5 Test accuracy: 0.8524788391777509
Entropy Threshold: 1.4 Test accuracy: 0.8727524204702628
Entropy Threshold: 1.3 Test accuracy: 0.8867924528301887
Entropy Threshold: 1.2 Test accuracy: 0.9136029411764706
Entropy Threshold: 1.1 Test accuracy: 0.9180672268907563
Entropy Threshold: 0.9 Test accuracy: 0.9487179487179487
Entropy Threshold: 0.8 Test accuracy: 0.9496644295302014
Entropy Threshold: 0.7 Test accuracy: 0.9612403100775194
Entropy Threshold: 0.6 Test accuracy: 0.9652173913043478
Entropy Threshold: 0.5 Test accuracy: 0.9647058823529412
Entropy Threshold: 0.4 Test accuracy: 0.9609375
Entropy Threshold: 0.3 Test accuracy: 0.9666666666666667
Entropy Threshold: 0.2 Test accuracy: 1.0
Entropy Threshold: 0.1 Test accuracy: 1.0
