[KeOps] Warning : cuda was detected, but driver API could not be initialized. Switching to cpu only.
Folder already exists: results/photo
experiment: 0
Dataset size (num_nodes): 7487, Intended development set size (num_development): 1500
Dataset size (num_nodes): 7487, Actual development set size (num_development): 1500
rations: train 160, val 1340, test 5987
Before OOD adjustment: Total instances of last class: 331
Before OOD adjustment: Training instances of last class: 20
Before OOD adjustment: Testing instances of last class: 267
Before OOD adjustment: Val instances of last class: 44
total train + val+ test 331
After OOD adjustment: Training instances of last class: 0
After OOD adjustment: Testing instances of last class: 267
Total number of classes: 8
number of classes to train: 7
MyGCN2(
  (conv1): GCNConv(745, 64)
  (conv4): GCNConv(64, 7)
)
conv1.bias
torch.Size([64])
conv1.lin.weight
torch.Size([64, 745])
conv4.bias
torch.Size([7])
conv4.lin.weight
torch.Size([7, 64])
After OOD adjustment: Training instances of last class: 0
After OOD adjustment: Testing instances of last class: 267
Epoch: 001, Runtime 0.266621, Loss 2.097519, forward nfe 0, backward nfe 0, Train: 0.1500, Val: 0.2493, Test: 0.2085, Best time: 3.5824
After OOD adjustment: Training instances of last class: 0
After OOD adjustment: Testing instances of last class: 267
Epoch: 002, Runtime 0.260362, Loss 1.966686, forward nfe 0, backward nfe 0, Train: 0.1500, Val: 0.2493, Test: 0.2085, Best time: 3.5824
After OOD adjustment: Training instances of last class: 0
After OOD adjustment: Testing instances of last class: 267
Epoch: 003, Runtime 0.397988, Loss 1.954455, forward nfe 0, backward nfe 0, Train: 0.3286, Val: 0.3007, Test: 0.2960, Best time: 3.5824
After OOD adjustment: Training instances of last class: 0
After OOD adjustment: Testing instances of last class: 267
Epoch: 004, Runtime 0.389480, Loss 1.842972, forward nfe 0, backward nfe 0, Train: 0.4429, Val: 0.3642, Test: 0.3691, Best time: 3.5824
After OOD adjustment: Training instances of last class: 0
After OOD adjustment: Testing instances of last class: 267
Epoch: 005, Runtime 0.376847, Loss 1.702281, forward nfe 0, backward nfe 0, Train: 0.5929, Val: 0.4888, Test: 0.4984, Best time: 3.5824
After OOD adjustment: Training instances of last class: 0
After OOD adjustment: Testing instances of last class: 267
Epoch: 006, Runtime 0.258830, Loss 1.594750, forward nfe 0, backward nfe 0, Train: 0.5929, Val: 0.4888, Test: 0.4984, Best time: 3.5824
After OOD adjustment: Training instances of last class: 0
After OOD adjustment: Testing instances of last class: 267
Epoch: 007, Runtime 0.256023, Loss 1.553359, forward nfe 0, backward nfe 0, Train: 0.5929, Val: 0.4888, Test: 0.4984, Best time: 3.5824
After OOD adjustment: Training instances of last class: 0
After OOD adjustment: Testing instances of last class: 267
Epoch: 008, Runtime 0.362858, Loss 1.486979, forward nfe 0, backward nfe 0, Train: 0.7643, Val: 0.7776, Test: 0.7608, Best time: 3.5824
After OOD adjustment: Training instances of last class: 0
After OOD adjustment: Testing instances of last class: 267
Epoch: 009, Runtime 0.401192, Loss 1.399968, forward nfe 0, backward nfe 0, Train: 0.8429, Val: 0.8134, Test: 0.7941, Best time: 3.5824
After OOD adjustment: Training instances of last class: 0
After OOD adjustment: Testing instances of last class: 267
Epoch: 010, Runtime 0.392076, Loss 1.333537, forward nfe 0, backward nfe 0, Train: 0.8929, Val: 0.8194, Test: 0.8088, Best time: 3.5824
After OOD adjustment: Training instances of last class: 0
After OOD adjustment: Testing instances of last class: 267
Epoch: 011, Runtime 0.255428, Loss 1.277277, forward nfe 0, backward nfe 0, Train: 0.8929, Val: 0.8194, Test: 0.8088, Best time: 3.5824
After OOD adjustment: Training instances of last class: 0
After OOD adjustment: Testing instances of last class: 267
Epoch: 012, Runtime 0.255336, Loss 1.226101, forward nfe 0, backward nfe 0, Train: 0.8929, Val: 0.8194, Test: 0.8088, Best time: 3.5824
After OOD adjustment: Training instances of last class: 0
After OOD adjustment: Testing instances of last class: 267
Epoch: 013, Runtime 0.255543, Loss 1.174752, forward nfe 0, backward nfe 0, Train: 0.8929, Val: 0.8194, Test: 0.8088, Best time: 3.5824
After OOD adjustment: Training instances of last class: 0
After OOD adjustment: Testing instances of last class: 267
Epoch: 014, Runtime 0.253812, Loss 1.121325, forward nfe 0, backward nfe 0, Train: 0.8929, Val: 0.8194, Test: 0.8088, Best time: 3.5824
After OOD adjustment: Training instances of last class: 0
After OOD adjustment: Testing instances of last class: 267
Epoch: 015, Runtime 0.256053, Loss 1.069346, forward nfe 0, backward nfe 0, Train: 0.8929, Val: 0.8194, Test: 0.8088, Best time: 3.5824
After OOD adjustment: Training instances of last class: 0
After OOD adjustment: Testing instances of last class: 267
Epoch: 016, Runtime 0.255455, Loss 1.021740, forward nfe 0, backward nfe 0, Train: 0.8929, Val: 0.8194, Test: 0.8088, Best time: 3.5824
After OOD adjustment: Training instances of last class: 0
After OOD adjustment: Testing instances of last class: 267
Epoch: 017, Runtime 0.254385, Loss 0.980252, forward nfe 0, backward nfe 0, Train: 0.8929, Val: 0.8194, Test: 0.8088, Best time: 3.5824
After OOD adjustment: Training instances of last class: 0
After OOD adjustment: Testing instances of last class: 267
Epoch: 018, Runtime 0.253308, Loss 0.943308, forward nfe 0, backward nfe 0, Train: 0.8929, Val: 0.8194, Test: 0.8088, Best time: 3.5824
After OOD adjustment: Training instances of last class: 0
After OOD adjustment: Testing instances of last class: 267
Epoch: 019, Runtime 0.394485, Loss 0.906164, forward nfe 0, backward nfe 0, Train: 0.9429, Val: 0.8373, Test: 0.8383, Best time: 3.5824
After OOD adjustment: Training instances of last class: 0
After OOD adjustment: Testing instances of last class: 267
Epoch: 020, Runtime 0.400610, Loss 0.867704, forward nfe 0, backward nfe 0, Train: 0.9429, Val: 0.8522, Test: 0.8507, Best time: 3.5824
After OOD adjustment: Training instances of last class: 0
After OOD adjustment: Testing instances of last class: 267
Epoch: 021, Runtime 0.392897, Loss 0.831561, forward nfe 0, backward nfe 0, Train: 0.9429, Val: 0.8597, Test: 0.8535, Best time: 3.5824
After OOD adjustment: Training instances of last class: 0
After OOD adjustment: Testing instances of last class: 267
Epoch: 022, Runtime 0.255450, Loss 0.799819, forward nfe 0, backward nfe 0, Train: 0.9429, Val: 0.8597, Test: 0.8535, Best time: 3.5824
After OOD adjustment: Training instances of last class: 0
After OOD adjustment: Testing instances of last class: 267
Epoch: 023, Runtime 0.253035, Loss 0.771036, forward nfe 0, backward nfe 0, Train: 0.9429, Val: 0.8597, Test: 0.8535, Best time: 3.5824
After OOD adjustment: Training instances of last class: 0
After OOD adjustment: Testing instances of last class: 267
Epoch: 024, Runtime 0.252971, Loss 0.743681, forward nfe 0, backward nfe 0, Train: 0.9429, Val: 0.8597, Test: 0.8535, Best time: 3.5824
After OOD adjustment: Training instances of last class: 0
After OOD adjustment: Testing instances of last class: 267
Epoch: 025, Runtime 0.257494, Loss 0.717610, forward nfe 0, backward nfe 0, Train: 0.9429, Val: 0.8597, Test: 0.8535, Best time: 3.5824
After OOD adjustment: Training instances of last class: 0
After OOD adjustment: Testing instances of last class: 267
Epoch: 026, Runtime 0.261375, Loss 0.692703, forward nfe 0, backward nfe 0, Train: 0.9429, Val: 0.8597, Test: 0.8535, Best time: 3.5824
After OOD adjustment: Training instances of last class: 0
After OOD adjustment: Testing instances of last class: 267
Epoch: 027, Runtime 0.268827, Loss 0.668554, forward nfe 0, backward nfe 0, Train: 0.9429, Val: 0.8597, Test: 0.8535, Best time: 3.5824
After OOD adjustment: Training instances of last class: 0
After OOD adjustment: Testing instances of last class: 267
Epoch: 028, Runtime 0.258489, Loss 0.645265, forward nfe 0, backward nfe 0, Train: 0.9429, Val: 0.8597, Test: 0.8535, Best time: 3.5824
After OOD adjustment: Training instances of last class: 0
After OOD adjustment: Testing instances of last class: 267
Epoch: 029, Runtime 0.257246, Loss 0.623339, forward nfe 0, backward nfe 0, Train: 0.9429, Val: 0.8597, Test: 0.8535, Best time: 3.5824
After OOD adjustment: Training instances of last class: 0
After OOD adjustment: Testing instances of last class: 267
Epoch: 030, Runtime 0.255341, Loss 0.603019, forward nfe 0, backward nfe 0, Train: 0.9429, Val: 0.8597, Test: 0.8535, Best time: 3.5824
After OOD adjustment: Training instances of last class: 0
After OOD adjustment: Testing instances of last class: 267
Epoch: 031, Runtime 0.256703, Loss 0.584201, forward nfe 0, backward nfe 0, Train: 0.9429, Val: 0.8597, Test: 0.8535, Best time: 3.5824
After OOD adjustment: Training instances of last class: 0
After OOD adjustment: Testing instances of last class: 267
Epoch: 032, Runtime 0.389877, Loss 0.566644, forward nfe 0, backward nfe 0, Train: 0.9500, Val: 0.8634, Test: 0.8604, Best time: 3.5824
After OOD adjustment: Training instances of last class: 0
After OOD adjustment: Testing instances of last class: 267
Epoch: 033, Runtime 0.401052, Loss 0.549994, forward nfe 0, backward nfe 0, Train: 0.9571, Val: 0.8709, Test: 0.8685, Best time: 3.5824
After OOD adjustment: Training instances of last class: 0
After OOD adjustment: Testing instances of last class: 267
Epoch: 034, Runtime 0.389376, Loss 0.533873, forward nfe 0, backward nfe 0, Train: 0.9571, Val: 0.8799, Test: 0.8769, Best time: 3.5824
After OOD adjustment: Training instances of last class: 0
After OOD adjustment: Testing instances of last class: 267
Epoch: 035, Runtime 0.386571, Loss 0.518141, forward nfe 0, backward nfe 0, Train: 0.9643, Val: 0.8866, Test: 0.8821, Best time: 3.5824
After OOD adjustment: Training instances of last class: 0
After OOD adjustment: Testing instances of last class: 267
Epoch: 036, Runtime 0.389103, Loss 0.502973, forward nfe 0, backward nfe 0, Train: 0.9643, Val: 0.8873, Test: 0.8841, Best time: 3.5824
After OOD adjustment: Training instances of last class: 0
After OOD adjustment: Testing instances of last class: 267
Epoch: 037, Runtime 0.256716, Loss 0.488614, forward nfe 0, backward nfe 0, Train: 0.9643, Val: 0.8873, Test: 0.8841, Best time: 3.5824
After OOD adjustment: Training instances of last class: 0
After OOD adjustment: Testing instances of last class: 267
Epoch: 038, Runtime 0.263058, Loss 0.475159, forward nfe 0, backward nfe 0, Train: 0.9643, Val: 0.8873, Test: 0.8841, Best time: 3.5824
After OOD adjustment: Training instances of last class: 0
After OOD adjustment: Testing instances of last class: 267
Epoch: 039, Runtime 0.257389, Loss 0.462555, forward nfe 0, backward nfe 0, Train: 0.9643, Val: 0.8873, Test: 0.8841, Best time: 3.5824
After OOD adjustment: Training instances of last class: 0
After OOD adjustment: Testing instances of last class: 267
Epoch: 040, Runtime 0.252977, Loss 0.450673, forward nfe 0, backward nfe 0, Train: 0.9643, Val: 0.8873, Test: 0.8841, Best time: 3.5824
After OOD adjustment: Training instances of last class: 0
After OOD adjustment: Testing instances of last class: 267
Epoch: 041, Runtime 0.248060, Loss 0.439326, forward nfe 0, backward nfe 0, Train: 0.9643, Val: 0.8873, Test: 0.8841, Best time: 3.5824
After OOD adjustment: Training instances of last class: 0
After OOD adjustment: Testing instances of last class: 267
Epoch: 042, Runtime 0.258456, Loss 0.428326, forward nfe 0, backward nfe 0, Train: 0.9643, Val: 0.8873, Test: 0.8841, Best time: 3.5824
After OOD adjustment: Training instances of last class: 0
After OOD adjustment: Testing instances of last class: 267
Epoch: 043, Runtime 0.262080, Loss 0.417594, forward nfe 0, backward nfe 0, Train: 0.9643, Val: 0.8873, Test: 0.8841, Best time: 3.5824
After OOD adjustment: Training instances of last class: 0
After OOD adjustment: Testing instances of last class: 267
Epoch: 044, Runtime 0.396758, Loss 0.407198, forward nfe 0, backward nfe 0, Train: 0.9643, Val: 0.8903, Test: 0.8899, Best time: 3.5824
After OOD adjustment: Training instances of last class: 0
After OOD adjustment: Testing instances of last class: 267
Epoch: 045, Runtime 0.261233, Loss 0.397241, forward nfe 0, backward nfe 0, Train: 0.9643, Val: 0.8903, Test: 0.8899, Best time: 3.5824
After OOD adjustment: Training instances of last class: 0
After OOD adjustment: Testing instances of last class: 267
Epoch: 046, Runtime 0.393082, Loss 0.387778, forward nfe 0, backward nfe 0, Train: 0.9643, Val: 0.8925, Test: 0.8913, Best time: 3.5824
After OOD adjustment: Training instances of last class: 0
After OOD adjustment: Testing instances of last class: 267
Epoch: 047, Runtime 0.254401, Loss 0.378808, forward nfe 0, backward nfe 0, Train: 0.9643, Val: 0.8925, Test: 0.8913, Best time: 3.5824
After OOD adjustment: Training instances of last class: 0
After OOD adjustment: Testing instances of last class: 267
Epoch: 048, Runtime 0.394555, Loss 0.370283, forward nfe 0, backward nfe 0, Train: 0.9714, Val: 0.8933, Test: 0.8918, Best time: 3.5824
After OOD adjustment: Training instances of last class: 0
After OOD adjustment: Testing instances of last class: 267
Epoch: 049, Runtime 0.382603, Loss 0.362111, forward nfe 0, backward nfe 0, Train: 0.9714, Val: 0.8948, Test: 0.8919, Best time: 3.5824
After OOD adjustment: Training instances of last class: 0
After OOD adjustment: Testing instances of last class: 267
Epoch: 050, Runtime 0.259453, Loss 0.354193, forward nfe 0, backward nfe 0, Train: 0.9714, Val: 0.8948, Test: 0.8919, Best time: 3.5824
After OOD adjustment: Training instances of last class: 0
After OOD adjustment: Testing instances of last class: 267
Epoch: 051, Runtime 0.258341, Loss 0.346486, forward nfe 0, backward nfe 0, Train: 0.9714, Val: 0.8948, Test: 0.8919, Best time: 3.5824
After OOD adjustment: Training instances of last class: 0
After OOD adjustment: Testing instances of last class: 267
Epoch: 052, Runtime 0.253591, Loss 0.339004, forward nfe 0, backward nfe 0, Train: 0.9714, Val: 0.8948, Test: 0.8919, Best time: 3.5824
After OOD adjustment: Training instances of last class: 0
After OOD adjustment: Testing instances of last class: 267
Epoch: 053, Runtime 0.255632, Loss 0.331778, forward nfe 0, backward nfe 0, Train: 0.9714, Val: 0.8948, Test: 0.8919, Best time: 3.5824
After OOD adjustment: Training instances of last class: 0
After OOD adjustment: Testing instances of last class: 267
Epoch: 054, Runtime 0.248517, Loss 0.324832, forward nfe 0, backward nfe 0, Train: 0.9714, Val: 0.8948, Test: 0.8919, Best time: 3.5824
After OOD adjustment: Training instances of last class: 0
After OOD adjustment: Testing instances of last class: 267
Epoch: 055, Runtime 0.399175, Loss 0.318174, forward nfe 0, backward nfe 0, Train: 0.9714, Val: 0.8963, Test: 0.8923, Best time: 3.5824
After OOD adjustment: Training instances of last class: 0
After OOD adjustment: Testing instances of last class: 267
Epoch: 056, Runtime 0.251587, Loss 0.311793, forward nfe 0, backward nfe 0, Train: 0.9714, Val: 0.8963, Test: 0.8923, Best time: 3.5824
After OOD adjustment: Training instances of last class: 0
After OOD adjustment: Testing instances of last class: 267
Epoch: 057, Runtime 0.260661, Loss 0.305654, forward nfe 0, backward nfe 0, Train: 0.9714, Val: 0.8963, Test: 0.8923, Best time: 3.5824
After OOD adjustment: Training instances of last class: 0
After OOD adjustment: Testing instances of last class: 267
Epoch: 058, Runtime 0.258029, Loss 0.299716, forward nfe 0, backward nfe 0, Train: 0.9714, Val: 0.8963, Test: 0.8923, Best time: 3.5824
After OOD adjustment: Training instances of last class: 0
After OOD adjustment: Testing instances of last class: 267
Epoch: 059, Runtime 0.249279, Loss 0.293952, forward nfe 0, backward nfe 0, Train: 0.9714, Val: 0.8963, Test: 0.8923, Best time: 3.5824
After OOD adjustment: Training instances of last class: 0
After OOD adjustment: Testing instances of last class: 267
Epoch: 060, Runtime 0.257193, Loss 0.288357, forward nfe 0, backward nfe 0, Train: 0.9714, Val: 0.8963, Test: 0.8923, Best time: 3.5824
After OOD adjustment: Training instances of last class: 0
After OOD adjustment: Testing instances of last class: 267
Epoch: 061, Runtime 0.257736, Loss 0.282930, forward nfe 0, backward nfe 0, Train: 0.9714, Val: 0.8963, Test: 0.8923, Best time: 3.5824
After OOD adjustment: Training instances of last class: 0
After OOD adjustment: Testing instances of last class: 267
Epoch: 062, Runtime 0.261854, Loss 0.277673, forward nfe 0, backward nfe 0, Train: 0.9714, Val: 0.8963, Test: 0.8923, Best time: 3.5824
After OOD adjustment: Training instances of last class: 0
After OOD adjustment: Testing instances of last class: 267
Epoch: 063, Runtime 0.257606, Loss 0.272591, forward nfe 0, backward nfe 0, Train: 0.9714, Val: 0.8963, Test: 0.8923, Best time: 3.5824
After OOD adjustment: Training instances of last class: 0
After OOD adjustment: Testing instances of last class: 267
Epoch: 064, Runtime 0.254201, Loss 0.267686, forward nfe 0, backward nfe 0, Train: 0.9714, Val: 0.8963, Test: 0.8923, Best time: 3.5824
After OOD adjustment: Training instances of last class: 0
After OOD adjustment: Testing instances of last class: 267
Epoch: 065, Runtime 0.256841, Loss 0.262948, forward nfe 0, backward nfe 0, Train: 0.9714, Val: 0.8963, Test: 0.8923, Best time: 3.5824
After OOD adjustment: Training instances of last class: 0
After OOD adjustment: Testing instances of last class: 267
Epoch: 066, Runtime 0.255021, Loss 0.258362, forward nfe 0, backward nfe 0, Train: 0.9714, Val: 0.8963, Test: 0.8923, Best time: 3.5824
After OOD adjustment: Training instances of last class: 0
After OOD adjustment: Testing instances of last class: 267
Epoch: 067, Runtime 0.261688, Loss 0.253915, forward nfe 0, backward nfe 0, Train: 0.9714, Val: 0.8963, Test: 0.8923, Best time: 3.5824
After OOD adjustment: Training instances of last class: 0
After OOD adjustment: Testing instances of last class: 267
Epoch: 068, Runtime 0.257712, Loss 0.249598, forward nfe 0, backward nfe 0, Train: 0.9714, Val: 0.8963, Test: 0.8923, Best time: 3.5824
After OOD adjustment: Training instances of last class: 0
After OOD adjustment: Testing instances of last class: 267
Epoch: 069, Runtime 0.256766, Loss 0.245402, forward nfe 0, backward nfe 0, Train: 0.9714, Val: 0.8963, Test: 0.8923, Best time: 3.5824
After OOD adjustment: Training instances of last class: 0
After OOD adjustment: Testing instances of last class: 267
Epoch: 070, Runtime 0.254271, Loss 0.241323, forward nfe 0, backward nfe 0, Train: 0.9714, Val: 0.8963, Test: 0.8923, Best time: 3.5824
After OOD adjustment: Training instances of last class: 0
After OOD adjustment: Testing instances of last class: 267
Epoch: 071, Runtime 0.255340, Loss 0.237363, forward nfe 0, backward nfe 0, Train: 0.9714, Val: 0.8963, Test: 0.8923, Best time: 3.5824
After OOD adjustment: Training instances of last class: 0
After OOD adjustment: Testing instances of last class: 267
Epoch: 072, Runtime 0.257469, Loss 0.233522, forward nfe 0, backward nfe 0, Train: 0.9714, Val: 0.8963, Test: 0.8923, Best time: 3.5824
After OOD adjustment: Training instances of last class: 0
After OOD adjustment: Testing instances of last class: 267
Epoch: 073, Runtime 0.248821, Loss 0.229795, forward nfe 0, backward nfe 0, Train: 0.9714, Val: 0.8963, Test: 0.8923, Best time: 3.5824
After OOD adjustment: Training instances of last class: 0
After OOD adjustment: Testing instances of last class: 267
Epoch: 074, Runtime 0.256104, Loss 0.226177, forward nfe 0, backward nfe 0, Train: 0.9714, Val: 0.8963, Test: 0.8923, Best time: 3.5824
After OOD adjustment: Training instances of last class: 0
After OOD adjustment: Testing instances of last class: 267
Epoch: 075, Runtime 0.248602, Loss 0.222661, forward nfe 0, backward nfe 0, Train: 0.9714, Val: 0.8963, Test: 0.8923, Best time: 3.5824
After OOD adjustment: Training instances of last class: 0
After OOD adjustment: Testing instances of last class: 267
Epoch: 076, Runtime 0.248180, Loss 0.219243, forward nfe 0, backward nfe 0, Train: 0.9714, Val: 0.8963, Test: 0.8923, Best time: 3.5824
After OOD adjustment: Training instances of last class: 0
After OOD adjustment: Testing instances of last class: 267
Epoch: 077, Runtime 0.247498, Loss 0.215916, forward nfe 0, backward nfe 0, Train: 0.9714, Val: 0.8963, Test: 0.8923, Best time: 3.5824
After OOD adjustment: Training instances of last class: 0
After OOD adjustment: Testing instances of last class: 267
Epoch: 078, Runtime 0.253066, Loss 0.212678, forward nfe 0, backward nfe 0, Train: 0.9714, Val: 0.8963, Test: 0.8923, Best time: 3.5824
After OOD adjustment: Training instances of last class: 0
After OOD adjustment: Testing instances of last class: 267
Epoch: 079, Runtime 0.255134, Loss 0.209528, forward nfe 0, backward nfe 0, Train: 0.9714, Val: 0.8963, Test: 0.8923, Best time: 3.5824
After OOD adjustment: Training instances of last class: 0
After OOD adjustment: Testing instances of last class: 267
Epoch: 080, Runtime 0.254097, Loss 0.206461, forward nfe 0, backward nfe 0, Train: 0.9714, Val: 0.8963, Test: 0.8923, Best time: 3.5824
After OOD adjustment: Training instances of last class: 0
After OOD adjustment: Testing instances of last class: 267
Epoch: 081, Runtime 0.260459, Loss 0.203475, forward nfe 0, backward nfe 0, Train: 0.9714, Val: 0.8963, Test: 0.8923, Best time: 3.5824
After OOD adjustment: Training instances of last class: 0
After OOD adjustment: Testing instances of last class: 267
Epoch: 082, Runtime 0.258367, Loss 0.200565, forward nfe 0, backward nfe 0, Train: 0.9714, Val: 0.8963, Test: 0.8923, Best time: 3.5824
After OOD adjustment: Training instances of last class: 0
After OOD adjustment: Testing instances of last class: 267
Epoch: 083, Runtime 0.376826, Loss 0.197731, forward nfe 0, backward nfe 0, Train: 0.9857, Val: 0.8970, Test: 0.8964, Best time: 3.5824
After OOD adjustment: Training instances of last class: 0
After OOD adjustment: Testing instances of last class: 267
Epoch: 084, Runtime 0.251722, Loss 0.194968, forward nfe 0, backward nfe 0, Train: 0.9857, Val: 0.8970, Test: 0.8964, Best time: 3.5824
After OOD adjustment: Training instances of last class: 0
After OOD adjustment: Testing instances of last class: 267
Epoch: 085, Runtime 0.256040, Loss 0.192274, forward nfe 0, backward nfe 0, Train: 0.9857, Val: 0.8970, Test: 0.8964, Best time: 3.5824
After OOD adjustment: Training instances of last class: 0
After OOD adjustment: Testing instances of last class: 267
Epoch: 086, Runtime 0.256207, Loss 0.189648, forward nfe 0, backward nfe 0, Train: 0.9857, Val: 0.8970, Test: 0.8964, Best time: 3.5824
After OOD adjustment: Training instances of last class: 0
After OOD adjustment: Testing instances of last class: 267
Epoch: 087, Runtime 0.264528, Loss 0.187087, forward nfe 0, backward nfe 0, Train: 0.9857, Val: 0.8970, Test: 0.8964, Best time: 3.5824
After OOD adjustment: Training instances of last class: 0
After OOD adjustment: Testing instances of last class: 267
Epoch: 088, Runtime 0.263774, Loss 0.184589, forward nfe 0, backward nfe 0, Train: 0.9857, Val: 0.8970, Test: 0.8964, Best time: 3.5824
After OOD adjustment: Training instances of last class: 0
After OOD adjustment: Testing instances of last class: 267
Epoch: 089, Runtime 0.255634, Loss 0.182151, forward nfe 0, backward nfe 0, Train: 0.9857, Val: 0.8970, Test: 0.8964, Best time: 3.5824
After OOD adjustment: Training instances of last class: 0
After OOD adjustment: Testing instances of last class: 267
Epoch: 090, Runtime 0.252445, Loss 0.179770, forward nfe 0, backward nfe 0, Train: 0.9857, Val: 0.8970, Test: 0.8964, Best time: 3.5824
After OOD adjustment: Training instances of last class: 0
After OOD adjustment: Testing instances of last class: 267
Epoch: 091, Runtime 0.252882, Loss 0.177444, forward nfe 0, backward nfe 0, Train: 0.9857, Val: 0.8970, Test: 0.8964, Best time: 3.5824
After OOD adjustment: Training instances of last class: 0
After OOD adjustment: Testing instances of last class: 267
Epoch: 092, Runtime 0.261544, Loss 0.175172, forward nfe 0, backward nfe 0, Train: 0.9857, Val: 0.8970, Test: 0.8964, Best time: 3.5824
After OOD adjustment: Training instances of last class: 0
After OOD adjustment: Testing instances of last class: 267
Epoch: 093, Runtime 0.262157, Loss 0.172952, forward nfe 0, backward nfe 0, Train: 0.9857, Val: 0.8970, Test: 0.8964, Best time: 3.5824
After OOD adjustment: Training instances of last class: 0
After OOD adjustment: Testing instances of last class: 267
Epoch: 094, Runtime 0.257397, Loss 0.170783, forward nfe 0, backward nfe 0, Train: 0.9857, Val: 0.8970, Test: 0.8964, Best time: 3.5824
After OOD adjustment: Training instances of last class: 0
After OOD adjustment: Testing instances of last class: 267
Epoch: 095, Runtime 0.255359, Loss 0.168663, forward nfe 0, backward nfe 0, Train: 0.9857, Val: 0.8970, Test: 0.8964, Best time: 3.5824
After OOD adjustment: Training instances of last class: 0
After OOD adjustment: Testing instances of last class: 267
Epoch: 096, Runtime 0.255892, Loss 0.166590, forward nfe 0, backward nfe 0, Train: 0.9857, Val: 0.8970, Test: 0.8964, Best time: 3.5824
After OOD adjustment: Training instances of last class: 0
After OOD adjustment: Testing instances of last class: 267
Epoch: 097, Runtime 0.405043, Loss 0.164564, forward nfe 0, backward nfe 0, Train: 0.9857, Val: 0.8978, Test: 0.8974, Best time: 3.5824
After OOD adjustment: Training instances of last class: 0
After OOD adjustment: Testing instances of last class: 267
Epoch: 098, Runtime 0.258451, Loss 0.162581, forward nfe 0, backward nfe 0, Train: 0.9857, Val: 0.8978, Test: 0.8974, Best time: 3.5824
After OOD adjustment: Training instances of last class: 0
After OOD adjustment: Testing instances of last class: 267
Epoch: 099, Runtime 0.255907, Loss 0.160641, forward nfe 0, backward nfe 0, Train: 0.9857, Val: 0.8978, Test: 0.8974, Best time: 3.5824
best val accuracy 0.897761 with test accuracy 0.897444 at epoch 97 and best time 3.582403
base_directory resutls_prob/OOD_Photo
new_name:  gnn_ODD
file_path 1 resutls_prob/OOD_Photo/gnn_ODD_prediction_probabilities_83.npz
file_path 2 resutls_prob/OOD_Photo/gnn_ODD_prediction_probabilities_83.npz
Entropy Threshold: inf Test accuracy: 0.8974444630031736
Entropy Threshold: 2 Test accuracy: 0.8974444630031736
Entropy Threshold: 1.6 Test accuracy: 0.9104964782683388
Entropy Threshold: 1.5 Test accuracy: 0.9177793394237527
Entropy Threshold: 1.4 Test accuracy: 0.925672018762403
Entropy Threshold: 1.3 Test accuracy: 0.9325821943110454
Entropy Threshold: 1.2 Test accuracy: 0.9420539300057372
Entropy Threshold: 1.1 Test accuracy: 0.9505703422053232
Entropy Threshold: 0.9 Test accuracy: 0.9616063548102383
Entropy Threshold: 0.8 Test accuracy: 0.9652842497670084
Entropy Threshold: 0.7 Test accuracy: 0.9722707969023232
Entropy Threshold: 0.6 Test accuracy: 0.9748240389821332
Entropy Threshold: 0.5 Test accuracy: 0.9805097451274363
Entropy Threshold: 0.4 Test accuracy: 0.9840244731475187
Entropy Threshold: 0.3 Test accuracy: 0.9856172592888534
Entropy Threshold: 0.2 Test accuracy: 0.9867075664621677
Entropy Threshold: 0.1 Test accuracy: 0.9928057553956835
