[KeOps] Warning : cuda was detected, but driver API could not be initialized. Switching to cpu only.
Folder already exists: results/citeseer
experiment: 0
Dataset size (num_nodes): 2120, Intended development set size (num_development): 1500
Dataset size (num_nodes): 2120, Actual development set size (num_development): 1500
rations: train 120, val 1380, test 620
Before OOD adjustment: Total instances of last class: 304
Before OOD adjustment: Training instances of last class: 20
Before OOD adjustment: Testing instances of last class: 93
Before OOD adjustment: Val instances of last class: 191
total train + val+ test 304
After OOD adjustment: Training instances of last class: 0
After OOD adjustment: Testing instances of last class: 93
Total number of classes: 6
number of classes to train: 5
Dataset size (num_nodes): 2120, Intended development set size (num_development): 1500
Dataset size (num_nodes): 2120, Actual development set size (num_development): 1500
rations: train 120, val 1380, test 620
within set_train_val_test_split function!
Before OOD adjustment: Total instances of last class: 304
Before OOD adjustment: Training instances of last class: 20
Before OOD adjustment: Testing instances of last class: 83
Before OOD adjustment: Val instances of last class: 201
total train + val+ test 304
After OOD adjustment: Training instances of last class: 0
After OOD adjustment: Testing instances of last class: 83
BayesianGCN(
  (bayes_conv1): BayesianGCNConv(3703, 64)
  (bayes_conv3): BayesianGCNConv(64, 5)
)
bayes_conv1.mu_weight
torch.Size([64, 3703])
bayes_conv1.rho_weight
torch.Size([64, 3703])
bayes_conv1.mu_bias
torch.Size([64])
bayes_conv1.rho_bias
torch.Size([64])
bayes_conv3.mu_weight
torch.Size([5, 64])
bayes_conv3.rho_weight
torch.Size([5, 64])
bayes_conv3.mu_bias
torch.Size([5])
bayes_conv3.rho_bias
torch.Size([5])
After OOD adjustment: Training instances of last class: 0
After OOD adjustment: Testing instances of last class: 83
Epoch: 001, Runtime 0.063465, Loss 1.786553, forward nfe 0, backward nfe 0, Train: 0.1800, Val: 0.1486, Test: 0.1210, Best time: 7.8741
After OOD adjustment: Training instances of last class: 0
After OOD adjustment: Testing instances of last class: 83
Epoch: 002, Runtime 0.220923, Loss 1.740229, forward nfe 0, backward nfe 0, Train: 0.1900, Val: 0.1768, Test: 0.2000, Best time: 7.8741
After OOD adjustment: Training instances of last class: 0
After OOD adjustment: Testing instances of last class: 83
Epoch: 003, Runtime 0.047400, Loss 1.665036, forward nfe 0, backward nfe 0, Train: 0.1900, Val: 0.1768, Test: 0.2000, Best time: 7.8741
After OOD adjustment: Training instances of last class: 0
After OOD adjustment: Testing instances of last class: 83
Epoch: 004, Runtime 0.054081, Loss 1.622098, forward nfe 0, backward nfe 0, Train: 0.1900, Val: 0.1768, Test: 0.2000, Best time: 7.8741
After OOD adjustment: Training instances of last class: 0
After OOD adjustment: Testing instances of last class: 83
Epoch: 005, Runtime 0.055299, Loss 1.623421, forward nfe 0, backward nfe 0, Train: 0.1900, Val: 0.1768, Test: 0.2000, Best time: 7.8741
After OOD adjustment: Training instances of last class: 0
After OOD adjustment: Testing instances of last class: 83
Epoch: 006, Runtime 0.201819, Loss 1.550278, forward nfe 0, backward nfe 0, Train: 0.2100, Val: 0.1797, Test: 0.2065, Best time: 7.8741
After OOD adjustment: Training instances of last class: 0
After OOD adjustment: Testing instances of last class: 83
Epoch: 007, Runtime 0.053691, Loss 1.524691, forward nfe 0, backward nfe 0, Train: 0.2100, Val: 0.1797, Test: 0.2065, Best time: 7.8741
After OOD adjustment: Training instances of last class: 0
After OOD adjustment: Testing instances of last class: 83
Epoch: 008, Runtime 0.212601, Loss 1.512298, forward nfe 0, backward nfe 0, Train: 0.2900, Val: 0.2014, Test: 0.2113, Best time: 7.8741
After OOD adjustment: Training instances of last class: 0
After OOD adjustment: Testing instances of last class: 83
Epoch: 009, Runtime 0.206684, Loss 1.483886, forward nfe 0, backward nfe 0, Train: 0.3800, Val: 0.2551, Test: 0.2903, Best time: 7.8741
After OOD adjustment: Training instances of last class: 0
After OOD adjustment: Testing instances of last class: 83
Epoch: 010, Runtime 0.055158, Loss 1.477142, forward nfe 0, backward nfe 0, Train: 0.3800, Val: 0.2551, Test: 0.2903, Best time: 7.8741
After OOD adjustment: Training instances of last class: 0
After OOD adjustment: Testing instances of last class: 83
Epoch: 011, Runtime 0.211346, Loss 1.461982, forward nfe 0, backward nfe 0, Train: 0.3400, Val: 0.2812, Test: 0.2645, Best time: 7.8741
After OOD adjustment: Training instances of last class: 0
After OOD adjustment: Testing instances of last class: 83
Epoch: 012, Runtime 0.048912, Loss 1.398586, forward nfe 0, backward nfe 0, Train: 0.3400, Val: 0.2812, Test: 0.2645, Best time: 7.8741
After OOD adjustment: Training instances of last class: 0
After OOD adjustment: Testing instances of last class: 83
Epoch: 013, Runtime 0.205164, Loss 1.387455, forward nfe 0, backward nfe 0, Train: 0.8100, Val: 0.4819, Test: 0.5194, Best time: 7.8741
After OOD adjustment: Training instances of last class: 0
After OOD adjustment: Testing instances of last class: 83
Epoch: 014, Runtime 0.052894, Loss 1.413678, forward nfe 0, backward nfe 0, Train: 0.8100, Val: 0.4819, Test: 0.5194, Best time: 7.8741
After OOD adjustment: Training instances of last class: 0
After OOD adjustment: Testing instances of last class: 83
Epoch: 015, Runtime 0.050817, Loss 1.315796, forward nfe 0, backward nfe 0, Train: 0.8100, Val: 0.4819, Test: 0.5194, Best time: 7.8741
After OOD adjustment: Training instances of last class: 0
After OOD adjustment: Testing instances of last class: 83
Epoch: 016, Runtime 0.214031, Loss 1.298745, forward nfe 0, backward nfe 0, Train: 0.7400, Val: 0.5283, Test: 0.5355, Best time: 7.8741
After OOD adjustment: Training instances of last class: 0
After OOD adjustment: Testing instances of last class: 83
Epoch: 017, Runtime 0.050523, Loss 1.278071, forward nfe 0, backward nfe 0, Train: 0.7400, Val: 0.5283, Test: 0.5355, Best time: 7.8741
After OOD adjustment: Training instances of last class: 0
After OOD adjustment: Testing instances of last class: 83
Epoch: 018, Runtime 0.048223, Loss 1.264650, forward nfe 0, backward nfe 0, Train: 0.7400, Val: 0.5283, Test: 0.5355, Best time: 7.8741
After OOD adjustment: Training instances of last class: 0
After OOD adjustment: Testing instances of last class: 83
Epoch: 019, Runtime 0.048078, Loss 1.289861, forward nfe 0, backward nfe 0, Train: 0.7400, Val: 0.5283, Test: 0.5355, Best time: 7.8741
After OOD adjustment: Training instances of last class: 0
After OOD adjustment: Testing instances of last class: 83
Epoch: 020, Runtime 0.047900, Loss 1.238014, forward nfe 0, backward nfe 0, Train: 0.7400, Val: 0.5283, Test: 0.5355, Best time: 7.8741
After OOD adjustment: Training instances of last class: 0
After OOD adjustment: Testing instances of last class: 83
Epoch: 021, Runtime 0.047394, Loss 1.180894, forward nfe 0, backward nfe 0, Train: 0.7400, Val: 0.5283, Test: 0.5355, Best time: 7.8741
After OOD adjustment: Training instances of last class: 0
After OOD adjustment: Testing instances of last class: 83
Epoch: 022, Runtime 0.050601, Loss 1.168001, forward nfe 0, backward nfe 0, Train: 0.7400, Val: 0.5283, Test: 0.5355, Best time: 7.8741
After OOD adjustment: Training instances of last class: 0
After OOD adjustment: Testing instances of last class: 83
Epoch: 023, Runtime 0.051595, Loss 1.177893, forward nfe 0, backward nfe 0, Train: 0.7400, Val: 0.5283, Test: 0.5355, Best time: 7.8741
After OOD adjustment: Training instances of last class: 0
After OOD adjustment: Testing instances of last class: 83
Epoch: 024, Runtime 0.049935, Loss 1.198780, forward nfe 0, backward nfe 0, Train: 0.7400, Val: 0.5283, Test: 0.5355, Best time: 7.8741
After OOD adjustment: Training instances of last class: 0
After OOD adjustment: Testing instances of last class: 83
Epoch: 025, Runtime 0.048241, Loss 1.134508, forward nfe 0, backward nfe 0, Train: 0.7400, Val: 0.5283, Test: 0.5355, Best time: 7.8741
After OOD adjustment: Training instances of last class: 0
After OOD adjustment: Testing instances of last class: 83
Epoch: 026, Runtime 0.046036, Loss 1.088299, forward nfe 0, backward nfe 0, Train: 0.7400, Val: 0.5283, Test: 0.5355, Best time: 7.8741
After OOD adjustment: Training instances of last class: 0
After OOD adjustment: Testing instances of last class: 83
Epoch: 027, Runtime 0.046187, Loss 1.107887, forward nfe 0, backward nfe 0, Train: 0.7400, Val: 0.5283, Test: 0.5355, Best time: 7.8741
After OOD adjustment: Training instances of last class: 0
After OOD adjustment: Testing instances of last class: 83
Epoch: 028, Runtime 0.047080, Loss 1.092925, forward nfe 0, backward nfe 0, Train: 0.7400, Val: 0.5283, Test: 0.5355, Best time: 7.8741
After OOD adjustment: Training instances of last class: 0
After OOD adjustment: Testing instances of last class: 83
Epoch: 029, Runtime 0.049622, Loss 1.073157, forward nfe 0, backward nfe 0, Train: 0.7400, Val: 0.5283, Test: 0.5355, Best time: 7.8741
After OOD adjustment: Training instances of last class: 0
After OOD adjustment: Testing instances of last class: 83
Epoch: 030, Runtime 0.052145, Loss 0.996964, forward nfe 0, backward nfe 0, Train: 0.7400, Val: 0.5283, Test: 0.5355, Best time: 7.8741
After OOD adjustment: Training instances of last class: 0
After OOD adjustment: Testing instances of last class: 83
Epoch: 031, Runtime 0.049343, Loss 0.995701, forward nfe 0, backward nfe 0, Train: 0.7400, Val: 0.5283, Test: 0.5355, Best time: 7.8741
After OOD adjustment: Training instances of last class: 0
After OOD adjustment: Testing instances of last class: 83
Epoch: 032, Runtime 0.049076, Loss 1.009836, forward nfe 0, backward nfe 0, Train: 0.7400, Val: 0.5283, Test: 0.5355, Best time: 7.8741
After OOD adjustment: Training instances of last class: 0
After OOD adjustment: Testing instances of last class: 83
Epoch: 033, Runtime 0.050876, Loss 0.967521, forward nfe 0, backward nfe 0, Train: 0.7400, Val: 0.5283, Test: 0.5355, Best time: 7.8741
After OOD adjustment: Training instances of last class: 0
After OOD adjustment: Testing instances of last class: 83
Epoch: 034, Runtime 0.210310, Loss 0.965520, forward nfe 0, backward nfe 0, Train: 0.9500, Val: 0.5681, Test: 0.5774, Best time: 7.8741
After OOD adjustment: Training instances of last class: 0
After OOD adjustment: Testing instances of last class: 83
Epoch: 035, Runtime 0.218111, Loss 0.876415, forward nfe 0, backward nfe 0, Train: 0.9600, Val: 0.5761, Test: 0.5823, Best time: 7.8741
After OOD adjustment: Training instances of last class: 0
After OOD adjustment: Testing instances of last class: 83
Epoch: 036, Runtime 0.048895, Loss 0.922441, forward nfe 0, backward nfe 0, Train: 0.9600, Val: 0.5761, Test: 0.5823, Best time: 7.8741
After OOD adjustment: Training instances of last class: 0
After OOD adjustment: Testing instances of last class: 83
Epoch: 037, Runtime 0.045816, Loss 0.834448, forward nfe 0, backward nfe 0, Train: 0.9600, Val: 0.5761, Test: 0.5823, Best time: 7.8741
After OOD adjustment: Training instances of last class: 0
After OOD adjustment: Testing instances of last class: 83
Epoch: 038, Runtime 0.045059, Loss 0.869110, forward nfe 0, backward nfe 0, Train: 0.9600, Val: 0.5761, Test: 0.5823, Best time: 7.8741
After OOD adjustment: Training instances of last class: 0
After OOD adjustment: Testing instances of last class: 83
Epoch: 039, Runtime 0.047680, Loss 0.835514, forward nfe 0, backward nfe 0, Train: 0.9600, Val: 0.5761, Test: 0.5823, Best time: 7.8741
After OOD adjustment: Training instances of last class: 0
After OOD adjustment: Testing instances of last class: 83
Epoch: 040, Runtime 0.048843, Loss 0.809455, forward nfe 0, backward nfe 0, Train: 0.9600, Val: 0.5761, Test: 0.5823, Best time: 7.8741
After OOD adjustment: Training instances of last class: 0
After OOD adjustment: Testing instances of last class: 83
Epoch: 041, Runtime 0.049176, Loss 0.830627, forward nfe 0, backward nfe 0, Train: 0.9600, Val: 0.5761, Test: 0.5823, Best time: 7.8741
After OOD adjustment: Training instances of last class: 0
After OOD adjustment: Testing instances of last class: 83
Epoch: 042, Runtime 0.049033, Loss 0.772017, forward nfe 0, backward nfe 0, Train: 0.9600, Val: 0.5761, Test: 0.5823, Best time: 7.8741
After OOD adjustment: Training instances of last class: 0
After OOD adjustment: Testing instances of last class: 83
Epoch: 043, Runtime 0.209328, Loss 0.779889, forward nfe 0, backward nfe 0, Train: 0.9400, Val: 0.5819, Test: 0.5790, Best time: 7.8741
After OOD adjustment: Training instances of last class: 0
After OOD adjustment: Testing instances of last class: 83
Epoch: 044, Runtime 0.056223, Loss 0.699852, forward nfe 0, backward nfe 0, Train: 0.9400, Val: 0.5819, Test: 0.5790, Best time: 7.8741
After OOD adjustment: Training instances of last class: 0
After OOD adjustment: Testing instances of last class: 83
Epoch: 045, Runtime 0.054307, Loss 0.677985, forward nfe 0, backward nfe 0, Train: 0.9400, Val: 0.5819, Test: 0.5790, Best time: 7.8741
After OOD adjustment: Training instances of last class: 0
After OOD adjustment: Testing instances of last class: 83
Epoch: 046, Runtime 0.055495, Loss 0.691603, forward nfe 0, backward nfe 0, Train: 0.9400, Val: 0.5819, Test: 0.5790, Best time: 7.8741
After OOD adjustment: Training instances of last class: 0
After OOD adjustment: Testing instances of last class: 83
Epoch: 047, Runtime 0.055518, Loss 0.700431, forward nfe 0, backward nfe 0, Train: 0.9400, Val: 0.5819, Test: 0.5790, Best time: 7.8741
After OOD adjustment: Training instances of last class: 0
After OOD adjustment: Testing instances of last class: 83
Epoch: 048, Runtime 0.054800, Loss 0.654006, forward nfe 0, backward nfe 0, Train: 0.9400, Val: 0.5819, Test: 0.5790, Best time: 7.8741
After OOD adjustment: Training instances of last class: 0
After OOD adjustment: Testing instances of last class: 83
Epoch: 049, Runtime 0.054963, Loss 0.611675, forward nfe 0, backward nfe 0, Train: 0.9400, Val: 0.5819, Test: 0.5790, Best time: 7.8741
After OOD adjustment: Training instances of last class: 0
After OOD adjustment: Testing instances of last class: 83
Epoch: 050, Runtime 0.053999, Loss 0.621019, forward nfe 0, backward nfe 0, Train: 0.9400, Val: 0.5819, Test: 0.5790, Best time: 7.8741
After OOD adjustment: Training instances of last class: 0
After OOD adjustment: Testing instances of last class: 83
Epoch: 051, Runtime 0.055357, Loss 0.574709, forward nfe 0, backward nfe 0, Train: 0.9400, Val: 0.5819, Test: 0.5790, Best time: 7.8741
After OOD adjustment: Training instances of last class: 0
After OOD adjustment: Testing instances of last class: 83
Epoch: 052, Runtime 0.055440, Loss 0.620373, forward nfe 0, backward nfe 0, Train: 0.9400, Val: 0.5819, Test: 0.5790, Best time: 7.8741
After OOD adjustment: Training instances of last class: 0
After OOD adjustment: Testing instances of last class: 83
Epoch: 053, Runtime 0.055995, Loss 0.630267, forward nfe 0, backward nfe 0, Train: 0.9400, Val: 0.5819, Test: 0.5790, Best time: 7.8741
After OOD adjustment: Training instances of last class: 0
After OOD adjustment: Testing instances of last class: 83
Epoch: 054, Runtime 0.215134, Loss 0.532531, forward nfe 0, backward nfe 0, Train: 0.9800, Val: 0.5833, Test: 0.5919, Best time: 7.8741
After OOD adjustment: Training instances of last class: 0
After OOD adjustment: Testing instances of last class: 83
Epoch: 055, Runtime 0.054976, Loss 0.535077, forward nfe 0, backward nfe 0, Train: 0.9800, Val: 0.5833, Test: 0.5919, Best time: 7.8741
After OOD adjustment: Training instances of last class: 0
After OOD adjustment: Testing instances of last class: 83
Epoch: 056, Runtime 0.051816, Loss 0.503090, forward nfe 0, backward nfe 0, Train: 0.9800, Val: 0.5833, Test: 0.5919, Best time: 7.8741
After OOD adjustment: Training instances of last class: 0
After OOD adjustment: Testing instances of last class: 83
Epoch: 057, Runtime 0.051767, Loss 0.470506, forward nfe 0, backward nfe 0, Train: 0.9800, Val: 0.5833, Test: 0.5919, Best time: 7.8741
After OOD adjustment: Training instances of last class: 0
After OOD adjustment: Testing instances of last class: 83
Epoch: 058, Runtime 0.053718, Loss 0.483548, forward nfe 0, backward nfe 0, Train: 0.9800, Val: 0.5833, Test: 0.5919, Best time: 7.8741
After OOD adjustment: Training instances of last class: 0
After OOD adjustment: Testing instances of last class: 83
Epoch: 059, Runtime 0.054338, Loss 0.532432, forward nfe 0, backward nfe 0, Train: 0.9800, Val: 0.5833, Test: 0.5919, Best time: 7.8741
After OOD adjustment: Training instances of last class: 0
After OOD adjustment: Testing instances of last class: 83
Epoch: 060, Runtime 0.054338, Loss 0.574466, forward nfe 0, backward nfe 0, Train: 0.9800, Val: 0.5833, Test: 0.5919, Best time: 7.8741
After OOD adjustment: Training instances of last class: 0
After OOD adjustment: Testing instances of last class: 83
Epoch: 061, Runtime 0.054850, Loss 0.484120, forward nfe 0, backward nfe 0, Train: 0.9800, Val: 0.5833, Test: 0.5919, Best time: 7.8741
After OOD adjustment: Training instances of last class: 0
After OOD adjustment: Testing instances of last class: 83
Epoch: 062, Runtime 0.055034, Loss 0.425851, forward nfe 0, backward nfe 0, Train: 0.9800, Val: 0.5833, Test: 0.5919, Best time: 7.8741
After OOD adjustment: Training instances of last class: 0
After OOD adjustment: Testing instances of last class: 83
Epoch: 063, Runtime 0.053734, Loss 0.395405, forward nfe 0, backward nfe 0, Train: 0.9800, Val: 0.5833, Test: 0.5919, Best time: 7.8741
After OOD adjustment: Training instances of last class: 0
After OOD adjustment: Testing instances of last class: 83
Epoch: 064, Runtime 0.054975, Loss 0.405118, forward nfe 0, backward nfe 0, Train: 0.9800, Val: 0.5833, Test: 0.5919, Best time: 7.8741
After OOD adjustment: Training instances of last class: 0
After OOD adjustment: Testing instances of last class: 83
Epoch: 065, Runtime 0.213229, Loss 0.389201, forward nfe 0, backward nfe 0, Train: 0.9800, Val: 0.6225, Test: 0.6161, Best time: 7.8741
After OOD adjustment: Training instances of last class: 0
After OOD adjustment: Testing instances of last class: 83
Epoch: 066, Runtime 0.054494, Loss 0.413525, forward nfe 0, backward nfe 0, Train: 0.9800, Val: 0.6225, Test: 0.6161, Best time: 7.8741
After OOD adjustment: Training instances of last class: 0
After OOD adjustment: Testing instances of last class: 83
Epoch: 067, Runtime 0.054607, Loss 0.364252, forward nfe 0, backward nfe 0, Train: 0.9800, Val: 0.6225, Test: 0.6161, Best time: 7.8741
After OOD adjustment: Training instances of last class: 0
After OOD adjustment: Testing instances of last class: 83
Epoch: 068, Runtime 0.053993, Loss 0.343543, forward nfe 0, backward nfe 0, Train: 0.9800, Val: 0.6225, Test: 0.6161, Best time: 7.8741
After OOD adjustment: Training instances of last class: 0
After OOD adjustment: Testing instances of last class: 83
Epoch: 069, Runtime 0.051973, Loss 0.347358, forward nfe 0, backward nfe 0, Train: 0.9800, Val: 0.6225, Test: 0.6161, Best time: 7.8741
After OOD adjustment: Training instances of last class: 0
After OOD adjustment: Testing instances of last class: 83
Epoch: 070, Runtime 0.049862, Loss 0.388249, forward nfe 0, backward nfe 0, Train: 0.9800, Val: 0.6225, Test: 0.6161, Best time: 7.8741
After OOD adjustment: Training instances of last class: 0
After OOD adjustment: Testing instances of last class: 83
Epoch: 071, Runtime 0.053293, Loss 0.308462, forward nfe 0, backward nfe 0, Train: 0.9800, Val: 0.6225, Test: 0.6161, Best time: 7.8741
After OOD adjustment: Training instances of last class: 0
After OOD adjustment: Testing instances of last class: 83
Epoch: 072, Runtime 0.052271, Loss 0.332382, forward nfe 0, backward nfe 0, Train: 0.9800, Val: 0.6225, Test: 0.6161, Best time: 7.8741
After OOD adjustment: Training instances of last class: 0
After OOD adjustment: Testing instances of last class: 83
Epoch: 073, Runtime 0.054715, Loss 0.301701, forward nfe 0, backward nfe 0, Train: 0.9800, Val: 0.6225, Test: 0.6161, Best time: 7.8741
After OOD adjustment: Training instances of last class: 0
After OOD adjustment: Testing instances of last class: 83
Epoch: 074, Runtime 0.054496, Loss 0.314060, forward nfe 0, backward nfe 0, Train: 0.9800, Val: 0.6225, Test: 0.6161, Best time: 7.8741
After OOD adjustment: Training instances of last class: 0
After OOD adjustment: Testing instances of last class: 83
Epoch: 075, Runtime 0.054035, Loss 0.296845, forward nfe 0, backward nfe 0, Train: 0.9800, Val: 0.6225, Test: 0.6161, Best time: 7.8741
After OOD adjustment: Training instances of last class: 0
After OOD adjustment: Testing instances of last class: 83
Epoch: 076, Runtime 0.053742, Loss 0.278654, forward nfe 0, backward nfe 0, Train: 0.9800, Val: 0.6225, Test: 0.6161, Best time: 7.8741
After OOD adjustment: Training instances of last class: 0
After OOD adjustment: Testing instances of last class: 83
Epoch: 077, Runtime 0.054528, Loss 0.317093, forward nfe 0, backward nfe 0, Train: 0.9800, Val: 0.6225, Test: 0.6161, Best time: 7.8741
After OOD adjustment: Training instances of last class: 0
After OOD adjustment: Testing instances of last class: 83
Epoch: 078, Runtime 0.054582, Loss 0.266469, forward nfe 0, backward nfe 0, Train: 0.9800, Val: 0.6225, Test: 0.6161, Best time: 7.8741
After OOD adjustment: Training instances of last class: 0
After OOD adjustment: Testing instances of last class: 83
Epoch: 079, Runtime 0.054372, Loss 0.223916, forward nfe 0, backward nfe 0, Train: 0.9800, Val: 0.6225, Test: 0.6161, Best time: 7.8741
After OOD adjustment: Training instances of last class: 0
After OOD adjustment: Testing instances of last class: 83
Epoch: 080, Runtime 0.052922, Loss 0.221903, forward nfe 0, backward nfe 0, Train: 0.9800, Val: 0.6225, Test: 0.6161, Best time: 7.8741
After OOD adjustment: Training instances of last class: 0
After OOD adjustment: Testing instances of last class: 83
Epoch: 081, Runtime 0.053666, Loss 0.265103, forward nfe 0, backward nfe 0, Train: 0.9800, Val: 0.6225, Test: 0.6161, Best time: 7.8741
After OOD adjustment: Training instances of last class: 0
After OOD adjustment: Testing instances of last class: 83
Epoch: 082, Runtime 0.054047, Loss 0.218611, forward nfe 0, backward nfe 0, Train: 0.9800, Val: 0.6225, Test: 0.6161, Best time: 7.8741
After OOD adjustment: Training instances of last class: 0
After OOD adjustment: Testing instances of last class: 83
Epoch: 083, Runtime 0.054785, Loss 0.203770, forward nfe 0, backward nfe 0, Train: 0.9800, Val: 0.6225, Test: 0.6161, Best time: 7.8741
After OOD adjustment: Training instances of last class: 0
After OOD adjustment: Testing instances of last class: 83
Epoch: 084, Runtime 0.053759, Loss 0.249689, forward nfe 0, backward nfe 0, Train: 0.9800, Val: 0.6225, Test: 0.6161, Best time: 7.8741
After OOD adjustment: Training instances of last class: 0
After OOD adjustment: Testing instances of last class: 83
Epoch: 085, Runtime 0.054638, Loss 0.200326, forward nfe 0, backward nfe 0, Train: 0.9800, Val: 0.6225, Test: 0.6161, Best time: 7.8741
After OOD adjustment: Training instances of last class: 0
After OOD adjustment: Testing instances of last class: 83
Epoch: 086, Runtime 0.051721, Loss 0.191347, forward nfe 0, backward nfe 0, Train: 0.9800, Val: 0.6225, Test: 0.6161, Best time: 7.8741
After OOD adjustment: Training instances of last class: 0
After OOD adjustment: Testing instances of last class: 83
Epoch: 087, Runtime 0.050058, Loss 0.209490, forward nfe 0, backward nfe 0, Train: 0.9800, Val: 0.6225, Test: 0.6161, Best time: 7.8741
After OOD adjustment: Training instances of last class: 0
After OOD adjustment: Testing instances of last class: 83
Epoch: 088, Runtime 0.052222, Loss 0.197355, forward nfe 0, backward nfe 0, Train: 0.9800, Val: 0.6225, Test: 0.6161, Best time: 7.8741
After OOD adjustment: Training instances of last class: 0
After OOD adjustment: Testing instances of last class: 83
Epoch: 089, Runtime 0.053957, Loss 0.185697, forward nfe 0, backward nfe 0, Train: 0.9800, Val: 0.6225, Test: 0.6161, Best time: 7.8741
After OOD adjustment: Training instances of last class: 0
After OOD adjustment: Testing instances of last class: 83
Epoch: 090, Runtime 0.053886, Loss 0.180173, forward nfe 0, backward nfe 0, Train: 0.9800, Val: 0.6225, Test: 0.6161, Best time: 7.8741
After OOD adjustment: Training instances of last class: 0
After OOD adjustment: Testing instances of last class: 83
Epoch: 091, Runtime 0.054477, Loss 0.193497, forward nfe 0, backward nfe 0, Train: 0.9800, Val: 0.6225, Test: 0.6161, Best time: 7.8741
After OOD adjustment: Training instances of last class: 0
After OOD adjustment: Testing instances of last class: 83
Epoch: 092, Runtime 0.053533, Loss 0.198219, forward nfe 0, backward nfe 0, Train: 0.9800, Val: 0.6225, Test: 0.6161, Best time: 7.8741
After OOD adjustment: Training instances of last class: 0
After OOD adjustment: Testing instances of last class: 83
Epoch: 093, Runtime 0.053153, Loss 0.200089, forward nfe 0, backward nfe 0, Train: 0.9800, Val: 0.6225, Test: 0.6161, Best time: 7.8741
After OOD adjustment: Training instances of last class: 0
After OOD adjustment: Testing instances of last class: 83
Epoch: 094, Runtime 0.054224, Loss 0.194664, forward nfe 0, backward nfe 0, Train: 0.9800, Val: 0.6225, Test: 0.6161, Best time: 7.8741
After OOD adjustment: Training instances of last class: 0
After OOD adjustment: Testing instances of last class: 83
Epoch: 095, Runtime 0.054597, Loss 0.165331, forward nfe 0, backward nfe 0, Train: 0.9800, Val: 0.6225, Test: 0.6161, Best time: 7.8741
After OOD adjustment: Training instances of last class: 0
After OOD adjustment: Testing instances of last class: 83
Epoch: 096, Runtime 0.054479, Loss 0.150748, forward nfe 0, backward nfe 0, Train: 0.9800, Val: 0.6225, Test: 0.6161, Best time: 7.8741
After OOD adjustment: Training instances of last class: 0
After OOD adjustment: Testing instances of last class: 83
Epoch: 097, Runtime 0.054326, Loss 0.173636, forward nfe 0, backward nfe 0, Train: 0.9800, Val: 0.6225, Test: 0.6161, Best time: 7.8741
After OOD adjustment: Training instances of last class: 0
After OOD adjustment: Testing instances of last class: 83
Epoch: 098, Runtime 0.054916, Loss 0.165519, forward nfe 0, backward nfe 0, Train: 0.9800, Val: 0.6225, Test: 0.6161, Best time: 7.8741
After OOD adjustment: Training instances of last class: 0
After OOD adjustment: Testing instances of last class: 83
Epoch: 099, Runtime 0.053965, Loss 0.179764, forward nfe 0, backward nfe 0, Train: 0.9800, Val: 0.6225, Test: 0.6161, Best time: 7.8741
best val accuracy 0.622464 with test accuracy 0.616129 at epoch 65 and best time 7.874113
base_directory resutls_prob/OOD_Citeseer
new_name:  bgcn_ODD
file_path 1 resutls_prob/OOD_Citeseer/bgcn_ODD_prediction_probabilities_63.npz
file_path 2 resutls_prob/OOD_Citeseer/bgcn_ODD_prediction_probabilities_63.npz
Entropy Threshold: inf Test accuracy: 0.6387096774193548
Entropy Threshold: 2 Test accuracy: 0.6209677419354839
Entropy Threshold: 1.6 Test accuracy: 0.625
Entropy Threshold: 1.5 Test accuracy: 0.7318840579710145
Entropy Threshold: 1.4 Test accuracy: 0.7829181494661922
Entropy Threshold: 1.3 Test accuracy: 0.8045454545454546
Entropy Threshold: 1.2 Test accuracy: 0.8267716535433071
Entropy Threshold: 1.1 Test accuracy: 0.8761904761904762
Entropy Threshold: 0.9 Test accuracy: 0.84
Entropy Threshold: 0.8 Test accuracy: 0.8571428571428571
Entropy Threshold: 0.7 Test accuracy: 0.9032258064516129
Entropy Threshold: 0.6 Test accuracy: 0.875
Entropy Threshold: 0.5 Test accuracy: 1.0
Entropy Threshold: 0.4 Test accuracy: 1.0
Entropy Threshold: 0.3 Test accuracy: 1.0
Entropy Threshold: 0.2 Test accuracy: None
Entropy Threshold: 0.1 Test accuracy: None
