[KeOps] Warning : cuda was detected, but driver API could not be initialized. Switching to cpu only.
Folder already exists: results/citeseer
experiment: 0
Dataset size (num_nodes): 2120, Intended development set size (num_development): 1500
Dataset size (num_nodes): 2120, Actual development set size (num_development): 1500
rations: train 120, val 1380, test 620
Before OOD adjustment: Total instances of last class: 304
Before OOD adjustment: Training instances of last class: 20
Before OOD adjustment: Testing instances of last class: 93
Before OOD adjustment: Val instances of last class: 191
total train + val+ test 304
After OOD adjustment: Training instances of last class: 0
After OOD adjustment: Testing instances of last class: 93
Total number of classes: 6
number of classes to train: 5
using file gn_sde.py
sigma 1.0
rtol 0.01
t1 0.01
Dataset size (num_nodes): 2120, Intended development set size (num_development): 1500
Dataset size (num_nodes): 2120, Actual development set size (num_development): 1500
rations: train 120, val 1380, test 620
within set_train_val_test_split function!
Before OOD adjustment: Total instances of last class: 304
Before OOD adjustment: Training instances of last class: 20
Before OOD adjustment: Testing instances of last class: 83
Before OOD adjustment: Val instances of last class: 201
total train + val+ test 304
After OOD adjustment: Training instances of last class: 0
After OOD adjustment: Testing instances of last class: 83
LatentGraphSDE(
  (net): Sequential(
    (0): MyGCN(
      (activation): Softplus(beta=1, threshold=20)
      (conv1): GCNConv(81, 80)
    )
    (1): MyGCN(
      (conv1): GCNConv(80, 80)
    )
  )
  (in_net): MyGCN(
    (conv1): GCNConv(3703, 80)
  )
  (projection_net): Sequential(
    (0): Flatten(start_dim=1, end_dim=-1)
    (1): MyGCN(
      (conv1): GCNConv(80, 5)
    )
  )
)
qy0_mean
torch.Size([1, 80])
qy0_logvar
torch.Size([1, 80])
net.0.conv1.bias
torch.Size([80])
net.0.conv1.lin.weight
torch.Size([80, 81])
net.1.conv1.bias
torch.Size([80])
net.1.conv1.lin.weight
torch.Size([80, 80])
in_net.conv1.bias
torch.Size([80])
in_net.conv1.lin.weight
torch.Size([80, 3703])
projection_net.1.conv1.bias
torch.Size([5])
projection_net.1.conv1.lin.weight
torch.Size([5, 80])
After OOD adjustment: Training instances of last class: 0
After OOD adjustment: Testing instances of last class: 83
Epoch: 001, Runtime 3.726117, Loss 1.613710, forward nfe 0, backward nfe 0, Train: 0.4000, Val: 0.2543, Test: 0.2742, Best time: 7.8741
After OOD adjustment: Training instances of last class: 0
After OOD adjustment: Testing instances of last class: 83
Epoch: 002, Runtime 3.570513, Loss 1.573944, forward nfe 0, backward nfe 0, Train: 0.6100, Val: 0.3855, Test: 0.3758, Best time: 7.8741
After OOD adjustment: Training instances of last class: 0
After OOD adjustment: Testing instances of last class: 83
Epoch: 003, Runtime 3.549748, Loss 1.501844, forward nfe 0, backward nfe 0, Train: 0.8300, Val: 0.4449, Test: 0.4790, Best time: 7.8741
After OOD adjustment: Training instances of last class: 0
After OOD adjustment: Testing instances of last class: 83
Epoch: 004, Runtime 3.567501, Loss 1.445712, forward nfe 0, backward nfe 0, Train: 0.8900, Val: 0.4855, Test: 0.4903, Best time: 7.8741
After OOD adjustment: Training instances of last class: 0
After OOD adjustment: Testing instances of last class: 83
Epoch: 005, Runtime 3.571449, Loss 1.397781, forward nfe 0, backward nfe 0, Train: 0.9100, Val: 0.5145, Test: 0.5694, Best time: 7.8741
After OOD adjustment: Training instances of last class: 0
After OOD adjustment: Testing instances of last class: 83
Epoch: 006, Runtime 3.605356, Loss 1.322368, forward nfe 0, backward nfe 0, Train: 0.9400, Val: 0.5333, Test: 0.5726, Best time: 7.8741
After OOD adjustment: Training instances of last class: 0
After OOD adjustment: Testing instances of last class: 83
Epoch: 007, Runtime 3.490587, Loss 1.256065, forward nfe 0, backward nfe 0, Train: 0.9400, Val: 0.5333, Test: 0.5726, Best time: 7.8741
After OOD adjustment: Training instances of last class: 0
After OOD adjustment: Testing instances of last class: 83
Epoch: 008, Runtime 3.656923, Loss 1.188237, forward nfe 0, backward nfe 0, Train: 0.9300, Val: 0.5442, Test: 0.5629, Best time: 7.8741
After OOD adjustment: Training instances of last class: 0
After OOD adjustment: Testing instances of last class: 83
Epoch: 009, Runtime 3.593909, Loss 1.128425, forward nfe 0, backward nfe 0, Train: 0.9600, Val: 0.5543, Test: 0.5839, Best time: 7.8741
After OOD adjustment: Training instances of last class: 0
After OOD adjustment: Testing instances of last class: 83
Epoch: 010, Runtime 3.599692, Loss 1.064116, forward nfe 0, backward nfe 0, Train: 0.9500, Val: 0.5638, Test: 0.6000, Best time: 7.8741
After OOD adjustment: Training instances of last class: 0
After OOD adjustment: Testing instances of last class: 83
Epoch: 011, Runtime 3.605134, Loss 0.996627, forward nfe 0, backward nfe 0, Train: 0.9500, Val: 0.5652, Test: 0.6032, Best time: 7.8741
After OOD adjustment: Training instances of last class: 0
After OOD adjustment: Testing instances of last class: 83
Epoch: 012, Runtime 3.618477, Loss 0.963538, forward nfe 0, backward nfe 0, Train: 0.9600, Val: 0.5674, Test: 0.6016, Best time: 7.8741
After OOD adjustment: Training instances of last class: 0
After OOD adjustment: Testing instances of last class: 83
Epoch: 013, Runtime 3.583981, Loss 0.878551, forward nfe 0, backward nfe 0, Train: 0.9800, Val: 0.5725, Test: 0.6000, Best time: 7.8741
After OOD adjustment: Training instances of last class: 0
After OOD adjustment: Testing instances of last class: 83
Epoch: 014, Runtime 3.603051, Loss 0.826649, forward nfe 0, backward nfe 0, Train: 0.9800, Val: 0.5804, Test: 0.6129, Best time: 7.8741
After OOD adjustment: Training instances of last class: 0
After OOD adjustment: Testing instances of last class: 83
Epoch: 015, Runtime 3.434138, Loss 0.769037, forward nfe 0, backward nfe 0, Train: 0.9800, Val: 0.5804, Test: 0.6129, Best time: 7.8741
After OOD adjustment: Training instances of last class: 0
After OOD adjustment: Testing instances of last class: 83
Epoch: 016, Runtime 3.459615, Loss 0.718173, forward nfe 0, backward nfe 0, Train: 0.9900, Val: 0.5877, Test: 0.6194, Best time: 7.8741
After OOD adjustment: Training instances of last class: 0
After OOD adjustment: Testing instances of last class: 83
Epoch: 017, Runtime 3.337422, Loss 0.684111, forward nfe 0, backward nfe 0, Train: 0.9900, Val: 0.5877, Test: 0.6194, Best time: 7.8741
After OOD adjustment: Training instances of last class: 0
After OOD adjustment: Testing instances of last class: 83
Epoch: 018, Runtime 3.325769, Loss 0.623243, forward nfe 0, backward nfe 0, Train: 0.9900, Val: 0.5877, Test: 0.6194, Best time: 7.8741
After OOD adjustment: Training instances of last class: 0
After OOD adjustment: Testing instances of last class: 83
Epoch: 019, Runtime 3.479600, Loss 0.558990, forward nfe 0, backward nfe 0, Train: 0.9900, Val: 0.5899, Test: 0.6226, Best time: 7.8741
After OOD adjustment: Training instances of last class: 0
After OOD adjustment: Testing instances of last class: 83
Epoch: 020, Runtime 3.329205, Loss 0.518606, forward nfe 0, backward nfe 0, Train: 0.9900, Val: 0.5899, Test: 0.6226, Best time: 7.8741
After OOD adjustment: Training instances of last class: 0
After OOD adjustment: Testing instances of last class: 83
Epoch: 021, Runtime 3.348889, Loss 0.486797, forward nfe 0, backward nfe 0, Train: 0.9900, Val: 0.5899, Test: 0.6226, Best time: 7.8741
After OOD adjustment: Training instances of last class: 0
After OOD adjustment: Testing instances of last class: 83
Epoch: 022, Runtime 3.357648, Loss 0.441853, forward nfe 0, backward nfe 0, Train: 0.9900, Val: 0.5899, Test: 0.6226, Best time: 7.8741
After OOD adjustment: Training instances of last class: 0
After OOD adjustment: Testing instances of last class: 83
Epoch: 023, Runtime 3.362230, Loss 0.415793, forward nfe 0, backward nfe 0, Train: 0.9900, Val: 0.5899, Test: 0.6226, Best time: 7.8741
After OOD adjustment: Training instances of last class: 0
After OOD adjustment: Testing instances of last class: 83
Epoch: 024, Runtime 3.521193, Loss 0.392210, forward nfe 0, backward nfe 0, Train: 0.9900, Val: 0.5899, Test: 0.6226, Best time: 7.8741
After OOD adjustment: Training instances of last class: 0
After OOD adjustment: Testing instances of last class: 83
Epoch: 025, Runtime 3.505017, Loss 0.352525, forward nfe 0, backward nfe 0, Train: 0.9900, Val: 0.5899, Test: 0.6226, Best time: 7.8741
After OOD adjustment: Training instances of last class: 0
After OOD adjustment: Testing instances of last class: 83
Epoch: 026, Runtime 3.505122, Loss 0.319108, forward nfe 0, backward nfe 0, Train: 0.9900, Val: 0.5899, Test: 0.6226, Best time: 7.8741
After OOD adjustment: Training instances of last class: 0
After OOD adjustment: Testing instances of last class: 83
Epoch: 027, Runtime 3.505123, Loss 0.303167, forward nfe 0, backward nfe 0, Train: 0.9900, Val: 0.5899, Test: 0.6226, Best time: 7.8741
After OOD adjustment: Training instances of last class: 0
After OOD adjustment: Testing instances of last class: 83
Epoch: 028, Runtime 3.506715, Loss 0.284175, forward nfe 0, backward nfe 0, Train: 0.9900, Val: 0.5899, Test: 0.6226, Best time: 7.8741
After OOD adjustment: Training instances of last class: 0
After OOD adjustment: Testing instances of last class: 83
Epoch: 029, Runtime 3.565416, Loss 0.253616, forward nfe 0, backward nfe 0, Train: 0.9900, Val: 0.5899, Test: 0.6226, Best time: 7.8741
After OOD adjustment: Training instances of last class: 0
After OOD adjustment: Testing instances of last class: 83
Epoch: 030, Runtime 3.536191, Loss 0.239422, forward nfe 0, backward nfe 0, Train: 0.9900, Val: 0.5899, Test: 0.6226, Best time: 7.8741
After OOD adjustment: Training instances of last class: 0
After OOD adjustment: Testing instances of last class: 83
Epoch: 031, Runtime 3.494801, Loss 0.213219, forward nfe 0, backward nfe 0, Train: 0.9900, Val: 0.5899, Test: 0.6226, Best time: 7.8741
After OOD adjustment: Training instances of last class: 0
After OOD adjustment: Testing instances of last class: 83
Epoch: 032, Runtime 3.526823, Loss 0.203832, forward nfe 0, backward nfe 0, Train: 0.9900, Val: 0.5899, Test: 0.6226, Best time: 7.8741
After OOD adjustment: Training instances of last class: 0
After OOD adjustment: Testing instances of last class: 83
Epoch: 033, Runtime 3.399933, Loss 0.186259, forward nfe 0, backward nfe 0, Train: 0.9900, Val: 0.5899, Test: 0.6226, Best time: 7.8741
After OOD adjustment: Training instances of last class: 0
After OOD adjustment: Testing instances of last class: 83
Epoch: 034, Runtime 3.369527, Loss 0.178761, forward nfe 0, backward nfe 0, Train: 0.9900, Val: 0.5899, Test: 0.6226, Best time: 7.8741
After OOD adjustment: Training instances of last class: 0
After OOD adjustment: Testing instances of last class: 83
Epoch: 035, Runtime 3.440550, Loss 0.174881, forward nfe 0, backward nfe 0, Train: 0.9900, Val: 0.5899, Test: 0.6226, Best time: 7.8741
After OOD adjustment: Training instances of last class: 0
After OOD adjustment: Testing instances of last class: 83
Epoch: 036, Runtime 3.357771, Loss 0.160735, forward nfe 0, backward nfe 0, Train: 0.9900, Val: 0.5899, Test: 0.6226, Best time: 7.8741
After OOD adjustment: Training instances of last class: 0
After OOD adjustment: Testing instances of last class: 83
Epoch: 037, Runtime 3.336603, Loss 0.153366, forward nfe 0, backward nfe 0, Train: 0.9900, Val: 0.5899, Test: 0.6226, Best time: 7.8741
After OOD adjustment: Training instances of last class: 0
After OOD adjustment: Testing instances of last class: 83
Epoch: 038, Runtime 3.342672, Loss 0.138169, forward nfe 0, backward nfe 0, Train: 0.9900, Val: 0.5899, Test: 0.6226, Best time: 7.8741
After OOD adjustment: Training instances of last class: 0
After OOD adjustment: Testing instances of last class: 83
Epoch: 039, Runtime 3.362546, Loss 0.120910, forward nfe 0, backward nfe 0, Train: 0.9900, Val: 0.5899, Test: 0.6226, Best time: 7.8741
After OOD adjustment: Training instances of last class: 0
After OOD adjustment: Testing instances of last class: 83
Epoch: 040, Runtime 3.356096, Loss 0.115209, forward nfe 0, backward nfe 0, Train: 0.9900, Val: 0.5899, Test: 0.6226, Best time: 7.8741
After OOD adjustment: Training instances of last class: 0
After OOD adjustment: Testing instances of last class: 83
Epoch: 041, Runtime 3.408020, Loss 0.110965, forward nfe 0, backward nfe 0, Train: 0.9900, Val: 0.5899, Test: 0.6226, Best time: 7.8741
After OOD adjustment: Training instances of last class: 0
After OOD adjustment: Testing instances of last class: 83
Epoch: 042, Runtime 3.364837, Loss 0.107983, forward nfe 0, backward nfe 0, Train: 0.9900, Val: 0.5899, Test: 0.6226, Best time: 7.8741
After OOD adjustment: Training instances of last class: 0
After OOD adjustment: Testing instances of last class: 83
Epoch: 043, Runtime 3.332743, Loss 0.094948, forward nfe 0, backward nfe 0, Train: 0.9900, Val: 0.5899, Test: 0.6226, Best time: 7.8741
After OOD adjustment: Training instances of last class: 0
After OOD adjustment: Testing instances of last class: 83
Epoch: 044, Runtime 3.361226, Loss 0.097078, forward nfe 0, backward nfe 0, Train: 0.9900, Val: 0.5899, Test: 0.6226, Best time: 7.8741
After OOD adjustment: Training instances of last class: 0
After OOD adjustment: Testing instances of last class: 83
Epoch: 045, Runtime 3.334145, Loss 0.077677, forward nfe 0, backward nfe 0, Train: 0.9900, Val: 0.5899, Test: 0.6226, Best time: 7.8741
After OOD adjustment: Training instances of last class: 0
After OOD adjustment: Testing instances of last class: 83
Epoch: 046, Runtime 3.390055, Loss 0.081134, forward nfe 0, backward nfe 0, Train: 0.9900, Val: 0.5899, Test: 0.6226, Best time: 7.8741
After OOD adjustment: Training instances of last class: 0
After OOD adjustment: Testing instances of last class: 83
Epoch: 047, Runtime 3.400071, Loss 0.075822, forward nfe 0, backward nfe 0, Train: 0.9900, Val: 0.5899, Test: 0.6226, Best time: 7.8741
After OOD adjustment: Training instances of last class: 0
After OOD adjustment: Testing instances of last class: 83
Epoch: 048, Runtime 3.361878, Loss 0.072786, forward nfe 0, backward nfe 0, Train: 0.9900, Val: 0.5899, Test: 0.6226, Best time: 7.8741
After OOD adjustment: Training instances of last class: 0
After OOD adjustment: Testing instances of last class: 83
Epoch: 049, Runtime 3.341645, Loss 0.072687, forward nfe 0, backward nfe 0, Train: 0.9900, Val: 0.5899, Test: 0.6226, Best time: 7.8741
After OOD adjustment: Training instances of last class: 0
After OOD adjustment: Testing instances of last class: 83
Epoch: 050, Runtime 3.468641, Loss 0.067099, forward nfe 0, backward nfe 0, Train: 0.9900, Val: 0.5899, Test: 0.6226, Best time: 7.8741
After OOD adjustment: Training instances of last class: 0
After OOD adjustment: Testing instances of last class: 83
Epoch: 051, Runtime 3.554595, Loss 0.063362, forward nfe 0, backward nfe 0, Train: 0.9900, Val: 0.5899, Test: 0.6226, Best time: 7.8741
After OOD adjustment: Training instances of last class: 0
After OOD adjustment: Testing instances of last class: 83
Epoch: 052, Runtime 3.576110, Loss 0.063800, forward nfe 0, backward nfe 0, Train: 0.9900, Val: 0.5899, Test: 0.6226, Best time: 7.8741
After OOD adjustment: Training instances of last class: 0
After OOD adjustment: Testing instances of last class: 83
Epoch: 053, Runtime 3.555670, Loss 0.055630, forward nfe 0, backward nfe 0, Train: 0.9900, Val: 0.5899, Test: 0.6226, Best time: 7.8741
After OOD adjustment: Training instances of last class: 0
After OOD adjustment: Testing instances of last class: 83
Epoch: 054, Runtime 3.562377, Loss 0.055673, forward nfe 0, backward nfe 0, Train: 0.9900, Val: 0.5899, Test: 0.6226, Best time: 7.8741
After OOD adjustment: Training instances of last class: 0
After OOD adjustment: Testing instances of last class: 83
Epoch: 055, Runtime 3.538039, Loss 0.054685, forward nfe 0, backward nfe 0, Train: 0.9900, Val: 0.5899, Test: 0.6226, Best time: 7.8741
After OOD adjustment: Training instances of last class: 0
After OOD adjustment: Testing instances of last class: 83
Epoch: 056, Runtime 3.601318, Loss 0.051881, forward nfe 0, backward nfe 0, Train: 0.9900, Val: 0.5899, Test: 0.6226, Best time: 7.8741
After OOD adjustment: Training instances of last class: 0
After OOD adjustment: Testing instances of last class: 83
Epoch: 057, Runtime 3.530057, Loss 0.054040, forward nfe 0, backward nfe 0, Train: 0.9900, Val: 0.5899, Test: 0.6226, Best time: 7.8741
After OOD adjustment: Training instances of last class: 0
After OOD adjustment: Testing instances of last class: 83
Epoch: 058, Runtime 3.583918, Loss 0.051947, forward nfe 0, backward nfe 0, Train: 0.9900, Val: 0.5899, Test: 0.6226, Best time: 7.8741
After OOD adjustment: Training instances of last class: 0
After OOD adjustment: Testing instances of last class: 83
Epoch: 059, Runtime 3.584398, Loss 0.046015, forward nfe 0, backward nfe 0, Train: 0.9900, Val: 0.5899, Test: 0.6226, Best time: 7.8741
After OOD adjustment: Training instances of last class: 0
After OOD adjustment: Testing instances of last class: 83
Epoch: 060, Runtime 3.575690, Loss 0.042295, forward nfe 0, backward nfe 0, Train: 0.9900, Val: 0.5899, Test: 0.6226, Best time: 7.8741
After OOD adjustment: Training instances of last class: 0
After OOD adjustment: Testing instances of last class: 83
Epoch: 061, Runtime 3.335382, Loss 0.041377, forward nfe 0, backward nfe 0, Train: 0.9900, Val: 0.5899, Test: 0.6226, Best time: 7.8741
After OOD adjustment: Training instances of last class: 0
After OOD adjustment: Testing instances of last class: 83
Epoch: 062, Runtime 3.340413, Loss 0.040629, forward nfe 0, backward nfe 0, Train: 0.9900, Val: 0.5899, Test: 0.6226, Best time: 7.8741
After OOD adjustment: Training instances of last class: 0
After OOD adjustment: Testing instances of last class: 83
Epoch: 063, Runtime 3.360841, Loss 0.037020, forward nfe 0, backward nfe 0, Train: 0.9900, Val: 0.5899, Test: 0.6226, Best time: 7.8741
After OOD adjustment: Training instances of last class: 0
After OOD adjustment: Testing instances of last class: 83
Epoch: 064, Runtime 3.364740, Loss 0.035965, forward nfe 0, backward nfe 0, Train: 0.9900, Val: 0.5899, Test: 0.6226, Best time: 7.8741
After OOD adjustment: Training instances of last class: 0
After OOD adjustment: Testing instances of last class: 83
Epoch: 065, Runtime 3.357368, Loss 0.034157, forward nfe 0, backward nfe 0, Train: 0.9900, Val: 0.5899, Test: 0.6226, Best time: 7.8741
After OOD adjustment: Training instances of last class: 0
After OOD adjustment: Testing instances of last class: 83
Epoch: 066, Runtime 3.395017, Loss 0.038582, forward nfe 0, backward nfe 0, Train: 0.9900, Val: 0.5899, Test: 0.6226, Best time: 7.8741
After OOD adjustment: Training instances of last class: 0
After OOD adjustment: Testing instances of last class: 83
Epoch: 067, Runtime 3.330261, Loss 0.034393, forward nfe 0, backward nfe 0, Train: 0.9900, Val: 0.5899, Test: 0.6226, Best time: 7.8741
After OOD adjustment: Training instances of last class: 0
After OOD adjustment: Testing instances of last class: 83
Epoch: 068, Runtime 3.326453, Loss 0.033530, forward nfe 0, backward nfe 0, Train: 0.9900, Val: 0.5899, Test: 0.6226, Best time: 7.8741
After OOD adjustment: Training instances of last class: 0
After OOD adjustment: Testing instances of last class: 83
Epoch: 069, Runtime 3.342508, Loss 0.033039, forward nfe 0, backward nfe 0, Train: 0.9900, Val: 0.5899, Test: 0.6226, Best time: 7.8741
After OOD adjustment: Training instances of last class: 0
After OOD adjustment: Testing instances of last class: 83
Epoch: 070, Runtime 3.392882, Loss 0.032203, forward nfe 0, backward nfe 0, Train: 0.9900, Val: 0.5899, Test: 0.6226, Best time: 7.8741
After OOD adjustment: Training instances of last class: 0
After OOD adjustment: Testing instances of last class: 83
Epoch: 071, Runtime 3.349182, Loss 0.029593, forward nfe 0, backward nfe 0, Train: 0.9900, Val: 0.5899, Test: 0.6226, Best time: 7.8741
After OOD adjustment: Training instances of last class: 0
After OOD adjustment: Testing instances of last class: 83
Epoch: 072, Runtime 3.417077, Loss 0.027263, forward nfe 0, backward nfe 0, Train: 0.9900, Val: 0.5899, Test: 0.6226, Best time: 7.8741
After OOD adjustment: Training instances of last class: 0
After OOD adjustment: Testing instances of last class: 83
Epoch: 073, Runtime 3.319339, Loss 0.031284, forward nfe 0, backward nfe 0, Train: 0.9900, Val: 0.5899, Test: 0.6226, Best time: 7.8741
After OOD adjustment: Training instances of last class: 0
After OOD adjustment: Testing instances of last class: 83
Epoch: 074, Runtime 3.348726, Loss 0.027538, forward nfe 0, backward nfe 0, Train: 0.9900, Val: 0.5899, Test: 0.6226, Best time: 7.8741
After OOD adjustment: Training instances of last class: 0
After OOD adjustment: Testing instances of last class: 83
Epoch: 075, Runtime 3.359308, Loss 0.027175, forward nfe 0, backward nfe 0, Train: 0.9900, Val: 0.5899, Test: 0.6226, Best time: 7.8741
After OOD adjustment: Training instances of last class: 0
After OOD adjustment: Testing instances of last class: 83
Epoch: 076, Runtime 3.520131, Loss 0.028891, forward nfe 0, backward nfe 0, Train: 0.9900, Val: 0.5899, Test: 0.6226, Best time: 7.8741
After OOD adjustment: Training instances of last class: 0
After OOD adjustment: Testing instances of last class: 83
Epoch: 077, Runtime 3.374862, Loss 0.027289, forward nfe 0, backward nfe 0, Train: 0.9900, Val: 0.5899, Test: 0.6226, Best time: 7.8741
After OOD adjustment: Training instances of last class: 0
After OOD adjustment: Testing instances of last class: 83
Epoch: 078, Runtime 3.317691, Loss 0.026665, forward nfe 0, backward nfe 0, Train: 0.9900, Val: 0.5899, Test: 0.6226, Best time: 7.8741
After OOD adjustment: Training instances of last class: 0
After OOD adjustment: Testing instances of last class: 83
Epoch: 079, Runtime 3.348083, Loss 0.028752, forward nfe 0, backward nfe 0, Train: 0.9900, Val: 0.5899, Test: 0.6226, Best time: 7.8741
After OOD adjustment: Training instances of last class: 0
After OOD adjustment: Testing instances of last class: 83
Epoch: 080, Runtime 3.332861, Loss 0.023218, forward nfe 0, backward nfe 0, Train: 0.9900, Val: 0.5899, Test: 0.6226, Best time: 7.8741
After OOD adjustment: Training instances of last class: 0
After OOD adjustment: Testing instances of last class: 83
Epoch: 081, Runtime 3.367675, Loss 0.023867, forward nfe 0, backward nfe 0, Train: 0.9900, Val: 0.5899, Test: 0.6226, Best time: 7.8741
After OOD adjustment: Training instances of last class: 0
After OOD adjustment: Testing instances of last class: 83
Epoch: 082, Runtime 3.370449, Loss 0.022824, forward nfe 0, backward nfe 0, Train: 0.9900, Val: 0.5899, Test: 0.6226, Best time: 7.8741
After OOD adjustment: Training instances of last class: 0
After OOD adjustment: Testing instances of last class: 83
Epoch: 083, Runtime 3.381393, Loss 0.022284, forward nfe 0, backward nfe 0, Train: 0.9900, Val: 0.5899, Test: 0.6226, Best time: 7.8741
After OOD adjustment: Training instances of last class: 0
After OOD adjustment: Testing instances of last class: 83
Epoch: 084, Runtime 3.325034, Loss 0.024213, forward nfe 0, backward nfe 0, Train: 0.9900, Val: 0.5899, Test: 0.6226, Best time: 7.8741
After OOD adjustment: Training instances of last class: 0
After OOD adjustment: Testing instances of last class: 83
Epoch: 085, Runtime 3.355408, Loss 0.020923, forward nfe 0, backward nfe 0, Train: 0.9900, Val: 0.5899, Test: 0.6226, Best time: 7.8741
After OOD adjustment: Training instances of last class: 0
After OOD adjustment: Testing instances of last class: 83
Epoch: 086, Runtime 3.367992, Loss 0.022198, forward nfe 0, backward nfe 0, Train: 0.9900, Val: 0.5899, Test: 0.6226, Best time: 7.8741
After OOD adjustment: Training instances of last class: 0
After OOD adjustment: Testing instances of last class: 83
Epoch: 087, Runtime 3.339113, Loss 0.021361, forward nfe 0, backward nfe 0, Train: 0.9900, Val: 0.5899, Test: 0.6226, Best time: 7.8741
After OOD adjustment: Training instances of last class: 0
After OOD adjustment: Testing instances of last class: 83
Epoch: 088, Runtime 3.418705, Loss 0.019413, forward nfe 0, backward nfe 0, Train: 0.9900, Val: 0.5899, Test: 0.6226, Best time: 7.8741
After OOD adjustment: Training instances of last class: 0
After OOD adjustment: Testing instances of last class: 83
Epoch: 089, Runtime 3.373006, Loss 0.018865, forward nfe 0, backward nfe 0, Train: 0.9900, Val: 0.5899, Test: 0.6226, Best time: 7.8741
After OOD adjustment: Training instances of last class: 0
After OOD adjustment: Testing instances of last class: 83
Epoch: 090, Runtime 3.392932, Loss 0.019896, forward nfe 0, backward nfe 0, Train: 0.9900, Val: 0.5899, Test: 0.6226, Best time: 7.8741
After OOD adjustment: Training instances of last class: 0
After OOD adjustment: Testing instances of last class: 83
Epoch: 091, Runtime 3.334476, Loss 0.022137, forward nfe 0, backward nfe 0, Train: 0.9900, Val: 0.5899, Test: 0.6226, Best time: 7.8741
After OOD adjustment: Training instances of last class: 0
After OOD adjustment: Testing instances of last class: 83
Epoch: 092, Runtime 3.366410, Loss 0.019736, forward nfe 0, backward nfe 0, Train: 0.9900, Val: 0.5899, Test: 0.6226, Best time: 7.8741
After OOD adjustment: Training instances of last class: 0
After OOD adjustment: Testing instances of last class: 83
Epoch: 093, Runtime 3.437300, Loss 0.018706, forward nfe 0, backward nfe 0, Train: 0.9900, Val: 0.5899, Test: 0.6226, Best time: 7.8741
After OOD adjustment: Training instances of last class: 0
After OOD adjustment: Testing instances of last class: 83
Epoch: 094, Runtime 3.477652, Loss 0.016956, forward nfe 0, backward nfe 0, Train: 0.9900, Val: 0.5899, Test: 0.6226, Best time: 7.8741
After OOD adjustment: Training instances of last class: 0
After OOD adjustment: Testing instances of last class: 83
Epoch: 095, Runtime 3.471139, Loss 0.021617, forward nfe 0, backward nfe 0, Train: 0.9900, Val: 0.5899, Test: 0.6226, Best time: 7.8741
After OOD adjustment: Training instances of last class: 0
After OOD adjustment: Testing instances of last class: 83
Epoch: 096, Runtime 3.410702, Loss 0.017248, forward nfe 0, backward nfe 0, Train: 0.9900, Val: 0.5899, Test: 0.6226, Best time: 7.8741
After OOD adjustment: Training instances of last class: 0
After OOD adjustment: Testing instances of last class: 83
Epoch: 097, Runtime 3.372215, Loss 0.017094, forward nfe 0, backward nfe 0, Train: 0.9900, Val: 0.5899, Test: 0.6226, Best time: 7.8741
After OOD adjustment: Training instances of last class: 0
After OOD adjustment: Testing instances of last class: 83
Epoch: 098, Runtime 3.349215, Loss 0.016453, forward nfe 0, backward nfe 0, Train: 0.9900, Val: 0.5899, Test: 0.6226, Best time: 7.8741
After OOD adjustment: Training instances of last class: 0
After OOD adjustment: Testing instances of last class: 83
Epoch: 099, Runtime 3.398386, Loss 0.014118, forward nfe 0, backward nfe 0, Train: 0.9900, Val: 0.5899, Test: 0.6226, Best time: 7.8741
After OOD adjustment: Training instances of last class: 0
After OOD adjustment: Testing instances of last class: 83
Epoch: 100, Runtime 3.412287, Loss 0.014962, forward nfe 0, backward nfe 0, Train: 0.9900, Val: 0.5899, Test: 0.6226, Best time: 7.8741
After OOD adjustment: Training instances of last class: 0
After OOD adjustment: Testing instances of last class: 83
Epoch: 101, Runtime 3.365380, Loss 0.016398, forward nfe 0, backward nfe 0, Train: 0.9900, Val: 0.5899, Test: 0.6226, Best time: 7.8741
After OOD adjustment: Training instances of last class: 0
After OOD adjustment: Testing instances of last class: 83
Epoch: 102, Runtime 3.435831, Loss 0.014452, forward nfe 0, backward nfe 0, Train: 0.9900, Val: 0.5899, Test: 0.6226, Best time: 7.8741
After OOD adjustment: Training instances of last class: 0
After OOD adjustment: Testing instances of last class: 83
Epoch: 103, Runtime 3.422888, Loss 0.015921, forward nfe 0, backward nfe 0, Train: 0.9900, Val: 0.5899, Test: 0.6226, Best time: 7.8741
After OOD adjustment: Training instances of last class: 0
After OOD adjustment: Testing instances of last class: 83
Epoch: 104, Runtime 3.383768, Loss 0.013013, forward nfe 0, backward nfe 0, Train: 0.9900, Val: 0.5899, Test: 0.6226, Best time: 7.8741
After OOD adjustment: Training instances of last class: 0
After OOD adjustment: Testing instances of last class: 83
Epoch: 105, Runtime 3.419906, Loss 0.014739, forward nfe 0, backward nfe 0, Train: 0.9900, Val: 0.5899, Test: 0.6226, Best time: 7.8741
After OOD adjustment: Training instances of last class: 0
After OOD adjustment: Testing instances of last class: 83
Epoch: 106, Runtime 3.573862, Loss 0.016248, forward nfe 0, backward nfe 0, Train: 0.9900, Val: 0.5899, Test: 0.6226, Best time: 7.8741
After OOD adjustment: Training instances of last class: 0
After OOD adjustment: Testing instances of last class: 83
Epoch: 107, Runtime 3.668967, Loss 0.015328, forward nfe 0, backward nfe 0, Train: 0.9900, Val: 0.5899, Test: 0.6226, Best time: 7.8741
After OOD adjustment: Training instances of last class: 0
After OOD adjustment: Testing instances of last class: 83
Epoch: 108, Runtime 3.683191, Loss 0.014044, forward nfe 0, backward nfe 0, Train: 0.9900, Val: 0.5899, Test: 0.6226, Best time: 7.8741
After OOD adjustment: Training instances of last class: 0
After OOD adjustment: Testing instances of last class: 83
Epoch: 109, Runtime 3.558297, Loss 0.012542, forward nfe 0, backward nfe 0, Train: 0.9900, Val: 0.5899, Test: 0.6226, Best time: 7.8741
After OOD adjustment: Training instances of last class: 0
After OOD adjustment: Testing instances of last class: 83
Epoch: 110, Runtime 3.571138, Loss 0.014396, forward nfe 0, backward nfe 0, Train: 0.9900, Val: 0.5899, Test: 0.6226, Best time: 7.8741
After OOD adjustment: Training instances of last class: 0
After OOD adjustment: Testing instances of last class: 83
Epoch: 111, Runtime 3.601415, Loss 0.012873, forward nfe 0, backward nfe 0, Train: 0.9900, Val: 0.5899, Test: 0.6226, Best time: 7.8741
After OOD adjustment: Training instances of last class: 0
After OOD adjustment: Testing instances of last class: 83
Epoch: 112, Runtime 3.616945, Loss 0.012929, forward nfe 0, backward nfe 0, Train: 0.9900, Val: 0.5899, Test: 0.6226, Best time: 7.8741
After OOD adjustment: Training instances of last class: 0
After OOD adjustment: Testing instances of last class: 83
Epoch: 113, Runtime 3.618374, Loss 0.014776, forward nfe 0, backward nfe 0, Train: 0.9900, Val: 0.5899, Test: 0.6226, Best time: 7.8741
After OOD adjustment: Training instances of last class: 0
After OOD adjustment: Testing instances of last class: 83
Epoch: 114, Runtime 3.598193, Loss 0.011898, forward nfe 0, backward nfe 0, Train: 0.9900, Val: 0.5899, Test: 0.6226, Best time: 7.8741
After OOD adjustment: Training instances of last class: 0
After OOD adjustment: Testing instances of last class: 83
Epoch: 115, Runtime 3.554955, Loss 0.013471, forward nfe 0, backward nfe 0, Train: 0.9900, Val: 0.5899, Test: 0.6226, Best time: 7.8741
After OOD adjustment: Training instances of last class: 0
After OOD adjustment: Testing instances of last class: 83
Epoch: 116, Runtime 3.568246, Loss 0.012652, forward nfe 0, backward nfe 0, Train: 0.9900, Val: 0.5899, Test: 0.6226, Best time: 7.8741
After OOD adjustment: Training instances of last class: 0
After OOD adjustment: Testing instances of last class: 83
Epoch: 117, Runtime 3.620230, Loss 0.011758, forward nfe 0, backward nfe 0, Train: 0.9900, Val: 0.5899, Test: 0.6226, Best time: 7.8741
After OOD adjustment: Training instances of last class: 0
After OOD adjustment: Testing instances of last class: 83
Epoch: 118, Runtime 3.470634, Loss 0.012814, forward nfe 0, backward nfe 0, Train: 0.9900, Val: 0.5899, Test: 0.6226, Best time: 7.8741
After OOD adjustment: Training instances of last class: 0
After OOD adjustment: Testing instances of last class: 83
Epoch: 119, Runtime 3.403545, Loss 0.011236, forward nfe 0, backward nfe 0, Train: 0.9900, Val: 0.5899, Test: 0.6226, Best time: 7.8741
After OOD adjustment: Training instances of last class: 0
After OOD adjustment: Testing instances of last class: 83
Epoch: 120, Runtime 3.419858, Loss 0.010905, forward nfe 0, backward nfe 0, Train: 0.9900, Val: 0.5899, Test: 0.6226, Best time: 7.8741
After OOD adjustment: Training instances of last class: 0
After OOD adjustment: Testing instances of last class: 83
Epoch: 121, Runtime 3.359455, Loss 0.013756, forward nfe 0, backward nfe 0, Train: 0.9900, Val: 0.5899, Test: 0.6226, Best time: 7.8741
After OOD adjustment: Training instances of last class: 0
After OOD adjustment: Testing instances of last class: 83
Epoch: 122, Runtime 3.416192, Loss 0.013470, forward nfe 0, backward nfe 0, Train: 0.9900, Val: 0.5899, Test: 0.6226, Best time: 7.8741
After OOD adjustment: Training instances of last class: 0
After OOD adjustment: Testing instances of last class: 83
Epoch: 123, Runtime 3.484427, Loss 0.011205, forward nfe 0, backward nfe 0, Train: 0.9900, Val: 0.5899, Test: 0.6226, Best time: 7.8741
After OOD adjustment: Training instances of last class: 0
After OOD adjustment: Testing instances of last class: 83
Epoch: 124, Runtime 3.486290, Loss 0.010766, forward nfe 0, backward nfe 0, Train: 0.9900, Val: 0.5899, Test: 0.6226, Best time: 7.8741
After OOD adjustment: Training instances of last class: 0
After OOD adjustment: Testing instances of last class: 83
Epoch: 125, Runtime 3.466949, Loss 0.010878, forward nfe 0, backward nfe 0, Train: 0.9900, Val: 0.5899, Test: 0.6226, Best time: 7.8741
After OOD adjustment: Training instances of last class: 0
After OOD adjustment: Testing instances of last class: 83
Epoch: 126, Runtime 3.456514, Loss 0.011932, forward nfe 0, backward nfe 0, Train: 0.9900, Val: 0.5899, Test: 0.6226, Best time: 7.8741
After OOD adjustment: Training instances of last class: 0
After OOD adjustment: Testing instances of last class: 83
Epoch: 127, Runtime 3.402666, Loss 0.011269, forward nfe 0, backward nfe 0, Train: 0.9900, Val: 0.5899, Test: 0.6226, Best time: 7.8741
After OOD adjustment: Training instances of last class: 0
After OOD adjustment: Testing instances of last class: 83
Epoch: 128, Runtime 3.413095, Loss 0.012041, forward nfe 0, backward nfe 0, Train: 0.9900, Val: 0.5899, Test: 0.6226, Best time: 7.8741
After OOD adjustment: Training instances of last class: 0
After OOD adjustment: Testing instances of last class: 83
Epoch: 129, Runtime 3.390077, Loss 0.013086, forward nfe 0, backward nfe 0, Train: 0.9900, Val: 0.5899, Test: 0.6226, Best time: 7.8741
After OOD adjustment: Training instances of last class: 0
After OOD adjustment: Testing instances of last class: 83
Epoch: 130, Runtime 3.419881, Loss 0.010218, forward nfe 0, backward nfe 0, Train: 0.9900, Val: 0.5899, Test: 0.6226, Best time: 7.8741
After OOD adjustment: Training instances of last class: 0
After OOD adjustment: Testing instances of last class: 83
Epoch: 131, Runtime 3.449081, Loss 0.009806, forward nfe 0, backward nfe 0, Train: 0.9900, Val: 0.5899, Test: 0.6226, Best time: 7.8741
After OOD adjustment: Training instances of last class: 0
After OOD adjustment: Testing instances of last class: 83
Epoch: 132, Runtime 3.411446, Loss 0.010904, forward nfe 0, backward nfe 0, Train: 0.9900, Val: 0.5899, Test: 0.6226, Best time: 7.8741
After OOD adjustment: Training instances of last class: 0
After OOD adjustment: Testing instances of last class: 83
Epoch: 133, Runtime 3.460845, Loss 0.010007, forward nfe 0, backward nfe 0, Train: 0.9900, Val: 0.5899, Test: 0.6226, Best time: 7.8741
After OOD adjustment: Training instances of last class: 0
After OOD adjustment: Testing instances of last class: 83
Epoch: 134, Runtime 3.631618, Loss 0.009818, forward nfe 0, backward nfe 0, Train: 0.9900, Val: 0.5899, Test: 0.6226, Best time: 7.8741
After OOD adjustment: Training instances of last class: 0
After OOD adjustment: Testing instances of last class: 83
Epoch: 135, Runtime 3.606013, Loss 0.010662, forward nfe 0, backward nfe 0, Train: 0.9900, Val: 0.5899, Test: 0.6226, Best time: 7.8741
After OOD adjustment: Training instances of last class: 0
After OOD adjustment: Testing instances of last class: 83
Epoch: 136, Runtime 3.656558, Loss 0.010497, forward nfe 0, backward nfe 0, Train: 0.9900, Val: 0.5899, Test: 0.6226, Best time: 7.8741
After OOD adjustment: Training instances of last class: 0
After OOD adjustment: Testing instances of last class: 83
Epoch: 137, Runtime 3.632718, Loss 0.011091, forward nfe 0, backward nfe 0, Train: 0.9900, Val: 0.5899, Test: 0.6226, Best time: 7.8741
After OOD adjustment: Training instances of last class: 0
After OOD adjustment: Testing instances of last class: 83
Epoch: 138, Runtime 3.679085, Loss 0.008580, forward nfe 0, backward nfe 0, Train: 0.9900, Val: 0.5899, Test: 0.6226, Best time: 7.8741
After OOD adjustment: Training instances of last class: 0
After OOD adjustment: Testing instances of last class: 83
Epoch: 139, Runtime 3.574197, Loss 0.008952, forward nfe 0, backward nfe 0, Train: 0.9900, Val: 0.5899, Test: 0.6226, Best time: 7.8741
After OOD adjustment: Training instances of last class: 0
After OOD adjustment: Testing instances of last class: 83
Epoch: 140, Runtime 3.535104, Loss 0.010880, forward nfe 0, backward nfe 0, Train: 0.9900, Val: 0.5899, Test: 0.6226, Best time: 7.8741
After OOD adjustment: Training instances of last class: 0
After OOD adjustment: Testing instances of last class: 83
Epoch: 141, Runtime 3.518120, Loss 0.009042, forward nfe 0, backward nfe 0, Train: 0.9900, Val: 0.5899, Test: 0.6226, Best time: 7.8741
After OOD adjustment: Training instances of last class: 0
After OOD adjustment: Testing instances of last class: 83
Epoch: 142, Runtime 3.547623, Loss 0.010025, forward nfe 0, backward nfe 0, Train: 0.9900, Val: 0.5899, Test: 0.6226, Best time: 7.8741
After OOD adjustment: Training instances of last class: 0
After OOD adjustment: Testing instances of last class: 83
Epoch: 143, Runtime 3.528701, Loss 0.008389, forward nfe 0, backward nfe 0, Train: 0.9900, Val: 0.5899, Test: 0.6226, Best time: 7.8741
After OOD adjustment: Training instances of last class: 0
After OOD adjustment: Testing instances of last class: 83
Epoch: 144, Runtime 3.564286, Loss 0.008063, forward nfe 0, backward nfe 0, Train: 0.9900, Val: 0.5899, Test: 0.6226, Best time: 7.8741
After OOD adjustment: Training instances of last class: 0
After OOD adjustment: Testing instances of last class: 83
Epoch: 145, Runtime 3.566748, Loss 0.009025, forward nfe 0, backward nfe 0, Train: 0.9900, Val: 0.5899, Test: 0.6226, Best time: 7.8741
After OOD adjustment: Training instances of last class: 0
After OOD adjustment: Testing instances of last class: 83
Epoch: 146, Runtime 3.551250, Loss 0.008376, forward nfe 0, backward nfe 0, Train: 0.9900, Val: 0.5899, Test: 0.6226, Best time: 7.8741
After OOD adjustment: Training instances of last class: 0
After OOD adjustment: Testing instances of last class: 83
Epoch: 147, Runtime 3.566896, Loss 0.008351, forward nfe 0, backward nfe 0, Train: 0.9900, Val: 0.5899, Test: 0.6226, Best time: 7.8741
After OOD adjustment: Training instances of last class: 0
After OOD adjustment: Testing instances of last class: 83
Epoch: 148, Runtime 3.540436, Loss 0.009226, forward nfe 0, backward nfe 0, Train: 0.9900, Val: 0.5899, Test: 0.6226, Best time: 7.8741
After OOD adjustment: Training instances of last class: 0
After OOD adjustment: Testing instances of last class: 83
Epoch: 149, Runtime 3.570144, Loss 0.009022, forward nfe 0, backward nfe 0, Train: 0.9900, Val: 0.5899, Test: 0.6226, Best time: 7.8741
After OOD adjustment: Training instances of last class: 0
After OOD adjustment: Testing instances of last class: 83
Epoch: 150, Runtime 3.615358, Loss 0.009332, forward nfe 0, backward nfe 0, Train: 0.9900, Val: 0.5899, Test: 0.6226, Best time: 7.8741
After OOD adjustment: Training instances of last class: 0
After OOD adjustment: Testing instances of last class: 83
Epoch: 151, Runtime 3.553249, Loss 0.008017, forward nfe 0, backward nfe 0, Train: 0.9900, Val: 0.5899, Test: 0.6226, Best time: 7.8741
After OOD adjustment: Training instances of last class: 0
After OOD adjustment: Testing instances of last class: 83
Epoch: 152, Runtime 3.551084, Loss 0.009503, forward nfe 0, backward nfe 0, Train: 0.9900, Val: 0.5899, Test: 0.6226, Best time: 7.8741
After OOD adjustment: Training instances of last class: 0
After OOD adjustment: Testing instances of last class: 83
Epoch: 153, Runtime 3.592475, Loss 0.008507, forward nfe 0, backward nfe 0, Train: 0.9900, Val: 0.5899, Test: 0.6226, Best time: 7.8741
After OOD adjustment: Training instances of last class: 0
After OOD adjustment: Testing instances of last class: 83
Epoch: 154, Runtime 3.336805, Loss 0.009442, forward nfe 0, backward nfe 0, Train: 0.9900, Val: 0.5899, Test: 0.6226, Best time: 7.8741
After OOD adjustment: Training instances of last class: 0
After OOD adjustment: Testing instances of last class: 83
Epoch: 155, Runtime 3.353389, Loss 0.007533, forward nfe 0, backward nfe 0, Train: 0.9900, Val: 0.5899, Test: 0.6226, Best time: 7.8741
After OOD adjustment: Training instances of last class: 0
After OOD adjustment: Testing instances of last class: 83
Epoch: 156, Runtime 3.378358, Loss 0.009988, forward nfe 0, backward nfe 0, Train: 0.9900, Val: 0.5899, Test: 0.6226, Best time: 7.8741
After OOD adjustment: Training instances of last class: 0
After OOD adjustment: Testing instances of last class: 83
Epoch: 157, Runtime 3.344948, Loss 0.007648, forward nfe 0, backward nfe 0, Train: 0.9900, Val: 0.5899, Test: 0.6226, Best time: 7.8741
After OOD adjustment: Training instances of last class: 0
After OOD adjustment: Testing instances of last class: 83
Epoch: 158, Runtime 3.372753, Loss 0.007551, forward nfe 0, backward nfe 0, Train: 0.9900, Val: 0.5899, Test: 0.6226, Best time: 7.8741
After OOD adjustment: Training instances of last class: 0
After OOD adjustment: Testing instances of last class: 83
Epoch: 159, Runtime 3.357101, Loss 0.007325, forward nfe 0, backward nfe 0, Train: 0.9900, Val: 0.5899, Test: 0.6226, Best time: 7.8741
After OOD adjustment: Training instances of last class: 0
After OOD adjustment: Testing instances of last class: 83
Epoch: 160, Runtime 3.407492, Loss 0.007883, forward nfe 0, backward nfe 0, Train: 0.9900, Val: 0.5899, Test: 0.6226, Best time: 7.8741
After OOD adjustment: Training instances of last class: 0
After OOD adjustment: Testing instances of last class: 83
Epoch: 161, Runtime 3.371077, Loss 0.007300, forward nfe 0, backward nfe 0, Train: 0.9900, Val: 0.5899, Test: 0.6226, Best time: 7.8741
After OOD adjustment: Training instances of last class: 0
After OOD adjustment: Testing instances of last class: 83
Epoch: 162, Runtime 3.375569, Loss 0.007593, forward nfe 0, backward nfe 0, Train: 0.9900, Val: 0.5899, Test: 0.6226, Best time: 7.8741
After OOD adjustment: Training instances of last class: 0
After OOD adjustment: Testing instances of last class: 83
Epoch: 163, Runtime 3.374760, Loss 0.007061, forward nfe 0, backward nfe 0, Train: 0.9900, Val: 0.5899, Test: 0.6226, Best time: 7.8741
After OOD adjustment: Training instances of last class: 0
After OOD adjustment: Testing instances of last class: 83
Epoch: 164, Runtime 3.388341, Loss 0.007348, forward nfe 0, backward nfe 0, Train: 0.9900, Val: 0.5899, Test: 0.6226, Best time: 7.8741
After OOD adjustment: Training instances of last class: 0
After OOD adjustment: Testing instances of last class: 83
Epoch: 165, Runtime 3.399101, Loss 0.009046, forward nfe 0, backward nfe 0, Train: 0.9900, Val: 0.5899, Test: 0.6226, Best time: 7.8741
After OOD adjustment: Training instances of last class: 0
After OOD adjustment: Testing instances of last class: 83
Epoch: 166, Runtime 3.400734, Loss 0.006870, forward nfe 0, backward nfe 0, Train: 0.9900, Val: 0.5899, Test: 0.6226, Best time: 7.8741
After OOD adjustment: Training instances of last class: 0
After OOD adjustment: Testing instances of last class: 83
Epoch: 167, Runtime 3.364553, Loss 0.006433, forward nfe 0, backward nfe 0, Train: 0.9900, Val: 0.5899, Test: 0.6226, Best time: 7.8741
After OOD adjustment: Training instances of last class: 0
After OOD adjustment: Testing instances of last class: 83
Epoch: 168, Runtime 3.388856, Loss 0.008198, forward nfe 0, backward nfe 0, Train: 0.9900, Val: 0.5899, Test: 0.6226, Best time: 7.8741
After OOD adjustment: Training instances of last class: 0
After OOD adjustment: Testing instances of last class: 83
Epoch: 169, Runtime 3.349750, Loss 0.006842, forward nfe 0, backward nfe 0, Train: 0.9900, Val: 0.5899, Test: 0.6226, Best time: 7.8741
After OOD adjustment: Training instances of last class: 0
After OOD adjustment: Testing instances of last class: 83
Epoch: 170, Runtime 3.342881, Loss 0.006690, forward nfe 0, backward nfe 0, Train: 0.9900, Val: 0.5899, Test: 0.6226, Best time: 7.8741
After OOD adjustment: Training instances of last class: 0
After OOD adjustment: Testing instances of last class: 83
Epoch: 171, Runtime 3.346686, Loss 0.006687, forward nfe 0, backward nfe 0, Train: 0.9900, Val: 0.5899, Test: 0.6226, Best time: 7.8741
After OOD adjustment: Training instances of last class: 0
After OOD adjustment: Testing instances of last class: 83
Epoch: 172, Runtime 3.426326, Loss 0.007133, forward nfe 0, backward nfe 0, Train: 0.9900, Val: 0.5899, Test: 0.6226, Best time: 7.8741
After OOD adjustment: Training instances of last class: 0
After OOD adjustment: Testing instances of last class: 83
Epoch: 173, Runtime 3.376653, Loss 0.007371, forward nfe 0, backward nfe 0, Train: 0.9900, Val: 0.5899, Test: 0.6226, Best time: 7.8741
After OOD adjustment: Training instances of last class: 0
After OOD adjustment: Testing instances of last class: 83
Epoch: 174, Runtime 3.341730, Loss 0.005876, forward nfe 0, backward nfe 0, Train: 0.9900, Val: 0.5899, Test: 0.6226, Best time: 7.8741
After OOD adjustment: Training instances of last class: 0
After OOD adjustment: Testing instances of last class: 83
Epoch: 175, Runtime 3.381318, Loss 0.006277, forward nfe 0, backward nfe 0, Train: 0.9900, Val: 0.5899, Test: 0.6226, Best time: 7.8741
After OOD adjustment: Training instances of last class: 0
After OOD adjustment: Testing instances of last class: 83
Epoch: 176, Runtime 3.317287, Loss 0.005891, forward nfe 0, backward nfe 0, Train: 0.9900, Val: 0.5899, Test: 0.6226, Best time: 7.8741
After OOD adjustment: Training instances of last class: 0
After OOD adjustment: Testing instances of last class: 83
Epoch: 177, Runtime 3.356765, Loss 0.006249, forward nfe 0, backward nfe 0, Train: 0.9900, Val: 0.5899, Test: 0.6226, Best time: 7.8741
After OOD adjustment: Training instances of last class: 0
After OOD adjustment: Testing instances of last class: 83
Epoch: 178, Runtime 3.354009, Loss 0.007116, forward nfe 0, backward nfe 0, Train: 0.9900, Val: 0.5899, Test: 0.6226, Best time: 7.8741
After OOD adjustment: Training instances of last class: 0
After OOD adjustment: Testing instances of last class: 83
Epoch: 179, Runtime 3.358308, Loss 0.005868, forward nfe 0, backward nfe 0, Train: 0.9900, Val: 0.5899, Test: 0.6226, Best time: 7.8741
After OOD adjustment: Training instances of last class: 0
After OOD adjustment: Testing instances of last class: 83
Epoch: 180, Runtime 3.388862, Loss 0.007166, forward nfe 0, backward nfe 0, Train: 0.9900, Val: 0.5899, Test: 0.6226, Best time: 7.8741
After OOD adjustment: Training instances of last class: 0
After OOD adjustment: Testing instances of last class: 83
Epoch: 181, Runtime 3.377948, Loss 0.006235, forward nfe 0, backward nfe 0, Train: 0.9900, Val: 0.5899, Test: 0.6226, Best time: 7.8741
After OOD adjustment: Training instances of last class: 0
After OOD adjustment: Testing instances of last class: 83
Epoch: 182, Runtime 3.301213, Loss 0.006193, forward nfe 0, backward nfe 0, Train: 0.9900, Val: 0.5899, Test: 0.6226, Best time: 7.8741
After OOD adjustment: Training instances of last class: 0
After OOD adjustment: Testing instances of last class: 83
Epoch: 183, Runtime 3.381233, Loss 0.007927, forward nfe 0, backward nfe 0, Train: 0.9900, Val: 0.5899, Test: 0.6226, Best time: 7.8741
After OOD adjustment: Training instances of last class: 0
After OOD adjustment: Testing instances of last class: 83
Epoch: 184, Runtime 3.379548, Loss 0.007142, forward nfe 0, backward nfe 0, Train: 0.9900, Val: 0.5899, Test: 0.6226, Best time: 7.8741
After OOD adjustment: Training instances of last class: 0
After OOD adjustment: Testing instances of last class: 83
Epoch: 185, Runtime 3.402092, Loss 0.006355, forward nfe 0, backward nfe 0, Train: 0.9900, Val: 0.5899, Test: 0.6226, Best time: 7.8741
After OOD adjustment: Training instances of last class: 0
After OOD adjustment: Testing instances of last class: 83
Epoch: 186, Runtime 3.377692, Loss 0.005281, forward nfe 0, backward nfe 0, Train: 0.9900, Val: 0.5899, Test: 0.6226, Best time: 7.8741
After OOD adjustment: Training instances of last class: 0
After OOD adjustment: Testing instances of last class: 83
Epoch: 187, Runtime 3.418381, Loss 0.005953, forward nfe 0, backward nfe 0, Train: 0.9900, Val: 0.5899, Test: 0.6226, Best time: 7.8741
After OOD adjustment: Training instances of last class: 0
After OOD adjustment: Testing instances of last class: 83
Epoch: 188, Runtime 3.272853, Loss 0.005805, forward nfe 0, backward nfe 0, Train: 0.9900, Val: 0.5899, Test: 0.6226, Best time: 7.8741
After OOD adjustment: Training instances of last class: 0
After OOD adjustment: Testing instances of last class: 83
Epoch: 189, Runtime 3.321541, Loss 0.005261, forward nfe 0, backward nfe 0, Train: 0.9900, Val: 0.5899, Test: 0.6226, Best time: 7.8741
After OOD adjustment: Training instances of last class: 0
After OOD adjustment: Testing instances of last class: 83
Epoch: 190, Runtime 3.400225, Loss 0.005919, forward nfe 0, backward nfe 0, Train: 0.9900, Val: 0.5899, Test: 0.6226, Best time: 7.8741
After OOD adjustment: Training instances of last class: 0
After OOD adjustment: Testing instances of last class: 83
Epoch: 191, Runtime 3.316265, Loss 0.005681, forward nfe 0, backward nfe 0, Train: 0.9900, Val: 0.5899, Test: 0.6226, Best time: 7.8741
After OOD adjustment: Training instances of last class: 0
After OOD adjustment: Testing instances of last class: 83
Epoch: 192, Runtime 3.436219, Loss 0.006069, forward nfe 0, backward nfe 0, Train: 0.9900, Val: 0.5899, Test: 0.6226, Best time: 7.8741
After OOD adjustment: Training instances of last class: 0
After OOD adjustment: Testing instances of last class: 83
Epoch: 193, Runtime 3.378051, Loss 0.005446, forward nfe 0, backward nfe 0, Train: 0.9900, Val: 0.5899, Test: 0.6226, Best time: 7.8741
After OOD adjustment: Training instances of last class: 0
After OOD adjustment: Testing instances of last class: 83
Epoch: 194, Runtime 3.283038, Loss 0.004567, forward nfe 0, backward nfe 0, Train: 0.9900, Val: 0.5899, Test: 0.6226, Best time: 7.8741
After OOD adjustment: Training instances of last class: 0
After OOD adjustment: Testing instances of last class: 83
Epoch: 195, Runtime 3.361979, Loss 0.005449, forward nfe 0, backward nfe 0, Train: 0.9900, Val: 0.5899, Test: 0.6226, Best time: 7.8741
After OOD adjustment: Training instances of last class: 0
After OOD adjustment: Testing instances of last class: 83
Epoch: 196, Runtime 3.390113, Loss 0.004758, forward nfe 0, backward nfe 0, Train: 0.9900, Val: 0.5899, Test: 0.6226, Best time: 7.8741
After OOD adjustment: Training instances of last class: 0
After OOD adjustment: Testing instances of last class: 83
Epoch: 197, Runtime 3.387305, Loss 0.005898, forward nfe 0, backward nfe 0, Train: 0.9900, Val: 0.5899, Test: 0.6226, Best time: 7.8741
After OOD adjustment: Training instances of last class: 0
After OOD adjustment: Testing instances of last class: 83
Epoch: 198, Runtime 3.386909, Loss 0.005498, forward nfe 0, backward nfe 0, Train: 0.9900, Val: 0.5899, Test: 0.6226, Best time: 7.8741
After OOD adjustment: Training instances of last class: 0
After OOD adjustment: Testing instances of last class: 83
Epoch: 199, Runtime 3.297594, Loss 0.004615, forward nfe 0, backward nfe 0, Train: 0.9900, Val: 0.5899, Test: 0.6226, Best time: 7.8741
best val accuracy 0.589855 with test accuracy 0.622581 at epoch 19 and best time 7.874113
base_directory resutls_prob/OOD_Citeseer
new_name:  lgnsde_ODD
file_path 1 resutls_prob/OOD_Citeseer/lgnsde_ODD_prediction_probabilities_50.npz
file_path 2 resutls_prob/OOD_Citeseer/lgnsde_ODD_prediction_probabilities_50.npz
Entropy Threshold: inf Test accuracy: 0.617741935483871
Entropy Threshold: 2 Test accuracy: 0.6225806451612903
Entropy Threshold: 1.6 Test accuracy: 0.6278688524590164
Entropy Threshold: 1.5 Test accuracy: 0.7532133676092545
Entropy Threshold: 1.4 Test accuracy: 0.7805907172995781
Entropy Threshold: 1.3 Test accuracy: 0.8275862068965517
Entropy Threshold: 1.2 Test accuracy: 0.8850574712643678
Entropy Threshold: 1.1 Test accuracy: 0.9473684210526315
Entropy Threshold: 0.9 Test accuracy: 1.0
Entropy Threshold: 0.8 Test accuracy: 1.0
Entropy Threshold: 0.7 Test accuracy: 1.0
Entropy Threshold: 0.6 Test accuracy: 1.0
Entropy Threshold: 0.5 Test accuracy: 1.0
Entropy Threshold: 0.4 Test accuracy: 1.0
Entropy Threshold: 0.3 Test accuracy: None
Entropy Threshold: 0.2 Test accuracy: None
Entropy Threshold: 0.1 Test accuracy: None
