[KeOps] Warning : cuda was detected, but driver API could not be initialized. Switching to cpu only.
Folder already exists: results/cora
experiment: 0
Dataset size (num_nodes): 2485, Intended development set size (num_development): 1500
Dataset size (num_nodes): 2485, Actual development set size (num_development): 1500
rations: train 140, val 1360, test 985
Before OOD adjustment: Total instances of last class: 131
Before OOD adjustment: Training instances of last class: 20
Before OOD adjustment: Testing instances of last class: 55
Before OOD adjustment: Val instances of last class: 56
total train + val+ test 131
After OOD adjustment: Training instances of last class: 0
After OOD adjustment: Testing instances of last class: 55
Total number of classes: 7
number of classes to train: 6
using file gn_sde.py
sigma 1.0
rtol 0.01
t1 0.01
Dataset size (num_nodes): 2485, Intended development set size (num_development): 1500
Dataset size (num_nodes): 2485, Actual development set size (num_development): 1500
rations: train 140, val 1360, test 985
within set_train_val_test_split function!
Before OOD adjustment: Total instances of last class: 131
Before OOD adjustment: Training instances of last class: 20
Before OOD adjustment: Testing instances of last class: 53
Before OOD adjustment: Val instances of last class: 58
total train + val+ test 131
After OOD adjustment: Training instances of last class: 0
After OOD adjustment: Testing instances of last class: 53
LatentGraphSDE(
  (net): Sequential(
    (0): MyGCN(
      (activation): Softplus(beta=1, threshold=20)
      (conv1): GCNConv(81, 80)
    )
    (1): MyGCN(
      (conv1): GCNConv(80, 80)
    )
  )
  (in_net): MyGCN(
    (conv1): GCNConv(1433, 80)
  )
  (projection_net): Sequential(
    (0): Flatten(start_dim=1, end_dim=-1)
    (1): MyGCN(
      (conv1): GCNConv(80, 6)
    )
  )
)
qy0_mean
torch.Size([1, 80])
qy0_logvar
torch.Size([1, 80])
net.0.conv1.bias
torch.Size([80])
net.0.conv1.lin.weight
torch.Size([80, 81])
net.1.conv1.bias
torch.Size([80])
net.1.conv1.lin.weight
torch.Size([80, 80])
in_net.conv1.bias
torch.Size([80])
in_net.conv1.lin.weight
torch.Size([80, 1433])
projection_net.1.conv1.bias
torch.Size([6])
projection_net.1.conv1.lin.weight
torch.Size([6, 80])
After OOD adjustment: Training instances of last class: 0
After OOD adjustment: Testing instances of last class: 53
Epoch: 001, Runtime 4.331207, Loss 1.798396, forward nfe 0, backward nfe 0, Train: 0.2333, Val: 0.1853, Test: 0.1909, Best time: 18.2948
After OOD adjustment: Training instances of last class: 0
After OOD adjustment: Testing instances of last class: 53
Epoch: 002, Runtime 4.160682, Loss 1.764868, forward nfe 0, backward nfe 0, Train: 0.3333, Val: 0.2493, Test: 0.2264, Best time: 18.2948
After OOD adjustment: Training instances of last class: 0
After OOD adjustment: Testing instances of last class: 53
Epoch: 003, Runtime 4.337818, Loss 1.748257, forward nfe 0, backward nfe 0, Train: 0.4417, Val: 0.3199, Test: 0.3005, Best time: 18.2948
After OOD adjustment: Training instances of last class: 0
After OOD adjustment: Testing instances of last class: 53
Epoch: 004, Runtime 4.363744, Loss 1.712460, forward nfe 0, backward nfe 0, Train: 0.6667, Val: 0.4015, Test: 0.4020, Best time: 18.2948
After OOD adjustment: Training instances of last class: 0
After OOD adjustment: Testing instances of last class: 53
Epoch: 005, Runtime 4.136080, Loss 1.688476, forward nfe 0, backward nfe 0, Train: 0.7583, Val: 0.4213, Test: 0.4396, Best time: 18.2948
After OOD adjustment: Training instances of last class: 0
After OOD adjustment: Testing instances of last class: 53
Epoch: 006, Runtime 4.336248, Loss 1.656307, forward nfe 0, backward nfe 0, Train: 0.7417, Val: 0.4625, Test: 0.4782, Best time: 18.2948
After OOD adjustment: Training instances of last class: 0
After OOD adjustment: Testing instances of last class: 53
Epoch: 007, Runtime 4.367653, Loss 1.626145, forward nfe 0, backward nfe 0, Train: 0.8250, Val: 0.5191, Test: 0.5269, Best time: 18.2948
After OOD adjustment: Training instances of last class: 0
After OOD adjustment: Testing instances of last class: 53
Epoch: 008, Runtime 4.374280, Loss 1.590702, forward nfe 0, backward nfe 0, Train: 0.8750, Val: 0.5574, Test: 0.5503, Best time: 18.2948
After OOD adjustment: Training instances of last class: 0
After OOD adjustment: Testing instances of last class: 53
Epoch: 009, Runtime 4.344321, Loss 1.555044, forward nfe 0, backward nfe 0, Train: 0.9000, Val: 0.5956, Test: 0.5959, Best time: 18.2948
After OOD adjustment: Training instances of last class: 0
After OOD adjustment: Testing instances of last class: 53
Epoch: 010, Runtime 4.312845, Loss 1.536681, forward nfe 0, backward nfe 0, Train: 0.9083, Val: 0.6140, Test: 0.6183, Best time: 18.2948
After OOD adjustment: Training instances of last class: 0
After OOD adjustment: Testing instances of last class: 53
Epoch: 011, Runtime 4.394302, Loss 1.499233, forward nfe 0, backward nfe 0, Train: 0.9417, Val: 0.6368, Test: 0.6234, Best time: 18.2948
After OOD adjustment: Training instances of last class: 0
After OOD adjustment: Testing instances of last class: 53
Epoch: 012, Runtime 4.338828, Loss 1.462348, forward nfe 0, backward nfe 0, Train: 0.9500, Val: 0.6610, Test: 0.6497, Best time: 18.2948
After OOD adjustment: Training instances of last class: 0
After OOD adjustment: Testing instances of last class: 53
Epoch: 013, Runtime 4.351263, Loss 1.430801, forward nfe 0, backward nfe 0, Train: 0.9583, Val: 0.6757, Test: 0.6670, Best time: 18.2948
After OOD adjustment: Training instances of last class: 0
After OOD adjustment: Testing instances of last class: 53
Epoch: 014, Runtime 4.339126, Loss 1.384266, forward nfe 0, backward nfe 0, Train: 0.9750, Val: 0.6824, Test: 0.6660, Best time: 18.2948
After OOD adjustment: Training instances of last class: 0
After OOD adjustment: Testing instances of last class: 53
Epoch: 015, Runtime 4.351874, Loss 1.354670, forward nfe 0, backward nfe 0, Train: 0.9750, Val: 0.6926, Test: 0.6772, Best time: 18.2948
After OOD adjustment: Training instances of last class: 0
After OOD adjustment: Testing instances of last class: 53
Epoch: 016, Runtime 4.128275, Loss 1.328460, forward nfe 0, backward nfe 0, Train: 0.9833, Val: 0.6949, Test: 0.6873, Best time: 18.2948
After OOD adjustment: Training instances of last class: 0
After OOD adjustment: Testing instances of last class: 53
Epoch: 017, Runtime 4.075050, Loss 1.293751, forward nfe 0, backward nfe 0, Train: 0.9833, Val: 0.7029, Test: 0.7066, Best time: 18.2948
After OOD adjustment: Training instances of last class: 0
After OOD adjustment: Testing instances of last class: 53
Epoch: 018, Runtime 4.221094, Loss 1.270387, forward nfe 0, backward nfe 0, Train: 0.9750, Val: 0.7331, Test: 0.7066, Best time: 18.2948
After OOD adjustment: Training instances of last class: 0
After OOD adjustment: Testing instances of last class: 53
Epoch: 019, Runtime 3.989383, Loss 1.219712, forward nfe 0, backward nfe 0, Train: 0.9750, Val: 0.7331, Test: 0.7066, Best time: 18.2948
After OOD adjustment: Training instances of last class: 0
After OOD adjustment: Testing instances of last class: 53
Epoch: 020, Runtime 3.981742, Loss 1.163247, forward nfe 0, backward nfe 0, Train: 0.9750, Val: 0.7331, Test: 0.7066, Best time: 18.2948
After OOD adjustment: Training instances of last class: 0
After OOD adjustment: Testing instances of last class: 53
Epoch: 021, Runtime 4.197047, Loss 1.161465, forward nfe 0, backward nfe 0, Train: 0.9833, Val: 0.7419, Test: 0.7218, Best time: 18.2948
After OOD adjustment: Training instances of last class: 0
After OOD adjustment: Testing instances of last class: 53
Epoch: 022, Runtime 4.201262, Loss 1.120386, forward nfe 0, backward nfe 0, Train: 0.9833, Val: 0.7419, Test: 0.7218, Best time: 18.2948
After OOD adjustment: Training instances of last class: 0
After OOD adjustment: Testing instances of last class: 53
Epoch: 023, Runtime 4.227749, Loss 1.084539, forward nfe 0, backward nfe 0, Train: 0.9833, Val: 0.7419, Test: 0.7218, Best time: 18.2948
After OOD adjustment: Training instances of last class: 0
After OOD adjustment: Testing instances of last class: 53
Epoch: 024, Runtime 4.112768, Loss 1.051084, forward nfe 0, backward nfe 0, Train: 0.9833, Val: 0.7419, Test: 0.7218, Best time: 18.2948
After OOD adjustment: Training instances of last class: 0
After OOD adjustment: Testing instances of last class: 53
Epoch: 025, Runtime 4.189964, Loss 1.010069, forward nfe 0, backward nfe 0, Train: 0.9750, Val: 0.7485, Test: 0.7391, Best time: 18.2948
After OOD adjustment: Training instances of last class: 0
After OOD adjustment: Testing instances of last class: 53
Epoch: 026, Runtime 4.166269, Loss 0.983630, forward nfe 0, backward nfe 0, Train: 0.9750, Val: 0.7485, Test: 0.7391, Best time: 18.2948
After OOD adjustment: Training instances of last class: 0
After OOD adjustment: Testing instances of last class: 53
Epoch: 027, Runtime 4.371855, Loss 0.942983, forward nfe 0, backward nfe 0, Train: 0.9833, Val: 0.7500, Test: 0.7482, Best time: 18.2948
After OOD adjustment: Training instances of last class: 0
After OOD adjustment: Testing instances of last class: 53
Epoch: 028, Runtime 4.275246, Loss 0.897832, forward nfe 0, backward nfe 0, Train: 0.9750, Val: 0.7544, Test: 0.7513, Best time: 18.2948
After OOD adjustment: Training instances of last class: 0
After OOD adjustment: Testing instances of last class: 53
Epoch: 029, Runtime 4.092925, Loss 0.894123, forward nfe 0, backward nfe 0, Train: 0.9917, Val: 0.7610, Test: 0.7371, Best time: 18.2948
After OOD adjustment: Training instances of last class: 0
After OOD adjustment: Testing instances of last class: 53
Epoch: 030, Runtime 4.110723, Loss 0.844803, forward nfe 0, backward nfe 0, Train: 0.9917, Val: 0.7640, Test: 0.7482, Best time: 18.2948
After OOD adjustment: Training instances of last class: 0
After OOD adjustment: Testing instances of last class: 53
Epoch: 031, Runtime 4.091815, Loss 0.812173, forward nfe 0, backward nfe 0, Train: 0.9833, Val: 0.7654, Test: 0.7533, Best time: 18.2948
After OOD adjustment: Training instances of last class: 0
After OOD adjustment: Testing instances of last class: 53
Epoch: 032, Runtime 3.970036, Loss 0.783999, forward nfe 0, backward nfe 0, Train: 0.9833, Val: 0.7654, Test: 0.7533, Best time: 18.2948
After OOD adjustment: Training instances of last class: 0
After OOD adjustment: Testing instances of last class: 53
Epoch: 033, Runtime 4.032934, Loss 0.754922, forward nfe 0, backward nfe 0, Train: 0.9833, Val: 0.7654, Test: 0.7533, Best time: 18.2948
After OOD adjustment: Training instances of last class: 0
After OOD adjustment: Testing instances of last class: 53
Epoch: 034, Runtime 4.273168, Loss 0.741117, forward nfe 0, backward nfe 0, Train: 0.9917, Val: 0.7676, Test: 0.7563, Best time: 18.2948
After OOD adjustment: Training instances of last class: 0
After OOD adjustment: Testing instances of last class: 53
Epoch: 035, Runtime 4.126255, Loss 0.689887, forward nfe 0, backward nfe 0, Train: 0.9917, Val: 0.7676, Test: 0.7563, Best time: 18.2948
After OOD adjustment: Training instances of last class: 0
After OOD adjustment: Testing instances of last class: 53
Epoch: 036, Runtime 4.019617, Loss 0.682826, forward nfe 0, backward nfe 0, Train: 0.9917, Val: 0.7676, Test: 0.7563, Best time: 18.2948
After OOD adjustment: Training instances of last class: 0
After OOD adjustment: Testing instances of last class: 53
Epoch: 037, Runtime 4.157705, Loss 0.651702, forward nfe 0, backward nfe 0, Train: 0.9917, Val: 0.7721, Test: 0.7635, Best time: 18.2948
After OOD adjustment: Training instances of last class: 0
After OOD adjustment: Testing instances of last class: 53
Epoch: 038, Runtime 4.138371, Loss 0.618399, forward nfe 0, backward nfe 0, Train: 0.9917, Val: 0.7750, Test: 0.7523, Best time: 18.2948
After OOD adjustment: Training instances of last class: 0
After OOD adjustment: Testing instances of last class: 53
Epoch: 039, Runtime 4.191780, Loss 0.591959, forward nfe 0, backward nfe 0, Train: 0.9917, Val: 0.7750, Test: 0.7523, Best time: 18.2948
After OOD adjustment: Training instances of last class: 0
After OOD adjustment: Testing instances of last class: 53
Epoch: 040, Runtime 4.221434, Loss 0.589072, forward nfe 0, backward nfe 0, Train: 0.9917, Val: 0.7750, Test: 0.7523, Best time: 18.2948
After OOD adjustment: Training instances of last class: 0
After OOD adjustment: Testing instances of last class: 53
Epoch: 041, Runtime 4.328252, Loss 0.558489, forward nfe 0, backward nfe 0, Train: 0.9917, Val: 0.7816, Test: 0.7645, Best time: 18.2948
After OOD adjustment: Training instances of last class: 0
After OOD adjustment: Testing instances of last class: 53
Epoch: 042, Runtime 4.291121, Loss 0.520377, forward nfe 0, backward nfe 0, Train: 0.9917, Val: 0.7846, Test: 0.7624, Best time: 18.2948
After OOD adjustment: Training instances of last class: 0
After OOD adjustment: Testing instances of last class: 53
Epoch: 043, Runtime 4.139601, Loss 0.496589, forward nfe 0, backward nfe 0, Train: 0.9917, Val: 0.7846, Test: 0.7624, Best time: 18.2948
After OOD adjustment: Training instances of last class: 0
After OOD adjustment: Testing instances of last class: 53
Epoch: 044, Runtime 4.175292, Loss 0.497537, forward nfe 0, backward nfe 0, Train: 0.9917, Val: 0.7846, Test: 0.7624, Best time: 18.2948
After OOD adjustment: Training instances of last class: 0
After OOD adjustment: Testing instances of last class: 53
Epoch: 045, Runtime 4.219001, Loss 0.456523, forward nfe 0, backward nfe 0, Train: 0.9917, Val: 0.7846, Test: 0.7624, Best time: 18.2948
After OOD adjustment: Training instances of last class: 0
After OOD adjustment: Testing instances of last class: 53
Epoch: 046, Runtime 4.356319, Loss 0.458182, forward nfe 0, backward nfe 0, Train: 0.9917, Val: 0.7860, Test: 0.7635, Best time: 18.2948
After OOD adjustment: Training instances of last class: 0
After OOD adjustment: Testing instances of last class: 53
Epoch: 047, Runtime 4.180114, Loss 0.435282, forward nfe 0, backward nfe 0, Train: 0.9917, Val: 0.7860, Test: 0.7635, Best time: 18.2948
After OOD adjustment: Training instances of last class: 0
After OOD adjustment: Testing instances of last class: 53
Epoch: 048, Runtime 4.202587, Loss 0.408421, forward nfe 0, backward nfe 0, Train: 0.9917, Val: 0.7860, Test: 0.7635, Best time: 18.2948
After OOD adjustment: Training instances of last class: 0
After OOD adjustment: Testing instances of last class: 53
Epoch: 049, Runtime 4.313761, Loss 0.402846, forward nfe 0, backward nfe 0, Train: 0.9917, Val: 0.7875, Test: 0.7665, Best time: 18.2948
After OOD adjustment: Training instances of last class: 0
After OOD adjustment: Testing instances of last class: 53
Epoch: 050, Runtime 4.295238, Loss 0.396381, forward nfe 0, backward nfe 0, Train: 0.9917, Val: 0.7912, Test: 0.7706, Best time: 18.2948
After OOD adjustment: Training instances of last class: 0
After OOD adjustment: Testing instances of last class: 53
Epoch: 051, Runtime 4.198405, Loss 0.379258, forward nfe 0, backward nfe 0, Train: 0.9917, Val: 0.7912, Test: 0.7706, Best time: 18.2948
After OOD adjustment: Training instances of last class: 0
After OOD adjustment: Testing instances of last class: 53
Epoch: 052, Runtime 4.206249, Loss 0.360809, forward nfe 0, backward nfe 0, Train: 0.9917, Val: 0.7912, Test: 0.7706, Best time: 18.2948
After OOD adjustment: Training instances of last class: 0
After OOD adjustment: Testing instances of last class: 53
Epoch: 053, Runtime 4.237648, Loss 0.341529, forward nfe 0, backward nfe 0, Train: 0.9917, Val: 0.7912, Test: 0.7706, Best time: 18.2948
After OOD adjustment: Training instances of last class: 0
After OOD adjustment: Testing instances of last class: 53
Epoch: 054, Runtime 4.261819, Loss 0.333490, forward nfe 0, backward nfe 0, Train: 0.9917, Val: 0.7912, Test: 0.7706, Best time: 18.2948
After OOD adjustment: Training instances of last class: 0
After OOD adjustment: Testing instances of last class: 53
Epoch: 055, Runtime 4.315154, Loss 0.320294, forward nfe 0, backward nfe 0, Train: 0.9917, Val: 0.7912, Test: 0.7706, Best time: 18.2948
After OOD adjustment: Training instances of last class: 0
After OOD adjustment: Testing instances of last class: 53
Epoch: 056, Runtime 4.118546, Loss 0.305404, forward nfe 0, backward nfe 0, Train: 0.9917, Val: 0.7912, Test: 0.7706, Best time: 18.2948
After OOD adjustment: Training instances of last class: 0
After OOD adjustment: Testing instances of last class: 53
Epoch: 057, Runtime 4.221770, Loss 0.301810, forward nfe 0, backward nfe 0, Train: 0.9917, Val: 0.7949, Test: 0.7756, Best time: 18.2948
After OOD adjustment: Training instances of last class: 0
After OOD adjustment: Testing instances of last class: 53
Epoch: 058, Runtime 4.308127, Loss 0.283162, forward nfe 0, backward nfe 0, Train: 0.9917, Val: 0.7956, Test: 0.7716, Best time: 18.2948
After OOD adjustment: Training instances of last class: 0
After OOD adjustment: Testing instances of last class: 53
Epoch: 059, Runtime 4.199991, Loss 0.267552, forward nfe 0, backward nfe 0, Train: 0.9917, Val: 0.7956, Test: 0.7716, Best time: 18.2948
After OOD adjustment: Training instances of last class: 0
After OOD adjustment: Testing instances of last class: 53
Epoch: 060, Runtime 4.220163, Loss 0.262852, forward nfe 0, backward nfe 0, Train: 0.9917, Val: 0.7956, Test: 0.7716, Best time: 18.2948
After OOD adjustment: Training instances of last class: 0
After OOD adjustment: Testing instances of last class: 53
Epoch: 061, Runtime 4.234860, Loss 0.256770, forward nfe 0, backward nfe 0, Train: 0.9917, Val: 0.7956, Test: 0.7716, Best time: 18.2948
After OOD adjustment: Training instances of last class: 0
After OOD adjustment: Testing instances of last class: 53
Epoch: 062, Runtime 4.216722, Loss 0.246886, forward nfe 0, backward nfe 0, Train: 0.9917, Val: 0.7956, Test: 0.7716, Best time: 18.2948
After OOD adjustment: Training instances of last class: 0
After OOD adjustment: Testing instances of last class: 53
Epoch: 063, Runtime 4.221237, Loss 0.240884, forward nfe 0, backward nfe 0, Train: 0.9917, Val: 0.7956, Test: 0.7716, Best time: 18.2948
After OOD adjustment: Training instances of last class: 0
After OOD adjustment: Testing instances of last class: 53
Epoch: 064, Runtime 4.308985, Loss 0.232274, forward nfe 0, backward nfe 0, Train: 0.9917, Val: 0.7985, Test: 0.7766, Best time: 18.2948
After OOD adjustment: Training instances of last class: 0
After OOD adjustment: Testing instances of last class: 53
Epoch: 065, Runtime 4.197695, Loss 0.217301, forward nfe 0, backward nfe 0, Train: 0.9917, Val: 0.7985, Test: 0.7766, Best time: 18.2948
After OOD adjustment: Training instances of last class: 0
After OOD adjustment: Testing instances of last class: 53
Epoch: 066, Runtime 4.208024, Loss 0.216408, forward nfe 0, backward nfe 0, Train: 0.9917, Val: 0.7985, Test: 0.7766, Best time: 18.2948
After OOD adjustment: Training instances of last class: 0
After OOD adjustment: Testing instances of last class: 53
Epoch: 067, Runtime 4.218861, Loss 0.201157, forward nfe 0, backward nfe 0, Train: 0.9917, Val: 0.7985, Test: 0.7766, Best time: 18.2948
After OOD adjustment: Training instances of last class: 0
After OOD adjustment: Testing instances of last class: 53
Epoch: 068, Runtime 4.223830, Loss 0.209916, forward nfe 0, backward nfe 0, Train: 0.9917, Val: 0.7985, Test: 0.7766, Best time: 18.2948
After OOD adjustment: Training instances of last class: 0
After OOD adjustment: Testing instances of last class: 53
Epoch: 069, Runtime 4.243478, Loss 0.186278, forward nfe 0, backward nfe 0, Train: 0.9917, Val: 0.7985, Test: 0.7766, Best time: 18.2948
After OOD adjustment: Training instances of last class: 0
After OOD adjustment: Testing instances of last class: 53
Epoch: 070, Runtime 4.347934, Loss 0.186250, forward nfe 0, backward nfe 0, Train: 0.9917, Val: 0.8000, Test: 0.7766, Best time: 18.2948
After OOD adjustment: Training instances of last class: 0
After OOD adjustment: Testing instances of last class: 53
Epoch: 071, Runtime 4.093482, Loss 0.178151, forward nfe 0, backward nfe 0, Train: 0.9917, Val: 0.8000, Test: 0.7766, Best time: 18.2948
After OOD adjustment: Training instances of last class: 0
After OOD adjustment: Testing instances of last class: 53
Epoch: 072, Runtime 4.159897, Loss 0.172142, forward nfe 0, backward nfe 0, Train: 0.9917, Val: 0.8000, Test: 0.7766, Best time: 18.2948
After OOD adjustment: Training instances of last class: 0
After OOD adjustment: Testing instances of last class: 53
Epoch: 073, Runtime 4.257128, Loss 0.168266, forward nfe 0, backward nfe 0, Train: 0.9917, Val: 0.8000, Test: 0.7766, Best time: 18.2948
After OOD adjustment: Training instances of last class: 0
After OOD adjustment: Testing instances of last class: 53
Epoch: 074, Runtime 4.236130, Loss 0.160224, forward nfe 0, backward nfe 0, Train: 0.9917, Val: 0.8000, Test: 0.7766, Best time: 18.2948
After OOD adjustment: Training instances of last class: 0
After OOD adjustment: Testing instances of last class: 53
Epoch: 075, Runtime 4.240458, Loss 0.159269, forward nfe 0, backward nfe 0, Train: 0.9917, Val: 0.8000, Test: 0.7766, Best time: 18.2948
After OOD adjustment: Training instances of last class: 0
After OOD adjustment: Testing instances of last class: 53
Epoch: 076, Runtime 4.184317, Loss 0.156715, forward nfe 0, backward nfe 0, Train: 0.9917, Val: 0.8000, Test: 0.7766, Best time: 18.2948
After OOD adjustment: Training instances of last class: 0
After OOD adjustment: Testing instances of last class: 53
Epoch: 077, Runtime 4.181629, Loss 0.152614, forward nfe 0, backward nfe 0, Train: 0.9917, Val: 0.8000, Test: 0.7766, Best time: 18.2948
After OOD adjustment: Training instances of last class: 0
After OOD adjustment: Testing instances of last class: 53
Epoch: 078, Runtime 4.227246, Loss 0.136171, forward nfe 0, backward nfe 0, Train: 0.9917, Val: 0.8000, Test: 0.7766, Best time: 18.2948
After OOD adjustment: Training instances of last class: 0
After OOD adjustment: Testing instances of last class: 53
Epoch: 079, Runtime 4.234413, Loss 0.144081, forward nfe 0, backward nfe 0, Train: 0.9917, Val: 0.8000, Test: 0.7766, Best time: 18.2948
After OOD adjustment: Training instances of last class: 0
After OOD adjustment: Testing instances of last class: 53
Epoch: 080, Runtime 4.270823, Loss 0.143873, forward nfe 0, backward nfe 0, Train: 0.9917, Val: 0.8000, Test: 0.7766, Best time: 18.2948
After OOD adjustment: Training instances of last class: 0
After OOD adjustment: Testing instances of last class: 53
Epoch: 081, Runtime 4.105427, Loss 0.133970, forward nfe 0, backward nfe 0, Train: 0.9917, Val: 0.8000, Test: 0.7766, Best time: 18.2948
After OOD adjustment: Training instances of last class: 0
After OOD adjustment: Testing instances of last class: 53
Epoch: 082, Runtime 4.033608, Loss 0.120259, forward nfe 0, backward nfe 0, Train: 0.9917, Val: 0.8000, Test: 0.7766, Best time: 18.2948
After OOD adjustment: Training instances of last class: 0
After OOD adjustment: Testing instances of last class: 53
Epoch: 083, Runtime 4.187410, Loss 0.130749, forward nfe 0, backward nfe 0, Train: 0.9917, Val: 0.8000, Test: 0.7766, Best time: 18.2948
After OOD adjustment: Training instances of last class: 0
After OOD adjustment: Testing instances of last class: 53
Epoch: 084, Runtime 4.253223, Loss 0.120019, forward nfe 0, backward nfe 0, Train: 0.9917, Val: 0.8000, Test: 0.7766, Best time: 18.2948
After OOD adjustment: Training instances of last class: 0
After OOD adjustment: Testing instances of last class: 53
Epoch: 085, Runtime 4.365744, Loss 0.109929, forward nfe 0, backward nfe 0, Train: 0.9917, Val: 0.8015, Test: 0.7766, Best time: 18.2948
After OOD adjustment: Training instances of last class: 0
After OOD adjustment: Testing instances of last class: 53
Epoch: 086, Runtime 4.213089, Loss 0.119937, forward nfe 0, backward nfe 0, Train: 0.9917, Val: 0.8015, Test: 0.7766, Best time: 18.2948
After OOD adjustment: Training instances of last class: 0
After OOD adjustment: Testing instances of last class: 53
Epoch: 087, Runtime 4.220715, Loss 0.122125, forward nfe 0, backward nfe 0, Train: 0.9917, Val: 0.8015, Test: 0.7766, Best time: 18.2948
After OOD adjustment: Training instances of last class: 0
After OOD adjustment: Testing instances of last class: 53
Epoch: 088, Runtime 4.220195, Loss 0.113317, forward nfe 0, backward nfe 0, Train: 0.9917, Val: 0.8015, Test: 0.7766, Best time: 18.2948
After OOD adjustment: Training instances of last class: 0
After OOD adjustment: Testing instances of last class: 53
Epoch: 089, Runtime 4.256663, Loss 0.100709, forward nfe 0, backward nfe 0, Train: 0.9917, Val: 0.8015, Test: 0.7766, Best time: 18.2948
After OOD adjustment: Training instances of last class: 0
After OOD adjustment: Testing instances of last class: 53
Epoch: 090, Runtime 4.272295, Loss 0.104209, forward nfe 0, backward nfe 0, Train: 0.9917, Val: 0.8015, Test: 0.7766, Best time: 18.2948
After OOD adjustment: Training instances of last class: 0
After OOD adjustment: Testing instances of last class: 53
Epoch: 091, Runtime 4.199776, Loss 0.101390, forward nfe 0, backward nfe 0, Train: 0.9917, Val: 0.8015, Test: 0.7766, Best time: 18.2948
After OOD adjustment: Training instances of last class: 0
After OOD adjustment: Testing instances of last class: 53
Epoch: 092, Runtime 4.190915, Loss 0.091504, forward nfe 0, backward nfe 0, Train: 0.9917, Val: 0.8015, Test: 0.7766, Best time: 18.2948
After OOD adjustment: Training instances of last class: 0
After OOD adjustment: Testing instances of last class: 53
Epoch: 093, Runtime 4.025506, Loss 0.096529, forward nfe 0, backward nfe 0, Train: 0.9917, Val: 0.8015, Test: 0.7766, Best time: 18.2948
After OOD adjustment: Training instances of last class: 0
After OOD adjustment: Testing instances of last class: 53
Epoch: 094, Runtime 4.042071, Loss 0.090467, forward nfe 0, backward nfe 0, Train: 0.9917, Val: 0.8015, Test: 0.7766, Best time: 18.2948
After OOD adjustment: Training instances of last class: 0
After OOD adjustment: Testing instances of last class: 53
Epoch: 095, Runtime 4.221973, Loss 0.090263, forward nfe 0, backward nfe 0, Train: 0.9917, Val: 0.8015, Test: 0.7766, Best time: 18.2948
After OOD adjustment: Training instances of last class: 0
After OOD adjustment: Testing instances of last class: 53
Epoch: 096, Runtime 4.273249, Loss 0.092105, forward nfe 0, backward nfe 0, Train: 0.9917, Val: 0.8015, Test: 0.7766, Best time: 18.2948
After OOD adjustment: Training instances of last class: 0
After OOD adjustment: Testing instances of last class: 53
Epoch: 097, Runtime 4.181096, Loss 0.094017, forward nfe 0, backward nfe 0, Train: 0.9917, Val: 0.8015, Test: 0.7766, Best time: 18.2948
After OOD adjustment: Training instances of last class: 0
After OOD adjustment: Testing instances of last class: 53
Epoch: 098, Runtime 4.221735, Loss 0.087427, forward nfe 0, backward nfe 0, Train: 0.9917, Val: 0.8015, Test: 0.7766, Best time: 18.2948
After OOD adjustment: Training instances of last class: 0
After OOD adjustment: Testing instances of last class: 53
Epoch: 099, Runtime 4.239829, Loss 0.085964, forward nfe 0, backward nfe 0, Train: 0.9917, Val: 0.8015, Test: 0.7766, Best time: 18.2948
After OOD adjustment: Training instances of last class: 0
After OOD adjustment: Testing instances of last class: 53
Epoch: 100, Runtime 4.274788, Loss 0.079846, forward nfe 0, backward nfe 0, Train: 0.9917, Val: 0.8015, Test: 0.7766, Best time: 18.2948
After OOD adjustment: Training instances of last class: 0
After OOD adjustment: Testing instances of last class: 53
Epoch: 101, Runtime 4.281894, Loss 0.082054, forward nfe 0, backward nfe 0, Train: 0.9917, Val: 0.8015, Test: 0.7766, Best time: 18.2948
After OOD adjustment: Training instances of last class: 0
After OOD adjustment: Testing instances of last class: 53
Epoch: 102, Runtime 4.273983, Loss 0.085257, forward nfe 0, backward nfe 0, Train: 0.9917, Val: 0.8015, Test: 0.7766, Best time: 18.2948
After OOD adjustment: Training instances of last class: 0
After OOD adjustment: Testing instances of last class: 53
Epoch: 103, Runtime 4.245208, Loss 0.076973, forward nfe 0, backward nfe 0, Train: 0.9917, Val: 0.8015, Test: 0.7766, Best time: 18.2948
After OOD adjustment: Training instances of last class: 0
After OOD adjustment: Testing instances of last class: 53
Epoch: 104, Runtime 4.250891, Loss 0.079575, forward nfe 0, backward nfe 0, Train: 0.9917, Val: 0.8015, Test: 0.7766, Best time: 18.2948
After OOD adjustment: Training instances of last class: 0
After OOD adjustment: Testing instances of last class: 53
Epoch: 105, Runtime 4.248800, Loss 0.072503, forward nfe 0, backward nfe 0, Train: 0.9917, Val: 0.8015, Test: 0.7766, Best time: 18.2948
After OOD adjustment: Training instances of last class: 0
After OOD adjustment: Testing instances of last class: 53
Epoch: 106, Runtime 4.289314, Loss 0.066500, forward nfe 0, backward nfe 0, Train: 0.9917, Val: 0.8015, Test: 0.7766, Best time: 18.2948
After OOD adjustment: Training instances of last class: 0
After OOD adjustment: Testing instances of last class: 53
Epoch: 107, Runtime 4.226333, Loss 0.075730, forward nfe 0, backward nfe 0, Train: 0.9917, Val: 0.8015, Test: 0.7766, Best time: 18.2948
After OOD adjustment: Training instances of last class: 0
After OOD adjustment: Testing instances of last class: 53
Epoch: 108, Runtime 4.279077, Loss 0.074442, forward nfe 0, backward nfe 0, Train: 0.9917, Val: 0.8015, Test: 0.7766, Best time: 18.2948
After OOD adjustment: Training instances of last class: 0
After OOD adjustment: Testing instances of last class: 53
Epoch: 109, Runtime 4.239285, Loss 0.070252, forward nfe 0, backward nfe 0, Train: 0.9917, Val: 0.8015, Test: 0.7766, Best time: 18.2948
After OOD adjustment: Training instances of last class: 0
After OOD adjustment: Testing instances of last class: 53
Epoch: 110, Runtime 4.249827, Loss 0.072640, forward nfe 0, backward nfe 0, Train: 0.9917, Val: 0.8015, Test: 0.7766, Best time: 18.2948
After OOD adjustment: Training instances of last class: 0
After OOD adjustment: Testing instances of last class: 53
Epoch: 111, Runtime 4.290082, Loss 0.065979, forward nfe 0, backward nfe 0, Train: 0.9917, Val: 0.8015, Test: 0.7766, Best time: 18.2948
After OOD adjustment: Training instances of last class: 0
After OOD adjustment: Testing instances of last class: 53
Epoch: 112, Runtime 4.253543, Loss 0.068012, forward nfe 0, backward nfe 0, Train: 0.9917, Val: 0.8015, Test: 0.7766, Best time: 18.2948
After OOD adjustment: Training instances of last class: 0
After OOD adjustment: Testing instances of last class: 53
Epoch: 113, Runtime 4.263893, Loss 0.064614, forward nfe 0, backward nfe 0, Train: 0.9917, Val: 0.8015, Test: 0.7766, Best time: 18.2948
After OOD adjustment: Training instances of last class: 0
After OOD adjustment: Testing instances of last class: 53
Epoch: 114, Runtime 4.310668, Loss 0.065933, forward nfe 0, backward nfe 0, Train: 0.9917, Val: 0.8015, Test: 0.7766, Best time: 18.2948
After OOD adjustment: Training instances of last class: 0
After OOD adjustment: Testing instances of last class: 53
Epoch: 115, Runtime 4.291798, Loss 0.060932, forward nfe 0, backward nfe 0, Train: 0.9917, Val: 0.8015, Test: 0.7766, Best time: 18.2948
After OOD adjustment: Training instances of last class: 0
After OOD adjustment: Testing instances of last class: 53
Epoch: 116, Runtime 4.317237, Loss 0.062346, forward nfe 0, backward nfe 0, Train: 0.9917, Val: 0.8015, Test: 0.7766, Best time: 18.2948
After OOD adjustment: Training instances of last class: 0
After OOD adjustment: Testing instances of last class: 53
Epoch: 117, Runtime 4.325575, Loss 0.063882, forward nfe 0, backward nfe 0, Train: 0.9917, Val: 0.8015, Test: 0.7766, Best time: 18.2948
After OOD adjustment: Training instances of last class: 0
After OOD adjustment: Testing instances of last class: 53
Epoch: 118, Runtime 4.321444, Loss 0.063478, forward nfe 0, backward nfe 0, Train: 0.9917, Val: 0.8015, Test: 0.7766, Best time: 18.2948
After OOD adjustment: Training instances of last class: 0
After OOD adjustment: Testing instances of last class: 53
Epoch: 119, Runtime 4.307535, Loss 0.057595, forward nfe 0, backward nfe 0, Train: 0.9917, Val: 0.8015, Test: 0.7766, Best time: 18.2948
After OOD adjustment: Training instances of last class: 0
After OOD adjustment: Testing instances of last class: 53
Epoch: 120, Runtime 4.339301, Loss 0.059785, forward nfe 0, backward nfe 0, Train: 0.9917, Val: 0.8015, Test: 0.7766, Best time: 18.2948
After OOD adjustment: Training instances of last class: 0
After OOD adjustment: Testing instances of last class: 53
Epoch: 121, Runtime 4.317192, Loss 0.057500, forward nfe 0, backward nfe 0, Train: 0.9917, Val: 0.8015, Test: 0.7766, Best time: 18.2948
After OOD adjustment: Training instances of last class: 0
After OOD adjustment: Testing instances of last class: 53
Epoch: 122, Runtime 4.299236, Loss 0.054952, forward nfe 0, backward nfe 0, Train: 0.9917, Val: 0.8015, Test: 0.7766, Best time: 18.2948
After OOD adjustment: Training instances of last class: 0
After OOD adjustment: Testing instances of last class: 53
Epoch: 123, Runtime 4.302825, Loss 0.053479, forward nfe 0, backward nfe 0, Train: 0.9917, Val: 0.8015, Test: 0.7766, Best time: 18.2948
After OOD adjustment: Training instances of last class: 0
After OOD adjustment: Testing instances of last class: 53
Epoch: 124, Runtime 4.335580, Loss 0.064983, forward nfe 0, backward nfe 0, Train: 0.9917, Val: 0.8015, Test: 0.7766, Best time: 18.2948
After OOD adjustment: Training instances of last class: 0
After OOD adjustment: Testing instances of last class: 53
Epoch: 125, Runtime 4.245182, Loss 0.054722, forward nfe 0, backward nfe 0, Train: 0.9917, Val: 0.8015, Test: 0.7766, Best time: 18.2948
After OOD adjustment: Training instances of last class: 0
After OOD adjustment: Testing instances of last class: 53
Epoch: 126, Runtime 4.144722, Loss 0.051769, forward nfe 0, backward nfe 0, Train: 0.9917, Val: 0.8015, Test: 0.7766, Best time: 18.2948
After OOD adjustment: Training instances of last class: 0
After OOD adjustment: Testing instances of last class: 53
Epoch: 127, Runtime 4.059011, Loss 0.049441, forward nfe 0, backward nfe 0, Train: 0.9917, Val: 0.8015, Test: 0.7766, Best time: 18.2948
After OOD adjustment: Training instances of last class: 0
After OOD adjustment: Testing instances of last class: 53
Epoch: 128, Runtime 4.038111, Loss 0.052284, forward nfe 0, backward nfe 0, Train: 0.9917, Val: 0.8015, Test: 0.7766, Best time: 18.2948
After OOD adjustment: Training instances of last class: 0
After OOD adjustment: Testing instances of last class: 53
Epoch: 129, Runtime 4.163638, Loss 0.049395, forward nfe 0, backward nfe 0, Train: 0.9917, Val: 0.8015, Test: 0.7766, Best time: 18.2948
After OOD adjustment: Training instances of last class: 0
After OOD adjustment: Testing instances of last class: 53
Epoch: 130, Runtime 4.269671, Loss 0.048497, forward nfe 0, backward nfe 0, Train: 0.9917, Val: 0.8015, Test: 0.7766, Best time: 18.2948
After OOD adjustment: Training instances of last class: 0
After OOD adjustment: Testing instances of last class: 53
Epoch: 131, Runtime 4.312360, Loss 0.049121, forward nfe 0, backward nfe 0, Train: 0.9917, Val: 0.8015, Test: 0.7766, Best time: 18.2948
After OOD adjustment: Training instances of last class: 0
After OOD adjustment: Testing instances of last class: 53
Epoch: 132, Runtime 4.271164, Loss 0.042580, forward nfe 0, backward nfe 0, Train: 0.9917, Val: 0.8015, Test: 0.7766, Best time: 18.2948
After OOD adjustment: Training instances of last class: 0
After OOD adjustment: Testing instances of last class: 53
Epoch: 133, Runtime 4.066437, Loss 0.044394, forward nfe 0, backward nfe 0, Train: 0.9917, Val: 0.8015, Test: 0.7766, Best time: 18.2948
After OOD adjustment: Training instances of last class: 0
After OOD adjustment: Testing instances of last class: 53
Epoch: 134, Runtime 4.078738, Loss 0.048367, forward nfe 0, backward nfe 0, Train: 0.9917, Val: 0.8015, Test: 0.7766, Best time: 18.2948
After OOD adjustment: Training instances of last class: 0
After OOD adjustment: Testing instances of last class: 53
Epoch: 135, Runtime 4.075804, Loss 0.049253, forward nfe 0, backward nfe 0, Train: 0.9917, Val: 0.8015, Test: 0.7766, Best time: 18.2948
After OOD adjustment: Training instances of last class: 0
After OOD adjustment: Testing instances of last class: 53
Epoch: 136, Runtime 4.347998, Loss 0.046360, forward nfe 0, backward nfe 0, Train: 0.9917, Val: 0.8015, Test: 0.7766, Best time: 18.2948
After OOD adjustment: Training instances of last class: 0
After OOD adjustment: Testing instances of last class: 53
Epoch: 137, Runtime 4.334892, Loss 0.045090, forward nfe 0, backward nfe 0, Train: 0.9917, Val: 0.8015, Test: 0.7766, Best time: 18.2948
After OOD adjustment: Training instances of last class: 0
After OOD adjustment: Testing instances of last class: 53
Epoch: 138, Runtime 4.347837, Loss 0.045680, forward nfe 0, backward nfe 0, Train: 0.9917, Val: 0.8015, Test: 0.7766, Best time: 18.2948
After OOD adjustment: Training instances of last class: 0
After OOD adjustment: Testing instances of last class: 53
Epoch: 139, Runtime 4.322081, Loss 0.043226, forward nfe 0, backward nfe 0, Train: 0.9917, Val: 0.8015, Test: 0.7766, Best time: 18.2948
After OOD adjustment: Training instances of last class: 0
After OOD adjustment: Testing instances of last class: 53
Epoch: 140, Runtime 4.318744, Loss 0.040303, forward nfe 0, backward nfe 0, Train: 0.9917, Val: 0.8015, Test: 0.7766, Best time: 18.2948
After OOD adjustment: Training instances of last class: 0
After OOD adjustment: Testing instances of last class: 53
Epoch: 141, Runtime 4.297268, Loss 0.038560, forward nfe 0, backward nfe 0, Train: 0.9917, Val: 0.8015, Test: 0.7766, Best time: 18.2948
After OOD adjustment: Training instances of last class: 0
After OOD adjustment: Testing instances of last class: 53
Epoch: 142, Runtime 4.169266, Loss 0.040722, forward nfe 0, backward nfe 0, Train: 0.9917, Val: 0.8015, Test: 0.7766, Best time: 18.2948
After OOD adjustment: Training instances of last class: 0
After OOD adjustment: Testing instances of last class: 53
Epoch: 143, Runtime 4.307163, Loss 0.046481, forward nfe 0, backward nfe 0, Train: 0.9917, Val: 0.8015, Test: 0.7766, Best time: 18.2948
After OOD adjustment: Training instances of last class: 0
After OOD adjustment: Testing instances of last class: 53
Epoch: 144, Runtime 4.349316, Loss 0.041324, forward nfe 0, backward nfe 0, Train: 0.9917, Val: 0.8015, Test: 0.7766, Best time: 18.2948
After OOD adjustment: Training instances of last class: 0
After OOD adjustment: Testing instances of last class: 53
Epoch: 145, Runtime 4.321011, Loss 0.041007, forward nfe 0, backward nfe 0, Train: 0.9917, Val: 0.8015, Test: 0.7766, Best time: 18.2948
After OOD adjustment: Training instances of last class: 0
After OOD adjustment: Testing instances of last class: 53
Epoch: 146, Runtime 4.295246, Loss 0.040784, forward nfe 0, backward nfe 0, Train: 0.9917, Val: 0.8015, Test: 0.7766, Best time: 18.2948
After OOD adjustment: Training instances of last class: 0
After OOD adjustment: Testing instances of last class: 53
Epoch: 147, Runtime 4.356556, Loss 0.038054, forward nfe 0, backward nfe 0, Train: 0.9917, Val: 0.8015, Test: 0.7766, Best time: 18.2948
After OOD adjustment: Training instances of last class: 0
After OOD adjustment: Testing instances of last class: 53
Epoch: 148, Runtime 4.331860, Loss 0.038922, forward nfe 0, backward nfe 0, Train: 0.9917, Val: 0.8015, Test: 0.7766, Best time: 18.2948
After OOD adjustment: Training instances of last class: 0
After OOD adjustment: Testing instances of last class: 53
Epoch: 149, Runtime 4.354694, Loss 0.038510, forward nfe 0, backward nfe 0, Train: 0.9917, Val: 0.8015, Test: 0.7766, Best time: 18.2948
After OOD adjustment: Training instances of last class: 0
After OOD adjustment: Testing instances of last class: 53
Epoch: 150, Runtime 4.119579, Loss 0.035647, forward nfe 0, backward nfe 0, Train: 0.9917, Val: 0.8015, Test: 0.7766, Best time: 18.2948
After OOD adjustment: Training instances of last class: 0
After OOD adjustment: Testing instances of last class: 53
Epoch: 151, Runtime 4.098319, Loss 0.037536, forward nfe 0, backward nfe 0, Train: 0.9917, Val: 0.8015, Test: 0.7766, Best time: 18.2948
After OOD adjustment: Training instances of last class: 0
After OOD adjustment: Testing instances of last class: 53
Epoch: 152, Runtime 4.070545, Loss 0.041922, forward nfe 0, backward nfe 0, Train: 0.9917, Val: 0.8015, Test: 0.7766, Best time: 18.2948
After OOD adjustment: Training instances of last class: 0
After OOD adjustment: Testing instances of last class: 53
Epoch: 153, Runtime 4.100882, Loss 0.038588, forward nfe 0, backward nfe 0, Train: 0.9917, Val: 0.8015, Test: 0.7766, Best time: 18.2948
After OOD adjustment: Training instances of last class: 0
After OOD adjustment: Testing instances of last class: 53
Epoch: 154, Runtime 4.111143, Loss 0.039657, forward nfe 0, backward nfe 0, Train: 0.9917, Val: 0.8015, Test: 0.7766, Best time: 18.2948
After OOD adjustment: Training instances of last class: 0
After OOD adjustment: Testing instances of last class: 53
Epoch: 155, Runtime 4.166502, Loss 0.038044, forward nfe 0, backward nfe 0, Train: 0.9917, Val: 0.8015, Test: 0.7766, Best time: 18.2948
After OOD adjustment: Training instances of last class: 0
After OOD adjustment: Testing instances of last class: 53
Epoch: 156, Runtime 4.152274, Loss 0.036573, forward nfe 0, backward nfe 0, Train: 0.9917, Val: 0.8015, Test: 0.7766, Best time: 18.2948
After OOD adjustment: Training instances of last class: 0
After OOD adjustment: Testing instances of last class: 53
Epoch: 157, Runtime 4.091745, Loss 0.033355, forward nfe 0, backward nfe 0, Train: 0.9917, Val: 0.8015, Test: 0.7766, Best time: 18.2948
After OOD adjustment: Training instances of last class: 0
After OOD adjustment: Testing instances of last class: 53
Epoch: 158, Runtime 4.142407, Loss 0.034932, forward nfe 0, backward nfe 0, Train: 0.9917, Val: 0.8015, Test: 0.7766, Best time: 18.2948
After OOD adjustment: Training instances of last class: 0
After OOD adjustment: Testing instances of last class: 53
Epoch: 159, Runtime 4.100242, Loss 0.039176, forward nfe 0, backward nfe 0, Train: 0.9917, Val: 0.8015, Test: 0.7766, Best time: 18.2948
After OOD adjustment: Training instances of last class: 0
After OOD adjustment: Testing instances of last class: 53
Epoch: 160, Runtime 4.182695, Loss 0.038241, forward nfe 0, backward nfe 0, Train: 0.9917, Val: 0.8015, Test: 0.7766, Best time: 18.2948
After OOD adjustment: Training instances of last class: 0
After OOD adjustment: Testing instances of last class: 53
Epoch: 161, Runtime 4.227016, Loss 0.032114, forward nfe 0, backward nfe 0, Train: 0.9917, Val: 0.8015, Test: 0.7766, Best time: 18.2948
After OOD adjustment: Training instances of last class: 0
After OOD adjustment: Testing instances of last class: 53
Epoch: 162, Runtime 4.110363, Loss 0.032656, forward nfe 0, backward nfe 0, Train: 0.9917, Val: 0.8015, Test: 0.7766, Best time: 18.2948
After OOD adjustment: Training instances of last class: 0
After OOD adjustment: Testing instances of last class: 53
Epoch: 163, Runtime 4.085093, Loss 0.028090, forward nfe 0, backward nfe 0, Train: 0.9917, Val: 0.8015, Test: 0.7766, Best time: 18.2948
After OOD adjustment: Training instances of last class: 0
After OOD adjustment: Testing instances of last class: 53
Epoch: 164, Runtime 4.177546, Loss 0.032349, forward nfe 0, backward nfe 0, Train: 0.9917, Val: 0.8015, Test: 0.7766, Best time: 18.2948
After OOD adjustment: Training instances of last class: 0
After OOD adjustment: Testing instances of last class: 53
Epoch: 165, Runtime 4.388855, Loss 0.034921, forward nfe 0, backward nfe 0, Train: 0.9917, Val: 0.8015, Test: 0.7766, Best time: 18.2948
After OOD adjustment: Training instances of last class: 0
After OOD adjustment: Testing instances of last class: 53
Epoch: 166, Runtime 4.378632, Loss 0.033640, forward nfe 0, backward nfe 0, Train: 0.9917, Val: 0.8015, Test: 0.7766, Best time: 18.2948
After OOD adjustment: Training instances of last class: 0
After OOD adjustment: Testing instances of last class: 53
Epoch: 167, Runtime 4.175874, Loss 0.032420, forward nfe 0, backward nfe 0, Train: 0.9917, Val: 0.8015, Test: 0.7766, Best time: 18.2948
After OOD adjustment: Training instances of last class: 0
After OOD adjustment: Testing instances of last class: 53
Epoch: 168, Runtime 4.145906, Loss 0.034352, forward nfe 0, backward nfe 0, Train: 0.9917, Val: 0.8015, Test: 0.7766, Best time: 18.2948
After OOD adjustment: Training instances of last class: 0
After OOD adjustment: Testing instances of last class: 53
Epoch: 169, Runtime 4.066765, Loss 0.029214, forward nfe 0, backward nfe 0, Train: 0.9917, Val: 0.8015, Test: 0.7766, Best time: 18.2948
After OOD adjustment: Training instances of last class: 0
After OOD adjustment: Testing instances of last class: 53
Epoch: 170, Runtime 4.097174, Loss 0.032004, forward nfe 0, backward nfe 0, Train: 0.9917, Val: 0.8015, Test: 0.7766, Best time: 18.2948
After OOD adjustment: Training instances of last class: 0
After OOD adjustment: Testing instances of last class: 53
Epoch: 171, Runtime 4.310868, Loss 0.029260, forward nfe 0, backward nfe 0, Train: 0.9917, Val: 0.8015, Test: 0.7766, Best time: 18.2948
After OOD adjustment: Training instances of last class: 0
After OOD adjustment: Testing instances of last class: 53
Epoch: 172, Runtime 4.373610, Loss 0.028988, forward nfe 0, backward nfe 0, Train: 0.9917, Val: 0.8015, Test: 0.7766, Best time: 18.2948
After OOD adjustment: Training instances of last class: 0
After OOD adjustment: Testing instances of last class: 53
Epoch: 173, Runtime 4.353944, Loss 0.029926, forward nfe 0, backward nfe 0, Train: 0.9917, Val: 0.8015, Test: 0.7766, Best time: 18.2948
After OOD adjustment: Training instances of last class: 0
After OOD adjustment: Testing instances of last class: 53
Epoch: 174, Runtime 4.371816, Loss 0.032977, forward nfe 0, backward nfe 0, Train: 0.9917, Val: 0.8015, Test: 0.7766, Best time: 18.2948
After OOD adjustment: Training instances of last class: 0
After OOD adjustment: Testing instances of last class: 53
Epoch: 175, Runtime 4.307363, Loss 0.030844, forward nfe 0, backward nfe 0, Train: 0.9917, Val: 0.8015, Test: 0.7766, Best time: 18.2948
After OOD adjustment: Training instances of last class: 0
After OOD adjustment: Testing instances of last class: 53
Epoch: 176, Runtime 4.297586, Loss 0.029332, forward nfe 0, backward nfe 0, Train: 0.9917, Val: 0.8015, Test: 0.7766, Best time: 18.2948
After OOD adjustment: Training instances of last class: 0
After OOD adjustment: Testing instances of last class: 53
Epoch: 177, Runtime 4.320932, Loss 0.036820, forward nfe 0, backward nfe 0, Train: 0.9917, Val: 0.8015, Test: 0.7766, Best time: 18.2948
After OOD adjustment: Training instances of last class: 0
After OOD adjustment: Testing instances of last class: 53
Epoch: 178, Runtime 4.348974, Loss 0.028735, forward nfe 0, backward nfe 0, Train: 0.9917, Val: 0.8015, Test: 0.7766, Best time: 18.2948
After OOD adjustment: Training instances of last class: 0
After OOD adjustment: Testing instances of last class: 53
Epoch: 179, Runtime 4.364457, Loss 0.030634, forward nfe 0, backward nfe 0, Train: 0.9917, Val: 0.8015, Test: 0.7766, Best time: 18.2948
After OOD adjustment: Training instances of last class: 0
After OOD adjustment: Testing instances of last class: 53
Epoch: 180, Runtime 4.374399, Loss 0.029796, forward nfe 0, backward nfe 0, Train: 0.9917, Val: 0.8015, Test: 0.7766, Best time: 18.2948
After OOD adjustment: Training instances of last class: 0
After OOD adjustment: Testing instances of last class: 53
Epoch: 181, Runtime 4.367903, Loss 0.030546, forward nfe 0, backward nfe 0, Train: 0.9917, Val: 0.8015, Test: 0.7766, Best time: 18.2948
After OOD adjustment: Training instances of last class: 0
After OOD adjustment: Testing instances of last class: 53
Epoch: 182, Runtime 4.348973, Loss 0.025316, forward nfe 0, backward nfe 0, Train: 0.9917, Val: 0.8015, Test: 0.7766, Best time: 18.2948
After OOD adjustment: Training instances of last class: 0
After OOD adjustment: Testing instances of last class: 53
Epoch: 183, Runtime 4.375100, Loss 0.025206, forward nfe 0, backward nfe 0, Train: 0.9917, Val: 0.8015, Test: 0.7766, Best time: 18.2948
After OOD adjustment: Training instances of last class: 0
After OOD adjustment: Testing instances of last class: 53
Epoch: 184, Runtime 4.423213, Loss 0.026987, forward nfe 0, backward nfe 0, Train: 0.9917, Val: 0.8015, Test: 0.7766, Best time: 18.2948
After OOD adjustment: Training instances of last class: 0
After OOD adjustment: Testing instances of last class: 53
Epoch: 185, Runtime 4.394756, Loss 0.023804, forward nfe 0, backward nfe 0, Train: 0.9917, Val: 0.8015, Test: 0.7766, Best time: 18.2948
After OOD adjustment: Training instances of last class: 0
After OOD adjustment: Testing instances of last class: 53
Epoch: 186, Runtime 4.413881, Loss 0.023959, forward nfe 0, backward nfe 0, Train: 0.9917, Val: 0.8015, Test: 0.7766, Best time: 18.2948
After OOD adjustment: Training instances of last class: 0
After OOD adjustment: Testing instances of last class: 53
Epoch: 187, Runtime 4.367903, Loss 0.023152, forward nfe 0, backward nfe 0, Train: 0.9917, Val: 0.8015, Test: 0.7766, Best time: 18.2948
After OOD adjustment: Training instances of last class: 0
After OOD adjustment: Testing instances of last class: 53
Epoch: 188, Runtime 4.374513, Loss 0.024127, forward nfe 0, backward nfe 0, Train: 0.9917, Val: 0.8015, Test: 0.7766, Best time: 18.2948
After OOD adjustment: Training instances of last class: 0
After OOD adjustment: Testing instances of last class: 53
Epoch: 189, Runtime 4.420642, Loss 0.022133, forward nfe 0, backward nfe 0, Train: 0.9917, Val: 0.8015, Test: 0.7766, Best time: 18.2948
After OOD adjustment: Training instances of last class: 0
After OOD adjustment: Testing instances of last class: 53
Epoch: 190, Runtime 4.381251, Loss 0.024839, forward nfe 0, backward nfe 0, Train: 0.9917, Val: 0.8015, Test: 0.7766, Best time: 18.2948
After OOD adjustment: Training instances of last class: 0
After OOD adjustment: Testing instances of last class: 53
Epoch: 191, Runtime 4.162640, Loss 0.024138, forward nfe 0, backward nfe 0, Train: 0.9917, Val: 0.8015, Test: 0.7766, Best time: 18.2948
After OOD adjustment: Training instances of last class: 0
After OOD adjustment: Testing instances of last class: 53
Epoch: 192, Runtime 4.338072, Loss 0.029581, forward nfe 0, backward nfe 0, Train: 0.9917, Val: 0.8015, Test: 0.7766, Best time: 18.2948
After OOD adjustment: Training instances of last class: 0
After OOD adjustment: Testing instances of last class: 53
Epoch: 193, Runtime 4.399428, Loss 0.023077, forward nfe 0, backward nfe 0, Train: 0.9917, Val: 0.8015, Test: 0.7766, Best time: 18.2948
After OOD adjustment: Training instances of last class: 0
After OOD adjustment: Testing instances of last class: 53
Epoch: 194, Runtime 4.233888, Loss 0.026748, forward nfe 0, backward nfe 0, Train: 0.9917, Val: 0.8015, Test: 0.7766, Best time: 18.2948
After OOD adjustment: Training instances of last class: 0
After OOD adjustment: Testing instances of last class: 53
Epoch: 195, Runtime 4.194029, Loss 0.026344, forward nfe 0, backward nfe 0, Train: 0.9917, Val: 0.8015, Test: 0.7766, Best time: 18.2948
After OOD adjustment: Training instances of last class: 0
After OOD adjustment: Testing instances of last class: 53
Epoch: 196, Runtime 4.449328, Loss 0.024151, forward nfe 0, backward nfe 0, Train: 0.9917, Val: 0.8015, Test: 0.7766, Best time: 18.2948
After OOD adjustment: Training instances of last class: 0
After OOD adjustment: Testing instances of last class: 53
Epoch: 197, Runtime 4.407714, Loss 0.024954, forward nfe 0, backward nfe 0, Train: 0.9917, Val: 0.8015, Test: 0.7766, Best time: 18.2948
After OOD adjustment: Training instances of last class: 0
After OOD adjustment: Testing instances of last class: 53
Epoch: 198, Runtime 4.444790, Loss 0.021218, forward nfe 0, backward nfe 0, Train: 0.9917, Val: 0.8015, Test: 0.7766, Best time: 18.2948
After OOD adjustment: Training instances of last class: 0
After OOD adjustment: Testing instances of last class: 53
Epoch: 199, Runtime 4.382451, Loss 0.025119, forward nfe 0, backward nfe 0, Train: 0.9917, Val: 0.8015, Test: 0.7766, Best time: 18.2948
best val accuracy 0.801471 with test accuracy 0.776650 at epoch 85 and best time 18.294754
base_directory resutls_prob/OOD_Cora
new_name:  lgnsde_ODD
file_path 1 resutls_prob/OOD_Cora/lgnsde_ODD_prediction_probabilities_98.npz
file_path 2 resutls_prob/OOD_Cora/lgnsde_ODD_prediction_probabilities_98.npz
Entropy Threshold: inf Test accuracy: 0.7776649746192893
Entropy Threshold: 2 Test accuracy: 0.7796954314720812
Entropy Threshold: 1.6 Test accuracy: 0.7927350427350427
Entropy Threshold: 1.5 Test accuracy: 0.8043728423475259
Entropy Threshold: 1.4 Test accuracy: 0.831858407079646
Entropy Threshold: 1.3 Test accuracy: 0.8535911602209945
Entropy Threshold: 1.2 Test accuracy: 0.86875
Entropy Threshold: 1.1 Test accuracy: 0.8890814558058926
Entropy Threshold: 0.9 Test accuracy: 0.9029535864978903
Entropy Threshold: 0.8 Test accuracy: 0.9125295508274232
Entropy Threshold: 0.7 Test accuracy: 0.9093406593406593
Entropy Threshold: 0.6 Test accuracy: 0.9238410596026491
Entropy Threshold: 0.5 Test accuracy: 0.9390243902439024
Entropy Threshold: 0.4 Test accuracy: 0.9536082474226805
Entropy Threshold: 0.3 Test accuracy: 0.9642857142857143
Entropy Threshold: 0.2 Test accuracy: 0.9789473684210527
Entropy Threshold: 0.1 Test accuracy: 0.9714285714285714
