[KeOps] Warning : cuda was detected, but driver API could not be initialized. Switching to cpu only.
Folder already exists: results/photo
experiment: 0
Dataset size (num_nodes): 7487, Intended development set size (num_development): 1500
Dataset size (num_nodes): 7487, Actual development set size (num_development): 1500
rations: train 160, val 1340, test 5987
Before OOD adjustment: Total instances of last class: 331
Before OOD adjustment: Training instances of last class: 20
Before OOD adjustment: Testing instances of last class: 267
Before OOD adjustment: Val instances of last class: 44
total train + val+ test 331
After OOD adjustment: Training instances of last class: 0
After OOD adjustment: Testing instances of last class: 267
Total number of classes: 8
number of classes to train: 7
MyGCN2(
  (conv1): GCNConv(745, 64)
  (conv4): GCNConv(64, 7)
)
conv1.bias
torch.Size([64])
conv1.lin.weight
torch.Size([64, 745])
conv4.bias
torch.Size([7])
conv4.lin.weight
torch.Size([7, 64])
After OOD adjustment: Training instances of last class: 0
After OOD adjustment: Testing instances of last class: 267
Epoch: 001, Runtime 0.246495, Loss 2.127427, forward nfe 0, backward nfe 0, Train: 0.1500, Val: 0.1351, Test: 0.1343, Best time: 3.5824
After OOD adjustment: Training instances of last class: 0
After OOD adjustment: Testing instances of last class: 267
Epoch: 002, Runtime 0.231759, Loss 1.997550, forward nfe 0, backward nfe 0, Train: 0.1500, Val: 0.1351, Test: 0.1343, Best time: 3.5824
After OOD adjustment: Training instances of last class: 0
After OOD adjustment: Testing instances of last class: 267
Epoch: 003, Runtime 0.330374, Loss 1.942960, forward nfe 0, backward nfe 0, Train: 0.3500, Val: 0.4097, Test: 0.3858, Best time: 3.5824
After OOD adjustment: Training instances of last class: 0
After OOD adjustment: Testing instances of last class: 267
Epoch: 004, Runtime 0.320591, Loss 1.835828, forward nfe 0, backward nfe 0, Train: 0.3857, Val: 0.4239, Test: 0.4029, Best time: 3.5824
After OOD adjustment: Training instances of last class: 0
After OOD adjustment: Testing instances of last class: 267
Epoch: 005, Runtime 0.319591, Loss 1.752889, forward nfe 0, backward nfe 0, Train: 0.4000, Val: 0.4291, Test: 0.4281, Best time: 3.5824
After OOD adjustment: Training instances of last class: 0
After OOD adjustment: Testing instances of last class: 267
Epoch: 006, Runtime 0.320226, Loss 1.652386, forward nfe 0, backward nfe 0, Train: 0.5571, Val: 0.4634, Test: 0.4899, Best time: 3.5824
After OOD adjustment: Training instances of last class: 0
After OOD adjustment: Testing instances of last class: 267
Epoch: 007, Runtime 0.328051, Loss 1.547865, forward nfe 0, backward nfe 0, Train: 0.6571, Val: 0.4858, Test: 0.4999, Best time: 3.5824
After OOD adjustment: Training instances of last class: 0
After OOD adjustment: Testing instances of last class: 267
Epoch: 008, Runtime 0.320081, Loss 1.463842, forward nfe 0, backward nfe 0, Train: 0.7000, Val: 0.5007, Test: 0.5435, Best time: 3.5824
After OOD adjustment: Training instances of last class: 0
After OOD adjustment: Testing instances of last class: 267
Epoch: 009, Runtime 0.231904, Loss 1.407475, forward nfe 0, backward nfe 0, Train: 0.7000, Val: 0.5007, Test: 0.5435, Best time: 3.5824
After OOD adjustment: Training instances of last class: 0
After OOD adjustment: Testing instances of last class: 267
Epoch: 010, Runtime 0.318704, Loss 1.359387, forward nfe 0, backward nfe 0, Train: 0.8071, Val: 0.6149, Test: 0.6549, Best time: 3.5824
After OOD adjustment: Training instances of last class: 0
After OOD adjustment: Testing instances of last class: 267
Epoch: 011, Runtime 0.319781, Loss 1.290719, forward nfe 0, backward nfe 0, Train: 0.8857, Val: 0.7821, Test: 0.8049, Best time: 3.5824
After OOD adjustment: Training instances of last class: 0
After OOD adjustment: Testing instances of last class: 267
Epoch: 012, Runtime 0.320975, Loss 1.217691, forward nfe 0, backward nfe 0, Train: 0.9071, Val: 0.8231, Test: 0.8305, Best time: 3.5824
After OOD adjustment: Training instances of last class: 0
After OOD adjustment: Testing instances of last class: 267
Epoch: 013, Runtime 0.232018, Loss 1.157785, forward nfe 0, backward nfe 0, Train: 0.9071, Val: 0.8231, Test: 0.8305, Best time: 3.5824
After OOD adjustment: Training instances of last class: 0
After OOD adjustment: Testing instances of last class: 267
Epoch: 014, Runtime 0.230609, Loss 1.106762, forward nfe 0, backward nfe 0, Train: 0.9071, Val: 0.8231, Test: 0.8305, Best time: 3.5824
After OOD adjustment: Training instances of last class: 0
After OOD adjustment: Testing instances of last class: 267
Epoch: 015, Runtime 0.230917, Loss 1.059818, forward nfe 0, backward nfe 0, Train: 0.9071, Val: 0.8231, Test: 0.8305, Best time: 3.5824
After OOD adjustment: Training instances of last class: 0
After OOD adjustment: Testing instances of last class: 267
Epoch: 016, Runtime 0.231883, Loss 1.016934, forward nfe 0, backward nfe 0, Train: 0.9071, Val: 0.8231, Test: 0.8305, Best time: 3.5824
After OOD adjustment: Training instances of last class: 0
After OOD adjustment: Testing instances of last class: 267
Epoch: 017, Runtime 0.231109, Loss 0.976993, forward nfe 0, backward nfe 0, Train: 0.9071, Val: 0.8231, Test: 0.8305, Best time: 3.5824
After OOD adjustment: Training instances of last class: 0
After OOD adjustment: Testing instances of last class: 267
Epoch: 018, Runtime 0.230657, Loss 0.936927, forward nfe 0, backward nfe 0, Train: 0.9071, Val: 0.8231, Test: 0.8305, Best time: 3.5824
After OOD adjustment: Training instances of last class: 0
After OOD adjustment: Testing instances of last class: 267
Epoch: 019, Runtime 0.230399, Loss 0.895712, forward nfe 0, backward nfe 0, Train: 0.9071, Val: 0.8231, Test: 0.8305, Best time: 3.5824
After OOD adjustment: Training instances of last class: 0
After OOD adjustment: Testing instances of last class: 267
Epoch: 020, Runtime 0.229846, Loss 0.855691, forward nfe 0, backward nfe 0, Train: 0.9071, Val: 0.8231, Test: 0.8305, Best time: 3.5824
After OOD adjustment: Training instances of last class: 0
After OOD adjustment: Testing instances of last class: 267
Epoch: 021, Runtime 0.319825, Loss 0.819674, forward nfe 0, backward nfe 0, Train: 0.9286, Val: 0.8358, Test: 0.8418, Best time: 3.5824
After OOD adjustment: Training instances of last class: 0
After OOD adjustment: Testing instances of last class: 267
Epoch: 022, Runtime 0.320322, Loss 0.788390, forward nfe 0, backward nfe 0, Train: 0.9429, Val: 0.8500, Test: 0.8589, Best time: 3.5824
After OOD adjustment: Training instances of last class: 0
After OOD adjustment: Testing instances of last class: 267
Epoch: 023, Runtime 0.318628, Loss 0.760650, forward nfe 0, backward nfe 0, Train: 0.9500, Val: 0.8560, Test: 0.8677, Best time: 3.5824
After OOD adjustment: Training instances of last class: 0
After OOD adjustment: Testing instances of last class: 267
Epoch: 024, Runtime 0.229411, Loss 0.734775, forward nfe 0, backward nfe 0, Train: 0.9500, Val: 0.8560, Test: 0.8677, Best time: 3.5824
After OOD adjustment: Training instances of last class: 0
After OOD adjustment: Testing instances of last class: 267
Epoch: 025, Runtime 0.228875, Loss 0.709581, forward nfe 0, backward nfe 0, Train: 0.9500, Val: 0.8560, Test: 0.8677, Best time: 3.5824
After OOD adjustment: Training instances of last class: 0
After OOD adjustment: Testing instances of last class: 267
Epoch: 026, Runtime 0.228821, Loss 0.684624, forward nfe 0, backward nfe 0, Train: 0.9500, Val: 0.8560, Test: 0.8677, Best time: 3.5824
After OOD adjustment: Training instances of last class: 0
After OOD adjustment: Testing instances of last class: 267
Epoch: 027, Runtime 0.317721, Loss 0.660096, forward nfe 0, backward nfe 0, Train: 0.9500, Val: 0.8590, Test: 0.8684, Best time: 3.5824
After OOD adjustment: Training instances of last class: 0
After OOD adjustment: Testing instances of last class: 267
Epoch: 028, Runtime 0.318200, Loss 0.636588, forward nfe 0, backward nfe 0, Train: 0.9500, Val: 0.8604, Test: 0.8690, Best time: 3.5824
After OOD adjustment: Training instances of last class: 0
After OOD adjustment: Testing instances of last class: 267
Epoch: 029, Runtime 0.318233, Loss 0.614717, forward nfe 0, backward nfe 0, Train: 0.9500, Val: 0.8619, Test: 0.8689, Best time: 3.5824
After OOD adjustment: Training instances of last class: 0
After OOD adjustment: Testing instances of last class: 267
Epoch: 030, Runtime 0.318401, Loss 0.594779, forward nfe 0, backward nfe 0, Train: 0.9500, Val: 0.8657, Test: 0.8707, Best time: 3.5824
After OOD adjustment: Training instances of last class: 0
After OOD adjustment: Testing instances of last class: 267
Epoch: 031, Runtime 0.318908, Loss 0.576645, forward nfe 0, backward nfe 0, Train: 0.9571, Val: 0.8679, Test: 0.8716, Best time: 3.5824
After OOD adjustment: Training instances of last class: 0
After OOD adjustment: Testing instances of last class: 267
Epoch: 032, Runtime 0.318885, Loss 0.559853, forward nfe 0, backward nfe 0, Train: 0.9571, Val: 0.8724, Test: 0.8746, Best time: 3.5824
After OOD adjustment: Training instances of last class: 0
After OOD adjustment: Testing instances of last class: 267
Epoch: 033, Runtime 0.318408, Loss 0.543808, forward nfe 0, backward nfe 0, Train: 0.9571, Val: 0.8754, Test: 0.8781, Best time: 3.5824
After OOD adjustment: Training instances of last class: 0
After OOD adjustment: Testing instances of last class: 267
Epoch: 034, Runtime 0.318527, Loss 0.528061, forward nfe 0, backward nfe 0, Train: 0.9571, Val: 0.8799, Test: 0.8826, Best time: 3.5824
After OOD adjustment: Training instances of last class: 0
After OOD adjustment: Testing instances of last class: 267
Epoch: 035, Runtime 0.318624, Loss 0.512556, forward nfe 0, backward nfe 0, Train: 0.9643, Val: 0.8813, Test: 0.8856, Best time: 3.5824
After OOD adjustment: Training instances of last class: 0
After OOD adjustment: Testing instances of last class: 267
Epoch: 036, Runtime 0.318730, Loss 0.497576, forward nfe 0, backward nfe 0, Train: 0.9643, Val: 0.8821, Test: 0.8859, Best time: 3.5824
After OOD adjustment: Training instances of last class: 0
After OOD adjustment: Testing instances of last class: 267
Epoch: 037, Runtime 0.229970, Loss 0.483432, forward nfe 0, backward nfe 0, Train: 0.9643, Val: 0.8821, Test: 0.8859, Best time: 3.5824
After OOD adjustment: Training instances of last class: 0
After OOD adjustment: Testing instances of last class: 267
Epoch: 038, Runtime 0.228722, Loss 0.470210, forward nfe 0, backward nfe 0, Train: 0.9643, Val: 0.8821, Test: 0.8859, Best time: 3.5824
After OOD adjustment: Training instances of last class: 0
After OOD adjustment: Testing instances of last class: 267
Epoch: 039, Runtime 0.229244, Loss 0.457798, forward nfe 0, backward nfe 0, Train: 0.9643, Val: 0.8821, Test: 0.8859, Best time: 3.5824
After OOD adjustment: Training instances of last class: 0
After OOD adjustment: Testing instances of last class: 267
Epoch: 040, Runtime 0.318028, Loss 0.446032, forward nfe 0, backward nfe 0, Train: 0.9643, Val: 0.8828, Test: 0.8868, Best time: 3.5824
After OOD adjustment: Training instances of last class: 0
After OOD adjustment: Testing instances of last class: 267
Epoch: 041, Runtime 0.318504, Loss 0.434803, forward nfe 0, backward nfe 0, Train: 0.9714, Val: 0.8843, Test: 0.8883, Best time: 3.5824
After OOD adjustment: Training instances of last class: 0
After OOD adjustment: Testing instances of last class: 267
Epoch: 042, Runtime 0.229718, Loss 0.424040, forward nfe 0, backward nfe 0, Train: 0.9714, Val: 0.8843, Test: 0.8883, Best time: 3.5824
After OOD adjustment: Training instances of last class: 0
After OOD adjustment: Testing instances of last class: 267
Epoch: 043, Runtime 0.317685, Loss 0.413689, forward nfe 0, backward nfe 0, Train: 0.9714, Val: 0.8851, Test: 0.8889, Best time: 3.5824
After OOD adjustment: Training instances of last class: 0
After OOD adjustment: Testing instances of last class: 267
Epoch: 044, Runtime 0.318538, Loss 0.403707, forward nfe 0, backward nfe 0, Train: 0.9714, Val: 0.8881, Test: 0.8896, Best time: 3.5824
After OOD adjustment: Training instances of last class: 0
After OOD adjustment: Testing instances of last class: 267
Epoch: 045, Runtime 0.318985, Loss 0.394085, forward nfe 0, backward nfe 0, Train: 0.9714, Val: 0.8896, Test: 0.8899, Best time: 3.5824
After OOD adjustment: Training instances of last class: 0
After OOD adjustment: Testing instances of last class: 267
Epoch: 046, Runtime 0.230149, Loss 0.384824, forward nfe 0, backward nfe 0, Train: 0.9714, Val: 0.8896, Test: 0.8899, Best time: 3.5824
After OOD adjustment: Training instances of last class: 0
After OOD adjustment: Testing instances of last class: 267
Epoch: 047, Runtime 0.229089, Loss 0.375925, forward nfe 0, backward nfe 0, Train: 0.9714, Val: 0.8896, Test: 0.8899, Best time: 3.5824
After OOD adjustment: Training instances of last class: 0
After OOD adjustment: Testing instances of last class: 267
Epoch: 048, Runtime 0.229221, Loss 0.367381, forward nfe 0, backward nfe 0, Train: 0.9714, Val: 0.8896, Test: 0.8899, Best time: 3.5824
After OOD adjustment: Training instances of last class: 0
After OOD adjustment: Testing instances of last class: 267
Epoch: 049, Runtime 0.229858, Loss 0.359189, forward nfe 0, backward nfe 0, Train: 0.9714, Val: 0.8896, Test: 0.8899, Best time: 3.5824
After OOD adjustment: Training instances of last class: 0
After OOD adjustment: Testing instances of last class: 267
Epoch: 050, Runtime 0.228911, Loss 0.351341, forward nfe 0, backward nfe 0, Train: 0.9714, Val: 0.8896, Test: 0.8899, Best time: 3.5824
After OOD adjustment: Training instances of last class: 0
After OOD adjustment: Testing instances of last class: 267
Epoch: 051, Runtime 0.229180, Loss 0.343816, forward nfe 0, backward nfe 0, Train: 0.9714, Val: 0.8896, Test: 0.8899, Best time: 3.5824
After OOD adjustment: Training instances of last class: 0
After OOD adjustment: Testing instances of last class: 267
Epoch: 052, Runtime 0.317336, Loss 0.336586, forward nfe 0, backward nfe 0, Train: 0.9714, Val: 0.8910, Test: 0.8924, Best time: 3.5824
After OOD adjustment: Training instances of last class: 0
After OOD adjustment: Testing instances of last class: 267
Epoch: 053, Runtime 0.229883, Loss 0.329625, forward nfe 0, backward nfe 0, Train: 0.9714, Val: 0.8910, Test: 0.8924, Best time: 3.5824
After OOD adjustment: Training instances of last class: 0
After OOD adjustment: Testing instances of last class: 267
Epoch: 054, Runtime 0.228889, Loss 0.322912, forward nfe 0, backward nfe 0, Train: 0.9714, Val: 0.8910, Test: 0.8924, Best time: 3.5824
After OOD adjustment: Training instances of last class: 0
After OOD adjustment: Testing instances of last class: 267
Epoch: 055, Runtime 0.317996, Loss 0.316422, forward nfe 0, backward nfe 0, Train: 0.9714, Val: 0.8918, Test: 0.8931, Best time: 3.5824
After OOD adjustment: Training instances of last class: 0
After OOD adjustment: Testing instances of last class: 267
Epoch: 056, Runtime 0.318186, Loss 0.310130, forward nfe 0, backward nfe 0, Train: 0.9714, Val: 0.8925, Test: 0.8933, Best time: 3.5824
After OOD adjustment: Training instances of last class: 0
After OOD adjustment: Testing instances of last class: 267
Epoch: 057, Runtime 0.318654, Loss 0.304024, forward nfe 0, backward nfe 0, Train: 0.9714, Val: 0.8933, Test: 0.8933, Best time: 3.5824
After OOD adjustment: Training instances of last class: 0
After OOD adjustment: Testing instances of last class: 267
Epoch: 058, Runtime 0.229889, Loss 0.298112, forward nfe 0, backward nfe 0, Train: 0.9714, Val: 0.8933, Test: 0.8933, Best time: 3.5824
After OOD adjustment: Training instances of last class: 0
After OOD adjustment: Testing instances of last class: 267
Epoch: 059, Runtime 0.229045, Loss 0.292407, forward nfe 0, backward nfe 0, Train: 0.9714, Val: 0.8933, Test: 0.8933, Best time: 3.5824
After OOD adjustment: Training instances of last class: 0
After OOD adjustment: Testing instances of last class: 267
Epoch: 060, Runtime 0.229132, Loss 0.286916, forward nfe 0, backward nfe 0, Train: 0.9714, Val: 0.8933, Test: 0.8933, Best time: 3.5824
After OOD adjustment: Training instances of last class: 0
After OOD adjustment: Testing instances of last class: 267
Epoch: 061, Runtime 0.229566, Loss 0.281629, forward nfe 0, backward nfe 0, Train: 0.9714, Val: 0.8933, Test: 0.8933, Best time: 3.5824
After OOD adjustment: Training instances of last class: 0
After OOD adjustment: Testing instances of last class: 267
Epoch: 062, Runtime 0.229317, Loss 0.276527, forward nfe 0, backward nfe 0, Train: 0.9714, Val: 0.8933, Test: 0.8933, Best time: 3.5824
After OOD adjustment: Training instances of last class: 0
After OOD adjustment: Testing instances of last class: 267
Epoch: 063, Runtime 0.229125, Loss 0.271590, forward nfe 0, backward nfe 0, Train: 0.9714, Val: 0.8933, Test: 0.8933, Best time: 3.5824
After OOD adjustment: Training instances of last class: 0
After OOD adjustment: Testing instances of last class: 267
Epoch: 064, Runtime 0.317808, Loss 0.266801, forward nfe 0, backward nfe 0, Train: 0.9714, Val: 0.8940, Test: 0.8949, Best time: 3.5824
After OOD adjustment: Training instances of last class: 0
After OOD adjustment: Testing instances of last class: 267
Epoch: 065, Runtime 0.229724, Loss 0.262150, forward nfe 0, backward nfe 0, Train: 0.9714, Val: 0.8940, Test: 0.8949, Best time: 3.5824
After OOD adjustment: Training instances of last class: 0
After OOD adjustment: Testing instances of last class: 267
Epoch: 066, Runtime 0.317584, Loss 0.257633, forward nfe 0, backward nfe 0, Train: 0.9714, Val: 0.8948, Test: 0.8946, Best time: 3.5824
After OOD adjustment: Training instances of last class: 0
After OOD adjustment: Testing instances of last class: 267
Epoch: 067, Runtime 0.229738, Loss 0.253253, forward nfe 0, backward nfe 0, Train: 0.9714, Val: 0.8948, Test: 0.8946, Best time: 3.5824
After OOD adjustment: Training instances of last class: 0
After OOD adjustment: Testing instances of last class: 267
Epoch: 068, Runtime 0.228520, Loss 0.249007, forward nfe 0, backward nfe 0, Train: 0.9714, Val: 0.8948, Test: 0.8946, Best time: 3.5824
After OOD adjustment: Training instances of last class: 0
After OOD adjustment: Testing instances of last class: 267
Epoch: 069, Runtime 0.317793, Loss 0.244890, forward nfe 0, backward nfe 0, Train: 0.9714, Val: 0.8955, Test: 0.8948, Best time: 3.5824
After OOD adjustment: Training instances of last class: 0
After OOD adjustment: Testing instances of last class: 267
Epoch: 070, Runtime 0.230037, Loss 0.240893, forward nfe 0, backward nfe 0, Train: 0.9714, Val: 0.8955, Test: 0.8948, Best time: 3.5824
After OOD adjustment: Training instances of last class: 0
After OOD adjustment: Testing instances of last class: 267
Epoch: 071, Runtime 0.229264, Loss 0.237013, forward nfe 0, backward nfe 0, Train: 0.9714, Val: 0.8955, Test: 0.8948, Best time: 3.5824
After OOD adjustment: Training instances of last class: 0
After OOD adjustment: Testing instances of last class: 267
Epoch: 072, Runtime 0.229013, Loss 0.233245, forward nfe 0, backward nfe 0, Train: 0.9714, Val: 0.8955, Test: 0.8948, Best time: 3.5824
After OOD adjustment: Training instances of last class: 0
After OOD adjustment: Testing instances of last class: 267
Epoch: 073, Runtime 0.229115, Loss 0.229587, forward nfe 0, backward nfe 0, Train: 0.9714, Val: 0.8955, Test: 0.8948, Best time: 3.5824
After OOD adjustment: Training instances of last class: 0
After OOD adjustment: Testing instances of last class: 267
Epoch: 074, Runtime 0.229956, Loss 0.226034, forward nfe 0, backward nfe 0, Train: 0.9714, Val: 0.8955, Test: 0.8948, Best time: 3.5824
After OOD adjustment: Training instances of last class: 0
After OOD adjustment: Testing instances of last class: 267
Epoch: 075, Runtime 0.230763, Loss 0.222582, forward nfe 0, backward nfe 0, Train: 0.9714, Val: 0.8955, Test: 0.8948, Best time: 3.5824
After OOD adjustment: Training instances of last class: 0
After OOD adjustment: Testing instances of last class: 267
Epoch: 076, Runtime 0.229556, Loss 0.219225, forward nfe 0, backward nfe 0, Train: 0.9714, Val: 0.8955, Test: 0.8948, Best time: 3.5824
After OOD adjustment: Training instances of last class: 0
After OOD adjustment: Testing instances of last class: 267
Epoch: 077, Runtime 0.319563, Loss 0.215958, forward nfe 0, backward nfe 0, Train: 0.9786, Val: 0.8963, Test: 0.8958, Best time: 3.5824
After OOD adjustment: Training instances of last class: 0
After OOD adjustment: Testing instances of last class: 267
Epoch: 078, Runtime 0.231823, Loss 0.212775, forward nfe 0, backward nfe 0, Train: 0.9786, Val: 0.8963, Test: 0.8958, Best time: 3.5824
After OOD adjustment: Training instances of last class: 0
After OOD adjustment: Testing instances of last class: 267
Epoch: 079, Runtime 0.230086, Loss 0.209675, forward nfe 0, backward nfe 0, Train: 0.9786, Val: 0.8963, Test: 0.8958, Best time: 3.5824
After OOD adjustment: Training instances of last class: 0
After OOD adjustment: Testing instances of last class: 267
Epoch: 080, Runtime 0.230860, Loss 0.206654, forward nfe 0, backward nfe 0, Train: 0.9786, Val: 0.8963, Test: 0.8958, Best time: 3.5824
After OOD adjustment: Training instances of last class: 0
After OOD adjustment: Testing instances of last class: 267
Epoch: 081, Runtime 0.319459, Loss 0.203712, forward nfe 0, backward nfe 0, Train: 0.9786, Val: 0.8970, Test: 0.8958, Best time: 3.5824
After OOD adjustment: Training instances of last class: 0
After OOD adjustment: Testing instances of last class: 267
Epoch: 082, Runtime 0.231178, Loss 0.200846, forward nfe 0, backward nfe 0, Train: 0.9786, Val: 0.8970, Test: 0.8958, Best time: 3.5824
After OOD adjustment: Training instances of last class: 0
After OOD adjustment: Testing instances of last class: 267
Epoch: 083, Runtime 0.229979, Loss 0.198052, forward nfe 0, backward nfe 0, Train: 0.9786, Val: 0.8970, Test: 0.8958, Best time: 3.5824
After OOD adjustment: Training instances of last class: 0
After OOD adjustment: Testing instances of last class: 267
Epoch: 084, Runtime 0.230599, Loss 0.195328, forward nfe 0, backward nfe 0, Train: 0.9786, Val: 0.8970, Test: 0.8958, Best time: 3.5824
After OOD adjustment: Training instances of last class: 0
After OOD adjustment: Testing instances of last class: 267
Epoch: 085, Runtime 0.230779, Loss 0.192672, forward nfe 0, backward nfe 0, Train: 0.9786, Val: 0.8970, Test: 0.8958, Best time: 3.5824
After OOD adjustment: Training instances of last class: 0
After OOD adjustment: Testing instances of last class: 267
Epoch: 086, Runtime 0.231131, Loss 0.190080, forward nfe 0, backward nfe 0, Train: 0.9786, Val: 0.8970, Test: 0.8958, Best time: 3.5824
After OOD adjustment: Training instances of last class: 0
After OOD adjustment: Testing instances of last class: 267
Epoch: 087, Runtime 0.230059, Loss 0.187551, forward nfe 0, backward nfe 0, Train: 0.9786, Val: 0.8970, Test: 0.8958, Best time: 3.5824
After OOD adjustment: Training instances of last class: 0
After OOD adjustment: Testing instances of last class: 267
Epoch: 088, Runtime 0.230706, Loss 0.185082, forward nfe 0, backward nfe 0, Train: 0.9786, Val: 0.8970, Test: 0.8958, Best time: 3.5824
After OOD adjustment: Training instances of last class: 0
After OOD adjustment: Testing instances of last class: 267
Epoch: 089, Runtime 0.230506, Loss 0.182671, forward nfe 0, backward nfe 0, Train: 0.9786, Val: 0.8970, Test: 0.8958, Best time: 3.5824
After OOD adjustment: Training instances of last class: 0
After OOD adjustment: Testing instances of last class: 267
Epoch: 090, Runtime 0.230879, Loss 0.180315, forward nfe 0, backward nfe 0, Train: 0.9786, Val: 0.8970, Test: 0.8958, Best time: 3.5824
After OOD adjustment: Training instances of last class: 0
After OOD adjustment: Testing instances of last class: 267
Epoch: 091, Runtime 0.230886, Loss 0.178012, forward nfe 0, backward nfe 0, Train: 0.9786, Val: 0.8970, Test: 0.8958, Best time: 3.5824
After OOD adjustment: Training instances of last class: 0
After OOD adjustment: Testing instances of last class: 267
Epoch: 092, Runtime 0.230334, Loss 0.175761, forward nfe 0, backward nfe 0, Train: 0.9786, Val: 0.8970, Test: 0.8958, Best time: 3.5824
After OOD adjustment: Training instances of last class: 0
After OOD adjustment: Testing instances of last class: 267
Epoch: 093, Runtime 0.230032, Loss 0.173560, forward nfe 0, backward nfe 0, Train: 0.9786, Val: 0.8970, Test: 0.8958, Best time: 3.5824
After OOD adjustment: Training instances of last class: 0
After OOD adjustment: Testing instances of last class: 267
Epoch: 094, Runtime 0.230772, Loss 0.171408, forward nfe 0, backward nfe 0, Train: 0.9786, Val: 0.8970, Test: 0.8958, Best time: 3.5824
After OOD adjustment: Training instances of last class: 0
After OOD adjustment: Testing instances of last class: 267
Epoch: 095, Runtime 0.230695, Loss 0.169304, forward nfe 0, backward nfe 0, Train: 0.9786, Val: 0.8970, Test: 0.8958, Best time: 3.5824
After OOD adjustment: Training instances of last class: 0
After OOD adjustment: Testing instances of last class: 267
Epoch: 096, Runtime 0.230316, Loss 0.167244, forward nfe 0, backward nfe 0, Train: 0.9786, Val: 0.8970, Test: 0.8958, Best time: 3.5824
After OOD adjustment: Training instances of last class: 0
After OOD adjustment: Testing instances of last class: 267
Epoch: 097, Runtime 0.230618, Loss 0.165228, forward nfe 0, backward nfe 0, Train: 0.9786, Val: 0.8970, Test: 0.8958, Best time: 3.5824
After OOD adjustment: Training instances of last class: 0
After OOD adjustment: Testing instances of last class: 267
Epoch: 098, Runtime 0.230472, Loss 0.163255, forward nfe 0, backward nfe 0, Train: 0.9786, Val: 0.8970, Test: 0.8958, Best time: 3.5824
After OOD adjustment: Training instances of last class: 0
After OOD adjustment: Testing instances of last class: 267
Epoch: 099, Runtime 0.230664, Loss 0.161322, forward nfe 0, backward nfe 0, Train: 0.9786, Val: 0.8970, Test: 0.8958, Best time: 3.5824
best val accuracy 0.897015 with test accuracy 0.895774 at epoch 81 and best time 3.582403
base_directory resutls_prob/OOD_Photo
new_name:  gnn_ODD
file_path 1 resutls_prob/OOD_Photo/gnn_ODD_prediction_probabilities_0.npz
file_path 2 resutls_prob/OOD_Photo/gnn_ODD_prediction_probabilities_0.npz
Entropy Threshold: inf Test accuracy: 0.8957741773843327
Entropy Threshold: 2 Test accuracy: 0.8957741773843327
Entropy Threshold: 1.6 Test accuracy: 0.9109529595556327
Entropy Threshold: 1.5 Test accuracy: 0.9199215266630997
Entropy Threshold: 1.4 Test accuracy: 0.929346826126955
Entropy Threshold: 1.3 Test accuracy: 0.9374760994263862
Entropy Threshold: 1.2 Test accuracy: 0.9479125248508946
Entropy Threshold: 1.1 Test accuracy: 0.9545264040234702
Entropy Threshold: 0.9 Test accuracy: 0.9632920271218144
Entropy Threshold: 0.8 Test accuracy: 0.9688745019920318
Entropy Threshold: 0.7 Test accuracy: 0.9743104380746349
Entropy Threshold: 0.6 Test accuracy: 0.9781894233642068
Entropy Threshold: 0.5 Test accuracy: 0.9816727757414195
Entropy Threshold: 0.4 Test accuracy: 0.9863494539781591
Entropy Threshold: 0.3 Test accuracy: 0.9867486985328916
Entropy Threshold: 0.2 Test accuracy: 0.9891512444160817
Entropy Threshold: 0.1 Test accuracy: 0.9936507936507937
