[KeOps] Warning : cuda was detected, but driver API could not be initialized. Switching to cpu only.
Folder already exists: results/citeseer
experiment: 0
Dataset size (num_nodes): 2120, Intended development set size (num_development): 1500
Dataset size (num_nodes): 2120, Actual development set size (num_development): 1500
rations: train 120, val 1380, test 620
Before OOD adjustment: Total instances of last class: 304
Before OOD adjustment: Training instances of last class: 20
Before OOD adjustment: Testing instances of last class: 93
Before OOD adjustment: Val instances of last class: 191
total train + val+ test 304
After OOD adjustment: Training instances of last class: 0
After OOD adjustment: Testing instances of last class: 93
Total number of classes: 6
number of classes to train: 5
using file gn_sde.py
sigma 1.0
rtol 0.01
t1 0.01
Dataset size (num_nodes): 2120, Intended development set size (num_development): 1500
Dataset size (num_nodes): 2120, Actual development set size (num_development): 1500
rations: train 120, val 1380, test 620
within set_train_val_test_split function!
Before OOD adjustment: Total instances of last class: 304
Before OOD adjustment: Training instances of last class: 20
Before OOD adjustment: Testing instances of last class: 88
Before OOD adjustment: Val instances of last class: 196
total train + val+ test 304
After OOD adjustment: Training instances of last class: 0
After OOD adjustment: Testing instances of last class: 88
LatentGraphSDE(
  (net): Sequential(
    (0): MyGCN(
      (activation): Softplus(beta=1, threshold=20)
      (conv1): GCNConv(81, 80)
    )
    (1): MyGCN(
      (conv1): GCNConv(80, 80)
    )
  )
  (in_net): MyGCN(
    (conv1): GCNConv(3703, 80)
  )
  (projection_net): Sequential(
    (0): Flatten(start_dim=1, end_dim=-1)
    (1): MyGCN(
      (conv1): GCNConv(80, 5)
    )
  )
)
qy0_mean
torch.Size([1, 80])
qy0_logvar
torch.Size([1, 80])
net.0.conv1.bias
torch.Size([80])
net.0.conv1.lin.weight
torch.Size([80, 81])
net.1.conv1.bias
torch.Size([80])
net.1.conv1.lin.weight
torch.Size([80, 80])
in_net.conv1.bias
torch.Size([80])
in_net.conv1.lin.weight
torch.Size([80, 3703])
projection_net.1.conv1.bias
torch.Size([5])
projection_net.1.conv1.lin.weight
torch.Size([5, 80])
After OOD adjustment: Training instances of last class: 0
After OOD adjustment: Testing instances of last class: 88
Epoch: 001, Runtime 4.182678, Loss 1.621467, forward nfe 0, backward nfe 0, Train: 0.3800, Val: 0.2565, Test: 0.2355, Best time: 7.8741
After OOD adjustment: Training instances of last class: 0
After OOD adjustment: Testing instances of last class: 88
Epoch: 002, Runtime 4.263540, Loss 1.563452, forward nfe 0, backward nfe 0, Train: 0.5800, Val: 0.3667, Test: 0.3145, Best time: 7.8741
After OOD adjustment: Training instances of last class: 0
After OOD adjustment: Testing instances of last class: 88
Epoch: 003, Runtime 4.274724, Loss 1.518170, forward nfe 0, backward nfe 0, Train: 0.8000, Val: 0.4167, Test: 0.3919, Best time: 7.8741
After OOD adjustment: Training instances of last class: 0
After OOD adjustment: Testing instances of last class: 88
Epoch: 004, Runtime 4.236534, Loss 1.457593, forward nfe 0, backward nfe 0, Train: 0.8900, Val: 0.4891, Test: 0.4726, Best time: 7.8741
After OOD adjustment: Training instances of last class: 0
After OOD adjustment: Testing instances of last class: 88
Epoch: 005, Runtime 4.272182, Loss 1.401498, forward nfe 0, backward nfe 0, Train: 0.9200, Val: 0.5181, Test: 0.5016, Best time: 7.8741
After OOD adjustment: Training instances of last class: 0
After OOD adjustment: Testing instances of last class: 88
Epoch: 006, Runtime 4.229189, Loss 1.339680, forward nfe 0, backward nfe 0, Train: 0.9500, Val: 0.5507, Test: 0.5161, Best time: 7.8741
After OOD adjustment: Training instances of last class: 0
After OOD adjustment: Testing instances of last class: 88
Epoch: 007, Runtime 4.122864, Loss 1.292664, forward nfe 0, backward nfe 0, Train: 0.9500, Val: 0.5507, Test: 0.5161, Best time: 7.8741
After OOD adjustment: Training instances of last class: 0
After OOD adjustment: Testing instances of last class: 88
Epoch: 008, Runtime 4.254238, Loss 1.231723, forward nfe 0, backward nfe 0, Train: 0.9400, Val: 0.5768, Test: 0.5500, Best time: 7.8741
After OOD adjustment: Training instances of last class: 0
After OOD adjustment: Testing instances of last class: 88
Epoch: 009, Runtime 4.153035, Loss 1.157192, forward nfe 0, backward nfe 0, Train: 0.9400, Val: 0.5768, Test: 0.5500, Best time: 7.8741
After OOD adjustment: Training instances of last class: 0
After OOD adjustment: Testing instances of last class: 88
Epoch: 010, Runtime 4.284328, Loss 1.115692, forward nfe 0, backward nfe 0, Train: 0.9800, Val: 0.5826, Test: 0.5661, Best time: 7.8741
After OOD adjustment: Training instances of last class: 0
After OOD adjustment: Testing instances of last class: 88
Epoch: 011, Runtime 4.301045, Loss 1.045693, forward nfe 0, backward nfe 0, Train: 0.9800, Val: 0.5841, Test: 0.5758, Best time: 7.8741
After OOD adjustment: Training instances of last class: 0
After OOD adjustment: Testing instances of last class: 88
Epoch: 012, Runtime 4.297682, Loss 0.987244, forward nfe 0, backward nfe 0, Train: 0.9800, Val: 0.6000, Test: 0.5903, Best time: 7.8741
After OOD adjustment: Training instances of last class: 0
After OOD adjustment: Testing instances of last class: 88
Epoch: 013, Runtime 4.116569, Loss 0.927093, forward nfe 0, backward nfe 0, Train: 0.9800, Val: 0.6000, Test: 0.5903, Best time: 7.8741
After OOD adjustment: Training instances of last class: 0
After OOD adjustment: Testing instances of last class: 88
Epoch: 014, Runtime 4.175487, Loss 0.869155, forward nfe 0, backward nfe 0, Train: 0.9800, Val: 0.6000, Test: 0.5903, Best time: 7.8741
After OOD adjustment: Training instances of last class: 0
After OOD adjustment: Testing instances of last class: 88
Epoch: 015, Runtime 4.132065, Loss 0.818670, forward nfe 0, backward nfe 0, Train: 0.9800, Val: 0.6000, Test: 0.5903, Best time: 7.8741
After OOD adjustment: Training instances of last class: 0
After OOD adjustment: Testing instances of last class: 88
Epoch: 016, Runtime 4.307278, Loss 0.777241, forward nfe 0, backward nfe 0, Train: 0.9800, Val: 0.6036, Test: 0.5839, Best time: 7.8741
After OOD adjustment: Training instances of last class: 0
After OOD adjustment: Testing instances of last class: 88
Epoch: 017, Runtime 4.281868, Loss 0.720504, forward nfe 0, backward nfe 0, Train: 1.0000, Val: 0.6065, Test: 0.5871, Best time: 7.8741
After OOD adjustment: Training instances of last class: 0
After OOD adjustment: Testing instances of last class: 88
Epoch: 018, Runtime 4.136717, Loss 0.683008, forward nfe 0, backward nfe 0, Train: 1.0000, Val: 0.6065, Test: 0.5871, Best time: 7.8741
After OOD adjustment: Training instances of last class: 0
After OOD adjustment: Testing instances of last class: 88
Epoch: 019, Runtime 4.174521, Loss 0.608512, forward nfe 0, backward nfe 0, Train: 1.0000, Val: 0.6065, Test: 0.5871, Best time: 7.8741
After OOD adjustment: Training instances of last class: 0
After OOD adjustment: Testing instances of last class: 88
Epoch: 020, Runtime 4.140858, Loss 0.586607, forward nfe 0, backward nfe 0, Train: 1.0000, Val: 0.6065, Test: 0.5871, Best time: 7.8741
After OOD adjustment: Training instances of last class: 0
After OOD adjustment: Testing instances of last class: 88
Epoch: 021, Runtime 4.195141, Loss 0.532163, forward nfe 0, backward nfe 0, Train: 1.0000, Val: 0.6065, Test: 0.5871, Best time: 7.8741
After OOD adjustment: Training instances of last class: 0
After OOD adjustment: Testing instances of last class: 88
Epoch: 022, Runtime 4.145972, Loss 0.510594, forward nfe 0, backward nfe 0, Train: 1.0000, Val: 0.6065, Test: 0.5871, Best time: 7.8741
After OOD adjustment: Training instances of last class: 0
After OOD adjustment: Testing instances of last class: 88
Epoch: 023, Runtime 4.173697, Loss 0.462083, forward nfe 0, backward nfe 0, Train: 1.0000, Val: 0.6065, Test: 0.5871, Best time: 7.8741
After OOD adjustment: Training instances of last class: 0
After OOD adjustment: Testing instances of last class: 88
Epoch: 024, Runtime 4.181526, Loss 0.427871, forward nfe 0, backward nfe 0, Train: 1.0000, Val: 0.6065, Test: 0.5871, Best time: 7.8741
After OOD adjustment: Training instances of last class: 0
After OOD adjustment: Testing instances of last class: 88
Epoch: 025, Runtime 4.175154, Loss 0.389458, forward nfe 0, backward nfe 0, Train: 1.0000, Val: 0.6065, Test: 0.5871, Best time: 7.8741
After OOD adjustment: Training instances of last class: 0
After OOD adjustment: Testing instances of last class: 88
Epoch: 026, Runtime 4.179053, Loss 0.375669, forward nfe 0, backward nfe 0, Train: 1.0000, Val: 0.6065, Test: 0.5871, Best time: 7.8741
After OOD adjustment: Training instances of last class: 0
After OOD adjustment: Testing instances of last class: 88
Epoch: 027, Runtime 4.152140, Loss 0.357539, forward nfe 0, backward nfe 0, Train: 1.0000, Val: 0.6065, Test: 0.5871, Best time: 7.8741
After OOD adjustment: Training instances of last class: 0
After OOD adjustment: Testing instances of last class: 88
Epoch: 028, Runtime 4.176826, Loss 0.317336, forward nfe 0, backward nfe 0, Train: 1.0000, Val: 0.6065, Test: 0.5871, Best time: 7.8741
After OOD adjustment: Training instances of last class: 0
After OOD adjustment: Testing instances of last class: 88
Epoch: 029, Runtime 4.145633, Loss 0.298788, forward nfe 0, backward nfe 0, Train: 1.0000, Val: 0.6065, Test: 0.5871, Best time: 7.8741
After OOD adjustment: Training instances of last class: 0
After OOD adjustment: Testing instances of last class: 88
Epoch: 030, Runtime 4.170662, Loss 0.279176, forward nfe 0, backward nfe 0, Train: 1.0000, Val: 0.6065, Test: 0.5871, Best time: 7.8741
After OOD adjustment: Training instances of last class: 0
After OOD adjustment: Testing instances of last class: 88
Epoch: 031, Runtime 3.871684, Loss 0.266175, forward nfe 0, backward nfe 0, Train: 1.0000, Val: 0.6065, Test: 0.5871, Best time: 7.8741
After OOD adjustment: Training instances of last class: 0
After OOD adjustment: Testing instances of last class: 88
Epoch: 032, Runtime 3.681546, Loss 0.238572, forward nfe 0, backward nfe 0, Train: 1.0000, Val: 0.6065, Test: 0.5871, Best time: 7.8741
After OOD adjustment: Training instances of last class: 0
After OOD adjustment: Testing instances of last class: 88
Epoch: 033, Runtime 3.704196, Loss 0.223357, forward nfe 0, backward nfe 0, Train: 1.0000, Val: 0.6065, Test: 0.5871, Best time: 7.8741
After OOD adjustment: Training instances of last class: 0
After OOD adjustment: Testing instances of last class: 88
Epoch: 034, Runtime 3.767496, Loss 0.199995, forward nfe 0, backward nfe 0, Train: 1.0000, Val: 0.6065, Test: 0.5871, Best time: 7.8741
After OOD adjustment: Training instances of last class: 0
After OOD adjustment: Testing instances of last class: 88
Epoch: 035, Runtime 3.681484, Loss 0.196565, forward nfe 0, backward nfe 0, Train: 1.0000, Val: 0.6065, Test: 0.5871, Best time: 7.8741
After OOD adjustment: Training instances of last class: 0
After OOD adjustment: Testing instances of last class: 88
Epoch: 036, Runtime 3.862401, Loss 0.181486, forward nfe 0, backward nfe 0, Train: 1.0000, Val: 0.6065, Test: 0.5871, Best time: 7.8741
After OOD adjustment: Training instances of last class: 0
After OOD adjustment: Testing instances of last class: 88
Epoch: 037, Runtime 4.175151, Loss 0.166354, forward nfe 0, backward nfe 0, Train: 1.0000, Val: 0.6065, Test: 0.5871, Best time: 7.8741
After OOD adjustment: Training instances of last class: 0
After OOD adjustment: Testing instances of last class: 88
Epoch: 038, Runtime 4.225688, Loss 0.156378, forward nfe 0, backward nfe 0, Train: 1.0000, Val: 0.6065, Test: 0.5871, Best time: 7.8741
After OOD adjustment: Training instances of last class: 0
After OOD adjustment: Testing instances of last class: 88
Epoch: 039, Runtime 4.196399, Loss 0.147842, forward nfe 0, backward nfe 0, Train: 1.0000, Val: 0.6065, Test: 0.5871, Best time: 7.8741
After OOD adjustment: Training instances of last class: 0
After OOD adjustment: Testing instances of last class: 88
Epoch: 040, Runtime 4.189979, Loss 0.140424, forward nfe 0, backward nfe 0, Train: 1.0000, Val: 0.6065, Test: 0.5871, Best time: 7.8741
After OOD adjustment: Training instances of last class: 0
After OOD adjustment: Testing instances of last class: 88
Epoch: 041, Runtime 4.184634, Loss 0.134089, forward nfe 0, backward nfe 0, Train: 1.0000, Val: 0.6065, Test: 0.5871, Best time: 7.8741
After OOD adjustment: Training instances of last class: 0
After OOD adjustment: Testing instances of last class: 88
Epoch: 042, Runtime 4.187179, Loss 0.122377, forward nfe 0, backward nfe 0, Train: 1.0000, Val: 0.6065, Test: 0.5871, Best time: 7.8741
After OOD adjustment: Training instances of last class: 0
After OOD adjustment: Testing instances of last class: 88
Epoch: 043, Runtime 4.253206, Loss 0.121274, forward nfe 0, backward nfe 0, Train: 1.0000, Val: 0.6065, Test: 0.5871, Best time: 7.8741
After OOD adjustment: Training instances of last class: 0
After OOD adjustment: Testing instances of last class: 88
Epoch: 044, Runtime 4.238535, Loss 0.114710, forward nfe 0, backward nfe 0, Train: 1.0000, Val: 0.6065, Test: 0.5871, Best time: 7.8741
After OOD adjustment: Training instances of last class: 0
After OOD adjustment: Testing instances of last class: 88
Epoch: 045, Runtime 3.830491, Loss 0.107827, forward nfe 0, backward nfe 0, Train: 1.0000, Val: 0.6065, Test: 0.5871, Best time: 7.8741
After OOD adjustment: Training instances of last class: 0
After OOD adjustment: Testing instances of last class: 88
Epoch: 046, Runtime 3.813134, Loss 0.095562, forward nfe 0, backward nfe 0, Train: 1.0000, Val: 0.6065, Test: 0.5871, Best time: 7.8741
After OOD adjustment: Training instances of last class: 0
After OOD adjustment: Testing instances of last class: 88
Epoch: 047, Runtime 3.779086, Loss 0.088619, forward nfe 0, backward nfe 0, Train: 1.0000, Val: 0.6065, Test: 0.5871, Best time: 7.8741
After OOD adjustment: Training instances of last class: 0
After OOD adjustment: Testing instances of last class: 88
Epoch: 048, Runtime 3.745290, Loss 0.096205, forward nfe 0, backward nfe 0, Train: 1.0000, Val: 0.6065, Test: 0.5871, Best time: 7.8741
After OOD adjustment: Training instances of last class: 0
After OOD adjustment: Testing instances of last class: 88
Epoch: 049, Runtime 3.720364, Loss 0.085576, forward nfe 0, backward nfe 0, Train: 1.0000, Val: 0.6065, Test: 0.5871, Best time: 7.8741
After OOD adjustment: Training instances of last class: 0
After OOD adjustment: Testing instances of last class: 88
Epoch: 050, Runtime 3.726801, Loss 0.075486, forward nfe 0, backward nfe 0, Train: 1.0000, Val: 0.6065, Test: 0.5871, Best time: 7.8741
After OOD adjustment: Training instances of last class: 0
After OOD adjustment: Testing instances of last class: 88
Epoch: 051, Runtime 3.783921, Loss 0.075171, forward nfe 0, backward nfe 0, Train: 1.0000, Val: 0.6065, Test: 0.5871, Best time: 7.8741
After OOD adjustment: Training instances of last class: 0
After OOD adjustment: Testing instances of last class: 88
Epoch: 052, Runtime 3.799064, Loss 0.076358, forward nfe 0, backward nfe 0, Train: 1.0000, Val: 0.6065, Test: 0.5871, Best time: 7.8741
After OOD adjustment: Training instances of last class: 0
After OOD adjustment: Testing instances of last class: 88
Epoch: 053, Runtime 4.011151, Loss 0.069366, forward nfe 0, backward nfe 0, Train: 1.0000, Val: 0.6065, Test: 0.5871, Best time: 7.8741
After OOD adjustment: Training instances of last class: 0
After OOD adjustment: Testing instances of last class: 88
Epoch: 054, Runtime 4.199984, Loss 0.062684, forward nfe 0, backward nfe 0, Train: 1.0000, Val: 0.6065, Test: 0.5871, Best time: 7.8741
After OOD adjustment: Training instances of last class: 0
After OOD adjustment: Testing instances of last class: 88
Epoch: 055, Runtime 4.220673, Loss 0.062655, forward nfe 0, backward nfe 0, Train: 1.0000, Val: 0.6065, Test: 0.5871, Best time: 7.8741
After OOD adjustment: Training instances of last class: 0
After OOD adjustment: Testing instances of last class: 88
Epoch: 056, Runtime 4.221328, Loss 0.067795, forward nfe 0, backward nfe 0, Train: 1.0000, Val: 0.6065, Test: 0.5871, Best time: 7.8741
After OOD adjustment: Training instances of last class: 0
After OOD adjustment: Testing instances of last class: 88
Epoch: 057, Runtime 4.161278, Loss 0.066793, forward nfe 0, backward nfe 0, Train: 1.0000, Val: 0.6065, Test: 0.5871, Best time: 7.8741
After OOD adjustment: Training instances of last class: 0
After OOD adjustment: Testing instances of last class: 88
Epoch: 058, Runtime 4.242759, Loss 0.055260, forward nfe 0, backward nfe 0, Train: 1.0000, Val: 0.6065, Test: 0.5871, Best time: 7.8741
After OOD adjustment: Training instances of last class: 0
After OOD adjustment: Testing instances of last class: 88
Epoch: 059, Runtime 4.175062, Loss 0.057997, forward nfe 0, backward nfe 0, Train: 1.0000, Val: 0.6065, Test: 0.5871, Best time: 7.8741
After OOD adjustment: Training instances of last class: 0
After OOD adjustment: Testing instances of last class: 88
Epoch: 060, Runtime 4.256147, Loss 0.050938, forward nfe 0, backward nfe 0, Train: 1.0000, Val: 0.6065, Test: 0.5871, Best time: 7.8741
After OOD adjustment: Training instances of last class: 0
After OOD adjustment: Testing instances of last class: 88
Epoch: 061, Runtime 4.233935, Loss 0.048689, forward nfe 0, backward nfe 0, Train: 1.0000, Val: 0.6065, Test: 0.5871, Best time: 7.8741
After OOD adjustment: Training instances of last class: 0
After OOD adjustment: Testing instances of last class: 88
Epoch: 062, Runtime 4.195423, Loss 0.043920, forward nfe 0, backward nfe 0, Train: 1.0000, Val: 0.6065, Test: 0.5871, Best time: 7.8741
After OOD adjustment: Training instances of last class: 0
After OOD adjustment: Testing instances of last class: 88
Epoch: 063, Runtime 3.934652, Loss 0.044432, forward nfe 0, backward nfe 0, Train: 1.0000, Val: 0.6065, Test: 0.5871, Best time: 7.8741
After OOD adjustment: Training instances of last class: 0
After OOD adjustment: Testing instances of last class: 88
Epoch: 064, Runtime 4.080212, Loss 0.042744, forward nfe 0, backward nfe 0, Train: 1.0000, Val: 0.6065, Test: 0.5871, Best time: 7.8741
After OOD adjustment: Training instances of last class: 0
After OOD adjustment: Testing instances of last class: 88
Epoch: 065, Runtime 4.191598, Loss 0.043854, forward nfe 0, backward nfe 0, Train: 1.0000, Val: 0.6065, Test: 0.5871, Best time: 7.8741
After OOD adjustment: Training instances of last class: 0
After OOD adjustment: Testing instances of last class: 88
Epoch: 066, Runtime 4.130822, Loss 0.041359, forward nfe 0, backward nfe 0, Train: 1.0000, Val: 0.6065, Test: 0.5871, Best time: 7.8741
After OOD adjustment: Training instances of last class: 0
After OOD adjustment: Testing instances of last class: 88
Epoch: 067, Runtime 3.835783, Loss 0.042764, forward nfe 0, backward nfe 0, Train: 1.0000, Val: 0.6065, Test: 0.5871, Best time: 7.8741
After OOD adjustment: Training instances of last class: 0
After OOD adjustment: Testing instances of last class: 88
Epoch: 068, Runtime 3.802807, Loss 0.039368, forward nfe 0, backward nfe 0, Train: 1.0000, Val: 0.6065, Test: 0.5871, Best time: 7.8741
After OOD adjustment: Training instances of last class: 0
After OOD adjustment: Testing instances of last class: 88
Epoch: 069, Runtime 3.833192, Loss 0.042729, forward nfe 0, backward nfe 0, Train: 1.0000, Val: 0.6065, Test: 0.5871, Best time: 7.8741
After OOD adjustment: Training instances of last class: 0
After OOD adjustment: Testing instances of last class: 88
Epoch: 070, Runtime 3.805432, Loss 0.038537, forward nfe 0, backward nfe 0, Train: 1.0000, Val: 0.6065, Test: 0.5871, Best time: 7.8741
After OOD adjustment: Training instances of last class: 0
After OOD adjustment: Testing instances of last class: 88
Epoch: 071, Runtime 3.908424, Loss 0.034438, forward nfe 0, backward nfe 0, Train: 1.0000, Val: 0.6065, Test: 0.5871, Best time: 7.8741
After OOD adjustment: Training instances of last class: 0
After OOD adjustment: Testing instances of last class: 88
Epoch: 072, Runtime 4.205791, Loss 0.033151, forward nfe 0, backward nfe 0, Train: 1.0000, Val: 0.6065, Test: 0.5871, Best time: 7.8741
After OOD adjustment: Training instances of last class: 0
After OOD adjustment: Testing instances of last class: 88
Epoch: 073, Runtime 4.174325, Loss 0.032318, forward nfe 0, backward nfe 0, Train: 1.0000, Val: 0.6065, Test: 0.5871, Best time: 7.8741
After OOD adjustment: Training instances of last class: 0
After OOD adjustment: Testing instances of last class: 88
Epoch: 074, Runtime 4.251327, Loss 0.034422, forward nfe 0, backward nfe 0, Train: 1.0000, Val: 0.6065, Test: 0.5871, Best time: 7.8741
After OOD adjustment: Training instances of last class: 0
After OOD adjustment: Testing instances of last class: 88
Epoch: 075, Runtime 4.124664, Loss 0.028492, forward nfe 0, backward nfe 0, Train: 1.0000, Val: 0.6065, Test: 0.5871, Best time: 7.8741
After OOD adjustment: Training instances of last class: 0
After OOD adjustment: Testing instances of last class: 88
Epoch: 076, Runtime 4.150354, Loss 0.028917, forward nfe 0, backward nfe 0, Train: 1.0000, Val: 0.6065, Test: 0.5871, Best time: 7.8741
After OOD adjustment: Training instances of last class: 0
After OOD adjustment: Testing instances of last class: 88
Epoch: 077, Runtime 4.198752, Loss 0.030080, forward nfe 0, backward nfe 0, Train: 1.0000, Val: 0.6065, Test: 0.5871, Best time: 7.8741
After OOD adjustment: Training instances of last class: 0
After OOD adjustment: Testing instances of last class: 88
Epoch: 078, Runtime 4.190483, Loss 0.027752, forward nfe 0, backward nfe 0, Train: 1.0000, Val: 0.6065, Test: 0.5871, Best time: 7.8741
After OOD adjustment: Training instances of last class: 0
After OOD adjustment: Testing instances of last class: 88
Epoch: 079, Runtime 4.198324, Loss 0.029521, forward nfe 0, backward nfe 0, Train: 1.0000, Val: 0.6065, Test: 0.5871, Best time: 7.8741
After OOD adjustment: Training instances of last class: 0
After OOD adjustment: Testing instances of last class: 88
Epoch: 080, Runtime 4.080670, Loss 0.031661, forward nfe 0, backward nfe 0, Train: 1.0000, Val: 0.6065, Test: 0.5871, Best time: 7.8741
After OOD adjustment: Training instances of last class: 0
After OOD adjustment: Testing instances of last class: 88
Epoch: 081, Runtime 4.160288, Loss 0.026765, forward nfe 0, backward nfe 0, Train: 1.0000, Val: 0.6065, Test: 0.5871, Best time: 7.8741
After OOD adjustment: Training instances of last class: 0
After OOD adjustment: Testing instances of last class: 88
Epoch: 082, Runtime 4.195022, Loss 0.026921, forward nfe 0, backward nfe 0, Train: 1.0000, Val: 0.6065, Test: 0.5871, Best time: 7.8741
After OOD adjustment: Training instances of last class: 0
After OOD adjustment: Testing instances of last class: 88
Epoch: 083, Runtime 3.986569, Loss 0.021856, forward nfe 0, backward nfe 0, Train: 1.0000, Val: 0.6065, Test: 0.5871, Best time: 7.8741
After OOD adjustment: Training instances of last class: 0
After OOD adjustment: Testing instances of last class: 88
Epoch: 084, Runtime 4.022143, Loss 0.024375, forward nfe 0, backward nfe 0, Train: 1.0000, Val: 0.6065, Test: 0.5871, Best time: 7.8741
After OOD adjustment: Training instances of last class: 0
After OOD adjustment: Testing instances of last class: 88
Epoch: 085, Runtime 4.155981, Loss 0.025809, forward nfe 0, backward nfe 0, Train: 1.0000, Val: 0.6065, Test: 0.5871, Best time: 7.8741
After OOD adjustment: Training instances of last class: 0
After OOD adjustment: Testing instances of last class: 88
Epoch: 086, Runtime 4.186991, Loss 0.025533, forward nfe 0, backward nfe 0, Train: 1.0000, Val: 0.6065, Test: 0.5871, Best time: 7.8741
After OOD adjustment: Training instances of last class: 0
After OOD adjustment: Testing instances of last class: 88
Epoch: 087, Runtime 4.164129, Loss 0.025404, forward nfe 0, backward nfe 0, Train: 1.0000, Val: 0.6065, Test: 0.5871, Best time: 7.8741
After OOD adjustment: Training instances of last class: 0
After OOD adjustment: Testing instances of last class: 88
Epoch: 088, Runtime 4.110315, Loss 0.023333, forward nfe 0, backward nfe 0, Train: 1.0000, Val: 0.6065, Test: 0.5871, Best time: 7.8741
After OOD adjustment: Training instances of last class: 0
After OOD adjustment: Testing instances of last class: 88
Epoch: 089, Runtime 4.211535, Loss 0.024598, forward nfe 0, backward nfe 0, Train: 1.0000, Val: 0.6065, Test: 0.5871, Best time: 7.8741
After OOD adjustment: Training instances of last class: 0
After OOD adjustment: Testing instances of last class: 88
Epoch: 090, Runtime 4.202712, Loss 0.020499, forward nfe 0, backward nfe 0, Train: 1.0000, Val: 0.6065, Test: 0.5871, Best time: 7.8741
After OOD adjustment: Training instances of last class: 0
After OOD adjustment: Testing instances of last class: 88
Epoch: 091, Runtime 4.168692, Loss 0.021703, forward nfe 0, backward nfe 0, Train: 1.0000, Val: 0.6065, Test: 0.5871, Best time: 7.8741
After OOD adjustment: Training instances of last class: 0
After OOD adjustment: Testing instances of last class: 88
Epoch: 092, Runtime 4.194234, Loss 0.022997, forward nfe 0, backward nfe 0, Train: 1.0000, Val: 0.6065, Test: 0.5871, Best time: 7.8741
After OOD adjustment: Training instances of last class: 0
After OOD adjustment: Testing instances of last class: 88
Epoch: 093, Runtime 4.107301, Loss 0.024966, forward nfe 0, backward nfe 0, Train: 1.0000, Val: 0.6065, Test: 0.5871, Best time: 7.8741
After OOD adjustment: Training instances of last class: 0
After OOD adjustment: Testing instances of last class: 88
Epoch: 094, Runtime 4.101364, Loss 0.021719, forward nfe 0, backward nfe 0, Train: 1.0000, Val: 0.6065, Test: 0.5871, Best time: 7.8741
After OOD adjustment: Training instances of last class: 0
After OOD adjustment: Testing instances of last class: 88
Epoch: 095, Runtime 4.189094, Loss 0.021153, forward nfe 0, backward nfe 0, Train: 1.0000, Val: 0.6065, Test: 0.5871, Best time: 7.8741
After OOD adjustment: Training instances of last class: 0
After OOD adjustment: Testing instances of last class: 88
Epoch: 096, Runtime 4.178976, Loss 0.021331, forward nfe 0, backward nfe 0, Train: 1.0000, Val: 0.6065, Test: 0.5871, Best time: 7.8741
After OOD adjustment: Training instances of last class: 0
After OOD adjustment: Testing instances of last class: 88
Epoch: 097, Runtime 4.172061, Loss 0.022352, forward nfe 0, backward nfe 0, Train: 1.0000, Val: 0.6065, Test: 0.5871, Best time: 7.8741
After OOD adjustment: Training instances of last class: 0
After OOD adjustment: Testing instances of last class: 88
Epoch: 098, Runtime 4.102554, Loss 0.020090, forward nfe 0, backward nfe 0, Train: 1.0000, Val: 0.6065, Test: 0.5871, Best time: 7.8741
After OOD adjustment: Training instances of last class: 0
After OOD adjustment: Testing instances of last class: 88
Epoch: 099, Runtime 4.069046, Loss 0.019100, forward nfe 0, backward nfe 0, Train: 1.0000, Val: 0.6065, Test: 0.5871, Best time: 7.8741
After OOD adjustment: Training instances of last class: 0
After OOD adjustment: Testing instances of last class: 88
Epoch: 100, Runtime 4.095211, Loss 0.019264, forward nfe 0, backward nfe 0, Train: 1.0000, Val: 0.6065, Test: 0.5871, Best time: 7.8741
After OOD adjustment: Training instances of last class: 0
After OOD adjustment: Testing instances of last class: 88
Epoch: 101, Runtime 4.152177, Loss 0.018057, forward nfe 0, backward nfe 0, Train: 1.0000, Val: 0.6065, Test: 0.5871, Best time: 7.8741
After OOD adjustment: Training instances of last class: 0
After OOD adjustment: Testing instances of last class: 88
Epoch: 102, Runtime 4.172536, Loss 0.015561, forward nfe 0, backward nfe 0, Train: 1.0000, Val: 0.6065, Test: 0.5871, Best time: 7.8741
After OOD adjustment: Training instances of last class: 0
After OOD adjustment: Testing instances of last class: 88
Epoch: 103, Runtime 4.195686, Loss 0.018067, forward nfe 0, backward nfe 0, Train: 1.0000, Val: 0.6065, Test: 0.5871, Best time: 7.8741
After OOD adjustment: Training instances of last class: 0
After OOD adjustment: Testing instances of last class: 88
Epoch: 104, Runtime 4.109363, Loss 0.021462, forward nfe 0, backward nfe 0, Train: 1.0000, Val: 0.6065, Test: 0.5871, Best time: 7.8741
After OOD adjustment: Training instances of last class: 0
After OOD adjustment: Testing instances of last class: 88
Epoch: 105, Runtime 4.047593, Loss 0.018939, forward nfe 0, backward nfe 0, Train: 1.0000, Val: 0.6065, Test: 0.5871, Best time: 7.8741
After OOD adjustment: Training instances of last class: 0
After OOD adjustment: Testing instances of last class: 88
Epoch: 106, Runtime 4.060707, Loss 0.017084, forward nfe 0, backward nfe 0, Train: 1.0000, Val: 0.6065, Test: 0.5871, Best time: 7.8741
After OOD adjustment: Training instances of last class: 0
After OOD adjustment: Testing instances of last class: 88
Epoch: 107, Runtime 4.223775, Loss 0.016663, forward nfe 0, backward nfe 0, Train: 1.0000, Val: 0.6065, Test: 0.5871, Best time: 7.8741
After OOD adjustment: Training instances of last class: 0
After OOD adjustment: Testing instances of last class: 88
Epoch: 108, Runtime 4.183110, Loss 0.017568, forward nfe 0, backward nfe 0, Train: 1.0000, Val: 0.6065, Test: 0.5871, Best time: 7.8741
After OOD adjustment: Training instances of last class: 0
After OOD adjustment: Testing instances of last class: 88
Epoch: 109, Runtime 4.098156, Loss 0.017112, forward nfe 0, backward nfe 0, Train: 1.0000, Val: 0.6065, Test: 0.5871, Best time: 7.8741
After OOD adjustment: Training instances of last class: 0
After OOD adjustment: Testing instances of last class: 88
Epoch: 110, Runtime 4.078767, Loss 0.016778, forward nfe 0, backward nfe 0, Train: 1.0000, Val: 0.6065, Test: 0.5871, Best time: 7.8741
After OOD adjustment: Training instances of last class: 0
After OOD adjustment: Testing instances of last class: 88
Epoch: 111, Runtime 4.156360, Loss 0.018221, forward nfe 0, backward nfe 0, Train: 1.0000, Val: 0.6065, Test: 0.5871, Best time: 7.8741
After OOD adjustment: Training instances of last class: 0
After OOD adjustment: Testing instances of last class: 88
Epoch: 112, Runtime 4.139441, Loss 0.015913, forward nfe 0, backward nfe 0, Train: 1.0000, Val: 0.6065, Test: 0.5871, Best time: 7.8741
After OOD adjustment: Training instances of last class: 0
After OOD adjustment: Testing instances of last class: 88
Epoch: 113, Runtime 4.090317, Loss 0.017305, forward nfe 0, backward nfe 0, Train: 1.0000, Val: 0.6065, Test: 0.5871, Best time: 7.8741
After OOD adjustment: Training instances of last class: 0
After OOD adjustment: Testing instances of last class: 88
Epoch: 114, Runtime 4.134009, Loss 0.014274, forward nfe 0, backward nfe 0, Train: 1.0000, Val: 0.6065, Test: 0.5871, Best time: 7.8741
After OOD adjustment: Training instances of last class: 0
After OOD adjustment: Testing instances of last class: 88
Epoch: 115, Runtime 3.943350, Loss 0.015555, forward nfe 0, backward nfe 0, Train: 1.0000, Val: 0.6065, Test: 0.5871, Best time: 7.8741
After OOD adjustment: Training instances of last class: 0
After OOD adjustment: Testing instances of last class: 88
Epoch: 116, Runtime 3.985687, Loss 0.014840, forward nfe 0, backward nfe 0, Train: 1.0000, Val: 0.6065, Test: 0.5871, Best time: 7.8741
After OOD adjustment: Training instances of last class: 0
After OOD adjustment: Testing instances of last class: 88
Epoch: 117, Runtime 4.075122, Loss 0.014902, forward nfe 0, backward nfe 0, Train: 1.0000, Val: 0.6065, Test: 0.5871, Best time: 7.8741
After OOD adjustment: Training instances of last class: 0
After OOD adjustment: Testing instances of last class: 88
Epoch: 118, Runtime 4.074289, Loss 0.016880, forward nfe 0, backward nfe 0, Train: 1.0000, Val: 0.6065, Test: 0.5871, Best time: 7.8741
After OOD adjustment: Training instances of last class: 0
After OOD adjustment: Testing instances of last class: 88
Epoch: 119, Runtime 4.120668, Loss 0.015641, forward nfe 0, backward nfe 0, Train: 1.0000, Val: 0.6065, Test: 0.5871, Best time: 7.8741
After OOD adjustment: Training instances of last class: 0
After OOD adjustment: Testing instances of last class: 88
Epoch: 120, Runtime 4.111982, Loss 0.013394, forward nfe 0, backward nfe 0, Train: 1.0000, Val: 0.6065, Test: 0.5871, Best time: 7.8741
After OOD adjustment: Training instances of last class: 0
After OOD adjustment: Testing instances of last class: 88
Epoch: 121, Runtime 4.128946, Loss 0.012184, forward nfe 0, backward nfe 0, Train: 1.0000, Val: 0.6065, Test: 0.5871, Best time: 7.8741
After OOD adjustment: Training instances of last class: 0
After OOD adjustment: Testing instances of last class: 88
Epoch: 122, Runtime 4.091798, Loss 0.015343, forward nfe 0, backward nfe 0, Train: 1.0000, Val: 0.6065, Test: 0.5871, Best time: 7.8741
After OOD adjustment: Training instances of last class: 0
After OOD adjustment: Testing instances of last class: 88
Epoch: 123, Runtime 4.007749, Loss 0.012831, forward nfe 0, backward nfe 0, Train: 1.0000, Val: 0.6065, Test: 0.5871, Best time: 7.8741
After OOD adjustment: Training instances of last class: 0
After OOD adjustment: Testing instances of last class: 88
Epoch: 124, Runtime 4.016431, Loss 0.014071, forward nfe 0, backward nfe 0, Train: 1.0000, Val: 0.6065, Test: 0.5871, Best time: 7.8741
After OOD adjustment: Training instances of last class: 0
After OOD adjustment: Testing instances of last class: 88
Epoch: 125, Runtime 4.097502, Loss 0.013210, forward nfe 0, backward nfe 0, Train: 1.0000, Val: 0.6065, Test: 0.5871, Best time: 7.8741
After OOD adjustment: Training instances of last class: 0
After OOD adjustment: Testing instances of last class: 88
Epoch: 126, Runtime 4.063112, Loss 0.014399, forward nfe 0, backward nfe 0, Train: 1.0000, Val: 0.6065, Test: 0.5871, Best time: 7.8741
After OOD adjustment: Training instances of last class: 0
After OOD adjustment: Testing instances of last class: 88
Epoch: 127, Runtime 4.099154, Loss 0.014292, forward nfe 0, backward nfe 0, Train: 1.0000, Val: 0.6065, Test: 0.5871, Best time: 7.8741
After OOD adjustment: Training instances of last class: 0
After OOD adjustment: Testing instances of last class: 88
Epoch: 128, Runtime 4.139029, Loss 0.014101, forward nfe 0, backward nfe 0, Train: 1.0000, Val: 0.6065, Test: 0.5871, Best time: 7.8741
After OOD adjustment: Training instances of last class: 0
After OOD adjustment: Testing instances of last class: 88
Epoch: 129, Runtime 4.132884, Loss 0.011815, forward nfe 0, backward nfe 0, Train: 1.0000, Val: 0.6065, Test: 0.5871, Best time: 7.8741
After OOD adjustment: Training instances of last class: 0
After OOD adjustment: Testing instances of last class: 88
Epoch: 130, Runtime 4.127210, Loss 0.013602, forward nfe 0, backward nfe 0, Train: 1.0000, Val: 0.6065, Test: 0.5871, Best time: 7.8741
After OOD adjustment: Training instances of last class: 0
After OOD adjustment: Testing instances of last class: 88
Epoch: 131, Runtime 4.141708, Loss 0.013765, forward nfe 0, backward nfe 0, Train: 1.0000, Val: 0.6065, Test: 0.5871, Best time: 7.8741
After OOD adjustment: Training instances of last class: 0
After OOD adjustment: Testing instances of last class: 88
Epoch: 132, Runtime 4.158377, Loss 0.013525, forward nfe 0, backward nfe 0, Train: 1.0000, Val: 0.6065, Test: 0.5871, Best time: 7.8741
After OOD adjustment: Training instances of last class: 0
After OOD adjustment: Testing instances of last class: 88
Epoch: 133, Runtime 4.075087, Loss 0.011597, forward nfe 0, backward nfe 0, Train: 1.0000, Val: 0.6065, Test: 0.5871, Best time: 7.8741
After OOD adjustment: Training instances of last class: 0
After OOD adjustment: Testing instances of last class: 88
Epoch: 134, Runtime 4.075611, Loss 0.011007, forward nfe 0, backward nfe 0, Train: 1.0000, Val: 0.6065, Test: 0.5871, Best time: 7.8741
After OOD adjustment: Training instances of last class: 0
After OOD adjustment: Testing instances of last class: 88
Epoch: 135, Runtime 4.039829, Loss 0.011071, forward nfe 0, backward nfe 0, Train: 1.0000, Val: 0.6065, Test: 0.5871, Best time: 7.8741
After OOD adjustment: Training instances of last class: 0
After OOD adjustment: Testing instances of last class: 88
Epoch: 136, Runtime 4.066252, Loss 0.011804, forward nfe 0, backward nfe 0, Train: 1.0000, Val: 0.6065, Test: 0.5871, Best time: 7.8741
After OOD adjustment: Training instances of last class: 0
After OOD adjustment: Testing instances of last class: 88
Epoch: 137, Runtime 4.033544, Loss 0.010588, forward nfe 0, backward nfe 0, Train: 1.0000, Val: 0.6065, Test: 0.5871, Best time: 7.8741
After OOD adjustment: Training instances of last class: 0
After OOD adjustment: Testing instances of last class: 88
Epoch: 138, Runtime 4.063244, Loss 0.010793, forward nfe 0, backward nfe 0, Train: 1.0000, Val: 0.6065, Test: 0.5871, Best time: 7.8741
After OOD adjustment: Training instances of last class: 0
After OOD adjustment: Testing instances of last class: 88
Epoch: 139, Runtime 4.077114, Loss 0.010968, forward nfe 0, backward nfe 0, Train: 1.0000, Val: 0.6065, Test: 0.5871, Best time: 7.8741
After OOD adjustment: Training instances of last class: 0
After OOD adjustment: Testing instances of last class: 88
Epoch: 140, Runtime 4.023071, Loss 0.009504, forward nfe 0, backward nfe 0, Train: 1.0000, Val: 0.6065, Test: 0.5871, Best time: 7.8741
After OOD adjustment: Training instances of last class: 0
After OOD adjustment: Testing instances of last class: 88
Epoch: 141, Runtime 4.012959, Loss 0.013050, forward nfe 0, backward nfe 0, Train: 1.0000, Val: 0.6065, Test: 0.5871, Best time: 7.8741
After OOD adjustment: Training instances of last class: 0
After OOD adjustment: Testing instances of last class: 88
Epoch: 142, Runtime 3.985630, Loss 0.011908, forward nfe 0, backward nfe 0, Train: 1.0000, Val: 0.6065, Test: 0.5871, Best time: 7.8741
After OOD adjustment: Training instances of last class: 0
After OOD adjustment: Testing instances of last class: 88
Epoch: 143, Runtime 4.084933, Loss 0.009932, forward nfe 0, backward nfe 0, Train: 1.0000, Val: 0.6065, Test: 0.5871, Best time: 7.8741
After OOD adjustment: Training instances of last class: 0
After OOD adjustment: Testing instances of last class: 88
Epoch: 144, Runtime 4.067880, Loss 0.010670, forward nfe 0, backward nfe 0, Train: 1.0000, Val: 0.6065, Test: 0.5871, Best time: 7.8741
After OOD adjustment: Training instances of last class: 0
After OOD adjustment: Testing instances of last class: 88
Epoch: 145, Runtime 4.103620, Loss 0.010739, forward nfe 0, backward nfe 0, Train: 1.0000, Val: 0.6065, Test: 0.5871, Best time: 7.8741
After OOD adjustment: Training instances of last class: 0
After OOD adjustment: Testing instances of last class: 88
Epoch: 146, Runtime 4.051641, Loss 0.011758, forward nfe 0, backward nfe 0, Train: 1.0000, Val: 0.6065, Test: 0.5871, Best time: 7.8741
After OOD adjustment: Training instances of last class: 0
After OOD adjustment: Testing instances of last class: 88
Epoch: 147, Runtime 4.071623, Loss 0.009833, forward nfe 0, backward nfe 0, Train: 1.0000, Val: 0.6065, Test: 0.5871, Best time: 7.8741
After OOD adjustment: Training instances of last class: 0
After OOD adjustment: Testing instances of last class: 88
Epoch: 148, Runtime 4.063587, Loss 0.010556, forward nfe 0, backward nfe 0, Train: 1.0000, Val: 0.6065, Test: 0.5871, Best time: 7.8741
After OOD adjustment: Training instances of last class: 0
After OOD adjustment: Testing instances of last class: 88
Epoch: 149, Runtime 4.105871, Loss 0.009048, forward nfe 0, backward nfe 0, Train: 1.0000, Val: 0.6065, Test: 0.5871, Best time: 7.8741
After OOD adjustment: Training instances of last class: 0
After OOD adjustment: Testing instances of last class: 88
Epoch: 150, Runtime 4.001869, Loss 0.010711, forward nfe 0, backward nfe 0, Train: 1.0000, Val: 0.6065, Test: 0.5871, Best time: 7.8741
After OOD adjustment: Training instances of last class: 0
After OOD adjustment: Testing instances of last class: 88
Epoch: 151, Runtime 4.001792, Loss 0.008950, forward nfe 0, backward nfe 0, Train: 1.0000, Val: 0.6065, Test: 0.5871, Best time: 7.8741
After OOD adjustment: Training instances of last class: 0
After OOD adjustment: Testing instances of last class: 88
Epoch: 152, Runtime 3.990985, Loss 0.009654, forward nfe 0, backward nfe 0, Train: 1.0000, Val: 0.6065, Test: 0.5871, Best time: 7.8741
After OOD adjustment: Training instances of last class: 0
After OOD adjustment: Testing instances of last class: 88
Epoch: 153, Runtime 3.941067, Loss 0.008723, forward nfe 0, backward nfe 0, Train: 1.0000, Val: 0.6065, Test: 0.5871, Best time: 7.8741
After OOD adjustment: Training instances of last class: 0
After OOD adjustment: Testing instances of last class: 88
Epoch: 154, Runtime 4.055863, Loss 0.009808, forward nfe 0, backward nfe 0, Train: 1.0000, Val: 0.6065, Test: 0.5871, Best time: 7.8741
After OOD adjustment: Training instances of last class: 0
After OOD adjustment: Testing instances of last class: 88
Epoch: 155, Runtime 4.040704, Loss 0.009818, forward nfe 0, backward nfe 0, Train: 1.0000, Val: 0.6065, Test: 0.5871, Best time: 7.8741
After OOD adjustment: Training instances of last class: 0
After OOD adjustment: Testing instances of last class: 88
Epoch: 156, Runtime 4.028847, Loss 0.007539, forward nfe 0, backward nfe 0, Train: 1.0000, Val: 0.6065, Test: 0.5871, Best time: 7.8741
After OOD adjustment: Training instances of last class: 0
After OOD adjustment: Testing instances of last class: 88
Epoch: 157, Runtime 4.025663, Loss 0.009007, forward nfe 0, backward nfe 0, Train: 1.0000, Val: 0.6065, Test: 0.5871, Best time: 7.8741
After OOD adjustment: Training instances of last class: 0
After OOD adjustment: Testing instances of last class: 88
Epoch: 158, Runtime 4.052153, Loss 0.009401, forward nfe 0, backward nfe 0, Train: 1.0000, Val: 0.6065, Test: 0.5871, Best time: 7.8741
After OOD adjustment: Training instances of last class: 0
After OOD adjustment: Testing instances of last class: 88
Epoch: 159, Runtime 3.961548, Loss 0.008590, forward nfe 0, backward nfe 0, Train: 1.0000, Val: 0.6065, Test: 0.5871, Best time: 7.8741
After OOD adjustment: Training instances of last class: 0
After OOD adjustment: Testing instances of last class: 88
Epoch: 160, Runtime 4.019185, Loss 0.009731, forward nfe 0, backward nfe 0, Train: 1.0000, Val: 0.6065, Test: 0.5871, Best time: 7.8741
After OOD adjustment: Training instances of last class: 0
After OOD adjustment: Testing instances of last class: 88
Epoch: 161, Runtime 4.008716, Loss 0.008671, forward nfe 0, backward nfe 0, Train: 1.0000, Val: 0.6065, Test: 0.5871, Best time: 7.8741
After OOD adjustment: Training instances of last class: 0
After OOD adjustment: Testing instances of last class: 88
Epoch: 162, Runtime 4.004286, Loss 0.008234, forward nfe 0, backward nfe 0, Train: 1.0000, Val: 0.6065, Test: 0.5871, Best time: 7.8741
After OOD adjustment: Training instances of last class: 0
After OOD adjustment: Testing instances of last class: 88
Epoch: 163, Runtime 3.962111, Loss 0.008017, forward nfe 0, backward nfe 0, Train: 1.0000, Val: 0.6065, Test: 0.5871, Best time: 7.8741
After OOD adjustment: Training instances of last class: 0
After OOD adjustment: Testing instances of last class: 88
Epoch: 164, Runtime 4.011081, Loss 0.007601, forward nfe 0, backward nfe 0, Train: 1.0000, Val: 0.6065, Test: 0.5871, Best time: 7.8741
After OOD adjustment: Training instances of last class: 0
After OOD adjustment: Testing instances of last class: 88
Epoch: 165, Runtime 4.016504, Loss 0.006314, forward nfe 0, backward nfe 0, Train: 1.0000, Val: 0.6065, Test: 0.5871, Best time: 7.8741
After OOD adjustment: Training instances of last class: 0
After OOD adjustment: Testing instances of last class: 88
Epoch: 166, Runtime 3.952925, Loss 0.008619, forward nfe 0, backward nfe 0, Train: 1.0000, Val: 0.6065, Test: 0.5871, Best time: 7.8741
After OOD adjustment: Training instances of last class: 0
After OOD adjustment: Testing instances of last class: 88
Epoch: 167, Runtime 3.962594, Loss 0.010020, forward nfe 0, backward nfe 0, Train: 1.0000, Val: 0.6065, Test: 0.5871, Best time: 7.8741
After OOD adjustment: Training instances of last class: 0
After OOD adjustment: Testing instances of last class: 88
Epoch: 168, Runtime 3.973683, Loss 0.008607, forward nfe 0, backward nfe 0, Train: 1.0000, Val: 0.6065, Test: 0.5871, Best time: 7.8741
After OOD adjustment: Training instances of last class: 0
After OOD adjustment: Testing instances of last class: 88
Epoch: 169, Runtime 3.996939, Loss 0.007203, forward nfe 0, backward nfe 0, Train: 1.0000, Val: 0.6065, Test: 0.5871, Best time: 7.8741
After OOD adjustment: Training instances of last class: 0
After OOD adjustment: Testing instances of last class: 88
Epoch: 170, Runtime 4.036719, Loss 0.008042, forward nfe 0, backward nfe 0, Train: 1.0000, Val: 0.6065, Test: 0.5871, Best time: 7.8741
After OOD adjustment: Training instances of last class: 0
After OOD adjustment: Testing instances of last class: 88
Epoch: 171, Runtime 3.984504, Loss 0.007499, forward nfe 0, backward nfe 0, Train: 1.0000, Val: 0.6065, Test: 0.5871, Best time: 7.8741
After OOD adjustment: Training instances of last class: 0
After OOD adjustment: Testing instances of last class: 88
Epoch: 172, Runtime 3.955991, Loss 0.008748, forward nfe 0, backward nfe 0, Train: 1.0000, Val: 0.6065, Test: 0.5871, Best time: 7.8741
After OOD adjustment: Training instances of last class: 0
After OOD adjustment: Testing instances of last class: 88
Epoch: 173, Runtime 3.993094, Loss 0.007427, forward nfe 0, backward nfe 0, Train: 1.0000, Val: 0.6065, Test: 0.5871, Best time: 7.8741
After OOD adjustment: Training instances of last class: 0
After OOD adjustment: Testing instances of last class: 88
Epoch: 174, Runtime 4.054904, Loss 0.007128, forward nfe 0, backward nfe 0, Train: 1.0000, Val: 0.6065, Test: 0.5871, Best time: 7.8741
After OOD adjustment: Training instances of last class: 0
After OOD adjustment: Testing instances of last class: 88
Epoch: 175, Runtime 3.991323, Loss 0.008130, forward nfe 0, backward nfe 0, Train: 1.0000, Val: 0.6065, Test: 0.5871, Best time: 7.8741
After OOD adjustment: Training instances of last class: 0
After OOD adjustment: Testing instances of last class: 88
Epoch: 176, Runtime 3.986365, Loss 0.006745, forward nfe 0, backward nfe 0, Train: 1.0000, Val: 0.6065, Test: 0.5871, Best time: 7.8741
After OOD adjustment: Training instances of last class: 0
After OOD adjustment: Testing instances of last class: 88
Epoch: 177, Runtime 3.976277, Loss 0.007801, forward nfe 0, backward nfe 0, Train: 1.0000, Val: 0.6065, Test: 0.5871, Best time: 7.8741
After OOD adjustment: Training instances of last class: 0
After OOD adjustment: Testing instances of last class: 88
Epoch: 178, Runtime 4.006480, Loss 0.007197, forward nfe 0, backward nfe 0, Train: 1.0000, Val: 0.6065, Test: 0.5871, Best time: 7.8741
After OOD adjustment: Training instances of last class: 0
After OOD adjustment: Testing instances of last class: 88
Epoch: 179, Runtime 4.017694, Loss 0.006161, forward nfe 0, backward nfe 0, Train: 1.0000, Val: 0.6065, Test: 0.5871, Best time: 7.8741
After OOD adjustment: Training instances of last class: 0
After OOD adjustment: Testing instances of last class: 88
Epoch: 180, Runtime 4.088670, Loss 0.007819, forward nfe 0, backward nfe 0, Train: 1.0000, Val: 0.6065, Test: 0.5871, Best time: 7.8741
After OOD adjustment: Training instances of last class: 0
After OOD adjustment: Testing instances of last class: 88
Epoch: 181, Runtime 4.051677, Loss 0.006331, forward nfe 0, backward nfe 0, Train: 1.0000, Val: 0.6065, Test: 0.5871, Best time: 7.8741
After OOD adjustment: Training instances of last class: 0
After OOD adjustment: Testing instances of last class: 88
Epoch: 182, Runtime 4.073950, Loss 0.006861, forward nfe 0, backward nfe 0, Train: 1.0000, Val: 0.6065, Test: 0.5871, Best time: 7.8741
After OOD adjustment: Training instances of last class: 0
After OOD adjustment: Testing instances of last class: 88
Epoch: 183, Runtime 4.096568, Loss 0.006153, forward nfe 0, backward nfe 0, Train: 1.0000, Val: 0.6065, Test: 0.5871, Best time: 7.8741
After OOD adjustment: Training instances of last class: 0
After OOD adjustment: Testing instances of last class: 88
Epoch: 184, Runtime 4.061318, Loss 0.006806, forward nfe 0, backward nfe 0, Train: 1.0000, Val: 0.6065, Test: 0.5871, Best time: 7.8741
After OOD adjustment: Training instances of last class: 0
After OOD adjustment: Testing instances of last class: 88
Epoch: 185, Runtime 3.999720, Loss 0.007616, forward nfe 0, backward nfe 0, Train: 1.0000, Val: 0.6065, Test: 0.5871, Best time: 7.8741
After OOD adjustment: Training instances of last class: 0
After OOD adjustment: Testing instances of last class: 88
Epoch: 186, Runtime 4.098848, Loss 0.006525, forward nfe 0, backward nfe 0, Train: 1.0000, Val: 0.6065, Test: 0.5871, Best time: 7.8741
After OOD adjustment: Training instances of last class: 0
After OOD adjustment: Testing instances of last class: 88
Epoch: 187, Runtime 4.011442, Loss 0.006388, forward nfe 0, backward nfe 0, Train: 1.0000, Val: 0.6065, Test: 0.5871, Best time: 7.8741
After OOD adjustment: Training instances of last class: 0
After OOD adjustment: Testing instances of last class: 88
Epoch: 188, Runtime 4.091927, Loss 0.007426, forward nfe 0, backward nfe 0, Train: 1.0000, Val: 0.6065, Test: 0.5871, Best time: 7.8741
After OOD adjustment: Training instances of last class: 0
After OOD adjustment: Testing instances of last class: 88
Epoch: 189, Runtime 4.044842, Loss 0.005916, forward nfe 0, backward nfe 0, Train: 1.0000, Val: 0.6065, Test: 0.5871, Best time: 7.8741
After OOD adjustment: Training instances of last class: 0
After OOD adjustment: Testing instances of last class: 88
Epoch: 190, Runtime 4.071738, Loss 0.006500, forward nfe 0, backward nfe 0, Train: 1.0000, Val: 0.6065, Test: 0.5871, Best time: 7.8741
After OOD adjustment: Training instances of last class: 0
After OOD adjustment: Testing instances of last class: 88
Epoch: 191, Runtime 4.037318, Loss 0.006117, forward nfe 0, backward nfe 0, Train: 1.0000, Val: 0.6065, Test: 0.5871, Best time: 7.8741
After OOD adjustment: Training instances of last class: 0
After OOD adjustment: Testing instances of last class: 88
Epoch: 192, Runtime 3.999367, Loss 0.006740, forward nfe 0, backward nfe 0, Train: 1.0000, Val: 0.6065, Test: 0.5871, Best time: 7.8741
After OOD adjustment: Training instances of last class: 0
After OOD adjustment: Testing instances of last class: 88
Epoch: 193, Runtime 3.975073, Loss 0.006623, forward nfe 0, backward nfe 0, Train: 1.0000, Val: 0.6065, Test: 0.5871, Best time: 7.8741
After OOD adjustment: Training instances of last class: 0
After OOD adjustment: Testing instances of last class: 88
Epoch: 194, Runtime 4.056711, Loss 0.006121, forward nfe 0, backward nfe 0, Train: 1.0000, Val: 0.6065, Test: 0.5871, Best time: 7.8741
After OOD adjustment: Training instances of last class: 0
After OOD adjustment: Testing instances of last class: 88
Epoch: 195, Runtime 4.052527, Loss 0.006530, forward nfe 0, backward nfe 0, Train: 1.0000, Val: 0.6065, Test: 0.5871, Best time: 7.8741
After OOD adjustment: Training instances of last class: 0
After OOD adjustment: Testing instances of last class: 88
Epoch: 196, Runtime 4.162095, Loss 0.007771, forward nfe 0, backward nfe 0, Train: 1.0000, Val: 0.6065, Test: 0.5871, Best time: 7.8741
After OOD adjustment: Training instances of last class: 0
After OOD adjustment: Testing instances of last class: 88
Epoch: 197, Runtime 4.146627, Loss 0.007120, forward nfe 0, backward nfe 0, Train: 1.0000, Val: 0.6065, Test: 0.5871, Best time: 7.8741
After OOD adjustment: Training instances of last class: 0
After OOD adjustment: Testing instances of last class: 88
Epoch: 198, Runtime 4.114684, Loss 0.007004, forward nfe 0, backward nfe 0, Train: 1.0000, Val: 0.6065, Test: 0.5871, Best time: 7.8741
After OOD adjustment: Training instances of last class: 0
After OOD adjustment: Testing instances of last class: 88
Epoch: 199, Runtime 4.153256, Loss 0.006664, forward nfe 0, backward nfe 0, Train: 1.0000, Val: 0.6065, Test: 0.5871, Best time: 7.8741
best val accuracy 0.606522 with test accuracy 0.587097 at epoch 17 and best time 7.874113
base_directory resutls_prob/OOD_Citeseer
new_name:  lgnsde_ODD
file_path 1 resutls_prob/OOD_Citeseer/lgnsde_ODD_prediction_probabilities_24.npz
file_path 2 resutls_prob/OOD_Citeseer/lgnsde_ODD_prediction_probabilities_24.npz
Entropy Threshold: inf Test accuracy: 0.6016129032258064
Entropy Threshold: 2 Test accuracy: 0.5967741935483871
Entropy Threshold: 1.6 Test accuracy: 0.612141652613828
Entropy Threshold: 1.5 Test accuracy: 0.7318840579710145
Entropy Threshold: 1.4 Test accuracy: 0.7777777777777778
Entropy Threshold: 1.3 Test accuracy: 0.8169014084507042
Entropy Threshold: 1.2 Test accuracy: 0.8648648648648649
Entropy Threshold: 1.1 Test accuracy: 0.7777777777777778
Entropy Threshold: 0.9 Test accuracy: 0.0
Entropy Threshold: 0.8 Test accuracy: None
Entropy Threshold: 0.7 Test accuracy: None
Entropy Threshold: 0.6 Test accuracy: None
Entropy Threshold: 0.5 Test accuracy: None
Entropy Threshold: 0.4 Test accuracy: None
Entropy Threshold: 0.3 Test accuracy: None
Entropy Threshold: 0.2 Test accuracy: None
Entropy Threshold: 0.1 Test accuracy: None
