[KeOps] Warning : cuda was detected, but driver API could not be initialized. Switching to cpu only.
Folder already exists: results/citeseer
experiment: 0
Dataset size (num_nodes): 2120, Intended development set size (num_development): 1500
Dataset size (num_nodes): 2120, Actual development set size (num_development): 1500
rations: train 120, val 1380, test 620
Before OOD adjustment: Total instances of last class: 304
Before OOD adjustment: Training instances of last class: 20
Before OOD adjustment: Testing instances of last class: 93
Before OOD adjustment: Val instances of last class: 191
total train + val+ test 304
After OOD adjustment: Training instances of last class: 0
After OOD adjustment: Testing instances of last class: 93
Total number of classes: 6
number of classes to train: 5
using file gn_sde.py
sigma 1.0
rtol 0.01
t1 0.01
Dataset size (num_nodes): 2120, Intended development set size (num_development): 1500
Dataset size (num_nodes): 2120, Actual development set size (num_development): 1500
rations: train 120, val 1380, test 620
within set_train_val_test_split function!
Before OOD adjustment: Total instances of last class: 304
Before OOD adjustment: Training instances of last class: 20
Before OOD adjustment: Testing instances of last class: 105
Before OOD adjustment: Val instances of last class: 179
total train + val+ test 304
After OOD adjustment: Training instances of last class: 0
After OOD adjustment: Testing instances of last class: 105
LatentGraphSDE(
  (net): Sequential(
    (0): MyGCN(
      (activation): Softplus(beta=1, threshold=20)
      (conv1): GCNConv(81, 80)
    )
    (1): MyGCN(
      (conv1): GCNConv(80, 80)
    )
  )
  (in_net): MyGCN(
    (conv1): GCNConv(3703, 80)
  )
  (projection_net): Sequential(
    (0): Flatten(start_dim=1, end_dim=-1)
    (1): MyGCN(
      (conv1): GCNConv(80, 5)
    )
  )
)
qy0_mean
torch.Size([1, 80])
qy0_logvar
torch.Size([1, 80])
net.0.conv1.bias
torch.Size([80])
net.0.conv1.lin.weight
torch.Size([80, 81])
net.1.conv1.bias
torch.Size([80])
net.1.conv1.lin.weight
torch.Size([80, 80])
in_net.conv1.bias
torch.Size([80])
in_net.conv1.lin.weight
torch.Size([80, 3703])
projection_net.1.conv1.bias
torch.Size([5])
projection_net.1.conv1.lin.weight
torch.Size([5, 80])
After OOD adjustment: Training instances of last class: 0
After OOD adjustment: Testing instances of last class: 105
Epoch: 001, Runtime 3.369864, Loss 1.615775, forward nfe 0, backward nfe 0, Train: 0.4400, Val: 0.2384, Test: 0.2419, Best time: 7.8741
After OOD adjustment: Training instances of last class: 0
After OOD adjustment: Testing instances of last class: 105
Epoch: 002, Runtime 3.126321, Loss 1.555887, forward nfe 0, backward nfe 0, Train: 0.6200, Val: 0.2957, Test: 0.3177, Best time: 7.8741
After OOD adjustment: Training instances of last class: 0
After OOD adjustment: Testing instances of last class: 105
Epoch: 003, Runtime 3.128635, Loss 1.500163, forward nfe 0, backward nfe 0, Train: 0.7300, Val: 0.3906, Test: 0.3823, Best time: 7.8741
After OOD adjustment: Training instances of last class: 0
After OOD adjustment: Testing instances of last class: 105
Epoch: 004, Runtime 3.154075, Loss 1.440309, forward nfe 0, backward nfe 0, Train: 0.8400, Val: 0.4413, Test: 0.4323, Best time: 7.8741
After OOD adjustment: Training instances of last class: 0
After OOD adjustment: Testing instances of last class: 105
Epoch: 005, Runtime 3.140384, Loss 1.384140, forward nfe 0, backward nfe 0, Train: 0.8800, Val: 0.4790, Test: 0.4613, Best time: 7.8741
After OOD adjustment: Training instances of last class: 0
After OOD adjustment: Testing instances of last class: 105
Epoch: 006, Runtime 3.146877, Loss 1.333118, forward nfe 0, backward nfe 0, Train: 0.9400, Val: 0.4884, Test: 0.4919, Best time: 7.8741
After OOD adjustment: Training instances of last class: 0
After OOD adjustment: Testing instances of last class: 105
Epoch: 007, Runtime 3.131524, Loss 1.263937, forward nfe 0, backward nfe 0, Train: 0.9600, Val: 0.5268, Test: 0.4984, Best time: 7.8741
After OOD adjustment: Training instances of last class: 0
After OOD adjustment: Testing instances of last class: 105
Epoch: 008, Runtime 3.134041, Loss 1.198296, forward nfe 0, backward nfe 0, Train: 0.9500, Val: 0.5558, Test: 0.5177, Best time: 7.8741
After OOD adjustment: Training instances of last class: 0
After OOD adjustment: Testing instances of last class: 105
Epoch: 009, Runtime 3.017835, Loss 1.136927, forward nfe 0, backward nfe 0, Train: 0.9500, Val: 0.5558, Test: 0.5177, Best time: 7.8741
After OOD adjustment: Training instances of last class: 0
After OOD adjustment: Testing instances of last class: 105
Epoch: 010, Runtime 3.012979, Loss 1.055278, forward nfe 0, backward nfe 0, Train: 0.9500, Val: 0.5558, Test: 0.5177, Best time: 7.8741
After OOD adjustment: Training instances of last class: 0
After OOD adjustment: Testing instances of last class: 105
Epoch: 011, Runtime 3.040848, Loss 1.001532, forward nfe 0, backward nfe 0, Train: 0.9500, Val: 0.5558, Test: 0.5177, Best time: 7.8741
After OOD adjustment: Training instances of last class: 0
After OOD adjustment: Testing instances of last class: 105
Epoch: 012, Runtime 3.066775, Loss 0.937531, forward nfe 0, backward nfe 0, Train: 0.9500, Val: 0.5558, Test: 0.5177, Best time: 7.8741
After OOD adjustment: Training instances of last class: 0
After OOD adjustment: Testing instances of last class: 105
Epoch: 013, Runtime 3.599452, Loss 0.873953, forward nfe 0, backward nfe 0, Train: 0.9700, Val: 0.5580, Test: 0.5452, Best time: 7.8741
After OOD adjustment: Training instances of last class: 0
After OOD adjustment: Testing instances of last class: 105
Epoch: 014, Runtime 3.818090, Loss 0.815904, forward nfe 0, backward nfe 0, Train: 0.9700, Val: 0.5652, Test: 0.5484, Best time: 7.8741
After OOD adjustment: Training instances of last class: 0
After OOD adjustment: Testing instances of last class: 105
Epoch: 015, Runtime 3.853481, Loss 0.754004, forward nfe 0, backward nfe 0, Train: 0.9500, Val: 0.5797, Test: 0.5484, Best time: 7.8741
After OOD adjustment: Training instances of last class: 0
After OOD adjustment: Testing instances of last class: 105
Epoch: 016, Runtime 3.668240, Loss 0.721281, forward nfe 0, backward nfe 0, Train: 0.9500, Val: 0.5797, Test: 0.5484, Best time: 7.8741
After OOD adjustment: Training instances of last class: 0
After OOD adjustment: Testing instances of last class: 105
Epoch: 017, Runtime 3.715625, Loss 0.655484, forward nfe 0, backward nfe 0, Train: 0.9500, Val: 0.5797, Test: 0.5484, Best time: 7.8741
After OOD adjustment: Training instances of last class: 0
After OOD adjustment: Testing instances of last class: 105
Epoch: 018, Runtime 3.713427, Loss 0.609762, forward nfe 0, backward nfe 0, Train: 0.9500, Val: 0.5797, Test: 0.5484, Best time: 7.8741
After OOD adjustment: Training instances of last class: 0
After OOD adjustment: Testing instances of last class: 105
Epoch: 019, Runtime 3.719308, Loss 0.563905, forward nfe 0, backward nfe 0, Train: 0.9500, Val: 0.5797, Test: 0.5484, Best time: 7.8741
After OOD adjustment: Training instances of last class: 0
After OOD adjustment: Testing instances of last class: 105
Epoch: 020, Runtime 3.892844, Loss 0.527357, forward nfe 0, backward nfe 0, Train: 0.9700, Val: 0.5877, Test: 0.5726, Best time: 7.8741
After OOD adjustment: Training instances of last class: 0
After OOD adjustment: Testing instances of last class: 105
Epoch: 021, Runtime 3.824376, Loss 0.473317, forward nfe 0, backward nfe 0, Train: 0.9800, Val: 0.5920, Test: 0.5645, Best time: 7.8741
After OOD adjustment: Training instances of last class: 0
After OOD adjustment: Testing instances of last class: 105
Epoch: 022, Runtime 3.644504, Loss 0.457095, forward nfe 0, backward nfe 0, Train: 0.9800, Val: 0.5920, Test: 0.5645, Best time: 7.8741
After OOD adjustment: Training instances of last class: 0
After OOD adjustment: Testing instances of last class: 105
Epoch: 023, Runtime 3.695477, Loss 0.423793, forward nfe 0, backward nfe 0, Train: 0.9800, Val: 0.5920, Test: 0.5645, Best time: 7.8741
After OOD adjustment: Training instances of last class: 0
After OOD adjustment: Testing instances of last class: 105
Epoch: 024, Runtime 3.729381, Loss 0.395938, forward nfe 0, backward nfe 0, Train: 0.9800, Val: 0.5920, Test: 0.5645, Best time: 7.8741
After OOD adjustment: Training instances of last class: 0
After OOD adjustment: Testing instances of last class: 105
Epoch: 025, Runtime 3.895430, Loss 0.374859, forward nfe 0, backward nfe 0, Train: 0.9900, Val: 0.5942, Test: 0.5597, Best time: 7.8741
After OOD adjustment: Training instances of last class: 0
After OOD adjustment: Testing instances of last class: 105
Epoch: 026, Runtime 3.840425, Loss 0.342116, forward nfe 0, backward nfe 0, Train: 0.9900, Val: 0.5949, Test: 0.5645, Best time: 7.8741
After OOD adjustment: Training instances of last class: 0
After OOD adjustment: Testing instances of last class: 105
Epoch: 027, Runtime 3.650040, Loss 0.312923, forward nfe 0, backward nfe 0, Train: 0.9900, Val: 0.5949, Test: 0.5645, Best time: 7.8741
After OOD adjustment: Training instances of last class: 0
After OOD adjustment: Testing instances of last class: 105
Epoch: 028, Runtime 3.664704, Loss 0.295929, forward nfe 0, backward nfe 0, Train: 0.9900, Val: 0.5949, Test: 0.5645, Best time: 7.8741
After OOD adjustment: Training instances of last class: 0
After OOD adjustment: Testing instances of last class: 105
Epoch: 029, Runtime 3.670419, Loss 0.266820, forward nfe 0, backward nfe 0, Train: 0.9900, Val: 0.5949, Test: 0.5645, Best time: 7.8741
After OOD adjustment: Training instances of last class: 0
After OOD adjustment: Testing instances of last class: 105
Epoch: 030, Runtime 3.673284, Loss 0.249565, forward nfe 0, backward nfe 0, Train: 0.9900, Val: 0.5949, Test: 0.5645, Best time: 7.8741
After OOD adjustment: Training instances of last class: 0
After OOD adjustment: Testing instances of last class: 105
Epoch: 031, Runtime 3.730089, Loss 0.244450, forward nfe 0, backward nfe 0, Train: 0.9900, Val: 0.5949, Test: 0.5645, Best time: 7.8741
After OOD adjustment: Training instances of last class: 0
After OOD adjustment: Testing instances of last class: 105
Epoch: 032, Runtime 3.667283, Loss 0.216043, forward nfe 0, backward nfe 0, Train: 0.9900, Val: 0.5949, Test: 0.5645, Best time: 7.8741
After OOD adjustment: Training instances of last class: 0
After OOD adjustment: Testing instances of last class: 105
Epoch: 033, Runtime 3.876157, Loss 0.199634, forward nfe 0, backward nfe 0, Train: 1.0000, Val: 0.5957, Test: 0.5726, Best time: 7.8741
After OOD adjustment: Training instances of last class: 0
After OOD adjustment: Testing instances of last class: 105
Epoch: 034, Runtime 3.642165, Loss 0.196959, forward nfe 0, backward nfe 0, Train: 1.0000, Val: 0.5957, Test: 0.5726, Best time: 7.8741
After OOD adjustment: Training instances of last class: 0
After OOD adjustment: Testing instances of last class: 105
Epoch: 035, Runtime 3.643804, Loss 0.188092, forward nfe 0, backward nfe 0, Train: 1.0000, Val: 0.5957, Test: 0.5726, Best time: 7.8741
After OOD adjustment: Training instances of last class: 0
After OOD adjustment: Testing instances of last class: 105
Epoch: 036, Runtime 3.719639, Loss 0.166680, forward nfe 0, backward nfe 0, Train: 1.0000, Val: 0.5957, Test: 0.5726, Best time: 7.8741
After OOD adjustment: Training instances of last class: 0
After OOD adjustment: Testing instances of last class: 105
Epoch: 037, Runtime 3.311234, Loss 0.152292, forward nfe 0, backward nfe 0, Train: 1.0000, Val: 0.5957, Test: 0.5726, Best time: 7.8741
After OOD adjustment: Training instances of last class: 0
After OOD adjustment: Testing instances of last class: 105
Epoch: 038, Runtime 3.303211, Loss 0.146324, forward nfe 0, backward nfe 0, Train: 1.0000, Val: 0.5957, Test: 0.5726, Best time: 7.8741
After OOD adjustment: Training instances of last class: 0
After OOD adjustment: Testing instances of last class: 105
Epoch: 039, Runtime 3.293313, Loss 0.137850, forward nfe 0, backward nfe 0, Train: 1.0000, Val: 0.5957, Test: 0.5726, Best time: 7.8741
After OOD adjustment: Training instances of last class: 0
After OOD adjustment: Testing instances of last class: 105
Epoch: 040, Runtime 3.299979, Loss 0.129521, forward nfe 0, backward nfe 0, Train: 1.0000, Val: 0.5957, Test: 0.5726, Best time: 7.8741
After OOD adjustment: Training instances of last class: 0
After OOD adjustment: Testing instances of last class: 105
Epoch: 041, Runtime 3.277677, Loss 0.117698, forward nfe 0, backward nfe 0, Train: 1.0000, Val: 0.5957, Test: 0.5726, Best time: 7.8741
After OOD adjustment: Training instances of last class: 0
After OOD adjustment: Testing instances of last class: 105
Epoch: 042, Runtime 3.265482, Loss 0.117886, forward nfe 0, backward nfe 0, Train: 1.0000, Val: 0.5957, Test: 0.5726, Best time: 7.8741
After OOD adjustment: Training instances of last class: 0
After OOD adjustment: Testing instances of last class: 105
Epoch: 043, Runtime 3.277375, Loss 0.109626, forward nfe 0, backward nfe 0, Train: 1.0000, Val: 0.5957, Test: 0.5726, Best time: 7.8741
After OOD adjustment: Training instances of last class: 0
After OOD adjustment: Testing instances of last class: 105
Epoch: 044, Runtime 3.280443, Loss 0.103762, forward nfe 0, backward nfe 0, Train: 1.0000, Val: 0.5957, Test: 0.5726, Best time: 7.8741
After OOD adjustment: Training instances of last class: 0
After OOD adjustment: Testing instances of last class: 105
Epoch: 045, Runtime 3.584757, Loss 0.096203, forward nfe 0, backward nfe 0, Train: 1.0000, Val: 0.5957, Test: 0.5726, Best time: 7.8741
After OOD adjustment: Training instances of last class: 0
After OOD adjustment: Testing instances of last class: 105
Epoch: 046, Runtime 3.575497, Loss 0.097785, forward nfe 0, backward nfe 0, Train: 1.0000, Val: 0.5957, Test: 0.5726, Best time: 7.8741
After OOD adjustment: Training instances of last class: 0
After OOD adjustment: Testing instances of last class: 105
Epoch: 047, Runtime 3.598468, Loss 0.088028, forward nfe 0, backward nfe 0, Train: 1.0000, Val: 0.5957, Test: 0.5726, Best time: 7.8741
After OOD adjustment: Training instances of last class: 0
After OOD adjustment: Testing instances of last class: 105
Epoch: 048, Runtime 3.628676, Loss 0.087756, forward nfe 0, backward nfe 0, Train: 1.0000, Val: 0.5957, Test: 0.5726, Best time: 7.8741
After OOD adjustment: Training instances of last class: 0
After OOD adjustment: Testing instances of last class: 105
Epoch: 049, Runtime 3.635289, Loss 0.080825, forward nfe 0, backward nfe 0, Train: 1.0000, Val: 0.5957, Test: 0.5726, Best time: 7.8741
After OOD adjustment: Training instances of last class: 0
After OOD adjustment: Testing instances of last class: 105
Epoch: 050, Runtime 3.696269, Loss 0.081387, forward nfe 0, backward nfe 0, Train: 1.0000, Val: 0.5957, Test: 0.5726, Best time: 7.8741
After OOD adjustment: Training instances of last class: 0
After OOD adjustment: Testing instances of last class: 105
Epoch: 051, Runtime 3.602539, Loss 0.074133, forward nfe 0, backward nfe 0, Train: 1.0000, Val: 0.5957, Test: 0.5726, Best time: 7.8741
After OOD adjustment: Training instances of last class: 0
After OOD adjustment: Testing instances of last class: 105
Epoch: 052, Runtime 3.628497, Loss 0.075326, forward nfe 0, backward nfe 0, Train: 1.0000, Val: 0.5957, Test: 0.5726, Best time: 7.8741
After OOD adjustment: Training instances of last class: 0
After OOD adjustment: Testing instances of last class: 105
Epoch: 053, Runtime 3.627179, Loss 0.063818, forward nfe 0, backward nfe 0, Train: 1.0000, Val: 0.5957, Test: 0.5726, Best time: 7.8741
After OOD adjustment: Training instances of last class: 0
After OOD adjustment: Testing instances of last class: 105
Epoch: 054, Runtime 3.694878, Loss 0.063460, forward nfe 0, backward nfe 0, Train: 1.0000, Val: 0.5957, Test: 0.5726, Best time: 7.8741
After OOD adjustment: Training instances of last class: 0
After OOD adjustment: Testing instances of last class: 105
Epoch: 055, Runtime 3.660397, Loss 0.061772, forward nfe 0, backward nfe 0, Train: 1.0000, Val: 0.5957, Test: 0.5726, Best time: 7.8741
After OOD adjustment: Training instances of last class: 0
After OOD adjustment: Testing instances of last class: 105
Epoch: 056, Runtime 3.650782, Loss 0.068699, forward nfe 0, backward nfe 0, Train: 1.0000, Val: 0.5957, Test: 0.5726, Best time: 7.8741
After OOD adjustment: Training instances of last class: 0
After OOD adjustment: Testing instances of last class: 105
Epoch: 057, Runtime 3.629066, Loss 0.061499, forward nfe 0, backward nfe 0, Train: 1.0000, Val: 0.5957, Test: 0.5726, Best time: 7.8741
After OOD adjustment: Training instances of last class: 0
After OOD adjustment: Testing instances of last class: 105
Epoch: 058, Runtime 3.638162, Loss 0.060558, forward nfe 0, backward nfe 0, Train: 1.0000, Val: 0.5957, Test: 0.5726, Best time: 7.8741
After OOD adjustment: Training instances of last class: 0
After OOD adjustment: Testing instances of last class: 105
Epoch: 059, Runtime 3.663789, Loss 0.053637, forward nfe 0, backward nfe 0, Train: 1.0000, Val: 0.5957, Test: 0.5726, Best time: 7.8741
After OOD adjustment: Training instances of last class: 0
After OOD adjustment: Testing instances of last class: 105
Epoch: 060, Runtime 3.692397, Loss 0.053770, forward nfe 0, backward nfe 0, Train: 1.0000, Val: 0.5957, Test: 0.5726, Best time: 7.8741
After OOD adjustment: Training instances of last class: 0
After OOD adjustment: Testing instances of last class: 105
Epoch: 061, Runtime 3.719343, Loss 0.053834, forward nfe 0, backward nfe 0, Train: 1.0000, Val: 0.5957, Test: 0.5726, Best time: 7.8741
After OOD adjustment: Training instances of last class: 0
After OOD adjustment: Testing instances of last class: 105
Epoch: 062, Runtime 3.677302, Loss 0.053670, forward nfe 0, backward nfe 0, Train: 1.0000, Val: 0.5957, Test: 0.5726, Best time: 7.8741
After OOD adjustment: Training instances of last class: 0
After OOD adjustment: Testing instances of last class: 105
Epoch: 063, Runtime 3.686738, Loss 0.044150, forward nfe 0, backward nfe 0, Train: 1.0000, Val: 0.5957, Test: 0.5726, Best time: 7.8741
After OOD adjustment: Training instances of last class: 0
After OOD adjustment: Testing instances of last class: 105
Epoch: 064, Runtime 3.704669, Loss 0.046832, forward nfe 0, backward nfe 0, Train: 1.0000, Val: 0.5957, Test: 0.5726, Best time: 7.8741
After OOD adjustment: Training instances of last class: 0
After OOD adjustment: Testing instances of last class: 105
Epoch: 065, Runtime 3.625468, Loss 0.040938, forward nfe 0, backward nfe 0, Train: 1.0000, Val: 0.5957, Test: 0.5726, Best time: 7.8741
After OOD adjustment: Training instances of last class: 0
After OOD adjustment: Testing instances of last class: 105
Epoch: 066, Runtime 3.736246, Loss 0.044133, forward nfe 0, backward nfe 0, Train: 1.0000, Val: 0.5957, Test: 0.5726, Best time: 7.8741
After OOD adjustment: Training instances of last class: 0
After OOD adjustment: Testing instances of last class: 105
Epoch: 067, Runtime 3.731458, Loss 0.040186, forward nfe 0, backward nfe 0, Train: 1.0000, Val: 0.5957, Test: 0.5726, Best time: 7.8741
After OOD adjustment: Training instances of last class: 0
After OOD adjustment: Testing instances of last class: 105
Epoch: 068, Runtime 3.708725, Loss 0.038424, forward nfe 0, backward nfe 0, Train: 1.0000, Val: 0.5957, Test: 0.5726, Best time: 7.8741
After OOD adjustment: Training instances of last class: 0
After OOD adjustment: Testing instances of last class: 105
Epoch: 069, Runtime 3.639233, Loss 0.034912, forward nfe 0, backward nfe 0, Train: 1.0000, Val: 0.5957, Test: 0.5726, Best time: 7.8741
After OOD adjustment: Training instances of last class: 0
After OOD adjustment: Testing instances of last class: 105
Epoch: 070, Runtime 3.677867, Loss 0.036514, forward nfe 0, backward nfe 0, Train: 1.0000, Val: 0.5957, Test: 0.5726, Best time: 7.8741
After OOD adjustment: Training instances of last class: 0
After OOD adjustment: Testing instances of last class: 105
Epoch: 071, Runtime 3.720452, Loss 0.037097, forward nfe 0, backward nfe 0, Train: 1.0000, Val: 0.5957, Test: 0.5726, Best time: 7.8741
After OOD adjustment: Training instances of last class: 0
After OOD adjustment: Testing instances of last class: 105
Epoch: 072, Runtime 3.667851, Loss 0.037406, forward nfe 0, backward nfe 0, Train: 1.0000, Val: 0.5957, Test: 0.5726, Best time: 7.8741
After OOD adjustment: Training instances of last class: 0
After OOD adjustment: Testing instances of last class: 105
Epoch: 073, Runtime 3.695037, Loss 0.032608, forward nfe 0, backward nfe 0, Train: 1.0000, Val: 0.5957, Test: 0.5726, Best time: 7.8741
After OOD adjustment: Training instances of last class: 0
After OOD adjustment: Testing instances of last class: 105
Epoch: 074, Runtime 3.730863, Loss 0.032568, forward nfe 0, backward nfe 0, Train: 1.0000, Val: 0.5957, Test: 0.5726, Best time: 7.8741
After OOD adjustment: Training instances of last class: 0
After OOD adjustment: Testing instances of last class: 105
Epoch: 075, Runtime 3.710915, Loss 0.032659, forward nfe 0, backward nfe 0, Train: 1.0000, Val: 0.5957, Test: 0.5726, Best time: 7.8741
After OOD adjustment: Training instances of last class: 0
After OOD adjustment: Testing instances of last class: 105
Epoch: 076, Runtime 3.723984, Loss 0.034276, forward nfe 0, backward nfe 0, Train: 1.0000, Val: 0.5957, Test: 0.5726, Best time: 7.8741
After OOD adjustment: Training instances of last class: 0
After OOD adjustment: Testing instances of last class: 105
Epoch: 077, Runtime 3.663752, Loss 0.031274, forward nfe 0, backward nfe 0, Train: 1.0000, Val: 0.5957, Test: 0.5726, Best time: 7.8741
After OOD adjustment: Training instances of last class: 0
After OOD adjustment: Testing instances of last class: 105
Epoch: 078, Runtime 3.659778, Loss 0.032623, forward nfe 0, backward nfe 0, Train: 1.0000, Val: 0.5957, Test: 0.5726, Best time: 7.8741
After OOD adjustment: Training instances of last class: 0
After OOD adjustment: Testing instances of last class: 105
Epoch: 079, Runtime 3.753169, Loss 0.031020, forward nfe 0, backward nfe 0, Train: 1.0000, Val: 0.5957, Test: 0.5726, Best time: 7.8741
After OOD adjustment: Training instances of last class: 0
After OOD adjustment: Testing instances of last class: 105
Epoch: 080, Runtime 3.694496, Loss 0.033385, forward nfe 0, backward nfe 0, Train: 1.0000, Val: 0.5957, Test: 0.5726, Best time: 7.8741
After OOD adjustment: Training instances of last class: 0
After OOD adjustment: Testing instances of last class: 105
Epoch: 081, Runtime 3.689462, Loss 0.028471, forward nfe 0, backward nfe 0, Train: 1.0000, Val: 0.5957, Test: 0.5726, Best time: 7.8741
After OOD adjustment: Training instances of last class: 0
After OOD adjustment: Testing instances of last class: 105
Epoch: 082, Runtime 3.712889, Loss 0.026092, forward nfe 0, backward nfe 0, Train: 1.0000, Val: 0.5957, Test: 0.5726, Best time: 7.8741
After OOD adjustment: Training instances of last class: 0
After OOD adjustment: Testing instances of last class: 105
Epoch: 083, Runtime 3.666866, Loss 0.027433, forward nfe 0, backward nfe 0, Train: 1.0000, Val: 0.5957, Test: 0.5726, Best time: 7.8741
After OOD adjustment: Training instances of last class: 0
After OOD adjustment: Testing instances of last class: 105
Epoch: 084, Runtime 3.715568, Loss 0.025449, forward nfe 0, backward nfe 0, Train: 1.0000, Val: 0.5957, Test: 0.5726, Best time: 7.8741
After OOD adjustment: Training instances of last class: 0
After OOD adjustment: Testing instances of last class: 105
Epoch: 085, Runtime 3.721699, Loss 0.024098, forward nfe 0, backward nfe 0, Train: 1.0000, Val: 0.5957, Test: 0.5726, Best time: 7.8741
After OOD adjustment: Training instances of last class: 0
After OOD adjustment: Testing instances of last class: 105
Epoch: 086, Runtime 3.674824, Loss 0.030808, forward nfe 0, backward nfe 0, Train: 1.0000, Val: 0.5957, Test: 0.5726, Best time: 7.8741
After OOD adjustment: Training instances of last class: 0
After OOD adjustment: Testing instances of last class: 105
Epoch: 087, Runtime 3.693087, Loss 0.022474, forward nfe 0, backward nfe 0, Train: 1.0000, Val: 0.5957, Test: 0.5726, Best time: 7.8741
After OOD adjustment: Training instances of last class: 0
After OOD adjustment: Testing instances of last class: 105
Epoch: 088, Runtime 3.677287, Loss 0.025684, forward nfe 0, backward nfe 0, Train: 1.0000, Val: 0.5957, Test: 0.5726, Best time: 7.8741
After OOD adjustment: Training instances of last class: 0
After OOD adjustment: Testing instances of last class: 105
Epoch: 089, Runtime 3.694074, Loss 0.023271, forward nfe 0, backward nfe 0, Train: 1.0000, Val: 0.5957, Test: 0.5726, Best time: 7.8741
After OOD adjustment: Training instances of last class: 0
After OOD adjustment: Testing instances of last class: 105
Epoch: 090, Runtime 3.661909, Loss 0.020252, forward nfe 0, backward nfe 0, Train: 1.0000, Val: 0.5957, Test: 0.5726, Best time: 7.8741
After OOD adjustment: Training instances of last class: 0
After OOD adjustment: Testing instances of last class: 105
Epoch: 091, Runtime 3.668451, Loss 0.022803, forward nfe 0, backward nfe 0, Train: 1.0000, Val: 0.5957, Test: 0.5726, Best time: 7.8741
After OOD adjustment: Training instances of last class: 0
After OOD adjustment: Testing instances of last class: 105
Epoch: 092, Runtime 3.735394, Loss 0.022571, forward nfe 0, backward nfe 0, Train: 1.0000, Val: 0.5957, Test: 0.5726, Best time: 7.8741
After OOD adjustment: Training instances of last class: 0
After OOD adjustment: Testing instances of last class: 105
Epoch: 093, Runtime 3.728139, Loss 0.021320, forward nfe 0, backward nfe 0, Train: 1.0000, Val: 0.5957, Test: 0.5726, Best time: 7.8741
After OOD adjustment: Training instances of last class: 0
After OOD adjustment: Testing instances of last class: 105
Epoch: 094, Runtime 3.650896, Loss 0.022126, forward nfe 0, backward nfe 0, Train: 1.0000, Val: 0.5957, Test: 0.5726, Best time: 7.8741
After OOD adjustment: Training instances of last class: 0
After OOD adjustment: Testing instances of last class: 105
Epoch: 095, Runtime 3.698170, Loss 0.022615, forward nfe 0, backward nfe 0, Train: 1.0000, Val: 0.5957, Test: 0.5726, Best time: 7.8741
After OOD adjustment: Training instances of last class: 0
After OOD adjustment: Testing instances of last class: 105
Epoch: 096, Runtime 3.732802, Loss 0.021501, forward nfe 0, backward nfe 0, Train: 1.0000, Val: 0.5957, Test: 0.5726, Best time: 7.8741
After OOD adjustment: Training instances of last class: 0
After OOD adjustment: Testing instances of last class: 105
Epoch: 097, Runtime 3.738404, Loss 0.019574, forward nfe 0, backward nfe 0, Train: 1.0000, Val: 0.5957, Test: 0.5726, Best time: 7.8741
After OOD adjustment: Training instances of last class: 0
After OOD adjustment: Testing instances of last class: 105
Epoch: 098, Runtime 3.435632, Loss 0.019575, forward nfe 0, backward nfe 0, Train: 1.0000, Val: 0.5957, Test: 0.5726, Best time: 7.8741
After OOD adjustment: Training instances of last class: 0
After OOD adjustment: Testing instances of last class: 105
Epoch: 099, Runtime 3.245188, Loss 0.017797, forward nfe 0, backward nfe 0, Train: 1.0000, Val: 0.5957, Test: 0.5726, Best time: 7.8741
After OOD adjustment: Training instances of last class: 0
After OOD adjustment: Testing instances of last class: 105
Epoch: 100, Runtime 3.221934, Loss 0.022544, forward nfe 0, backward nfe 0, Train: 1.0000, Val: 0.5957, Test: 0.5726, Best time: 7.8741
After OOD adjustment: Training instances of last class: 0
After OOD adjustment: Testing instances of last class: 105
Epoch: 101, Runtime 3.206572, Loss 0.021070, forward nfe 0, backward nfe 0, Train: 1.0000, Val: 0.5957, Test: 0.5726, Best time: 7.8741
After OOD adjustment: Training instances of last class: 0
After OOD adjustment: Testing instances of last class: 105
Epoch: 102, Runtime 3.225239, Loss 0.019816, forward nfe 0, backward nfe 0, Train: 1.0000, Val: 0.5957, Test: 0.5726, Best time: 7.8741
After OOD adjustment: Training instances of last class: 0
After OOD adjustment: Testing instances of last class: 105
Epoch: 103, Runtime 3.209815, Loss 0.019104, forward nfe 0, backward nfe 0, Train: 1.0000, Val: 0.5957, Test: 0.5726, Best time: 7.8741
After OOD adjustment: Training instances of last class: 0
After OOD adjustment: Testing instances of last class: 105
Epoch: 104, Runtime 3.226345, Loss 0.017577, forward nfe 0, backward nfe 0, Train: 1.0000, Val: 0.5957, Test: 0.5726, Best time: 7.8741
After OOD adjustment: Training instances of last class: 0
After OOD adjustment: Testing instances of last class: 105
Epoch: 105, Runtime 3.229702, Loss 0.016661, forward nfe 0, backward nfe 0, Train: 1.0000, Val: 0.5957, Test: 0.5726, Best time: 7.8741
After OOD adjustment: Training instances of last class: 0
After OOD adjustment: Testing instances of last class: 105
Epoch: 106, Runtime 3.219573, Loss 0.019089, forward nfe 0, backward nfe 0, Train: 1.0000, Val: 0.5957, Test: 0.5726, Best time: 7.8741
After OOD adjustment: Training instances of last class: 0
After OOD adjustment: Testing instances of last class: 105
Epoch: 107, Runtime 3.194161, Loss 0.017846, forward nfe 0, backward nfe 0, Train: 1.0000, Val: 0.5957, Test: 0.5726, Best time: 7.8741
After OOD adjustment: Training instances of last class: 0
After OOD adjustment: Testing instances of last class: 105
Epoch: 108, Runtime 3.193253, Loss 0.015686, forward nfe 0, backward nfe 0, Train: 1.0000, Val: 0.5957, Test: 0.5726, Best time: 7.8741
After OOD adjustment: Training instances of last class: 0
After OOD adjustment: Testing instances of last class: 105
Epoch: 109, Runtime 3.223534, Loss 0.020995, forward nfe 0, backward nfe 0, Train: 1.0000, Val: 0.5957, Test: 0.5726, Best time: 7.8741
After OOD adjustment: Training instances of last class: 0
After OOD adjustment: Testing instances of last class: 105
Epoch: 110, Runtime 3.244468, Loss 0.016971, forward nfe 0, backward nfe 0, Train: 1.0000, Val: 0.5957, Test: 0.5726, Best time: 7.8741
After OOD adjustment: Training instances of last class: 0
After OOD adjustment: Testing instances of last class: 105
Epoch: 111, Runtime 3.235630, Loss 0.016635, forward nfe 0, backward nfe 0, Train: 1.0000, Val: 0.5957, Test: 0.5726, Best time: 7.8741
After OOD adjustment: Training instances of last class: 0
After OOD adjustment: Testing instances of last class: 105
Epoch: 112, Runtime 3.193047, Loss 0.015092, forward nfe 0, backward nfe 0, Train: 1.0000, Val: 0.5957, Test: 0.5726, Best time: 7.8741
After OOD adjustment: Training instances of last class: 0
After OOD adjustment: Testing instances of last class: 105
Epoch: 113, Runtime 3.224141, Loss 0.016260, forward nfe 0, backward nfe 0, Train: 1.0000, Val: 0.5957, Test: 0.5726, Best time: 7.8741
After OOD adjustment: Training instances of last class: 0
After OOD adjustment: Testing instances of last class: 105
Epoch: 114, Runtime 3.095405, Loss 0.014461, forward nfe 0, backward nfe 0, Train: 1.0000, Val: 0.5957, Test: 0.5726, Best time: 7.8741
After OOD adjustment: Training instances of last class: 0
After OOD adjustment: Testing instances of last class: 105
Epoch: 115, Runtime 3.117198, Loss 0.015151, forward nfe 0, backward nfe 0, Train: 1.0000, Val: 0.5957, Test: 0.5726, Best time: 7.8741
After OOD adjustment: Training instances of last class: 0
After OOD adjustment: Testing instances of last class: 105
Epoch: 116, Runtime 3.076801, Loss 0.017463, forward nfe 0, backward nfe 0, Train: 1.0000, Val: 0.5957, Test: 0.5726, Best time: 7.8741
After OOD adjustment: Training instances of last class: 0
After OOD adjustment: Testing instances of last class: 105
Epoch: 117, Runtime 3.102238, Loss 0.015154, forward nfe 0, backward nfe 0, Train: 1.0000, Val: 0.5957, Test: 0.5726, Best time: 7.8741
After OOD adjustment: Training instances of last class: 0
After OOD adjustment: Testing instances of last class: 105
Epoch: 118, Runtime 3.097081, Loss 0.014526, forward nfe 0, backward nfe 0, Train: 1.0000, Val: 0.5957, Test: 0.5726, Best time: 7.8741
After OOD adjustment: Training instances of last class: 0
After OOD adjustment: Testing instances of last class: 105
Epoch: 119, Runtime 3.075389, Loss 0.015613, forward nfe 0, backward nfe 0, Train: 1.0000, Val: 0.5957, Test: 0.5726, Best time: 7.8741
After OOD adjustment: Training instances of last class: 0
After OOD adjustment: Testing instances of last class: 105
Epoch: 120, Runtime 3.101912, Loss 0.016008, forward nfe 0, backward nfe 0, Train: 1.0000, Val: 0.5957, Test: 0.5726, Best time: 7.8741
After OOD adjustment: Training instances of last class: 0
After OOD adjustment: Testing instances of last class: 105
Epoch: 121, Runtime 3.092703, Loss 0.013492, forward nfe 0, backward nfe 0, Train: 1.0000, Val: 0.5957, Test: 0.5726, Best time: 7.8741
After OOD adjustment: Training instances of last class: 0
After OOD adjustment: Testing instances of last class: 105
Epoch: 122, Runtime 3.159948, Loss 0.014448, forward nfe 0, backward nfe 0, Train: 1.0000, Val: 0.5957, Test: 0.5726, Best time: 7.8741
After OOD adjustment: Training instances of last class: 0
After OOD adjustment: Testing instances of last class: 105
Epoch: 123, Runtime 3.078233, Loss 0.016006, forward nfe 0, backward nfe 0, Train: 1.0000, Val: 0.5957, Test: 0.5726, Best time: 7.8741
After OOD adjustment: Training instances of last class: 0
After OOD adjustment: Testing instances of last class: 105
Epoch: 124, Runtime 3.133975, Loss 0.013911, forward nfe 0, backward nfe 0, Train: 1.0000, Val: 0.5957, Test: 0.5726, Best time: 7.8741
After OOD adjustment: Training instances of last class: 0
After OOD adjustment: Testing instances of last class: 105
Epoch: 125, Runtime 3.086063, Loss 0.016866, forward nfe 0, backward nfe 0, Train: 1.0000, Val: 0.5957, Test: 0.5726, Best time: 7.8741
After OOD adjustment: Training instances of last class: 0
After OOD adjustment: Testing instances of last class: 105
Epoch: 126, Runtime 3.088369, Loss 0.014099, forward nfe 0, backward nfe 0, Train: 1.0000, Val: 0.5957, Test: 0.5726, Best time: 7.8741
After OOD adjustment: Training instances of last class: 0
After OOD adjustment: Testing instances of last class: 105
Epoch: 127, Runtime 3.104640, Loss 0.015516, forward nfe 0, backward nfe 0, Train: 1.0000, Val: 0.5957, Test: 0.5726, Best time: 7.8741
After OOD adjustment: Training instances of last class: 0
After OOD adjustment: Testing instances of last class: 105
Epoch: 128, Runtime 3.079515, Loss 0.013860, forward nfe 0, backward nfe 0, Train: 1.0000, Val: 0.5957, Test: 0.5726, Best time: 7.8741
After OOD adjustment: Training instances of last class: 0
After OOD adjustment: Testing instances of last class: 105
Epoch: 129, Runtime 3.105932, Loss 0.013160, forward nfe 0, backward nfe 0, Train: 1.0000, Val: 0.5957, Test: 0.5726, Best time: 7.8741
After OOD adjustment: Training instances of last class: 0
After OOD adjustment: Testing instances of last class: 105
Epoch: 130, Runtime 3.077841, Loss 0.011485, forward nfe 0, backward nfe 0, Train: 1.0000, Val: 0.5957, Test: 0.5726, Best time: 7.8741
After OOD adjustment: Training instances of last class: 0
After OOD adjustment: Testing instances of last class: 105
Epoch: 131, Runtime 3.095463, Loss 0.012132, forward nfe 0, backward nfe 0, Train: 1.0000, Val: 0.5957, Test: 0.5726, Best time: 7.8741
After OOD adjustment: Training instances of last class: 0
After OOD adjustment: Testing instances of last class: 105
Epoch: 132, Runtime 3.114721, Loss 0.011298, forward nfe 0, backward nfe 0, Train: 1.0000, Val: 0.5957, Test: 0.5726, Best time: 7.8741
After OOD adjustment: Training instances of last class: 0
After OOD adjustment: Testing instances of last class: 105
Epoch: 133, Runtime 3.079994, Loss 0.012532, forward nfe 0, backward nfe 0, Train: 1.0000, Val: 0.5957, Test: 0.5726, Best time: 7.8741
After OOD adjustment: Training instances of last class: 0
After OOD adjustment: Testing instances of last class: 105
Epoch: 134, Runtime 2.953298, Loss 0.012311, forward nfe 0, backward nfe 0, Train: 1.0000, Val: 0.5957, Test: 0.5726, Best time: 7.8741
After OOD adjustment: Training instances of last class: 0
After OOD adjustment: Testing instances of last class: 105
Epoch: 135, Runtime 2.952959, Loss 0.012113, forward nfe 0, backward nfe 0, Train: 1.0000, Val: 0.5957, Test: 0.5726, Best time: 7.8741
After OOD adjustment: Training instances of last class: 0
After OOD adjustment: Testing instances of last class: 105
Epoch: 136, Runtime 2.957618, Loss 0.011247, forward nfe 0, backward nfe 0, Train: 1.0000, Val: 0.5957, Test: 0.5726, Best time: 7.8741
After OOD adjustment: Training instances of last class: 0
After OOD adjustment: Testing instances of last class: 105
Epoch: 137, Runtime 2.987772, Loss 0.011201, forward nfe 0, backward nfe 0, Train: 1.0000, Val: 0.5957, Test: 0.5726, Best time: 7.8741
After OOD adjustment: Training instances of last class: 0
After OOD adjustment: Testing instances of last class: 105
Epoch: 138, Runtime 2.937088, Loss 0.012115, forward nfe 0, backward nfe 0, Train: 1.0000, Val: 0.5957, Test: 0.5726, Best time: 7.8741
After OOD adjustment: Training instances of last class: 0
After OOD adjustment: Testing instances of last class: 105
Epoch: 139, Runtime 2.940741, Loss 0.010206, forward nfe 0, backward nfe 0, Train: 1.0000, Val: 0.5957, Test: 0.5726, Best time: 7.8741
After OOD adjustment: Training instances of last class: 0
After OOD adjustment: Testing instances of last class: 105
Epoch: 140, Runtime 2.930866, Loss 0.010498, forward nfe 0, backward nfe 0, Train: 1.0000, Val: 0.5957, Test: 0.5726, Best time: 7.8741
After OOD adjustment: Training instances of last class: 0
After OOD adjustment: Testing instances of last class: 105
Epoch: 141, Runtime 2.962978, Loss 0.011653, forward nfe 0, backward nfe 0, Train: 1.0000, Val: 0.5957, Test: 0.5726, Best time: 7.8741
After OOD adjustment: Training instances of last class: 0
After OOD adjustment: Testing instances of last class: 105
Epoch: 142, Runtime 2.972335, Loss 0.010512, forward nfe 0, backward nfe 0, Train: 1.0000, Val: 0.5957, Test: 0.5726, Best time: 7.8741
After OOD adjustment: Training instances of last class: 0
After OOD adjustment: Testing instances of last class: 105
Epoch: 143, Runtime 2.969729, Loss 0.010885, forward nfe 0, backward nfe 0, Train: 1.0000, Val: 0.5957, Test: 0.5726, Best time: 7.8741
After OOD adjustment: Training instances of last class: 0
After OOD adjustment: Testing instances of last class: 105
Epoch: 144, Runtime 2.969768, Loss 0.012709, forward nfe 0, backward nfe 0, Train: 1.0000, Val: 0.5957, Test: 0.5726, Best time: 7.8741
After OOD adjustment: Training instances of last class: 0
After OOD adjustment: Testing instances of last class: 105
Epoch: 145, Runtime 2.927515, Loss 0.008714, forward nfe 0, backward nfe 0, Train: 1.0000, Val: 0.5957, Test: 0.5726, Best time: 7.8741
After OOD adjustment: Training instances of last class: 0
After OOD adjustment: Testing instances of last class: 105
Epoch: 146, Runtime 2.961762, Loss 0.010314, forward nfe 0, backward nfe 0, Train: 1.0000, Val: 0.5957, Test: 0.5726, Best time: 7.8741
After OOD adjustment: Training instances of last class: 0
After OOD adjustment: Testing instances of last class: 105
Epoch: 147, Runtime 2.955913, Loss 0.011215, forward nfe 0, backward nfe 0, Train: 1.0000, Val: 0.5957, Test: 0.5726, Best time: 7.8741
After OOD adjustment: Training instances of last class: 0
After OOD adjustment: Testing instances of last class: 105
Epoch: 148, Runtime 2.958713, Loss 0.010901, forward nfe 0, backward nfe 0, Train: 1.0000, Val: 0.5957, Test: 0.5726, Best time: 7.8741
After OOD adjustment: Training instances of last class: 0
After OOD adjustment: Testing instances of last class: 105
Epoch: 149, Runtime 2.947598, Loss 0.010496, forward nfe 0, backward nfe 0, Train: 1.0000, Val: 0.5957, Test: 0.5726, Best time: 7.8741
After OOD adjustment: Training instances of last class: 0
After OOD adjustment: Testing instances of last class: 105
Epoch: 150, Runtime 2.978809, Loss 0.009287, forward nfe 0, backward nfe 0, Train: 1.0000, Val: 0.5957, Test: 0.5726, Best time: 7.8741
After OOD adjustment: Training instances of last class: 0
After OOD adjustment: Testing instances of last class: 105
Epoch: 151, Runtime 2.928905, Loss 0.012565, forward nfe 0, backward nfe 0, Train: 1.0000, Val: 0.5957, Test: 0.5726, Best time: 7.8741
After OOD adjustment: Training instances of last class: 0
After OOD adjustment: Testing instances of last class: 105
Epoch: 152, Runtime 2.937312, Loss 0.009904, forward nfe 0, backward nfe 0, Train: 1.0000, Val: 0.5957, Test: 0.5726, Best time: 7.8741
After OOD adjustment: Training instances of last class: 0
After OOD adjustment: Testing instances of last class: 105
Epoch: 153, Runtime 2.940278, Loss 0.008939, forward nfe 0, backward nfe 0, Train: 1.0000, Val: 0.5957, Test: 0.5726, Best time: 7.8741
After OOD adjustment: Training instances of last class: 0
After OOD adjustment: Testing instances of last class: 105
Epoch: 154, Runtime 2.927718, Loss 0.008278, forward nfe 0, backward nfe 0, Train: 1.0000, Val: 0.5957, Test: 0.5726, Best time: 7.8741
After OOD adjustment: Training instances of last class: 0
After OOD adjustment: Testing instances of last class: 105
Epoch: 155, Runtime 2.934793, Loss 0.010828, forward nfe 0, backward nfe 0, Train: 1.0000, Val: 0.5957, Test: 0.5726, Best time: 7.8741
After OOD adjustment: Training instances of last class: 0
After OOD adjustment: Testing instances of last class: 105
Epoch: 156, Runtime 2.987316, Loss 0.009290, forward nfe 0, backward nfe 0, Train: 1.0000, Val: 0.5957, Test: 0.5726, Best time: 7.8741
After OOD adjustment: Training instances of last class: 0
After OOD adjustment: Testing instances of last class: 105
Epoch: 157, Runtime 2.926284, Loss 0.010404, forward nfe 0, backward nfe 0, Train: 1.0000, Val: 0.5957, Test: 0.5726, Best time: 7.8741
After OOD adjustment: Training instances of last class: 0
After OOD adjustment: Testing instances of last class: 105
Epoch: 158, Runtime 3.497477, Loss 0.009256, forward nfe 0, backward nfe 0, Train: 1.0000, Val: 0.5957, Test: 0.5726, Best time: 7.8741
After OOD adjustment: Training instances of last class: 0
After OOD adjustment: Testing instances of last class: 105
Epoch: 159, Runtime 3.379887, Loss 0.010481, forward nfe 0, backward nfe 0, Train: 1.0000, Val: 0.5957, Test: 0.5726, Best time: 7.8741
After OOD adjustment: Training instances of last class: 0
After OOD adjustment: Testing instances of last class: 105
Epoch: 160, Runtime 3.259095, Loss 0.009102, forward nfe 0, backward nfe 0, Train: 1.0000, Val: 0.5957, Test: 0.5726, Best time: 7.8741
After OOD adjustment: Training instances of last class: 0
After OOD adjustment: Testing instances of last class: 105
Epoch: 161, Runtime 3.381253, Loss 0.010382, forward nfe 0, backward nfe 0, Train: 1.0000, Val: 0.5957, Test: 0.5726, Best time: 7.8741
After OOD adjustment: Training instances of last class: 0
After OOD adjustment: Testing instances of last class: 105
Epoch: 162, Runtime 3.199617, Loss 0.010204, forward nfe 0, backward nfe 0, Train: 1.0000, Val: 0.5957, Test: 0.5726, Best time: 7.8741
After OOD adjustment: Training instances of last class: 0
After OOD adjustment: Testing instances of last class: 105
Epoch: 163, Runtime 3.220506, Loss 0.008088, forward nfe 0, backward nfe 0, Train: 1.0000, Val: 0.5957, Test: 0.5726, Best time: 7.8741
After OOD adjustment: Training instances of last class: 0
After OOD adjustment: Testing instances of last class: 105
Epoch: 164, Runtime 3.219971, Loss 0.008041, forward nfe 0, backward nfe 0, Train: 1.0000, Val: 0.5957, Test: 0.5726, Best time: 7.8741
After OOD adjustment: Training instances of last class: 0
After OOD adjustment: Testing instances of last class: 105
Epoch: 165, Runtime 3.240918, Loss 0.009229, forward nfe 0, backward nfe 0, Train: 1.0000, Val: 0.5957, Test: 0.5726, Best time: 7.8741
After OOD adjustment: Training instances of last class: 0
After OOD adjustment: Testing instances of last class: 105
Epoch: 166, Runtime 3.209256, Loss 0.008880, forward nfe 0, backward nfe 0, Train: 1.0000, Val: 0.5957, Test: 0.5726, Best time: 7.8741
After OOD adjustment: Training instances of last class: 0
After OOD adjustment: Testing instances of last class: 105
Epoch: 167, Runtime 3.284268, Loss 0.008407, forward nfe 0, backward nfe 0, Train: 1.0000, Val: 0.5957, Test: 0.5726, Best time: 7.8741
After OOD adjustment: Training instances of last class: 0
After OOD adjustment: Testing instances of last class: 105
Epoch: 168, Runtime 3.216840, Loss 0.008254, forward nfe 0, backward nfe 0, Train: 1.0000, Val: 0.5957, Test: 0.5726, Best time: 7.8741
After OOD adjustment: Training instances of last class: 0
After OOD adjustment: Testing instances of last class: 105
Epoch: 169, Runtime 3.254408, Loss 0.008740, forward nfe 0, backward nfe 0, Train: 1.0000, Val: 0.5957, Test: 0.5726, Best time: 7.8741
After OOD adjustment: Training instances of last class: 0
After OOD adjustment: Testing instances of last class: 105
Epoch: 170, Runtime 3.229200, Loss 0.008964, forward nfe 0, backward nfe 0, Train: 1.0000, Val: 0.5957, Test: 0.5726, Best time: 7.8741
After OOD adjustment: Training instances of last class: 0
After OOD adjustment: Testing instances of last class: 105
Epoch: 171, Runtime 3.231858, Loss 0.007358, forward nfe 0, backward nfe 0, Train: 1.0000, Val: 0.5957, Test: 0.5726, Best time: 7.8741
After OOD adjustment: Training instances of last class: 0
After OOD adjustment: Testing instances of last class: 105
Epoch: 172, Runtime 3.220385, Loss 0.007335, forward nfe 0, backward nfe 0, Train: 1.0000, Val: 0.5957, Test: 0.5726, Best time: 7.8741
After OOD adjustment: Training instances of last class: 0
After OOD adjustment: Testing instances of last class: 105
Epoch: 173, Runtime 3.229412, Loss 0.008006, forward nfe 0, backward nfe 0, Train: 1.0000, Val: 0.5957, Test: 0.5726, Best time: 7.8741
After OOD adjustment: Training instances of last class: 0
After OOD adjustment: Testing instances of last class: 105
Epoch: 174, Runtime 3.190777, Loss 0.008320, forward nfe 0, backward nfe 0, Train: 1.0000, Val: 0.5957, Test: 0.5726, Best time: 7.8741
After OOD adjustment: Training instances of last class: 0
After OOD adjustment: Testing instances of last class: 105
Epoch: 175, Runtime 3.223410, Loss 0.005525, forward nfe 0, backward nfe 0, Train: 1.0000, Val: 0.5957, Test: 0.5726, Best time: 7.8741
After OOD adjustment: Training instances of last class: 0
After OOD adjustment: Testing instances of last class: 105
Epoch: 176, Runtime 3.257900, Loss 0.010026, forward nfe 0, backward nfe 0, Train: 1.0000, Val: 0.5957, Test: 0.5726, Best time: 7.8741
After OOD adjustment: Training instances of last class: 0
After OOD adjustment: Testing instances of last class: 105
Epoch: 177, Runtime 3.207294, Loss 0.007034, forward nfe 0, backward nfe 0, Train: 1.0000, Val: 0.5957, Test: 0.5726, Best time: 7.8741
After OOD adjustment: Training instances of last class: 0
After OOD adjustment: Testing instances of last class: 105
Epoch: 178, Runtime 3.235223, Loss 0.008170, forward nfe 0, backward nfe 0, Train: 1.0000, Val: 0.5957, Test: 0.5726, Best time: 7.8741
After OOD adjustment: Training instances of last class: 0
After OOD adjustment: Testing instances of last class: 105
Epoch: 179, Runtime 3.229054, Loss 0.007459, forward nfe 0, backward nfe 0, Train: 1.0000, Val: 0.5957, Test: 0.5726, Best time: 7.8741
After OOD adjustment: Training instances of last class: 0
After OOD adjustment: Testing instances of last class: 105
Epoch: 180, Runtime 3.202910, Loss 0.006884, forward nfe 0, backward nfe 0, Train: 1.0000, Val: 0.5957, Test: 0.5726, Best time: 7.8741
After OOD adjustment: Training instances of last class: 0
After OOD adjustment: Testing instances of last class: 105
Epoch: 181, Runtime 3.210136, Loss 0.007312, forward nfe 0, backward nfe 0, Train: 1.0000, Val: 0.5957, Test: 0.5726, Best time: 7.8741
After OOD adjustment: Training instances of last class: 0
After OOD adjustment: Testing instances of last class: 105
Epoch: 182, Runtime 3.250627, Loss 0.005937, forward nfe 0, backward nfe 0, Train: 1.0000, Val: 0.5957, Test: 0.5726, Best time: 7.8741
After OOD adjustment: Training instances of last class: 0
After OOD adjustment: Testing instances of last class: 105
Epoch: 183, Runtime 3.224874, Loss 0.005172, forward nfe 0, backward nfe 0, Train: 1.0000, Val: 0.5957, Test: 0.5726, Best time: 7.8741
After OOD adjustment: Training instances of last class: 0
After OOD adjustment: Testing instances of last class: 105
Epoch: 184, Runtime 3.211722, Loss 0.008359, forward nfe 0, backward nfe 0, Train: 1.0000, Val: 0.5957, Test: 0.5726, Best time: 7.8741
After OOD adjustment: Training instances of last class: 0
After OOD adjustment: Testing instances of last class: 105
Epoch: 185, Runtime 3.253076, Loss 0.006786, forward nfe 0, backward nfe 0, Train: 1.0000, Val: 0.5957, Test: 0.5726, Best time: 7.8741
After OOD adjustment: Training instances of last class: 0
After OOD adjustment: Testing instances of last class: 105
Epoch: 186, Runtime 3.229648, Loss 0.007727, forward nfe 0, backward nfe 0, Train: 1.0000, Val: 0.5957, Test: 0.5726, Best time: 7.8741
After OOD adjustment: Training instances of last class: 0
After OOD adjustment: Testing instances of last class: 105
Epoch: 187, Runtime 3.242218, Loss 0.007931, forward nfe 0, backward nfe 0, Train: 1.0000, Val: 0.5957, Test: 0.5726, Best time: 7.8741
After OOD adjustment: Training instances of last class: 0
After OOD adjustment: Testing instances of last class: 105
Epoch: 188, Runtime 3.230460, Loss 0.006055, forward nfe 0, backward nfe 0, Train: 1.0000, Val: 0.5957, Test: 0.5726, Best time: 7.8741
After OOD adjustment: Training instances of last class: 0
After OOD adjustment: Testing instances of last class: 105
Epoch: 189, Runtime 3.220616, Loss 0.008264, forward nfe 0, backward nfe 0, Train: 1.0000, Val: 0.5957, Test: 0.5726, Best time: 7.8741
After OOD adjustment: Training instances of last class: 0
After OOD adjustment: Testing instances of last class: 105
Epoch: 190, Runtime 3.204149, Loss 0.006847, forward nfe 0, backward nfe 0, Train: 1.0000, Val: 0.5957, Test: 0.5726, Best time: 7.8741
After OOD adjustment: Training instances of last class: 0
After OOD adjustment: Testing instances of last class: 105
Epoch: 191, Runtime 3.213134, Loss 0.006376, forward nfe 0, backward nfe 0, Train: 1.0000, Val: 0.5957, Test: 0.5726, Best time: 7.8741
After OOD adjustment: Training instances of last class: 0
After OOD adjustment: Testing instances of last class: 105
Epoch: 192, Runtime 3.232035, Loss 0.006715, forward nfe 0, backward nfe 0, Train: 1.0000, Val: 0.5957, Test: 0.5726, Best time: 7.8741
After OOD adjustment: Training instances of last class: 0
After OOD adjustment: Testing instances of last class: 105
Epoch: 193, Runtime 3.248064, Loss 0.005826, forward nfe 0, backward nfe 0, Train: 1.0000, Val: 0.5957, Test: 0.5726, Best time: 7.8741
After OOD adjustment: Training instances of last class: 0
After OOD adjustment: Testing instances of last class: 105
Epoch: 194, Runtime 3.242387, Loss 0.007548, forward nfe 0, backward nfe 0, Train: 1.0000, Val: 0.5957, Test: 0.5726, Best time: 7.8741
After OOD adjustment: Training instances of last class: 0
After OOD adjustment: Testing instances of last class: 105
Epoch: 195, Runtime 3.238608, Loss 0.006781, forward nfe 0, backward nfe 0, Train: 1.0000, Val: 0.5957, Test: 0.5726, Best time: 7.8741
After OOD adjustment: Training instances of last class: 0
After OOD adjustment: Testing instances of last class: 105
Epoch: 196, Runtime 3.218986, Loss 0.006209, forward nfe 0, backward nfe 0, Train: 1.0000, Val: 0.5957, Test: 0.5726, Best time: 7.8741
After OOD adjustment: Training instances of last class: 0
After OOD adjustment: Testing instances of last class: 105
Epoch: 197, Runtime 3.206647, Loss 0.006998, forward nfe 0, backward nfe 0, Train: 1.0000, Val: 0.5957, Test: 0.5726, Best time: 7.8741
After OOD adjustment: Training instances of last class: 0
After OOD adjustment: Testing instances of last class: 105
Epoch: 198, Runtime 3.235542, Loss 0.006272, forward nfe 0, backward nfe 0, Train: 1.0000, Val: 0.5957, Test: 0.5726, Best time: 7.8741
After OOD adjustment: Training instances of last class: 0
After OOD adjustment: Testing instances of last class: 105
Epoch: 199, Runtime 3.242472, Loss 0.005902, forward nfe 0, backward nfe 0, Train: 1.0000, Val: 0.5957, Test: 0.5726, Best time: 7.8741
best val accuracy 0.595652 with test accuracy 0.572581 at epoch 33 and best time 7.874113
base_directory resutls_prob/OOD_Citeseer
new_name:  lgnsde_ODD
file_path 1 resutls_prob/OOD_Citeseer/lgnsde_ODD_prediction_probabilities_97.npz
file_path 2 resutls_prob/OOD_Citeseer/lgnsde_ODD_prediction_probabilities_97.npz
Entropy Threshold: inf Test accuracy: 0.5725806451612904
Entropy Threshold: 2 Test accuracy: 0.5758064516129032
Entropy Threshold: 1.6 Test accuracy: 0.5807504078303426
Entropy Threshold: 1.5 Test accuracy: 0.683991683991684
Entropy Threshold: 1.4 Test accuracy: 0.7361809045226131
Entropy Threshold: 1.3 Test accuracy: 0.7717717717717718
Entropy Threshold: 1.2 Test accuracy: 0.7765567765567766
Entropy Threshold: 1.1 Test accuracy: 0.8114035087719298
Entropy Threshold: 0.9 Test accuracy: 0.8300653594771242
Entropy Threshold: 0.8 Test accuracy: 0.8412698412698413
Entropy Threshold: 0.7 Test accuracy: 0.8476190476190476
Entropy Threshold: 0.6 Test accuracy: 0.875
Entropy Threshold: 0.5 Test accuracy: 0.875
Entropy Threshold: 0.4 Test accuracy: 0.9024390243902439
Entropy Threshold: 0.3 Test accuracy: 0.9
Entropy Threshold: 0.2 Test accuracy: 1.0
Entropy Threshold: 0.1 Test accuracy: 1.0
