[KeOps] Warning : cuda was detected, but driver API could not be initialized. Switching to cpu only.
Folder already exists: results/cora
experiment: 0
Dataset size (num_nodes): 2485, Intended development set size (num_development): 1500
Dataset size (num_nodes): 2485, Actual development set size (num_development): 1500
rations: train 140, val 1360, test 985
Before OOD adjustment: Total instances of last class: 131
Before OOD adjustment: Training instances of last class: 20
Before OOD adjustment: Testing instances of last class: 55
Before OOD adjustment: Val instances of last class: 56
total train + val+ test 131
After OOD adjustment: Training instances of last class: 0
After OOD adjustment: Testing instances of last class: 55
Total number of classes: 7
number of classes to train: 6
Dataset size (num_nodes): 2485, Intended development set size (num_development): 1500
Dataset size (num_nodes): 2485, Actual development set size (num_development): 1500
rations: train 140, val 1360, test 985
within set_train_val_test_split function!
Before OOD adjustment: Total instances of last class: 131
Before OOD adjustment: Training instances of last class: 20
Before OOD adjustment: Testing instances of last class: 47
Before OOD adjustment: Val instances of last class: 64
total train + val+ test 131
After OOD adjustment: Training instances of last class: 0
After OOD adjustment: Testing instances of last class: 47
BayesianGCN(
  (bayes_conv1): BayesianGCNConv(1433, 64)
  (bayes_conv3): BayesianGCNConv(64, 6)
)
bayes_conv1.mu_weight
torch.Size([64, 1433])
bayes_conv1.rho_weight
torch.Size([64, 1433])
bayes_conv1.mu_bias
torch.Size([64])
bayes_conv1.rho_bias
torch.Size([64])
bayes_conv3.mu_weight
torch.Size([6, 64])
bayes_conv3.rho_weight
torch.Size([6, 64])
bayes_conv3.mu_bias
torch.Size([6])
bayes_conv3.rho_bias
torch.Size([6])
After OOD adjustment: Training instances of last class: 0
After OOD adjustment: Testing instances of last class: 47
Epoch: 001, Runtime 0.049379, Loss 1.833296, forward nfe 0, backward nfe 0, Train: 0.1667, Val: 0.1559, Test: 0.1492, Best time: 18.2948
After OOD adjustment: Training instances of last class: 0
After OOD adjustment: Testing instances of last class: 47
Epoch: 002, Runtime 0.039145, Loss 1.895347, forward nfe 0, backward nfe 0, Train: 0.1667, Val: 0.1559, Test: 0.1492, Best time: 18.2948
After OOD adjustment: Training instances of last class: 0
After OOD adjustment: Testing instances of last class: 47
Epoch: 003, Runtime 0.143769, Loss 1.867452, forward nfe 0, backward nfe 0, Train: 0.1750, Val: 0.1566, Test: 0.1503, Best time: 18.2948
After OOD adjustment: Training instances of last class: 0
After OOD adjustment: Testing instances of last class: 47
Epoch: 004, Runtime 0.037926, Loss 1.877472, forward nfe 0, backward nfe 0, Train: 0.1750, Val: 0.1566, Test: 0.1503, Best time: 18.2948
After OOD adjustment: Training instances of last class: 0
After OOD adjustment: Testing instances of last class: 47
Epoch: 005, Runtime 0.038088, Loss 1.807986, forward nfe 0, backward nfe 0, Train: 0.1750, Val: 0.1566, Test: 0.1503, Best time: 18.2948
After OOD adjustment: Training instances of last class: 0
After OOD adjustment: Testing instances of last class: 47
Epoch: 006, Runtime 0.036963, Loss 1.817520, forward nfe 0, backward nfe 0, Train: 0.1750, Val: 0.1566, Test: 0.1503, Best time: 18.2948
After OOD adjustment: Training instances of last class: 0
After OOD adjustment: Testing instances of last class: 47
Epoch: 007, Runtime 0.037304, Loss 1.809651, forward nfe 0, backward nfe 0, Train: 0.1750, Val: 0.1566, Test: 0.1503, Best time: 18.2948
After OOD adjustment: Training instances of last class: 0
After OOD adjustment: Testing instances of last class: 47
Epoch: 008, Runtime 0.035206, Loss 1.751352, forward nfe 0, backward nfe 0, Train: 0.1750, Val: 0.1566, Test: 0.1503, Best time: 18.2948
After OOD adjustment: Training instances of last class: 0
After OOD adjustment: Testing instances of last class: 47
Epoch: 009, Runtime 0.133157, Loss 1.764915, forward nfe 0, backward nfe 0, Train: 0.3250, Val: 0.1581, Test: 0.1939, Best time: 18.2948
After OOD adjustment: Training instances of last class: 0
After OOD adjustment: Testing instances of last class: 47
Epoch: 010, Runtime 0.136279, Loss 1.711149, forward nfe 0, backward nfe 0, Train: 0.1833, Val: 0.1684, Test: 0.1756, Best time: 18.2948
After OOD adjustment: Training instances of last class: 0
After OOD adjustment: Testing instances of last class: 47
Epoch: 011, Runtime 0.138683, Loss 1.729367, forward nfe 0, backward nfe 0, Train: 0.3250, Val: 0.2081, Test: 0.2386, Best time: 18.2948
After OOD adjustment: Training instances of last class: 0
After OOD adjustment: Testing instances of last class: 47
Epoch: 012, Runtime 0.037261, Loss 1.696402, forward nfe 0, backward nfe 0, Train: 0.3250, Val: 0.2081, Test: 0.2386, Best time: 18.2948
After OOD adjustment: Training instances of last class: 0
After OOD adjustment: Testing instances of last class: 47
Epoch: 013, Runtime 0.036287, Loss 1.691741, forward nfe 0, backward nfe 0, Train: 0.3250, Val: 0.2081, Test: 0.2386, Best time: 18.2948
After OOD adjustment: Training instances of last class: 0
After OOD adjustment: Testing instances of last class: 47
Epoch: 014, Runtime 0.132645, Loss 1.694288, forward nfe 0, backward nfe 0, Train: 0.4750, Val: 0.2368, Test: 0.2660, Best time: 18.2948
After OOD adjustment: Training instances of last class: 0
After OOD adjustment: Testing instances of last class: 47
Epoch: 015, Runtime 0.136832, Loss 1.649919, forward nfe 0, backward nfe 0, Train: 0.4000, Val: 0.2676, Test: 0.2548, Best time: 18.2948
After OOD adjustment: Training instances of last class: 0
After OOD adjustment: Testing instances of last class: 47
Epoch: 016, Runtime 0.036395, Loss 1.663898, forward nfe 0, backward nfe 0, Train: 0.4000, Val: 0.2676, Test: 0.2548, Best time: 18.2948
After OOD adjustment: Training instances of last class: 0
After OOD adjustment: Testing instances of last class: 47
Epoch: 017, Runtime 0.035920, Loss 1.654402, forward nfe 0, backward nfe 0, Train: 0.4000, Val: 0.2676, Test: 0.2548, Best time: 18.2948
After OOD adjustment: Training instances of last class: 0
After OOD adjustment: Testing instances of last class: 47
Epoch: 018, Runtime 0.133253, Loss 1.631795, forward nfe 0, backward nfe 0, Train: 0.6000, Val: 0.3500, Test: 0.3563, Best time: 18.2948
After OOD adjustment: Training instances of last class: 0
After OOD adjustment: Testing instances of last class: 47
Epoch: 019, Runtime 0.035239, Loss 1.612685, forward nfe 0, backward nfe 0, Train: 0.6000, Val: 0.3500, Test: 0.3563, Best time: 18.2948
After OOD adjustment: Training instances of last class: 0
After OOD adjustment: Testing instances of last class: 47
Epoch: 020, Runtime 0.038316, Loss 1.618487, forward nfe 0, backward nfe 0, Train: 0.6000, Val: 0.3500, Test: 0.3563, Best time: 18.2948
After OOD adjustment: Training instances of last class: 0
After OOD adjustment: Testing instances of last class: 47
Epoch: 021, Runtime 0.036779, Loss 1.576714, forward nfe 0, backward nfe 0, Train: 0.6000, Val: 0.3500, Test: 0.3563, Best time: 18.2948
After OOD adjustment: Training instances of last class: 0
After OOD adjustment: Testing instances of last class: 47
Epoch: 022, Runtime 0.033765, Loss 1.662405, forward nfe 0, backward nfe 0, Train: 0.6000, Val: 0.3500, Test: 0.3563, Best time: 18.2948
After OOD adjustment: Training instances of last class: 0
After OOD adjustment: Testing instances of last class: 47
Epoch: 023, Runtime 0.035966, Loss 1.579899, forward nfe 0, backward nfe 0, Train: 0.6000, Val: 0.3500, Test: 0.3563, Best time: 18.2948
After OOD adjustment: Training instances of last class: 0
After OOD adjustment: Testing instances of last class: 47
Epoch: 024, Runtime 0.035399, Loss 1.598184, forward nfe 0, backward nfe 0, Train: 0.6000, Val: 0.3500, Test: 0.3563, Best time: 18.2948
After OOD adjustment: Training instances of last class: 0
After OOD adjustment: Testing instances of last class: 47
Epoch: 025, Runtime 0.034761, Loss 1.540209, forward nfe 0, backward nfe 0, Train: 0.6000, Val: 0.3500, Test: 0.3563, Best time: 18.2948
After OOD adjustment: Training instances of last class: 0
After OOD adjustment: Testing instances of last class: 47
Epoch: 026, Runtime 0.035814, Loss 1.530438, forward nfe 0, backward nfe 0, Train: 0.6000, Val: 0.3500, Test: 0.3563, Best time: 18.2948
After OOD adjustment: Training instances of last class: 0
After OOD adjustment: Testing instances of last class: 47
Epoch: 027, Runtime 0.034197, Loss 1.570368, forward nfe 0, backward nfe 0, Train: 0.6000, Val: 0.3500, Test: 0.3563, Best time: 18.2948
After OOD adjustment: Training instances of last class: 0
After OOD adjustment: Testing instances of last class: 47
Epoch: 028, Runtime 0.034789, Loss 1.532282, forward nfe 0, backward nfe 0, Train: 0.6000, Val: 0.3500, Test: 0.3563, Best time: 18.2948
After OOD adjustment: Training instances of last class: 0
After OOD adjustment: Testing instances of last class: 47
Epoch: 029, Runtime 0.131797, Loss 1.533224, forward nfe 0, backward nfe 0, Train: 0.6167, Val: 0.4537, Test: 0.4457, Best time: 18.2948
After OOD adjustment: Training instances of last class: 0
After OOD adjustment: Testing instances of last class: 47
Epoch: 030, Runtime 0.132838, Loss 1.499596, forward nfe 0, backward nfe 0, Train: 0.8167, Val: 0.4912, Test: 0.5086, Best time: 18.2948
After OOD adjustment: Training instances of last class: 0
After OOD adjustment: Testing instances of last class: 47
Epoch: 031, Runtime 0.036039, Loss 1.539860, forward nfe 0, backward nfe 0, Train: 0.8167, Val: 0.4912, Test: 0.5086, Best time: 18.2948
After OOD adjustment: Training instances of last class: 0
After OOD adjustment: Testing instances of last class: 47
Epoch: 032, Runtime 0.036098, Loss 1.481339, forward nfe 0, backward nfe 0, Train: 0.8167, Val: 0.4912, Test: 0.5086, Best time: 18.2948
After OOD adjustment: Training instances of last class: 0
After OOD adjustment: Testing instances of last class: 47
Epoch: 033, Runtime 0.036969, Loss 1.435207, forward nfe 0, backward nfe 0, Train: 0.8167, Val: 0.4912, Test: 0.5086, Best time: 18.2948
After OOD adjustment: Training instances of last class: 0
After OOD adjustment: Testing instances of last class: 47
Epoch: 034, Runtime 0.137368, Loss 1.476576, forward nfe 0, backward nfe 0, Train: 0.6500, Val: 0.5287, Test: 0.4964, Best time: 18.2948
After OOD adjustment: Training instances of last class: 0
After OOD adjustment: Testing instances of last class: 47
Epoch: 035, Runtime 0.038072, Loss 1.468694, forward nfe 0, backward nfe 0, Train: 0.6500, Val: 0.5287, Test: 0.4964, Best time: 18.2948
After OOD adjustment: Training instances of last class: 0
After OOD adjustment: Testing instances of last class: 47
Epoch: 036, Runtime 0.034921, Loss 1.426497, forward nfe 0, backward nfe 0, Train: 0.6500, Val: 0.5287, Test: 0.4964, Best time: 18.2948
After OOD adjustment: Training instances of last class: 0
After OOD adjustment: Testing instances of last class: 47
Epoch: 037, Runtime 0.037942, Loss 1.376983, forward nfe 0, backward nfe 0, Train: 0.6500, Val: 0.5287, Test: 0.4964, Best time: 18.2948
After OOD adjustment: Training instances of last class: 0
After OOD adjustment: Testing instances of last class: 47
Epoch: 038, Runtime 0.039189, Loss 1.427117, forward nfe 0, backward nfe 0, Train: 0.6500, Val: 0.5287, Test: 0.4964, Best time: 18.2948
After OOD adjustment: Training instances of last class: 0
After OOD adjustment: Testing instances of last class: 47
Epoch: 039, Runtime 0.038504, Loss 1.381859, forward nfe 0, backward nfe 0, Train: 0.6500, Val: 0.5287, Test: 0.4964, Best time: 18.2948
After OOD adjustment: Training instances of last class: 0
After OOD adjustment: Testing instances of last class: 47
Epoch: 040, Runtime 0.038307, Loss 1.362242, forward nfe 0, backward nfe 0, Train: 0.6500, Val: 0.5287, Test: 0.4964, Best time: 18.2948
After OOD adjustment: Training instances of last class: 0
After OOD adjustment: Testing instances of last class: 47
Epoch: 041, Runtime 0.038652, Loss 1.351574, forward nfe 0, backward nfe 0, Train: 0.6500, Val: 0.5287, Test: 0.4964, Best time: 18.2948
After OOD adjustment: Training instances of last class: 0
After OOD adjustment: Testing instances of last class: 47
Epoch: 042, Runtime 0.140984, Loss 1.371508, forward nfe 0, backward nfe 0, Train: 0.9333, Val: 0.6103, Test: 0.6112, Best time: 18.2948
After OOD adjustment: Training instances of last class: 0
After OOD adjustment: Testing instances of last class: 47
Epoch: 043, Runtime 0.039393, Loss 1.326070, forward nfe 0, backward nfe 0, Train: 0.9333, Val: 0.6103, Test: 0.6112, Best time: 18.2948
After OOD adjustment: Training instances of last class: 0
After OOD adjustment: Testing instances of last class: 47
Epoch: 044, Runtime 0.037592, Loss 1.313237, forward nfe 0, backward nfe 0, Train: 0.9333, Val: 0.6103, Test: 0.6112, Best time: 18.2948
After OOD adjustment: Training instances of last class: 0
After OOD adjustment: Testing instances of last class: 47
Epoch: 045, Runtime 0.132190, Loss 1.282044, forward nfe 0, backward nfe 0, Train: 0.9500, Val: 0.6985, Test: 0.6873, Best time: 18.2948
After OOD adjustment: Training instances of last class: 0
After OOD adjustment: Testing instances of last class: 47
Epoch: 046, Runtime 0.034829, Loss 1.289179, forward nfe 0, backward nfe 0, Train: 0.9500, Val: 0.6985, Test: 0.6873, Best time: 18.2948
After OOD adjustment: Training instances of last class: 0
After OOD adjustment: Testing instances of last class: 47
Epoch: 047, Runtime 0.033901, Loss 1.291781, forward nfe 0, backward nfe 0, Train: 0.9500, Val: 0.6985, Test: 0.6873, Best time: 18.2948
After OOD adjustment: Training instances of last class: 0
After OOD adjustment: Testing instances of last class: 47
Epoch: 048, Runtime 0.033957, Loss 1.286719, forward nfe 0, backward nfe 0, Train: 0.9500, Val: 0.6985, Test: 0.6873, Best time: 18.2948
After OOD adjustment: Training instances of last class: 0
After OOD adjustment: Testing instances of last class: 47
Epoch: 049, Runtime 0.034334, Loss 1.328734, forward nfe 0, backward nfe 0, Train: 0.9500, Val: 0.6985, Test: 0.6873, Best time: 18.2948
After OOD adjustment: Training instances of last class: 0
After OOD adjustment: Testing instances of last class: 47
Epoch: 050, Runtime 0.032568, Loss 1.203542, forward nfe 0, backward nfe 0, Train: 0.9500, Val: 0.6985, Test: 0.6873, Best time: 18.2948
After OOD adjustment: Training instances of last class: 0
After OOD adjustment: Testing instances of last class: 47
Epoch: 051, Runtime 0.033641, Loss 1.231003, forward nfe 0, backward nfe 0, Train: 0.9500, Val: 0.6985, Test: 0.6873, Best time: 18.2948
After OOD adjustment: Training instances of last class: 0
After OOD adjustment: Testing instances of last class: 47
Epoch: 052, Runtime 0.033264, Loss 1.252816, forward nfe 0, backward nfe 0, Train: 0.9500, Val: 0.6985, Test: 0.6873, Best time: 18.2948
After OOD adjustment: Training instances of last class: 0
After OOD adjustment: Testing instances of last class: 47
Epoch: 053, Runtime 0.032963, Loss 1.224756, forward nfe 0, backward nfe 0, Train: 0.9500, Val: 0.6985, Test: 0.6873, Best time: 18.2948
After OOD adjustment: Training instances of last class: 0
After OOD adjustment: Testing instances of last class: 47
Epoch: 054, Runtime 0.033244, Loss 1.219072, forward nfe 0, backward nfe 0, Train: 0.9500, Val: 0.6985, Test: 0.6873, Best time: 18.2948
After OOD adjustment: Training instances of last class: 0
After OOD adjustment: Testing instances of last class: 47
Epoch: 055, Runtime 0.033404, Loss 1.155991, forward nfe 0, backward nfe 0, Train: 0.9500, Val: 0.6985, Test: 0.6873, Best time: 18.2948
After OOD adjustment: Training instances of last class: 0
After OOD adjustment: Testing instances of last class: 47
Epoch: 056, Runtime 0.033816, Loss 1.178341, forward nfe 0, backward nfe 0, Train: 0.9500, Val: 0.6985, Test: 0.6873, Best time: 18.2948
After OOD adjustment: Training instances of last class: 0
After OOD adjustment: Testing instances of last class: 47
Epoch: 057, Runtime 0.034670, Loss 1.184893, forward nfe 0, backward nfe 0, Train: 0.9500, Val: 0.6985, Test: 0.6873, Best time: 18.2948
After OOD adjustment: Training instances of last class: 0
After OOD adjustment: Testing instances of last class: 47
Epoch: 058, Runtime 0.033103, Loss 1.126125, forward nfe 0, backward nfe 0, Train: 0.9500, Val: 0.6985, Test: 0.6873, Best time: 18.2948
After OOD adjustment: Training instances of last class: 0
After OOD adjustment: Testing instances of last class: 47
Epoch: 059, Runtime 0.033734, Loss 1.156784, forward nfe 0, backward nfe 0, Train: 0.9500, Val: 0.6985, Test: 0.6873, Best time: 18.2948
After OOD adjustment: Training instances of last class: 0
After OOD adjustment: Testing instances of last class: 47
Epoch: 060, Runtime 0.131591, Loss 1.137324, forward nfe 0, backward nfe 0, Train: 0.9667, Val: 0.7360, Test: 0.7198, Best time: 18.2948
After OOD adjustment: Training instances of last class: 0
After OOD adjustment: Testing instances of last class: 47
Epoch: 061, Runtime 0.036635, Loss 1.113129, forward nfe 0, backward nfe 0, Train: 0.9667, Val: 0.7360, Test: 0.7198, Best time: 18.2948
After OOD adjustment: Training instances of last class: 0
After OOD adjustment: Testing instances of last class: 47
Epoch: 062, Runtime 0.128689, Loss 1.056398, forward nfe 0, backward nfe 0, Train: 0.9583, Val: 0.7434, Test: 0.7218, Best time: 18.2948
After OOD adjustment: Training instances of last class: 0
After OOD adjustment: Testing instances of last class: 47
Epoch: 063, Runtime 0.035065, Loss 1.095525, forward nfe 0, backward nfe 0, Train: 0.9583, Val: 0.7434, Test: 0.7218, Best time: 18.2948
After OOD adjustment: Training instances of last class: 0
After OOD adjustment: Testing instances of last class: 47
Epoch: 064, Runtime 0.032502, Loss 1.041148, forward nfe 0, backward nfe 0, Train: 0.9583, Val: 0.7434, Test: 0.7218, Best time: 18.2948
After OOD adjustment: Training instances of last class: 0
After OOD adjustment: Testing instances of last class: 47
Epoch: 065, Runtime 0.034385, Loss 1.067418, forward nfe 0, backward nfe 0, Train: 0.9583, Val: 0.7434, Test: 0.7218, Best time: 18.2948
After OOD adjustment: Training instances of last class: 0
After OOD adjustment: Testing instances of last class: 47
Epoch: 066, Runtime 0.033455, Loss 1.100779, forward nfe 0, backward nfe 0, Train: 0.9583, Val: 0.7434, Test: 0.7218, Best time: 18.2948
After OOD adjustment: Training instances of last class: 0
After OOD adjustment: Testing instances of last class: 47
Epoch: 067, Runtime 0.031689, Loss 1.046585, forward nfe 0, backward nfe 0, Train: 0.9583, Val: 0.7434, Test: 0.7218, Best time: 18.2948
After OOD adjustment: Training instances of last class: 0
After OOD adjustment: Testing instances of last class: 47
Epoch: 068, Runtime 0.034236, Loss 1.043975, forward nfe 0, backward nfe 0, Train: 0.9583, Val: 0.7434, Test: 0.7218, Best time: 18.2948
After OOD adjustment: Training instances of last class: 0
After OOD adjustment: Testing instances of last class: 47
Epoch: 069, Runtime 0.033323, Loss 1.055812, forward nfe 0, backward nfe 0, Train: 0.9583, Val: 0.7434, Test: 0.7218, Best time: 18.2948
After OOD adjustment: Training instances of last class: 0
After OOD adjustment: Testing instances of last class: 47
Epoch: 070, Runtime 0.033805, Loss 0.933102, forward nfe 0, backward nfe 0, Train: 0.9583, Val: 0.7434, Test: 0.7218, Best time: 18.2948
After OOD adjustment: Training instances of last class: 0
After OOD adjustment: Testing instances of last class: 47
Epoch: 071, Runtime 0.033519, Loss 1.042741, forward nfe 0, backward nfe 0, Train: 0.9583, Val: 0.7434, Test: 0.7218, Best time: 18.2948
After OOD adjustment: Training instances of last class: 0
After OOD adjustment: Testing instances of last class: 47
Epoch: 072, Runtime 0.032691, Loss 0.970787, forward nfe 0, backward nfe 0, Train: 0.9583, Val: 0.7434, Test: 0.7218, Best time: 18.2948
After OOD adjustment: Training instances of last class: 0
After OOD adjustment: Testing instances of last class: 47
Epoch: 073, Runtime 0.034860, Loss 0.933494, forward nfe 0, backward nfe 0, Train: 0.9583, Val: 0.7434, Test: 0.7218, Best time: 18.2948
After OOD adjustment: Training instances of last class: 0
After OOD adjustment: Testing instances of last class: 47
Epoch: 074, Runtime 0.033124, Loss 0.882701, forward nfe 0, backward nfe 0, Train: 0.9583, Val: 0.7434, Test: 0.7218, Best time: 18.2948
After OOD adjustment: Training instances of last class: 0
After OOD adjustment: Testing instances of last class: 47
Epoch: 075, Runtime 0.034098, Loss 0.933578, forward nfe 0, backward nfe 0, Train: 0.9583, Val: 0.7434, Test: 0.7218, Best time: 18.2948
After OOD adjustment: Training instances of last class: 0
After OOD adjustment: Testing instances of last class: 47
Epoch: 076, Runtime 0.033874, Loss 0.876424, forward nfe 0, backward nfe 0, Train: 0.9583, Val: 0.7434, Test: 0.7218, Best time: 18.2948
After OOD adjustment: Training instances of last class: 0
After OOD adjustment: Testing instances of last class: 47
Epoch: 077, Runtime 0.034901, Loss 0.921058, forward nfe 0, backward nfe 0, Train: 0.9583, Val: 0.7434, Test: 0.7218, Best time: 18.2948
After OOD adjustment: Training instances of last class: 0
After OOD adjustment: Testing instances of last class: 47
Epoch: 078, Runtime 0.033584, Loss 0.867467, forward nfe 0, backward nfe 0, Train: 0.9583, Val: 0.7434, Test: 0.7218, Best time: 18.2948
After OOD adjustment: Training instances of last class: 0
After OOD adjustment: Testing instances of last class: 47
Epoch: 079, Runtime 0.033452, Loss 0.838993, forward nfe 0, backward nfe 0, Train: 0.9583, Val: 0.7434, Test: 0.7218, Best time: 18.2948
After OOD adjustment: Training instances of last class: 0
After OOD adjustment: Testing instances of last class: 47
Epoch: 080, Runtime 0.033266, Loss 0.845098, forward nfe 0, backward nfe 0, Train: 0.9583, Val: 0.7434, Test: 0.7218, Best time: 18.2948
After OOD adjustment: Training instances of last class: 0
After OOD adjustment: Testing instances of last class: 47
Epoch: 081, Runtime 0.033576, Loss 0.905786, forward nfe 0, backward nfe 0, Train: 0.9583, Val: 0.7434, Test: 0.7218, Best time: 18.2948
After OOD adjustment: Training instances of last class: 0
After OOD adjustment: Testing instances of last class: 47
Epoch: 082, Runtime 0.033870, Loss 0.798665, forward nfe 0, backward nfe 0, Train: 0.9583, Val: 0.7434, Test: 0.7218, Best time: 18.2948
After OOD adjustment: Training instances of last class: 0
After OOD adjustment: Testing instances of last class: 47
Epoch: 083, Runtime 0.033207, Loss 0.794643, forward nfe 0, backward nfe 0, Train: 0.9583, Val: 0.7434, Test: 0.7218, Best time: 18.2948
After OOD adjustment: Training instances of last class: 0
After OOD adjustment: Testing instances of last class: 47
Epoch: 084, Runtime 0.033469, Loss 0.781506, forward nfe 0, backward nfe 0, Train: 0.9583, Val: 0.7434, Test: 0.7218, Best time: 18.2948
After OOD adjustment: Training instances of last class: 0
After OOD adjustment: Testing instances of last class: 47
Epoch: 085, Runtime 0.034044, Loss 0.735563, forward nfe 0, backward nfe 0, Train: 0.9583, Val: 0.7434, Test: 0.7218, Best time: 18.2948
After OOD adjustment: Training instances of last class: 0
After OOD adjustment: Testing instances of last class: 47
Epoch: 086, Runtime 0.033516, Loss 0.865531, forward nfe 0, backward nfe 0, Train: 0.9583, Val: 0.7434, Test: 0.7218, Best time: 18.2948
After OOD adjustment: Training instances of last class: 0
After OOD adjustment: Testing instances of last class: 47
Epoch: 087, Runtime 0.034045, Loss 0.751676, forward nfe 0, backward nfe 0, Train: 0.9583, Val: 0.7434, Test: 0.7218, Best time: 18.2948
After OOD adjustment: Training instances of last class: 0
After OOD adjustment: Testing instances of last class: 47
Epoch: 088, Runtime 0.033336, Loss 0.779792, forward nfe 0, backward nfe 0, Train: 0.9583, Val: 0.7434, Test: 0.7218, Best time: 18.2948
After OOD adjustment: Training instances of last class: 0
After OOD adjustment: Testing instances of last class: 47
Epoch: 089, Runtime 0.033892, Loss 0.730006, forward nfe 0, backward nfe 0, Train: 0.9583, Val: 0.7434, Test: 0.7218, Best time: 18.2948
After OOD adjustment: Training instances of last class: 0
After OOD adjustment: Testing instances of last class: 47
Epoch: 090, Runtime 0.034019, Loss 0.757267, forward nfe 0, backward nfe 0, Train: 0.9583, Val: 0.7434, Test: 0.7218, Best time: 18.2948
After OOD adjustment: Training instances of last class: 0
After OOD adjustment: Testing instances of last class: 47
Epoch: 091, Runtime 0.035245, Loss 0.729070, forward nfe 0, backward nfe 0, Train: 0.9583, Val: 0.7434, Test: 0.7218, Best time: 18.2948
After OOD adjustment: Training instances of last class: 0
After OOD adjustment: Testing instances of last class: 47
Epoch: 092, Runtime 0.034256, Loss 0.684237, forward nfe 0, backward nfe 0, Train: 0.9583, Val: 0.7434, Test: 0.7218, Best time: 18.2948
After OOD adjustment: Training instances of last class: 0
After OOD adjustment: Testing instances of last class: 47
Epoch: 093, Runtime 0.032914, Loss 0.678082, forward nfe 0, backward nfe 0, Train: 0.9583, Val: 0.7434, Test: 0.7218, Best time: 18.2948
After OOD adjustment: Training instances of last class: 0
After OOD adjustment: Testing instances of last class: 47
Epoch: 094, Runtime 0.032287, Loss 0.653918, forward nfe 0, backward nfe 0, Train: 0.9583, Val: 0.7434, Test: 0.7218, Best time: 18.2948
After OOD adjustment: Training instances of last class: 0
After OOD adjustment: Testing instances of last class: 47
Epoch: 095, Runtime 0.033038, Loss 0.655873, forward nfe 0, backward nfe 0, Train: 0.9583, Val: 0.7434, Test: 0.7218, Best time: 18.2948
After OOD adjustment: Training instances of last class: 0
After OOD adjustment: Testing instances of last class: 47
Epoch: 096, Runtime 0.033772, Loss 0.640452, forward nfe 0, backward nfe 0, Train: 0.9583, Val: 0.7434, Test: 0.7218, Best time: 18.2948
After OOD adjustment: Training instances of last class: 0
After OOD adjustment: Testing instances of last class: 47
Epoch: 097, Runtime 0.033362, Loss 0.648470, forward nfe 0, backward nfe 0, Train: 0.9583, Val: 0.7434, Test: 0.7218, Best time: 18.2948
After OOD adjustment: Training instances of last class: 0
After OOD adjustment: Testing instances of last class: 47
Epoch: 098, Runtime 0.033823, Loss 0.640648, forward nfe 0, backward nfe 0, Train: 0.9583, Val: 0.7434, Test: 0.7218, Best time: 18.2948
After OOD adjustment: Training instances of last class: 0
After OOD adjustment: Testing instances of last class: 47
Epoch: 099, Runtime 0.033250, Loss 0.589620, forward nfe 0, backward nfe 0, Train: 0.9583, Val: 0.7434, Test: 0.7218, Best time: 18.2948
best val accuracy 0.743382 with test accuracy 0.721827 at epoch 62 and best time 18.294754
base_directory resutls_prob/OOD_Cora
new_name:  bgcn_ODD
file_path 1 resutls_prob/OOD_Cora/bgcn_ODD_prediction_probabilities_36.npz
file_path 2 resutls_prob/OOD_Cora/bgcn_ODD_prediction_probabilities_36.npz
Entropy Threshold: inf Test accuracy: 0.7258883248730964
Entropy Threshold: 2 Test accuracy: 0.6791878172588832
Entropy Threshold: 1.6 Test accuracy: 0.9722222222222222
Entropy Threshold: 1.5 Test accuracy: 1.0
Entropy Threshold: 1.4 Test accuracy: 1.0
Entropy Threshold: 1.3 Test accuracy: None
Entropy Threshold: 1.2 Test accuracy: None
Entropy Threshold: 1.1 Test accuracy: None
Entropy Threshold: 0.9 Test accuracy: None
Entropy Threshold: 0.8 Test accuracy: None
Entropy Threshold: 0.7 Test accuracy: None
Entropy Threshold: 0.6 Test accuracy: None
Entropy Threshold: 0.5 Test accuracy: None
Entropy Threshold: 0.4 Test accuracy: None
Entropy Threshold: 0.3 Test accuracy: None
Entropy Threshold: 0.2 Test accuracy: None
Entropy Threshold: 0.1 Test accuracy: None
