[KeOps] Warning : cuda was detected, but driver API could not be initialized. Switching to cpu only.
Folder already exists: results/computers
experiment: 0
Dataset size (num_nodes): 13381, Intended development set size (num_development): 1500
Dataset size (num_nodes): 13381, Actual development set size (num_development): 1500
rations: train 200, val 1300, test 11881
Before OOD adjustment: Total instances of last class: 283
Before OOD adjustment: Training instances of last class: 20
Before OOD adjustment: Testing instances of last class: 257
Before OOD adjustment: Val instances of last class: 6
total train + val+ test 283
After OOD adjustment: Training instances of last class: 0
After OOD adjustment: Testing instances of last class: 257
Total number of classes: 10
number of classes to train: 9
MyGCN2(
  (conv1): GCNConv(767, 128)
  (conv4): GCNConv(128, 9)
)
conv1.bias
torch.Size([128])
conv1.lin.weight
torch.Size([128, 767])
conv4.bias
torch.Size([9])
conv4.lin.weight
torch.Size([9, 128])
After OOD adjustment: Training instances of last class: 0
After OOD adjustment: Testing instances of last class: 257
Epoch: 001, Runtime 0.771282, Loss 2.509109, forward nfe 0, backward nfe 0, Train: 0.0389, Val: 0.0431, Test: 0.0483, Best time: 3.2490
After OOD adjustment: Training instances of last class: 0
After OOD adjustment: Testing instances of last class: 257
Epoch: 002, Runtime 0.855132, Loss 2.393924, forward nfe 0, backward nfe 0, Train: 0.1778, Val: 0.2885, Test: 0.2720, Best time: 3.2490
After OOD adjustment: Training instances of last class: 0
After OOD adjustment: Testing instances of last class: 257
Epoch: 003, Runtime 0.740617, Loss 2.426296, forward nfe 0, backward nfe 0, Train: 0.1778, Val: 0.2885, Test: 0.2720, Best time: 3.2490
After OOD adjustment: Training instances of last class: 0
After OOD adjustment: Testing instances of last class: 257
Epoch: 004, Runtime 0.751539, Loss 2.196563, forward nfe 0, backward nfe 0, Train: 0.1778, Val: 0.2885, Test: 0.2720, Best time: 3.2490
After OOD adjustment: Training instances of last class: 0
After OOD adjustment: Testing instances of last class: 257
Epoch: 005, Runtime 0.749699, Loss 2.035202, forward nfe 0, backward nfe 0, Train: 0.1778, Val: 0.2885, Test: 0.2720, Best time: 3.2490
After OOD adjustment: Training instances of last class: 0
After OOD adjustment: Testing instances of last class: 257
Epoch: 006, Runtime 0.758073, Loss 1.988107, forward nfe 0, backward nfe 0, Train: 0.1778, Val: 0.2885, Test: 0.2720, Best time: 3.2490
After OOD adjustment: Training instances of last class: 0
After OOD adjustment: Testing instances of last class: 257
Epoch: 007, Runtime 0.749775, Loss 1.876536, forward nfe 0, backward nfe 0, Train: 0.1778, Val: 0.2885, Test: 0.2720, Best time: 3.2490
After OOD adjustment: Training instances of last class: 0
After OOD adjustment: Testing instances of last class: 257
Epoch: 008, Runtime 0.745688, Loss 1.814069, forward nfe 0, backward nfe 0, Train: 0.1778, Val: 0.2885, Test: 0.2720, Best time: 3.2490
After OOD adjustment: Training instances of last class: 0
After OOD adjustment: Testing instances of last class: 257
Epoch: 009, Runtime 0.841342, Loss 1.738746, forward nfe 0, backward nfe 0, Train: 0.6389, Val: 0.6708, Test: 0.6378, Best time: 3.2490
After OOD adjustment: Training instances of last class: 0
After OOD adjustment: Testing instances of last class: 257
Epoch: 010, Runtime 0.749064, Loss 1.645171, forward nfe 0, backward nfe 0, Train: 0.6389, Val: 0.6708, Test: 0.6378, Best time: 3.2490
After OOD adjustment: Training instances of last class: 0
After OOD adjustment: Testing instances of last class: 257
Epoch: 011, Runtime 0.760088, Loss 1.586662, forward nfe 0, backward nfe 0, Train: 0.6389, Val: 0.6708, Test: 0.6378, Best time: 3.2490
After OOD adjustment: Training instances of last class: 0
After OOD adjustment: Testing instances of last class: 257
Epoch: 012, Runtime 0.749342, Loss 1.523332, forward nfe 0, backward nfe 0, Train: 0.6389, Val: 0.6708, Test: 0.6378, Best time: 3.2490
After OOD adjustment: Training instances of last class: 0
After OOD adjustment: Testing instances of last class: 257
Epoch: 013, Runtime 0.745845, Loss 1.453875, forward nfe 0, backward nfe 0, Train: 0.6389, Val: 0.6708, Test: 0.6378, Best time: 3.2490
After OOD adjustment: Training instances of last class: 0
After OOD adjustment: Testing instances of last class: 257
Epoch: 014, Runtime 0.757956, Loss 1.401750, forward nfe 0, backward nfe 0, Train: 0.6389, Val: 0.6708, Test: 0.6378, Best time: 3.2490
After OOD adjustment: Training instances of last class: 0
After OOD adjustment: Testing instances of last class: 257
Epoch: 015, Runtime 0.750695, Loss 1.363439, forward nfe 0, backward nfe 0, Train: 0.6389, Val: 0.6708, Test: 0.6378, Best time: 3.2490
After OOD adjustment: Training instances of last class: 0
After OOD adjustment: Testing instances of last class: 257
Epoch: 016, Runtime 0.738167, Loss 1.314869, forward nfe 0, backward nfe 0, Train: 0.6389, Val: 0.6708, Test: 0.6378, Best time: 3.2490
After OOD adjustment: Training instances of last class: 0
After OOD adjustment: Testing instances of last class: 257
Epoch: 017, Runtime 0.832980, Loss 1.245957, forward nfe 0, backward nfe 0, Train: 0.8667, Val: 0.7400, Test: 0.7334, Best time: 3.2490
After OOD adjustment: Training instances of last class: 0
After OOD adjustment: Testing instances of last class: 257
Epoch: 018, Runtime 0.839349, Loss 1.184034, forward nfe 0, backward nfe 0, Train: 0.8667, Val: 0.7600, Test: 0.7621, Best time: 3.2490
After OOD adjustment: Training instances of last class: 0
After OOD adjustment: Testing instances of last class: 257
Epoch: 019, Runtime 0.750551, Loss 1.150033, forward nfe 0, backward nfe 0, Train: 0.8667, Val: 0.7600, Test: 0.7621, Best time: 3.2490
After OOD adjustment: Training instances of last class: 0
After OOD adjustment: Testing instances of last class: 257
Epoch: 020, Runtime 0.746420, Loss 1.128149, forward nfe 0, backward nfe 0, Train: 0.8667, Val: 0.7600, Test: 0.7621, Best time: 3.2490
After OOD adjustment: Training instances of last class: 0
After OOD adjustment: Testing instances of last class: 257
Epoch: 021, Runtime 0.840473, Loss 1.095463, forward nfe 0, backward nfe 0, Train: 0.8333, Val: 0.7769, Test: 0.7637, Best time: 3.2490
After OOD adjustment: Training instances of last class: 0
After OOD adjustment: Testing instances of last class: 257
Epoch: 022, Runtime 0.839905, Loss 1.050067, forward nfe 0, backward nfe 0, Train: 0.8889, Val: 0.7915, Test: 0.7818, Best time: 3.2490
After OOD adjustment: Training instances of last class: 0
After OOD adjustment: Testing instances of last class: 257
Epoch: 023, Runtime 0.749092, Loss 1.005376, forward nfe 0, backward nfe 0, Train: 0.8889, Val: 0.7915, Test: 0.7818, Best time: 3.2490
After OOD adjustment: Training instances of last class: 0
After OOD adjustment: Testing instances of last class: 257
Epoch: 024, Runtime 0.751518, Loss 0.971201, forward nfe 0, backward nfe 0, Train: 0.8889, Val: 0.7915, Test: 0.7818, Best time: 3.2490
After OOD adjustment: Training instances of last class: 0
After OOD adjustment: Testing instances of last class: 257
Epoch: 025, Runtime 0.749152, Loss 0.946234, forward nfe 0, backward nfe 0, Train: 0.8889, Val: 0.7915, Test: 0.7818, Best time: 3.2490
After OOD adjustment: Training instances of last class: 0
After OOD adjustment: Testing instances of last class: 257
Epoch: 026, Runtime 0.747009, Loss 0.922711, forward nfe 0, backward nfe 0, Train: 0.8889, Val: 0.7915, Test: 0.7818, Best time: 3.2490
After OOD adjustment: Training instances of last class: 0
After OOD adjustment: Testing instances of last class: 257
Epoch: 027, Runtime 0.749893, Loss 0.895459, forward nfe 0, backward nfe 0, Train: 0.8889, Val: 0.7915, Test: 0.7818, Best time: 3.2490
After OOD adjustment: Training instances of last class: 0
After OOD adjustment: Testing instances of last class: 257
Epoch: 028, Runtime 0.749037, Loss 0.866161, forward nfe 0, backward nfe 0, Train: 0.8889, Val: 0.7915, Test: 0.7818, Best time: 3.2490
After OOD adjustment: Training instances of last class: 0
After OOD adjustment: Testing instances of last class: 257
Epoch: 029, Runtime 0.839358, Loss 0.838933, forward nfe 0, backward nfe 0, Train: 0.8944, Val: 0.8046, Test: 0.7936, Best time: 3.2490
After OOD adjustment: Training instances of last class: 0
After OOD adjustment: Testing instances of last class: 257
Epoch: 030, Runtime 0.839542, Loss 0.815030, forward nfe 0, backward nfe 0, Train: 0.9000, Val: 0.8077, Test: 0.7988, Best time: 3.2490
After OOD adjustment: Training instances of last class: 0
After OOD adjustment: Testing instances of last class: 257
Epoch: 031, Runtime 0.750453, Loss 0.793155, forward nfe 0, backward nfe 0, Train: 0.9000, Val: 0.8077, Test: 0.7988, Best time: 3.2490
After OOD adjustment: Training instances of last class: 0
After OOD adjustment: Testing instances of last class: 257
Epoch: 032, Runtime 0.752466, Loss 0.772712, forward nfe 0, backward nfe 0, Train: 0.9000, Val: 0.8077, Test: 0.7988, Best time: 3.2490
After OOD adjustment: Training instances of last class: 0
After OOD adjustment: Testing instances of last class: 257
Epoch: 033, Runtime 0.736300, Loss 0.753739, forward nfe 0, backward nfe 0, Train: 0.9000, Val: 0.8077, Test: 0.7988, Best time: 3.2490
After OOD adjustment: Training instances of last class: 0
After OOD adjustment: Testing instances of last class: 257
Epoch: 034, Runtime 0.752903, Loss 0.735144, forward nfe 0, backward nfe 0, Train: 0.9000, Val: 0.8077, Test: 0.7988, Best time: 3.2490
After OOD adjustment: Training instances of last class: 0
After OOD adjustment: Testing instances of last class: 257
Epoch: 035, Runtime 0.747352, Loss 0.715702, forward nfe 0, backward nfe 0, Train: 0.9000, Val: 0.8077, Test: 0.7988, Best time: 3.2490
After OOD adjustment: Training instances of last class: 0
After OOD adjustment: Testing instances of last class: 257
Epoch: 036, Runtime 0.749850, Loss 0.696154, forward nfe 0, backward nfe 0, Train: 0.9000, Val: 0.8077, Test: 0.7988, Best time: 3.2490
After OOD adjustment: Training instances of last class: 0
After OOD adjustment: Testing instances of last class: 257
Epoch: 037, Runtime 0.748405, Loss 0.678598, forward nfe 0, backward nfe 0, Train: 0.9000, Val: 0.8077, Test: 0.7988, Best time: 3.2490
After OOD adjustment: Training instances of last class: 0
After OOD adjustment: Testing instances of last class: 257
Epoch: 038, Runtime 0.756835, Loss 0.663703, forward nfe 0, backward nfe 0, Train: 0.9000, Val: 0.8077, Test: 0.7988, Best time: 3.2490
After OOD adjustment: Training instances of last class: 0
After OOD adjustment: Testing instances of last class: 257
Epoch: 039, Runtime 0.746499, Loss 0.649928, forward nfe 0, backward nfe 0, Train: 0.9000, Val: 0.8077, Test: 0.7988, Best time: 3.2490
After OOD adjustment: Training instances of last class: 0
After OOD adjustment: Testing instances of last class: 257
Epoch: 040, Runtime 0.735906, Loss 0.635643, forward nfe 0, backward nfe 0, Train: 0.9000, Val: 0.8077, Test: 0.7988, Best time: 3.2490
After OOD adjustment: Training instances of last class: 0
After OOD adjustment: Testing instances of last class: 257
Epoch: 041, Runtime 0.755182, Loss 0.620783, forward nfe 0, backward nfe 0, Train: 0.9000, Val: 0.8077, Test: 0.7988, Best time: 3.2490
After OOD adjustment: Training instances of last class: 0
After OOD adjustment: Testing instances of last class: 257
Epoch: 042, Runtime 0.748618, Loss 0.606429, forward nfe 0, backward nfe 0, Train: 0.9000, Val: 0.8077, Test: 0.7988, Best time: 3.2490
After OOD adjustment: Training instances of last class: 0
After OOD adjustment: Testing instances of last class: 257
Epoch: 043, Runtime 0.738480, Loss 0.593438, forward nfe 0, backward nfe 0, Train: 0.9000, Val: 0.8077, Test: 0.7988, Best time: 3.2490
After OOD adjustment: Training instances of last class: 0
After OOD adjustment: Testing instances of last class: 257
Epoch: 044, Runtime 0.755784, Loss 0.581591, forward nfe 0, backward nfe 0, Train: 0.9000, Val: 0.8077, Test: 0.7988, Best time: 3.2490
After OOD adjustment: Training instances of last class: 0
After OOD adjustment: Testing instances of last class: 257
Epoch: 045, Runtime 0.757340, Loss 0.570112, forward nfe 0, backward nfe 0, Train: 0.9000, Val: 0.8077, Test: 0.7988, Best time: 3.2490
After OOD adjustment: Training instances of last class: 0
After OOD adjustment: Testing instances of last class: 257
Epoch: 046, Runtime 0.749486, Loss 0.558727, forward nfe 0, backward nfe 0, Train: 0.9000, Val: 0.8077, Test: 0.7988, Best time: 3.2490
After OOD adjustment: Training instances of last class: 0
After OOD adjustment: Testing instances of last class: 257
Epoch: 047, Runtime 0.747698, Loss 0.547741, forward nfe 0, backward nfe 0, Train: 0.9000, Val: 0.8077, Test: 0.7988, Best time: 3.2490
After OOD adjustment: Training instances of last class: 0
After OOD adjustment: Testing instances of last class: 257
Epoch: 048, Runtime 0.739487, Loss 0.537347, forward nfe 0, backward nfe 0, Train: 0.9000, Val: 0.8077, Test: 0.7988, Best time: 3.2490
After OOD adjustment: Training instances of last class: 0
After OOD adjustment: Testing instances of last class: 257
Epoch: 049, Runtime 0.748576, Loss 0.527372, forward nfe 0, backward nfe 0, Train: 0.9000, Val: 0.8077, Test: 0.7988, Best time: 3.2490
After OOD adjustment: Training instances of last class: 0
After OOD adjustment: Testing instances of last class: 257
Epoch: 050, Runtime 0.751633, Loss 0.517602, forward nfe 0, backward nfe 0, Train: 0.9000, Val: 0.8077, Test: 0.7988, Best time: 3.2490
After OOD adjustment: Training instances of last class: 0
After OOD adjustment: Testing instances of last class: 257
Epoch: 051, Runtime 0.755810, Loss 0.508085, forward nfe 0, backward nfe 0, Train: 0.9000, Val: 0.8077, Test: 0.7988, Best time: 3.2490
After OOD adjustment: Training instances of last class: 0
After OOD adjustment: Testing instances of last class: 257
Epoch: 052, Runtime 0.747799, Loss 0.499073, forward nfe 0, backward nfe 0, Train: 0.9000, Val: 0.8077, Test: 0.7988, Best time: 3.2490
After OOD adjustment: Training instances of last class: 0
After OOD adjustment: Testing instances of last class: 257
Epoch: 053, Runtime 0.755886, Loss 0.490666, forward nfe 0, backward nfe 0, Train: 0.9000, Val: 0.8077, Test: 0.7988, Best time: 3.2490
After OOD adjustment: Training instances of last class: 0
After OOD adjustment: Testing instances of last class: 257
Epoch: 054, Runtime 0.747599, Loss 0.482609, forward nfe 0, backward nfe 0, Train: 0.9000, Val: 0.8077, Test: 0.7988, Best time: 3.2490
After OOD adjustment: Training instances of last class: 0
After OOD adjustment: Testing instances of last class: 257
Epoch: 055, Runtime 0.736558, Loss 0.474598, forward nfe 0, backward nfe 0, Train: 0.9000, Val: 0.8077, Test: 0.7988, Best time: 3.2490
After OOD adjustment: Training instances of last class: 0
After OOD adjustment: Testing instances of last class: 257
Epoch: 056, Runtime 0.741371, Loss 0.466660, forward nfe 0, backward nfe 0, Train: 0.9000, Val: 0.8077, Test: 0.7988, Best time: 3.2490
After OOD adjustment: Training instances of last class: 0
After OOD adjustment: Testing instances of last class: 257
Epoch: 057, Runtime 0.748306, Loss 0.459026, forward nfe 0, backward nfe 0, Train: 0.9000, Val: 0.8077, Test: 0.7988, Best time: 3.2490
After OOD adjustment: Training instances of last class: 0
After OOD adjustment: Testing instances of last class: 257
Epoch: 058, Runtime 0.745872, Loss 0.451814, forward nfe 0, backward nfe 0, Train: 0.9000, Val: 0.8077, Test: 0.7988, Best time: 3.2490
After OOD adjustment: Training instances of last class: 0
After OOD adjustment: Testing instances of last class: 257
Epoch: 059, Runtime 0.748846, Loss 0.444961, forward nfe 0, backward nfe 0, Train: 0.9000, Val: 0.8077, Test: 0.7988, Best time: 3.2490
After OOD adjustment: Training instances of last class: 0
After OOD adjustment: Testing instances of last class: 257
Epoch: 060, Runtime 0.748321, Loss 0.438340, forward nfe 0, backward nfe 0, Train: 0.9000, Val: 0.8077, Test: 0.7988, Best time: 3.2490
After OOD adjustment: Training instances of last class: 0
After OOD adjustment: Testing instances of last class: 257
Epoch: 061, Runtime 0.750706, Loss 0.431862, forward nfe 0, backward nfe 0, Train: 0.9000, Val: 0.8077, Test: 0.7988, Best time: 3.2490
After OOD adjustment: Training instances of last class: 0
After OOD adjustment: Testing instances of last class: 257
Epoch: 062, Runtime 0.750218, Loss 0.425528, forward nfe 0, backward nfe 0, Train: 0.9000, Val: 0.8077, Test: 0.7988, Best time: 3.2490
After OOD adjustment: Training instances of last class: 0
After OOD adjustment: Testing instances of last class: 257
Epoch: 063, Runtime 0.737729, Loss 0.419374, forward nfe 0, backward nfe 0, Train: 0.9000, Val: 0.8077, Test: 0.7988, Best time: 3.2490
After OOD adjustment: Training instances of last class: 0
After OOD adjustment: Testing instances of last class: 257
Epoch: 064, Runtime 0.750517, Loss 0.413404, forward nfe 0, backward nfe 0, Train: 0.9000, Val: 0.8077, Test: 0.7988, Best time: 3.2490
After OOD adjustment: Training instances of last class: 0
After OOD adjustment: Testing instances of last class: 257
Epoch: 065, Runtime 0.741741, Loss 0.407626, forward nfe 0, backward nfe 0, Train: 0.9000, Val: 0.8077, Test: 0.7988, Best time: 3.2490
After OOD adjustment: Training instances of last class: 0
After OOD adjustment: Testing instances of last class: 257
Epoch: 066, Runtime 0.749089, Loss 0.402070, forward nfe 0, backward nfe 0, Train: 0.9000, Val: 0.8077, Test: 0.7988, Best time: 3.2490
After OOD adjustment: Training instances of last class: 0
After OOD adjustment: Testing instances of last class: 257
Epoch: 067, Runtime 0.752610, Loss 0.396729, forward nfe 0, backward nfe 0, Train: 0.9000, Val: 0.8077, Test: 0.7988, Best time: 3.2490
After OOD adjustment: Training instances of last class: 0
After OOD adjustment: Testing instances of last class: 257
Epoch: 068, Runtime 0.747805, Loss 0.391550, forward nfe 0, backward nfe 0, Train: 0.9000, Val: 0.8077, Test: 0.7988, Best time: 3.2490
After OOD adjustment: Training instances of last class: 0
After OOD adjustment: Testing instances of last class: 257
Epoch: 069, Runtime 0.738844, Loss 0.386474, forward nfe 0, backward nfe 0, Train: 0.9000, Val: 0.8077, Test: 0.7988, Best time: 3.2490
After OOD adjustment: Training instances of last class: 0
After OOD adjustment: Testing instances of last class: 257
Epoch: 070, Runtime 0.736726, Loss 0.381482, forward nfe 0, backward nfe 0, Train: 0.9000, Val: 0.8077, Test: 0.7988, Best time: 3.2490
After OOD adjustment: Training instances of last class: 0
After OOD adjustment: Testing instances of last class: 257
Epoch: 071, Runtime 0.749896, Loss 0.376615, forward nfe 0, backward nfe 0, Train: 0.9000, Val: 0.8077, Test: 0.7988, Best time: 3.2490
After OOD adjustment: Training instances of last class: 0
After OOD adjustment: Testing instances of last class: 257
Epoch: 072, Runtime 0.738134, Loss 0.371922, forward nfe 0, backward nfe 0, Train: 0.9000, Val: 0.8077, Test: 0.7988, Best time: 3.2490
After OOD adjustment: Training instances of last class: 0
After OOD adjustment: Testing instances of last class: 257
Epoch: 073, Runtime 0.749834, Loss 0.367399, forward nfe 0, backward nfe 0, Train: 0.9000, Val: 0.8077, Test: 0.7988, Best time: 3.2490
After OOD adjustment: Training instances of last class: 0
After OOD adjustment: Testing instances of last class: 257
Epoch: 074, Runtime 0.747353, Loss 0.363000, forward nfe 0, backward nfe 0, Train: 0.9000, Val: 0.8077, Test: 0.7988, Best time: 3.2490
After OOD adjustment: Training instances of last class: 0
After OOD adjustment: Testing instances of last class: 257
Epoch: 075, Runtime 0.749740, Loss 0.358691, forward nfe 0, backward nfe 0, Train: 0.9000, Val: 0.8077, Test: 0.7988, Best time: 3.2490
After OOD adjustment: Training instances of last class: 0
After OOD adjustment: Testing instances of last class: 257
Epoch: 076, Runtime 0.750174, Loss 0.354469, forward nfe 0, backward nfe 0, Train: 0.9000, Val: 0.8077, Test: 0.7988, Best time: 3.2490
After OOD adjustment: Training instances of last class: 0
After OOD adjustment: Testing instances of last class: 257
Epoch: 077, Runtime 0.747269, Loss 0.350351, forward nfe 0, backward nfe 0, Train: 0.9000, Val: 0.8077, Test: 0.7988, Best time: 3.2490
After OOD adjustment: Training instances of last class: 0
After OOD adjustment: Testing instances of last class: 257
Epoch: 078, Runtime 0.739791, Loss 0.346348, forward nfe 0, backward nfe 0, Train: 0.9000, Val: 0.8077, Test: 0.7988, Best time: 3.2490
After OOD adjustment: Training instances of last class: 0
After OOD adjustment: Testing instances of last class: 257
Epoch: 079, Runtime 0.753669, Loss 0.342449, forward nfe 0, backward nfe 0, Train: 0.9000, Val: 0.8077, Test: 0.7988, Best time: 3.2490
After OOD adjustment: Training instances of last class: 0
After OOD adjustment: Testing instances of last class: 257
Epoch: 080, Runtime 0.751229, Loss 0.338638, forward nfe 0, backward nfe 0, Train: 0.9000, Val: 0.8077, Test: 0.7988, Best time: 3.2490
After OOD adjustment: Training instances of last class: 0
After OOD adjustment: Testing instances of last class: 257
Epoch: 081, Runtime 0.747491, Loss 0.334916, forward nfe 0, backward nfe 0, Train: 0.9000, Val: 0.8077, Test: 0.7988, Best time: 3.2490
After OOD adjustment: Training instances of last class: 0
After OOD adjustment: Testing instances of last class: 257
Epoch: 082, Runtime 0.738858, Loss 0.331283, forward nfe 0, backward nfe 0, Train: 0.9000, Val: 0.8077, Test: 0.7988, Best time: 3.2490
After OOD adjustment: Training instances of last class: 0
After OOD adjustment: Testing instances of last class: 257
Epoch: 083, Runtime 0.749925, Loss 0.327738, forward nfe 0, backward nfe 0, Train: 0.9000, Val: 0.8077, Test: 0.7988, Best time: 3.2490
After OOD adjustment: Training instances of last class: 0
After OOD adjustment: Testing instances of last class: 257
Epoch: 084, Runtime 0.759273, Loss 0.324271, forward nfe 0, backward nfe 0, Train: 0.9000, Val: 0.8077, Test: 0.7988, Best time: 3.2490
After OOD adjustment: Training instances of last class: 0
After OOD adjustment: Testing instances of last class: 257
Epoch: 085, Runtime 0.749118, Loss 0.320873, forward nfe 0, backward nfe 0, Train: 0.9000, Val: 0.8077, Test: 0.7988, Best time: 3.2490
After OOD adjustment: Training instances of last class: 0
After OOD adjustment: Testing instances of last class: 257
Epoch: 086, Runtime 0.749829, Loss 0.317543, forward nfe 0, backward nfe 0, Train: 0.9000, Val: 0.8077, Test: 0.7988, Best time: 3.2490
After OOD adjustment: Training instances of last class: 0
After OOD adjustment: Testing instances of last class: 257
Epoch: 087, Runtime 0.745915, Loss 0.314287, forward nfe 0, backward nfe 0, Train: 0.9000, Val: 0.8077, Test: 0.7988, Best time: 3.2490
After OOD adjustment: Training instances of last class: 0
After OOD adjustment: Testing instances of last class: 257
Epoch: 088, Runtime 0.750166, Loss 0.311105, forward nfe 0, backward nfe 0, Train: 0.9000, Val: 0.8077, Test: 0.7988, Best time: 3.2490
After OOD adjustment: Training instances of last class: 0
After OOD adjustment: Testing instances of last class: 257
Epoch: 089, Runtime 0.747473, Loss 0.307993, forward nfe 0, backward nfe 0, Train: 0.9000, Val: 0.8077, Test: 0.7988, Best time: 3.2490
After OOD adjustment: Training instances of last class: 0
After OOD adjustment: Testing instances of last class: 257
Epoch: 090, Runtime 0.749676, Loss 0.304944, forward nfe 0, backward nfe 0, Train: 0.9000, Val: 0.8077, Test: 0.7988, Best time: 3.2490
After OOD adjustment: Training instances of last class: 0
After OOD adjustment: Testing instances of last class: 257
Epoch: 091, Runtime 0.743547, Loss 0.301952, forward nfe 0, backward nfe 0, Train: 0.9000, Val: 0.8077, Test: 0.7988, Best time: 3.2490
After OOD adjustment: Training instances of last class: 0
After OOD adjustment: Testing instances of last class: 257
Epoch: 092, Runtime 0.751901, Loss 0.299018, forward nfe 0, backward nfe 0, Train: 0.9000, Val: 0.8077, Test: 0.7988, Best time: 3.2490
After OOD adjustment: Training instances of last class: 0
After OOD adjustment: Testing instances of last class: 257
Epoch: 093, Runtime 0.748080, Loss 0.296142, forward nfe 0, backward nfe 0, Train: 0.9000, Val: 0.8077, Test: 0.7988, Best time: 3.2490
After OOD adjustment: Training instances of last class: 0
After OOD adjustment: Testing instances of last class: 257
Epoch: 094, Runtime 0.759154, Loss 0.293321, forward nfe 0, backward nfe 0, Train: 0.9000, Val: 0.8077, Test: 0.7988, Best time: 3.2490
After OOD adjustment: Training instances of last class: 0
After OOD adjustment: Testing instances of last class: 257
Epoch: 095, Runtime 0.751171, Loss 0.290553, forward nfe 0, backward nfe 0, Train: 0.9000, Val: 0.8077, Test: 0.7988, Best time: 3.2490
After OOD adjustment: Training instances of last class: 0
After OOD adjustment: Testing instances of last class: 257
Epoch: 096, Runtime 0.756347, Loss 0.287838, forward nfe 0, backward nfe 0, Train: 0.9000, Val: 0.8077, Test: 0.7988, Best time: 3.2490
After OOD adjustment: Training instances of last class: 0
After OOD adjustment: Testing instances of last class: 257
Epoch: 097, Runtime 0.748761, Loss 0.285175, forward nfe 0, backward nfe 0, Train: 0.9000, Val: 0.8077, Test: 0.7988, Best time: 3.2490
After OOD adjustment: Training instances of last class: 0
After OOD adjustment: Testing instances of last class: 257
Epoch: 098, Runtime 0.748984, Loss 0.282561, forward nfe 0, backward nfe 0, Train: 0.9000, Val: 0.8077, Test: 0.7988, Best time: 3.2490
After OOD adjustment: Training instances of last class: 0
After OOD adjustment: Testing instances of last class: 257
Epoch: 099, Runtime 0.747571, Loss 0.279992, forward nfe 0, backward nfe 0, Train: 0.9000, Val: 0.8077, Test: 0.7988, Best time: 3.2490
best val accuracy 0.807692 with test accuracy 0.798754 at epoch 30 and best time 3.249016
base_directory resutls_prob/OOD_Computers
new_name:  gnn_ODD
file_path 1 resutls_prob/OOD_Computers/gnn_ODD_prediction_probabilities_87.npz
file_path 2 resutls_prob/OOD_Computers/gnn_ODD_prediction_probabilities_87.npz
Entropy Threshold: inf Test accuracy: 0.7987543136099655
Entropy Threshold: 2 Test accuracy: 0.8419507789568751
Entropy Threshold: 1.6 Test accuracy: 0.8647912885662432
Entropy Threshold: 1.5 Test accuracy: 0.8656595629889399
Entropy Threshold: 1.4 Test accuracy: 0.8669871794871795
Entropy Threshold: 1.3 Test accuracy: 0.8616938616938616
Entropy Threshold: 1.2 Test accuracy: 0.8481831757093081
Entropy Threshold: 1.1 Test accuracy: 0.8479381443298969
Entropy Threshold: 0.9 Test accuracy: 0.8911335578002245
Entropy Threshold: 0.8 Test accuracy: 0.9315476190476191
Entropy Threshold: 0.7 Test accuracy: 0.9571984435797666
Entropy Threshold: 0.6 Test accuracy: 0.9621621621621622
Entropy Threshold: 0.5 Test accuracy: 0.9586776859504132
Entropy Threshold: 0.4 Test accuracy: 0.9629629629629629
Entropy Threshold: 0.3 Test accuracy: 0.9381443298969072
Entropy Threshold: 0.2 Test accuracy: 0.8863636363636364
Entropy Threshold: 0.1 Test accuracy: 0.8636363636363636
