[KeOps] Warning : cuda was detected, but driver API could not be initialized. Switching to cpu only.
Folder already exists: results/cora
experiment: 0
Dataset size (num_nodes): 2485, Intended development set size (num_development): 1500
Dataset size (num_nodes): 2485, Actual development set size (num_development): 1500
rations: train 140, val 1360, test 985
Before OOD adjustment: Total instances of last class: 131
Before OOD adjustment: Training instances of last class: 20
Before OOD adjustment: Testing instances of last class: 55
Before OOD adjustment: Val instances of last class: 56
total train + val+ test 131
After OOD adjustment: Training instances of last class: 0
After OOD adjustment: Testing instances of last class: 55
Total number of classes: 7
number of classes to train: 6
using file gn_sde.py
sigma 1.0
rtol 0.01
t1 0.01
Dataset size (num_nodes): 2485, Intended development set size (num_development): 1500
Dataset size (num_nodes): 2485, Actual development set size (num_development): 1500
rations: train 140, val 1360, test 985
within set_train_val_test_split function!
Before OOD adjustment: Total instances of last class: 131
Before OOD adjustment: Training instances of last class: 20
Before OOD adjustment: Testing instances of last class: 52
Before OOD adjustment: Val instances of last class: 59
total train + val+ test 131
After OOD adjustment: Training instances of last class: 0
After OOD adjustment: Testing instances of last class: 52
LatentGraphSDE(
  (net): Sequential(
    (0): MyGCN(
      (activation): Softplus(beta=1, threshold=20)
      (conv1): GCNConv(81, 80)
    )
    (1): MyGCN(
      (conv1): GCNConv(80, 80)
    )
  )
  (in_net): MyGCN(
    (conv1): GCNConv(1433, 80)
  )
  (projection_net): Sequential(
    (0): Flatten(start_dim=1, end_dim=-1)
    (1): MyGCN(
      (conv1): GCNConv(80, 6)
    )
  )
)
qy0_mean
torch.Size([1, 80])
qy0_logvar
torch.Size([1, 80])
net.0.conv1.bias
torch.Size([80])
net.0.conv1.lin.weight
torch.Size([80, 81])
net.1.conv1.bias
torch.Size([80])
net.1.conv1.lin.weight
torch.Size([80, 80])
in_net.conv1.bias
torch.Size([80])
in_net.conv1.lin.weight
torch.Size([80, 1433])
projection_net.1.conv1.bias
torch.Size([6])
projection_net.1.conv1.lin.weight
torch.Size([6, 80])
After OOD adjustment: Training instances of last class: 0
After OOD adjustment: Testing instances of last class: 52
Epoch: 001, Runtime 3.568088, Loss 1.807436, forward nfe 0, backward nfe 0, Train: 0.2167, Val: 0.2331, Test: 0.2650, Best time: 18.2948
After OOD adjustment: Training instances of last class: 0
After OOD adjustment: Testing instances of last class: 52
Epoch: 002, Runtime 3.428318, Loss 1.785811, forward nfe 0, backward nfe 0, Train: 0.3417, Val: 0.3066, Test: 0.2954, Best time: 18.2948
After OOD adjustment: Training instances of last class: 0
After OOD adjustment: Testing instances of last class: 52
Epoch: 003, Runtime 3.385092, Loss 1.746255, forward nfe 0, backward nfe 0, Train: 0.3333, Val: 0.3206, Test: 0.3239, Best time: 18.2948
After OOD adjustment: Training instances of last class: 0
After OOD adjustment: Testing instances of last class: 52
Epoch: 004, Runtime 3.379792, Loss 1.717304, forward nfe 0, backward nfe 0, Train: 0.5917, Val: 0.3647, Test: 0.3726, Best time: 18.2948
After OOD adjustment: Training instances of last class: 0
After OOD adjustment: Testing instances of last class: 52
Epoch: 005, Runtime 3.386992, Loss 1.699664, forward nfe 0, backward nfe 0, Train: 0.6417, Val: 0.4316, Test: 0.4396, Best time: 18.2948
After OOD adjustment: Training instances of last class: 0
After OOD adjustment: Testing instances of last class: 52
Epoch: 006, Runtime 3.396113, Loss 1.672911, forward nfe 0, backward nfe 0, Train: 0.7167, Val: 0.4544, Test: 0.4701, Best time: 18.2948
After OOD adjustment: Training instances of last class: 0
After OOD adjustment: Testing instances of last class: 52
Epoch: 007, Runtime 3.411548, Loss 1.643863, forward nfe 0, backward nfe 0, Train: 0.7167, Val: 0.4875, Test: 0.4954, Best time: 18.2948
After OOD adjustment: Training instances of last class: 0
After OOD adjustment: Testing instances of last class: 52
Epoch: 008, Runtime 3.390689, Loss 1.610366, forward nfe 0, backward nfe 0, Train: 0.7917, Val: 0.5059, Test: 0.5279, Best time: 18.2948
After OOD adjustment: Training instances of last class: 0
After OOD adjustment: Testing instances of last class: 52
Epoch: 009, Runtime 3.385057, Loss 1.588435, forward nfe 0, backward nfe 0, Train: 0.7833, Val: 0.5404, Test: 0.5655, Best time: 18.2948
After OOD adjustment: Training instances of last class: 0
After OOD adjustment: Testing instances of last class: 52
Epoch: 010, Runtime 3.392650, Loss 1.564357, forward nfe 0, backward nfe 0, Train: 0.8500, Val: 0.5794, Test: 0.5929, Best time: 18.2948
After OOD adjustment: Training instances of last class: 0
After OOD adjustment: Testing instances of last class: 52
Epoch: 011, Runtime 3.381394, Loss 1.524948, forward nfe 0, backward nfe 0, Train: 0.8583, Val: 0.6022, Test: 0.6162, Best time: 18.2948
After OOD adjustment: Training instances of last class: 0
After OOD adjustment: Testing instances of last class: 52
Epoch: 012, Runtime 3.381958, Loss 1.489887, forward nfe 0, backward nfe 0, Train: 0.8583, Val: 0.6103, Test: 0.6315, Best time: 18.2948
After OOD adjustment: Training instances of last class: 0
After OOD adjustment: Testing instances of last class: 52
Epoch: 013, Runtime 3.381344, Loss 1.459106, forward nfe 0, backward nfe 0, Train: 0.8667, Val: 0.6265, Test: 0.6437, Best time: 18.2948
After OOD adjustment: Training instances of last class: 0
After OOD adjustment: Testing instances of last class: 52
Epoch: 014, Runtime 3.382215, Loss 1.433365, forward nfe 0, backward nfe 0, Train: 0.9083, Val: 0.6404, Test: 0.6416, Best time: 18.2948
After OOD adjustment: Training instances of last class: 0
After OOD adjustment: Testing instances of last class: 52
Epoch: 015, Runtime 3.394590, Loss 1.393263, forward nfe 0, backward nfe 0, Train: 0.9000, Val: 0.6574, Test: 0.6528, Best time: 18.2948
After OOD adjustment: Training instances of last class: 0
After OOD adjustment: Testing instances of last class: 52
Epoch: 016, Runtime 3.325797, Loss 1.371484, forward nfe 0, backward nfe 0, Train: 0.9000, Val: 0.6574, Test: 0.6528, Best time: 18.2948
After OOD adjustment: Training instances of last class: 0
After OOD adjustment: Testing instances of last class: 52
Epoch: 017, Runtime 3.411188, Loss 1.336227, forward nfe 0, backward nfe 0, Train: 0.8917, Val: 0.6757, Test: 0.6832, Best time: 18.2948
After OOD adjustment: Training instances of last class: 0
After OOD adjustment: Testing instances of last class: 52
Epoch: 018, Runtime 3.392296, Loss 1.288522, forward nfe 0, backward nfe 0, Train: 0.9083, Val: 0.6816, Test: 0.6924, Best time: 18.2948
After OOD adjustment: Training instances of last class: 0
After OOD adjustment: Testing instances of last class: 52
Epoch: 019, Runtime 3.411345, Loss 1.268581, forward nfe 0, backward nfe 0, Train: 0.9083, Val: 0.6941, Test: 0.6985, Best time: 18.2948
After OOD adjustment: Training instances of last class: 0
After OOD adjustment: Testing instances of last class: 52
Epoch: 020, Runtime 3.400313, Loss 1.234622, forward nfe 0, backward nfe 0, Train: 0.9167, Val: 0.6978, Test: 0.7025, Best time: 18.2948
After OOD adjustment: Training instances of last class: 0
After OOD adjustment: Testing instances of last class: 52
Epoch: 021, Runtime 3.397725, Loss 1.183220, forward nfe 0, backward nfe 0, Train: 0.9167, Val: 0.7059, Test: 0.7371, Best time: 18.2948
After OOD adjustment: Training instances of last class: 0
After OOD adjustment: Testing instances of last class: 52
Epoch: 022, Runtime 3.401754, Loss 1.158120, forward nfe 0, backward nfe 0, Train: 0.9000, Val: 0.7154, Test: 0.7279, Best time: 18.2948
After OOD adjustment: Training instances of last class: 0
After OOD adjustment: Testing instances of last class: 52
Epoch: 023, Runtime 3.402873, Loss 1.107250, forward nfe 0, backward nfe 0, Train: 0.9250, Val: 0.7169, Test: 0.7371, Best time: 18.2948
After OOD adjustment: Training instances of last class: 0
After OOD adjustment: Testing instances of last class: 52
Epoch: 024, Runtime 3.404883, Loss 1.081091, forward nfe 0, backward nfe 0, Train: 0.9167, Val: 0.7191, Test: 0.7371, Best time: 18.2948
After OOD adjustment: Training instances of last class: 0
After OOD adjustment: Testing instances of last class: 52
Epoch: 025, Runtime 3.426756, Loss 1.034706, forward nfe 0, backward nfe 0, Train: 0.9500, Val: 0.7368, Test: 0.7462, Best time: 18.2948
After OOD adjustment: Training instances of last class: 0
After OOD adjustment: Testing instances of last class: 52
Epoch: 026, Runtime 3.322273, Loss 1.005111, forward nfe 0, backward nfe 0, Train: 0.9500, Val: 0.7368, Test: 0.7462, Best time: 18.2948
After OOD adjustment: Training instances of last class: 0
After OOD adjustment: Testing instances of last class: 52
Epoch: 027, Runtime 3.413907, Loss 0.972796, forward nfe 0, backward nfe 0, Train: 0.9500, Val: 0.7441, Test: 0.7574, Best time: 18.2948
After OOD adjustment: Training instances of last class: 0
After OOD adjustment: Testing instances of last class: 52
Epoch: 028, Runtime 3.397537, Loss 0.937133, forward nfe 0, backward nfe 0, Train: 0.9500, Val: 0.7500, Test: 0.7533, Best time: 18.2948
After OOD adjustment: Training instances of last class: 0
After OOD adjustment: Testing instances of last class: 52
Epoch: 029, Runtime 3.309275, Loss 0.922027, forward nfe 0, backward nfe 0, Train: 0.9500, Val: 0.7500, Test: 0.7533, Best time: 18.2948
After OOD adjustment: Training instances of last class: 0
After OOD adjustment: Testing instances of last class: 52
Epoch: 030, Runtime 3.384537, Loss 0.879422, forward nfe 0, backward nfe 0, Train: 0.9583, Val: 0.7537, Test: 0.7655, Best time: 18.2948
After OOD adjustment: Training instances of last class: 0
After OOD adjustment: Testing instances of last class: 52
Epoch: 031, Runtime 3.394611, Loss 0.847363, forward nfe 0, backward nfe 0, Train: 0.9500, Val: 0.7625, Test: 0.7645, Best time: 18.2948
After OOD adjustment: Training instances of last class: 0
After OOD adjustment: Testing instances of last class: 52
Epoch: 032, Runtime 3.386237, Loss 0.814384, forward nfe 0, backward nfe 0, Train: 0.9417, Val: 0.7669, Test: 0.7665, Best time: 18.2948
After OOD adjustment: Training instances of last class: 0
After OOD adjustment: Testing instances of last class: 52
Epoch: 033, Runtime 3.319734, Loss 0.771476, forward nfe 0, backward nfe 0, Train: 0.9417, Val: 0.7669, Test: 0.7665, Best time: 18.2948
After OOD adjustment: Training instances of last class: 0
After OOD adjustment: Testing instances of last class: 52
Epoch: 034, Runtime 3.329726, Loss 0.753415, forward nfe 0, backward nfe 0, Train: 0.9417, Val: 0.7669, Test: 0.7665, Best time: 18.2948
After OOD adjustment: Training instances of last class: 0
After OOD adjustment: Testing instances of last class: 52
Epoch: 035, Runtime 3.296115, Loss 0.706716, forward nfe 0, backward nfe 0, Train: 0.9417, Val: 0.7669, Test: 0.7665, Best time: 18.2948
After OOD adjustment: Training instances of last class: 0
After OOD adjustment: Testing instances of last class: 52
Epoch: 036, Runtime 3.432935, Loss 0.696554, forward nfe 0, backward nfe 0, Train: 0.9500, Val: 0.7713, Test: 0.7665, Best time: 18.2948
After OOD adjustment: Training instances of last class: 0
After OOD adjustment: Testing instances of last class: 52
Epoch: 037, Runtime 3.406599, Loss 0.658070, forward nfe 0, backward nfe 0, Train: 0.9667, Val: 0.7757, Test: 0.7675, Best time: 18.2948
After OOD adjustment: Training instances of last class: 0
After OOD adjustment: Testing instances of last class: 52
Epoch: 038, Runtime 3.303237, Loss 0.637877, forward nfe 0, backward nfe 0, Train: 0.9667, Val: 0.7757, Test: 0.7675, Best time: 18.2948
After OOD adjustment: Training instances of last class: 0
After OOD adjustment: Testing instances of last class: 52
Epoch: 039, Runtime 3.304340, Loss 0.618108, forward nfe 0, backward nfe 0, Train: 0.9667, Val: 0.7757, Test: 0.7675, Best time: 18.2948
After OOD adjustment: Training instances of last class: 0
After OOD adjustment: Testing instances of last class: 52
Epoch: 040, Runtime 3.319374, Loss 0.594621, forward nfe 0, backward nfe 0, Train: 0.9667, Val: 0.7757, Test: 0.7675, Best time: 18.2948
After OOD adjustment: Training instances of last class: 0
After OOD adjustment: Testing instances of last class: 52
Epoch: 041, Runtime 3.313938, Loss 0.567498, forward nfe 0, backward nfe 0, Train: 0.9667, Val: 0.7757, Test: 0.7675, Best time: 18.2948
After OOD adjustment: Training instances of last class: 0
After OOD adjustment: Testing instances of last class: 52
Epoch: 042, Runtime 3.433924, Loss 0.542948, forward nfe 0, backward nfe 0, Train: 0.9833, Val: 0.7765, Test: 0.7746, Best time: 18.2948
After OOD adjustment: Training instances of last class: 0
After OOD adjustment: Testing instances of last class: 52
Epoch: 043, Runtime 3.334477, Loss 0.517907, forward nfe 0, backward nfe 0, Train: 0.9833, Val: 0.7765, Test: 0.7746, Best time: 18.2948
After OOD adjustment: Training instances of last class: 0
After OOD adjustment: Testing instances of last class: 52
Epoch: 044, Runtime 3.298238, Loss 0.514186, forward nfe 0, backward nfe 0, Train: 0.9833, Val: 0.7765, Test: 0.7746, Best time: 18.2948
After OOD adjustment: Training instances of last class: 0
After OOD adjustment: Testing instances of last class: 52
Epoch: 045, Runtime 3.330976, Loss 0.490394, forward nfe 0, backward nfe 0, Train: 0.9833, Val: 0.7765, Test: 0.7746, Best time: 18.2948
After OOD adjustment: Training instances of last class: 0
After OOD adjustment: Testing instances of last class: 52
Epoch: 046, Runtime 3.319520, Loss 0.440078, forward nfe 0, backward nfe 0, Train: 0.9833, Val: 0.7765, Test: 0.7746, Best time: 18.2948
After OOD adjustment: Training instances of last class: 0
After OOD adjustment: Testing instances of last class: 52
Epoch: 047, Runtime 3.367409, Loss 0.442123, forward nfe 0, backward nfe 0, Train: 0.9833, Val: 0.7765, Test: 0.7746, Best time: 18.2948
After OOD adjustment: Training instances of last class: 0
After OOD adjustment: Testing instances of last class: 52
Epoch: 048, Runtime 3.301669, Loss 0.413966, forward nfe 0, backward nfe 0, Train: 0.9833, Val: 0.7765, Test: 0.7746, Best time: 18.2948
After OOD adjustment: Training instances of last class: 0
After OOD adjustment: Testing instances of last class: 52
Epoch: 049, Runtime 3.399896, Loss 0.408814, forward nfe 0, backward nfe 0, Train: 0.9750, Val: 0.7794, Test: 0.7746, Best time: 18.2948
After OOD adjustment: Training instances of last class: 0
After OOD adjustment: Testing instances of last class: 52
Epoch: 050, Runtime 3.305871, Loss 0.397749, forward nfe 0, backward nfe 0, Train: 0.9750, Val: 0.7794, Test: 0.7746, Best time: 18.2948
After OOD adjustment: Training instances of last class: 0
After OOD adjustment: Testing instances of last class: 52
Epoch: 051, Runtime 3.321684, Loss 0.376408, forward nfe 0, backward nfe 0, Train: 0.9750, Val: 0.7794, Test: 0.7746, Best time: 18.2948
After OOD adjustment: Training instances of last class: 0
After OOD adjustment: Testing instances of last class: 52
Epoch: 052, Runtime 3.325199, Loss 0.360419, forward nfe 0, backward nfe 0, Train: 0.9750, Val: 0.7794, Test: 0.7746, Best time: 18.2948
After OOD adjustment: Training instances of last class: 0
After OOD adjustment: Testing instances of last class: 52
Epoch: 053, Runtime 3.403970, Loss 0.351711, forward nfe 0, backward nfe 0, Train: 0.9833, Val: 0.7801, Test: 0.7777, Best time: 18.2948
After OOD adjustment: Training instances of last class: 0
After OOD adjustment: Testing instances of last class: 52
Epoch: 054, Runtime 3.310825, Loss 0.345699, forward nfe 0, backward nfe 0, Train: 0.9833, Val: 0.7801, Test: 0.7777, Best time: 18.2948
After OOD adjustment: Training instances of last class: 0
After OOD adjustment: Testing instances of last class: 52
Epoch: 055, Runtime 3.293044, Loss 0.328657, forward nfe 0, backward nfe 0, Train: 0.9833, Val: 0.7801, Test: 0.7777, Best time: 18.2948
After OOD adjustment: Training instances of last class: 0
After OOD adjustment: Testing instances of last class: 52
Epoch: 056, Runtime 3.400267, Loss 0.319222, forward nfe 0, backward nfe 0, Train: 0.9750, Val: 0.7824, Test: 0.7766, Best time: 18.2948
After OOD adjustment: Training instances of last class: 0
After OOD adjustment: Testing instances of last class: 52
Epoch: 057, Runtime 3.290890, Loss 0.302944, forward nfe 0, backward nfe 0, Train: 0.9750, Val: 0.7824, Test: 0.7766, Best time: 18.2948
After OOD adjustment: Training instances of last class: 0
After OOD adjustment: Testing instances of last class: 52
Epoch: 058, Runtime 3.309272, Loss 0.290432, forward nfe 0, backward nfe 0, Train: 0.9750, Val: 0.7824, Test: 0.7766, Best time: 18.2948
After OOD adjustment: Training instances of last class: 0
After OOD adjustment: Testing instances of last class: 52
Epoch: 059, Runtime 3.400739, Loss 0.283267, forward nfe 0, backward nfe 0, Train: 0.9917, Val: 0.7831, Test: 0.7746, Best time: 18.2948
After OOD adjustment: Training instances of last class: 0
After OOD adjustment: Testing instances of last class: 52
Epoch: 060, Runtime 3.300821, Loss 0.262763, forward nfe 0, backward nfe 0, Train: 0.9917, Val: 0.7831, Test: 0.7746, Best time: 18.2948
After OOD adjustment: Training instances of last class: 0
After OOD adjustment: Testing instances of last class: 52
Epoch: 061, Runtime 3.323334, Loss 0.273897, forward nfe 0, backward nfe 0, Train: 0.9917, Val: 0.7831, Test: 0.7746, Best time: 18.2948
After OOD adjustment: Training instances of last class: 0
After OOD adjustment: Testing instances of last class: 52
Epoch: 062, Runtime 3.318677, Loss 0.256077, forward nfe 0, backward nfe 0, Train: 0.9917, Val: 0.7831, Test: 0.7746, Best time: 18.2948
After OOD adjustment: Training instances of last class: 0
After OOD adjustment: Testing instances of last class: 52
Epoch: 063, Runtime 3.341522, Loss 0.237931, forward nfe 0, backward nfe 0, Train: 0.9917, Val: 0.7831, Test: 0.7746, Best time: 18.2948
After OOD adjustment: Training instances of last class: 0
After OOD adjustment: Testing instances of last class: 52
Epoch: 064, Runtime 3.343000, Loss 0.236021, forward nfe 0, backward nfe 0, Train: 0.9917, Val: 0.7831, Test: 0.7746, Best time: 18.2948
After OOD adjustment: Training instances of last class: 0
After OOD adjustment: Testing instances of last class: 52
Epoch: 065, Runtime 3.304590, Loss 0.241652, forward nfe 0, backward nfe 0, Train: 0.9917, Val: 0.7831, Test: 0.7746, Best time: 18.2948
After OOD adjustment: Training instances of last class: 0
After OOD adjustment: Testing instances of last class: 52
Epoch: 066, Runtime 3.398112, Loss 0.215533, forward nfe 0, backward nfe 0, Train: 0.9917, Val: 0.7838, Test: 0.7777, Best time: 18.2948
After OOD adjustment: Training instances of last class: 0
After OOD adjustment: Testing instances of last class: 52
Epoch: 067, Runtime 3.309018, Loss 0.213154, forward nfe 0, backward nfe 0, Train: 0.9917, Val: 0.7838, Test: 0.7777, Best time: 18.2948
After OOD adjustment: Training instances of last class: 0
After OOD adjustment: Testing instances of last class: 52
Epoch: 068, Runtime 3.338114, Loss 0.213395, forward nfe 0, backward nfe 0, Train: 0.9917, Val: 0.7838, Test: 0.7777, Best time: 18.2948
After OOD adjustment: Training instances of last class: 0
After OOD adjustment: Testing instances of last class: 52
Epoch: 069, Runtime 3.312763, Loss 0.198194, forward nfe 0, backward nfe 0, Train: 0.9917, Val: 0.7838, Test: 0.7777, Best time: 18.2948
After OOD adjustment: Training instances of last class: 0
After OOD adjustment: Testing instances of last class: 52
Epoch: 070, Runtime 3.388152, Loss 0.192598, forward nfe 0, backward nfe 0, Train: 0.9917, Val: 0.7838, Test: 0.7777, Best time: 18.2948
After OOD adjustment: Training instances of last class: 0
After OOD adjustment: Testing instances of last class: 52
Epoch: 071, Runtime 3.383243, Loss 0.186421, forward nfe 0, backward nfe 0, Train: 0.9917, Val: 0.7838, Test: 0.7777, Best time: 18.2948
After OOD adjustment: Training instances of last class: 0
After OOD adjustment: Testing instances of last class: 52
Epoch: 072, Runtime 3.297503, Loss 0.178830, forward nfe 0, backward nfe 0, Train: 0.9917, Val: 0.7838, Test: 0.7777, Best time: 18.2948
After OOD adjustment: Training instances of last class: 0
After OOD adjustment: Testing instances of last class: 52
Epoch: 073, Runtime 3.288327, Loss 0.171801, forward nfe 0, backward nfe 0, Train: 0.9917, Val: 0.7838, Test: 0.7777, Best time: 18.2948
After OOD adjustment: Training instances of last class: 0
After OOD adjustment: Testing instances of last class: 52
Epoch: 074, Runtime 3.291355, Loss 0.168526, forward nfe 0, backward nfe 0, Train: 0.9917, Val: 0.7838, Test: 0.7777, Best time: 18.2948
After OOD adjustment: Training instances of last class: 0
After OOD adjustment: Testing instances of last class: 52
Epoch: 075, Runtime 3.293019, Loss 0.170883, forward nfe 0, backward nfe 0, Train: 0.9917, Val: 0.7838, Test: 0.7777, Best time: 18.2948
After OOD adjustment: Training instances of last class: 0
After OOD adjustment: Testing instances of last class: 52
Epoch: 076, Runtime 3.309021, Loss 0.163955, forward nfe 0, backward nfe 0, Train: 0.9917, Val: 0.7838, Test: 0.7777, Best time: 18.2948
After OOD adjustment: Training instances of last class: 0
After OOD adjustment: Testing instances of last class: 52
Epoch: 077, Runtime 3.366275, Loss 0.163620, forward nfe 0, backward nfe 0, Train: 0.9917, Val: 0.7838, Test: 0.7777, Best time: 18.2948
After OOD adjustment: Training instances of last class: 0
After OOD adjustment: Testing instances of last class: 52
Epoch: 078, Runtime 3.320521, Loss 0.163394, forward nfe 0, backward nfe 0, Train: 0.9917, Val: 0.7838, Test: 0.7777, Best time: 18.2948
After OOD adjustment: Training instances of last class: 0
After OOD adjustment: Testing instances of last class: 52
Epoch: 079, Runtime 3.336615, Loss 0.150543, forward nfe 0, backward nfe 0, Train: 0.9917, Val: 0.7838, Test: 0.7777, Best time: 18.2948
After OOD adjustment: Training instances of last class: 0
After OOD adjustment: Testing instances of last class: 52
Epoch: 080, Runtime 3.314471, Loss 0.151075, forward nfe 0, backward nfe 0, Train: 0.9917, Val: 0.7838, Test: 0.7777, Best time: 18.2948
After OOD adjustment: Training instances of last class: 0
After OOD adjustment: Testing instances of last class: 52
Epoch: 081, Runtime 3.324547, Loss 0.136716, forward nfe 0, backward nfe 0, Train: 0.9917, Val: 0.7838, Test: 0.7777, Best time: 18.2948
After OOD adjustment: Training instances of last class: 0
After OOD adjustment: Testing instances of last class: 52
Epoch: 082, Runtime 3.338481, Loss 0.139642, forward nfe 0, backward nfe 0, Train: 0.9917, Val: 0.7838, Test: 0.7777, Best time: 18.2948
After OOD adjustment: Training instances of last class: 0
After OOD adjustment: Testing instances of last class: 52
Epoch: 083, Runtime 3.348875, Loss 0.139017, forward nfe 0, backward nfe 0, Train: 0.9917, Val: 0.7838, Test: 0.7777, Best time: 18.2948
After OOD adjustment: Training instances of last class: 0
After OOD adjustment: Testing instances of last class: 52
Epoch: 084, Runtime 3.299332, Loss 0.124970, forward nfe 0, backward nfe 0, Train: 0.9917, Val: 0.7838, Test: 0.7777, Best time: 18.2948
After OOD adjustment: Training instances of last class: 0
After OOD adjustment: Testing instances of last class: 52
Epoch: 085, Runtime 3.307194, Loss 0.131300, forward nfe 0, backward nfe 0, Train: 0.9917, Val: 0.7838, Test: 0.7777, Best time: 18.2948
After OOD adjustment: Training instances of last class: 0
After OOD adjustment: Testing instances of last class: 52
Epoch: 086, Runtime 3.320408, Loss 0.117684, forward nfe 0, backward nfe 0, Train: 0.9917, Val: 0.7838, Test: 0.7777, Best time: 18.2948
After OOD adjustment: Training instances of last class: 0
After OOD adjustment: Testing instances of last class: 52
Epoch: 087, Runtime 3.345697, Loss 0.119509, forward nfe 0, backward nfe 0, Train: 0.9917, Val: 0.7838, Test: 0.7777, Best time: 18.2948
After OOD adjustment: Training instances of last class: 0
After OOD adjustment: Testing instances of last class: 52
Epoch: 088, Runtime 3.418869, Loss 0.117696, forward nfe 0, backward nfe 0, Train: 0.9917, Val: 0.7838, Test: 0.7777, Best time: 18.2948
After OOD adjustment: Training instances of last class: 0
After OOD adjustment: Testing instances of last class: 52
Epoch: 089, Runtime 3.362038, Loss 0.109385, forward nfe 0, backward nfe 0, Train: 0.9917, Val: 0.7838, Test: 0.7777, Best time: 18.2948
After OOD adjustment: Training instances of last class: 0
After OOD adjustment: Testing instances of last class: 52
Epoch: 090, Runtime 3.307522, Loss 0.109810, forward nfe 0, backward nfe 0, Train: 0.9917, Val: 0.7838, Test: 0.7777, Best time: 18.2948
After OOD adjustment: Training instances of last class: 0
After OOD adjustment: Testing instances of last class: 52
Epoch: 091, Runtime 3.314626, Loss 0.110782, forward nfe 0, backward nfe 0, Train: 0.9917, Val: 0.7838, Test: 0.7777, Best time: 18.2948
After OOD adjustment: Training instances of last class: 0
After OOD adjustment: Testing instances of last class: 52
Epoch: 092, Runtime 3.334457, Loss 0.111893, forward nfe 0, backward nfe 0, Train: 0.9917, Val: 0.7838, Test: 0.7777, Best time: 18.2948
After OOD adjustment: Training instances of last class: 0
After OOD adjustment: Testing instances of last class: 52
Epoch: 093, Runtime 3.342275, Loss 0.098148, forward nfe 0, backward nfe 0, Train: 0.9917, Val: 0.7838, Test: 0.7777, Best time: 18.2948
After OOD adjustment: Training instances of last class: 0
After OOD adjustment: Testing instances of last class: 52
Epoch: 094, Runtime 3.364497, Loss 0.092660, forward nfe 0, backward nfe 0, Train: 0.9917, Val: 0.7838, Test: 0.7777, Best time: 18.2948
After OOD adjustment: Training instances of last class: 0
After OOD adjustment: Testing instances of last class: 52
Epoch: 095, Runtime 3.353218, Loss 0.095727, forward nfe 0, backward nfe 0, Train: 0.9917, Val: 0.7838, Test: 0.7777, Best time: 18.2948
After OOD adjustment: Training instances of last class: 0
After OOD adjustment: Testing instances of last class: 52
Epoch: 096, Runtime 3.324366, Loss 0.090555, forward nfe 0, backward nfe 0, Train: 0.9917, Val: 0.7838, Test: 0.7777, Best time: 18.2948
After OOD adjustment: Training instances of last class: 0
After OOD adjustment: Testing instances of last class: 52
Epoch: 097, Runtime 3.347887, Loss 0.095741, forward nfe 0, backward nfe 0, Train: 0.9917, Val: 0.7838, Test: 0.7777, Best time: 18.2948
After OOD adjustment: Training instances of last class: 0
After OOD adjustment: Testing instances of last class: 52
Epoch: 098, Runtime 3.336072, Loss 0.093185, forward nfe 0, backward nfe 0, Train: 0.9917, Val: 0.7838, Test: 0.7777, Best time: 18.2948
After OOD adjustment: Training instances of last class: 0
After OOD adjustment: Testing instances of last class: 52
Epoch: 099, Runtime 3.339763, Loss 0.083229, forward nfe 0, backward nfe 0, Train: 0.9917, Val: 0.7838, Test: 0.7777, Best time: 18.2948
After OOD adjustment: Training instances of last class: 0
After OOD adjustment: Testing instances of last class: 52
Epoch: 100, Runtime 3.347980, Loss 0.088966, forward nfe 0, backward nfe 0, Train: 0.9917, Val: 0.7838, Test: 0.7777, Best time: 18.2948
After OOD adjustment: Training instances of last class: 0
After OOD adjustment: Testing instances of last class: 52
Epoch: 101, Runtime 3.371674, Loss 0.087076, forward nfe 0, backward nfe 0, Train: 0.9917, Val: 0.7838, Test: 0.7777, Best time: 18.2948
After OOD adjustment: Training instances of last class: 0
After OOD adjustment: Testing instances of last class: 52
Epoch: 102, Runtime 3.312540, Loss 0.084057, forward nfe 0, backward nfe 0, Train: 0.9917, Val: 0.7838, Test: 0.7777, Best time: 18.2948
After OOD adjustment: Training instances of last class: 0
After OOD adjustment: Testing instances of last class: 52
Epoch: 103, Runtime 3.329809, Loss 0.082604, forward nfe 0, backward nfe 0, Train: 0.9917, Val: 0.7838, Test: 0.7777, Best time: 18.2948
After OOD adjustment: Training instances of last class: 0
After OOD adjustment: Testing instances of last class: 52
Epoch: 104, Runtime 3.343264, Loss 0.080689, forward nfe 0, backward nfe 0, Train: 0.9917, Val: 0.7838, Test: 0.7777, Best time: 18.2948
After OOD adjustment: Training instances of last class: 0
After OOD adjustment: Testing instances of last class: 52
Epoch: 105, Runtime 3.356768, Loss 0.078444, forward nfe 0, backward nfe 0, Train: 0.9917, Val: 0.7838, Test: 0.7777, Best time: 18.2948
After OOD adjustment: Training instances of last class: 0
After OOD adjustment: Testing instances of last class: 52
Epoch: 106, Runtime 3.371498, Loss 0.080438, forward nfe 0, backward nfe 0, Train: 0.9917, Val: 0.7838, Test: 0.7777, Best time: 18.2948
After OOD adjustment: Training instances of last class: 0
After OOD adjustment: Testing instances of last class: 52
Epoch: 107, Runtime 3.375644, Loss 0.079887, forward nfe 0, backward nfe 0, Train: 0.9917, Val: 0.7838, Test: 0.7777, Best time: 18.2948
After OOD adjustment: Training instances of last class: 0
After OOD adjustment: Testing instances of last class: 52
Epoch: 108, Runtime 3.324654, Loss 0.079195, forward nfe 0, backward nfe 0, Train: 0.9917, Val: 0.7838, Test: 0.7777, Best time: 18.2948
After OOD adjustment: Training instances of last class: 0
After OOD adjustment: Testing instances of last class: 52
Epoch: 109, Runtime 3.344674, Loss 0.071601, forward nfe 0, backward nfe 0, Train: 0.9917, Val: 0.7838, Test: 0.7777, Best time: 18.2948
After OOD adjustment: Training instances of last class: 0
After OOD adjustment: Testing instances of last class: 52
Epoch: 110, Runtime 3.376661, Loss 0.069847, forward nfe 0, backward nfe 0, Train: 0.9917, Val: 0.7838, Test: 0.7777, Best time: 18.2948
After OOD adjustment: Training instances of last class: 0
After OOD adjustment: Testing instances of last class: 52
Epoch: 111, Runtime 3.348757, Loss 0.070327, forward nfe 0, backward nfe 0, Train: 0.9917, Val: 0.7838, Test: 0.7777, Best time: 18.2948
After OOD adjustment: Training instances of last class: 0
After OOD adjustment: Testing instances of last class: 52
Epoch: 112, Runtime 3.369550, Loss 0.067245, forward nfe 0, backward nfe 0, Train: 0.9917, Val: 0.7838, Test: 0.7777, Best time: 18.2948
After OOD adjustment: Training instances of last class: 0
After OOD adjustment: Testing instances of last class: 52
Epoch: 113, Runtime 3.396161, Loss 0.067690, forward nfe 0, backward nfe 0, Train: 0.9917, Val: 0.7838, Test: 0.7777, Best time: 18.2948
After OOD adjustment: Training instances of last class: 0
After OOD adjustment: Testing instances of last class: 52
Epoch: 114, Runtime 3.338474, Loss 0.066247, forward nfe 0, backward nfe 0, Train: 0.9917, Val: 0.7838, Test: 0.7777, Best time: 18.2948
After OOD adjustment: Training instances of last class: 0
After OOD adjustment: Testing instances of last class: 52
Epoch: 115, Runtime 3.379661, Loss 0.066940, forward nfe 0, backward nfe 0, Train: 0.9917, Val: 0.7838, Test: 0.7777, Best time: 18.2948
After OOD adjustment: Training instances of last class: 0
After OOD adjustment: Testing instances of last class: 52
Epoch: 116, Runtime 3.341236, Loss 0.067661, forward nfe 0, backward nfe 0, Train: 0.9917, Val: 0.7838, Test: 0.7777, Best time: 18.2948
After OOD adjustment: Training instances of last class: 0
After OOD adjustment: Testing instances of last class: 52
Epoch: 117, Runtime 3.365110, Loss 0.070868, forward nfe 0, backward nfe 0, Train: 0.9917, Val: 0.7838, Test: 0.7777, Best time: 18.2948
After OOD adjustment: Training instances of last class: 0
After OOD adjustment: Testing instances of last class: 52
Epoch: 118, Runtime 3.374111, Loss 0.063514, forward nfe 0, backward nfe 0, Train: 0.9917, Val: 0.7838, Test: 0.7777, Best time: 18.2948
After OOD adjustment: Training instances of last class: 0
After OOD adjustment: Testing instances of last class: 52
Epoch: 119, Runtime 3.385706, Loss 0.058569, forward nfe 0, backward nfe 0, Train: 0.9917, Val: 0.7838, Test: 0.7777, Best time: 18.2948
After OOD adjustment: Training instances of last class: 0
After OOD adjustment: Testing instances of last class: 52
Epoch: 120, Runtime 3.328624, Loss 0.064538, forward nfe 0, backward nfe 0, Train: 0.9917, Val: 0.7838, Test: 0.7777, Best time: 18.2948
After OOD adjustment: Training instances of last class: 0
After OOD adjustment: Testing instances of last class: 52
Epoch: 121, Runtime 3.323607, Loss 0.059425, forward nfe 0, backward nfe 0, Train: 0.9917, Val: 0.7838, Test: 0.7777, Best time: 18.2948
After OOD adjustment: Training instances of last class: 0
After OOD adjustment: Testing instances of last class: 52
Epoch: 122, Runtime 3.339172, Loss 0.063901, forward nfe 0, backward nfe 0, Train: 0.9917, Val: 0.7838, Test: 0.7777, Best time: 18.2948
After OOD adjustment: Training instances of last class: 0
After OOD adjustment: Testing instances of last class: 52
Epoch: 123, Runtime 3.358538, Loss 0.056577, forward nfe 0, backward nfe 0, Train: 0.9917, Val: 0.7838, Test: 0.7777, Best time: 18.2948
After OOD adjustment: Training instances of last class: 0
After OOD adjustment: Testing instances of last class: 52
Epoch: 124, Runtime 3.389296, Loss 0.063512, forward nfe 0, backward nfe 0, Train: 0.9917, Val: 0.7838, Test: 0.7777, Best time: 18.2948
After OOD adjustment: Training instances of last class: 0
After OOD adjustment: Testing instances of last class: 52
Epoch: 125, Runtime 3.367341, Loss 0.062031, forward nfe 0, backward nfe 0, Train: 0.9917, Val: 0.7838, Test: 0.7777, Best time: 18.2948
After OOD adjustment: Training instances of last class: 0
After OOD adjustment: Testing instances of last class: 52
Epoch: 126, Runtime 3.332272, Loss 0.057526, forward nfe 0, backward nfe 0, Train: 0.9917, Val: 0.7838, Test: 0.7777, Best time: 18.2948
After OOD adjustment: Training instances of last class: 0
After OOD adjustment: Testing instances of last class: 52
Epoch: 127, Runtime 3.323160, Loss 0.052224, forward nfe 0, backward nfe 0, Train: 0.9917, Val: 0.7838, Test: 0.7777, Best time: 18.2948
After OOD adjustment: Training instances of last class: 0
After OOD adjustment: Testing instances of last class: 52
Epoch: 128, Runtime 3.337359, Loss 0.052917, forward nfe 0, backward nfe 0, Train: 0.9917, Val: 0.7838, Test: 0.7777, Best time: 18.2948
After OOD adjustment: Training instances of last class: 0
After OOD adjustment: Testing instances of last class: 52
Epoch: 129, Runtime 3.378825, Loss 0.059399, forward nfe 0, backward nfe 0, Train: 0.9917, Val: 0.7838, Test: 0.7777, Best time: 18.2948
After OOD adjustment: Training instances of last class: 0
After OOD adjustment: Testing instances of last class: 52
Epoch: 130, Runtime 3.366072, Loss 0.047790, forward nfe 0, backward nfe 0, Train: 0.9917, Val: 0.7838, Test: 0.7777, Best time: 18.2948
After OOD adjustment: Training instances of last class: 0
After OOD adjustment: Testing instances of last class: 52
Epoch: 131, Runtime 3.400770, Loss 0.055941, forward nfe 0, backward nfe 0, Train: 0.9917, Val: 0.7838, Test: 0.7777, Best time: 18.2948
After OOD adjustment: Training instances of last class: 0
After OOD adjustment: Testing instances of last class: 52
Epoch: 132, Runtime 3.335044, Loss 0.051912, forward nfe 0, backward nfe 0, Train: 0.9917, Val: 0.7838, Test: 0.7777, Best time: 18.2948
After OOD adjustment: Training instances of last class: 0
After OOD adjustment: Testing instances of last class: 52
Epoch: 133, Runtime 3.366774, Loss 0.052010, forward nfe 0, backward nfe 0, Train: 0.9917, Val: 0.7838, Test: 0.7777, Best time: 18.2948
After OOD adjustment: Training instances of last class: 0
After OOD adjustment: Testing instances of last class: 52
Epoch: 134, Runtime 3.347296, Loss 0.054650, forward nfe 0, backward nfe 0, Train: 0.9917, Val: 0.7838, Test: 0.7777, Best time: 18.2948
After OOD adjustment: Training instances of last class: 0
After OOD adjustment: Testing instances of last class: 52
Epoch: 135, Runtime 3.340771, Loss 0.047411, forward nfe 0, backward nfe 0, Train: 0.9917, Val: 0.7838, Test: 0.7777, Best time: 18.2948
After OOD adjustment: Training instances of last class: 0
After OOD adjustment: Testing instances of last class: 52
Epoch: 136, Runtime 3.365619, Loss 0.050885, forward nfe 0, backward nfe 0, Train: 0.9917, Val: 0.7838, Test: 0.7777, Best time: 18.2948
After OOD adjustment: Training instances of last class: 0
After OOD adjustment: Testing instances of last class: 52
Epoch: 137, Runtime 3.353192, Loss 0.046537, forward nfe 0, backward nfe 0, Train: 0.9917, Val: 0.7838, Test: 0.7777, Best time: 18.2948
After OOD adjustment: Training instances of last class: 0
After OOD adjustment: Testing instances of last class: 52
Epoch: 138, Runtime 3.332737, Loss 0.052525, forward nfe 0, backward nfe 0, Train: 0.9917, Val: 0.7838, Test: 0.7777, Best time: 18.2948
After OOD adjustment: Training instances of last class: 0
After OOD adjustment: Testing instances of last class: 52
Epoch: 139, Runtime 3.337561, Loss 0.044416, forward nfe 0, backward nfe 0, Train: 0.9917, Val: 0.7838, Test: 0.7777, Best time: 18.2948
After OOD adjustment: Training instances of last class: 0
After OOD adjustment: Testing instances of last class: 52
Epoch: 140, Runtime 3.356955, Loss 0.048930, forward nfe 0, backward nfe 0, Train: 0.9917, Val: 0.7838, Test: 0.7777, Best time: 18.2948
After OOD adjustment: Training instances of last class: 0
After OOD adjustment: Testing instances of last class: 52
Epoch: 141, Runtime 3.380158, Loss 0.054122, forward nfe 0, backward nfe 0, Train: 0.9917, Val: 0.7838, Test: 0.7777, Best time: 18.2948
After OOD adjustment: Training instances of last class: 0
After OOD adjustment: Testing instances of last class: 52
Epoch: 142, Runtime 3.376798, Loss 0.051271, forward nfe 0, backward nfe 0, Train: 0.9917, Val: 0.7838, Test: 0.7777, Best time: 18.2948
After OOD adjustment: Training instances of last class: 0
After OOD adjustment: Testing instances of last class: 52
Epoch: 143, Runtime 3.383029, Loss 0.042376, forward nfe 0, backward nfe 0, Train: 0.9917, Val: 0.7838, Test: 0.7777, Best time: 18.2948
After OOD adjustment: Training instances of last class: 0
After OOD adjustment: Testing instances of last class: 52
Epoch: 144, Runtime 3.343639, Loss 0.045771, forward nfe 0, backward nfe 0, Train: 0.9917, Val: 0.7838, Test: 0.7777, Best time: 18.2948
After OOD adjustment: Training instances of last class: 0
After OOD adjustment: Testing instances of last class: 52
Epoch: 145, Runtime 3.361889, Loss 0.044468, forward nfe 0, backward nfe 0, Train: 0.9917, Val: 0.7838, Test: 0.7777, Best time: 18.2948
After OOD adjustment: Training instances of last class: 0
After OOD adjustment: Testing instances of last class: 52
Epoch: 146, Runtime 3.372758, Loss 0.047062, forward nfe 0, backward nfe 0, Train: 0.9917, Val: 0.7838, Test: 0.7777, Best time: 18.2948
After OOD adjustment: Training instances of last class: 0
After OOD adjustment: Testing instances of last class: 52
Epoch: 147, Runtime 3.413899, Loss 0.042894, forward nfe 0, backward nfe 0, Train: 0.9917, Val: 0.7838, Test: 0.7777, Best time: 18.2948
After OOD adjustment: Training instances of last class: 0
After OOD adjustment: Testing instances of last class: 52
Epoch: 148, Runtime 3.377321, Loss 0.042240, forward nfe 0, backward nfe 0, Train: 0.9917, Val: 0.7838, Test: 0.7777, Best time: 18.2948
After OOD adjustment: Training instances of last class: 0
After OOD adjustment: Testing instances of last class: 52
Epoch: 149, Runtime 3.380842, Loss 0.040815, forward nfe 0, backward nfe 0, Train: 0.9917, Val: 0.7838, Test: 0.7777, Best time: 18.2948
After OOD adjustment: Training instances of last class: 0
After OOD adjustment: Testing instances of last class: 52
Epoch: 150, Runtime 3.370535, Loss 0.044112, forward nfe 0, backward nfe 0, Train: 0.9917, Val: 0.7838, Test: 0.7777, Best time: 18.2948
After OOD adjustment: Training instances of last class: 0
After OOD adjustment: Testing instances of last class: 52
Epoch: 151, Runtime 3.407978, Loss 0.036386, forward nfe 0, backward nfe 0, Train: 0.9917, Val: 0.7838, Test: 0.7777, Best time: 18.2948
After OOD adjustment: Training instances of last class: 0
After OOD adjustment: Testing instances of last class: 52
Epoch: 152, Runtime 3.374348, Loss 0.040863, forward nfe 0, backward nfe 0, Train: 0.9917, Val: 0.7838, Test: 0.7777, Best time: 18.2948
After OOD adjustment: Training instances of last class: 0
After OOD adjustment: Testing instances of last class: 52
Epoch: 153, Runtime 3.392169, Loss 0.040497, forward nfe 0, backward nfe 0, Train: 0.9917, Val: 0.7838, Test: 0.7777, Best time: 18.2948
After OOD adjustment: Training instances of last class: 0
After OOD adjustment: Testing instances of last class: 52
Epoch: 154, Runtime 3.379278, Loss 0.041665, forward nfe 0, backward nfe 0, Train: 0.9917, Val: 0.7838, Test: 0.7777, Best time: 18.2948
After OOD adjustment: Training instances of last class: 0
After OOD adjustment: Testing instances of last class: 52
Epoch: 155, Runtime 3.404579, Loss 0.042329, forward nfe 0, backward nfe 0, Train: 0.9917, Val: 0.7838, Test: 0.7777, Best time: 18.2948
After OOD adjustment: Training instances of last class: 0
After OOD adjustment: Testing instances of last class: 52
Epoch: 156, Runtime 3.360433, Loss 0.039178, forward nfe 0, backward nfe 0, Train: 0.9917, Val: 0.7838, Test: 0.7777, Best time: 18.2948
After OOD adjustment: Training instances of last class: 0
After OOD adjustment: Testing instances of last class: 52
Epoch: 157, Runtime 3.374484, Loss 0.036126, forward nfe 0, backward nfe 0, Train: 0.9917, Val: 0.7838, Test: 0.7777, Best time: 18.2948
After OOD adjustment: Training instances of last class: 0
After OOD adjustment: Testing instances of last class: 52
Epoch: 158, Runtime 3.380376, Loss 0.038060, forward nfe 0, backward nfe 0, Train: 0.9917, Val: 0.7838, Test: 0.7777, Best time: 18.2948
After OOD adjustment: Training instances of last class: 0
After OOD adjustment: Testing instances of last class: 52
Epoch: 159, Runtime 3.423497, Loss 0.036226, forward nfe 0, backward nfe 0, Train: 0.9917, Val: 0.7838, Test: 0.7777, Best time: 18.2948
After OOD adjustment: Training instances of last class: 0
After OOD adjustment: Testing instances of last class: 52
Epoch: 160, Runtime 3.417378, Loss 0.038354, forward nfe 0, backward nfe 0, Train: 0.9917, Val: 0.7838, Test: 0.7777, Best time: 18.2948
After OOD adjustment: Training instances of last class: 0
After OOD adjustment: Testing instances of last class: 52
Epoch: 161, Runtime 3.408789, Loss 0.036691, forward nfe 0, backward nfe 0, Train: 0.9917, Val: 0.7838, Test: 0.7777, Best time: 18.2948
After OOD adjustment: Training instances of last class: 0
After OOD adjustment: Testing instances of last class: 52
Epoch: 162, Runtime 3.367577, Loss 0.032913, forward nfe 0, backward nfe 0, Train: 0.9917, Val: 0.7838, Test: 0.7777, Best time: 18.2948
After OOD adjustment: Training instances of last class: 0
After OOD adjustment: Testing instances of last class: 52
Epoch: 163, Runtime 3.365860, Loss 0.033421, forward nfe 0, backward nfe 0, Train: 0.9917, Val: 0.7838, Test: 0.7777, Best time: 18.2948
After OOD adjustment: Training instances of last class: 0
After OOD adjustment: Testing instances of last class: 52
Epoch: 164, Runtime 3.380567, Loss 0.036273, forward nfe 0, backward nfe 0, Train: 0.9917, Val: 0.7838, Test: 0.7777, Best time: 18.2948
After OOD adjustment: Training instances of last class: 0
After OOD adjustment: Testing instances of last class: 52
Epoch: 165, Runtime 3.399212, Loss 0.032972, forward nfe 0, backward nfe 0, Train: 0.9917, Val: 0.7838, Test: 0.7777, Best time: 18.2948
After OOD adjustment: Training instances of last class: 0
After OOD adjustment: Testing instances of last class: 52
Epoch: 166, Runtime 3.368736, Loss 0.033875, forward nfe 0, backward nfe 0, Train: 0.9917, Val: 0.7838, Test: 0.7777, Best time: 18.2948
After OOD adjustment: Training instances of last class: 0
After OOD adjustment: Testing instances of last class: 52
Epoch: 167, Runtime 3.420137, Loss 0.037513, forward nfe 0, backward nfe 0, Train: 0.9917, Val: 0.7838, Test: 0.7777, Best time: 18.2948
After OOD adjustment: Training instances of last class: 0
After OOD adjustment: Testing instances of last class: 52
Epoch: 168, Runtime 3.394197, Loss 0.029759, forward nfe 0, backward nfe 0, Train: 0.9917, Val: 0.7838, Test: 0.7777, Best time: 18.2948
After OOD adjustment: Training instances of last class: 0
After OOD adjustment: Testing instances of last class: 52
Epoch: 169, Runtime 3.378062, Loss 0.032858, forward nfe 0, backward nfe 0, Train: 0.9917, Val: 0.7838, Test: 0.7777, Best time: 18.2948
After OOD adjustment: Training instances of last class: 0
After OOD adjustment: Testing instances of last class: 52
Epoch: 170, Runtime 3.384658, Loss 0.032371, forward nfe 0, backward nfe 0, Train: 0.9917, Val: 0.7838, Test: 0.7777, Best time: 18.2948
After OOD adjustment: Training instances of last class: 0
After OOD adjustment: Testing instances of last class: 52
Epoch: 171, Runtime 3.393992, Loss 0.032409, forward nfe 0, backward nfe 0, Train: 0.9917, Val: 0.7838, Test: 0.7777, Best time: 18.2948
After OOD adjustment: Training instances of last class: 0
After OOD adjustment: Testing instances of last class: 52
Epoch: 172, Runtime 3.369798, Loss 0.032113, forward nfe 0, backward nfe 0, Train: 0.9917, Val: 0.7838, Test: 0.7777, Best time: 18.2948
After OOD adjustment: Training instances of last class: 0
After OOD adjustment: Testing instances of last class: 52
Epoch: 173, Runtime 3.412593, Loss 0.027423, forward nfe 0, backward nfe 0, Train: 0.9917, Val: 0.7838, Test: 0.7777, Best time: 18.2948
After OOD adjustment: Training instances of last class: 0
After OOD adjustment: Testing instances of last class: 52
Epoch: 174, Runtime 3.355170, Loss 0.029594, forward nfe 0, backward nfe 0, Train: 0.9917, Val: 0.7838, Test: 0.7777, Best time: 18.2948
After OOD adjustment: Training instances of last class: 0
After OOD adjustment: Testing instances of last class: 52
Epoch: 175, Runtime 3.367762, Loss 0.030075, forward nfe 0, backward nfe 0, Train: 0.9917, Val: 0.7838, Test: 0.7777, Best time: 18.2948
After OOD adjustment: Training instances of last class: 0
After OOD adjustment: Testing instances of last class: 52
Epoch: 176, Runtime 3.364286, Loss 0.032169, forward nfe 0, backward nfe 0, Train: 0.9917, Val: 0.7838, Test: 0.7777, Best time: 18.2948
After OOD adjustment: Training instances of last class: 0
After OOD adjustment: Testing instances of last class: 52
Epoch: 177, Runtime 3.387133, Loss 0.031673, forward nfe 0, backward nfe 0, Train: 0.9917, Val: 0.7838, Test: 0.7777, Best time: 18.2948
After OOD adjustment: Training instances of last class: 0
After OOD adjustment: Testing instances of last class: 52
Epoch: 178, Runtime 3.369473, Loss 0.027972, forward nfe 0, backward nfe 0, Train: 0.9917, Val: 0.7838, Test: 0.7777, Best time: 18.2948
After OOD adjustment: Training instances of last class: 0
After OOD adjustment: Testing instances of last class: 52
Epoch: 179, Runtime 3.385036, Loss 0.027848, forward nfe 0, backward nfe 0, Train: 0.9917, Val: 0.7838, Test: 0.7777, Best time: 18.2948
After OOD adjustment: Training instances of last class: 0
After OOD adjustment: Testing instances of last class: 52
Epoch: 180, Runtime 3.344935, Loss 0.035483, forward nfe 0, backward nfe 0, Train: 0.9917, Val: 0.7838, Test: 0.7777, Best time: 18.2948
After OOD adjustment: Training instances of last class: 0
After OOD adjustment: Testing instances of last class: 52
Epoch: 181, Runtime 3.367934, Loss 0.031192, forward nfe 0, backward nfe 0, Train: 0.9917, Val: 0.7838, Test: 0.7777, Best time: 18.2948
After OOD adjustment: Training instances of last class: 0
After OOD adjustment: Testing instances of last class: 52
Epoch: 182, Runtime 3.367570, Loss 0.029946, forward nfe 0, backward nfe 0, Train: 0.9917, Val: 0.7838, Test: 0.7777, Best time: 18.2948
After OOD adjustment: Training instances of last class: 0
After OOD adjustment: Testing instances of last class: 52
Epoch: 183, Runtime 3.362313, Loss 0.026772, forward nfe 0, backward nfe 0, Train: 0.9917, Val: 0.7838, Test: 0.7777, Best time: 18.2948
After OOD adjustment: Training instances of last class: 0
After OOD adjustment: Testing instances of last class: 52
Epoch: 184, Runtime 3.373413, Loss 0.027633, forward nfe 0, backward nfe 0, Train: 0.9917, Val: 0.7838, Test: 0.7777, Best time: 18.2948
After OOD adjustment: Training instances of last class: 0
After OOD adjustment: Testing instances of last class: 52
Epoch: 185, Runtime 3.381317, Loss 0.029237, forward nfe 0, backward nfe 0, Train: 0.9917, Val: 0.7838, Test: 0.7777, Best time: 18.2948
After OOD adjustment: Training instances of last class: 0
After OOD adjustment: Testing instances of last class: 52
Epoch: 186, Runtime 3.386996, Loss 0.029077, forward nfe 0, backward nfe 0, Train: 0.9917, Val: 0.7838, Test: 0.7777, Best time: 18.2948
After OOD adjustment: Training instances of last class: 0
After OOD adjustment: Testing instances of last class: 52
Epoch: 187, Runtime 3.366986, Loss 0.026203, forward nfe 0, backward nfe 0, Train: 0.9917, Val: 0.7838, Test: 0.7777, Best time: 18.2948
After OOD adjustment: Training instances of last class: 0
After OOD adjustment: Testing instances of last class: 52
Epoch: 188, Runtime 3.387975, Loss 0.026359, forward nfe 0, backward nfe 0, Train: 0.9917, Val: 0.7838, Test: 0.7777, Best time: 18.2948
After OOD adjustment: Training instances of last class: 0
After OOD adjustment: Testing instances of last class: 52
Epoch: 189, Runtime 3.387745, Loss 0.025992, forward nfe 0, backward nfe 0, Train: 0.9917, Val: 0.7838, Test: 0.7777, Best time: 18.2948
After OOD adjustment: Training instances of last class: 0
After OOD adjustment: Testing instances of last class: 52
Epoch: 190, Runtime 3.415241, Loss 0.028133, forward nfe 0, backward nfe 0, Train: 0.9917, Val: 0.7838, Test: 0.7777, Best time: 18.2948
After OOD adjustment: Training instances of last class: 0
After OOD adjustment: Testing instances of last class: 52
Epoch: 191, Runtime 3.381218, Loss 0.025919, forward nfe 0, backward nfe 0, Train: 0.9917, Val: 0.7838, Test: 0.7777, Best time: 18.2948
After OOD adjustment: Training instances of last class: 0
After OOD adjustment: Testing instances of last class: 52
Epoch: 192, Runtime 3.354866, Loss 0.024873, forward nfe 0, backward nfe 0, Train: 0.9917, Val: 0.7838, Test: 0.7777, Best time: 18.2948
After OOD adjustment: Training instances of last class: 0
After OOD adjustment: Testing instances of last class: 52
Epoch: 193, Runtime 3.363000, Loss 0.025038, forward nfe 0, backward nfe 0, Train: 0.9917, Val: 0.7838, Test: 0.7777, Best time: 18.2948
After OOD adjustment: Training instances of last class: 0
After OOD adjustment: Testing instances of last class: 52
Epoch: 194, Runtime 3.379724, Loss 0.026799, forward nfe 0, backward nfe 0, Train: 0.9917, Val: 0.7838, Test: 0.7777, Best time: 18.2948
After OOD adjustment: Training instances of last class: 0
After OOD adjustment: Testing instances of last class: 52
Epoch: 195, Runtime 3.385381, Loss 0.024977, forward nfe 0, backward nfe 0, Train: 0.9917, Val: 0.7838, Test: 0.7777, Best time: 18.2948
After OOD adjustment: Training instances of last class: 0
After OOD adjustment: Testing instances of last class: 52
Epoch: 196, Runtime 3.396316, Loss 0.024602, forward nfe 0, backward nfe 0, Train: 0.9917, Val: 0.7838, Test: 0.7777, Best time: 18.2948
After OOD adjustment: Training instances of last class: 0
After OOD adjustment: Testing instances of last class: 52
Epoch: 197, Runtime 3.404267, Loss 0.023948, forward nfe 0, backward nfe 0, Train: 0.9917, Val: 0.7838, Test: 0.7777, Best time: 18.2948
After OOD adjustment: Training instances of last class: 0
After OOD adjustment: Testing instances of last class: 52
Epoch: 198, Runtime 3.348419, Loss 0.022632, forward nfe 0, backward nfe 0, Train: 0.9917, Val: 0.7838, Test: 0.7777, Best time: 18.2948
After OOD adjustment: Training instances of last class: 0
After OOD adjustment: Testing instances of last class: 52
Epoch: 199, Runtime 3.395811, Loss 0.025848, forward nfe 0, backward nfe 0, Train: 0.9917, Val: 0.7838, Test: 0.7777, Best time: 18.2948
best val accuracy 0.783824 with test accuracy 0.777665 at epoch 66 and best time 18.294754
base_directory resutls_prob/OOD_Cora
new_name:  lgnsde_ODD
file_path 1 resutls_prob/OOD_Cora/lgnsde_ODD_prediction_probabilities_32.npz
file_path 2 resutls_prob/OOD_Cora/lgnsde_ODD_prediction_probabilities_32.npz
Entropy Threshold: inf Test accuracy: 0.7756345177664975
Entropy Threshold: 2 Test accuracy: 0.7736040609137056
Entropy Threshold: 1.6 Test accuracy: 0.8035714285714286
Entropy Threshold: 1.5 Test accuracy: 0.842985842985843
Entropy Threshold: 1.4 Test accuracy: 0.8614008941877794
Entropy Threshold: 1.3 Test accuracy: 0.8854700854700854
Entropy Threshold: 1.2 Test accuracy: 0.905511811023622
Entropy Threshold: 1.1 Test accuracy: 0.9317647058823529
Entropy Threshold: 0.9 Test accuracy: 0.9585987261146497
Entropy Threshold: 0.8 Test accuracy: 0.972972972972973
Entropy Threshold: 0.7 Test accuracy: 0.9675925925925926
Entropy Threshold: 0.6 Test accuracy: 0.9885057471264368
Entropy Threshold: 0.5 Test accuracy: 0.9924242424242424
Entropy Threshold: 0.4 Test accuracy: 1.0
Entropy Threshold: 0.3 Test accuracy: 1.0
Entropy Threshold: 0.2 Test accuracy: 1.0
Entropy Threshold: 0.1 Test accuracy: 1.0
