[KeOps] Warning : cuda was detected, but driver API could not be initialized. Switching to cpu only.
Folder already exists: results/citeseer
experiment: 0
Dataset size (num_nodes): 2120, Intended development set size (num_development): 1500
Dataset size (num_nodes): 2120, Actual development set size (num_development): 1500
rations: train 120, val 1380, test 620
Before OOD adjustment: Total instances of last class: 304
Before OOD adjustment: Training instances of last class: 20
Before OOD adjustment: Testing instances of last class: 93
Before OOD adjustment: Val instances of last class: 191
total train + val+ test 304
After OOD adjustment: Training instances of last class: 0
After OOD adjustment: Testing instances of last class: 93
Total number of classes: 6
number of classes to train: 5
Dataset size (num_nodes): 2120, Intended development set size (num_development): 1500
Dataset size (num_nodes): 2120, Actual development set size (num_development): 1500
rations: train 120, val 1380, test 620
within set_train_val_test_split function!
Before OOD adjustment: Total instances of last class: 304
Before OOD adjustment: Training instances of last class: 20
Before OOD adjustment: Testing instances of last class: 89
Before OOD adjustment: Val instances of last class: 195
total train + val+ test 304
After OOD adjustment: Training instances of last class: 0
After OOD adjustment: Testing instances of last class: 89
MyGCN2(
  (conv1): GCNConv(3703, 80)
  (conv4): GCNConv(80, 5)
)
conv1.bias
torch.Size([80])
conv1.lin.weight
torch.Size([80, 3703])
conv4.bias
torch.Size([5])
conv4.lin.weight
torch.Size([5, 80])
After OOD adjustment: Training instances of last class: 0
After OOD adjustment: Testing instances of last class: 89
Epoch: 001, Runtime 0.064669, Loss 1.626024, forward nfe 0, backward nfe 0, Train: 0.6700, Val: 0.3377, Test: 0.3581, Best time: 7.8741
After OOD adjustment: Training instances of last class: 0
After OOD adjustment: Testing instances of last class: 89
Epoch: 002, Runtime 0.165774, Loss 1.507070, forward nfe 0, backward nfe 0, Train: 0.9100, Val: 0.4949, Test: 0.4871, Best time: 7.8741
After OOD adjustment: Training instances of last class: 0
After OOD adjustment: Testing instances of last class: 89
Epoch: 003, Runtime 0.152106, Loss 1.393285, forward nfe 0, backward nfe 0, Train: 0.9600, Val: 0.5478, Test: 0.5452, Best time: 7.8741
After OOD adjustment: Training instances of last class: 0
After OOD adjustment: Testing instances of last class: 89
Epoch: 004, Runtime 0.155392, Loss 1.284656, forward nfe 0, backward nfe 0, Train: 0.9900, Val: 0.5703, Test: 0.5677, Best time: 7.8741
After OOD adjustment: Training instances of last class: 0
After OOD adjustment: Testing instances of last class: 89
Epoch: 005, Runtime 0.156128, Loss 1.181297, forward nfe 0, backward nfe 0, Train: 1.0000, Val: 0.5855, Test: 0.5806, Best time: 7.8741
After OOD adjustment: Training instances of last class: 0
After OOD adjustment: Testing instances of last class: 89
Epoch: 006, Runtime 0.156348, Loss 1.083406, forward nfe 0, backward nfe 0, Train: 1.0000, Val: 0.5942, Test: 0.5871, Best time: 7.8741
After OOD adjustment: Training instances of last class: 0
After OOD adjustment: Testing instances of last class: 89
Epoch: 007, Runtime 0.155895, Loss 0.991194, forward nfe 0, backward nfe 0, Train: 1.0000, Val: 0.6000, Test: 0.5839, Best time: 7.8741
After OOD adjustment: Training instances of last class: 0
After OOD adjustment: Testing instances of last class: 89
Epoch: 008, Runtime 0.148952, Loss 0.904829, forward nfe 0, backward nfe 0, Train: 1.0000, Val: 0.6036, Test: 0.5855, Best time: 7.8741
After OOD adjustment: Training instances of last class: 0
After OOD adjustment: Testing instances of last class: 89
Epoch: 009, Runtime 0.148520, Loss 0.824403, forward nfe 0, backward nfe 0, Train: 1.0000, Val: 0.6043, Test: 0.5871, Best time: 7.8741
After OOD adjustment: Training instances of last class: 0
After OOD adjustment: Testing instances of last class: 89
Epoch: 010, Runtime 0.144053, Loss 0.749924, forward nfe 0, backward nfe 0, Train: 1.0000, Val: 0.6065, Test: 0.5887, Best time: 7.8741
After OOD adjustment: Training instances of last class: 0
After OOD adjustment: Testing instances of last class: 89
Epoch: 011, Runtime 0.150981, Loss 0.681307, forward nfe 0, backward nfe 0, Train: 1.0000, Val: 0.6072, Test: 0.5935, Best time: 7.8741
After OOD adjustment: Training instances of last class: 0
After OOD adjustment: Testing instances of last class: 89
Epoch: 012, Runtime 0.048992, Loss 0.618384, forward nfe 0, backward nfe 0, Train: 1.0000, Val: 0.6072, Test: 0.5935, Best time: 7.8741
After OOD adjustment: Training instances of last class: 0
After OOD adjustment: Testing instances of last class: 89
Epoch: 013, Runtime 0.048331, Loss 0.560917, forward nfe 0, backward nfe 0, Train: 1.0000, Val: 0.6072, Test: 0.5935, Best time: 7.8741
After OOD adjustment: Training instances of last class: 0
After OOD adjustment: Testing instances of last class: 89
Epoch: 014, Runtime 0.049877, Loss 0.508614, forward nfe 0, backward nfe 0, Train: 1.0000, Val: 0.6072, Test: 0.5935, Best time: 7.8741
After OOD adjustment: Training instances of last class: 0
After OOD adjustment: Testing instances of last class: 89
Epoch: 015, Runtime 0.047053, Loss 0.461150, forward nfe 0, backward nfe 0, Train: 1.0000, Val: 0.6072, Test: 0.5935, Best time: 7.8741
After OOD adjustment: Training instances of last class: 0
After OOD adjustment: Testing instances of last class: 89
Epoch: 016, Runtime 0.048170, Loss 0.418176, forward nfe 0, backward nfe 0, Train: 1.0000, Val: 0.6072, Test: 0.5935, Best time: 7.8741
After OOD adjustment: Training instances of last class: 0
After OOD adjustment: Testing instances of last class: 89
Epoch: 017, Runtime 0.050122, Loss 0.379340, forward nfe 0, backward nfe 0, Train: 1.0000, Val: 0.6072, Test: 0.5935, Best time: 7.8741
After OOD adjustment: Training instances of last class: 0
After OOD adjustment: Testing instances of last class: 89
Epoch: 018, Runtime 0.047853, Loss 0.344295, forward nfe 0, backward nfe 0, Train: 1.0000, Val: 0.6072, Test: 0.5935, Best time: 7.8741
After OOD adjustment: Training instances of last class: 0
After OOD adjustment: Testing instances of last class: 89
Epoch: 019, Runtime 0.047560, Loss 0.312705, forward nfe 0, backward nfe 0, Train: 1.0000, Val: 0.6072, Test: 0.5935, Best time: 7.8741
After OOD adjustment: Training instances of last class: 0
After OOD adjustment: Testing instances of last class: 89
Epoch: 020, Runtime 0.045082, Loss 0.284254, forward nfe 0, backward nfe 0, Train: 1.0000, Val: 0.6072, Test: 0.5935, Best time: 7.8741
After OOD adjustment: Training instances of last class: 0
After OOD adjustment: Testing instances of last class: 89
Epoch: 021, Runtime 0.046993, Loss 0.258644, forward nfe 0, backward nfe 0, Train: 1.0000, Val: 0.6072, Test: 0.5935, Best time: 7.8741
After OOD adjustment: Training instances of last class: 0
After OOD adjustment: Testing instances of last class: 89
Epoch: 022, Runtime 0.046633, Loss 0.235600, forward nfe 0, backward nfe 0, Train: 1.0000, Val: 0.6072, Test: 0.5935, Best time: 7.8741
After OOD adjustment: Training instances of last class: 0
After OOD adjustment: Testing instances of last class: 89
Epoch: 023, Runtime 0.048002, Loss 0.214871, forward nfe 0, backward nfe 0, Train: 1.0000, Val: 0.6072, Test: 0.5935, Best time: 7.8741
After OOD adjustment: Training instances of last class: 0
After OOD adjustment: Testing instances of last class: 89
Epoch: 024, Runtime 0.047670, Loss 0.196224, forward nfe 0, backward nfe 0, Train: 1.0000, Val: 0.6072, Test: 0.5935, Best time: 7.8741
After OOD adjustment: Training instances of last class: 0
After OOD adjustment: Testing instances of last class: 89
Epoch: 025, Runtime 0.047122, Loss 0.179449, forward nfe 0, backward nfe 0, Train: 1.0000, Val: 0.6072, Test: 0.5935, Best time: 7.8741
After OOD adjustment: Training instances of last class: 0
After OOD adjustment: Testing instances of last class: 89
Epoch: 026, Runtime 0.048255, Loss 0.164356, forward nfe 0, backward nfe 0, Train: 1.0000, Val: 0.6072, Test: 0.5935, Best time: 7.8741
After OOD adjustment: Training instances of last class: 0
After OOD adjustment: Testing instances of last class: 89
Epoch: 027, Runtime 0.047197, Loss 0.150772, forward nfe 0, backward nfe 0, Train: 1.0000, Val: 0.6072, Test: 0.5935, Best time: 7.8741
After OOD adjustment: Training instances of last class: 0
After OOD adjustment: Testing instances of last class: 89
Epoch: 028, Runtime 0.046360, Loss 0.138539, forward nfe 0, backward nfe 0, Train: 1.0000, Val: 0.6072, Test: 0.5935, Best time: 7.8741
After OOD adjustment: Training instances of last class: 0
After OOD adjustment: Testing instances of last class: 89
Epoch: 029, Runtime 0.046491, Loss 0.127518, forward nfe 0, backward nfe 0, Train: 1.0000, Val: 0.6072, Test: 0.5935, Best time: 7.8741
After OOD adjustment: Training instances of last class: 0
After OOD adjustment: Testing instances of last class: 89
Epoch: 030, Runtime 0.043959, Loss 0.117582, forward nfe 0, backward nfe 0, Train: 1.0000, Val: 0.6072, Test: 0.5935, Best time: 7.8741
After OOD adjustment: Training instances of last class: 0
After OOD adjustment: Testing instances of last class: 89
Epoch: 031, Runtime 0.043794, Loss 0.108617, forward nfe 0, backward nfe 0, Train: 1.0000, Val: 0.6072, Test: 0.5935, Best time: 7.8741
After OOD adjustment: Training instances of last class: 0
After OOD adjustment: Testing instances of last class: 89
Epoch: 032, Runtime 0.046125, Loss 0.100521, forward nfe 0, backward nfe 0, Train: 1.0000, Val: 0.6072, Test: 0.5935, Best time: 7.8741
After OOD adjustment: Training instances of last class: 0
After OOD adjustment: Testing instances of last class: 89
Epoch: 033, Runtime 0.044937, Loss 0.093205, forward nfe 0, backward nfe 0, Train: 1.0000, Val: 0.6072, Test: 0.5935, Best time: 7.8741
After OOD adjustment: Training instances of last class: 0
After OOD adjustment: Testing instances of last class: 89
Epoch: 034, Runtime 0.046074, Loss 0.086585, forward nfe 0, backward nfe 0, Train: 1.0000, Val: 0.6072, Test: 0.5935, Best time: 7.8741
After OOD adjustment: Training instances of last class: 0
After OOD adjustment: Testing instances of last class: 89
Epoch: 035, Runtime 0.046997, Loss 0.080590, forward nfe 0, backward nfe 0, Train: 1.0000, Val: 0.6072, Test: 0.5935, Best time: 7.8741
After OOD adjustment: Training instances of last class: 0
After OOD adjustment: Testing instances of last class: 89
Epoch: 036, Runtime 0.046554, Loss 0.075155, forward nfe 0, backward nfe 0, Train: 1.0000, Val: 0.6072, Test: 0.5935, Best time: 7.8741
After OOD adjustment: Training instances of last class: 0
After OOD adjustment: Testing instances of last class: 89
Epoch: 037, Runtime 0.045967, Loss 0.070222, forward nfe 0, backward nfe 0, Train: 1.0000, Val: 0.6072, Test: 0.5935, Best time: 7.8741
After OOD adjustment: Training instances of last class: 0
After OOD adjustment: Testing instances of last class: 89
Epoch: 038, Runtime 0.046013, Loss 0.065740, forward nfe 0, backward nfe 0, Train: 1.0000, Val: 0.6072, Test: 0.5935, Best time: 7.8741
After OOD adjustment: Training instances of last class: 0
After OOD adjustment: Testing instances of last class: 89
Epoch: 039, Runtime 0.045539, Loss 0.061662, forward nfe 0, backward nfe 0, Train: 1.0000, Val: 0.6072, Test: 0.5935, Best time: 7.8741
After OOD adjustment: Training instances of last class: 0
After OOD adjustment: Testing instances of last class: 89
Epoch: 040, Runtime 0.049257, Loss 0.057946, forward nfe 0, backward nfe 0, Train: 1.0000, Val: 0.6072, Test: 0.5935, Best time: 7.8741
After OOD adjustment: Training instances of last class: 0
After OOD adjustment: Testing instances of last class: 89
Epoch: 041, Runtime 0.045573, Loss 0.054558, forward nfe 0, backward nfe 0, Train: 1.0000, Val: 0.6072, Test: 0.5935, Best time: 7.8741
After OOD adjustment: Training instances of last class: 0
After OOD adjustment: Testing instances of last class: 89
Epoch: 042, Runtime 0.045391, Loss 0.051462, forward nfe 0, backward nfe 0, Train: 1.0000, Val: 0.6072, Test: 0.5935, Best time: 7.8741
After OOD adjustment: Training instances of last class: 0
After OOD adjustment: Testing instances of last class: 89
Epoch: 043, Runtime 0.046263, Loss 0.048631, forward nfe 0, backward nfe 0, Train: 1.0000, Val: 0.6072, Test: 0.5935, Best time: 7.8741
After OOD adjustment: Training instances of last class: 0
After OOD adjustment: Testing instances of last class: 89
Epoch: 044, Runtime 0.045371, Loss 0.046038, forward nfe 0, backward nfe 0, Train: 1.0000, Val: 0.6072, Test: 0.5935, Best time: 7.8741
After OOD adjustment: Training instances of last class: 0
After OOD adjustment: Testing instances of last class: 89
Epoch: 045, Runtime 0.044763, Loss 0.043658, forward nfe 0, backward nfe 0, Train: 1.0000, Val: 0.6072, Test: 0.5935, Best time: 7.8741
After OOD adjustment: Training instances of last class: 0
After OOD adjustment: Testing instances of last class: 89
Epoch: 046, Runtime 0.046380, Loss 0.041472, forward nfe 0, backward nfe 0, Train: 1.0000, Val: 0.6072, Test: 0.5935, Best time: 7.8741
After OOD adjustment: Training instances of last class: 0
After OOD adjustment: Testing instances of last class: 89
Epoch: 047, Runtime 0.043740, Loss 0.039461, forward nfe 0, backward nfe 0, Train: 1.0000, Val: 0.6072, Test: 0.5935, Best time: 7.8741
After OOD adjustment: Training instances of last class: 0
After OOD adjustment: Testing instances of last class: 89
Epoch: 048, Runtime 0.045992, Loss 0.037607, forward nfe 0, backward nfe 0, Train: 1.0000, Val: 0.6072, Test: 0.5935, Best time: 7.8741
After OOD adjustment: Training instances of last class: 0
After OOD adjustment: Testing instances of last class: 89
Epoch: 049, Runtime 0.045804, Loss 0.035895, forward nfe 0, backward nfe 0, Train: 1.0000, Val: 0.6072, Test: 0.5935, Best time: 7.8741
After OOD adjustment: Training instances of last class: 0
After OOD adjustment: Testing instances of last class: 89
Epoch: 050, Runtime 0.046712, Loss 0.034312, forward nfe 0, backward nfe 0, Train: 1.0000, Val: 0.6072, Test: 0.5935, Best time: 7.8741
After OOD adjustment: Training instances of last class: 0
After OOD adjustment: Testing instances of last class: 89
Epoch: 051, Runtime 0.044306, Loss 0.032847, forward nfe 0, backward nfe 0, Train: 1.0000, Val: 0.6072, Test: 0.5935, Best time: 7.8741
After OOD adjustment: Training instances of last class: 0
After OOD adjustment: Testing instances of last class: 89
Epoch: 052, Runtime 0.043896, Loss 0.031487, forward nfe 0, backward nfe 0, Train: 1.0000, Val: 0.6072, Test: 0.5935, Best time: 7.8741
After OOD adjustment: Training instances of last class: 0
After OOD adjustment: Testing instances of last class: 89
Epoch: 053, Runtime 0.045552, Loss 0.030224, forward nfe 0, backward nfe 0, Train: 1.0000, Val: 0.6072, Test: 0.5935, Best time: 7.8741
After OOD adjustment: Training instances of last class: 0
After OOD adjustment: Testing instances of last class: 89
Epoch: 054, Runtime 0.044845, Loss 0.029048, forward nfe 0, backward nfe 0, Train: 1.0000, Val: 0.6072, Test: 0.5935, Best time: 7.8741
After OOD adjustment: Training instances of last class: 0
After OOD adjustment: Testing instances of last class: 89
Epoch: 055, Runtime 0.044329, Loss 0.027952, forward nfe 0, backward nfe 0, Train: 1.0000, Val: 0.6072, Test: 0.5935, Best time: 7.8741
After OOD adjustment: Training instances of last class: 0
After OOD adjustment: Testing instances of last class: 89
Epoch: 056, Runtime 0.045137, Loss 0.026930, forward nfe 0, backward nfe 0, Train: 1.0000, Val: 0.6072, Test: 0.5935, Best time: 7.8741
After OOD adjustment: Training instances of last class: 0
After OOD adjustment: Testing instances of last class: 89
Epoch: 057, Runtime 0.047212, Loss 0.025973, forward nfe 0, backward nfe 0, Train: 1.0000, Val: 0.6072, Test: 0.5935, Best time: 7.8741
After OOD adjustment: Training instances of last class: 0
After OOD adjustment: Testing instances of last class: 89
Epoch: 058, Runtime 0.047042, Loss 0.025077, forward nfe 0, backward nfe 0, Train: 1.0000, Val: 0.6072, Test: 0.5935, Best time: 7.8741
After OOD adjustment: Training instances of last class: 0
After OOD adjustment: Testing instances of last class: 89
Epoch: 059, Runtime 0.047250, Loss 0.024237, forward nfe 0, backward nfe 0, Train: 1.0000, Val: 0.6072, Test: 0.5935, Best time: 7.8741
After OOD adjustment: Training instances of last class: 0
After OOD adjustment: Testing instances of last class: 89
Epoch: 060, Runtime 0.045168, Loss 0.023448, forward nfe 0, backward nfe 0, Train: 1.0000, Val: 0.6072, Test: 0.5935, Best time: 7.8741
After OOD adjustment: Training instances of last class: 0
After OOD adjustment: Testing instances of last class: 89
Epoch: 061, Runtime 0.045388, Loss 0.022706, forward nfe 0, backward nfe 0, Train: 1.0000, Val: 0.6072, Test: 0.5935, Best time: 7.8741
After OOD adjustment: Training instances of last class: 0
After OOD adjustment: Testing instances of last class: 89
Epoch: 062, Runtime 0.046263, Loss 0.022007, forward nfe 0, backward nfe 0, Train: 1.0000, Val: 0.6072, Test: 0.5935, Best time: 7.8741
After OOD adjustment: Training instances of last class: 0
After OOD adjustment: Testing instances of last class: 89
Epoch: 063, Runtime 0.047168, Loss 0.021347, forward nfe 0, backward nfe 0, Train: 1.0000, Val: 0.6072, Test: 0.5935, Best time: 7.8741
After OOD adjustment: Training instances of last class: 0
After OOD adjustment: Testing instances of last class: 89
Epoch: 064, Runtime 0.046343, Loss 0.020724, forward nfe 0, backward nfe 0, Train: 1.0000, Val: 0.6072, Test: 0.5935, Best time: 7.8741
After OOD adjustment: Training instances of last class: 0
After OOD adjustment: Testing instances of last class: 89
Epoch: 065, Runtime 0.045954, Loss 0.020134, forward nfe 0, backward nfe 0, Train: 1.0000, Val: 0.6072, Test: 0.5935, Best time: 7.8741
After OOD adjustment: Training instances of last class: 0
After OOD adjustment: Testing instances of last class: 89
Epoch: 066, Runtime 0.044215, Loss 0.019576, forward nfe 0, backward nfe 0, Train: 1.0000, Val: 0.6072, Test: 0.5935, Best time: 7.8741
After OOD adjustment: Training instances of last class: 0
After OOD adjustment: Testing instances of last class: 89
Epoch: 067, Runtime 0.045551, Loss 0.019047, forward nfe 0, backward nfe 0, Train: 1.0000, Val: 0.6072, Test: 0.5935, Best time: 7.8741
After OOD adjustment: Training instances of last class: 0
After OOD adjustment: Testing instances of last class: 89
Epoch: 068, Runtime 0.045129, Loss 0.018544, forward nfe 0, backward nfe 0, Train: 1.0000, Val: 0.6072, Test: 0.5935, Best time: 7.8741
After OOD adjustment: Training instances of last class: 0
After OOD adjustment: Testing instances of last class: 89
Epoch: 069, Runtime 0.044222, Loss 0.018066, forward nfe 0, backward nfe 0, Train: 1.0000, Val: 0.6072, Test: 0.5935, Best time: 7.8741
After OOD adjustment: Training instances of last class: 0
After OOD adjustment: Testing instances of last class: 89
Epoch: 070, Runtime 0.045470, Loss 0.017611, forward nfe 0, backward nfe 0, Train: 1.0000, Val: 0.6072, Test: 0.5935, Best time: 7.8741
After OOD adjustment: Training instances of last class: 0
After OOD adjustment: Testing instances of last class: 89
Epoch: 071, Runtime 0.044528, Loss 0.017177, forward nfe 0, backward nfe 0, Train: 1.0000, Val: 0.6072, Test: 0.5935, Best time: 7.8741
After OOD adjustment: Training instances of last class: 0
After OOD adjustment: Testing instances of last class: 89
Epoch: 072, Runtime 0.043960, Loss 0.016763, forward nfe 0, backward nfe 0, Train: 1.0000, Val: 0.6072, Test: 0.5935, Best time: 7.8741
After OOD adjustment: Training instances of last class: 0
After OOD adjustment: Testing instances of last class: 89
Epoch: 073, Runtime 0.045731, Loss 0.016368, forward nfe 0, backward nfe 0, Train: 1.0000, Val: 0.6072, Test: 0.5935, Best time: 7.8741
After OOD adjustment: Training instances of last class: 0
After OOD adjustment: Testing instances of last class: 89
Epoch: 074, Runtime 0.045424, Loss 0.015990, forward nfe 0, backward nfe 0, Train: 1.0000, Val: 0.6072, Test: 0.5935, Best time: 7.8741
After OOD adjustment: Training instances of last class: 0
After OOD adjustment: Testing instances of last class: 89
Epoch: 075, Runtime 0.046085, Loss 0.015628, forward nfe 0, backward nfe 0, Train: 1.0000, Val: 0.6072, Test: 0.5935, Best time: 7.8741
After OOD adjustment: Training instances of last class: 0
After OOD adjustment: Testing instances of last class: 89
Epoch: 076, Runtime 0.046699, Loss 0.015281, forward nfe 0, backward nfe 0, Train: 1.0000, Val: 0.6072, Test: 0.5935, Best time: 7.8741
After OOD adjustment: Training instances of last class: 0
After OOD adjustment: Testing instances of last class: 89
Epoch: 077, Runtime 0.046237, Loss 0.014949, forward nfe 0, backward nfe 0, Train: 1.0000, Val: 0.6072, Test: 0.5935, Best time: 7.8741
After OOD adjustment: Training instances of last class: 0
After OOD adjustment: Testing instances of last class: 89
Epoch: 078, Runtime 0.046638, Loss 0.014630, forward nfe 0, backward nfe 0, Train: 1.0000, Val: 0.6072, Test: 0.5935, Best time: 7.8741
After OOD adjustment: Training instances of last class: 0
After OOD adjustment: Testing instances of last class: 89
Epoch: 079, Runtime 0.044878, Loss 0.014323, forward nfe 0, backward nfe 0, Train: 1.0000, Val: 0.6072, Test: 0.5935, Best time: 7.8741
After OOD adjustment: Training instances of last class: 0
After OOD adjustment: Testing instances of last class: 89
Epoch: 080, Runtime 0.045248, Loss 0.014028, forward nfe 0, backward nfe 0, Train: 1.0000, Val: 0.6072, Test: 0.5935, Best time: 7.8741
After OOD adjustment: Training instances of last class: 0
After OOD adjustment: Testing instances of last class: 89
Epoch: 081, Runtime 0.045119, Loss 0.013744, forward nfe 0, backward nfe 0, Train: 1.0000, Val: 0.6072, Test: 0.5935, Best time: 7.8741
After OOD adjustment: Training instances of last class: 0
After OOD adjustment: Testing instances of last class: 89
Epoch: 082, Runtime 0.046539, Loss 0.013470, forward nfe 0, backward nfe 0, Train: 1.0000, Val: 0.6072, Test: 0.5935, Best time: 7.8741
After OOD adjustment: Training instances of last class: 0
After OOD adjustment: Testing instances of last class: 89
Epoch: 083, Runtime 0.045794, Loss 0.013206, forward nfe 0, backward nfe 0, Train: 1.0000, Val: 0.6072, Test: 0.5935, Best time: 7.8741
After OOD adjustment: Training instances of last class: 0
After OOD adjustment: Testing instances of last class: 89
Epoch: 084, Runtime 0.044569, Loss 0.012952, forward nfe 0, backward nfe 0, Train: 1.0000, Val: 0.6072, Test: 0.5935, Best time: 7.8741
After OOD adjustment: Training instances of last class: 0
After OOD adjustment: Testing instances of last class: 89
Epoch: 085, Runtime 0.044930, Loss 0.012706, forward nfe 0, backward nfe 0, Train: 1.0000, Val: 0.6072, Test: 0.5935, Best time: 7.8741
After OOD adjustment: Training instances of last class: 0
After OOD adjustment: Testing instances of last class: 89
Epoch: 086, Runtime 0.046271, Loss 0.012469, forward nfe 0, backward nfe 0, Train: 1.0000, Val: 0.6072, Test: 0.5935, Best time: 7.8741
After OOD adjustment: Training instances of last class: 0
After OOD adjustment: Testing instances of last class: 89
Epoch: 087, Runtime 0.047602, Loss 0.012239, forward nfe 0, backward nfe 0, Train: 1.0000, Val: 0.6072, Test: 0.5935, Best time: 7.8741
After OOD adjustment: Training instances of last class: 0
After OOD adjustment: Testing instances of last class: 89
Epoch: 088, Runtime 0.044954, Loss 0.012017, forward nfe 0, backward nfe 0, Train: 1.0000, Val: 0.6072, Test: 0.5935, Best time: 7.8741
After OOD adjustment: Training instances of last class: 0
After OOD adjustment: Testing instances of last class: 89
Epoch: 089, Runtime 0.051277, Loss 0.011802, forward nfe 0, backward nfe 0, Train: 1.0000, Val: 0.6072, Test: 0.5935, Best time: 7.8741
After OOD adjustment: Training instances of last class: 0
After OOD adjustment: Testing instances of last class: 89
Epoch: 090, Runtime 0.049463, Loss 0.011593, forward nfe 0, backward nfe 0, Train: 1.0000, Val: 0.6072, Test: 0.5935, Best time: 7.8741
After OOD adjustment: Training instances of last class: 0
After OOD adjustment: Testing instances of last class: 89
Epoch: 091, Runtime 0.044996, Loss 0.011391, forward nfe 0, backward nfe 0, Train: 1.0000, Val: 0.6072, Test: 0.5935, Best time: 7.8741
After OOD adjustment: Training instances of last class: 0
After OOD adjustment: Testing instances of last class: 89
Epoch: 092, Runtime 0.045270, Loss 0.011195, forward nfe 0, backward nfe 0, Train: 1.0000, Val: 0.6072, Test: 0.5935, Best time: 7.8741
After OOD adjustment: Training instances of last class: 0
After OOD adjustment: Testing instances of last class: 89
Epoch: 093, Runtime 0.045301, Loss 0.011005, forward nfe 0, backward nfe 0, Train: 1.0000, Val: 0.6072, Test: 0.5935, Best time: 7.8741
After OOD adjustment: Training instances of last class: 0
After OOD adjustment: Testing instances of last class: 89
Epoch: 094, Runtime 0.044652, Loss 0.010821, forward nfe 0, backward nfe 0, Train: 1.0000, Val: 0.6072, Test: 0.5935, Best time: 7.8741
After OOD adjustment: Training instances of last class: 0
After OOD adjustment: Testing instances of last class: 89
Epoch: 095, Runtime 0.045356, Loss 0.010641, forward nfe 0, backward nfe 0, Train: 1.0000, Val: 0.6072, Test: 0.5935, Best time: 7.8741
After OOD adjustment: Training instances of last class: 0
After OOD adjustment: Testing instances of last class: 89
Epoch: 096, Runtime 0.045797, Loss 0.010467, forward nfe 0, backward nfe 0, Train: 1.0000, Val: 0.6072, Test: 0.5935, Best time: 7.8741
After OOD adjustment: Training instances of last class: 0
After OOD adjustment: Testing instances of last class: 89
Epoch: 097, Runtime 0.043706, Loss 0.010297, forward nfe 0, backward nfe 0, Train: 1.0000, Val: 0.6072, Test: 0.5935, Best time: 7.8741
After OOD adjustment: Training instances of last class: 0
After OOD adjustment: Testing instances of last class: 89
Epoch: 098, Runtime 0.044802, Loss 0.010132, forward nfe 0, backward nfe 0, Train: 1.0000, Val: 0.6072, Test: 0.5935, Best time: 7.8741
After OOD adjustment: Training instances of last class: 0
After OOD adjustment: Testing instances of last class: 89
Epoch: 099, Runtime 0.046381, Loss 0.009972, forward nfe 0, backward nfe 0, Train: 1.0000, Val: 0.6072, Test: 0.5935, Best time: 7.8741
After OOD adjustment: Training instances of last class: 0
After OOD adjustment: Testing instances of last class: 89
Epoch: 100, Runtime 0.045815, Loss 0.009816, forward nfe 0, backward nfe 0, Train: 1.0000, Val: 0.6072, Test: 0.5935, Best time: 7.8741
After OOD adjustment: Training instances of last class: 0
After OOD adjustment: Testing instances of last class: 89
Epoch: 101, Runtime 0.048083, Loss 0.009664, forward nfe 0, backward nfe 0, Train: 1.0000, Val: 0.6072, Test: 0.5935, Best time: 7.8741
After OOD adjustment: Training instances of last class: 0
After OOD adjustment: Testing instances of last class: 89
Epoch: 102, Runtime 0.048294, Loss 0.009515, forward nfe 0, backward nfe 0, Train: 1.0000, Val: 0.6072, Test: 0.5935, Best time: 7.8741
After OOD adjustment: Training instances of last class: 0
After OOD adjustment: Testing instances of last class: 89
Epoch: 103, Runtime 0.046391, Loss 0.009371, forward nfe 0, backward nfe 0, Train: 1.0000, Val: 0.6072, Test: 0.5935, Best time: 7.8741
After OOD adjustment: Training instances of last class: 0
After OOD adjustment: Testing instances of last class: 89
Epoch: 104, Runtime 0.048108, Loss 0.009230, forward nfe 0, backward nfe 0, Train: 1.0000, Val: 0.6072, Test: 0.5935, Best time: 7.8741
After OOD adjustment: Training instances of last class: 0
After OOD adjustment: Testing instances of last class: 89
Epoch: 105, Runtime 0.048761, Loss 0.009092, forward nfe 0, backward nfe 0, Train: 1.0000, Val: 0.6072, Test: 0.5935, Best time: 7.8741
After OOD adjustment: Training instances of last class: 0
After OOD adjustment: Testing instances of last class: 89
Epoch: 106, Runtime 0.049808, Loss 0.008958, forward nfe 0, backward nfe 0, Train: 1.0000, Val: 0.6072, Test: 0.5935, Best time: 7.8741
After OOD adjustment: Training instances of last class: 0
After OOD adjustment: Testing instances of last class: 89
Epoch: 107, Runtime 0.046809, Loss 0.008827, forward nfe 0, backward nfe 0, Train: 1.0000, Val: 0.6072, Test: 0.5935, Best time: 7.8741
After OOD adjustment: Training instances of last class: 0
After OOD adjustment: Testing instances of last class: 89
Epoch: 108, Runtime 0.049731, Loss 0.008699, forward nfe 0, backward nfe 0, Train: 1.0000, Val: 0.6072, Test: 0.5935, Best time: 7.8741
After OOD adjustment: Training instances of last class: 0
After OOD adjustment: Testing instances of last class: 89
Epoch: 109, Runtime 0.048684, Loss 0.008575, forward nfe 0, backward nfe 0, Train: 1.0000, Val: 0.6072, Test: 0.5935, Best time: 7.8741
After OOD adjustment: Training instances of last class: 0
After OOD adjustment: Testing instances of last class: 89
Epoch: 110, Runtime 0.048571, Loss 0.008453, forward nfe 0, backward nfe 0, Train: 1.0000, Val: 0.6072, Test: 0.5935, Best time: 7.8741
After OOD adjustment: Training instances of last class: 0
After OOD adjustment: Testing instances of last class: 89
Epoch: 111, Runtime 0.049971, Loss 0.008334, forward nfe 0, backward nfe 0, Train: 1.0000, Val: 0.6072, Test: 0.5935, Best time: 7.8741
After OOD adjustment: Training instances of last class: 0
After OOD adjustment: Testing instances of last class: 89
Epoch: 112, Runtime 0.046697, Loss 0.008217, forward nfe 0, backward nfe 0, Train: 1.0000, Val: 0.6072, Test: 0.5935, Best time: 7.8741
After OOD adjustment: Training instances of last class: 0
After OOD adjustment: Testing instances of last class: 89
Epoch: 113, Runtime 0.046960, Loss 0.008103, forward nfe 0, backward nfe 0, Train: 1.0000, Val: 0.6072, Test: 0.5935, Best time: 7.8741
After OOD adjustment: Training instances of last class: 0
After OOD adjustment: Testing instances of last class: 89
Epoch: 114, Runtime 0.047118, Loss 0.007992, forward nfe 0, backward nfe 0, Train: 1.0000, Val: 0.6072, Test: 0.5935, Best time: 7.8741
After OOD adjustment: Training instances of last class: 0
After OOD adjustment: Testing instances of last class: 89
Epoch: 115, Runtime 0.045609, Loss 0.007883, forward nfe 0, backward nfe 0, Train: 1.0000, Val: 0.6072, Test: 0.5935, Best time: 7.8741
After OOD adjustment: Training instances of last class: 0
After OOD adjustment: Testing instances of last class: 89
Epoch: 116, Runtime 0.047416, Loss 0.007776, forward nfe 0, backward nfe 0, Train: 1.0000, Val: 0.6072, Test: 0.5935, Best time: 7.8741
After OOD adjustment: Training instances of last class: 0
After OOD adjustment: Testing instances of last class: 89
Epoch: 117, Runtime 0.047359, Loss 0.007672, forward nfe 0, backward nfe 0, Train: 1.0000, Val: 0.6072, Test: 0.5935, Best time: 7.8741
After OOD adjustment: Training instances of last class: 0
After OOD adjustment: Testing instances of last class: 89
Epoch: 118, Runtime 0.046994, Loss 0.007570, forward nfe 0, backward nfe 0, Train: 1.0000, Val: 0.6072, Test: 0.5935, Best time: 7.8741
After OOD adjustment: Training instances of last class: 0
After OOD adjustment: Testing instances of last class: 89
Epoch: 119, Runtime 0.049432, Loss 0.007470, forward nfe 0, backward nfe 0, Train: 1.0000, Val: 0.6072, Test: 0.5935, Best time: 7.8741
After OOD adjustment: Training instances of last class: 0
After OOD adjustment: Testing instances of last class: 89
Epoch: 120, Runtime 0.049891, Loss 0.007372, forward nfe 0, backward nfe 0, Train: 1.0000, Val: 0.6072, Test: 0.5935, Best time: 7.8741
After OOD adjustment: Training instances of last class: 0
After OOD adjustment: Testing instances of last class: 89
Epoch: 121, Runtime 0.048156, Loss 0.007277, forward nfe 0, backward nfe 0, Train: 1.0000, Val: 0.6072, Test: 0.5935, Best time: 7.8741
After OOD adjustment: Training instances of last class: 0
After OOD adjustment: Testing instances of last class: 89
Epoch: 122, Runtime 0.048049, Loss 0.007183, forward nfe 0, backward nfe 0, Train: 1.0000, Val: 0.6072, Test: 0.5935, Best time: 7.8741
After OOD adjustment: Training instances of last class: 0
After OOD adjustment: Testing instances of last class: 89
Epoch: 123, Runtime 0.047571, Loss 0.007091, forward nfe 0, backward nfe 0, Train: 1.0000, Val: 0.6072, Test: 0.5935, Best time: 7.8741
After OOD adjustment: Training instances of last class: 0
After OOD adjustment: Testing instances of last class: 89
Epoch: 124, Runtime 0.046786, Loss 0.007001, forward nfe 0, backward nfe 0, Train: 1.0000, Val: 0.6072, Test: 0.5935, Best time: 7.8741
After OOD adjustment: Training instances of last class: 0
After OOD adjustment: Testing instances of last class: 89
Epoch: 125, Runtime 0.045943, Loss 0.006912, forward nfe 0, backward nfe 0, Train: 1.0000, Val: 0.6072, Test: 0.5935, Best time: 7.8741
After OOD adjustment: Training instances of last class: 0
After OOD adjustment: Testing instances of last class: 89
Epoch: 126, Runtime 0.048200, Loss 0.006826, forward nfe 0, backward nfe 0, Train: 1.0000, Val: 0.6072, Test: 0.5935, Best time: 7.8741
After OOD adjustment: Training instances of last class: 0
After OOD adjustment: Testing instances of last class: 89
Epoch: 127, Runtime 0.046887, Loss 0.006741, forward nfe 0, backward nfe 0, Train: 1.0000, Val: 0.6072, Test: 0.5935, Best time: 7.8741
After OOD adjustment: Training instances of last class: 0
After OOD adjustment: Testing instances of last class: 89
Epoch: 128, Runtime 0.045191, Loss 0.006658, forward nfe 0, backward nfe 0, Train: 1.0000, Val: 0.6072, Test: 0.5935, Best time: 7.8741
After OOD adjustment: Training instances of last class: 0
After OOD adjustment: Testing instances of last class: 89
Epoch: 129, Runtime 0.047157, Loss 0.006576, forward nfe 0, backward nfe 0, Train: 1.0000, Val: 0.6072, Test: 0.5935, Best time: 7.8741
After OOD adjustment: Training instances of last class: 0
After OOD adjustment: Testing instances of last class: 89
Epoch: 130, Runtime 0.048993, Loss 0.006496, forward nfe 0, backward nfe 0, Train: 1.0000, Val: 0.6072, Test: 0.5935, Best time: 7.8741
After OOD adjustment: Training instances of last class: 0
After OOD adjustment: Testing instances of last class: 89
Epoch: 131, Runtime 0.048583, Loss 0.006418, forward nfe 0, backward nfe 0, Train: 1.0000, Val: 0.6072, Test: 0.5935, Best time: 7.8741
After OOD adjustment: Training instances of last class: 0
After OOD adjustment: Testing instances of last class: 89
Epoch: 132, Runtime 0.047175, Loss 0.006340, forward nfe 0, backward nfe 0, Train: 1.0000, Val: 0.6072, Test: 0.5935, Best time: 7.8741
After OOD adjustment: Training instances of last class: 0
After OOD adjustment: Testing instances of last class: 89
Epoch: 133, Runtime 0.045733, Loss 0.006265, forward nfe 0, backward nfe 0, Train: 1.0000, Val: 0.6072, Test: 0.5935, Best time: 7.8741
After OOD adjustment: Training instances of last class: 0
After OOD adjustment: Testing instances of last class: 89
Epoch: 134, Runtime 0.046443, Loss 0.006191, forward nfe 0, backward nfe 0, Train: 1.0000, Val: 0.6072, Test: 0.5935, Best time: 7.8741
After OOD adjustment: Training instances of last class: 0
After OOD adjustment: Testing instances of last class: 89
Epoch: 135, Runtime 0.045167, Loss 0.006118, forward nfe 0, backward nfe 0, Train: 1.0000, Val: 0.6072, Test: 0.5935, Best time: 7.8741
After OOD adjustment: Training instances of last class: 0
After OOD adjustment: Testing instances of last class: 89
Epoch: 136, Runtime 0.046523, Loss 0.006046, forward nfe 0, backward nfe 0, Train: 1.0000, Val: 0.6072, Test: 0.5935, Best time: 7.8741
After OOD adjustment: Training instances of last class: 0
After OOD adjustment: Testing instances of last class: 89
Epoch: 137, Runtime 0.046862, Loss 0.005976, forward nfe 0, backward nfe 0, Train: 1.0000, Val: 0.6072, Test: 0.5935, Best time: 7.8741
After OOD adjustment: Training instances of last class: 0
After OOD adjustment: Testing instances of last class: 89
Epoch: 138, Runtime 0.046213, Loss 0.005907, forward nfe 0, backward nfe 0, Train: 1.0000, Val: 0.6072, Test: 0.5935, Best time: 7.8741
After OOD adjustment: Training instances of last class: 0
After OOD adjustment: Testing instances of last class: 89
Epoch: 139, Runtime 0.045447, Loss 0.005839, forward nfe 0, backward nfe 0, Train: 1.0000, Val: 0.6072, Test: 0.5935, Best time: 7.8741
After OOD adjustment: Training instances of last class: 0
After OOD adjustment: Testing instances of last class: 89
Epoch: 140, Runtime 0.046232, Loss 0.005773, forward nfe 0, backward nfe 0, Train: 1.0000, Val: 0.6072, Test: 0.5935, Best time: 7.8741
After OOD adjustment: Training instances of last class: 0
After OOD adjustment: Testing instances of last class: 89
Epoch: 141, Runtime 0.047025, Loss 0.005707, forward nfe 0, backward nfe 0, Train: 1.0000, Val: 0.6072, Test: 0.5935, Best time: 7.8741
After OOD adjustment: Training instances of last class: 0
After OOD adjustment: Testing instances of last class: 89
Epoch: 142, Runtime 0.046943, Loss 0.005643, forward nfe 0, backward nfe 0, Train: 1.0000, Val: 0.6072, Test: 0.5935, Best time: 7.8741
After OOD adjustment: Training instances of last class: 0
After OOD adjustment: Testing instances of last class: 89
Epoch: 143, Runtime 0.046566, Loss 0.005580, forward nfe 0, backward nfe 0, Train: 1.0000, Val: 0.6072, Test: 0.5935, Best time: 7.8741
After OOD adjustment: Training instances of last class: 0
After OOD adjustment: Testing instances of last class: 89
Epoch: 144, Runtime 0.045221, Loss 0.005518, forward nfe 0, backward nfe 0, Train: 1.0000, Val: 0.6072, Test: 0.5935, Best time: 7.8741
After OOD adjustment: Training instances of last class: 0
After OOD adjustment: Testing instances of last class: 89
Epoch: 145, Runtime 0.047425, Loss 0.005457, forward nfe 0, backward nfe 0, Train: 1.0000, Val: 0.6072, Test: 0.5935, Best time: 7.8741
After OOD adjustment: Training instances of last class: 0
After OOD adjustment: Testing instances of last class: 89
Epoch: 146, Runtime 0.047564, Loss 0.005397, forward nfe 0, backward nfe 0, Train: 1.0000, Val: 0.6072, Test: 0.5935, Best time: 7.8741
After OOD adjustment: Training instances of last class: 0
After OOD adjustment: Testing instances of last class: 89
Epoch: 147, Runtime 0.047459, Loss 0.005338, forward nfe 0, backward nfe 0, Train: 1.0000, Val: 0.6072, Test: 0.5935, Best time: 7.8741
After OOD adjustment: Training instances of last class: 0
After OOD adjustment: Testing instances of last class: 89
Epoch: 148, Runtime 0.048009, Loss 0.005280, forward nfe 0, backward nfe 0, Train: 1.0000, Val: 0.6072, Test: 0.5935, Best time: 7.8741
After OOD adjustment: Training instances of last class: 0
After OOD adjustment: Testing instances of last class: 89
Epoch: 149, Runtime 0.046005, Loss 0.005223, forward nfe 0, backward nfe 0, Train: 1.0000, Val: 0.6072, Test: 0.5935, Best time: 7.8741
After OOD adjustment: Training instances of last class: 0
After OOD adjustment: Testing instances of last class: 89
Epoch: 150, Runtime 0.047537, Loss 0.005167, forward nfe 0, backward nfe 0, Train: 1.0000, Val: 0.6072, Test: 0.5935, Best time: 7.8741
After OOD adjustment: Training instances of last class: 0
After OOD adjustment: Testing instances of last class: 89
Epoch: 151, Runtime 0.048554, Loss 0.005112, forward nfe 0, backward nfe 0, Train: 1.0000, Val: 0.6072, Test: 0.5935, Best time: 7.8741
After OOD adjustment: Training instances of last class: 0
After OOD adjustment: Testing instances of last class: 89
Epoch: 152, Runtime 0.048718, Loss 0.005058, forward nfe 0, backward nfe 0, Train: 1.0000, Val: 0.6072, Test: 0.5935, Best time: 7.8741
After OOD adjustment: Training instances of last class: 0
After OOD adjustment: Testing instances of last class: 89
Epoch: 153, Runtime 0.050155, Loss 0.005005, forward nfe 0, backward nfe 0, Train: 1.0000, Val: 0.6072, Test: 0.5935, Best time: 7.8741
After OOD adjustment: Training instances of last class: 0
After OOD adjustment: Testing instances of last class: 89
Epoch: 154, Runtime 0.048923, Loss 0.004952, forward nfe 0, backward nfe 0, Train: 1.0000, Val: 0.6072, Test: 0.5935, Best time: 7.8741
After OOD adjustment: Training instances of last class: 0
After OOD adjustment: Testing instances of last class: 89
Epoch: 155, Runtime 0.047240, Loss 0.004901, forward nfe 0, backward nfe 0, Train: 1.0000, Val: 0.6072, Test: 0.5935, Best time: 7.8741
After OOD adjustment: Training instances of last class: 0
After OOD adjustment: Testing instances of last class: 89
Epoch: 156, Runtime 0.045910, Loss 0.004850, forward nfe 0, backward nfe 0, Train: 1.0000, Val: 0.6072, Test: 0.5935, Best time: 7.8741
After OOD adjustment: Training instances of last class: 0
After OOD adjustment: Testing instances of last class: 89
Epoch: 157, Runtime 0.044426, Loss 0.004800, forward nfe 0, backward nfe 0, Train: 1.0000, Val: 0.6072, Test: 0.5935, Best time: 7.8741
After OOD adjustment: Training instances of last class: 0
After OOD adjustment: Testing instances of last class: 89
Epoch: 158, Runtime 0.045738, Loss 0.004751, forward nfe 0, backward nfe 0, Train: 1.0000, Val: 0.6072, Test: 0.5935, Best time: 7.8741
After OOD adjustment: Training instances of last class: 0
After OOD adjustment: Testing instances of last class: 89
Epoch: 159, Runtime 0.046391, Loss 0.004703, forward nfe 0, backward nfe 0, Train: 1.0000, Val: 0.6072, Test: 0.5935, Best time: 7.8741
After OOD adjustment: Training instances of last class: 0
After OOD adjustment: Testing instances of last class: 89
Epoch: 160, Runtime 0.043556, Loss 0.004655, forward nfe 0, backward nfe 0, Train: 1.0000, Val: 0.6072, Test: 0.5935, Best time: 7.8741
After OOD adjustment: Training instances of last class: 0
After OOD adjustment: Testing instances of last class: 89
Epoch: 161, Runtime 0.045782, Loss 0.004608, forward nfe 0, backward nfe 0, Train: 1.0000, Val: 0.6072, Test: 0.5935, Best time: 7.8741
After OOD adjustment: Training instances of last class: 0
After OOD adjustment: Testing instances of last class: 89
Epoch: 162, Runtime 0.046614, Loss 0.004562, forward nfe 0, backward nfe 0, Train: 1.0000, Val: 0.6072, Test: 0.5935, Best time: 7.8741
After OOD adjustment: Training instances of last class: 0
After OOD adjustment: Testing instances of last class: 89
Epoch: 163, Runtime 0.047197, Loss 0.004516, forward nfe 0, backward nfe 0, Train: 1.0000, Val: 0.6072, Test: 0.5935, Best time: 7.8741
After OOD adjustment: Training instances of last class: 0
After OOD adjustment: Testing instances of last class: 89
Epoch: 164, Runtime 0.050385, Loss 0.004472, forward nfe 0, backward nfe 0, Train: 1.0000, Val: 0.6072, Test: 0.5935, Best time: 7.8741
After OOD adjustment: Training instances of last class: 0
After OOD adjustment: Testing instances of last class: 89
Epoch: 165, Runtime 0.049445, Loss 0.004428, forward nfe 0, backward nfe 0, Train: 1.0000, Val: 0.6072, Test: 0.5935, Best time: 7.8741
After OOD adjustment: Training instances of last class: 0
After OOD adjustment: Testing instances of last class: 89
Epoch: 166, Runtime 0.048239, Loss 0.004384, forward nfe 0, backward nfe 0, Train: 1.0000, Val: 0.6072, Test: 0.5935, Best time: 7.8741
After OOD adjustment: Training instances of last class: 0
After OOD adjustment: Testing instances of last class: 89
Epoch: 167, Runtime 0.046051, Loss 0.004341, forward nfe 0, backward nfe 0, Train: 1.0000, Val: 0.6072, Test: 0.5935, Best time: 7.8741
After OOD adjustment: Training instances of last class: 0
After OOD adjustment: Testing instances of last class: 89
Epoch: 168, Runtime 0.044404, Loss 0.004299, forward nfe 0, backward nfe 0, Train: 1.0000, Val: 0.6072, Test: 0.5935, Best time: 7.8741
After OOD adjustment: Training instances of last class: 0
After OOD adjustment: Testing instances of last class: 89
Epoch: 169, Runtime 0.047035, Loss 0.004258, forward nfe 0, backward nfe 0, Train: 1.0000, Val: 0.6072, Test: 0.5935, Best time: 7.8741
After OOD adjustment: Training instances of last class: 0
After OOD adjustment: Testing instances of last class: 89
Epoch: 170, Runtime 0.047735, Loss 0.004217, forward nfe 0, backward nfe 0, Train: 1.0000, Val: 0.6072, Test: 0.5935, Best time: 7.8741
After OOD adjustment: Training instances of last class: 0
After OOD adjustment: Testing instances of last class: 89
Epoch: 171, Runtime 0.042908, Loss 0.004177, forward nfe 0, backward nfe 0, Train: 1.0000, Val: 0.6072, Test: 0.5935, Best time: 7.8741
After OOD adjustment: Training instances of last class: 0
After OOD adjustment: Testing instances of last class: 89
Epoch: 172, Runtime 0.045897, Loss 0.004137, forward nfe 0, backward nfe 0, Train: 1.0000, Val: 0.6072, Test: 0.5935, Best time: 7.8741
After OOD adjustment: Training instances of last class: 0
After OOD adjustment: Testing instances of last class: 89
Epoch: 173, Runtime 0.045012, Loss 0.004098, forward nfe 0, backward nfe 0, Train: 1.0000, Val: 0.6072, Test: 0.5935, Best time: 7.8741
After OOD adjustment: Training instances of last class: 0
After OOD adjustment: Testing instances of last class: 89
Epoch: 174, Runtime 0.045998, Loss 0.004059, forward nfe 0, backward nfe 0, Train: 1.0000, Val: 0.6072, Test: 0.5935, Best time: 7.8741
After OOD adjustment: Training instances of last class: 0
After OOD adjustment: Testing instances of last class: 89
Epoch: 175, Runtime 0.044597, Loss 0.004021, forward nfe 0, backward nfe 0, Train: 1.0000, Val: 0.6072, Test: 0.5935, Best time: 7.8741
After OOD adjustment: Training instances of last class: 0
After OOD adjustment: Testing instances of last class: 89
Epoch: 176, Runtime 0.043811, Loss 0.003984, forward nfe 0, backward nfe 0, Train: 1.0000, Val: 0.6072, Test: 0.5935, Best time: 7.8741
After OOD adjustment: Training instances of last class: 0
After OOD adjustment: Testing instances of last class: 89
Epoch: 177, Runtime 0.045062, Loss 0.003947, forward nfe 0, backward nfe 0, Train: 1.0000, Val: 0.6072, Test: 0.5935, Best time: 7.8741
After OOD adjustment: Training instances of last class: 0
After OOD adjustment: Testing instances of last class: 89
Epoch: 178, Runtime 0.046745, Loss 0.003911, forward nfe 0, backward nfe 0, Train: 1.0000, Val: 0.6072, Test: 0.5935, Best time: 7.8741
After OOD adjustment: Training instances of last class: 0
After OOD adjustment: Testing instances of last class: 89
Epoch: 179, Runtime 0.044471, Loss 0.003875, forward nfe 0, backward nfe 0, Train: 1.0000, Val: 0.6072, Test: 0.5935, Best time: 7.8741
After OOD adjustment: Training instances of last class: 0
After OOD adjustment: Testing instances of last class: 89
Epoch: 180, Runtime 0.045542, Loss 0.003840, forward nfe 0, backward nfe 0, Train: 1.0000, Val: 0.6072, Test: 0.5935, Best time: 7.8741
After OOD adjustment: Training instances of last class: 0
After OOD adjustment: Testing instances of last class: 89
Epoch: 181, Runtime 0.045740, Loss 0.003805, forward nfe 0, backward nfe 0, Train: 1.0000, Val: 0.6072, Test: 0.5935, Best time: 7.8741
After OOD adjustment: Training instances of last class: 0
After OOD adjustment: Testing instances of last class: 89
Epoch: 182, Runtime 0.047333, Loss 0.003770, forward nfe 0, backward nfe 0, Train: 1.0000, Val: 0.6072, Test: 0.5935, Best time: 7.8741
After OOD adjustment: Training instances of last class: 0
After OOD adjustment: Testing instances of last class: 89
Epoch: 183, Runtime 0.046977, Loss 0.003736, forward nfe 0, backward nfe 0, Train: 1.0000, Val: 0.6072, Test: 0.5935, Best time: 7.8741
After OOD adjustment: Training instances of last class: 0
After OOD adjustment: Testing instances of last class: 89
Epoch: 184, Runtime 0.045444, Loss 0.003703, forward nfe 0, backward nfe 0, Train: 1.0000, Val: 0.6072, Test: 0.5935, Best time: 7.8741
After OOD adjustment: Training instances of last class: 0
After OOD adjustment: Testing instances of last class: 89
Epoch: 185, Runtime 0.045988, Loss 0.003670, forward nfe 0, backward nfe 0, Train: 1.0000, Val: 0.6072, Test: 0.5935, Best time: 7.8741
After OOD adjustment: Training instances of last class: 0
After OOD adjustment: Testing instances of last class: 89
Epoch: 186, Runtime 0.046140, Loss 0.003637, forward nfe 0, backward nfe 0, Train: 1.0000, Val: 0.6072, Test: 0.5935, Best time: 7.8741
After OOD adjustment: Training instances of last class: 0
After OOD adjustment: Testing instances of last class: 89
Epoch: 187, Runtime 0.045698, Loss 0.003605, forward nfe 0, backward nfe 0, Train: 1.0000, Val: 0.6072, Test: 0.5935, Best time: 7.8741
After OOD adjustment: Training instances of last class: 0
After OOD adjustment: Testing instances of last class: 89
Epoch: 188, Runtime 0.047855, Loss 0.003574, forward nfe 0, backward nfe 0, Train: 1.0000, Val: 0.6072, Test: 0.5935, Best time: 7.8741
After OOD adjustment: Training instances of last class: 0
After OOD adjustment: Testing instances of last class: 89
Epoch: 189, Runtime 0.047162, Loss 0.003542, forward nfe 0, backward nfe 0, Train: 1.0000, Val: 0.6072, Test: 0.5935, Best time: 7.8741
After OOD adjustment: Training instances of last class: 0
After OOD adjustment: Testing instances of last class: 89
Epoch: 190, Runtime 0.047271, Loss 0.003512, forward nfe 0, backward nfe 0, Train: 1.0000, Val: 0.6072, Test: 0.5935, Best time: 7.8741
After OOD adjustment: Training instances of last class: 0
After OOD adjustment: Testing instances of last class: 89
Epoch: 191, Runtime 0.048126, Loss 0.003481, forward nfe 0, backward nfe 0, Train: 1.0000, Val: 0.6072, Test: 0.5935, Best time: 7.8741
After OOD adjustment: Training instances of last class: 0
After OOD adjustment: Testing instances of last class: 89
Epoch: 192, Runtime 0.048115, Loss 0.003451, forward nfe 0, backward nfe 0, Train: 1.0000, Val: 0.6072, Test: 0.5935, Best time: 7.8741
After OOD adjustment: Training instances of last class: 0
After OOD adjustment: Testing instances of last class: 89
Epoch: 193, Runtime 0.049364, Loss 0.003422, forward nfe 0, backward nfe 0, Train: 1.0000, Val: 0.6072, Test: 0.5935, Best time: 7.8741
After OOD adjustment: Training instances of last class: 0
After OOD adjustment: Testing instances of last class: 89
Epoch: 194, Runtime 0.045122, Loss 0.003392, forward nfe 0, backward nfe 0, Train: 1.0000, Val: 0.6072, Test: 0.5935, Best time: 7.8741
After OOD adjustment: Training instances of last class: 0
After OOD adjustment: Testing instances of last class: 89
Epoch: 195, Runtime 0.045932, Loss 0.003364, forward nfe 0, backward nfe 0, Train: 1.0000, Val: 0.6072, Test: 0.5935, Best time: 7.8741
After OOD adjustment: Training instances of last class: 0
After OOD adjustment: Testing instances of last class: 89
Epoch: 196, Runtime 0.047559, Loss 0.003335, forward nfe 0, backward nfe 0, Train: 1.0000, Val: 0.6072, Test: 0.5935, Best time: 7.8741
After OOD adjustment: Training instances of last class: 0
After OOD adjustment: Testing instances of last class: 89
Epoch: 197, Runtime 0.046863, Loss 0.003307, forward nfe 0, backward nfe 0, Train: 1.0000, Val: 0.6072, Test: 0.5935, Best time: 7.8741
After OOD adjustment: Training instances of last class: 0
After OOD adjustment: Testing instances of last class: 89
Epoch: 198, Runtime 0.045074, Loss 0.003279, forward nfe 0, backward nfe 0, Train: 1.0000, Val: 0.6072, Test: 0.5935, Best time: 7.8741
After OOD adjustment: Training instances of last class: 0
After OOD adjustment: Testing instances of last class: 89
Epoch: 199, Runtime 0.045653, Loss 0.003252, forward nfe 0, backward nfe 0, Train: 1.0000, Val: 0.6072, Test: 0.5935, Best time: 7.8741
After OOD adjustment: Training instances of last class: 0
After OOD adjustment: Testing instances of last class: 89
Epoch: 200, Runtime 0.047800, Loss 0.003225, forward nfe 0, backward nfe 0, Train: 1.0000, Val: 0.6072, Test: 0.5935, Best time: 7.8741
After OOD adjustment: Training instances of last class: 0
After OOD adjustment: Testing instances of last class: 89
Epoch: 201, Runtime 0.044798, Loss 0.003198, forward nfe 0, backward nfe 0, Train: 1.0000, Val: 0.6072, Test: 0.5935, Best time: 7.8741
After OOD adjustment: Training instances of last class: 0
After OOD adjustment: Testing instances of last class: 89
Epoch: 202, Runtime 0.045740, Loss 0.003172, forward nfe 0, backward nfe 0, Train: 1.0000, Val: 0.6072, Test: 0.5935, Best time: 7.8741
After OOD adjustment: Training instances of last class: 0
After OOD adjustment: Testing instances of last class: 89
Epoch: 203, Runtime 0.046762, Loss 0.003146, forward nfe 0, backward nfe 0, Train: 1.0000, Val: 0.6072, Test: 0.5935, Best time: 7.8741
After OOD adjustment: Training instances of last class: 0
After OOD adjustment: Testing instances of last class: 89
Epoch: 204, Runtime 0.046063, Loss 0.003120, forward nfe 0, backward nfe 0, Train: 1.0000, Val: 0.6072, Test: 0.5935, Best time: 7.8741
After OOD adjustment: Training instances of last class: 0
After OOD adjustment: Testing instances of last class: 89
Epoch: 205, Runtime 0.048709, Loss 0.003095, forward nfe 0, backward nfe 0, Train: 1.0000, Val: 0.6072, Test: 0.5935, Best time: 7.8741
After OOD adjustment: Training instances of last class: 0
After OOD adjustment: Testing instances of last class: 89
Epoch: 206, Runtime 0.045753, Loss 0.003070, forward nfe 0, backward nfe 0, Train: 1.0000, Val: 0.6072, Test: 0.5935, Best time: 7.8741
After OOD adjustment: Training instances of last class: 0
After OOD adjustment: Testing instances of last class: 89
Epoch: 207, Runtime 0.046719, Loss 0.003045, forward nfe 0, backward nfe 0, Train: 1.0000, Val: 0.6072, Test: 0.5935, Best time: 7.8741
After OOD adjustment: Training instances of last class: 0
After OOD adjustment: Testing instances of last class: 89
Epoch: 208, Runtime 0.044396, Loss 0.003021, forward nfe 0, backward nfe 0, Train: 1.0000, Val: 0.6072, Test: 0.5935, Best time: 7.8741
After OOD adjustment: Training instances of last class: 0
After OOD adjustment: Testing instances of last class: 89
Epoch: 209, Runtime 0.045218, Loss 0.002997, forward nfe 0, backward nfe 0, Train: 1.0000, Val: 0.6072, Test: 0.5935, Best time: 7.8741
After OOD adjustment: Training instances of last class: 0
After OOD adjustment: Testing instances of last class: 89
Epoch: 210, Runtime 0.044832, Loss 0.002973, forward nfe 0, backward nfe 0, Train: 1.0000, Val: 0.6072, Test: 0.5935, Best time: 7.8741
After OOD adjustment: Training instances of last class: 0
After OOD adjustment: Testing instances of last class: 89
Epoch: 211, Runtime 0.045414, Loss 0.002949, forward nfe 0, backward nfe 0, Train: 1.0000, Val: 0.6072, Test: 0.5935, Best time: 7.8741
After OOD adjustment: Training instances of last class: 0
After OOD adjustment: Testing instances of last class: 89
Epoch: 212, Runtime 0.043723, Loss 0.002926, forward nfe 0, backward nfe 0, Train: 1.0000, Val: 0.6072, Test: 0.5935, Best time: 7.8741
After OOD adjustment: Training instances of last class: 0
After OOD adjustment: Testing instances of last class: 89
Epoch: 213, Runtime 0.044107, Loss 0.002903, forward nfe 0, backward nfe 0, Train: 1.0000, Val: 0.6072, Test: 0.5935, Best time: 7.8741
After OOD adjustment: Training instances of last class: 0
After OOD adjustment: Testing instances of last class: 89
Epoch: 214, Runtime 0.044305, Loss 0.002880, forward nfe 0, backward nfe 0, Train: 1.0000, Val: 0.6072, Test: 0.5935, Best time: 7.8741
After OOD adjustment: Training instances of last class: 0
After OOD adjustment: Testing instances of last class: 89
Epoch: 215, Runtime 0.042609, Loss 0.002858, forward nfe 0, backward nfe 0, Train: 1.0000, Val: 0.6072, Test: 0.5935, Best time: 7.8741
After OOD adjustment: Training instances of last class: 0
After OOD adjustment: Testing instances of last class: 89
Epoch: 216, Runtime 0.042743, Loss 0.002836, forward nfe 0, backward nfe 0, Train: 1.0000, Val: 0.6072, Test: 0.5935, Best time: 7.8741
After OOD adjustment: Training instances of last class: 0
After OOD adjustment: Testing instances of last class: 89
Epoch: 217, Runtime 0.045561, Loss 0.002814, forward nfe 0, backward nfe 0, Train: 1.0000, Val: 0.6072, Test: 0.5935, Best time: 7.8741
After OOD adjustment: Training instances of last class: 0
After OOD adjustment: Testing instances of last class: 89
Epoch: 218, Runtime 0.047111, Loss 0.002792, forward nfe 0, backward nfe 0, Train: 1.0000, Val: 0.6072, Test: 0.5935, Best time: 7.8741
After OOD adjustment: Training instances of last class: 0
After OOD adjustment: Testing instances of last class: 89
Epoch: 219, Runtime 0.046278, Loss 0.002771, forward nfe 0, backward nfe 0, Train: 1.0000, Val: 0.6072, Test: 0.5935, Best time: 7.8741
After OOD adjustment: Training instances of last class: 0
After OOD adjustment: Testing instances of last class: 89
Epoch: 220, Runtime 0.044975, Loss 0.002750, forward nfe 0, backward nfe 0, Train: 1.0000, Val: 0.6072, Test: 0.5935, Best time: 7.8741
After OOD adjustment: Training instances of last class: 0
After OOD adjustment: Testing instances of last class: 89
Epoch: 221, Runtime 0.044658, Loss 0.002729, forward nfe 0, backward nfe 0, Train: 1.0000, Val: 0.6072, Test: 0.5935, Best time: 7.8741
After OOD adjustment: Training instances of last class: 0
After OOD adjustment: Testing instances of last class: 89
Epoch: 222, Runtime 0.042989, Loss 0.002708, forward nfe 0, backward nfe 0, Train: 1.0000, Val: 0.6072, Test: 0.5935, Best time: 7.8741
After OOD adjustment: Training instances of last class: 0
After OOD adjustment: Testing instances of last class: 89
Epoch: 223, Runtime 0.045199, Loss 0.002688, forward nfe 0, backward nfe 0, Train: 1.0000, Val: 0.6072, Test: 0.5935, Best time: 7.8741
After OOD adjustment: Training instances of last class: 0
After OOD adjustment: Testing instances of last class: 89
Epoch: 224, Runtime 0.044874, Loss 0.002668, forward nfe 0, backward nfe 0, Train: 1.0000, Val: 0.6072, Test: 0.5935, Best time: 7.8741
After OOD adjustment: Training instances of last class: 0
After OOD adjustment: Testing instances of last class: 89
Epoch: 225, Runtime 0.045517, Loss 0.002648, forward nfe 0, backward nfe 0, Train: 1.0000, Val: 0.6072, Test: 0.5935, Best time: 7.8741
After OOD adjustment: Training instances of last class: 0
After OOD adjustment: Testing instances of last class: 89
Epoch: 226, Runtime 0.044025, Loss 0.002628, forward nfe 0, backward nfe 0, Train: 1.0000, Val: 0.6072, Test: 0.5935, Best time: 7.8741
After OOD adjustment: Training instances of last class: 0
After OOD adjustment: Testing instances of last class: 89
Epoch: 227, Runtime 0.045662, Loss 0.002608, forward nfe 0, backward nfe 0, Train: 1.0000, Val: 0.6072, Test: 0.5935, Best time: 7.8741
After OOD adjustment: Training instances of last class: 0
After OOD adjustment: Testing instances of last class: 89
Epoch: 228, Runtime 0.043089, Loss 0.002589, forward nfe 0, backward nfe 0, Train: 1.0000, Val: 0.6072, Test: 0.5935, Best time: 7.8741
After OOD adjustment: Training instances of last class: 0
After OOD adjustment: Testing instances of last class: 89
Epoch: 229, Runtime 0.044113, Loss 0.002570, forward nfe 0, backward nfe 0, Train: 1.0000, Val: 0.6072, Test: 0.5935, Best time: 7.8741
After OOD adjustment: Training instances of last class: 0
After OOD adjustment: Testing instances of last class: 89
Epoch: 230, Runtime 0.044086, Loss 0.002551, forward nfe 0, backward nfe 0, Train: 1.0000, Val: 0.6072, Test: 0.5935, Best time: 7.8741
After OOD adjustment: Training instances of last class: 0
After OOD adjustment: Testing instances of last class: 89
Epoch: 231, Runtime 0.044499, Loss 0.002533, forward nfe 0, backward nfe 0, Train: 1.0000, Val: 0.6072, Test: 0.5935, Best time: 7.8741
After OOD adjustment: Training instances of last class: 0
After OOD adjustment: Testing instances of last class: 89
Epoch: 232, Runtime 0.044128, Loss 0.002514, forward nfe 0, backward nfe 0, Train: 1.0000, Val: 0.6072, Test: 0.5935, Best time: 7.8741
After OOD adjustment: Training instances of last class: 0
After OOD adjustment: Testing instances of last class: 89
Epoch: 233, Runtime 0.044062, Loss 0.002496, forward nfe 0, backward nfe 0, Train: 1.0000, Val: 0.6072, Test: 0.5935, Best time: 7.8741
After OOD adjustment: Training instances of last class: 0
After OOD adjustment: Testing instances of last class: 89
Epoch: 234, Runtime 0.043063, Loss 0.002478, forward nfe 0, backward nfe 0, Train: 1.0000, Val: 0.6072, Test: 0.5935, Best time: 7.8741
After OOD adjustment: Training instances of last class: 0
After OOD adjustment: Testing instances of last class: 89
Epoch: 235, Runtime 0.045326, Loss 0.002460, forward nfe 0, backward nfe 0, Train: 1.0000, Val: 0.6072, Test: 0.5935, Best time: 7.8741
After OOD adjustment: Training instances of last class: 0
After OOD adjustment: Testing instances of last class: 89
Epoch: 236, Runtime 0.044192, Loss 0.002443, forward nfe 0, backward nfe 0, Train: 1.0000, Val: 0.6072, Test: 0.5935, Best time: 7.8741
After OOD adjustment: Training instances of last class: 0
After OOD adjustment: Testing instances of last class: 89
Epoch: 237, Runtime 0.045565, Loss 0.002425, forward nfe 0, backward nfe 0, Train: 1.0000, Val: 0.6072, Test: 0.5935, Best time: 7.8741
After OOD adjustment: Training instances of last class: 0
After OOD adjustment: Testing instances of last class: 89
Epoch: 238, Runtime 0.045248, Loss 0.002408, forward nfe 0, backward nfe 0, Train: 1.0000, Val: 0.6072, Test: 0.5935, Best time: 7.8741
After OOD adjustment: Training instances of last class: 0
After OOD adjustment: Testing instances of last class: 89
Epoch: 239, Runtime 0.044166, Loss 0.002391, forward nfe 0, backward nfe 0, Train: 1.0000, Val: 0.6072, Test: 0.5935, Best time: 7.8741
After OOD adjustment: Training instances of last class: 0
After OOD adjustment: Testing instances of last class: 89
Epoch: 240, Runtime 0.043498, Loss 0.002374, forward nfe 0, backward nfe 0, Train: 1.0000, Val: 0.6072, Test: 0.5935, Best time: 7.8741
After OOD adjustment: Training instances of last class: 0
After OOD adjustment: Testing instances of last class: 89
Epoch: 241, Runtime 0.045477, Loss 0.002357, forward nfe 0, backward nfe 0, Train: 1.0000, Val: 0.6072, Test: 0.5935, Best time: 7.8741
After OOD adjustment: Training instances of last class: 0
After OOD adjustment: Testing instances of last class: 89
Epoch: 242, Runtime 0.043643, Loss 0.002341, forward nfe 0, backward nfe 0, Train: 1.0000, Val: 0.6072, Test: 0.5935, Best time: 7.8741
After OOD adjustment: Training instances of last class: 0
After OOD adjustment: Testing instances of last class: 89
Epoch: 243, Runtime 0.043996, Loss 0.002325, forward nfe 0, backward nfe 0, Train: 1.0000, Val: 0.6072, Test: 0.5935, Best time: 7.8741
After OOD adjustment: Training instances of last class: 0
After OOD adjustment: Testing instances of last class: 89
Epoch: 244, Runtime 0.046126, Loss 0.002308, forward nfe 0, backward nfe 0, Train: 1.0000, Val: 0.6072, Test: 0.5935, Best time: 7.8741
After OOD adjustment: Training instances of last class: 0
After OOD adjustment: Testing instances of last class: 89
Epoch: 245, Runtime 0.045397, Loss 0.002292, forward nfe 0, backward nfe 0, Train: 1.0000, Val: 0.6072, Test: 0.5935, Best time: 7.8741
After OOD adjustment: Training instances of last class: 0
After OOD adjustment: Testing instances of last class: 89
Epoch: 246, Runtime 0.046435, Loss 0.002277, forward nfe 0, backward nfe 0, Train: 1.0000, Val: 0.6072, Test: 0.5935, Best time: 7.8741
After OOD adjustment: Training instances of last class: 0
After OOD adjustment: Testing instances of last class: 89
Epoch: 247, Runtime 0.044819, Loss 0.002261, forward nfe 0, backward nfe 0, Train: 1.0000, Val: 0.6072, Test: 0.5935, Best time: 7.8741
After OOD adjustment: Training instances of last class: 0
After OOD adjustment: Testing instances of last class: 89
Epoch: 248, Runtime 0.045242, Loss 0.002245, forward nfe 0, backward nfe 0, Train: 1.0000, Val: 0.6072, Test: 0.5935, Best time: 7.8741
After OOD adjustment: Training instances of last class: 0
After OOD adjustment: Testing instances of last class: 89
Epoch: 249, Runtime 0.048138, Loss 0.002230, forward nfe 0, backward nfe 0, Train: 1.0000, Val: 0.6072, Test: 0.5935, Best time: 7.8741
best val accuracy 0.607246 with test accuracy 0.593548 at epoch 11 and best time 7.874113
base_directory resutls_prob/OOD_Citeseer
new_name:  gnn_ODD
file_path 1 resutls_prob/OOD_Citeseer/gnn_ODD_prediction_probabilities_68.npz
file_path 2 resutls_prob/OOD_Citeseer/gnn_ODD_prediction_probabilities_68.npz
Entropy Threshold: inf Test accuracy: 0.5935483870967742
Entropy Threshold: 2 Test accuracy: 0.5935483870967742
Entropy Threshold: 1.6 Test accuracy: 0.6076158940397351
Entropy Threshold: 1.5 Test accuracy: 0.7695035460992907
Entropy Threshold: 1.4 Test accuracy: 0.8169014084507042
Entropy Threshold: 1.3 Test accuracy: 0.8433734939759037
Entropy Threshold: 1.2 Test accuracy: 0.875
Entropy Threshold: 1.1 Test accuracy: 0.76
Entropy Threshold: 0.9 Test accuracy: 0.75
Entropy Threshold: 0.8 Test accuracy: None
Entropy Threshold: 0.7 Test accuracy: None
Entropy Threshold: 0.6 Test accuracy: None
Entropy Threshold: 0.5 Test accuracy: None
Entropy Threshold: 0.4 Test accuracy: None
Entropy Threshold: 0.3 Test accuracy: None
Entropy Threshold: 0.2 Test accuracy: None
Entropy Threshold: 0.1 Test accuracy: None
