[KeOps] Warning : cuda was detected, but driver API could not be initialized. Switching to cpu only.
Folder already exists: results/cora
experiment: 0
Dataset size (num_nodes): 2485, Intended development set size (num_development): 1500
Dataset size (num_nodes): 2485, Actual development set size (num_development): 1500
rations: train 140, val 1360, test 985
Before OOD adjustment: Total instances of last class: 131
Before OOD adjustment: Training instances of last class: 20
Before OOD adjustment: Testing instances of last class: 55
Before OOD adjustment: Val instances of last class: 56
total train + val+ test 131
After OOD adjustment: Training instances of last class: 0
After OOD adjustment: Testing instances of last class: 55
Total number of classes: 7
number of classes to train: 6
using file gn_sde.py
sigma 1.0
rtol 0.01
t1 0.01
Dataset size (num_nodes): 2485, Intended development set size (num_development): 1500
Dataset size (num_nodes): 2485, Actual development set size (num_development): 1500
rations: train 140, val 1360, test 985
within set_train_val_test_split function!
Before OOD adjustment: Total instances of last class: 131
Before OOD adjustment: Training instances of last class: 20
Before OOD adjustment: Testing instances of last class: 62
Before OOD adjustment: Val instances of last class: 49
total train + val+ test 131
After OOD adjustment: Training instances of last class: 0
After OOD adjustment: Testing instances of last class: 62
LatentGraphSDE(
  (net): Sequential(
    (0): MyGCN(
      (activation): Softplus(beta=1, threshold=20)
      (conv1): GCNConv(81, 80)
    )
    (1): MyGCN(
      (conv1): GCNConv(80, 80)
    )
  )
  (in_net): MyGCN(
    (conv1): GCNConv(1433, 80)
  )
  (projection_net): Sequential(
    (0): Flatten(start_dim=1, end_dim=-1)
    (1): MyGCN(
      (conv1): GCNConv(80, 6)
    )
  )
)
qy0_mean
torch.Size([1, 80])
qy0_logvar
torch.Size([1, 80])
net.0.conv1.bias
torch.Size([80])
net.0.conv1.lin.weight
torch.Size([80, 81])
net.1.conv1.bias
torch.Size([80])
net.1.conv1.lin.weight
torch.Size([80, 80])
in_net.conv1.bias
torch.Size([80])
in_net.conv1.lin.weight
torch.Size([80, 1433])
projection_net.1.conv1.bias
torch.Size([6])
projection_net.1.conv1.lin.weight
torch.Size([6, 80])
After OOD adjustment: Training instances of last class: 0
After OOD adjustment: Testing instances of last class: 62
Epoch: 001, Runtime 3.990608, Loss 1.804329, forward nfe 0, backward nfe 0, Train: 0.2833, Val: 0.2985, Test: 0.2721, Best time: 18.2948
After OOD adjustment: Training instances of last class: 0
After OOD adjustment: Testing instances of last class: 62
Epoch: 002, Runtime 3.837870, Loss 1.774046, forward nfe 0, backward nfe 0, Train: 0.3917, Val: 0.3265, Test: 0.3279, Best time: 18.2948
After OOD adjustment: Training instances of last class: 0
After OOD adjustment: Testing instances of last class: 62
Epoch: 003, Runtime 3.822518, Loss 1.741583, forward nfe 0, backward nfe 0, Train: 0.5000, Val: 0.3853, Test: 0.3726, Best time: 18.2948
After OOD adjustment: Training instances of last class: 0
After OOD adjustment: Testing instances of last class: 62
Epoch: 004, Runtime 3.812354, Loss 1.710773, forward nfe 0, backward nfe 0, Train: 0.6333, Val: 0.4294, Test: 0.4284, Best time: 18.2948
After OOD adjustment: Training instances of last class: 0
After OOD adjustment: Testing instances of last class: 62
Epoch: 005, Runtime 3.811540, Loss 1.684895, forward nfe 0, backward nfe 0, Train: 0.7500, Val: 0.4831, Test: 0.5056, Best time: 18.2948
After OOD adjustment: Training instances of last class: 0
After OOD adjustment: Testing instances of last class: 62
Epoch: 006, Runtime 3.822200, Loss 1.649656, forward nfe 0, backward nfe 0, Train: 0.7333, Val: 0.5309, Test: 0.5381, Best time: 18.2948
After OOD adjustment: Training instances of last class: 0
After OOD adjustment: Testing instances of last class: 62
Epoch: 007, Runtime 3.826656, Loss 1.628164, forward nfe 0, backward nfe 0, Train: 0.8667, Val: 0.5743, Test: 0.5746, Best time: 18.2948
After OOD adjustment: Training instances of last class: 0
After OOD adjustment: Testing instances of last class: 62
Epoch: 008, Runtime 3.818419, Loss 1.598155, forward nfe 0, backward nfe 0, Train: 0.8667, Val: 0.6154, Test: 0.6213, Best time: 18.2948
After OOD adjustment: Training instances of last class: 0
After OOD adjustment: Testing instances of last class: 62
Epoch: 009, Runtime 3.856284, Loss 1.556975, forward nfe 0, backward nfe 0, Train: 0.9000, Val: 0.6353, Test: 0.6223, Best time: 18.2948
After OOD adjustment: Training instances of last class: 0
After OOD adjustment: Testing instances of last class: 62
Epoch: 010, Runtime 3.812268, Loss 1.529137, forward nfe 0, backward nfe 0, Train: 0.9167, Val: 0.6456, Test: 0.6619, Best time: 18.2948
After OOD adjustment: Training instances of last class: 0
After OOD adjustment: Testing instances of last class: 62
Epoch: 011, Runtime 3.819683, Loss 1.491222, forward nfe 0, backward nfe 0, Train: 0.9333, Val: 0.6757, Test: 0.6802, Best time: 18.2948
After OOD adjustment: Training instances of last class: 0
After OOD adjustment: Testing instances of last class: 62
Epoch: 012, Runtime 3.835872, Loss 1.459143, forward nfe 0, backward nfe 0, Train: 0.9500, Val: 0.6853, Test: 0.6843, Best time: 18.2948
After OOD adjustment: Training instances of last class: 0
After OOD adjustment: Testing instances of last class: 62
Epoch: 013, Runtime 3.818198, Loss 1.438360, forward nfe 0, backward nfe 0, Train: 0.9417, Val: 0.7066, Test: 0.7127, Best time: 18.2948
After OOD adjustment: Training instances of last class: 0
After OOD adjustment: Testing instances of last class: 62
Epoch: 014, Runtime 3.741298, Loss 1.381547, forward nfe 0, backward nfe 0, Train: 0.9417, Val: 0.7066, Test: 0.7127, Best time: 18.2948
After OOD adjustment: Training instances of last class: 0
After OOD adjustment: Testing instances of last class: 62
Epoch: 015, Runtime 3.814236, Loss 1.364648, forward nfe 0, backward nfe 0, Train: 0.9667, Val: 0.7140, Test: 0.7066, Best time: 18.2948
After OOD adjustment: Training instances of last class: 0
After OOD adjustment: Testing instances of last class: 62
Epoch: 016, Runtime 3.819511, Loss 1.323403, forward nfe 0, backward nfe 0, Train: 0.9667, Val: 0.7228, Test: 0.7391, Best time: 18.2948
After OOD adjustment: Training instances of last class: 0
After OOD adjustment: Testing instances of last class: 62
Epoch: 017, Runtime 3.805697, Loss 1.289300, forward nfe 0, backward nfe 0, Train: 0.9667, Val: 0.7243, Test: 0.7310, Best time: 18.2948
After OOD adjustment: Training instances of last class: 0
After OOD adjustment: Testing instances of last class: 62
Epoch: 018, Runtime 3.834120, Loss 1.245853, forward nfe 0, backward nfe 0, Train: 0.9917, Val: 0.7316, Test: 0.7411, Best time: 18.2948
After OOD adjustment: Training instances of last class: 0
After OOD adjustment: Testing instances of last class: 62
Epoch: 019, Runtime 3.715626, Loss 1.195345, forward nfe 0, backward nfe 0, Train: 0.9917, Val: 0.7316, Test: 0.7411, Best time: 18.2948
After OOD adjustment: Training instances of last class: 0
After OOD adjustment: Testing instances of last class: 62
Epoch: 020, Runtime 3.834288, Loss 1.168989, forward nfe 0, backward nfe 0, Train: 0.9917, Val: 0.7390, Test: 0.7563, Best time: 18.2948
After OOD adjustment: Training instances of last class: 0
After OOD adjustment: Testing instances of last class: 62
Epoch: 021, Runtime 3.814277, Loss 1.123748, forward nfe 0, backward nfe 0, Train: 0.9833, Val: 0.7500, Test: 0.7614, Best time: 18.2948
After OOD adjustment: Training instances of last class: 0
After OOD adjustment: Testing instances of last class: 62
Epoch: 022, Runtime 3.708449, Loss 1.098500, forward nfe 0, backward nfe 0, Train: 0.9833, Val: 0.7500, Test: 0.7614, Best time: 18.2948
After OOD adjustment: Training instances of last class: 0
After OOD adjustment: Testing instances of last class: 62
Epoch: 023, Runtime 3.834013, Loss 1.059909, forward nfe 0, backward nfe 0, Train: 0.9833, Val: 0.7529, Test: 0.7645, Best time: 18.2948
After OOD adjustment: Training instances of last class: 0
After OOD adjustment: Testing instances of last class: 62
Epoch: 024, Runtime 3.799052, Loss 1.027578, forward nfe 0, backward nfe 0, Train: 0.9917, Val: 0.7625, Test: 0.7645, Best time: 18.2948
After OOD adjustment: Training instances of last class: 0
After OOD adjustment: Testing instances of last class: 62
Epoch: 025, Runtime 3.837273, Loss 0.996697, forward nfe 0, backward nfe 0, Train: 0.9750, Val: 0.7632, Test: 0.7655, Best time: 18.2948
After OOD adjustment: Training instances of last class: 0
After OOD adjustment: Testing instances of last class: 62
Epoch: 026, Runtime 3.803091, Loss 0.967258, forward nfe 0, backward nfe 0, Train: 0.9917, Val: 0.7654, Test: 0.7766, Best time: 18.2948
After OOD adjustment: Training instances of last class: 0
After OOD adjustment: Testing instances of last class: 62
Epoch: 027, Runtime 3.814276, Loss 0.922829, forward nfe 0, backward nfe 0, Train: 0.9833, Val: 0.7728, Test: 0.7766, Best time: 18.2948
After OOD adjustment: Training instances of last class: 0
After OOD adjustment: Testing instances of last class: 62
Epoch: 028, Runtime 3.831780, Loss 0.873169, forward nfe 0, backward nfe 0, Train: 0.9917, Val: 0.7757, Test: 0.7766, Best time: 18.2948
After OOD adjustment: Training instances of last class: 0
After OOD adjustment: Testing instances of last class: 62
Epoch: 029, Runtime 3.703543, Loss 0.833712, forward nfe 0, backward nfe 0, Train: 0.9917, Val: 0.7757, Test: 0.7766, Best time: 18.2948
After OOD adjustment: Training instances of last class: 0
After OOD adjustment: Testing instances of last class: 62
Epoch: 030, Runtime 3.697804, Loss 0.810584, forward nfe 0, backward nfe 0, Train: 0.9917, Val: 0.7757, Test: 0.7766, Best time: 18.2948
After OOD adjustment: Training instances of last class: 0
After OOD adjustment: Testing instances of last class: 62
Epoch: 031, Runtime 3.745124, Loss 0.759804, forward nfe 0, backward nfe 0, Train: 0.9917, Val: 0.7757, Test: 0.7766, Best time: 18.2948
After OOD adjustment: Training instances of last class: 0
After OOD adjustment: Testing instances of last class: 62
Epoch: 032, Runtime 3.850693, Loss 0.730421, forward nfe 0, backward nfe 0, Train: 0.9833, Val: 0.7772, Test: 0.7827, Best time: 18.2948
After OOD adjustment: Training instances of last class: 0
After OOD adjustment: Testing instances of last class: 62
Epoch: 033, Runtime 3.816653, Loss 0.712810, forward nfe 0, backward nfe 0, Train: 0.9917, Val: 0.7860, Test: 0.7949, Best time: 18.2948
After OOD adjustment: Training instances of last class: 0
After OOD adjustment: Testing instances of last class: 62
Epoch: 034, Runtime 3.736078, Loss 0.675826, forward nfe 0, backward nfe 0, Train: 0.9917, Val: 0.7860, Test: 0.7949, Best time: 18.2948
After OOD adjustment: Training instances of last class: 0
After OOD adjustment: Testing instances of last class: 62
Epoch: 035, Runtime 3.767899, Loss 0.673055, forward nfe 0, backward nfe 0, Train: 0.9917, Val: 0.7860, Test: 0.7949, Best time: 18.2948
After OOD adjustment: Training instances of last class: 0
After OOD adjustment: Testing instances of last class: 62
Epoch: 036, Runtime 3.736538, Loss 0.623388, forward nfe 0, backward nfe 0, Train: 0.9917, Val: 0.7860, Test: 0.7949, Best time: 18.2948
After OOD adjustment: Training instances of last class: 0
After OOD adjustment: Testing instances of last class: 62
Epoch: 037, Runtime 3.773220, Loss 0.600803, forward nfe 0, backward nfe 0, Train: 0.9917, Val: 0.7860, Test: 0.7949, Best time: 18.2948
After OOD adjustment: Training instances of last class: 0
After OOD adjustment: Testing instances of last class: 62
Epoch: 038, Runtime 3.801355, Loss 0.588199, forward nfe 0, backward nfe 0, Train: 0.9917, Val: 0.7860, Test: 0.7949, Best time: 18.2948
After OOD adjustment: Training instances of last class: 0
After OOD adjustment: Testing instances of last class: 62
Epoch: 039, Runtime 3.735201, Loss 0.551278, forward nfe 0, backward nfe 0, Train: 0.9917, Val: 0.7860, Test: 0.7949, Best time: 18.2948
After OOD adjustment: Training instances of last class: 0
After OOD adjustment: Testing instances of last class: 62
Epoch: 040, Runtime 3.746852, Loss 0.535470, forward nfe 0, backward nfe 0, Train: 0.9917, Val: 0.7860, Test: 0.7949, Best time: 18.2948
After OOD adjustment: Training instances of last class: 0
After OOD adjustment: Testing instances of last class: 62
Epoch: 041, Runtime 3.775053, Loss 0.510734, forward nfe 0, backward nfe 0, Train: 0.9917, Val: 0.7860, Test: 0.7949, Best time: 18.2948
After OOD adjustment: Training instances of last class: 0
After OOD adjustment: Testing instances of last class: 62
Epoch: 042, Runtime 3.889832, Loss 0.490241, forward nfe 0, backward nfe 0, Train: 0.9917, Val: 0.7868, Test: 0.7929, Best time: 18.2948
After OOD adjustment: Training instances of last class: 0
After OOD adjustment: Testing instances of last class: 62
Epoch: 043, Runtime 3.816825, Loss 0.473829, forward nfe 0, backward nfe 0, Train: 0.9917, Val: 0.7897, Test: 0.7909, Best time: 18.2948
After OOD adjustment: Training instances of last class: 0
After OOD adjustment: Testing instances of last class: 62
Epoch: 044, Runtime 3.699609, Loss 0.453025, forward nfe 0, backward nfe 0, Train: 0.9917, Val: 0.7897, Test: 0.7909, Best time: 18.2948
After OOD adjustment: Training instances of last class: 0
After OOD adjustment: Testing instances of last class: 62
Epoch: 045, Runtime 3.727081, Loss 0.425975, forward nfe 0, backward nfe 0, Train: 0.9917, Val: 0.7897, Test: 0.7909, Best time: 18.2948
After OOD adjustment: Training instances of last class: 0
After OOD adjustment: Testing instances of last class: 62
Epoch: 046, Runtime 3.714288, Loss 0.406663, forward nfe 0, backward nfe 0, Train: 0.9917, Val: 0.7897, Test: 0.7909, Best time: 18.2948
After OOD adjustment: Training instances of last class: 0
After OOD adjustment: Testing instances of last class: 62
Epoch: 047, Runtime 3.744476, Loss 0.400946, forward nfe 0, backward nfe 0, Train: 0.9917, Val: 0.7897, Test: 0.7909, Best time: 18.2948
After OOD adjustment: Training instances of last class: 0
After OOD adjustment: Testing instances of last class: 62
Epoch: 048, Runtime 3.767550, Loss 0.378440, forward nfe 0, backward nfe 0, Train: 0.9917, Val: 0.7897, Test: 0.7909, Best time: 18.2948
After OOD adjustment: Training instances of last class: 0
After OOD adjustment: Testing instances of last class: 62
Epoch: 049, Runtime 3.729436, Loss 0.360048, forward nfe 0, backward nfe 0, Train: 0.9917, Val: 0.7897, Test: 0.7909, Best time: 18.2948
After OOD adjustment: Training instances of last class: 0
After OOD adjustment: Testing instances of last class: 62
Epoch: 050, Runtime 3.710782, Loss 0.334283, forward nfe 0, backward nfe 0, Train: 0.9917, Val: 0.7897, Test: 0.7909, Best time: 18.2948
After OOD adjustment: Training instances of last class: 0
After OOD adjustment: Testing instances of last class: 62
Epoch: 051, Runtime 3.748144, Loss 0.330238, forward nfe 0, backward nfe 0, Train: 0.9917, Val: 0.7897, Test: 0.7909, Best time: 18.2948
After OOD adjustment: Training instances of last class: 0
After OOD adjustment: Testing instances of last class: 62
Epoch: 052, Runtime 3.737046, Loss 0.311269, forward nfe 0, backward nfe 0, Train: 0.9917, Val: 0.7897, Test: 0.7909, Best time: 18.2948
After OOD adjustment: Training instances of last class: 0
After OOD adjustment: Testing instances of last class: 62
Epoch: 053, Runtime 3.791669, Loss 0.319372, forward nfe 0, backward nfe 0, Train: 0.9917, Val: 0.7897, Test: 0.7909, Best time: 18.2948
After OOD adjustment: Training instances of last class: 0
After OOD adjustment: Testing instances of last class: 62
Epoch: 054, Runtime 3.776907, Loss 0.295960, forward nfe 0, backward nfe 0, Train: 0.9917, Val: 0.7897, Test: 0.7909, Best time: 18.2948
After OOD adjustment: Training instances of last class: 0
After OOD adjustment: Testing instances of last class: 62
Epoch: 055, Runtime 3.857044, Loss 0.276609, forward nfe 0, backward nfe 0, Train: 0.9917, Val: 0.7904, Test: 0.7929, Best time: 18.2948
After OOD adjustment: Training instances of last class: 0
After OOD adjustment: Testing instances of last class: 62
Epoch: 056, Runtime 3.729753, Loss 0.268545, forward nfe 0, backward nfe 0, Train: 0.9917, Val: 0.7904, Test: 0.7929, Best time: 18.2948
After OOD adjustment: Training instances of last class: 0
After OOD adjustment: Testing instances of last class: 62
Epoch: 057, Runtime 3.717687, Loss 0.257686, forward nfe 0, backward nfe 0, Train: 0.9917, Val: 0.7904, Test: 0.7929, Best time: 18.2948
After OOD adjustment: Training instances of last class: 0
After OOD adjustment: Testing instances of last class: 62
Epoch: 058, Runtime 3.741298, Loss 0.238065, forward nfe 0, backward nfe 0, Train: 0.9917, Val: 0.7904, Test: 0.7929, Best time: 18.2948
After OOD adjustment: Training instances of last class: 0
After OOD adjustment: Testing instances of last class: 62
Epoch: 059, Runtime 3.765488, Loss 0.240808, forward nfe 0, backward nfe 0, Train: 0.9917, Val: 0.7904, Test: 0.7929, Best time: 18.2948
After OOD adjustment: Training instances of last class: 0
After OOD adjustment: Testing instances of last class: 62
Epoch: 060, Runtime 3.796670, Loss 0.225360, forward nfe 0, backward nfe 0, Train: 0.9917, Val: 0.7904, Test: 0.7929, Best time: 18.2948
After OOD adjustment: Training instances of last class: 0
After OOD adjustment: Testing instances of last class: 62
Epoch: 061, Runtime 3.712293, Loss 0.234761, forward nfe 0, backward nfe 0, Train: 0.9917, Val: 0.7904, Test: 0.7929, Best time: 18.2948
After OOD adjustment: Training instances of last class: 0
After OOD adjustment: Testing instances of last class: 62
Epoch: 062, Runtime 3.724288, Loss 0.203721, forward nfe 0, backward nfe 0, Train: 0.9917, Val: 0.7904, Test: 0.7929, Best time: 18.2948
After OOD adjustment: Training instances of last class: 0
After OOD adjustment: Testing instances of last class: 62
Epoch: 063, Runtime 3.726844, Loss 0.211727, forward nfe 0, backward nfe 0, Train: 0.9917, Val: 0.7904, Test: 0.7929, Best time: 18.2948
After OOD adjustment: Training instances of last class: 0
After OOD adjustment: Testing instances of last class: 62
Epoch: 064, Runtime 3.735215, Loss 0.193959, forward nfe 0, backward nfe 0, Train: 0.9917, Val: 0.7904, Test: 0.7929, Best time: 18.2948
After OOD adjustment: Training instances of last class: 0
After OOD adjustment: Testing instances of last class: 62
Epoch: 065, Runtime 3.781121, Loss 0.191230, forward nfe 0, backward nfe 0, Train: 0.9917, Val: 0.7904, Test: 0.7929, Best time: 18.2948
After OOD adjustment: Training instances of last class: 0
After OOD adjustment: Testing instances of last class: 62
Epoch: 066, Runtime 3.814588, Loss 0.171580, forward nfe 0, backward nfe 0, Train: 0.9917, Val: 0.7904, Test: 0.7929, Best time: 18.2948
After OOD adjustment: Training instances of last class: 0
After OOD adjustment: Testing instances of last class: 62
Epoch: 067, Runtime 3.739721, Loss 0.178014, forward nfe 0, backward nfe 0, Train: 0.9917, Val: 0.7904, Test: 0.7929, Best time: 18.2948
After OOD adjustment: Training instances of last class: 0
After OOD adjustment: Testing instances of last class: 62
Epoch: 068, Runtime 3.745027, Loss 0.166862, forward nfe 0, backward nfe 0, Train: 0.9917, Val: 0.7904, Test: 0.7929, Best time: 18.2948
After OOD adjustment: Training instances of last class: 0
After OOD adjustment: Testing instances of last class: 62
Epoch: 069, Runtime 3.780348, Loss 0.154923, forward nfe 0, backward nfe 0, Train: 0.9917, Val: 0.7904, Test: 0.7929, Best time: 18.2948
After OOD adjustment: Training instances of last class: 0
After OOD adjustment: Testing instances of last class: 62
Epoch: 070, Runtime 3.791591, Loss 0.152092, forward nfe 0, backward nfe 0, Train: 0.9917, Val: 0.7904, Test: 0.7929, Best time: 18.2948
After OOD adjustment: Training instances of last class: 0
After OOD adjustment: Testing instances of last class: 62
Epoch: 071, Runtime 3.777049, Loss 0.152548, forward nfe 0, backward nfe 0, Train: 0.9917, Val: 0.7904, Test: 0.7929, Best time: 18.2948
After OOD adjustment: Training instances of last class: 0
After OOD adjustment: Testing instances of last class: 62
Epoch: 072, Runtime 3.804922, Loss 0.143855, forward nfe 0, backward nfe 0, Train: 0.9917, Val: 0.7904, Test: 0.7929, Best time: 18.2948
After OOD adjustment: Training instances of last class: 0
After OOD adjustment: Testing instances of last class: 62
Epoch: 073, Runtime 3.755896, Loss 0.143775, forward nfe 0, backward nfe 0, Train: 0.9917, Val: 0.7904, Test: 0.7929, Best time: 18.2948
After OOD adjustment: Training instances of last class: 0
After OOD adjustment: Testing instances of last class: 62
Epoch: 074, Runtime 3.744944, Loss 0.138768, forward nfe 0, backward nfe 0, Train: 0.9917, Val: 0.7904, Test: 0.7929, Best time: 18.2948
After OOD adjustment: Training instances of last class: 0
After OOD adjustment: Testing instances of last class: 62
Epoch: 075, Runtime 3.749791, Loss 0.128006, forward nfe 0, backward nfe 0, Train: 0.9917, Val: 0.7904, Test: 0.7929, Best time: 18.2948
After OOD adjustment: Training instances of last class: 0
After OOD adjustment: Testing instances of last class: 62
Epoch: 076, Runtime 3.761285, Loss 0.131878, forward nfe 0, backward nfe 0, Train: 0.9917, Val: 0.7904, Test: 0.7929, Best time: 18.2948
After OOD adjustment: Training instances of last class: 0
After OOD adjustment: Testing instances of last class: 62
Epoch: 077, Runtime 3.795702, Loss 0.123560, forward nfe 0, backward nfe 0, Train: 0.9917, Val: 0.7904, Test: 0.7929, Best time: 18.2948
After OOD adjustment: Training instances of last class: 0
After OOD adjustment: Testing instances of last class: 62
Epoch: 078, Runtime 3.819805, Loss 0.117637, forward nfe 0, backward nfe 0, Train: 0.9917, Val: 0.7904, Test: 0.7929, Best time: 18.2948
After OOD adjustment: Training instances of last class: 0
After OOD adjustment: Testing instances of last class: 62
Epoch: 079, Runtime 3.777528, Loss 0.108313, forward nfe 0, backward nfe 0, Train: 0.9917, Val: 0.7904, Test: 0.7929, Best time: 18.2948
After OOD adjustment: Training instances of last class: 0
After OOD adjustment: Testing instances of last class: 62
Epoch: 080, Runtime 3.766437, Loss 0.111735, forward nfe 0, backward nfe 0, Train: 0.9917, Val: 0.7904, Test: 0.7929, Best time: 18.2948
After OOD adjustment: Training instances of last class: 0
After OOD adjustment: Testing instances of last class: 62
Epoch: 081, Runtime 3.771044, Loss 0.107186, forward nfe 0, backward nfe 0, Train: 0.9917, Val: 0.7904, Test: 0.7929, Best time: 18.2948
After OOD adjustment: Training instances of last class: 0
After OOD adjustment: Testing instances of last class: 62
Epoch: 082, Runtime 3.778352, Loss 0.105125, forward nfe 0, backward nfe 0, Train: 0.9917, Val: 0.7904, Test: 0.7929, Best time: 18.2948
After OOD adjustment: Training instances of last class: 0
After OOD adjustment: Testing instances of last class: 62
Epoch: 083, Runtime 3.782133, Loss 0.095397, forward nfe 0, backward nfe 0, Train: 0.9917, Val: 0.7904, Test: 0.7929, Best time: 18.2948
After OOD adjustment: Training instances of last class: 0
After OOD adjustment: Testing instances of last class: 62
Epoch: 084, Runtime 3.812849, Loss 0.105515, forward nfe 0, backward nfe 0, Train: 0.9917, Val: 0.7904, Test: 0.7929, Best time: 18.2948
After OOD adjustment: Training instances of last class: 0
After OOD adjustment: Testing instances of last class: 62
Epoch: 085, Runtime 3.799084, Loss 0.097784, forward nfe 0, backward nfe 0, Train: 0.9917, Val: 0.7904, Test: 0.7929, Best time: 18.2948
After OOD adjustment: Training instances of last class: 0
After OOD adjustment: Testing instances of last class: 62
Epoch: 086, Runtime 3.764593, Loss 0.096600, forward nfe 0, backward nfe 0, Train: 0.9917, Val: 0.7904, Test: 0.7929, Best time: 18.2948
After OOD adjustment: Training instances of last class: 0
After OOD adjustment: Testing instances of last class: 62
Epoch: 087, Runtime 3.788891, Loss 0.093884, forward nfe 0, backward nfe 0, Train: 0.9917, Val: 0.7904, Test: 0.7929, Best time: 18.2948
After OOD adjustment: Training instances of last class: 0
After OOD adjustment: Testing instances of last class: 62
Epoch: 088, Runtime 3.813191, Loss 0.084073, forward nfe 0, backward nfe 0, Train: 0.9917, Val: 0.7904, Test: 0.7929, Best time: 18.2948
After OOD adjustment: Training instances of last class: 0
After OOD adjustment: Testing instances of last class: 62
Epoch: 089, Runtime 3.851907, Loss 0.084047, forward nfe 0, backward nfe 0, Train: 0.9917, Val: 0.7904, Test: 0.7929, Best time: 18.2948
After OOD adjustment: Training instances of last class: 0
After OOD adjustment: Testing instances of last class: 62
Epoch: 090, Runtime 3.841286, Loss 0.080016, forward nfe 0, backward nfe 0, Train: 0.9917, Val: 0.7904, Test: 0.7929, Best time: 18.2948
After OOD adjustment: Training instances of last class: 0
After OOD adjustment: Testing instances of last class: 62
Epoch: 091, Runtime 3.804733, Loss 0.081495, forward nfe 0, backward nfe 0, Train: 0.9917, Val: 0.7904, Test: 0.7929, Best time: 18.2948
After OOD adjustment: Training instances of last class: 0
After OOD adjustment: Testing instances of last class: 62
Epoch: 092, Runtime 3.801486, Loss 0.085502, forward nfe 0, backward nfe 0, Train: 0.9917, Val: 0.7904, Test: 0.7929, Best time: 18.2948
After OOD adjustment: Training instances of last class: 0
After OOD adjustment: Testing instances of last class: 62
Epoch: 093, Runtime 3.834718, Loss 0.076701, forward nfe 0, backward nfe 0, Train: 0.9917, Val: 0.7904, Test: 0.7929, Best time: 18.2948
After OOD adjustment: Training instances of last class: 0
After OOD adjustment: Testing instances of last class: 62
Epoch: 094, Runtime 3.817364, Loss 0.080227, forward nfe 0, backward nfe 0, Train: 0.9917, Val: 0.7904, Test: 0.7929, Best time: 18.2948
After OOD adjustment: Training instances of last class: 0
After OOD adjustment: Testing instances of last class: 62
Epoch: 095, Runtime 3.817646, Loss 0.071292, forward nfe 0, backward nfe 0, Train: 0.9917, Val: 0.7904, Test: 0.7929, Best time: 18.2948
After OOD adjustment: Training instances of last class: 0
After OOD adjustment: Testing instances of last class: 62
Epoch: 096, Runtime 3.827909, Loss 0.070314, forward nfe 0, backward nfe 0, Train: 0.9917, Val: 0.7904, Test: 0.7929, Best time: 18.2948
After OOD adjustment: Training instances of last class: 0
After OOD adjustment: Testing instances of last class: 62
Epoch: 097, Runtime 3.783586, Loss 0.070907, forward nfe 0, backward nfe 0, Train: 0.9917, Val: 0.7904, Test: 0.7929, Best time: 18.2948
After OOD adjustment: Training instances of last class: 0
After OOD adjustment: Testing instances of last class: 62
Epoch: 098, Runtime 3.784880, Loss 0.070190, forward nfe 0, backward nfe 0, Train: 0.9917, Val: 0.7904, Test: 0.7929, Best time: 18.2948
After OOD adjustment: Training instances of last class: 0
After OOD adjustment: Testing instances of last class: 62
Epoch: 099, Runtime 3.787601, Loss 0.064150, forward nfe 0, backward nfe 0, Train: 0.9917, Val: 0.7904, Test: 0.7929, Best time: 18.2948
After OOD adjustment: Training instances of last class: 0
After OOD adjustment: Testing instances of last class: 62
Epoch: 100, Runtime 3.821457, Loss 0.064389, forward nfe 0, backward nfe 0, Train: 0.9917, Val: 0.7904, Test: 0.7929, Best time: 18.2948
After OOD adjustment: Training instances of last class: 0
After OOD adjustment: Testing instances of last class: 62
Epoch: 101, Runtime 3.828297, Loss 0.072285, forward nfe 0, backward nfe 0, Train: 0.9917, Val: 0.7904, Test: 0.7929, Best time: 18.2948
After OOD adjustment: Training instances of last class: 0
After OOD adjustment: Testing instances of last class: 62
Epoch: 102, Runtime 3.821490, Loss 0.064866, forward nfe 0, backward nfe 0, Train: 0.9917, Val: 0.7904, Test: 0.7929, Best time: 18.2948
After OOD adjustment: Training instances of last class: 0
After OOD adjustment: Testing instances of last class: 62
Epoch: 103, Runtime 3.807432, Loss 0.063677, forward nfe 0, backward nfe 0, Train: 0.9917, Val: 0.7904, Test: 0.7929, Best time: 18.2948
After OOD adjustment: Training instances of last class: 0
After OOD adjustment: Testing instances of last class: 62
Epoch: 104, Runtime 3.799138, Loss 0.061201, forward nfe 0, backward nfe 0, Train: 0.9917, Val: 0.7904, Test: 0.7929, Best time: 18.2948
After OOD adjustment: Training instances of last class: 0
After OOD adjustment: Testing instances of last class: 62
Epoch: 105, Runtime 3.840839, Loss 0.063569, forward nfe 0, backward nfe 0, Train: 0.9917, Val: 0.7904, Test: 0.7929, Best time: 18.2948
After OOD adjustment: Training instances of last class: 0
After OOD adjustment: Testing instances of last class: 62
Epoch: 106, Runtime 3.851838, Loss 0.058706, forward nfe 0, backward nfe 0, Train: 0.9917, Val: 0.7904, Test: 0.7929, Best time: 18.2948
After OOD adjustment: Training instances of last class: 0
After OOD adjustment: Testing instances of last class: 62
Epoch: 107, Runtime 3.850297, Loss 0.058324, forward nfe 0, backward nfe 0, Train: 0.9917, Val: 0.7904, Test: 0.7929, Best time: 18.2948
After OOD adjustment: Training instances of last class: 0
After OOD adjustment: Testing instances of last class: 62
Epoch: 108, Runtime 3.845024, Loss 0.054996, forward nfe 0, backward nfe 0, Train: 0.9917, Val: 0.7904, Test: 0.7929, Best time: 18.2948
After OOD adjustment: Training instances of last class: 0
After OOD adjustment: Testing instances of last class: 62
Epoch: 109, Runtime 3.820814, Loss 0.055056, forward nfe 0, backward nfe 0, Train: 0.9917, Val: 0.7904, Test: 0.7929, Best time: 18.2948
After OOD adjustment: Training instances of last class: 0
After OOD adjustment: Testing instances of last class: 62
Epoch: 110, Runtime 3.845664, Loss 0.053561, forward nfe 0, backward nfe 0, Train: 0.9917, Val: 0.7904, Test: 0.7929, Best time: 18.2948
After OOD adjustment: Training instances of last class: 0
After OOD adjustment: Testing instances of last class: 62
Epoch: 111, Runtime 3.839424, Loss 0.054351, forward nfe 0, backward nfe 0, Train: 0.9917, Val: 0.7904, Test: 0.7929, Best time: 18.2948
After OOD adjustment: Training instances of last class: 0
After OOD adjustment: Testing instances of last class: 62
Epoch: 112, Runtime 3.845337, Loss 0.055223, forward nfe 0, backward nfe 0, Train: 0.9917, Val: 0.7904, Test: 0.7929, Best time: 18.2948
After OOD adjustment: Training instances of last class: 0
After OOD adjustment: Testing instances of last class: 62
Epoch: 113, Runtime 3.860424, Loss 0.049948, forward nfe 0, backward nfe 0, Train: 0.9917, Val: 0.7904, Test: 0.7929, Best time: 18.2948
After OOD adjustment: Training instances of last class: 0
After OOD adjustment: Testing instances of last class: 62
Epoch: 114, Runtime 3.827908, Loss 0.049198, forward nfe 0, backward nfe 0, Train: 0.9917, Val: 0.7904, Test: 0.7929, Best time: 18.2948
After OOD adjustment: Training instances of last class: 0
After OOD adjustment: Testing instances of last class: 62
Epoch: 115, Runtime 3.811752, Loss 0.050850, forward nfe 0, backward nfe 0, Train: 0.9917, Val: 0.7904, Test: 0.7929, Best time: 18.2948
After OOD adjustment: Training instances of last class: 0
After OOD adjustment: Testing instances of last class: 62
Epoch: 116, Runtime 3.826004, Loss 0.044438, forward nfe 0, backward nfe 0, Train: 0.9917, Val: 0.7904, Test: 0.7929, Best time: 18.2948
After OOD adjustment: Training instances of last class: 0
After OOD adjustment: Testing instances of last class: 62
Epoch: 117, Runtime 3.832648, Loss 0.045908, forward nfe 0, backward nfe 0, Train: 0.9917, Val: 0.7904, Test: 0.7929, Best time: 18.2948
After OOD adjustment: Training instances of last class: 0
After OOD adjustment: Testing instances of last class: 62
Epoch: 118, Runtime 3.849165, Loss 0.046760, forward nfe 0, backward nfe 0, Train: 0.9917, Val: 0.7904, Test: 0.7929, Best time: 18.2948
After OOD adjustment: Training instances of last class: 0
After OOD adjustment: Testing instances of last class: 62
Epoch: 119, Runtime 3.835289, Loss 0.047360, forward nfe 0, backward nfe 0, Train: 0.9917, Val: 0.7904, Test: 0.7929, Best time: 18.2948
After OOD adjustment: Training instances of last class: 0
After OOD adjustment: Testing instances of last class: 62
Epoch: 120, Runtime 3.879452, Loss 0.045200, forward nfe 0, backward nfe 0, Train: 0.9917, Val: 0.7904, Test: 0.7929, Best time: 18.2948
After OOD adjustment: Training instances of last class: 0
After OOD adjustment: Testing instances of last class: 62
Epoch: 121, Runtime 3.846133, Loss 0.045590, forward nfe 0, backward nfe 0, Train: 0.9917, Val: 0.7904, Test: 0.7929, Best time: 18.2948
After OOD adjustment: Training instances of last class: 0
After OOD adjustment: Testing instances of last class: 62
Epoch: 122, Runtime 3.842395, Loss 0.042985, forward nfe 0, backward nfe 0, Train: 0.9917, Val: 0.7904, Test: 0.7929, Best time: 18.2948
After OOD adjustment: Training instances of last class: 0
After OOD adjustment: Testing instances of last class: 62
Epoch: 123, Runtime 3.865372, Loss 0.039656, forward nfe 0, backward nfe 0, Train: 0.9917, Val: 0.7904, Test: 0.7929, Best time: 18.2948
After OOD adjustment: Training instances of last class: 0
After OOD adjustment: Testing instances of last class: 62
Epoch: 124, Runtime 3.851102, Loss 0.043427, forward nfe 0, backward nfe 0, Train: 0.9917, Val: 0.7904, Test: 0.7929, Best time: 18.2948
After OOD adjustment: Training instances of last class: 0
After OOD adjustment: Testing instances of last class: 62
Epoch: 125, Runtime 3.897961, Loss 0.043085, forward nfe 0, backward nfe 0, Train: 0.9917, Val: 0.7904, Test: 0.7929, Best time: 18.2948
After OOD adjustment: Training instances of last class: 0
After OOD adjustment: Testing instances of last class: 62
Epoch: 126, Runtime 3.898593, Loss 0.040197, forward nfe 0, backward nfe 0, Train: 0.9917, Val: 0.7904, Test: 0.7929, Best time: 18.2948
After OOD adjustment: Training instances of last class: 0
After OOD adjustment: Testing instances of last class: 62
Epoch: 127, Runtime 3.835784, Loss 0.041794, forward nfe 0, backward nfe 0, Train: 0.9917, Val: 0.7904, Test: 0.7929, Best time: 18.2948
After OOD adjustment: Training instances of last class: 0
After OOD adjustment: Testing instances of last class: 62
Epoch: 128, Runtime 3.815446, Loss 0.038462, forward nfe 0, backward nfe 0, Train: 0.9917, Val: 0.7904, Test: 0.7929, Best time: 18.2948
After OOD adjustment: Training instances of last class: 0
After OOD adjustment: Testing instances of last class: 62
Epoch: 129, Runtime 3.839674, Loss 0.042042, forward nfe 0, backward nfe 0, Train: 0.9917, Val: 0.7904, Test: 0.7929, Best time: 18.2948
After OOD adjustment: Training instances of last class: 0
After OOD adjustment: Testing instances of last class: 62
Epoch: 130, Runtime 3.841444, Loss 0.044053, forward nfe 0, backward nfe 0, Train: 0.9917, Val: 0.7904, Test: 0.7929, Best time: 18.2948
After OOD adjustment: Training instances of last class: 0
After OOD adjustment: Testing instances of last class: 62
Epoch: 131, Runtime 3.822388, Loss 0.041425, forward nfe 0, backward nfe 0, Train: 0.9917, Val: 0.7904, Test: 0.7929, Best time: 18.2948
After OOD adjustment: Training instances of last class: 0
After OOD adjustment: Testing instances of last class: 62
Epoch: 132, Runtime 3.879028, Loss 0.036161, forward nfe 0, backward nfe 0, Train: 0.9917, Val: 0.7904, Test: 0.7929, Best time: 18.2948
After OOD adjustment: Training instances of last class: 0
After OOD adjustment: Testing instances of last class: 62
Epoch: 133, Runtime 3.865275, Loss 0.038882, forward nfe 0, backward nfe 0, Train: 0.9917, Val: 0.7904, Test: 0.7929, Best time: 18.2948
After OOD adjustment: Training instances of last class: 0
After OOD adjustment: Testing instances of last class: 62
Epoch: 134, Runtime 3.829612, Loss 0.035778, forward nfe 0, backward nfe 0, Train: 0.9917, Val: 0.7904, Test: 0.7929, Best time: 18.2948
After OOD adjustment: Training instances of last class: 0
After OOD adjustment: Testing instances of last class: 62
Epoch: 135, Runtime 3.847145, Loss 0.038963, forward nfe 0, backward nfe 0, Train: 0.9917, Val: 0.7904, Test: 0.7929, Best time: 18.2948
After OOD adjustment: Training instances of last class: 0
After OOD adjustment: Testing instances of last class: 62
Epoch: 136, Runtime 3.854360, Loss 0.033878, forward nfe 0, backward nfe 0, Train: 0.9917, Val: 0.7904, Test: 0.7929, Best time: 18.2948
After OOD adjustment: Training instances of last class: 0
After OOD adjustment: Testing instances of last class: 62
Epoch: 137, Runtime 4.208006, Loss 0.034742, forward nfe 0, backward nfe 0, Train: 0.9917, Val: 0.7904, Test: 0.7929, Best time: 18.2948
After OOD adjustment: Training instances of last class: 0
After OOD adjustment: Testing instances of last class: 62
Epoch: 138, Runtime 4.659578, Loss 0.030469, forward nfe 0, backward nfe 0, Train: 0.9917, Val: 0.7904, Test: 0.7929, Best time: 18.2948
After OOD adjustment: Training instances of last class: 0
After OOD adjustment: Testing instances of last class: 62
Epoch: 139, Runtime 5.215376, Loss 0.034736, forward nfe 0, backward nfe 0, Train: 0.9917, Val: 0.7904, Test: 0.7929, Best time: 18.2948
After OOD adjustment: Training instances of last class: 0
After OOD adjustment: Testing instances of last class: 62
Epoch: 140, Runtime 5.216677, Loss 0.035739, forward nfe 0, backward nfe 0, Train: 0.9917, Val: 0.7904, Test: 0.7929, Best time: 18.2948
After OOD adjustment: Training instances of last class: 0
After OOD adjustment: Testing instances of last class: 62
Epoch: 141, Runtime 5.091274, Loss 0.034500, forward nfe 0, backward nfe 0, Train: 0.9917, Val: 0.7904, Test: 0.7929, Best time: 18.2948
After OOD adjustment: Training instances of last class: 0
After OOD adjustment: Testing instances of last class: 62
Epoch: 142, Runtime 5.276667, Loss 0.037188, forward nfe 0, backward nfe 0, Train: 0.9917, Val: 0.7904, Test: 0.7929, Best time: 18.2948
After OOD adjustment: Training instances of last class: 0
After OOD adjustment: Testing instances of last class: 62
Epoch: 143, Runtime 5.146219, Loss 0.033080, forward nfe 0, backward nfe 0, Train: 0.9917, Val: 0.7904, Test: 0.7929, Best time: 18.2948
After OOD adjustment: Training instances of last class: 0
After OOD adjustment: Testing instances of last class: 62
Epoch: 144, Runtime 5.211957, Loss 0.033913, forward nfe 0, backward nfe 0, Train: 0.9917, Val: 0.7904, Test: 0.7929, Best time: 18.2948
After OOD adjustment: Training instances of last class: 0
After OOD adjustment: Testing instances of last class: 62
Epoch: 145, Runtime 5.266525, Loss 0.032061, forward nfe 0, backward nfe 0, Train: 0.9917, Val: 0.7904, Test: 0.7929, Best time: 18.2948
After OOD adjustment: Training instances of last class: 0
After OOD adjustment: Testing instances of last class: 62
Epoch: 146, Runtime 4.986483, Loss 0.033476, forward nfe 0, backward nfe 0, Train: 0.9917, Val: 0.7904, Test: 0.7929, Best time: 18.2948
After OOD adjustment: Training instances of last class: 0
After OOD adjustment: Testing instances of last class: 62
Epoch: 147, Runtime 4.962579, Loss 0.028603, forward nfe 0, backward nfe 0, Train: 0.9917, Val: 0.7904, Test: 0.7929, Best time: 18.2948
After OOD adjustment: Training instances of last class: 0
After OOD adjustment: Testing instances of last class: 62
Epoch: 148, Runtime 4.772942, Loss 0.032337, forward nfe 0, backward nfe 0, Train: 0.9917, Val: 0.7904, Test: 0.7929, Best time: 18.2948
After OOD adjustment: Training instances of last class: 0
After OOD adjustment: Testing instances of last class: 62
Epoch: 149, Runtime 4.981887, Loss 0.028849, forward nfe 0, backward nfe 0, Train: 0.9917, Val: 0.7904, Test: 0.7929, Best time: 18.2948
After OOD adjustment: Training instances of last class: 0
After OOD adjustment: Testing instances of last class: 62
Epoch: 150, Runtime 4.772821, Loss 0.028971, forward nfe 0, backward nfe 0, Train: 0.9917, Val: 0.7904, Test: 0.7929, Best time: 18.2948
After OOD adjustment: Training instances of last class: 0
After OOD adjustment: Testing instances of last class: 62
Epoch: 151, Runtime 5.187680, Loss 0.027758, forward nfe 0, backward nfe 0, Train: 0.9917, Val: 0.7904, Test: 0.7929, Best time: 18.2948
After OOD adjustment: Training instances of last class: 0
After OOD adjustment: Testing instances of last class: 62
Epoch: 152, Runtime 4.778116, Loss 0.027176, forward nfe 0, backward nfe 0, Train: 0.9917, Val: 0.7904, Test: 0.7929, Best time: 18.2948
After OOD adjustment: Training instances of last class: 0
After OOD adjustment: Testing instances of last class: 62
Epoch: 153, Runtime 5.167248, Loss 0.030910, forward nfe 0, backward nfe 0, Train: 0.9917, Val: 0.7904, Test: 0.7929, Best time: 18.2948
After OOD adjustment: Training instances of last class: 0
After OOD adjustment: Testing instances of last class: 62
Epoch: 154, Runtime 4.945368, Loss 0.029832, forward nfe 0, backward nfe 0, Train: 0.9917, Val: 0.7904, Test: 0.7929, Best time: 18.2948
After OOD adjustment: Training instances of last class: 0
After OOD adjustment: Testing instances of last class: 62
Epoch: 155, Runtime 5.099598, Loss 0.028443, forward nfe 0, backward nfe 0, Train: 0.9917, Val: 0.7904, Test: 0.7929, Best time: 18.2948
After OOD adjustment: Training instances of last class: 0
After OOD adjustment: Testing instances of last class: 62
Epoch: 156, Runtime 4.934426, Loss 0.029104, forward nfe 0, backward nfe 0, Train: 0.9917, Val: 0.7904, Test: 0.7929, Best time: 18.2948
After OOD adjustment: Training instances of last class: 0
After OOD adjustment: Testing instances of last class: 62
Epoch: 157, Runtime 4.871262, Loss 0.027190, forward nfe 0, backward nfe 0, Train: 0.9917, Val: 0.7904, Test: 0.7929, Best time: 18.2948
After OOD adjustment: Training instances of last class: 0
After OOD adjustment: Testing instances of last class: 62
Epoch: 158, Runtime 4.712034, Loss 0.027121, forward nfe 0, backward nfe 0, Train: 0.9917, Val: 0.7904, Test: 0.7929, Best time: 18.2948
After OOD adjustment: Training instances of last class: 0
After OOD adjustment: Testing instances of last class: 62
Epoch: 159, Runtime 4.855194, Loss 0.024534, forward nfe 0, backward nfe 0, Train: 0.9917, Val: 0.7904, Test: 0.7929, Best time: 18.2948
After OOD adjustment: Training instances of last class: 0
After OOD adjustment: Testing instances of last class: 62
Epoch: 160, Runtime 5.057382, Loss 0.026228, forward nfe 0, backward nfe 0, Train: 0.9917, Val: 0.7904, Test: 0.7929, Best time: 18.2948
After OOD adjustment: Training instances of last class: 0
After OOD adjustment: Testing instances of last class: 62
Epoch: 161, Runtime 5.091637, Loss 0.025499, forward nfe 0, backward nfe 0, Train: 0.9917, Val: 0.7904, Test: 0.7929, Best time: 18.2948
After OOD adjustment: Training instances of last class: 0
After OOD adjustment: Testing instances of last class: 62
Epoch: 162, Runtime 4.794952, Loss 0.023753, forward nfe 0, backward nfe 0, Train: 0.9917, Val: 0.7904, Test: 0.7929, Best time: 18.2948
After OOD adjustment: Training instances of last class: 0
After OOD adjustment: Testing instances of last class: 62
Epoch: 163, Runtime 4.863167, Loss 0.026327, forward nfe 0, backward nfe 0, Train: 0.9917, Val: 0.7904, Test: 0.7929, Best time: 18.2948
After OOD adjustment: Training instances of last class: 0
After OOD adjustment: Testing instances of last class: 62
Epoch: 164, Runtime 4.836271, Loss 0.024302, forward nfe 0, backward nfe 0, Train: 0.9917, Val: 0.7904, Test: 0.7929, Best time: 18.2948
After OOD adjustment: Training instances of last class: 0
After OOD adjustment: Testing instances of last class: 62
Epoch: 165, Runtime 4.795871, Loss 0.025126, forward nfe 0, backward nfe 0, Train: 0.9917, Val: 0.7904, Test: 0.7929, Best time: 18.2948
After OOD adjustment: Training instances of last class: 0
After OOD adjustment: Testing instances of last class: 62
Epoch: 166, Runtime 5.168638, Loss 0.026967, forward nfe 0, backward nfe 0, Train: 0.9917, Val: 0.7904, Test: 0.7929, Best time: 18.2948
After OOD adjustment: Training instances of last class: 0
After OOD adjustment: Testing instances of last class: 62
Epoch: 167, Runtime 5.065562, Loss 0.024945, forward nfe 0, backward nfe 0, Train: 0.9917, Val: 0.7904, Test: 0.7929, Best time: 18.2948
After OOD adjustment: Training instances of last class: 0
After OOD adjustment: Testing instances of last class: 62
Epoch: 168, Runtime 4.949997, Loss 0.022619, forward nfe 0, backward nfe 0, Train: 0.9917, Val: 0.7904, Test: 0.7929, Best time: 18.2948
After OOD adjustment: Training instances of last class: 0
After OOD adjustment: Testing instances of last class: 62
Epoch: 169, Runtime 4.813846, Loss 0.022408, forward nfe 0, backward nfe 0, Train: 0.9917, Val: 0.7904, Test: 0.7929, Best time: 18.2948
After OOD adjustment: Training instances of last class: 0
After OOD adjustment: Testing instances of last class: 62
Epoch: 170, Runtime 4.675893, Loss 0.025368, forward nfe 0, backward nfe 0, Train: 0.9917, Val: 0.7904, Test: 0.7929, Best time: 18.2948
After OOD adjustment: Training instances of last class: 0
After OOD adjustment: Testing instances of last class: 62
Epoch: 171, Runtime 4.808408, Loss 0.022980, forward nfe 0, backward nfe 0, Train: 0.9917, Val: 0.7904, Test: 0.7929, Best time: 18.2948
After OOD adjustment: Training instances of last class: 0
After OOD adjustment: Testing instances of last class: 62
Epoch: 172, Runtime 4.656194, Loss 0.022297, forward nfe 0, backward nfe 0, Train: 0.9917, Val: 0.7904, Test: 0.7929, Best time: 18.2948
After OOD adjustment: Training instances of last class: 0
After OOD adjustment: Testing instances of last class: 62
Epoch: 173, Runtime 4.739672, Loss 0.023159, forward nfe 0, backward nfe 0, Train: 0.9917, Val: 0.7904, Test: 0.7929, Best time: 18.2948
After OOD adjustment: Training instances of last class: 0
After OOD adjustment: Testing instances of last class: 62
Epoch: 174, Runtime 4.942085, Loss 0.024899, forward nfe 0, backward nfe 0, Train: 0.9917, Val: 0.7904, Test: 0.7929, Best time: 18.2948
After OOD adjustment: Training instances of last class: 0
After OOD adjustment: Testing instances of last class: 62
Epoch: 175, Runtime 4.794393, Loss 0.021624, forward nfe 0, backward nfe 0, Train: 0.9917, Val: 0.7904, Test: 0.7929, Best time: 18.2948
After OOD adjustment: Training instances of last class: 0
After OOD adjustment: Testing instances of last class: 62
Epoch: 176, Runtime 4.853575, Loss 0.020811, forward nfe 0, backward nfe 0, Train: 0.9917, Val: 0.7904, Test: 0.7929, Best time: 18.2948
After OOD adjustment: Training instances of last class: 0
After OOD adjustment: Testing instances of last class: 62
Epoch: 177, Runtime 4.633269, Loss 0.022466, forward nfe 0, backward nfe 0, Train: 0.9917, Val: 0.7904, Test: 0.7929, Best time: 18.2948
After OOD adjustment: Training instances of last class: 0
After OOD adjustment: Testing instances of last class: 62
Epoch: 178, Runtime 4.936071, Loss 0.021351, forward nfe 0, backward nfe 0, Train: 0.9917, Val: 0.7904, Test: 0.7929, Best time: 18.2948
After OOD adjustment: Training instances of last class: 0
After OOD adjustment: Testing instances of last class: 62
Epoch: 179, Runtime 5.173111, Loss 0.022197, forward nfe 0, backward nfe 0, Train: 0.9917, Val: 0.7904, Test: 0.7929, Best time: 18.2948
After OOD adjustment: Training instances of last class: 0
After OOD adjustment: Testing instances of last class: 62
Epoch: 180, Runtime 4.937441, Loss 0.023933, forward nfe 0, backward nfe 0, Train: 0.9917, Val: 0.7904, Test: 0.7929, Best time: 18.2948
After OOD adjustment: Training instances of last class: 0
After OOD adjustment: Testing instances of last class: 62
Epoch: 181, Runtime 4.965052, Loss 0.020102, forward nfe 0, backward nfe 0, Train: 0.9917, Val: 0.7904, Test: 0.7929, Best time: 18.2948
After OOD adjustment: Training instances of last class: 0
After OOD adjustment: Testing instances of last class: 62
Epoch: 182, Runtime 4.615997, Loss 0.019555, forward nfe 0, backward nfe 0, Train: 0.9917, Val: 0.7904, Test: 0.7929, Best time: 18.2948
After OOD adjustment: Training instances of last class: 0
After OOD adjustment: Testing instances of last class: 62
Epoch: 183, Runtime 5.211494, Loss 0.018738, forward nfe 0, backward nfe 0, Train: 0.9917, Val: 0.7904, Test: 0.7929, Best time: 18.2948
After OOD adjustment: Training instances of last class: 0
After OOD adjustment: Testing instances of last class: 62
Epoch: 184, Runtime 4.686173, Loss 0.021679, forward nfe 0, backward nfe 0, Train: 0.9917, Val: 0.7904, Test: 0.7929, Best time: 18.2948
After OOD adjustment: Training instances of last class: 0
After OOD adjustment: Testing instances of last class: 62
Epoch: 185, Runtime 5.078035, Loss 0.017235, forward nfe 0, backward nfe 0, Train: 0.9917, Val: 0.7904, Test: 0.7929, Best time: 18.2948
After OOD adjustment: Training instances of last class: 0
After OOD adjustment: Testing instances of last class: 62
Epoch: 186, Runtime 5.165176, Loss 0.019140, forward nfe 0, backward nfe 0, Train: 0.9917, Val: 0.7904, Test: 0.7929, Best time: 18.2948
After OOD adjustment: Training instances of last class: 0
After OOD adjustment: Testing instances of last class: 62
Epoch: 187, Runtime 4.721696, Loss 0.019543, forward nfe 0, backward nfe 0, Train: 0.9917, Val: 0.7904, Test: 0.7929, Best time: 18.2948
After OOD adjustment: Training instances of last class: 0
After OOD adjustment: Testing instances of last class: 62
Epoch: 188, Runtime 5.004799, Loss 0.019621, forward nfe 0, backward nfe 0, Train: 0.9917, Val: 0.7904, Test: 0.7929, Best time: 18.2948
After OOD adjustment: Training instances of last class: 0
After OOD adjustment: Testing instances of last class: 62
Epoch: 189, Runtime 4.918775, Loss 0.019444, forward nfe 0, backward nfe 0, Train: 0.9917, Val: 0.7904, Test: 0.7929, Best time: 18.2948
After OOD adjustment: Training instances of last class: 0
After OOD adjustment: Testing instances of last class: 62
Epoch: 190, Runtime 4.939466, Loss 0.016897, forward nfe 0, backward nfe 0, Train: 0.9917, Val: 0.7904, Test: 0.7929, Best time: 18.2948
After OOD adjustment: Training instances of last class: 0
After OOD adjustment: Testing instances of last class: 62
Epoch: 191, Runtime 4.816871, Loss 0.016302, forward nfe 0, backward nfe 0, Train: 0.9917, Val: 0.7904, Test: 0.7929, Best time: 18.2948
After OOD adjustment: Training instances of last class: 0
After OOD adjustment: Testing instances of last class: 62
Epoch: 192, Runtime 4.955333, Loss 0.018742, forward nfe 0, backward nfe 0, Train: 0.9917, Val: 0.7904, Test: 0.7929, Best time: 18.2948
After OOD adjustment: Training instances of last class: 0
After OOD adjustment: Testing instances of last class: 62
Epoch: 193, Runtime 4.745347, Loss 0.018598, forward nfe 0, backward nfe 0, Train: 0.9917, Val: 0.7904, Test: 0.7929, Best time: 18.2948
After OOD adjustment: Training instances of last class: 0
After OOD adjustment: Testing instances of last class: 62
Epoch: 194, Runtime 5.068830, Loss 0.017460, forward nfe 0, backward nfe 0, Train: 0.9917, Val: 0.7904, Test: 0.7929, Best time: 18.2948
After OOD adjustment: Training instances of last class: 0
After OOD adjustment: Testing instances of last class: 62
Epoch: 195, Runtime 4.896841, Loss 0.018006, forward nfe 0, backward nfe 0, Train: 0.9917, Val: 0.7904, Test: 0.7929, Best time: 18.2948
After OOD adjustment: Training instances of last class: 0
After OOD adjustment: Testing instances of last class: 62
Epoch: 196, Runtime 5.063614, Loss 0.019162, forward nfe 0, backward nfe 0, Train: 0.9917, Val: 0.7904, Test: 0.7929, Best time: 18.2948
After OOD adjustment: Training instances of last class: 0
After OOD adjustment: Testing instances of last class: 62
Epoch: 197, Runtime 5.188987, Loss 0.019818, forward nfe 0, backward nfe 0, Train: 0.9917, Val: 0.7904, Test: 0.7929, Best time: 18.2948
After OOD adjustment: Training instances of last class: 0
After OOD adjustment: Testing instances of last class: 62
Epoch: 198, Runtime 4.860307, Loss 0.017511, forward nfe 0, backward nfe 0, Train: 0.9917, Val: 0.7904, Test: 0.7929, Best time: 18.2948
After OOD adjustment: Training instances of last class: 0
After OOD adjustment: Testing instances of last class: 62
Epoch: 199, Runtime 4.975107, Loss 0.016811, forward nfe 0, backward nfe 0, Train: 0.9917, Val: 0.7904, Test: 0.7929, Best time: 18.2948
best val accuracy 0.790441 with test accuracy 0.792893 at epoch 55 and best time 18.294754
base_directory resutls_prob/OOD_Cora
new_name:  lgnsde_ODD
file_path 1 resutls_prob/OOD_Cora/lgnsde_ODD_prediction_probabilities_78.npz
file_path 2 resutls_prob/OOD_Cora/lgnsde_ODD_prediction_probabilities_78.npz
Entropy Threshold: inf Test accuracy: 0.7898477157360406
Entropy Threshold: 2 Test accuracy: 0.7888324873096447
Entropy Threshold: 1.6 Test accuracy: 0.8531553398058253
Entropy Threshold: 1.5 Test accuracy: 0.8846153846153846
Entropy Threshold: 1.4 Test accuracy: 0.9136442141623489
Entropy Threshold: 1.3 Test accuracy: 0.9446808510638298
Entropy Threshold: 1.2 Test accuracy: 0.9571788413098237
Entropy Threshold: 1.1 Test accuracy: 0.9607250755287009
Entropy Threshold: 0.9 Test accuracy: 0.9651741293532339
Entropy Threshold: 0.8 Test accuracy: 0.9745222929936306
Entropy Threshold: 0.7 Test accuracy: 0.9739130434782609
Entropy Threshold: 0.6 Test accuracy: 0.9882352941176471
Entropy Threshold: 0.5 Test accuracy: 1.0
Entropy Threshold: 0.4 Test accuracy: 1.0
Entropy Threshold: 0.3 Test accuracy: 1.0
Entropy Threshold: 0.2 Test accuracy: 1.0
Entropy Threshold: 0.1 Test accuracy: None
