[KeOps] Warning : cuda was detected, but driver API could not be initialized. Switching to cpu only.
Folder already exists: results/citeseer
experiment: 0
Dataset size (num_nodes): 2120, Intended development set size (num_development): 1500
Dataset size (num_nodes): 2120, Actual development set size (num_development): 1500
rations: train 120, val 1380, test 620
Before OOD adjustment: Total instances of last class: 304
Before OOD adjustment: Training instances of last class: 20
Before OOD adjustment: Testing instances of last class: 93
Before OOD adjustment: Val instances of last class: 191
total train + val+ test 304
After OOD adjustment: Training instances of last class: 0
After OOD adjustment: Testing instances of last class: 93
Total number of classes: 6
number of classes to train: 5
Dataset size (num_nodes): 2120, Intended development set size (num_development): 1500
Dataset size (num_nodes): 2120, Actual development set size (num_development): 1500
rations: train 120, val 1380, test 620
within set_train_val_test_split function!
Before OOD adjustment: Total instances of last class: 304
Before OOD adjustment: Training instances of last class: 20
Before OOD adjustment: Testing instances of last class: 81
Before OOD adjustment: Val instances of last class: 203
total train + val+ test 304
After OOD adjustment: Training instances of last class: 0
After OOD adjustment: Testing instances of last class: 81
BayesianGCN(
  (bayes_conv1): BayesianGCNConv(3703, 64)
  (bayes_conv3): BayesianGCNConv(64, 5)
)
bayes_conv1.mu_weight
torch.Size([64, 3703])
bayes_conv1.rho_weight
torch.Size([64, 3703])
bayes_conv1.mu_bias
torch.Size([64])
bayes_conv1.rho_bias
torch.Size([64])
bayes_conv3.mu_weight
torch.Size([5, 64])
bayes_conv3.rho_weight
torch.Size([5, 64])
bayes_conv3.mu_bias
torch.Size([5])
bayes_conv3.rho_bias
torch.Size([5])
After OOD adjustment: Training instances of last class: 0
After OOD adjustment: Testing instances of last class: 81
Epoch: 001, Runtime 0.060404, Loss 1.954026, forward nfe 0, backward nfe 0, Train: 0.2000, Val: 0.0920, Test: 0.1032, Best time: 7.8741
After OOD adjustment: Training instances of last class: 0
After OOD adjustment: Testing instances of last class: 81
Epoch: 002, Runtime 0.182745, Loss 1.737754, forward nfe 0, backward nfe 0, Train: 0.3800, Val: 0.3130, Test: 0.2887, Best time: 7.8741
After OOD adjustment: Training instances of last class: 0
After OOD adjustment: Testing instances of last class: 81
Epoch: 003, Runtime 0.050410, Loss 1.716554, forward nfe 0, backward nfe 0, Train: 0.3800, Val: 0.3130, Test: 0.2887, Best time: 7.8741
After OOD adjustment: Training instances of last class: 0
After OOD adjustment: Testing instances of last class: 81
Epoch: 004, Runtime 0.048659, Loss 1.621087, forward nfe 0, backward nfe 0, Train: 0.3800, Val: 0.3130, Test: 0.2887, Best time: 7.8741
After OOD adjustment: Training instances of last class: 0
After OOD adjustment: Testing instances of last class: 81
Epoch: 005, Runtime 0.049015, Loss 1.616526, forward nfe 0, backward nfe 0, Train: 0.3800, Val: 0.3130, Test: 0.2887, Best time: 7.8741
After OOD adjustment: Training instances of last class: 0
After OOD adjustment: Testing instances of last class: 81
Epoch: 006, Runtime 0.044491, Loss 1.667340, forward nfe 0, backward nfe 0, Train: 0.3800, Val: 0.3130, Test: 0.2887, Best time: 7.8741
After OOD adjustment: Training instances of last class: 0
After OOD adjustment: Testing instances of last class: 81
Epoch: 007, Runtime 0.049500, Loss 1.474884, forward nfe 0, backward nfe 0, Train: 0.3800, Val: 0.3130, Test: 0.2887, Best time: 7.8741
After OOD adjustment: Training instances of last class: 0
After OOD adjustment: Testing instances of last class: 81
Epoch: 008, Runtime 0.170563, Loss 1.525442, forward nfe 0, backward nfe 0, Train: 0.4500, Val: 0.3623, Test: 0.3210, Best time: 7.8741
After OOD adjustment: Training instances of last class: 0
After OOD adjustment: Testing instances of last class: 81
Epoch: 009, Runtime 0.050056, Loss 1.428406, forward nfe 0, backward nfe 0, Train: 0.4500, Val: 0.3623, Test: 0.3210, Best time: 7.8741
After OOD adjustment: Training instances of last class: 0
After OOD adjustment: Testing instances of last class: 81
Epoch: 010, Runtime 0.047922, Loss 1.418793, forward nfe 0, backward nfe 0, Train: 0.4500, Val: 0.3623, Test: 0.3210, Best time: 7.8741
After OOD adjustment: Training instances of last class: 0
After OOD adjustment: Testing instances of last class: 81
Epoch: 011, Runtime 0.047574, Loss 1.364277, forward nfe 0, backward nfe 0, Train: 0.4500, Val: 0.3623, Test: 0.3210, Best time: 7.8741
After OOD adjustment: Training instances of last class: 0
After OOD adjustment: Testing instances of last class: 81
Epoch: 012, Runtime 0.047645, Loss 1.355661, forward nfe 0, backward nfe 0, Train: 0.4500, Val: 0.3623, Test: 0.3210, Best time: 7.8741
After OOD adjustment: Training instances of last class: 0
After OOD adjustment: Testing instances of last class: 81
Epoch: 013, Runtime 0.047526, Loss 1.355574, forward nfe 0, backward nfe 0, Train: 0.4500, Val: 0.3623, Test: 0.3210, Best time: 7.8741
After OOD adjustment: Training instances of last class: 0
After OOD adjustment: Testing instances of last class: 81
Epoch: 014, Runtime 0.169484, Loss 1.354183, forward nfe 0, backward nfe 0, Train: 0.5500, Val: 0.3833, Test: 0.4000, Best time: 7.8741
After OOD adjustment: Training instances of last class: 0
After OOD adjustment: Testing instances of last class: 81
Epoch: 015, Runtime 0.051997, Loss 1.283824, forward nfe 0, backward nfe 0, Train: 0.5500, Val: 0.3833, Test: 0.4000, Best time: 7.8741
After OOD adjustment: Training instances of last class: 0
After OOD adjustment: Testing instances of last class: 81
Epoch: 016, Runtime 0.172144, Loss 1.337789, forward nfe 0, backward nfe 0, Train: 0.6400, Val: 0.4732, Test: 0.4565, Best time: 7.8741
After OOD adjustment: Training instances of last class: 0
After OOD adjustment: Testing instances of last class: 81
Epoch: 017, Runtime 0.174482, Loss 1.223668, forward nfe 0, backward nfe 0, Train: 0.7100, Val: 0.5080, Test: 0.4726, Best time: 7.8741
After OOD adjustment: Training instances of last class: 0
After OOD adjustment: Testing instances of last class: 81
Epoch: 018, Runtime 0.174063, Loss 1.188583, forward nfe 0, backward nfe 0, Train: 0.8200, Val: 0.5384, Test: 0.5194, Best time: 7.8741
After OOD adjustment: Training instances of last class: 0
After OOD adjustment: Testing instances of last class: 81
Epoch: 019, Runtime 0.051162, Loss 1.171484, forward nfe 0, backward nfe 0, Train: 0.8200, Val: 0.5384, Test: 0.5194, Best time: 7.8741
After OOD adjustment: Training instances of last class: 0
After OOD adjustment: Testing instances of last class: 81
Epoch: 020, Runtime 0.049366, Loss 1.155450, forward nfe 0, backward nfe 0, Train: 0.8200, Val: 0.5384, Test: 0.5194, Best time: 7.8741
After OOD adjustment: Training instances of last class: 0
After OOD adjustment: Testing instances of last class: 81
Epoch: 021, Runtime 0.049468, Loss 1.203721, forward nfe 0, backward nfe 0, Train: 0.8200, Val: 0.5384, Test: 0.5194, Best time: 7.8741
After OOD adjustment: Training instances of last class: 0
After OOD adjustment: Testing instances of last class: 81
Epoch: 022, Runtime 0.048829, Loss 1.114230, forward nfe 0, backward nfe 0, Train: 0.8200, Val: 0.5384, Test: 0.5194, Best time: 7.8741
After OOD adjustment: Training instances of last class: 0
After OOD adjustment: Testing instances of last class: 81
Epoch: 023, Runtime 0.049567, Loss 1.093128, forward nfe 0, backward nfe 0, Train: 0.8200, Val: 0.5384, Test: 0.5194, Best time: 7.8741
After OOD adjustment: Training instances of last class: 0
After OOD adjustment: Testing instances of last class: 81
Epoch: 024, Runtime 0.171580, Loss 1.068239, forward nfe 0, backward nfe 0, Train: 0.8500, Val: 0.5870, Test: 0.5887, Best time: 7.8741
After OOD adjustment: Training instances of last class: 0
After OOD adjustment: Testing instances of last class: 81
Epoch: 025, Runtime 0.049205, Loss 1.102708, forward nfe 0, backward nfe 0, Train: 0.8500, Val: 0.5870, Test: 0.5887, Best time: 7.8741
After OOD adjustment: Training instances of last class: 0
After OOD adjustment: Testing instances of last class: 81
Epoch: 026, Runtime 0.049185, Loss 1.058792, forward nfe 0, backward nfe 0, Train: 0.8500, Val: 0.5870, Test: 0.5887, Best time: 7.8741
After OOD adjustment: Training instances of last class: 0
After OOD adjustment: Testing instances of last class: 81
Epoch: 027, Runtime 0.047736, Loss 0.992159, forward nfe 0, backward nfe 0, Train: 0.8500, Val: 0.5870, Test: 0.5887, Best time: 7.8741
After OOD adjustment: Training instances of last class: 0
After OOD adjustment: Testing instances of last class: 81
Epoch: 028, Runtime 0.049731, Loss 1.014766, forward nfe 0, backward nfe 0, Train: 0.8500, Val: 0.5870, Test: 0.5887, Best time: 7.8741
After OOD adjustment: Training instances of last class: 0
After OOD adjustment: Testing instances of last class: 81
Epoch: 029, Runtime 0.049485, Loss 0.969638, forward nfe 0, backward nfe 0, Train: 0.8500, Val: 0.5870, Test: 0.5887, Best time: 7.8741
After OOD adjustment: Training instances of last class: 0
After OOD adjustment: Testing instances of last class: 81
Epoch: 030, Runtime 0.049649, Loss 0.952118, forward nfe 0, backward nfe 0, Train: 0.8500, Val: 0.5870, Test: 0.5887, Best time: 7.8741
After OOD adjustment: Training instances of last class: 0
After OOD adjustment: Testing instances of last class: 81
Epoch: 031, Runtime 0.049271, Loss 0.979934, forward nfe 0, backward nfe 0, Train: 0.8500, Val: 0.5870, Test: 0.5887, Best time: 7.8741
After OOD adjustment: Training instances of last class: 0
After OOD adjustment: Testing instances of last class: 81
Epoch: 032, Runtime 0.049161, Loss 0.875694, forward nfe 0, backward nfe 0, Train: 0.8500, Val: 0.5870, Test: 0.5887, Best time: 7.8741
After OOD adjustment: Training instances of last class: 0
After OOD adjustment: Testing instances of last class: 81
Epoch: 033, Runtime 0.049322, Loss 0.859966, forward nfe 0, backward nfe 0, Train: 0.8500, Val: 0.5870, Test: 0.5887, Best time: 7.8741
After OOD adjustment: Training instances of last class: 0
After OOD adjustment: Testing instances of last class: 81
Epoch: 034, Runtime 0.168407, Loss 0.910799, forward nfe 0, backward nfe 0, Train: 0.9300, Val: 0.6174, Test: 0.5968, Best time: 7.8741
After OOD adjustment: Training instances of last class: 0
After OOD adjustment: Testing instances of last class: 81
Epoch: 035, Runtime 0.051692, Loss 0.877850, forward nfe 0, backward nfe 0, Train: 0.9300, Val: 0.6174, Test: 0.5968, Best time: 7.8741
After OOD adjustment: Training instances of last class: 0
After OOD adjustment: Testing instances of last class: 81
Epoch: 036, Runtime 0.049507, Loss 0.807392, forward nfe 0, backward nfe 0, Train: 0.9300, Val: 0.6174, Test: 0.5968, Best time: 7.8741
After OOD adjustment: Training instances of last class: 0
After OOD adjustment: Testing instances of last class: 81
Epoch: 037, Runtime 0.049419, Loss 0.764196, forward nfe 0, backward nfe 0, Train: 0.9300, Val: 0.6174, Test: 0.5968, Best time: 7.8741
After OOD adjustment: Training instances of last class: 0
After OOD adjustment: Testing instances of last class: 81
Epoch: 038, Runtime 0.049674, Loss 0.777177, forward nfe 0, backward nfe 0, Train: 0.9300, Val: 0.6174, Test: 0.5968, Best time: 7.8741
After OOD adjustment: Training instances of last class: 0
After OOD adjustment: Testing instances of last class: 81
Epoch: 039, Runtime 0.049893, Loss 0.798021, forward nfe 0, backward nfe 0, Train: 0.9300, Val: 0.6174, Test: 0.5968, Best time: 7.8741
After OOD adjustment: Training instances of last class: 0
After OOD adjustment: Testing instances of last class: 81
Epoch: 040, Runtime 0.042780, Loss 0.725291, forward nfe 0, backward nfe 0, Train: 0.9300, Val: 0.6174, Test: 0.5968, Best time: 7.8741
After OOD adjustment: Training instances of last class: 0
After OOD adjustment: Testing instances of last class: 81
Epoch: 041, Runtime 0.044010, Loss 0.758109, forward nfe 0, backward nfe 0, Train: 0.9300, Val: 0.6174, Test: 0.5968, Best time: 7.8741
After OOD adjustment: Training instances of last class: 0
After OOD adjustment: Testing instances of last class: 81
Epoch: 042, Runtime 0.046024, Loss 0.716401, forward nfe 0, backward nfe 0, Train: 0.9300, Val: 0.6174, Test: 0.5968, Best time: 7.8741
After OOD adjustment: Training instances of last class: 0
After OOD adjustment: Testing instances of last class: 81
Epoch: 043, Runtime 0.047519, Loss 0.721032, forward nfe 0, backward nfe 0, Train: 0.9300, Val: 0.6174, Test: 0.5968, Best time: 7.8741
After OOD adjustment: Training instances of last class: 0
After OOD adjustment: Testing instances of last class: 81
Epoch: 044, Runtime 0.049460, Loss 0.671891, forward nfe 0, backward nfe 0, Train: 0.9300, Val: 0.6174, Test: 0.5968, Best time: 7.8741
After OOD adjustment: Training instances of last class: 0
After OOD adjustment: Testing instances of last class: 81
Epoch: 045, Runtime 0.049373, Loss 0.659320, forward nfe 0, backward nfe 0, Train: 0.9300, Val: 0.6174, Test: 0.5968, Best time: 7.8741
After OOD adjustment: Training instances of last class: 0
After OOD adjustment: Testing instances of last class: 81
Epoch: 046, Runtime 0.044818, Loss 0.638499, forward nfe 0, backward nfe 0, Train: 0.9300, Val: 0.6174, Test: 0.5968, Best time: 7.8741
After OOD adjustment: Training instances of last class: 0
After OOD adjustment: Testing instances of last class: 81
Epoch: 047, Runtime 0.044261, Loss 0.625162, forward nfe 0, backward nfe 0, Train: 0.9300, Val: 0.6174, Test: 0.5968, Best time: 7.8741
After OOD adjustment: Training instances of last class: 0
After OOD adjustment: Testing instances of last class: 81
Epoch: 048, Runtime 0.048641, Loss 0.618755, forward nfe 0, backward nfe 0, Train: 0.9300, Val: 0.6174, Test: 0.5968, Best time: 7.8741
After OOD adjustment: Training instances of last class: 0
After OOD adjustment: Testing instances of last class: 81
Epoch: 049, Runtime 0.048085, Loss 0.611680, forward nfe 0, backward nfe 0, Train: 0.9300, Val: 0.6174, Test: 0.5968, Best time: 7.8741
After OOD adjustment: Training instances of last class: 0
After OOD adjustment: Testing instances of last class: 81
Epoch: 050, Runtime 0.168510, Loss 0.605587, forward nfe 0, backward nfe 0, Train: 0.9500, Val: 0.6261, Test: 0.6226, Best time: 7.8741
After OOD adjustment: Training instances of last class: 0
After OOD adjustment: Testing instances of last class: 81
Epoch: 051, Runtime 0.050491, Loss 0.565726, forward nfe 0, backward nfe 0, Train: 0.9500, Val: 0.6261, Test: 0.6226, Best time: 7.8741
After OOD adjustment: Training instances of last class: 0
After OOD adjustment: Testing instances of last class: 81
Epoch: 052, Runtime 0.048841, Loss 0.558972, forward nfe 0, backward nfe 0, Train: 0.9500, Val: 0.6261, Test: 0.6226, Best time: 7.8741
After OOD adjustment: Training instances of last class: 0
After OOD adjustment: Testing instances of last class: 81
Epoch: 053, Runtime 0.049103, Loss 0.521497, forward nfe 0, backward nfe 0, Train: 0.9500, Val: 0.6261, Test: 0.6226, Best time: 7.8741
After OOD adjustment: Training instances of last class: 0
After OOD adjustment: Testing instances of last class: 81
Epoch: 054, Runtime 0.048907, Loss 0.565215, forward nfe 0, backward nfe 0, Train: 0.9500, Val: 0.6261, Test: 0.6226, Best time: 7.8741
After OOD adjustment: Training instances of last class: 0
After OOD adjustment: Testing instances of last class: 81
Epoch: 055, Runtime 0.049083, Loss 0.513330, forward nfe 0, backward nfe 0, Train: 0.9500, Val: 0.6261, Test: 0.6226, Best time: 7.8741
After OOD adjustment: Training instances of last class: 0
After OOD adjustment: Testing instances of last class: 81
Epoch: 056, Runtime 0.046955, Loss 0.529235, forward nfe 0, backward nfe 0, Train: 0.9500, Val: 0.6261, Test: 0.6226, Best time: 7.8741
After OOD adjustment: Training instances of last class: 0
After OOD adjustment: Testing instances of last class: 81
Epoch: 057, Runtime 0.048127, Loss 0.479216, forward nfe 0, backward nfe 0, Train: 0.9500, Val: 0.6261, Test: 0.6226, Best time: 7.8741
After OOD adjustment: Training instances of last class: 0
After OOD adjustment: Testing instances of last class: 81
Epoch: 058, Runtime 0.049205, Loss 0.453597, forward nfe 0, backward nfe 0, Train: 0.9500, Val: 0.6261, Test: 0.6226, Best time: 7.8741
After OOD adjustment: Training instances of last class: 0
After OOD adjustment: Testing instances of last class: 81
Epoch: 059, Runtime 0.048734, Loss 0.486646, forward nfe 0, backward nfe 0, Train: 0.9500, Val: 0.6261, Test: 0.6226, Best time: 7.8741
After OOD adjustment: Training instances of last class: 0
After OOD adjustment: Testing instances of last class: 81
Epoch: 060, Runtime 0.048410, Loss 0.464530, forward nfe 0, backward nfe 0, Train: 0.9500, Val: 0.6261, Test: 0.6226, Best time: 7.8741
After OOD adjustment: Training instances of last class: 0
After OOD adjustment: Testing instances of last class: 81
Epoch: 061, Runtime 0.049456, Loss 0.440641, forward nfe 0, backward nfe 0, Train: 0.9500, Val: 0.6261, Test: 0.6226, Best time: 7.8741
After OOD adjustment: Training instances of last class: 0
After OOD adjustment: Testing instances of last class: 81
Epoch: 062, Runtime 0.064056, Loss 0.403536, forward nfe 0, backward nfe 0, Train: 0.9500, Val: 0.6261, Test: 0.6226, Best time: 7.8741
After OOD adjustment: Training instances of last class: 0
After OOD adjustment: Testing instances of last class: 81
Epoch: 063, Runtime 0.048516, Loss 0.395742, forward nfe 0, backward nfe 0, Train: 0.9500, Val: 0.6261, Test: 0.6226, Best time: 7.8741
After OOD adjustment: Training instances of last class: 0
After OOD adjustment: Testing instances of last class: 81
Epoch: 064, Runtime 0.048439, Loss 0.382703, forward nfe 0, backward nfe 0, Train: 0.9500, Val: 0.6261, Test: 0.6226, Best time: 7.8741
After OOD adjustment: Training instances of last class: 0
After OOD adjustment: Testing instances of last class: 81
Epoch: 065, Runtime 0.049037, Loss 0.355801, forward nfe 0, backward nfe 0, Train: 0.9500, Val: 0.6261, Test: 0.6226, Best time: 7.8741
After OOD adjustment: Training instances of last class: 0
After OOD adjustment: Testing instances of last class: 81
Epoch: 066, Runtime 0.047763, Loss 0.390014, forward nfe 0, backward nfe 0, Train: 0.9500, Val: 0.6261, Test: 0.6226, Best time: 7.8741
After OOD adjustment: Training instances of last class: 0
After OOD adjustment: Testing instances of last class: 81
Epoch: 067, Runtime 0.049063, Loss 0.358678, forward nfe 0, backward nfe 0, Train: 0.9500, Val: 0.6261, Test: 0.6226, Best time: 7.8741
After OOD adjustment: Training instances of last class: 0
After OOD adjustment: Testing instances of last class: 81
Epoch: 068, Runtime 0.048681, Loss 0.356833, forward nfe 0, backward nfe 0, Train: 0.9500, Val: 0.6261, Test: 0.6226, Best time: 7.8741
After OOD adjustment: Training instances of last class: 0
After OOD adjustment: Testing instances of last class: 81
Epoch: 069, Runtime 0.048889, Loss 0.321918, forward nfe 0, backward nfe 0, Train: 0.9500, Val: 0.6261, Test: 0.6226, Best time: 7.8741
After OOD adjustment: Training instances of last class: 0
After OOD adjustment: Testing instances of last class: 81
Epoch: 070, Runtime 0.049252, Loss 0.341908, forward nfe 0, backward nfe 0, Train: 0.9500, Val: 0.6261, Test: 0.6226, Best time: 7.8741
After OOD adjustment: Training instances of last class: 0
After OOD adjustment: Testing instances of last class: 81
Epoch: 071, Runtime 0.049371, Loss 0.309806, forward nfe 0, backward nfe 0, Train: 0.9500, Val: 0.6261, Test: 0.6226, Best time: 7.8741
After OOD adjustment: Training instances of last class: 0
After OOD adjustment: Testing instances of last class: 81
Epoch: 072, Runtime 0.049234, Loss 0.320254, forward nfe 0, backward nfe 0, Train: 0.9500, Val: 0.6261, Test: 0.6226, Best time: 7.8741
After OOD adjustment: Training instances of last class: 0
After OOD adjustment: Testing instances of last class: 81
Epoch: 073, Runtime 0.048674, Loss 0.317344, forward nfe 0, backward nfe 0, Train: 0.9500, Val: 0.6261, Test: 0.6226, Best time: 7.8741
After OOD adjustment: Training instances of last class: 0
After OOD adjustment: Testing instances of last class: 81
Epoch: 074, Runtime 0.044700, Loss 0.341089, forward nfe 0, backward nfe 0, Train: 0.9500, Val: 0.6261, Test: 0.6226, Best time: 7.8741
After OOD adjustment: Training instances of last class: 0
After OOD adjustment: Testing instances of last class: 81
Epoch: 075, Runtime 0.048576, Loss 0.318702, forward nfe 0, backward nfe 0, Train: 0.9500, Val: 0.6261, Test: 0.6226, Best time: 7.8741
After OOD adjustment: Training instances of last class: 0
After OOD adjustment: Testing instances of last class: 81
Epoch: 076, Runtime 0.044229, Loss 0.307183, forward nfe 0, backward nfe 0, Train: 0.9500, Val: 0.6261, Test: 0.6226, Best time: 7.8741
After OOD adjustment: Training instances of last class: 0
After OOD adjustment: Testing instances of last class: 81
Epoch: 077, Runtime 0.049016, Loss 0.300458, forward nfe 0, backward nfe 0, Train: 0.9500, Val: 0.6261, Test: 0.6226, Best time: 7.8741
After OOD adjustment: Training instances of last class: 0
After OOD adjustment: Testing instances of last class: 81
Epoch: 078, Runtime 0.048995, Loss 0.253546, forward nfe 0, backward nfe 0, Train: 0.9500, Val: 0.6261, Test: 0.6226, Best time: 7.8741
After OOD adjustment: Training instances of last class: 0
After OOD adjustment: Testing instances of last class: 81
Epoch: 079, Runtime 0.044578, Loss 0.289200, forward nfe 0, backward nfe 0, Train: 0.9500, Val: 0.6261, Test: 0.6226, Best time: 7.8741
After OOD adjustment: Training instances of last class: 0
After OOD adjustment: Testing instances of last class: 81
Epoch: 080, Runtime 0.049023, Loss 0.281921, forward nfe 0, backward nfe 0, Train: 0.9500, Val: 0.6261, Test: 0.6226, Best time: 7.8741
After OOD adjustment: Training instances of last class: 0
After OOD adjustment: Testing instances of last class: 81
Epoch: 081, Runtime 0.044230, Loss 0.257269, forward nfe 0, backward nfe 0, Train: 0.9500, Val: 0.6261, Test: 0.6226, Best time: 7.8741
After OOD adjustment: Training instances of last class: 0
After OOD adjustment: Testing instances of last class: 81
Epoch: 082, Runtime 0.048590, Loss 0.237006, forward nfe 0, backward nfe 0, Train: 0.9500, Val: 0.6261, Test: 0.6226, Best time: 7.8741
After OOD adjustment: Training instances of last class: 0
After OOD adjustment: Testing instances of last class: 81
Epoch: 083, Runtime 0.044383, Loss 0.268723, forward nfe 0, backward nfe 0, Train: 0.9500, Val: 0.6261, Test: 0.6226, Best time: 7.8741
After OOD adjustment: Training instances of last class: 0
After OOD adjustment: Testing instances of last class: 81
Epoch: 084, Runtime 0.047795, Loss 0.247896, forward nfe 0, backward nfe 0, Train: 0.9500, Val: 0.6261, Test: 0.6226, Best time: 7.8741
After OOD adjustment: Training instances of last class: 0
After OOD adjustment: Testing instances of last class: 81
Epoch: 085, Runtime 0.049464, Loss 0.220734, forward nfe 0, backward nfe 0, Train: 0.9500, Val: 0.6261, Test: 0.6226, Best time: 7.8741
After OOD adjustment: Training instances of last class: 0
After OOD adjustment: Testing instances of last class: 81
Epoch: 086, Runtime 0.048609, Loss 0.214193, forward nfe 0, backward nfe 0, Train: 0.9500, Val: 0.6261, Test: 0.6226, Best time: 7.8741
After OOD adjustment: Training instances of last class: 0
After OOD adjustment: Testing instances of last class: 81
Epoch: 087, Runtime 0.044793, Loss 0.225505, forward nfe 0, backward nfe 0, Train: 0.9500, Val: 0.6261, Test: 0.6226, Best time: 7.8741
After OOD adjustment: Training instances of last class: 0
After OOD adjustment: Testing instances of last class: 81
Epoch: 088, Runtime 0.048714, Loss 0.193526, forward nfe 0, backward nfe 0, Train: 0.9500, Val: 0.6261, Test: 0.6226, Best time: 7.8741
After OOD adjustment: Training instances of last class: 0
After OOD adjustment: Testing instances of last class: 81
Epoch: 089, Runtime 0.049123, Loss 0.206890, forward nfe 0, backward nfe 0, Train: 0.9500, Val: 0.6261, Test: 0.6226, Best time: 7.8741
After OOD adjustment: Training instances of last class: 0
After OOD adjustment: Testing instances of last class: 81
Epoch: 090, Runtime 0.048285, Loss 0.217307, forward nfe 0, backward nfe 0, Train: 0.9500, Val: 0.6261, Test: 0.6226, Best time: 7.8741
After OOD adjustment: Training instances of last class: 0
After OOD adjustment: Testing instances of last class: 81
Epoch: 091, Runtime 0.048972, Loss 0.190312, forward nfe 0, backward nfe 0, Train: 0.9500, Val: 0.6261, Test: 0.6226, Best time: 7.8741
After OOD adjustment: Training instances of last class: 0
After OOD adjustment: Testing instances of last class: 81
Epoch: 092, Runtime 0.050039, Loss 0.200726, forward nfe 0, backward nfe 0, Train: 0.9500, Val: 0.6261, Test: 0.6226, Best time: 7.8741
After OOD adjustment: Training instances of last class: 0
After OOD adjustment: Testing instances of last class: 81
Epoch: 093, Runtime 0.049353, Loss 0.183126, forward nfe 0, backward nfe 0, Train: 0.9500, Val: 0.6261, Test: 0.6226, Best time: 7.8741
After OOD adjustment: Training instances of last class: 0
After OOD adjustment: Testing instances of last class: 81
Epoch: 094, Runtime 0.048728, Loss 0.191043, forward nfe 0, backward nfe 0, Train: 0.9500, Val: 0.6261, Test: 0.6226, Best time: 7.8741
After OOD adjustment: Training instances of last class: 0
After OOD adjustment: Testing instances of last class: 81
Epoch: 095, Runtime 0.048997, Loss 0.178227, forward nfe 0, backward nfe 0, Train: 0.9500, Val: 0.6261, Test: 0.6226, Best time: 7.8741
After OOD adjustment: Training instances of last class: 0
After OOD adjustment: Testing instances of last class: 81
Epoch: 096, Runtime 0.046457, Loss 0.190823, forward nfe 0, backward nfe 0, Train: 0.9500, Val: 0.6261, Test: 0.6226, Best time: 7.8741
After OOD adjustment: Training instances of last class: 0
After OOD adjustment: Testing instances of last class: 81
Epoch: 097, Runtime 0.048347, Loss 0.172253, forward nfe 0, backward nfe 0, Train: 0.9500, Val: 0.6261, Test: 0.6226, Best time: 7.8741
After OOD adjustment: Training instances of last class: 0
After OOD adjustment: Testing instances of last class: 81
Epoch: 098, Runtime 0.043631, Loss 0.171121, forward nfe 0, backward nfe 0, Train: 0.9500, Val: 0.6261, Test: 0.6226, Best time: 7.8741
After OOD adjustment: Training instances of last class: 0
After OOD adjustment: Testing instances of last class: 81
Epoch: 099, Runtime 0.049627, Loss 0.161993, forward nfe 0, backward nfe 0, Train: 0.9500, Val: 0.6261, Test: 0.6226, Best time: 7.8741
best val accuracy 0.626087 with test accuracy 0.622581 at epoch 50 and best time 7.874113
base_directory resutls_prob/OOD_Citeseer
new_name:  bgcn_ODD
file_path 1 resutls_prob/OOD_Citeseer/bgcn_ODD_prediction_probabilities_7.npz
file_path 2 resutls_prob/OOD_Citeseer/bgcn_ODD_prediction_probabilities_7.npz
Entropy Threshold: inf Test accuracy: 0.6161290322580645
Entropy Threshold: 2 Test accuracy: 0.603225806451613
Entropy Threshold: 1.6 Test accuracy: 0.6152597402597403
Entropy Threshold: 1.5 Test accuracy: 0.7376093294460642
Entropy Threshold: 1.4 Test accuracy: 0.8121546961325967
Entropy Threshold: 1.3 Test accuracy: 0.8760330578512396
Entropy Threshold: 1.2 Test accuracy: 0.8695652173913043
Entropy Threshold: 1.1 Test accuracy: 0.85
Entropy Threshold: 0.9 Test accuracy: 0.8571428571428571
Entropy Threshold: 0.8 Test accuracy: 1.0
Entropy Threshold: 0.7 Test accuracy: 1.0
Entropy Threshold: 0.6 Test accuracy: 1.0
Entropy Threshold: 0.5 Test accuracy: None
Entropy Threshold: 0.4 Test accuracy: None
Entropy Threshold: 0.3 Test accuracy: None
Entropy Threshold: 0.2 Test accuracy: None
Entropy Threshold: 0.1 Test accuracy: None
