[KeOps] Warning : cuda was detected, but driver API could not be initialized. Switching to cpu only.
Folder already exists: results/computers
experiment: 0
Dataset size (num_nodes): 13381, Intended development set size (num_development): 1500
Dataset size (num_nodes): 13381, Actual development set size (num_development): 1500
rations: train 200, val 1300, test 11881
Before OOD adjustment: Total instances of last class: 283
Before OOD adjustment: Training instances of last class: 20
Before OOD adjustment: Testing instances of last class: 257
Before OOD adjustment: Val instances of last class: 6
total train + val+ test 283
After OOD adjustment: Training instances of last class: 0
After OOD adjustment: Testing instances of last class: 257
Total number of classes: 10
number of classes to train: 9
MyGCN2(
  (conv1): GCNConv(767, 128)
  (conv4): GCNConv(128, 9)
)
conv1.bias
torch.Size([128])
conv1.lin.weight
torch.Size([128, 767])
conv4.bias
torch.Size([9])
conv4.lin.weight
torch.Size([9, 128])
After OOD adjustment: Training instances of last class: 0
After OOD adjustment: Testing instances of last class: 257
Epoch: 001, Runtime 0.762876, Loss 2.446500, forward nfe 0, backward nfe 0, Train: 0.1111, Val: 0.0300, Test: 0.0373, Best time: 3.2490
After OOD adjustment: Training instances of last class: 0
After OOD adjustment: Testing instances of last class: 257
Epoch: 002, Runtime 0.875268, Loss 2.339803, forward nfe 0, backward nfe 0, Train: 0.1111, Val: 0.0515, Test: 0.0639, Best time: 3.2490
After OOD adjustment: Training instances of last class: 0
After OOD adjustment: Testing instances of last class: 257
Epoch: 003, Runtime 0.856963, Loss 2.424026, forward nfe 0, backward nfe 0, Train: 0.2056, Val: 0.1862, Test: 0.1860, Best time: 3.2490
After OOD adjustment: Training instances of last class: 0
After OOD adjustment: Testing instances of last class: 257
Epoch: 004, Runtime 0.861006, Loss 2.339799, forward nfe 0, backward nfe 0, Train: 0.3500, Val: 0.2692, Test: 0.2797, Best time: 3.2490
After OOD adjustment: Training instances of last class: 0
After OOD adjustment: Testing instances of last class: 257
Epoch: 005, Runtime 0.753699, Loss 2.191321, forward nfe 0, backward nfe 0, Train: 0.3500, Val: 0.2692, Test: 0.2797, Best time: 3.2490
After OOD adjustment: Training instances of last class: 0
After OOD adjustment: Testing instances of last class: 257
Epoch: 006, Runtime 0.744041, Loss 2.044769, forward nfe 0, backward nfe 0, Train: 0.3500, Val: 0.2692, Test: 0.2797, Best time: 3.2490
After OOD adjustment: Training instances of last class: 0
After OOD adjustment: Testing instances of last class: 257
Epoch: 007, Runtime 0.860133, Loss 1.891901, forward nfe 0, backward nfe 0, Train: 0.4611, Val: 0.3469, Test: 0.3426, Best time: 3.2490
After OOD adjustment: Training instances of last class: 0
After OOD adjustment: Testing instances of last class: 257
Epoch: 008, Runtime 0.752148, Loss 1.739578, forward nfe 0, backward nfe 0, Train: 0.4611, Val: 0.3469, Test: 0.3426, Best time: 3.2490
After OOD adjustment: Training instances of last class: 0
After OOD adjustment: Testing instances of last class: 257
Epoch: 009, Runtime 0.743537, Loss 1.706313, forward nfe 0, backward nfe 0, Train: 0.4611, Val: 0.3469, Test: 0.3426, Best time: 3.2490
After OOD adjustment: Training instances of last class: 0
After OOD adjustment: Testing instances of last class: 257
Epoch: 010, Runtime 0.742181, Loss 1.727503, forward nfe 0, backward nfe 0, Train: 0.4611, Val: 0.3469, Test: 0.3426, Best time: 3.2490
After OOD adjustment: Training instances of last class: 0
After OOD adjustment: Testing instances of last class: 257
Epoch: 011, Runtime 0.866898, Loss 1.582231, forward nfe 0, backward nfe 0, Train: 0.6500, Val: 0.5392, Test: 0.5283, Best time: 3.2490
After OOD adjustment: Training instances of last class: 0
After OOD adjustment: Testing instances of last class: 257
Epoch: 012, Runtime 0.869225, Loss 1.481777, forward nfe 0, backward nfe 0, Train: 0.6389, Val: 0.5546, Test: 0.5435, Best time: 3.2490
After OOD adjustment: Training instances of last class: 0
After OOD adjustment: Testing instances of last class: 257
Epoch: 013, Runtime 0.867738, Loss 1.438474, forward nfe 0, backward nfe 0, Train: 0.6778, Val: 0.5762, Test: 0.5776, Best time: 3.2490
After OOD adjustment: Training instances of last class: 0
After OOD adjustment: Testing instances of last class: 257
Epoch: 014, Runtime 0.884454, Loss 1.402205, forward nfe 0, backward nfe 0, Train: 0.7222, Val: 0.6069, Test: 0.6116, Best time: 3.2490
After OOD adjustment: Training instances of last class: 0
After OOD adjustment: Testing instances of last class: 257
Epoch: 015, Runtime 0.875534, Loss 1.364515, forward nfe 0, backward nfe 0, Train: 0.7778, Val: 0.6938, Test: 0.6870, Best time: 3.2490
After OOD adjustment: Training instances of last class: 0
After OOD adjustment: Testing instances of last class: 257
Epoch: 016, Runtime 0.868979, Loss 1.322974, forward nfe 0, backward nfe 0, Train: 0.7278, Val: 0.7046, Test: 0.6848, Best time: 3.2490
After OOD adjustment: Training instances of last class: 0
After OOD adjustment: Testing instances of last class: 257
Epoch: 017, Runtime 0.875838, Loss 1.266491, forward nfe 0, backward nfe 0, Train: 0.7556, Val: 0.7238, Test: 0.7078, Best time: 3.2490
After OOD adjustment: Training instances of last class: 0
After OOD adjustment: Testing instances of last class: 257
Epoch: 018, Runtime 0.742798, Loss 1.196592, forward nfe 0, backward nfe 0, Train: 0.7556, Val: 0.7238, Test: 0.7078, Best time: 3.2490
After OOD adjustment: Training instances of last class: 0
After OOD adjustment: Testing instances of last class: 257
Epoch: 019, Runtime 0.751281, Loss 1.134146, forward nfe 0, backward nfe 0, Train: 0.7556, Val: 0.7238, Test: 0.7078, Best time: 3.2490
After OOD adjustment: Training instances of last class: 0
After OOD adjustment: Testing instances of last class: 257
Epoch: 020, Runtime 0.745281, Loss 1.094025, forward nfe 0, backward nfe 0, Train: 0.7556, Val: 0.7238, Test: 0.7078, Best time: 3.2490
After OOD adjustment: Training instances of last class: 0
After OOD adjustment: Testing instances of last class: 257
Epoch: 021, Runtime 0.744553, Loss 1.072269, forward nfe 0, backward nfe 0, Train: 0.7556, Val: 0.7238, Test: 0.7078, Best time: 3.2490
After OOD adjustment: Training instances of last class: 0
After OOD adjustment: Testing instances of last class: 257
Epoch: 022, Runtime 0.743822, Loss 1.049900, forward nfe 0, backward nfe 0, Train: 0.7556, Val: 0.7238, Test: 0.7078, Best time: 3.2490
After OOD adjustment: Training instances of last class: 0
After OOD adjustment: Testing instances of last class: 257
Epoch: 023, Runtime 0.870678, Loss 1.010754, forward nfe 0, backward nfe 0, Train: 0.8722, Val: 0.7469, Test: 0.7435, Best time: 3.2490
After OOD adjustment: Training instances of last class: 0
After OOD adjustment: Testing instances of last class: 257
Epoch: 024, Runtime 0.868387, Loss 0.963155, forward nfe 0, backward nfe 0, Train: 0.8944, Val: 0.7692, Test: 0.7639, Best time: 3.2490
After OOD adjustment: Training instances of last class: 0
After OOD adjustment: Testing instances of last class: 257
Epoch: 025, Runtime 0.732342, Loss 0.923242, forward nfe 0, backward nfe 0, Train: 0.8944, Val: 0.7692, Test: 0.7639, Best time: 3.2490
After OOD adjustment: Training instances of last class: 0
After OOD adjustment: Testing instances of last class: 257
Epoch: 026, Runtime 0.735547, Loss 0.895306, forward nfe 0, backward nfe 0, Train: 0.8944, Val: 0.7692, Test: 0.7639, Best time: 3.2490
After OOD adjustment: Training instances of last class: 0
After OOD adjustment: Testing instances of last class: 257
Epoch: 027, Runtime 0.736400, Loss 0.875610, forward nfe 0, backward nfe 0, Train: 0.8944, Val: 0.7692, Test: 0.7639, Best time: 3.2490
After OOD adjustment: Training instances of last class: 0
After OOD adjustment: Testing instances of last class: 257
Epoch: 028, Runtime 0.743583, Loss 0.856243, forward nfe 0, backward nfe 0, Train: 0.8944, Val: 0.7692, Test: 0.7639, Best time: 3.2490
After OOD adjustment: Training instances of last class: 0
After OOD adjustment: Testing instances of last class: 257
Epoch: 029, Runtime 0.743533, Loss 0.830546, forward nfe 0, backward nfe 0, Train: 0.8944, Val: 0.7692, Test: 0.7639, Best time: 3.2490
After OOD adjustment: Training instances of last class: 0
After OOD adjustment: Testing instances of last class: 257
Epoch: 030, Runtime 0.754107, Loss 0.800380, forward nfe 0, backward nfe 0, Train: 0.8944, Val: 0.7692, Test: 0.7639, Best time: 3.2490
After OOD adjustment: Training instances of last class: 0
After OOD adjustment: Testing instances of last class: 257
Epoch: 031, Runtime 0.874726, Loss 0.771615, forward nfe 0, backward nfe 0, Train: 0.8944, Val: 0.7762, Test: 0.7658, Best time: 3.2490
After OOD adjustment: Training instances of last class: 0
After OOD adjustment: Testing instances of last class: 257
Epoch: 032, Runtime 0.742307, Loss 0.747672, forward nfe 0, backward nfe 0, Train: 0.8944, Val: 0.7762, Test: 0.7658, Best time: 3.2490
After OOD adjustment: Training instances of last class: 0
After OOD adjustment: Testing instances of last class: 257
Epoch: 033, Runtime 0.752035, Loss 0.729493, forward nfe 0, backward nfe 0, Train: 0.8944, Val: 0.7762, Test: 0.7658, Best time: 3.2490
After OOD adjustment: Training instances of last class: 0
After OOD adjustment: Testing instances of last class: 257
Epoch: 034, Runtime 0.748798, Loss 0.714374, forward nfe 0, backward nfe 0, Train: 0.8944, Val: 0.7762, Test: 0.7658, Best time: 3.2490
After OOD adjustment: Training instances of last class: 0
After OOD adjustment: Testing instances of last class: 257
Epoch: 035, Runtime 0.742677, Loss 0.697152, forward nfe 0, backward nfe 0, Train: 0.8944, Val: 0.7762, Test: 0.7658, Best time: 3.2490
After OOD adjustment: Training instances of last class: 0
After OOD adjustment: Testing instances of last class: 257
Epoch: 036, Runtime 0.752663, Loss 0.676654, forward nfe 0, backward nfe 0, Train: 0.8944, Val: 0.7762, Test: 0.7658, Best time: 3.2490
After OOD adjustment: Training instances of last class: 0
After OOD adjustment: Testing instances of last class: 257
Epoch: 037, Runtime 0.740464, Loss 0.656579, forward nfe 0, backward nfe 0, Train: 0.8944, Val: 0.7762, Test: 0.7658, Best time: 3.2490
After OOD adjustment: Training instances of last class: 0
After OOD adjustment: Testing instances of last class: 257
Epoch: 038, Runtime 0.752442, Loss 0.639581, forward nfe 0, backward nfe 0, Train: 0.8944, Val: 0.7762, Test: 0.7658, Best time: 3.2490
After OOD adjustment: Training instances of last class: 0
After OOD adjustment: Testing instances of last class: 257
Epoch: 039, Runtime 0.750531, Loss 0.624972, forward nfe 0, backward nfe 0, Train: 0.8944, Val: 0.7762, Test: 0.7658, Best time: 3.2490
After OOD adjustment: Training instances of last class: 0
After OOD adjustment: Testing instances of last class: 257
Epoch: 040, Runtime 0.749713, Loss 0.611393, forward nfe 0, backward nfe 0, Train: 0.8944, Val: 0.7762, Test: 0.7658, Best time: 3.2490
After OOD adjustment: Training instances of last class: 0
After OOD adjustment: Testing instances of last class: 257
Epoch: 041, Runtime 0.750646, Loss 0.598001, forward nfe 0, backward nfe 0, Train: 0.8944, Val: 0.7762, Test: 0.7658, Best time: 3.2490
After OOD adjustment: Training instances of last class: 0
After OOD adjustment: Testing instances of last class: 257
Epoch: 042, Runtime 0.753160, Loss 0.584308, forward nfe 0, backward nfe 0, Train: 0.8944, Val: 0.7762, Test: 0.7658, Best time: 3.2490
After OOD adjustment: Training instances of last class: 0
After OOD adjustment: Testing instances of last class: 257
Epoch: 043, Runtime 0.742577, Loss 0.570682, forward nfe 0, backward nfe 0, Train: 0.8944, Val: 0.7762, Test: 0.7658, Best time: 3.2490
After OOD adjustment: Training instances of last class: 0
After OOD adjustment: Testing instances of last class: 257
Epoch: 044, Runtime 0.878950, Loss 0.557778, forward nfe 0, backward nfe 0, Train: 0.9000, Val: 0.7769, Test: 0.7743, Best time: 3.2490
After OOD adjustment: Training instances of last class: 0
After OOD adjustment: Testing instances of last class: 257
Epoch: 045, Runtime 0.746658, Loss 0.545634, forward nfe 0, backward nfe 0, Train: 0.9000, Val: 0.7769, Test: 0.7743, Best time: 3.2490
After OOD adjustment: Training instances of last class: 0
After OOD adjustment: Testing instances of last class: 257
Epoch: 046, Runtime 0.870959, Loss 0.534218, forward nfe 0, backward nfe 0, Train: 0.8944, Val: 0.7792, Test: 0.7756, Best time: 3.2490
After OOD adjustment: Training instances of last class: 0
After OOD adjustment: Testing instances of last class: 257
Epoch: 047, Runtime 0.754129, Loss 0.523601, forward nfe 0, backward nfe 0, Train: 0.8944, Val: 0.7792, Test: 0.7756, Best time: 3.2490
After OOD adjustment: Training instances of last class: 0
After OOD adjustment: Testing instances of last class: 257
Epoch: 048, Runtime 0.871466, Loss 0.513515, forward nfe 0, backward nfe 0, Train: 0.9000, Val: 0.7854, Test: 0.7821, Best time: 3.2490
After OOD adjustment: Training instances of last class: 0
After OOD adjustment: Testing instances of last class: 257
Epoch: 049, Runtime 0.883789, Loss 0.503728, forward nfe 0, backward nfe 0, Train: 0.9056, Val: 0.7869, Test: 0.7834, Best time: 3.2490
After OOD adjustment: Training instances of last class: 0
After OOD adjustment: Testing instances of last class: 257
Epoch: 050, Runtime 0.750339, Loss 0.494190, forward nfe 0, backward nfe 0, Train: 0.9056, Val: 0.7869, Test: 0.7834, Best time: 3.2490
After OOD adjustment: Training instances of last class: 0
After OOD adjustment: Testing instances of last class: 257
Epoch: 051, Runtime 0.745708, Loss 0.484754, forward nfe 0, backward nfe 0, Train: 0.9056, Val: 0.7869, Test: 0.7834, Best time: 3.2490
After OOD adjustment: Training instances of last class: 0
After OOD adjustment: Testing instances of last class: 257
Epoch: 052, Runtime 0.744477, Loss 0.475476, forward nfe 0, backward nfe 0, Train: 0.9056, Val: 0.7869, Test: 0.7834, Best time: 3.2490
After OOD adjustment: Training instances of last class: 0
After OOD adjustment: Testing instances of last class: 257
Epoch: 053, Runtime 0.754004, Loss 0.466703, forward nfe 0, backward nfe 0, Train: 0.9056, Val: 0.7869, Test: 0.7834, Best time: 3.2490
After OOD adjustment: Training instances of last class: 0
After OOD adjustment: Testing instances of last class: 257
Epoch: 054, Runtime 0.752069, Loss 0.458557, forward nfe 0, backward nfe 0, Train: 0.9056, Val: 0.7869, Test: 0.7834, Best time: 3.2490
After OOD adjustment: Training instances of last class: 0
After OOD adjustment: Testing instances of last class: 257
Epoch: 055, Runtime 0.744415, Loss 0.450894, forward nfe 0, backward nfe 0, Train: 0.9056, Val: 0.7869, Test: 0.7834, Best time: 3.2490
After OOD adjustment: Training instances of last class: 0
After OOD adjustment: Testing instances of last class: 257
Epoch: 056, Runtime 0.878912, Loss 0.443540, forward nfe 0, backward nfe 0, Train: 0.9111, Val: 0.7908, Test: 0.7863, Best time: 3.2490
After OOD adjustment: Training instances of last class: 0
After OOD adjustment: Testing instances of last class: 257
Epoch: 057, Runtime 0.745307, Loss 0.436251, forward nfe 0, backward nfe 0, Train: 0.9111, Val: 0.7908, Test: 0.7863, Best time: 3.2490
After OOD adjustment: Training instances of last class: 0
After OOD adjustment: Testing instances of last class: 257
Epoch: 058, Runtime 0.745099, Loss 0.428947, forward nfe 0, backward nfe 0, Train: 0.9111, Val: 0.7908, Test: 0.7863, Best time: 3.2490
After OOD adjustment: Training instances of last class: 0
After OOD adjustment: Testing instances of last class: 257
Epoch: 059, Runtime 0.744712, Loss 0.421837, forward nfe 0, backward nfe 0, Train: 0.9111, Val: 0.7908, Test: 0.7863, Best time: 3.2490
After OOD adjustment: Training instances of last class: 0
After OOD adjustment: Testing instances of last class: 257
Epoch: 060, Runtime 0.745743, Loss 0.415085, forward nfe 0, backward nfe 0, Train: 0.9111, Val: 0.7908, Test: 0.7863, Best time: 3.2490
After OOD adjustment: Training instances of last class: 0
After OOD adjustment: Testing instances of last class: 257
Epoch: 061, Runtime 0.744887, Loss 0.408714, forward nfe 0, backward nfe 0, Train: 0.9111, Val: 0.7908, Test: 0.7863, Best time: 3.2490
After OOD adjustment: Training instances of last class: 0
After OOD adjustment: Testing instances of last class: 257
Epoch: 062, Runtime 0.871227, Loss 0.402672, forward nfe 0, backward nfe 0, Train: 0.9111, Val: 0.7923, Test: 0.7881, Best time: 3.2490
After OOD adjustment: Training instances of last class: 0
After OOD adjustment: Testing instances of last class: 257
Epoch: 063, Runtime 0.746225, Loss 0.396788, forward nfe 0, backward nfe 0, Train: 0.9111, Val: 0.7923, Test: 0.7881, Best time: 3.2490
After OOD adjustment: Training instances of last class: 0
After OOD adjustment: Testing instances of last class: 257
Epoch: 064, Runtime 0.742575, Loss 0.390958, forward nfe 0, backward nfe 0, Train: 0.9111, Val: 0.7923, Test: 0.7881, Best time: 3.2490
After OOD adjustment: Training instances of last class: 0
After OOD adjustment: Testing instances of last class: 257
Epoch: 065, Runtime 0.745459, Loss 0.385233, forward nfe 0, backward nfe 0, Train: 0.9111, Val: 0.7923, Test: 0.7881, Best time: 3.2490
After OOD adjustment: Training instances of last class: 0
After OOD adjustment: Testing instances of last class: 257
Epoch: 066, Runtime 0.869722, Loss 0.379667, forward nfe 0, backward nfe 0, Train: 0.9111, Val: 0.7954, Test: 0.7929, Best time: 3.2490
After OOD adjustment: Training instances of last class: 0
After OOD adjustment: Testing instances of last class: 257
Epoch: 067, Runtime 0.867813, Loss 0.374305, forward nfe 0, backward nfe 0, Train: 0.9111, Val: 0.7962, Test: 0.7938, Best time: 3.2490
After OOD adjustment: Training instances of last class: 0
After OOD adjustment: Testing instances of last class: 257
Epoch: 068, Runtime 0.755759, Loss 0.369168, forward nfe 0, backward nfe 0, Train: 0.9111, Val: 0.7962, Test: 0.7938, Best time: 3.2490
After OOD adjustment: Training instances of last class: 0
After OOD adjustment: Testing instances of last class: 257
Epoch: 069, Runtime 0.752326, Loss 0.364197, forward nfe 0, backward nfe 0, Train: 0.9111, Val: 0.7962, Test: 0.7938, Best time: 3.2490
After OOD adjustment: Training instances of last class: 0
After OOD adjustment: Testing instances of last class: 257
Epoch: 070, Runtime 0.752712, Loss 0.359351, forward nfe 0, backward nfe 0, Train: 0.9111, Val: 0.7962, Test: 0.7938, Best time: 3.2490
After OOD adjustment: Training instances of last class: 0
After OOD adjustment: Testing instances of last class: 257
Epoch: 071, Runtime 0.751139, Loss 0.354624, forward nfe 0, backward nfe 0, Train: 0.9111, Val: 0.7962, Test: 0.7938, Best time: 3.2490
After OOD adjustment: Training instances of last class: 0
After OOD adjustment: Testing instances of last class: 257
Epoch: 072, Runtime 0.744678, Loss 0.350000, forward nfe 0, backward nfe 0, Train: 0.9111, Val: 0.7962, Test: 0.7938, Best time: 3.2490
After OOD adjustment: Training instances of last class: 0
After OOD adjustment: Testing instances of last class: 257
Epoch: 073, Runtime 0.880426, Loss 0.345490, forward nfe 0, backward nfe 0, Train: 0.9167, Val: 0.7969, Test: 0.7918, Best time: 3.2490
After OOD adjustment: Training instances of last class: 0
After OOD adjustment: Testing instances of last class: 257
Epoch: 074, Runtime 0.871094, Loss 0.341105, forward nfe 0, backward nfe 0, Train: 0.9167, Val: 0.7977, Test: 0.7926, Best time: 3.2490
After OOD adjustment: Training instances of last class: 0
After OOD adjustment: Testing instances of last class: 257
Epoch: 075, Runtime 0.860570, Loss 0.336833, forward nfe 0, backward nfe 0, Train: 0.9167, Val: 0.7985, Test: 0.7934, Best time: 3.2490
After OOD adjustment: Training instances of last class: 0
After OOD adjustment: Testing instances of last class: 257
Epoch: 076, Runtime 0.881983, Loss 0.332679, forward nfe 0, backward nfe 0, Train: 0.9222, Val: 0.7992, Test: 0.7940, Best time: 3.2490
After OOD adjustment: Training instances of last class: 0
After OOD adjustment: Testing instances of last class: 257
Epoch: 077, Runtime 0.879824, Loss 0.328638, forward nfe 0, backward nfe 0, Train: 0.9222, Val: 0.8015, Test: 0.7949, Best time: 3.2490
After OOD adjustment: Training instances of last class: 0
After OOD adjustment: Testing instances of last class: 257
Epoch: 078, Runtime 0.870648, Loss 0.324695, forward nfe 0, backward nfe 0, Train: 0.9222, Val: 0.8023, Test: 0.7959, Best time: 3.2490
After OOD adjustment: Training instances of last class: 0
After OOD adjustment: Testing instances of last class: 257
Epoch: 079, Runtime 0.753539, Loss 0.320849, forward nfe 0, backward nfe 0, Train: 0.9222, Val: 0.8023, Test: 0.7959, Best time: 3.2490
After OOD adjustment: Training instances of last class: 0
After OOD adjustment: Testing instances of last class: 257
Epoch: 080, Runtime 0.745611, Loss 0.317086, forward nfe 0, backward nfe 0, Train: 0.9222, Val: 0.8023, Test: 0.7959, Best time: 3.2490
After OOD adjustment: Training instances of last class: 0
After OOD adjustment: Testing instances of last class: 257
Epoch: 081, Runtime 0.742204, Loss 0.313400, forward nfe 0, backward nfe 0, Train: 0.9222, Val: 0.8023, Test: 0.7959, Best time: 3.2490
After OOD adjustment: Training instances of last class: 0
After OOD adjustment: Testing instances of last class: 257
Epoch: 082, Runtime 0.744915, Loss 0.309799, forward nfe 0, backward nfe 0, Train: 0.9222, Val: 0.8023, Test: 0.7959, Best time: 3.2490
After OOD adjustment: Training instances of last class: 0
After OOD adjustment: Testing instances of last class: 257
Epoch: 083, Runtime 0.745069, Loss 0.306278, forward nfe 0, backward nfe 0, Train: 0.9222, Val: 0.8023, Test: 0.7959, Best time: 3.2490
After OOD adjustment: Training instances of last class: 0
After OOD adjustment: Testing instances of last class: 257
Epoch: 084, Runtime 0.740869, Loss 0.302844, forward nfe 0, backward nfe 0, Train: 0.9222, Val: 0.8023, Test: 0.7959, Best time: 3.2490
After OOD adjustment: Training instances of last class: 0
After OOD adjustment: Testing instances of last class: 257
Epoch: 085, Runtime 0.746020, Loss 0.299493, forward nfe 0, backward nfe 0, Train: 0.9222, Val: 0.8023, Test: 0.7959, Best time: 3.2490
After OOD adjustment: Training instances of last class: 0
After OOD adjustment: Testing instances of last class: 257
Epoch: 086, Runtime 0.745033, Loss 0.296214, forward nfe 0, backward nfe 0, Train: 0.9222, Val: 0.8023, Test: 0.7959, Best time: 3.2490
After OOD adjustment: Training instances of last class: 0
After OOD adjustment: Testing instances of last class: 257
Epoch: 087, Runtime 0.745781, Loss 0.293003, forward nfe 0, backward nfe 0, Train: 0.9222, Val: 0.8023, Test: 0.7959, Best time: 3.2490
After OOD adjustment: Training instances of last class: 0
After OOD adjustment: Testing instances of last class: 257
Epoch: 088, Runtime 0.744525, Loss 0.289852, forward nfe 0, backward nfe 0, Train: 0.9222, Val: 0.8023, Test: 0.7959, Best time: 3.2490
After OOD adjustment: Training instances of last class: 0
After OOD adjustment: Testing instances of last class: 257
Epoch: 089, Runtime 0.745364, Loss 0.286762, forward nfe 0, backward nfe 0, Train: 0.9222, Val: 0.8023, Test: 0.7959, Best time: 3.2490
After OOD adjustment: Training instances of last class: 0
After OOD adjustment: Testing instances of last class: 257
Epoch: 090, Runtime 0.745380, Loss 0.283737, forward nfe 0, backward nfe 0, Train: 0.9222, Val: 0.8023, Test: 0.7959, Best time: 3.2490
After OOD adjustment: Training instances of last class: 0
After OOD adjustment: Testing instances of last class: 257
Epoch: 091, Runtime 0.746584, Loss 0.280776, forward nfe 0, backward nfe 0, Train: 0.9222, Val: 0.8023, Test: 0.7959, Best time: 3.2490
After OOD adjustment: Training instances of last class: 0
After OOD adjustment: Testing instances of last class: 257
Epoch: 092, Runtime 0.736387, Loss 0.277879, forward nfe 0, backward nfe 0, Train: 0.9222, Val: 0.8023, Test: 0.7959, Best time: 3.2490
After OOD adjustment: Training instances of last class: 0
After OOD adjustment: Testing instances of last class: 257
Epoch: 093, Runtime 0.729924, Loss 0.275041, forward nfe 0, backward nfe 0, Train: 0.9222, Val: 0.8023, Test: 0.7959, Best time: 3.2490
After OOD adjustment: Training instances of last class: 0
After OOD adjustment: Testing instances of last class: 257
Epoch: 094, Runtime 0.728948, Loss 0.272255, forward nfe 0, backward nfe 0, Train: 0.9222, Val: 0.8023, Test: 0.7959, Best time: 3.2490
After OOD adjustment: Training instances of last class: 0
After OOD adjustment: Testing instances of last class: 257
Epoch: 095, Runtime 0.740427, Loss 0.269520, forward nfe 0, backward nfe 0, Train: 0.9222, Val: 0.8023, Test: 0.7959, Best time: 3.2490
After OOD adjustment: Training instances of last class: 0
After OOD adjustment: Testing instances of last class: 257
Epoch: 096, Runtime 0.745478, Loss 0.266834, forward nfe 0, backward nfe 0, Train: 0.9222, Val: 0.8023, Test: 0.7959, Best time: 3.2490
After OOD adjustment: Training instances of last class: 0
After OOD adjustment: Testing instances of last class: 257
Epoch: 097, Runtime 0.746017, Loss 0.264199, forward nfe 0, backward nfe 0, Train: 0.9222, Val: 0.8023, Test: 0.7959, Best time: 3.2490
After OOD adjustment: Training instances of last class: 0
After OOD adjustment: Testing instances of last class: 257
Epoch: 098, Runtime 0.737173, Loss 0.261614, forward nfe 0, backward nfe 0, Train: 0.9222, Val: 0.8023, Test: 0.7959, Best time: 3.2490
After OOD adjustment: Training instances of last class: 0
After OOD adjustment: Testing instances of last class: 257
Epoch: 099, Runtime 0.733873, Loss 0.259078, forward nfe 0, backward nfe 0, Train: 0.9222, Val: 0.8023, Test: 0.7959, Best time: 3.2490
best val accuracy 0.802308 with test accuracy 0.795893 at epoch 78 and best time 3.249016
base_directory resutls_prob/OOD_Computers
new_name:  gnn_ODD
file_path 1 resutls_prob/OOD_Computers/gnn_ODD_prediction_probabilities_23.npz
file_path 2 resutls_prob/OOD_Computers/gnn_ODD_prediction_probabilities_23.npz
Entropy Threshold: inf Test accuracy: 0.7958926016328592
Entropy Threshold: 2 Test accuracy: 0.803454231433506
Entropy Threshold: 1.6 Test accuracy: 0.8446256796319531
Entropy Threshold: 1.5 Test accuracy: 0.8545474810521623
Entropy Threshold: 1.4 Test accuracy: 0.8631591364869647
Entropy Threshold: 1.3 Test accuracy: 0.8719619143071912
Entropy Threshold: 1.2 Test accuracy: 0.8822656776803776
Entropy Threshold: 1.1 Test accuracy: 0.892296511627907
Entropy Threshold: 0.9 Test accuracy: 0.911687859257969
Entropy Threshold: 0.8 Test accuracy: 0.9223414634146342
Entropy Threshold: 0.7 Test accuracy: 0.9493181818181818
Entropy Threshold: 0.6 Test accuracy: 0.9672219236969372
Entropy Threshold: 0.5 Test accuracy: 0.9740134744947064
Entropy Threshold: 0.4 Test accuracy: 0.9775855289028706
Entropy Threshold: 0.3 Test accuracy: 0.9791208791208791
Entropy Threshold: 0.2 Test accuracy: 0.9815140845070423
Entropy Threshold: 0.1 Test accuracy: 0.9839285714285714
