[KeOps] Warning : cuda was detected, but driver API could not be initialized. Switching to cpu only.
Folder already exists: results/cora
experiment: 0
Dataset size (num_nodes): 2485, Intended development set size (num_development): 1500
Dataset size (num_nodes): 2485, Actual development set size (num_development): 1500
rations: train 140, val 1360, test 985
Before OOD adjustment: Total instances of last class: 131
Before OOD adjustment: Training instances of last class: 20
Before OOD adjustment: Testing instances of last class: 55
Before OOD adjustment: Val instances of last class: 56
total train + val+ test 131
After OOD adjustment: Training instances of last class: 0
After OOD adjustment: Testing instances of last class: 55
Total number of classes: 7
number of classes to train: 6
Dataset size (num_nodes): 2485, Intended development set size (num_development): 1500
Dataset size (num_nodes): 2485, Actual development set size (num_development): 1500
rations: train 140, val 1360, test 985
within set_train_val_test_split function!
Before OOD adjustment: Total instances of last class: 131
Before OOD adjustment: Training instances of last class: 20
Before OOD adjustment: Testing instances of last class: 60
Before OOD adjustment: Val instances of last class: 51
total train + val+ test 131
After OOD adjustment: Training instances of last class: 0
After OOD adjustment: Testing instances of last class: 60
MyGCN2(
  (conv1): GCNConv(1433, 80)
  (conv4): GCNConv(80, 6)
)
conv1.bias
torch.Size([80])
conv1.lin.weight
torch.Size([80, 1433])
conv4.bias
torch.Size([6])
conv4.lin.weight
torch.Size([6, 80])
After OOD adjustment: Training instances of last class: 0
After OOD adjustment: Testing instances of last class: 60
Epoch: 001, Runtime 0.039821, Loss 1.790771, forward nfe 0, backward nfe 0, Train: 0.3333, Val: 0.2654, Test: 0.2548, Best time: 18.2948
After OOD adjustment: Training instances of last class: 0
After OOD adjustment: Testing instances of last class: 60
Epoch: 002, Runtime 0.156307, Loss 1.727510, forward nfe 0, backward nfe 0, Train: 0.5583, Val: 0.3853, Test: 0.3787, Best time: 18.2948
After OOD adjustment: Training instances of last class: 0
After OOD adjustment: Testing instances of last class: 60
Epoch: 003, Runtime 0.145303, Loss 1.665553, forward nfe 0, backward nfe 0, Train: 0.7500, Val: 0.5015, Test: 0.5157, Best time: 18.2948
After OOD adjustment: Training instances of last class: 0
After OOD adjustment: Testing instances of last class: 60
Epoch: 004, Runtime 0.144603, Loss 1.604865, forward nfe 0, backward nfe 0, Train: 0.8667, Val: 0.5941, Test: 0.5929, Best time: 18.2948
After OOD adjustment: Training instances of last class: 0
After OOD adjustment: Testing instances of last class: 60
Epoch: 005, Runtime 0.145152, Loss 1.545424, forward nfe 0, backward nfe 0, Train: 0.9167, Val: 0.6588, Test: 0.6386, Best time: 18.2948
After OOD adjustment: Training instances of last class: 0
After OOD adjustment: Testing instances of last class: 60
Epoch: 006, Runtime 0.145293, Loss 1.487211, forward nfe 0, backward nfe 0, Train: 0.9333, Val: 0.6926, Test: 0.6660, Best time: 18.2948
After OOD adjustment: Training instances of last class: 0
After OOD adjustment: Testing instances of last class: 60
Epoch: 007, Runtime 0.145047, Loss 1.430217, forward nfe 0, backward nfe 0, Train: 0.9500, Val: 0.7199, Test: 0.6944, Best time: 18.2948
After OOD adjustment: Training instances of last class: 0
After OOD adjustment: Testing instances of last class: 60
Epoch: 008, Runtime 0.145427, Loss 1.374444, forward nfe 0, backward nfe 0, Train: 0.9583, Val: 0.7265, Test: 0.7036, Best time: 18.2948
After OOD adjustment: Training instances of last class: 0
After OOD adjustment: Testing instances of last class: 60
Epoch: 009, Runtime 0.144506, Loss 1.319905, forward nfe 0, backward nfe 0, Train: 0.9583, Val: 0.7309, Test: 0.7228, Best time: 18.2948
After OOD adjustment: Training instances of last class: 0
After OOD adjustment: Testing instances of last class: 60
Epoch: 010, Runtime 0.145679, Loss 1.266625, forward nfe 0, backward nfe 0, Train: 0.9583, Val: 0.7390, Test: 0.7299, Best time: 18.2948
After OOD adjustment: Training instances of last class: 0
After OOD adjustment: Testing instances of last class: 60
Epoch: 011, Runtime 0.144756, Loss 1.214634, forward nfe 0, backward nfe 0, Train: 0.9583, Val: 0.7449, Test: 0.7310, Best time: 18.2948
After OOD adjustment: Training instances of last class: 0
After OOD adjustment: Testing instances of last class: 60
Epoch: 012, Runtime 0.145109, Loss 1.163972, forward nfe 0, backward nfe 0, Train: 0.9583, Val: 0.7537, Test: 0.7360, Best time: 18.2948
After OOD adjustment: Training instances of last class: 0
After OOD adjustment: Testing instances of last class: 60
Epoch: 013, Runtime 0.145375, Loss 1.114676, forward nfe 0, backward nfe 0, Train: 0.9583, Val: 0.7559, Test: 0.7411, Best time: 18.2948
After OOD adjustment: Training instances of last class: 0
After OOD adjustment: Testing instances of last class: 60
Epoch: 014, Runtime 0.145010, Loss 1.066787, forward nfe 0, backward nfe 0, Train: 0.9583, Val: 0.7610, Test: 0.7462, Best time: 18.2948
After OOD adjustment: Training instances of last class: 0
After OOD adjustment: Testing instances of last class: 60
Epoch: 015, Runtime 0.026511, Loss 1.020342, forward nfe 0, backward nfe 0, Train: 0.9583, Val: 0.7610, Test: 0.7462, Best time: 18.2948
After OOD adjustment: Training instances of last class: 0
After OOD adjustment: Testing instances of last class: 60
Epoch: 016, Runtime 0.142826, Loss 0.975373, forward nfe 0, backward nfe 0, Train: 0.9583, Val: 0.7662, Test: 0.7503, Best time: 18.2948
After OOD adjustment: Training instances of last class: 0
After OOD adjustment: Testing instances of last class: 60
Epoch: 017, Runtime 0.164564, Loss 0.931908, forward nfe 0, backward nfe 0, Train: 0.9583, Val: 0.7669, Test: 0.7553, Best time: 18.2948
After OOD adjustment: Training instances of last class: 0
After OOD adjustment: Testing instances of last class: 60
Epoch: 018, Runtime 0.029738, Loss 0.889968, forward nfe 0, backward nfe 0, Train: 0.9583, Val: 0.7669, Test: 0.7553, Best time: 18.2948
After OOD adjustment: Training instances of last class: 0
After OOD adjustment: Testing instances of last class: 60
Epoch: 019, Runtime 0.028629, Loss 0.849566, forward nfe 0, backward nfe 0, Train: 0.9583, Val: 0.7669, Test: 0.7553, Best time: 18.2948
After OOD adjustment: Training instances of last class: 0
After OOD adjustment: Testing instances of last class: 60
Epoch: 020, Runtime 0.151026, Loss 0.810709, forward nfe 0, backward nfe 0, Train: 0.9667, Val: 0.7691, Test: 0.7604, Best time: 18.2948
After OOD adjustment: Training instances of last class: 0
After OOD adjustment: Testing instances of last class: 60
Epoch: 021, Runtime 0.027744, Loss 0.773397, forward nfe 0, backward nfe 0, Train: 0.9667, Val: 0.7691, Test: 0.7604, Best time: 18.2948
After OOD adjustment: Training instances of last class: 0
After OOD adjustment: Testing instances of last class: 60
Epoch: 022, Runtime 0.025737, Loss 0.737623, forward nfe 0, backward nfe 0, Train: 0.9667, Val: 0.7691, Test: 0.7604, Best time: 18.2948
After OOD adjustment: Training instances of last class: 0
After OOD adjustment: Testing instances of last class: 60
Epoch: 023, Runtime 0.026355, Loss 0.703371, forward nfe 0, backward nfe 0, Train: 0.9667, Val: 0.7691, Test: 0.7604, Best time: 18.2948
After OOD adjustment: Training instances of last class: 0
After OOD adjustment: Testing instances of last class: 60
Epoch: 024, Runtime 0.026703, Loss 0.670621, forward nfe 0, backward nfe 0, Train: 0.9667, Val: 0.7691, Test: 0.7604, Best time: 18.2948
After OOD adjustment: Training instances of last class: 0
After OOD adjustment: Testing instances of last class: 60
Epoch: 025, Runtime 0.026183, Loss 0.639344, forward nfe 0, backward nfe 0, Train: 0.9667, Val: 0.7691, Test: 0.7604, Best time: 18.2948
After OOD adjustment: Training instances of last class: 0
After OOD adjustment: Testing instances of last class: 60
Epoch: 026, Runtime 0.027668, Loss 0.609510, forward nfe 0, backward nfe 0, Train: 0.9667, Val: 0.7691, Test: 0.7604, Best time: 18.2948
After OOD adjustment: Training instances of last class: 0
After OOD adjustment: Testing instances of last class: 60
Epoch: 027, Runtime 0.027917, Loss 0.581080, forward nfe 0, backward nfe 0, Train: 0.9667, Val: 0.7691, Test: 0.7604, Best time: 18.2948
After OOD adjustment: Training instances of last class: 0
After OOD adjustment: Testing instances of last class: 60
Epoch: 028, Runtime 0.171079, Loss 0.554014, forward nfe 0, backward nfe 0, Train: 0.9750, Val: 0.7699, Test: 0.7584, Best time: 18.2948
After OOD adjustment: Training instances of last class: 0
After OOD adjustment: Testing instances of last class: 60
Epoch: 029, Runtime 0.029152, Loss 0.528268, forward nfe 0, backward nfe 0, Train: 0.9750, Val: 0.7699, Test: 0.7584, Best time: 18.2948
After OOD adjustment: Training instances of last class: 0
After OOD adjustment: Testing instances of last class: 60
Epoch: 030, Runtime 0.028685, Loss 0.503797, forward nfe 0, backward nfe 0, Train: 0.9750, Val: 0.7699, Test: 0.7584, Best time: 18.2948
After OOD adjustment: Training instances of last class: 0
After OOD adjustment: Testing instances of last class: 60
Epoch: 031, Runtime 0.144627, Loss 0.480552, forward nfe 0, backward nfe 0, Train: 0.9750, Val: 0.7721, Test: 0.7563, Best time: 18.2948
After OOD adjustment: Training instances of last class: 0
After OOD adjustment: Testing instances of last class: 60
Epoch: 032, Runtime 0.027669, Loss 0.458484, forward nfe 0, backward nfe 0, Train: 0.9750, Val: 0.7721, Test: 0.7563, Best time: 18.2948
After OOD adjustment: Training instances of last class: 0
After OOD adjustment: Testing instances of last class: 60
Epoch: 033, Runtime 0.025462, Loss 0.437543, forward nfe 0, backward nfe 0, Train: 0.9750, Val: 0.7721, Test: 0.7563, Best time: 18.2948
After OOD adjustment: Training instances of last class: 0
After OOD adjustment: Testing instances of last class: 60
Epoch: 034, Runtime 0.025115, Loss 0.417680, forward nfe 0, backward nfe 0, Train: 0.9750, Val: 0.7721, Test: 0.7563, Best time: 18.2948
After OOD adjustment: Training instances of last class: 0
After OOD adjustment: Testing instances of last class: 60
Epoch: 035, Runtime 0.143080, Loss 0.398843, forward nfe 0, backward nfe 0, Train: 0.9750, Val: 0.7743, Test: 0.7543, Best time: 18.2948
After OOD adjustment: Training instances of last class: 0
After OOD adjustment: Testing instances of last class: 60
Epoch: 036, Runtime 0.029762, Loss 0.380983, forward nfe 0, backward nfe 0, Train: 0.9750, Val: 0.7743, Test: 0.7543, Best time: 18.2948
After OOD adjustment: Training instances of last class: 0
After OOD adjustment: Testing instances of last class: 60
Epoch: 037, Runtime 0.029291, Loss 0.364050, forward nfe 0, backward nfe 0, Train: 0.9750, Val: 0.7743, Test: 0.7543, Best time: 18.2948
After OOD adjustment: Training instances of last class: 0
After OOD adjustment: Testing instances of last class: 60
Epoch: 038, Runtime 0.029483, Loss 0.347998, forward nfe 0, backward nfe 0, Train: 0.9750, Val: 0.7743, Test: 0.7543, Best time: 18.2948
After OOD adjustment: Training instances of last class: 0
After OOD adjustment: Testing instances of last class: 60
Epoch: 039, Runtime 0.176038, Loss 0.332779, forward nfe 0, backward nfe 0, Train: 0.9750, Val: 0.7750, Test: 0.7543, Best time: 18.2948
After OOD adjustment: Training instances of last class: 0
After OOD adjustment: Testing instances of last class: 60
Epoch: 040, Runtime 0.153989, Loss 0.318348, forward nfe 0, backward nfe 0, Train: 0.9750, Val: 0.7765, Test: 0.7543, Best time: 18.2948
After OOD adjustment: Training instances of last class: 0
After OOD adjustment: Testing instances of last class: 60
Epoch: 041, Runtime 0.027827, Loss 0.304662, forward nfe 0, backward nfe 0, Train: 0.9750, Val: 0.7765, Test: 0.7543, Best time: 18.2948
After OOD adjustment: Training instances of last class: 0
After OOD adjustment: Testing instances of last class: 60
Epoch: 042, Runtime 0.026115, Loss 0.291679, forward nfe 0, backward nfe 0, Train: 0.9750, Val: 0.7765, Test: 0.7543, Best time: 18.2948
After OOD adjustment: Training instances of last class: 0
After OOD adjustment: Testing instances of last class: 60
Epoch: 043, Runtime 0.025406, Loss 0.279361, forward nfe 0, backward nfe 0, Train: 0.9750, Val: 0.7765, Test: 0.7543, Best time: 18.2948
After OOD adjustment: Training instances of last class: 0
After OOD adjustment: Testing instances of last class: 60
Epoch: 044, Runtime 0.025429, Loss 0.267670, forward nfe 0, backward nfe 0, Train: 0.9750, Val: 0.7765, Test: 0.7543, Best time: 18.2948
After OOD adjustment: Training instances of last class: 0
After OOD adjustment: Testing instances of last class: 60
Epoch: 045, Runtime 0.025860, Loss 0.256571, forward nfe 0, backward nfe 0, Train: 0.9750, Val: 0.7765, Test: 0.7543, Best time: 18.2948
After OOD adjustment: Training instances of last class: 0
After OOD adjustment: Testing instances of last class: 60
Epoch: 046, Runtime 0.026064, Loss 0.246030, forward nfe 0, backward nfe 0, Train: 0.9750, Val: 0.7765, Test: 0.7543, Best time: 18.2948
After OOD adjustment: Training instances of last class: 0
After OOD adjustment: Testing instances of last class: 60
Epoch: 047, Runtime 0.025145, Loss 0.236016, forward nfe 0, backward nfe 0, Train: 0.9750, Val: 0.7765, Test: 0.7543, Best time: 18.2948
After OOD adjustment: Training instances of last class: 0
After OOD adjustment: Testing instances of last class: 60
Epoch: 048, Runtime 0.025251, Loss 0.226500, forward nfe 0, backward nfe 0, Train: 0.9750, Val: 0.7765, Test: 0.7543, Best time: 18.2948
After OOD adjustment: Training instances of last class: 0
After OOD adjustment: Testing instances of last class: 60
Epoch: 049, Runtime 0.025303, Loss 0.217453, forward nfe 0, backward nfe 0, Train: 0.9750, Val: 0.7765, Test: 0.7543, Best time: 18.2948
After OOD adjustment: Training instances of last class: 0
After OOD adjustment: Testing instances of last class: 60
Epoch: 050, Runtime 0.025117, Loss 0.208850, forward nfe 0, backward nfe 0, Train: 0.9750, Val: 0.7765, Test: 0.7543, Best time: 18.2948
After OOD adjustment: Training instances of last class: 0
After OOD adjustment: Testing instances of last class: 60
Epoch: 051, Runtime 0.025618, Loss 0.200666, forward nfe 0, backward nfe 0, Train: 0.9750, Val: 0.7765, Test: 0.7543, Best time: 18.2948
After OOD adjustment: Training instances of last class: 0
After OOD adjustment: Testing instances of last class: 60
Epoch: 052, Runtime 0.025228, Loss 0.192878, forward nfe 0, backward nfe 0, Train: 0.9750, Val: 0.7765, Test: 0.7543, Best time: 18.2948
After OOD adjustment: Training instances of last class: 0
After OOD adjustment: Testing instances of last class: 60
Epoch: 053, Runtime 0.025335, Loss 0.185465, forward nfe 0, backward nfe 0, Train: 0.9750, Val: 0.7765, Test: 0.7543, Best time: 18.2948
After OOD adjustment: Training instances of last class: 0
After OOD adjustment: Testing instances of last class: 60
Epoch: 054, Runtime 0.024954, Loss 0.178407, forward nfe 0, backward nfe 0, Train: 0.9750, Val: 0.7765, Test: 0.7543, Best time: 18.2948
After OOD adjustment: Training instances of last class: 0
After OOD adjustment: Testing instances of last class: 60
Epoch: 055, Runtime 0.024609, Loss 0.171684, forward nfe 0, backward nfe 0, Train: 0.9750, Val: 0.7765, Test: 0.7543, Best time: 18.2948
After OOD adjustment: Training instances of last class: 0
After OOD adjustment: Testing instances of last class: 60
Epoch: 056, Runtime 0.025378, Loss 0.165279, forward nfe 0, backward nfe 0, Train: 0.9750, Val: 0.7765, Test: 0.7543, Best time: 18.2948
After OOD adjustment: Training instances of last class: 0
After OOD adjustment: Testing instances of last class: 60
Epoch: 057, Runtime 0.025027, Loss 0.159176, forward nfe 0, backward nfe 0, Train: 0.9750, Val: 0.7765, Test: 0.7543, Best time: 18.2948
After OOD adjustment: Training instances of last class: 0
After OOD adjustment: Testing instances of last class: 60
Epoch: 058, Runtime 0.025483, Loss 0.153357, forward nfe 0, backward nfe 0, Train: 0.9750, Val: 0.7765, Test: 0.7543, Best time: 18.2948
After OOD adjustment: Training instances of last class: 0
After OOD adjustment: Testing instances of last class: 60
Epoch: 059, Runtime 0.025563, Loss 0.147809, forward nfe 0, backward nfe 0, Train: 0.9750, Val: 0.7765, Test: 0.7543, Best time: 18.2948
After OOD adjustment: Training instances of last class: 0
After OOD adjustment: Testing instances of last class: 60
Epoch: 060, Runtime 0.025591, Loss 0.142518, forward nfe 0, backward nfe 0, Train: 0.9750, Val: 0.7765, Test: 0.7543, Best time: 18.2948
After OOD adjustment: Training instances of last class: 0
After OOD adjustment: Testing instances of last class: 60
Epoch: 061, Runtime 0.025238, Loss 0.137470, forward nfe 0, backward nfe 0, Train: 0.9750, Val: 0.7765, Test: 0.7543, Best time: 18.2948
After OOD adjustment: Training instances of last class: 0
After OOD adjustment: Testing instances of last class: 60
Epoch: 062, Runtime 0.025391, Loss 0.132653, forward nfe 0, backward nfe 0, Train: 0.9750, Val: 0.7765, Test: 0.7543, Best time: 18.2948
After OOD adjustment: Training instances of last class: 0
After OOD adjustment: Testing instances of last class: 60
Epoch: 063, Runtime 0.025495, Loss 0.128056, forward nfe 0, backward nfe 0, Train: 0.9750, Val: 0.7765, Test: 0.7543, Best time: 18.2948
After OOD adjustment: Training instances of last class: 0
After OOD adjustment: Testing instances of last class: 60
Epoch: 064, Runtime 0.025064, Loss 0.123667, forward nfe 0, backward nfe 0, Train: 0.9750, Val: 0.7765, Test: 0.7543, Best time: 18.2948
After OOD adjustment: Training instances of last class: 0
After OOD adjustment: Testing instances of last class: 60
Epoch: 065, Runtime 0.025903, Loss 0.119476, forward nfe 0, backward nfe 0, Train: 0.9750, Val: 0.7765, Test: 0.7543, Best time: 18.2948
After OOD adjustment: Training instances of last class: 0
After OOD adjustment: Testing instances of last class: 60
Epoch: 066, Runtime 0.025192, Loss 0.115473, forward nfe 0, backward nfe 0, Train: 0.9750, Val: 0.7765, Test: 0.7543, Best time: 18.2948
After OOD adjustment: Training instances of last class: 0
After OOD adjustment: Testing instances of last class: 60
Epoch: 067, Runtime 0.025527, Loss 0.111649, forward nfe 0, backward nfe 0, Train: 0.9750, Val: 0.7765, Test: 0.7543, Best time: 18.2948
After OOD adjustment: Training instances of last class: 0
After OOD adjustment: Testing instances of last class: 60
Epoch: 068, Runtime 0.025478, Loss 0.107994, forward nfe 0, backward nfe 0, Train: 0.9750, Val: 0.7765, Test: 0.7543, Best time: 18.2948
After OOD adjustment: Training instances of last class: 0
After OOD adjustment: Testing instances of last class: 60
Epoch: 069, Runtime 0.025879, Loss 0.104500, forward nfe 0, backward nfe 0, Train: 0.9750, Val: 0.7765, Test: 0.7543, Best time: 18.2948
After OOD adjustment: Training instances of last class: 0
After OOD adjustment: Testing instances of last class: 60
Epoch: 070, Runtime 0.025351, Loss 0.101160, forward nfe 0, backward nfe 0, Train: 0.9750, Val: 0.7765, Test: 0.7543, Best time: 18.2948
After OOD adjustment: Training instances of last class: 0
After OOD adjustment: Testing instances of last class: 60
Epoch: 071, Runtime 0.024452, Loss 0.097965, forward nfe 0, backward nfe 0, Train: 0.9750, Val: 0.7765, Test: 0.7543, Best time: 18.2948
After OOD adjustment: Training instances of last class: 0
After OOD adjustment: Testing instances of last class: 60
Epoch: 072, Runtime 0.025371, Loss 0.094909, forward nfe 0, backward nfe 0, Train: 0.9750, Val: 0.7765, Test: 0.7543, Best time: 18.2948
After OOD adjustment: Training instances of last class: 0
After OOD adjustment: Testing instances of last class: 60
Epoch: 073, Runtime 0.026471, Loss 0.091984, forward nfe 0, backward nfe 0, Train: 0.9750, Val: 0.7765, Test: 0.7543, Best time: 18.2948
After OOD adjustment: Training instances of last class: 0
After OOD adjustment: Testing instances of last class: 60
Epoch: 074, Runtime 0.027864, Loss 0.089185, forward nfe 0, backward nfe 0, Train: 0.9750, Val: 0.7765, Test: 0.7543, Best time: 18.2948
After OOD adjustment: Training instances of last class: 0
After OOD adjustment: Testing instances of last class: 60
Epoch: 075, Runtime 0.027925, Loss 0.086504, forward nfe 0, backward nfe 0, Train: 0.9750, Val: 0.7765, Test: 0.7543, Best time: 18.2948
After OOD adjustment: Training instances of last class: 0
After OOD adjustment: Testing instances of last class: 60
Epoch: 076, Runtime 0.027915, Loss 0.083936, forward nfe 0, backward nfe 0, Train: 0.9750, Val: 0.7765, Test: 0.7543, Best time: 18.2948
After OOD adjustment: Training instances of last class: 0
After OOD adjustment: Testing instances of last class: 60
Epoch: 077, Runtime 0.027647, Loss 0.081476, forward nfe 0, backward nfe 0, Train: 0.9750, Val: 0.7765, Test: 0.7543, Best time: 18.2948
After OOD adjustment: Training instances of last class: 0
After OOD adjustment: Testing instances of last class: 60
Epoch: 078, Runtime 0.027586, Loss 0.079118, forward nfe 0, backward nfe 0, Train: 0.9750, Val: 0.7765, Test: 0.7543, Best time: 18.2948
After OOD adjustment: Training instances of last class: 0
After OOD adjustment: Testing instances of last class: 60
Epoch: 079, Runtime 0.028790, Loss 0.076858, forward nfe 0, backward nfe 0, Train: 0.9750, Val: 0.7765, Test: 0.7543, Best time: 18.2948
After OOD adjustment: Training instances of last class: 0
After OOD adjustment: Testing instances of last class: 60
Epoch: 080, Runtime 0.028824, Loss 0.074690, forward nfe 0, backward nfe 0, Train: 0.9750, Val: 0.7765, Test: 0.7543, Best time: 18.2948
After OOD adjustment: Training instances of last class: 0
After OOD adjustment: Testing instances of last class: 60
Epoch: 081, Runtime 0.028834, Loss 0.072610, forward nfe 0, backward nfe 0, Train: 0.9750, Val: 0.7765, Test: 0.7543, Best time: 18.2948
After OOD adjustment: Training instances of last class: 0
After OOD adjustment: Testing instances of last class: 60
Epoch: 082, Runtime 0.028694, Loss 0.070614, forward nfe 0, backward nfe 0, Train: 0.9750, Val: 0.7765, Test: 0.7543, Best time: 18.2948
After OOD adjustment: Training instances of last class: 0
After OOD adjustment: Testing instances of last class: 60
Epoch: 083, Runtime 0.028678, Loss 0.068697, forward nfe 0, backward nfe 0, Train: 0.9750, Val: 0.7765, Test: 0.7543, Best time: 18.2948
After OOD adjustment: Training instances of last class: 0
After OOD adjustment: Testing instances of last class: 60
Epoch: 084, Runtime 0.027889, Loss 0.066857, forward nfe 0, backward nfe 0, Train: 0.9750, Val: 0.7765, Test: 0.7543, Best time: 18.2948
After OOD adjustment: Training instances of last class: 0
After OOD adjustment: Testing instances of last class: 60
Epoch: 085, Runtime 0.026383, Loss 0.065089, forward nfe 0, backward nfe 0, Train: 0.9750, Val: 0.7765, Test: 0.7543, Best time: 18.2948
After OOD adjustment: Training instances of last class: 0
After OOD adjustment: Testing instances of last class: 60
Epoch: 086, Runtime 0.026298, Loss 0.063389, forward nfe 0, backward nfe 0, Train: 0.9750, Val: 0.7765, Test: 0.7543, Best time: 18.2948
After OOD adjustment: Training instances of last class: 0
After OOD adjustment: Testing instances of last class: 60
Epoch: 087, Runtime 0.026125, Loss 0.061756, forward nfe 0, backward nfe 0, Train: 0.9750, Val: 0.7765, Test: 0.7543, Best time: 18.2948
After OOD adjustment: Training instances of last class: 0
After OOD adjustment: Testing instances of last class: 60
Epoch: 088, Runtime 0.026131, Loss 0.060184, forward nfe 0, backward nfe 0, Train: 0.9750, Val: 0.7765, Test: 0.7543, Best time: 18.2948
After OOD adjustment: Training instances of last class: 0
After OOD adjustment: Testing instances of last class: 60
Epoch: 089, Runtime 0.030685, Loss 0.058672, forward nfe 0, backward nfe 0, Train: 0.9750, Val: 0.7765, Test: 0.7543, Best time: 18.2948
After OOD adjustment: Training instances of last class: 0
After OOD adjustment: Testing instances of last class: 60
Epoch: 090, Runtime 0.033100, Loss 0.057217, forward nfe 0, backward nfe 0, Train: 0.9750, Val: 0.7765, Test: 0.7543, Best time: 18.2948
After OOD adjustment: Training instances of last class: 0
After OOD adjustment: Testing instances of last class: 60
Epoch: 091, Runtime 0.027364, Loss 0.055816, forward nfe 0, backward nfe 0, Train: 0.9750, Val: 0.7765, Test: 0.7543, Best time: 18.2948
After OOD adjustment: Training instances of last class: 0
After OOD adjustment: Testing instances of last class: 60
Epoch: 092, Runtime 0.026171, Loss 0.054467, forward nfe 0, backward nfe 0, Train: 0.9750, Val: 0.7765, Test: 0.7543, Best time: 18.2948
After OOD adjustment: Training instances of last class: 0
After OOD adjustment: Testing instances of last class: 60
Epoch: 093, Runtime 0.026253, Loss 0.053167, forward nfe 0, backward nfe 0, Train: 0.9750, Val: 0.7765, Test: 0.7543, Best time: 18.2948
After OOD adjustment: Training instances of last class: 0
After OOD adjustment: Testing instances of last class: 60
Epoch: 094, Runtime 0.026058, Loss 0.051914, forward nfe 0, backward nfe 0, Train: 0.9750, Val: 0.7765, Test: 0.7543, Best time: 18.2948
After OOD adjustment: Training instances of last class: 0
After OOD adjustment: Testing instances of last class: 60
Epoch: 095, Runtime 0.026029, Loss 0.050705, forward nfe 0, backward nfe 0, Train: 0.9750, Val: 0.7765, Test: 0.7543, Best time: 18.2948
After OOD adjustment: Training instances of last class: 0
After OOD adjustment: Testing instances of last class: 60
Epoch: 096, Runtime 0.026026, Loss 0.049540, forward nfe 0, backward nfe 0, Train: 0.9750, Val: 0.7765, Test: 0.7543, Best time: 18.2948
After OOD adjustment: Training instances of last class: 0
After OOD adjustment: Testing instances of last class: 60
Epoch: 097, Runtime 0.026119, Loss 0.048415, forward nfe 0, backward nfe 0, Train: 0.9750, Val: 0.7765, Test: 0.7543, Best time: 18.2948
After OOD adjustment: Training instances of last class: 0
After OOD adjustment: Testing instances of last class: 60
Epoch: 098, Runtime 0.026085, Loss 0.047329, forward nfe 0, backward nfe 0, Train: 0.9750, Val: 0.7765, Test: 0.7543, Best time: 18.2948
After OOD adjustment: Training instances of last class: 0
After OOD adjustment: Testing instances of last class: 60
Epoch: 099, Runtime 0.026048, Loss 0.046281, forward nfe 0, backward nfe 0, Train: 0.9750, Val: 0.7765, Test: 0.7543, Best time: 18.2948
best val accuracy 0.776471 with test accuracy 0.754315 at epoch 40 and best time 18.294754
base_directory resutls_prob/OOD_Cora
new_name:  gnn_ODD
file_path 1 resutls_prob/OOD_Cora/gnn_ODD_prediction_probabilities_61.npz
file_path 2 resutls_prob/OOD_Cora/gnn_ODD_prediction_probabilities_61.npz
Entropy Threshold: inf Test accuracy: 0.7543147208121828
Entropy Threshold: 2 Test accuracy: 0.7543147208121828
Entropy Threshold: 1.6 Test accuracy: 0.8603988603988604
Entropy Threshold: 1.5 Test accuracy: 0.8845470692717584
Entropy Threshold: 1.4 Test accuracy: 0.9123595505617977
Entropy Threshold: 1.3 Test accuracy: 0.9495798319327731
Entropy Threshold: 1.2 Test accuracy: 0.9522184300341296
Entropy Threshold: 1.1 Test accuracy: 0.9621848739495799
Entropy Threshold: 0.9 Test accuracy: 0.9681528662420382
Entropy Threshold: 0.8 Test accuracy: 0.967741935483871
Entropy Threshold: 0.7 Test accuracy: 0.9693877551020408
Entropy Threshold: 0.6 Test accuracy: 0.9726027397260274
Entropy Threshold: 0.5 Test accuracy: 0.9807692307692307
Entropy Threshold: 0.4 Test accuracy: 1.0
Entropy Threshold: 0.3 Test accuracy: 1.0
Entropy Threshold: 0.2 Test accuracy: 1.0
Entropy Threshold: 0.1 Test accuracy: 1.0
