[KeOps] Warning : cuda was detected, but driver API could not be initialized. Switching to cpu only.
Folder already exists: results/cora
experiment: 0
Dataset size (num_nodes): 2485, Intended development set size (num_development): 1500
Dataset size (num_nodes): 2485, Actual development set size (num_development): 1500
rations: train 140, val 1360, test 985
Before OOD adjustment: Total instances of last class: 131
Before OOD adjustment: Training instances of last class: 20
Before OOD adjustment: Testing instances of last class: 55
Before OOD adjustment: Val instances of last class: 56
total train + val+ test 131
After OOD adjustment: Training instances of last class: 0
After OOD adjustment: Testing instances of last class: 55
Total number of classes: 7
number of classes to train: 6
Dataset size (num_nodes): 2485, Intended development set size (num_development): 1500
Dataset size (num_nodes): 2485, Actual development set size (num_development): 1500
rations: train 140, val 1360, test 985
within set_train_val_test_split function!
Before OOD adjustment: Total instances of last class: 131
Before OOD adjustment: Training instances of last class: 20
Before OOD adjustment: Testing instances of last class: 43
Before OOD adjustment: Val instances of last class: 68
total train + val+ test 131
After OOD adjustment: Training instances of last class: 0
After OOD adjustment: Testing instances of last class: 43
BayesianGCN(
  (bayes_conv1): BayesianGCNConv(1433, 64)
  (bayes_conv3): BayesianGCNConv(64, 6)
)
bayes_conv1.mu_weight
torch.Size([64, 1433])
bayes_conv1.rho_weight
torch.Size([64, 1433])
bayes_conv1.mu_bias
torch.Size([64])
bayes_conv1.rho_bias
torch.Size([64])
bayes_conv3.mu_weight
torch.Size([6, 64])
bayes_conv3.rho_weight
torch.Size([6, 64])
bayes_conv3.mu_bias
torch.Size([6])
bayes_conv3.rho_bias
torch.Size([6])
After OOD adjustment: Training instances of last class: 0
After OOD adjustment: Testing instances of last class: 43
Epoch: 001, Runtime 0.040373, Loss 1.937907, forward nfe 0, backward nfe 0, Train: 0.1667, Val: 0.1390, Test: 0.1371, Best time: 18.2948
After OOD adjustment: Training instances of last class: 0
After OOD adjustment: Testing instances of last class: 43
Epoch: 002, Runtime 0.126054, Loss 1.927401, forward nfe 0, backward nfe 0, Train: 0.2000, Val: 0.1588, Test: 0.1563, Best time: 18.2948
After OOD adjustment: Training instances of last class: 0
After OOD adjustment: Testing instances of last class: 43
Epoch: 003, Runtime 0.028959, Loss 1.856607, forward nfe 0, backward nfe 0, Train: 0.2000, Val: 0.1588, Test: 0.1563, Best time: 18.2948
After OOD adjustment: Training instances of last class: 0
After OOD adjustment: Testing instances of last class: 43
Epoch: 004, Runtime 0.025944, Loss 1.973082, forward nfe 0, backward nfe 0, Train: 0.2000, Val: 0.1588, Test: 0.1563, Best time: 18.2948
After OOD adjustment: Training instances of last class: 0
After OOD adjustment: Testing instances of last class: 43
Epoch: 005, Runtime 0.025484, Loss 1.906824, forward nfe 0, backward nfe 0, Train: 0.2000, Val: 0.1588, Test: 0.1563, Best time: 18.2948
After OOD adjustment: Training instances of last class: 0
After OOD adjustment: Testing instances of last class: 43
Epoch: 006, Runtime 0.025476, Loss 1.866811, forward nfe 0, backward nfe 0, Train: 0.2000, Val: 0.1588, Test: 0.1563, Best time: 18.2948
After OOD adjustment: Training instances of last class: 0
After OOD adjustment: Testing instances of last class: 43
Epoch: 007, Runtime 0.025309, Loss 1.795255, forward nfe 0, backward nfe 0, Train: 0.2000, Val: 0.1588, Test: 0.1563, Best time: 18.2948
After OOD adjustment: Training instances of last class: 0
After OOD adjustment: Testing instances of last class: 43
Epoch: 008, Runtime 0.112819, Loss 1.776395, forward nfe 0, backward nfe 0, Train: 0.2667, Val: 0.1809, Test: 0.1949, Best time: 18.2948
After OOD adjustment: Training instances of last class: 0
After OOD adjustment: Testing instances of last class: 43
Epoch: 009, Runtime 0.029982, Loss 1.740396, forward nfe 0, backward nfe 0, Train: 0.2667, Val: 0.1809, Test: 0.1949, Best time: 18.2948
After OOD adjustment: Training instances of last class: 0
After OOD adjustment: Testing instances of last class: 43
Epoch: 010, Runtime 0.026032, Loss 1.758673, forward nfe 0, backward nfe 0, Train: 0.2667, Val: 0.1809, Test: 0.1949, Best time: 18.2948
After OOD adjustment: Training instances of last class: 0
After OOD adjustment: Testing instances of last class: 43
Epoch: 011, Runtime 0.113751, Loss 1.731202, forward nfe 0, backward nfe 0, Train: 0.3500, Val: 0.2162, Test: 0.2305, Best time: 18.2948
After OOD adjustment: Training instances of last class: 0
After OOD adjustment: Testing instances of last class: 43
Epoch: 012, Runtime 0.029422, Loss 1.753410, forward nfe 0, backward nfe 0, Train: 0.3500, Val: 0.2162, Test: 0.2305, Best time: 18.2948
After OOD adjustment: Training instances of last class: 0
After OOD adjustment: Testing instances of last class: 43
Epoch: 013, Runtime 0.113009, Loss 1.724370, forward nfe 0, backward nfe 0, Train: 0.5083, Val: 0.2735, Test: 0.2975, Best time: 18.2948
After OOD adjustment: Training instances of last class: 0
After OOD adjustment: Testing instances of last class: 43
Epoch: 014, Runtime 0.028316, Loss 1.677131, forward nfe 0, backward nfe 0, Train: 0.5083, Val: 0.2735, Test: 0.2975, Best time: 18.2948
After OOD adjustment: Training instances of last class: 0
After OOD adjustment: Testing instances of last class: 43
Epoch: 015, Runtime 0.026242, Loss 1.673354, forward nfe 0, backward nfe 0, Train: 0.5083, Val: 0.2735, Test: 0.2975, Best time: 18.2948
After OOD adjustment: Training instances of last class: 0
After OOD adjustment: Testing instances of last class: 43
Epoch: 016, Runtime 0.025173, Loss 1.711097, forward nfe 0, backward nfe 0, Train: 0.5083, Val: 0.2735, Test: 0.2975, Best time: 18.2948
After OOD adjustment: Training instances of last class: 0
After OOD adjustment: Testing instances of last class: 43
Epoch: 017, Runtime 0.025397, Loss 1.658716, forward nfe 0, backward nfe 0, Train: 0.5083, Val: 0.2735, Test: 0.2975, Best time: 18.2948
After OOD adjustment: Training instances of last class: 0
After OOD adjustment: Testing instances of last class: 43
Epoch: 018, Runtime 0.025579, Loss 1.617126, forward nfe 0, backward nfe 0, Train: 0.5083, Val: 0.2735, Test: 0.2975, Best time: 18.2948
After OOD adjustment: Training instances of last class: 0
After OOD adjustment: Testing instances of last class: 43
Epoch: 019, Runtime 0.113106, Loss 1.617934, forward nfe 0, backward nfe 0, Train: 0.7417, Val: 0.4588, Test: 0.4660, Best time: 18.2948
After OOD adjustment: Training instances of last class: 0
After OOD adjustment: Testing instances of last class: 43
Epoch: 020, Runtime 0.029089, Loss 1.624576, forward nfe 0, backward nfe 0, Train: 0.7417, Val: 0.4588, Test: 0.4660, Best time: 18.2948
After OOD adjustment: Training instances of last class: 0
After OOD adjustment: Testing instances of last class: 43
Epoch: 021, Runtime 0.026276, Loss 1.644537, forward nfe 0, backward nfe 0, Train: 0.7417, Val: 0.4588, Test: 0.4660, Best time: 18.2948
After OOD adjustment: Training instances of last class: 0
After OOD adjustment: Testing instances of last class: 43
Epoch: 022, Runtime 0.025980, Loss 1.609211, forward nfe 0, backward nfe 0, Train: 0.7417, Val: 0.4588, Test: 0.4660, Best time: 18.2948
After OOD adjustment: Training instances of last class: 0
After OOD adjustment: Testing instances of last class: 43
Epoch: 023, Runtime 0.025711, Loss 1.578840, forward nfe 0, backward nfe 0, Train: 0.7417, Val: 0.4588, Test: 0.4660, Best time: 18.2948
After OOD adjustment: Training instances of last class: 0
After OOD adjustment: Testing instances of last class: 43
Epoch: 024, Runtime 0.025900, Loss 1.560544, forward nfe 0, backward nfe 0, Train: 0.7417, Val: 0.4588, Test: 0.4660, Best time: 18.2948
After OOD adjustment: Training instances of last class: 0
After OOD adjustment: Testing instances of last class: 43
Epoch: 025, Runtime 0.026022, Loss 1.571140, forward nfe 0, backward nfe 0, Train: 0.7417, Val: 0.4588, Test: 0.4660, Best time: 18.2948
After OOD adjustment: Training instances of last class: 0
After OOD adjustment: Testing instances of last class: 43
Epoch: 026, Runtime 0.026575, Loss 1.550362, forward nfe 0, backward nfe 0, Train: 0.7417, Val: 0.4588, Test: 0.4660, Best time: 18.2948
After OOD adjustment: Training instances of last class: 0
After OOD adjustment: Testing instances of last class: 43
Epoch: 027, Runtime 0.114363, Loss 1.561597, forward nfe 0, backward nfe 0, Train: 0.6417, Val: 0.5074, Test: 0.4812, Best time: 18.2948
After OOD adjustment: Training instances of last class: 0
After OOD adjustment: Testing instances of last class: 43
Epoch: 028, Runtime 0.029695, Loss 1.541706, forward nfe 0, backward nfe 0, Train: 0.6417, Val: 0.5074, Test: 0.4812, Best time: 18.2948
After OOD adjustment: Training instances of last class: 0
After OOD adjustment: Testing instances of last class: 43
Epoch: 029, Runtime 0.026177, Loss 1.505226, forward nfe 0, backward nfe 0, Train: 0.6417, Val: 0.5074, Test: 0.4812, Best time: 18.2948
After OOD adjustment: Training instances of last class: 0
After OOD adjustment: Testing instances of last class: 43
Epoch: 030, Runtime 0.113765, Loss 1.494119, forward nfe 0, backward nfe 0, Train: 0.7583, Val: 0.5456, Test: 0.5350, Best time: 18.2948
After OOD adjustment: Training instances of last class: 0
After OOD adjustment: Testing instances of last class: 43
Epoch: 031, Runtime 0.029089, Loss 1.484315, forward nfe 0, backward nfe 0, Train: 0.7583, Val: 0.5456, Test: 0.5350, Best time: 18.2948
After OOD adjustment: Training instances of last class: 0
After OOD adjustment: Testing instances of last class: 43
Epoch: 032, Runtime 0.027842, Loss 1.508763, forward nfe 0, backward nfe 0, Train: 0.7583, Val: 0.5456, Test: 0.5350, Best time: 18.2948
After OOD adjustment: Training instances of last class: 0
After OOD adjustment: Testing instances of last class: 43
Epoch: 033, Runtime 0.114204, Loss 1.522914, forward nfe 0, backward nfe 0, Train: 0.7000, Val: 0.5632, Test: 0.5604, Best time: 18.2948
After OOD adjustment: Training instances of last class: 0
After OOD adjustment: Testing instances of last class: 43
Epoch: 034, Runtime 0.029082, Loss 1.468228, forward nfe 0, backward nfe 0, Train: 0.7000, Val: 0.5632, Test: 0.5604, Best time: 18.2948
After OOD adjustment: Training instances of last class: 0
After OOD adjustment: Testing instances of last class: 43
Epoch: 035, Runtime 0.026466, Loss 1.428676, forward nfe 0, backward nfe 0, Train: 0.7000, Val: 0.5632, Test: 0.5604, Best time: 18.2948
After OOD adjustment: Training instances of last class: 0
After OOD adjustment: Testing instances of last class: 43
Epoch: 036, Runtime 0.025833, Loss 1.438806, forward nfe 0, backward nfe 0, Train: 0.7000, Val: 0.5632, Test: 0.5604, Best time: 18.2948
After OOD adjustment: Training instances of last class: 0
After OOD adjustment: Testing instances of last class: 43
Epoch: 037, Runtime 0.025754, Loss 1.423352, forward nfe 0, backward nfe 0, Train: 0.7000, Val: 0.5632, Test: 0.5604, Best time: 18.2948
After OOD adjustment: Training instances of last class: 0
After OOD adjustment: Testing instances of last class: 43
Epoch: 038, Runtime 0.025794, Loss 1.387653, forward nfe 0, backward nfe 0, Train: 0.7000, Val: 0.5632, Test: 0.5604, Best time: 18.2948
After OOD adjustment: Training instances of last class: 0
After OOD adjustment: Testing instances of last class: 43
Epoch: 039, Runtime 0.114239, Loss 1.413673, forward nfe 0, backward nfe 0, Train: 0.9167, Val: 0.6772, Test: 0.6741, Best time: 18.2948
After OOD adjustment: Training instances of last class: 0
After OOD adjustment: Testing instances of last class: 43
Epoch: 040, Runtime 0.028723, Loss 1.425819, forward nfe 0, backward nfe 0, Train: 0.9167, Val: 0.6772, Test: 0.6741, Best time: 18.2948
After OOD adjustment: Training instances of last class: 0
After OOD adjustment: Testing instances of last class: 43
Epoch: 041, Runtime 0.025691, Loss 1.356436, forward nfe 0, backward nfe 0, Train: 0.9167, Val: 0.6772, Test: 0.6741, Best time: 18.2948
After OOD adjustment: Training instances of last class: 0
After OOD adjustment: Testing instances of last class: 43
Epoch: 042, Runtime 0.025656, Loss 1.377879, forward nfe 0, backward nfe 0, Train: 0.9167, Val: 0.6772, Test: 0.6741, Best time: 18.2948
After OOD adjustment: Training instances of last class: 0
After OOD adjustment: Testing instances of last class: 43
Epoch: 043, Runtime 0.025607, Loss 1.346590, forward nfe 0, backward nfe 0, Train: 0.9167, Val: 0.6772, Test: 0.6741, Best time: 18.2948
After OOD adjustment: Training instances of last class: 0
After OOD adjustment: Testing instances of last class: 43
Epoch: 044, Runtime 0.025813, Loss 1.325716, forward nfe 0, backward nfe 0, Train: 0.9167, Val: 0.6772, Test: 0.6741, Best time: 18.2948
After OOD adjustment: Training instances of last class: 0
After OOD adjustment: Testing instances of last class: 43
Epoch: 045, Runtime 0.025723, Loss 1.317724, forward nfe 0, backward nfe 0, Train: 0.9167, Val: 0.6772, Test: 0.6741, Best time: 18.2948
After OOD adjustment: Training instances of last class: 0
After OOD adjustment: Testing instances of last class: 43
Epoch: 046, Runtime 0.025807, Loss 1.297128, forward nfe 0, backward nfe 0, Train: 0.9167, Val: 0.6772, Test: 0.6741, Best time: 18.2948
After OOD adjustment: Training instances of last class: 0
After OOD adjustment: Testing instances of last class: 43
Epoch: 047, Runtime 0.026521, Loss 1.289366, forward nfe 0, backward nfe 0, Train: 0.9167, Val: 0.6772, Test: 0.6741, Best time: 18.2948
After OOD adjustment: Training instances of last class: 0
After OOD adjustment: Testing instances of last class: 43
Epoch: 048, Runtime 0.025519, Loss 1.286666, forward nfe 0, backward nfe 0, Train: 0.9167, Val: 0.6772, Test: 0.6741, Best time: 18.2948
After OOD adjustment: Training instances of last class: 0
After OOD adjustment: Testing instances of last class: 43
Epoch: 049, Runtime 0.025920, Loss 1.333608, forward nfe 0, backward nfe 0, Train: 0.9167, Val: 0.6772, Test: 0.6741, Best time: 18.2948
After OOD adjustment: Training instances of last class: 0
After OOD adjustment: Testing instances of last class: 43
Epoch: 050, Runtime 0.025735, Loss 1.322801, forward nfe 0, backward nfe 0, Train: 0.9167, Val: 0.6772, Test: 0.6741, Best time: 18.2948
After OOD adjustment: Training instances of last class: 0
After OOD adjustment: Testing instances of last class: 43
Epoch: 051, Runtime 0.025715, Loss 1.249821, forward nfe 0, backward nfe 0, Train: 0.9167, Val: 0.6772, Test: 0.6741, Best time: 18.2948
After OOD adjustment: Training instances of last class: 0
After OOD adjustment: Testing instances of last class: 43
Epoch: 052, Runtime 0.026088, Loss 1.218440, forward nfe 0, backward nfe 0, Train: 0.9167, Val: 0.6772, Test: 0.6741, Best time: 18.2948
After OOD adjustment: Training instances of last class: 0
After OOD adjustment: Testing instances of last class: 43
Epoch: 053, Runtime 0.025801, Loss 1.202305, forward nfe 0, backward nfe 0, Train: 0.9167, Val: 0.6772, Test: 0.6741, Best time: 18.2948
After OOD adjustment: Training instances of last class: 0
After OOD adjustment: Testing instances of last class: 43
Epoch: 054, Runtime 0.026233, Loss 1.227997, forward nfe 0, backward nfe 0, Train: 0.9167, Val: 0.6772, Test: 0.6741, Best time: 18.2948
After OOD adjustment: Training instances of last class: 0
After OOD adjustment: Testing instances of last class: 43
Epoch: 055, Runtime 0.025813, Loss 1.198521, forward nfe 0, backward nfe 0, Train: 0.9167, Val: 0.6772, Test: 0.6741, Best time: 18.2948
After OOD adjustment: Training instances of last class: 0
After OOD adjustment: Testing instances of last class: 43
Epoch: 056, Runtime 0.114346, Loss 1.175277, forward nfe 0, backward nfe 0, Train: 0.9583, Val: 0.7088, Test: 0.7005, Best time: 18.2948
After OOD adjustment: Training instances of last class: 0
After OOD adjustment: Testing instances of last class: 43
Epoch: 057, Runtime 0.029206, Loss 1.162968, forward nfe 0, backward nfe 0, Train: 0.9583, Val: 0.7088, Test: 0.7005, Best time: 18.2948
After OOD adjustment: Training instances of last class: 0
After OOD adjustment: Testing instances of last class: 43
Epoch: 058, Runtime 0.026007, Loss 1.148561, forward nfe 0, backward nfe 0, Train: 0.9583, Val: 0.7088, Test: 0.7005, Best time: 18.2948
After OOD adjustment: Training instances of last class: 0
After OOD adjustment: Testing instances of last class: 43
Epoch: 059, Runtime 0.025959, Loss 1.165126, forward nfe 0, backward nfe 0, Train: 0.9583, Val: 0.7088, Test: 0.7005, Best time: 18.2948
After OOD adjustment: Training instances of last class: 0
After OOD adjustment: Testing instances of last class: 43
Epoch: 060, Runtime 0.025494, Loss 1.124601, forward nfe 0, backward nfe 0, Train: 0.9583, Val: 0.7088, Test: 0.7005, Best time: 18.2948
After OOD adjustment: Training instances of last class: 0
After OOD adjustment: Testing instances of last class: 43
Epoch: 061, Runtime 0.113727, Loss 1.098091, forward nfe 0, backward nfe 0, Train: 0.9750, Val: 0.7375, Test: 0.7391, Best time: 18.2948
After OOD adjustment: Training instances of last class: 0
After OOD adjustment: Testing instances of last class: 43
Epoch: 062, Runtime 0.028989, Loss 1.177530, forward nfe 0, backward nfe 0, Train: 0.9750, Val: 0.7375, Test: 0.7391, Best time: 18.2948
After OOD adjustment: Training instances of last class: 0
After OOD adjustment: Testing instances of last class: 43
Epoch: 063, Runtime 0.026590, Loss 1.129230, forward nfe 0, backward nfe 0, Train: 0.9750, Val: 0.7375, Test: 0.7391, Best time: 18.2948
After OOD adjustment: Training instances of last class: 0
After OOD adjustment: Testing instances of last class: 43
Epoch: 064, Runtime 0.026007, Loss 1.070668, forward nfe 0, backward nfe 0, Train: 0.9750, Val: 0.7375, Test: 0.7391, Best time: 18.2948
After OOD adjustment: Training instances of last class: 0
After OOD adjustment: Testing instances of last class: 43
Epoch: 065, Runtime 0.025962, Loss 1.058691, forward nfe 0, backward nfe 0, Train: 0.9750, Val: 0.7375, Test: 0.7391, Best time: 18.2948
After OOD adjustment: Training instances of last class: 0
After OOD adjustment: Testing instances of last class: 43
Epoch: 066, Runtime 0.026139, Loss 1.067885, forward nfe 0, backward nfe 0, Train: 0.9750, Val: 0.7375, Test: 0.7391, Best time: 18.2948
After OOD adjustment: Training instances of last class: 0
After OOD adjustment: Testing instances of last class: 43
Epoch: 067, Runtime 0.026559, Loss 1.063502, forward nfe 0, backward nfe 0, Train: 0.9750, Val: 0.7375, Test: 0.7391, Best time: 18.2948
After OOD adjustment: Training instances of last class: 0
After OOD adjustment: Testing instances of last class: 43
Epoch: 068, Runtime 0.026398, Loss 1.013845, forward nfe 0, backward nfe 0, Train: 0.9750, Val: 0.7375, Test: 0.7391, Best time: 18.2948
After OOD adjustment: Training instances of last class: 0
After OOD adjustment: Testing instances of last class: 43
Epoch: 069, Runtime 0.026275, Loss 0.990531, forward nfe 0, backward nfe 0, Train: 0.9750, Val: 0.7375, Test: 0.7391, Best time: 18.2948
After OOD adjustment: Training instances of last class: 0
After OOD adjustment: Testing instances of last class: 43
Epoch: 070, Runtime 0.025960, Loss 0.994531, forward nfe 0, backward nfe 0, Train: 0.9750, Val: 0.7375, Test: 0.7391, Best time: 18.2948
After OOD adjustment: Training instances of last class: 0
After OOD adjustment: Testing instances of last class: 43
Epoch: 071, Runtime 0.026115, Loss 0.967737, forward nfe 0, backward nfe 0, Train: 0.9750, Val: 0.7375, Test: 0.7391, Best time: 18.2948
After OOD adjustment: Training instances of last class: 0
After OOD adjustment: Testing instances of last class: 43
Epoch: 072, Runtime 0.025952, Loss 0.973149, forward nfe 0, backward nfe 0, Train: 0.9750, Val: 0.7375, Test: 0.7391, Best time: 18.2948
After OOD adjustment: Training instances of last class: 0
After OOD adjustment: Testing instances of last class: 43
Epoch: 073, Runtime 0.025946, Loss 1.005916, forward nfe 0, backward nfe 0, Train: 0.9750, Val: 0.7375, Test: 0.7391, Best time: 18.2948
After OOD adjustment: Training instances of last class: 0
After OOD adjustment: Testing instances of last class: 43
Epoch: 074, Runtime 0.025873, Loss 0.970260, forward nfe 0, backward nfe 0, Train: 0.9750, Val: 0.7375, Test: 0.7391, Best time: 18.2948
After OOD adjustment: Training instances of last class: 0
After OOD adjustment: Testing instances of last class: 43
Epoch: 075, Runtime 0.025866, Loss 0.940140, forward nfe 0, backward nfe 0, Train: 0.9750, Val: 0.7375, Test: 0.7391, Best time: 18.2948
After OOD adjustment: Training instances of last class: 0
After OOD adjustment: Testing instances of last class: 43
Epoch: 076, Runtime 0.115009, Loss 0.938336, forward nfe 0, backward nfe 0, Train: 0.9750, Val: 0.7478, Test: 0.7513, Best time: 18.2948
After OOD adjustment: Training instances of last class: 0
After OOD adjustment: Testing instances of last class: 43
Epoch: 077, Runtime 0.029009, Loss 0.886229, forward nfe 0, backward nfe 0, Train: 0.9750, Val: 0.7478, Test: 0.7513, Best time: 18.2948
After OOD adjustment: Training instances of last class: 0
After OOD adjustment: Testing instances of last class: 43
Epoch: 078, Runtime 0.026125, Loss 0.875169, forward nfe 0, backward nfe 0, Train: 0.9750, Val: 0.7478, Test: 0.7513, Best time: 18.2948
After OOD adjustment: Training instances of last class: 0
After OOD adjustment: Testing instances of last class: 43
Epoch: 079, Runtime 0.025616, Loss 0.867030, forward nfe 0, backward nfe 0, Train: 0.9750, Val: 0.7478, Test: 0.7513, Best time: 18.2948
After OOD adjustment: Training instances of last class: 0
After OOD adjustment: Testing instances of last class: 43
Epoch: 080, Runtime 0.026173, Loss 0.913768, forward nfe 0, backward nfe 0, Train: 0.9750, Val: 0.7478, Test: 0.7513, Best time: 18.2948
After OOD adjustment: Training instances of last class: 0
After OOD adjustment: Testing instances of last class: 43
Epoch: 081, Runtime 0.025773, Loss 0.879486, forward nfe 0, backward nfe 0, Train: 0.9750, Val: 0.7478, Test: 0.7513, Best time: 18.2948
After OOD adjustment: Training instances of last class: 0
After OOD adjustment: Testing instances of last class: 43
Epoch: 082, Runtime 0.025923, Loss 0.833044, forward nfe 0, backward nfe 0, Train: 0.9750, Val: 0.7478, Test: 0.7513, Best time: 18.2948
After OOD adjustment: Training instances of last class: 0
After OOD adjustment: Testing instances of last class: 43
Epoch: 083, Runtime 0.025827, Loss 0.867733, forward nfe 0, backward nfe 0, Train: 0.9750, Val: 0.7478, Test: 0.7513, Best time: 18.2948
After OOD adjustment: Training instances of last class: 0
After OOD adjustment: Testing instances of last class: 43
Epoch: 084, Runtime 0.025743, Loss 0.842079, forward nfe 0, backward nfe 0, Train: 0.9750, Val: 0.7478, Test: 0.7513, Best time: 18.2948
After OOD adjustment: Training instances of last class: 0
After OOD adjustment: Testing instances of last class: 43
Epoch: 085, Runtime 0.025719, Loss 0.791493, forward nfe 0, backward nfe 0, Train: 0.9750, Val: 0.7478, Test: 0.7513, Best time: 18.2948
After OOD adjustment: Training instances of last class: 0
After OOD adjustment: Testing instances of last class: 43
Epoch: 086, Runtime 0.025611, Loss 0.809443, forward nfe 0, backward nfe 0, Train: 0.9750, Val: 0.7478, Test: 0.7513, Best time: 18.2948
After OOD adjustment: Training instances of last class: 0
After OOD adjustment: Testing instances of last class: 43
Epoch: 087, Runtime 0.025768, Loss 0.771871, forward nfe 0, backward nfe 0, Train: 0.9750, Val: 0.7478, Test: 0.7513, Best time: 18.2948
After OOD adjustment: Training instances of last class: 0
After OOD adjustment: Testing instances of last class: 43
Epoch: 088, Runtime 0.026335, Loss 0.776288, forward nfe 0, backward nfe 0, Train: 0.9750, Val: 0.7478, Test: 0.7513, Best time: 18.2948
After OOD adjustment: Training instances of last class: 0
After OOD adjustment: Testing instances of last class: 43
Epoch: 089, Runtime 0.025771, Loss 0.792202, forward nfe 0, backward nfe 0, Train: 0.9750, Val: 0.7478, Test: 0.7513, Best time: 18.2948
After OOD adjustment: Training instances of last class: 0
After OOD adjustment: Testing instances of last class: 43
Epoch: 090, Runtime 0.025930, Loss 0.778079, forward nfe 0, backward nfe 0, Train: 0.9750, Val: 0.7478, Test: 0.7513, Best time: 18.2948
After OOD adjustment: Training instances of last class: 0
After OOD adjustment: Testing instances of last class: 43
Epoch: 091, Runtime 0.026356, Loss 0.752972, forward nfe 0, backward nfe 0, Train: 0.9750, Val: 0.7478, Test: 0.7513, Best time: 18.2948
After OOD adjustment: Training instances of last class: 0
After OOD adjustment: Testing instances of last class: 43
Epoch: 092, Runtime 0.025604, Loss 0.693989, forward nfe 0, backward nfe 0, Train: 0.9750, Val: 0.7478, Test: 0.7513, Best time: 18.2948
After OOD adjustment: Training instances of last class: 0
After OOD adjustment: Testing instances of last class: 43
Epoch: 093, Runtime 0.025824, Loss 0.752584, forward nfe 0, backward nfe 0, Train: 0.9750, Val: 0.7478, Test: 0.7513, Best time: 18.2948
After OOD adjustment: Training instances of last class: 0
After OOD adjustment: Testing instances of last class: 43
Epoch: 094, Runtime 0.026139, Loss 0.719354, forward nfe 0, backward nfe 0, Train: 0.9750, Val: 0.7478, Test: 0.7513, Best time: 18.2948
After OOD adjustment: Training instances of last class: 0
After OOD adjustment: Testing instances of last class: 43
Epoch: 095, Runtime 0.026186, Loss 0.667522, forward nfe 0, backward nfe 0, Train: 0.9750, Val: 0.7478, Test: 0.7513, Best time: 18.2948
After OOD adjustment: Training instances of last class: 0
After OOD adjustment: Testing instances of last class: 43
Epoch: 096, Runtime 0.025688, Loss 0.689662, forward nfe 0, backward nfe 0, Train: 0.9750, Val: 0.7478, Test: 0.7513, Best time: 18.2948
After OOD adjustment: Training instances of last class: 0
After OOD adjustment: Testing instances of last class: 43
Epoch: 097, Runtime 0.026022, Loss 0.661150, forward nfe 0, backward nfe 0, Train: 0.9750, Val: 0.7478, Test: 0.7513, Best time: 18.2948
After OOD adjustment: Training instances of last class: 0
After OOD adjustment: Testing instances of last class: 43
Epoch: 098, Runtime 0.025824, Loss 0.708392, forward nfe 0, backward nfe 0, Train: 0.9750, Val: 0.7478, Test: 0.7513, Best time: 18.2948
After OOD adjustment: Training instances of last class: 0
After OOD adjustment: Testing instances of last class: 43
Epoch: 099, Runtime 0.025979, Loss 0.633496, forward nfe 0, backward nfe 0, Train: 0.9750, Val: 0.7478, Test: 0.7513, Best time: 18.2948
best val accuracy 0.747794 with test accuracy 0.751269 at epoch 76 and best time 18.294754
base_directory resutls_prob/OOD_Cora
new_name:  bgcn_ODD
file_path 1 resutls_prob/OOD_Cora/bgcn_ODD_prediction_probabilities_35.npz
file_path 2 resutls_prob/OOD_Cora/bgcn_ODD_prediction_probabilities_35.npz
Entropy Threshold: inf Test accuracy: 0.7380710659898477
Entropy Threshold: 2 Test accuracy: 0.6842639593908629
Entropy Threshold: 1.6 Test accuracy: 0.8814432989690721
Entropy Threshold: 1.5 Test accuracy: 0.9404761904761905
Entropy Threshold: 1.4 Test accuracy: 0.975609756097561
Entropy Threshold: 1.3 Test accuracy: 1.0
Entropy Threshold: 1.2 Test accuracy: 1.0
Entropy Threshold: 1.1 Test accuracy: 1.0
Entropy Threshold: 0.9 Test accuracy: 1.0
Entropy Threshold: 0.8 Test accuracy: None
Entropy Threshold: 0.7 Test accuracy: None
Entropy Threshold: 0.6 Test accuracy: None
Entropy Threshold: 0.5 Test accuracy: None
Entropy Threshold: 0.4 Test accuracy: None
Entropy Threshold: 0.3 Test accuracy: None
Entropy Threshold: 0.2 Test accuracy: None
Entropy Threshold: 0.1 Test accuracy: None
