[KeOps] Warning : cuda was detected, but driver API could not be initialized. Switching to cpu only.
Folder already exists: results/photo
experiment: 0
Dataset size (num_nodes): 7487, Intended development set size (num_development): 1500
Dataset size (num_nodes): 7487, Actual development set size (num_development): 1500
rations: train 160, val 1340, test 5987
Before OOD adjustment: Total instances of last class: 331
Before OOD adjustment: Training instances of last class: 20
Before OOD adjustment: Testing instances of last class: 267
Before OOD adjustment: Val instances of last class: 44
total train + val+ test 331
After OOD adjustment: Training instances of last class: 0
After OOD adjustment: Testing instances of last class: 267
Total number of classes: 8
number of classes to train: 7
MyGCN2(
  (conv1): GCNConv(745, 64)
  (conv4): GCNConv(64, 7)
)
conv1.bias
torch.Size([64])
conv1.lin.weight
torch.Size([64, 745])
conv4.bias
torch.Size([7])
conv4.lin.weight
torch.Size([7, 64])
After OOD adjustment: Training instances of last class: 0
After OOD adjustment: Testing instances of last class: 267
Epoch: 001, Runtime 0.243721, Loss 2.267725, forward nfe 0, backward nfe 0, Train: 0.2500, Val: 0.2866, Test: 0.2699, Best time: 3.5824
After OOD adjustment: Training instances of last class: 0
After OOD adjustment: Testing instances of last class: 267
Epoch: 002, Runtime 0.231216, Loss 2.001682, forward nfe 0, backward nfe 0, Train: 0.2500, Val: 0.2866, Test: 0.2699, Best time: 3.5824
After OOD adjustment: Training instances of last class: 0
After OOD adjustment: Testing instances of last class: 267
Epoch: 003, Runtime 0.227903, Loss 2.022869, forward nfe 0, backward nfe 0, Train: 0.2500, Val: 0.2866, Test: 0.2699, Best time: 3.5824
After OOD adjustment: Training instances of last class: 0
After OOD adjustment: Testing instances of last class: 267
Epoch: 004, Runtime 0.228021, Loss 2.005454, forward nfe 0, backward nfe 0, Train: 0.2500, Val: 0.2866, Test: 0.2699, Best time: 3.5824
After OOD adjustment: Training instances of last class: 0
After OOD adjustment: Testing instances of last class: 267
Epoch: 005, Runtime 0.362199, Loss 1.884078, forward nfe 0, backward nfe 0, Train: 0.3357, Val: 0.3843, Test: 0.3755, Best time: 3.5824
After OOD adjustment: Training instances of last class: 0
After OOD adjustment: Testing instances of last class: 267
Epoch: 006, Runtime 0.351890, Loss 1.731414, forward nfe 0, backward nfe 0, Train: 0.4571, Val: 0.4709, Test: 0.4545, Best time: 3.5824
After OOD adjustment: Training instances of last class: 0
After OOD adjustment: Testing instances of last class: 267
Epoch: 007, Runtime 0.352450, Loss 1.603706, forward nfe 0, backward nfe 0, Train: 0.6929, Val: 0.5500, Test: 0.5646, Best time: 3.5824
After OOD adjustment: Training instances of last class: 0
After OOD adjustment: Testing instances of last class: 267
Epoch: 008, Runtime 0.228900, Loss 1.534020, forward nfe 0, backward nfe 0, Train: 0.6929, Val: 0.5500, Test: 0.5646, Best time: 3.5824
After OOD adjustment: Training instances of last class: 0
After OOD adjustment: Testing instances of last class: 267
Epoch: 009, Runtime 0.227810, Loss 1.530773, forward nfe 0, backward nfe 0, Train: 0.6929, Val: 0.5500, Test: 0.5646, Best time: 3.5824
After OOD adjustment: Training instances of last class: 0
After OOD adjustment: Testing instances of last class: 267
Epoch: 010, Runtime 0.229652, Loss 1.480547, forward nfe 0, backward nfe 0, Train: 0.6929, Val: 0.5500, Test: 0.5646, Best time: 3.5824
After OOD adjustment: Training instances of last class: 0
After OOD adjustment: Testing instances of last class: 267
Epoch: 011, Runtime 0.351476, Loss 1.374464, forward nfe 0, backward nfe 0, Train: 0.8000, Val: 0.6239, Test: 0.6461, Best time: 3.5824
After OOD adjustment: Training instances of last class: 0
After OOD adjustment: Testing instances of last class: 267
Epoch: 012, Runtime 0.352835, Loss 1.290840, forward nfe 0, backward nfe 0, Train: 0.8071, Val: 0.6261, Test: 0.6339, Best time: 3.5824
After OOD adjustment: Training instances of last class: 0
After OOD adjustment: Testing instances of last class: 267
Epoch: 013, Runtime 0.351856, Loss 1.239939, forward nfe 0, backward nfe 0, Train: 0.7929, Val: 0.6731, Test: 0.6843, Best time: 3.5824
After OOD adjustment: Training instances of last class: 0
After OOD adjustment: Testing instances of last class: 267
Epoch: 014, Runtime 0.351816, Loss 1.199843, forward nfe 0, backward nfe 0, Train: 0.8429, Val: 0.7455, Test: 0.7510, Best time: 3.5824
After OOD adjustment: Training instances of last class: 0
After OOD adjustment: Testing instances of last class: 267
Epoch: 015, Runtime 0.355772, Loss 1.158829, forward nfe 0, backward nfe 0, Train: 0.8714, Val: 0.7866, Test: 0.7892, Best time: 3.5824
After OOD adjustment: Training instances of last class: 0
After OOD adjustment: Testing instances of last class: 267
Epoch: 016, Runtime 0.351708, Loss 1.113539, forward nfe 0, backward nfe 0, Train: 0.9000, Val: 0.8119, Test: 0.8196, Best time: 3.5824
After OOD adjustment: Training instances of last class: 0
After OOD adjustment: Testing instances of last class: 267
Epoch: 017, Runtime 0.355652, Loss 1.063280, forward nfe 0, backward nfe 0, Train: 0.9286, Val: 0.8284, Test: 0.8366, Best time: 3.5824
After OOD adjustment: Training instances of last class: 0
After OOD adjustment: Testing instances of last class: 267
Epoch: 018, Runtime 0.352885, Loss 1.010642, forward nfe 0, backward nfe 0, Train: 0.9429, Val: 0.8321, Test: 0.8346, Best time: 3.5824
After OOD adjustment: Training instances of last class: 0
After OOD adjustment: Testing instances of last class: 267
Epoch: 019, Runtime 0.228920, Loss 0.962005, forward nfe 0, backward nfe 0, Train: 0.9429, Val: 0.8321, Test: 0.8346, Best time: 3.5824
After OOD adjustment: Training instances of last class: 0
After OOD adjustment: Testing instances of last class: 267
Epoch: 020, Runtime 0.229101, Loss 0.922455, forward nfe 0, backward nfe 0, Train: 0.9429, Val: 0.8321, Test: 0.8346, Best time: 3.5824
After OOD adjustment: Training instances of last class: 0
After OOD adjustment: Testing instances of last class: 267
Epoch: 021, Runtime 0.228426, Loss 0.890244, forward nfe 0, backward nfe 0, Train: 0.9429, Val: 0.8321, Test: 0.8346, Best time: 3.5824
After OOD adjustment: Training instances of last class: 0
After OOD adjustment: Testing instances of last class: 267
Epoch: 022, Runtime 0.228127, Loss 0.859873, forward nfe 0, backward nfe 0, Train: 0.9429, Val: 0.8321, Test: 0.8346, Best time: 3.5824
After OOD adjustment: Training instances of last class: 0
After OOD adjustment: Testing instances of last class: 267
Epoch: 023, Runtime 0.227969, Loss 0.828989, forward nfe 0, backward nfe 0, Train: 0.9429, Val: 0.8321, Test: 0.8346, Best time: 3.5824
After OOD adjustment: Training instances of last class: 0
After OOD adjustment: Testing instances of last class: 267
Epoch: 024, Runtime 0.228308, Loss 0.798532, forward nfe 0, backward nfe 0, Train: 0.9429, Val: 0.8321, Test: 0.8346, Best time: 3.5824
After OOD adjustment: Training instances of last class: 0
After OOD adjustment: Testing instances of last class: 267
Epoch: 025, Runtime 0.228369, Loss 0.769190, forward nfe 0, backward nfe 0, Train: 0.9429, Val: 0.8321, Test: 0.8346, Best time: 3.5824
After OOD adjustment: Training instances of last class: 0
After OOD adjustment: Testing instances of last class: 267
Epoch: 026, Runtime 0.228889, Loss 0.740808, forward nfe 0, backward nfe 0, Train: 0.9429, Val: 0.8321, Test: 0.8346, Best time: 3.5824
After OOD adjustment: Training instances of last class: 0
After OOD adjustment: Testing instances of last class: 267
Epoch: 027, Runtime 0.350981, Loss 0.713677, forward nfe 0, backward nfe 0, Train: 0.9500, Val: 0.8396, Test: 0.8455, Best time: 3.5824
After OOD adjustment: Training instances of last class: 0
After OOD adjustment: Testing instances of last class: 267
Epoch: 028, Runtime 0.351269, Loss 0.688599, forward nfe 0, backward nfe 0, Train: 0.9571, Val: 0.8493, Test: 0.8574, Best time: 3.5824
After OOD adjustment: Training instances of last class: 0
After OOD adjustment: Testing instances of last class: 267
Epoch: 029, Runtime 0.351506, Loss 0.665964, forward nfe 0, backward nfe 0, Train: 0.9500, Val: 0.8612, Test: 0.8672, Best time: 3.5824
After OOD adjustment: Training instances of last class: 0
After OOD adjustment: Testing instances of last class: 267
Epoch: 030, Runtime 0.352130, Loss 0.645415, forward nfe 0, backward nfe 0, Train: 0.9500, Val: 0.8664, Test: 0.8714, Best time: 3.5824
After OOD adjustment: Training instances of last class: 0
After OOD adjustment: Testing instances of last class: 267
Epoch: 031, Runtime 0.351234, Loss 0.626261, forward nfe 0, backward nfe 0, Train: 0.9500, Val: 0.8679, Test: 0.8736, Best time: 3.5824
After OOD adjustment: Training instances of last class: 0
After OOD adjustment: Testing instances of last class: 267
Epoch: 032, Runtime 0.352056, Loss 0.607893, forward nfe 0, backward nfe 0, Train: 0.9571, Val: 0.8687, Test: 0.8739, Best time: 3.5824
After OOD adjustment: Training instances of last class: 0
After OOD adjustment: Testing instances of last class: 267
Epoch: 033, Runtime 0.352320, Loss 0.589914, forward nfe 0, backward nfe 0, Train: 0.9571, Val: 0.8701, Test: 0.8737, Best time: 3.5824
After OOD adjustment: Training instances of last class: 0
After OOD adjustment: Testing instances of last class: 267
Epoch: 034, Runtime 0.229347, Loss 0.572195, forward nfe 0, backward nfe 0, Train: 0.9571, Val: 0.8701, Test: 0.8737, Best time: 3.5824
After OOD adjustment: Training instances of last class: 0
After OOD adjustment: Testing instances of last class: 267
Epoch: 035, Runtime 0.228220, Loss 0.554935, forward nfe 0, backward nfe 0, Train: 0.9571, Val: 0.8701, Test: 0.8737, Best time: 3.5824
After OOD adjustment: Training instances of last class: 0
After OOD adjustment: Testing instances of last class: 267
Epoch: 036, Runtime 0.228209, Loss 0.538555, forward nfe 0, backward nfe 0, Train: 0.9571, Val: 0.8701, Test: 0.8737, Best time: 3.5824
After OOD adjustment: Training instances of last class: 0
After OOD adjustment: Testing instances of last class: 267
Epoch: 037, Runtime 0.228333, Loss 0.523397, forward nfe 0, backward nfe 0, Train: 0.9571, Val: 0.8701, Test: 0.8737, Best time: 3.5824
After OOD adjustment: Training instances of last class: 0
After OOD adjustment: Testing instances of last class: 267
Epoch: 038, Runtime 0.351709, Loss 0.509452, forward nfe 0, backward nfe 0, Train: 0.9643, Val: 0.8731, Test: 0.8777, Best time: 3.5824
After OOD adjustment: Training instances of last class: 0
After OOD adjustment: Testing instances of last class: 267
Epoch: 039, Runtime 0.351848, Loss 0.496396, forward nfe 0, backward nfe 0, Train: 0.9643, Val: 0.8769, Test: 0.8819, Best time: 3.5824
After OOD adjustment: Training instances of last class: 0
After OOD adjustment: Testing instances of last class: 267
Epoch: 040, Runtime 0.228913, Loss 0.483871, forward nfe 0, backward nfe 0, Train: 0.9643, Val: 0.8769, Test: 0.8819, Best time: 3.5824
After OOD adjustment: Training instances of last class: 0
After OOD adjustment: Testing instances of last class: 267
Epoch: 041, Runtime 0.228268, Loss 0.471708, forward nfe 0, backward nfe 0, Train: 0.9643, Val: 0.8769, Test: 0.8819, Best time: 3.5824
After OOD adjustment: Training instances of last class: 0
After OOD adjustment: Testing instances of last class: 267
Epoch: 042, Runtime 0.228911, Loss 0.459929, forward nfe 0, backward nfe 0, Train: 0.9643, Val: 0.8769, Test: 0.8819, Best time: 3.5824
After OOD adjustment: Training instances of last class: 0
After OOD adjustment: Testing instances of last class: 267
Epoch: 043, Runtime 0.228372, Loss 0.448623, forward nfe 0, backward nfe 0, Train: 0.9643, Val: 0.8769, Test: 0.8819, Best time: 3.5824
After OOD adjustment: Training instances of last class: 0
After OOD adjustment: Testing instances of last class: 267
Epoch: 044, Runtime 0.228753, Loss 0.437850, forward nfe 0, backward nfe 0, Train: 0.9643, Val: 0.8769, Test: 0.8819, Best time: 3.5824
After OOD adjustment: Training instances of last class: 0
After OOD adjustment: Testing instances of last class: 267
Epoch: 045, Runtime 0.351381, Loss 0.427581, forward nfe 0, backward nfe 0, Train: 0.9714, Val: 0.8776, Test: 0.8842, Best time: 3.5824
After OOD adjustment: Training instances of last class: 0
After OOD adjustment: Testing instances of last class: 267
Epoch: 046, Runtime 0.229170, Loss 0.417721, forward nfe 0, backward nfe 0, Train: 0.9714, Val: 0.8776, Test: 0.8842, Best time: 3.5824
After OOD adjustment: Training instances of last class: 0
After OOD adjustment: Testing instances of last class: 267
Epoch: 047, Runtime 0.350900, Loss 0.408184, forward nfe 0, backward nfe 0, Train: 0.9714, Val: 0.8791, Test: 0.8861, Best time: 3.5824
After OOD adjustment: Training instances of last class: 0
After OOD adjustment: Testing instances of last class: 267
Epoch: 048, Runtime 0.351993, Loss 0.398970, forward nfe 0, backward nfe 0, Train: 0.9714, Val: 0.8806, Test: 0.8861, Best time: 3.5824
After OOD adjustment: Training instances of last class: 0
After OOD adjustment: Testing instances of last class: 267
Epoch: 049, Runtime 0.351302, Loss 0.390144, forward nfe 0, backward nfe 0, Train: 0.9714, Val: 0.8843, Test: 0.8864, Best time: 3.5824
After OOD adjustment: Training instances of last class: 0
After OOD adjustment: Testing instances of last class: 267
Epoch: 050, Runtime 0.229680, Loss 0.381756, forward nfe 0, backward nfe 0, Train: 0.9714, Val: 0.8843, Test: 0.8864, Best time: 3.5824
After OOD adjustment: Training instances of last class: 0
After OOD adjustment: Testing instances of last class: 267
Epoch: 051, Runtime 0.229645, Loss 0.373782, forward nfe 0, backward nfe 0, Train: 0.9714, Val: 0.8843, Test: 0.8864, Best time: 3.5824
After OOD adjustment: Training instances of last class: 0
After OOD adjustment: Testing instances of last class: 267
Epoch: 052, Runtime 0.228737, Loss 0.366145, forward nfe 0, backward nfe 0, Train: 0.9714, Val: 0.8843, Test: 0.8864, Best time: 3.5824
After OOD adjustment: Training instances of last class: 0
After OOD adjustment: Testing instances of last class: 267
Epoch: 053, Runtime 0.228733, Loss 0.358764, forward nfe 0, backward nfe 0, Train: 0.9714, Val: 0.8843, Test: 0.8864, Best time: 3.5824
After OOD adjustment: Training instances of last class: 0
After OOD adjustment: Testing instances of last class: 267
Epoch: 054, Runtime 0.228281, Loss 0.351585, forward nfe 0, backward nfe 0, Train: 0.9714, Val: 0.8843, Test: 0.8864, Best time: 3.5824
After OOD adjustment: Training instances of last class: 0
After OOD adjustment: Testing instances of last class: 267
Epoch: 055, Runtime 0.228724, Loss 0.344584, forward nfe 0, backward nfe 0, Train: 0.9714, Val: 0.8843, Test: 0.8864, Best time: 3.5824
After OOD adjustment: Training instances of last class: 0
After OOD adjustment: Testing instances of last class: 267
Epoch: 056, Runtime 0.227961, Loss 0.337776, forward nfe 0, backward nfe 0, Train: 0.9714, Val: 0.8843, Test: 0.8864, Best time: 3.5824
After OOD adjustment: Training instances of last class: 0
After OOD adjustment: Testing instances of last class: 267
Epoch: 057, Runtime 0.228536, Loss 0.331194, forward nfe 0, backward nfe 0, Train: 0.9714, Val: 0.8843, Test: 0.8864, Best time: 3.5824
After OOD adjustment: Training instances of last class: 0
After OOD adjustment: Testing instances of last class: 267
Epoch: 058, Runtime 0.352261, Loss 0.324869, forward nfe 0, backward nfe 0, Train: 0.9714, Val: 0.8851, Test: 0.8876, Best time: 3.5824
After OOD adjustment: Training instances of last class: 0
After OOD adjustment: Testing instances of last class: 267
Epoch: 059, Runtime 0.229574, Loss 0.318799, forward nfe 0, backward nfe 0, Train: 0.9714, Val: 0.8851, Test: 0.8876, Best time: 3.5824
After OOD adjustment: Training instances of last class: 0
After OOD adjustment: Testing instances of last class: 267
Epoch: 060, Runtime 0.350107, Loss 0.312964, forward nfe 0, backward nfe 0, Train: 0.9714, Val: 0.8866, Test: 0.8884, Best time: 3.5824
After OOD adjustment: Training instances of last class: 0
After OOD adjustment: Testing instances of last class: 267
Epoch: 061, Runtime 0.351277, Loss 0.307340, forward nfe 0, backward nfe 0, Train: 0.9714, Val: 0.8873, Test: 0.8886, Best time: 3.5824
After OOD adjustment: Training instances of last class: 0
After OOD adjustment: Testing instances of last class: 267
Epoch: 062, Runtime 0.350873, Loss 0.301903, forward nfe 0, backward nfe 0, Train: 0.9714, Val: 0.8888, Test: 0.8884, Best time: 3.5824
After OOD adjustment: Training instances of last class: 0
After OOD adjustment: Testing instances of last class: 267
Epoch: 063, Runtime 0.351676, Loss 0.296633, forward nfe 0, backward nfe 0, Train: 0.9714, Val: 0.8903, Test: 0.8889, Best time: 3.5824
After OOD adjustment: Training instances of last class: 0
After OOD adjustment: Testing instances of last class: 267
Epoch: 064, Runtime 0.228736, Loss 0.291509, forward nfe 0, backward nfe 0, Train: 0.9714, Val: 0.8903, Test: 0.8889, Best time: 3.5824
After OOD adjustment: Training instances of last class: 0
After OOD adjustment: Testing instances of last class: 267
Epoch: 065, Runtime 0.227723, Loss 0.286525, forward nfe 0, backward nfe 0, Train: 0.9714, Val: 0.8903, Test: 0.8889, Best time: 3.5824
After OOD adjustment: Training instances of last class: 0
After OOD adjustment: Testing instances of last class: 267
Epoch: 066, Runtime 0.227731, Loss 0.281680, forward nfe 0, backward nfe 0, Train: 0.9714, Val: 0.8903, Test: 0.8889, Best time: 3.5824
After OOD adjustment: Training instances of last class: 0
After OOD adjustment: Testing instances of last class: 267
Epoch: 067, Runtime 0.228217, Loss 0.276976, forward nfe 0, backward nfe 0, Train: 0.9714, Val: 0.8903, Test: 0.8889, Best time: 3.5824
After OOD adjustment: Training instances of last class: 0
After OOD adjustment: Testing instances of last class: 267
Epoch: 068, Runtime 0.227650, Loss 0.272414, forward nfe 0, backward nfe 0, Train: 0.9714, Val: 0.8903, Test: 0.8889, Best time: 3.5824
After OOD adjustment: Training instances of last class: 0
After OOD adjustment: Testing instances of last class: 267
Epoch: 069, Runtime 0.227736, Loss 0.267993, forward nfe 0, backward nfe 0, Train: 0.9714, Val: 0.8903, Test: 0.8889, Best time: 3.5824
After OOD adjustment: Training instances of last class: 0
After OOD adjustment: Testing instances of last class: 267
Epoch: 070, Runtime 0.228153, Loss 0.263711, forward nfe 0, backward nfe 0, Train: 0.9714, Val: 0.8903, Test: 0.8889, Best time: 3.5824
After OOD adjustment: Training instances of last class: 0
After OOD adjustment: Testing instances of last class: 267
Epoch: 071, Runtime 0.350140, Loss 0.259563, forward nfe 0, backward nfe 0, Train: 0.9714, Val: 0.8910, Test: 0.8901, Best time: 3.5824
After OOD adjustment: Training instances of last class: 0
After OOD adjustment: Testing instances of last class: 267
Epoch: 072, Runtime 0.229272, Loss 0.255537, forward nfe 0, backward nfe 0, Train: 0.9714, Val: 0.8910, Test: 0.8901, Best time: 3.5824
After OOD adjustment: Training instances of last class: 0
After OOD adjustment: Testing instances of last class: 267
Epoch: 073, Runtime 0.228235, Loss 0.251624, forward nfe 0, backward nfe 0, Train: 0.9714, Val: 0.8910, Test: 0.8901, Best time: 3.5824
After OOD adjustment: Training instances of last class: 0
After OOD adjustment: Testing instances of last class: 267
Epoch: 074, Runtime 0.350353, Loss 0.247818, forward nfe 0, backward nfe 0, Train: 0.9714, Val: 0.8940, Test: 0.8904, Best time: 3.5824
After OOD adjustment: Training instances of last class: 0
After OOD adjustment: Testing instances of last class: 267
Epoch: 075, Runtime 0.228999, Loss 0.244114, forward nfe 0, backward nfe 0, Train: 0.9714, Val: 0.8940, Test: 0.8904, Best time: 3.5824
After OOD adjustment: Training instances of last class: 0
After OOD adjustment: Testing instances of last class: 267
Epoch: 076, Runtime 0.228011, Loss 0.240506, forward nfe 0, backward nfe 0, Train: 0.9714, Val: 0.8940, Test: 0.8904, Best time: 3.5824
After OOD adjustment: Training instances of last class: 0
After OOD adjustment: Testing instances of last class: 267
Epoch: 077, Runtime 0.228080, Loss 0.236991, forward nfe 0, backward nfe 0, Train: 0.9714, Val: 0.8940, Test: 0.8904, Best time: 3.5824
After OOD adjustment: Training instances of last class: 0
After OOD adjustment: Testing instances of last class: 267
Epoch: 078, Runtime 0.350545, Loss 0.233567, forward nfe 0, backward nfe 0, Train: 0.9714, Val: 0.8948, Test: 0.8908, Best time: 3.5824
After OOD adjustment: Training instances of last class: 0
After OOD adjustment: Testing instances of last class: 267
Epoch: 079, Runtime 0.228762, Loss 0.230232, forward nfe 0, backward nfe 0, Train: 0.9714, Val: 0.8948, Test: 0.8908, Best time: 3.5824
After OOD adjustment: Training instances of last class: 0
After OOD adjustment: Testing instances of last class: 267
Epoch: 080, Runtime 0.227819, Loss 0.226985, forward nfe 0, backward nfe 0, Train: 0.9714, Val: 0.8948, Test: 0.8908, Best time: 3.5824
After OOD adjustment: Training instances of last class: 0
After OOD adjustment: Testing instances of last class: 267
Epoch: 081, Runtime 0.227719, Loss 0.223823, forward nfe 0, backward nfe 0, Train: 0.9714, Val: 0.8948, Test: 0.8908, Best time: 3.5824
After OOD adjustment: Training instances of last class: 0
After OOD adjustment: Testing instances of last class: 267
Epoch: 082, Runtime 0.350626, Loss 0.220742, forward nfe 0, backward nfe 0, Train: 0.9786, Val: 0.8955, Test: 0.8908, Best time: 3.5824
After OOD adjustment: Training instances of last class: 0
After OOD adjustment: Testing instances of last class: 267
Epoch: 083, Runtime 0.228357, Loss 0.217741, forward nfe 0, backward nfe 0, Train: 0.9786, Val: 0.8955, Test: 0.8908, Best time: 3.5824
After OOD adjustment: Training instances of last class: 0
After OOD adjustment: Testing instances of last class: 267
Epoch: 084, Runtime 0.227825, Loss 0.214814, forward nfe 0, backward nfe 0, Train: 0.9786, Val: 0.8955, Test: 0.8908, Best time: 3.5824
After OOD adjustment: Training instances of last class: 0
After OOD adjustment: Testing instances of last class: 267
Epoch: 085, Runtime 0.227916, Loss 0.211959, forward nfe 0, backward nfe 0, Train: 0.9786, Val: 0.8955, Test: 0.8908, Best time: 3.5824
After OOD adjustment: Training instances of last class: 0
After OOD adjustment: Testing instances of last class: 267
Epoch: 086, Runtime 0.227709, Loss 0.209173, forward nfe 0, backward nfe 0, Train: 0.9786, Val: 0.8955, Test: 0.8908, Best time: 3.5824
After OOD adjustment: Training instances of last class: 0
After OOD adjustment: Testing instances of last class: 267
Epoch: 087, Runtime 0.227805, Loss 0.206453, forward nfe 0, backward nfe 0, Train: 0.9786, Val: 0.8955, Test: 0.8908, Best time: 3.5824
After OOD adjustment: Training instances of last class: 0
After OOD adjustment: Testing instances of last class: 267
Epoch: 088, Runtime 0.227854, Loss 0.203797, forward nfe 0, backward nfe 0, Train: 0.9786, Val: 0.8955, Test: 0.8908, Best time: 3.5824
After OOD adjustment: Training instances of last class: 0
After OOD adjustment: Testing instances of last class: 267
Epoch: 089, Runtime 0.227968, Loss 0.201203, forward nfe 0, backward nfe 0, Train: 0.9786, Val: 0.8955, Test: 0.8908, Best time: 3.5824
After OOD adjustment: Training instances of last class: 0
After OOD adjustment: Testing instances of last class: 267
Epoch: 090, Runtime 0.227877, Loss 0.198668, forward nfe 0, backward nfe 0, Train: 0.9786, Val: 0.8955, Test: 0.8908, Best time: 3.5824
After OOD adjustment: Training instances of last class: 0
After OOD adjustment: Testing instances of last class: 267
Epoch: 091, Runtime 0.227991, Loss 0.196190, forward nfe 0, backward nfe 0, Train: 0.9786, Val: 0.8955, Test: 0.8908, Best time: 3.5824
After OOD adjustment: Training instances of last class: 0
After OOD adjustment: Testing instances of last class: 267
Epoch: 092, Runtime 0.227874, Loss 0.193769, forward nfe 0, backward nfe 0, Train: 0.9786, Val: 0.8955, Test: 0.8908, Best time: 3.5824
After OOD adjustment: Training instances of last class: 0
After OOD adjustment: Testing instances of last class: 267
Epoch: 093, Runtime 0.227942, Loss 0.191401, forward nfe 0, backward nfe 0, Train: 0.9786, Val: 0.8955, Test: 0.8908, Best time: 3.5824
After OOD adjustment: Training instances of last class: 0
After OOD adjustment: Testing instances of last class: 267
Epoch: 094, Runtime 0.228386, Loss 0.189086, forward nfe 0, backward nfe 0, Train: 0.9786, Val: 0.8955, Test: 0.8908, Best time: 3.5824
After OOD adjustment: Training instances of last class: 0
After OOD adjustment: Testing instances of last class: 267
Epoch: 095, Runtime 0.228063, Loss 0.186823, forward nfe 0, backward nfe 0, Train: 0.9786, Val: 0.8955, Test: 0.8908, Best time: 3.5824
After OOD adjustment: Training instances of last class: 0
After OOD adjustment: Testing instances of last class: 267
Epoch: 096, Runtime 0.228016, Loss 0.184609, forward nfe 0, backward nfe 0, Train: 0.9786, Val: 0.8955, Test: 0.8908, Best time: 3.5824
After OOD adjustment: Training instances of last class: 0
After OOD adjustment: Testing instances of last class: 267
Epoch: 097, Runtime 0.227648, Loss 0.182443, forward nfe 0, backward nfe 0, Train: 0.9786, Val: 0.8955, Test: 0.8908, Best time: 3.5824
After OOD adjustment: Training instances of last class: 0
After OOD adjustment: Testing instances of last class: 267
Epoch: 098, Runtime 0.227761, Loss 0.180324, forward nfe 0, backward nfe 0, Train: 0.9786, Val: 0.8955, Test: 0.8908, Best time: 3.5824
After OOD adjustment: Training instances of last class: 0
After OOD adjustment: Testing instances of last class: 267
Epoch: 099, Runtime 0.227917, Loss 0.178248, forward nfe 0, backward nfe 0, Train: 0.9786, Val: 0.8955, Test: 0.8908, Best time: 3.5824
best val accuracy 0.895522 with test accuracy 0.890763 at epoch 82 and best time 3.582403
base_directory resutls_prob/OOD_Photo
new_name:  gnn_ODD
file_path 1 resutls_prob/OOD_Photo/gnn_ODD_prediction_probabilities_50.npz
file_path 2 resutls_prob/OOD_Photo/gnn_ODD_prediction_probabilities_50.npz
Entropy Threshold: inf Test accuracy: 0.8907633205278103
Entropy Threshold: 2 Test accuracy: 0.8907633205278103
Entropy Threshold: 1.6 Test accuracy: 0.9124100403721257
Entropy Threshold: 1.5 Test accuracy: 0.9241654571843251
Entropy Threshold: 1.4 Test accuracy: 0.9318693693693694
Entropy Threshold: 1.3 Test accuracy: 0.9418900410878497
Entropy Threshold: 1.2 Test accuracy: 0.9499691167387276
Entropy Threshold: 1.1 Test accuracy: 0.9542906425183268
Entropy Threshold: 0.9 Test accuracy: 0.9634294017922015
Entropy Threshold: 0.8 Test accuracy: 0.9703972994027525
Entropy Threshold: 0.7 Test accuracy: 0.9752136752136752
Entropy Threshold: 0.6 Test accuracy: 0.981904761904762
Entropy Threshold: 0.5 Test accuracy: 0.9845434938892883
Entropy Threshold: 0.4 Test accuracy: 0.9868532654792197
Entropy Threshold: 0.3 Test accuracy: 0.9879328436516265
Entropy Threshold: 0.2 Test accuracy: 0.9927113702623906
Entropy Threshold: 0.1 Test accuracy: 0.9947368421052631
