[KeOps] Warning : cuda was detected, but driver API could not be initialized. Switching to cpu only.
Folder already exists: results/photo
experiment: 0
Dataset size (num_nodes): 7487, Intended development set size (num_development): 1500
Dataset size (num_nodes): 7487, Actual development set size (num_development): 1500
rations: train 160, val 1340, test 5987
Before OOD adjustment: Total instances of last class: 331
Before OOD adjustment: Training instances of last class: 20
Before OOD adjustment: Testing instances of last class: 267
Before OOD adjustment: Val instances of last class: 44
total train + val+ test 331
After OOD adjustment: Training instances of last class: 0
After OOD adjustment: Testing instances of last class: 267
Total number of classes: 8
number of classes to train: 7
MyGCN2(
  (conv1): GCNConv(745, 64)
  (conv4): GCNConv(64, 7)
)
conv1.bias
torch.Size([64])
conv1.lin.weight
torch.Size([64, 745])
conv4.bias
torch.Size([7])
conv4.lin.weight
torch.Size([7, 64])
After OOD adjustment: Training instances of last class: 0
After OOD adjustment: Testing instances of last class: 267
Epoch: 001, Runtime 0.255341, Loss 2.107885, forward nfe 0, backward nfe 0, Train: 0.1214, Val: 0.1358, Test: 0.1114, Best time: 3.5824
After OOD adjustment: Training instances of last class: 0
After OOD adjustment: Testing instances of last class: 267
Epoch: 002, Runtime 0.347745, Loss 1.921135, forward nfe 0, backward nfe 0, Train: 0.3571, Val: 0.2724, Test: 0.2748, Best time: 3.5824
After OOD adjustment: Training instances of last class: 0
After OOD adjustment: Testing instances of last class: 267
Epoch: 003, Runtime 0.330097, Loss 1.893343, forward nfe 0, backward nfe 0, Train: 0.4571, Val: 0.3231, Test: 0.3493, Best time: 3.5824
After OOD adjustment: Training instances of last class: 0
After OOD adjustment: Testing instances of last class: 267
Epoch: 004, Runtime 0.352801, Loss 1.781726, forward nfe 0, backward nfe 0, Train: 0.5857, Val: 0.3709, Test: 0.3888, Best time: 3.5824
After OOD adjustment: Training instances of last class: 0
After OOD adjustment: Testing instances of last class: 267
Epoch: 005, Runtime 0.333353, Loss 1.638551, forward nfe 0, backward nfe 0, Train: 0.6643, Val: 0.5067, Test: 0.5076, Best time: 3.5824
After OOD adjustment: Training instances of last class: 0
After OOD adjustment: Testing instances of last class: 267
Epoch: 006, Runtime 0.353782, Loss 1.547785, forward nfe 0, backward nfe 0, Train: 0.6786, Val: 0.5381, Test: 0.5320, Best time: 3.5824
After OOD adjustment: Training instances of last class: 0
After OOD adjustment: Testing instances of last class: 267
Epoch: 007, Runtime 0.352234, Loss 1.487172, forward nfe 0, backward nfe 0, Train: 0.7929, Val: 0.7351, Test: 0.7277, Best time: 3.5824
After OOD adjustment: Training instances of last class: 0
After OOD adjustment: Testing instances of last class: 267
Epoch: 008, Runtime 0.337165, Loss 1.410054, forward nfe 0, backward nfe 0, Train: 0.8214, Val: 0.7903, Test: 0.7862, Best time: 3.5824
After OOD adjustment: Training instances of last class: 0
After OOD adjustment: Testing instances of last class: 267
Epoch: 009, Runtime 0.244967, Loss 1.334431, forward nfe 0, backward nfe 0, Train: 0.8214, Val: 0.7903, Test: 0.7862, Best time: 3.5824
After OOD adjustment: Training instances of last class: 0
After OOD adjustment: Testing instances of last class: 267
Epoch: 010, Runtime 0.243730, Loss 1.266310, forward nfe 0, backward nfe 0, Train: 0.8214, Val: 0.7903, Test: 0.7862, Best time: 3.5824
After OOD adjustment: Training instances of last class: 0
After OOD adjustment: Testing instances of last class: 267
Epoch: 011, Runtime 0.241692, Loss 1.206383, forward nfe 0, backward nfe 0, Train: 0.8214, Val: 0.7903, Test: 0.7862, Best time: 3.5824
After OOD adjustment: Training instances of last class: 0
After OOD adjustment: Testing instances of last class: 267
Epoch: 012, Runtime 0.241580, Loss 1.154057, forward nfe 0, backward nfe 0, Train: 0.8214, Val: 0.7903, Test: 0.7862, Best time: 3.5824
After OOD adjustment: Training instances of last class: 0
After OOD adjustment: Testing instances of last class: 267
Epoch: 013, Runtime 0.239534, Loss 1.103644, forward nfe 0, backward nfe 0, Train: 0.8214, Val: 0.7903, Test: 0.7862, Best time: 3.5824
After OOD adjustment: Training instances of last class: 0
After OOD adjustment: Testing instances of last class: 267
Epoch: 014, Runtime 0.242801, Loss 1.051752, forward nfe 0, backward nfe 0, Train: 0.8214, Val: 0.7903, Test: 0.7862, Best time: 3.5824
After OOD adjustment: Training instances of last class: 0
After OOD adjustment: Testing instances of last class: 267
Epoch: 015, Runtime 0.248516, Loss 1.001748, forward nfe 0, backward nfe 0, Train: 0.8214, Val: 0.7903, Test: 0.7862, Best time: 3.5824
After OOD adjustment: Training instances of last class: 0
After OOD adjustment: Testing instances of last class: 267
Epoch: 016, Runtime 0.243418, Loss 0.958360, forward nfe 0, backward nfe 0, Train: 0.8214, Val: 0.7903, Test: 0.7862, Best time: 3.5824
After OOD adjustment: Training instances of last class: 0
After OOD adjustment: Testing instances of last class: 267
Epoch: 017, Runtime 0.239123, Loss 0.921062, forward nfe 0, backward nfe 0, Train: 0.8214, Val: 0.7903, Test: 0.7862, Best time: 3.5824
After OOD adjustment: Training instances of last class: 0
After OOD adjustment: Testing instances of last class: 267
Epoch: 018, Runtime 0.352399, Loss 0.885434, forward nfe 0, backward nfe 0, Train: 0.9143, Val: 0.7993, Test: 0.8121, Best time: 3.5824
After OOD adjustment: Training instances of last class: 0
After OOD adjustment: Testing instances of last class: 267
Epoch: 019, Runtime 0.329438, Loss 0.849263, forward nfe 0, backward nfe 0, Train: 0.9071, Val: 0.8149, Test: 0.8285, Best time: 3.5824
After OOD adjustment: Training instances of last class: 0
After OOD adjustment: Testing instances of last class: 267
Epoch: 020, Runtime 0.340714, Loss 0.814249, forward nfe 0, backward nfe 0, Train: 0.9071, Val: 0.8172, Test: 0.8315, Best time: 3.5824
After OOD adjustment: Training instances of last class: 0
After OOD adjustment: Testing instances of last class: 267
Epoch: 021, Runtime 0.239556, Loss 0.782442, forward nfe 0, backward nfe 0, Train: 0.9071, Val: 0.8172, Test: 0.8315, Best time: 3.5824
After OOD adjustment: Training instances of last class: 0
After OOD adjustment: Testing instances of last class: 267
Epoch: 022, Runtime 0.242918, Loss 0.753935, forward nfe 0, backward nfe 0, Train: 0.9071, Val: 0.8172, Test: 0.8315, Best time: 3.5824
After OOD adjustment: Training instances of last class: 0
After OOD adjustment: Testing instances of last class: 267
Epoch: 023, Runtime 0.245770, Loss 0.727857, forward nfe 0, backward nfe 0, Train: 0.9071, Val: 0.8172, Test: 0.8315, Best time: 3.5824
After OOD adjustment: Training instances of last class: 0
After OOD adjustment: Testing instances of last class: 267
Epoch: 024, Runtime 0.240970, Loss 0.703204, forward nfe 0, backward nfe 0, Train: 0.9071, Val: 0.8172, Test: 0.8315, Best time: 3.5824
After OOD adjustment: Training instances of last class: 0
After OOD adjustment: Testing instances of last class: 267
Epoch: 025, Runtime 0.239368, Loss 0.678920, forward nfe 0, backward nfe 0, Train: 0.9071, Val: 0.8172, Test: 0.8315, Best time: 3.5824
After OOD adjustment: Training instances of last class: 0
After OOD adjustment: Testing instances of last class: 267
Epoch: 026, Runtime 0.348314, Loss 0.654787, forward nfe 0, backward nfe 0, Train: 0.9214, Val: 0.8254, Test: 0.8351, Best time: 3.5824
After OOD adjustment: Training instances of last class: 0
After OOD adjustment: Testing instances of last class: 267
Epoch: 027, Runtime 0.355469, Loss 0.631871, forward nfe 0, backward nfe 0, Train: 0.9357, Val: 0.8366, Test: 0.8430, Best time: 3.5824
After OOD adjustment: Training instances of last class: 0
After OOD adjustment: Testing instances of last class: 267
Epoch: 028, Runtime 0.329322, Loss 0.611216, forward nfe 0, backward nfe 0, Train: 0.9429, Val: 0.8448, Test: 0.8488, Best time: 3.5824
After OOD adjustment: Training instances of last class: 0
After OOD adjustment: Testing instances of last class: 267
Epoch: 029, Runtime 0.352092, Loss 0.592561, forward nfe 0, backward nfe 0, Train: 0.9429, Val: 0.8470, Test: 0.8502, Best time: 3.5824
After OOD adjustment: Training instances of last class: 0
After OOD adjustment: Testing instances of last class: 267
Epoch: 030, Runtime 0.240149, Loss 0.574907, forward nfe 0, backward nfe 0, Train: 0.9429, Val: 0.8470, Test: 0.8502, Best time: 3.5824
After OOD adjustment: Training instances of last class: 0
After OOD adjustment: Testing instances of last class: 267
Epoch: 031, Runtime 0.238791, Loss 0.557675, forward nfe 0, backward nfe 0, Train: 0.9429, Val: 0.8470, Test: 0.8502, Best time: 3.5824
After OOD adjustment: Training instances of last class: 0
After OOD adjustment: Testing instances of last class: 267
Epoch: 032, Runtime 0.239104, Loss 0.540832, forward nfe 0, backward nfe 0, Train: 0.9429, Val: 0.8470, Test: 0.8502, Best time: 3.5824
After OOD adjustment: Training instances of last class: 0
After OOD adjustment: Testing instances of last class: 267
Epoch: 033, Runtime 0.327725, Loss 0.524548, forward nfe 0, backward nfe 0, Train: 0.9571, Val: 0.8478, Test: 0.8487, Best time: 3.5824
After OOD adjustment: Training instances of last class: 0
After OOD adjustment: Testing instances of last class: 267
Epoch: 034, Runtime 0.330193, Loss 0.509129, forward nfe 0, backward nfe 0, Train: 0.9571, Val: 0.8485, Test: 0.8503, Best time: 3.5824
After OOD adjustment: Training instances of last class: 0
After OOD adjustment: Testing instances of last class: 267
Epoch: 035, Runtime 0.350487, Loss 0.494847, forward nfe 0, backward nfe 0, Train: 0.9571, Val: 0.8500, Test: 0.8523, Best time: 3.5824
After OOD adjustment: Training instances of last class: 0
After OOD adjustment: Testing instances of last class: 267
Epoch: 036, Runtime 0.330632, Loss 0.481622, forward nfe 0, backward nfe 0, Train: 0.9571, Val: 0.8522, Test: 0.8540, Best time: 3.5824
After OOD adjustment: Training instances of last class: 0
After OOD adjustment: Testing instances of last class: 267
Epoch: 037, Runtime 0.239838, Loss 0.469044, forward nfe 0, backward nfe 0, Train: 0.9571, Val: 0.8522, Test: 0.8540, Best time: 3.5824
After OOD adjustment: Training instances of last class: 0
After OOD adjustment: Testing instances of last class: 267
Epoch: 038, Runtime 0.338323, Loss 0.456770, forward nfe 0, backward nfe 0, Train: 0.9571, Val: 0.8560, Test: 0.8585, Best time: 3.5824
After OOD adjustment: Training instances of last class: 0
After OOD adjustment: Testing instances of last class: 267
Epoch: 039, Runtime 0.348422, Loss 0.444771, forward nfe 0, backward nfe 0, Train: 0.9571, Val: 0.8590, Test: 0.8627, Best time: 3.5824
After OOD adjustment: Training instances of last class: 0
After OOD adjustment: Testing instances of last class: 267
Epoch: 040, Runtime 0.331865, Loss 0.433185, forward nfe 0, backward nfe 0, Train: 0.9571, Val: 0.8634, Test: 0.8684, Best time: 3.5824
After OOD adjustment: Training instances of last class: 0
After OOD adjustment: Testing instances of last class: 267
Epoch: 041, Runtime 0.328419, Loss 0.422108, forward nfe 0, backward nfe 0, Train: 0.9571, Val: 0.8709, Test: 0.8746, Best time: 3.5824
After OOD adjustment: Training instances of last class: 0
After OOD adjustment: Testing instances of last class: 267
Epoch: 042, Runtime 0.329449, Loss 0.411584, forward nfe 0, backward nfe 0, Train: 0.9571, Val: 0.8754, Test: 0.8787, Best time: 3.5824
After OOD adjustment: Training instances of last class: 0
After OOD adjustment: Testing instances of last class: 267
Epoch: 043, Runtime 0.244841, Loss 0.401649, forward nfe 0, backward nfe 0, Train: 0.9571, Val: 0.8754, Test: 0.8787, Best time: 3.5824
After OOD adjustment: Training instances of last class: 0
After OOD adjustment: Testing instances of last class: 267
Epoch: 044, Runtime 0.244902, Loss 0.392261, forward nfe 0, backward nfe 0, Train: 0.9571, Val: 0.8754, Test: 0.8787, Best time: 3.5824
After OOD adjustment: Training instances of last class: 0
After OOD adjustment: Testing instances of last class: 267
Epoch: 045, Runtime 0.330213, Loss 0.383260, forward nfe 0, backward nfe 0, Train: 0.9714, Val: 0.8776, Test: 0.8839, Best time: 3.5824
After OOD adjustment: Training instances of last class: 0
After OOD adjustment: Testing instances of last class: 267
Epoch: 046, Runtime 0.351637, Loss 0.374492, forward nfe 0, backward nfe 0, Train: 0.9714, Val: 0.8843, Test: 0.8878, Best time: 3.5824
After OOD adjustment: Training instances of last class: 0
After OOD adjustment: Testing instances of last class: 267
Epoch: 047, Runtime 0.352656, Loss 0.365937, forward nfe 0, backward nfe 0, Train: 0.9714, Val: 0.8851, Test: 0.8896, Best time: 3.5824
After OOD adjustment: Training instances of last class: 0
After OOD adjustment: Testing instances of last class: 267
Epoch: 048, Runtime 0.244292, Loss 0.357662, forward nfe 0, backward nfe 0, Train: 0.9714, Val: 0.8851, Test: 0.8896, Best time: 3.5824
After OOD adjustment: Training instances of last class: 0
After OOD adjustment: Testing instances of last class: 267
Epoch: 049, Runtime 0.238932, Loss 0.349712, forward nfe 0, backward nfe 0, Train: 0.9714, Val: 0.8851, Test: 0.8896, Best time: 3.5824
After OOD adjustment: Training instances of last class: 0
After OOD adjustment: Testing instances of last class: 267
Epoch: 050, Runtime 0.328212, Loss 0.342092, forward nfe 0, backward nfe 0, Train: 0.9714, Val: 0.8888, Test: 0.8918, Best time: 3.5824
After OOD adjustment: Training instances of last class: 0
After OOD adjustment: Testing instances of last class: 267
Epoch: 051, Runtime 0.344366, Loss 0.334803, forward nfe 0, backward nfe 0, Train: 0.9714, Val: 0.8903, Test: 0.8929, Best time: 3.5824
After OOD adjustment: Training instances of last class: 0
After OOD adjustment: Testing instances of last class: 267
Epoch: 052, Runtime 0.238818, Loss 0.327829, forward nfe 0, backward nfe 0, Train: 0.9714, Val: 0.8903, Test: 0.8929, Best time: 3.5824
After OOD adjustment: Training instances of last class: 0
After OOD adjustment: Testing instances of last class: 267
Epoch: 053, Runtime 0.242282, Loss 0.321115, forward nfe 0, backward nfe 0, Train: 0.9714, Val: 0.8903, Test: 0.8929, Best time: 3.5824
After OOD adjustment: Training instances of last class: 0
After OOD adjustment: Testing instances of last class: 267
Epoch: 054, Runtime 0.246861, Loss 0.314604, forward nfe 0, backward nfe 0, Train: 0.9714, Val: 0.8903, Test: 0.8929, Best time: 3.5824
After OOD adjustment: Training instances of last class: 0
After OOD adjustment: Testing instances of last class: 267
Epoch: 055, Runtime 0.240305, Loss 0.308278, forward nfe 0, backward nfe 0, Train: 0.9714, Val: 0.8903, Test: 0.8929, Best time: 3.5824
After OOD adjustment: Training instances of last class: 0
After OOD adjustment: Testing instances of last class: 267
Epoch: 056, Runtime 0.238477, Loss 0.302148, forward nfe 0, backward nfe 0, Train: 0.9714, Val: 0.8903, Test: 0.8929, Best time: 3.5824
After OOD adjustment: Training instances of last class: 0
After OOD adjustment: Testing instances of last class: 267
Epoch: 057, Runtime 0.238676, Loss 0.296219, forward nfe 0, backward nfe 0, Train: 0.9714, Val: 0.8903, Test: 0.8929, Best time: 3.5824
After OOD adjustment: Training instances of last class: 0
After OOD adjustment: Testing instances of last class: 267
Epoch: 058, Runtime 0.238667, Loss 0.290491, forward nfe 0, backward nfe 0, Train: 0.9714, Val: 0.8903, Test: 0.8929, Best time: 3.5824
After OOD adjustment: Training instances of last class: 0
After OOD adjustment: Testing instances of last class: 267
Epoch: 059, Runtime 0.238503, Loss 0.284969, forward nfe 0, backward nfe 0, Train: 0.9714, Val: 0.8903, Test: 0.8929, Best time: 3.5824
After OOD adjustment: Training instances of last class: 0
After OOD adjustment: Testing instances of last class: 267
Epoch: 060, Runtime 0.238987, Loss 0.279650, forward nfe 0, backward nfe 0, Train: 0.9714, Val: 0.8903, Test: 0.8929, Best time: 3.5824
After OOD adjustment: Training instances of last class: 0
After OOD adjustment: Testing instances of last class: 267
Epoch: 061, Runtime 0.238340, Loss 0.274508, forward nfe 0, backward nfe 0, Train: 0.9714, Val: 0.8903, Test: 0.8929, Best time: 3.5824
After OOD adjustment: Training instances of last class: 0
After OOD adjustment: Testing instances of last class: 267
Epoch: 062, Runtime 0.241471, Loss 0.269518, forward nfe 0, backward nfe 0, Train: 0.9714, Val: 0.8903, Test: 0.8929, Best time: 3.5824
After OOD adjustment: Training instances of last class: 0
After OOD adjustment: Testing instances of last class: 267
Epoch: 063, Runtime 0.243849, Loss 0.264672, forward nfe 0, backward nfe 0, Train: 0.9714, Val: 0.8903, Test: 0.8929, Best time: 3.5824
After OOD adjustment: Training instances of last class: 0
After OOD adjustment: Testing instances of last class: 267
Epoch: 064, Runtime 0.239216, Loss 0.259972, forward nfe 0, backward nfe 0, Train: 0.9714, Val: 0.8903, Test: 0.8929, Best time: 3.5824
After OOD adjustment: Training instances of last class: 0
After OOD adjustment: Testing instances of last class: 267
Epoch: 065, Runtime 0.238967, Loss 0.255418, forward nfe 0, backward nfe 0, Train: 0.9714, Val: 0.8903, Test: 0.8929, Best time: 3.5824
After OOD adjustment: Training instances of last class: 0
After OOD adjustment: Testing instances of last class: 267
Epoch: 066, Runtime 0.244486, Loss 0.251003, forward nfe 0, backward nfe 0, Train: 0.9714, Val: 0.8903, Test: 0.8929, Best time: 3.5824
After OOD adjustment: Training instances of last class: 0
After OOD adjustment: Testing instances of last class: 267
Epoch: 067, Runtime 0.239283, Loss 0.246727, forward nfe 0, backward nfe 0, Train: 0.9714, Val: 0.8903, Test: 0.8929, Best time: 3.5824
After OOD adjustment: Training instances of last class: 0
After OOD adjustment: Testing instances of last class: 267
Epoch: 068, Runtime 0.245314, Loss 0.242584, forward nfe 0, backward nfe 0, Train: 0.9714, Val: 0.8903, Test: 0.8929, Best time: 3.5824
After OOD adjustment: Training instances of last class: 0
After OOD adjustment: Testing instances of last class: 267
Epoch: 069, Runtime 0.240695, Loss 0.238560, forward nfe 0, backward nfe 0, Train: 0.9714, Val: 0.8903, Test: 0.8929, Best time: 3.5824
After OOD adjustment: Training instances of last class: 0
After OOD adjustment: Testing instances of last class: 267
Epoch: 070, Runtime 0.346442, Loss 0.234645, forward nfe 0, backward nfe 0, Train: 0.9714, Val: 0.8910, Test: 0.8969, Best time: 3.5824
After OOD adjustment: Training instances of last class: 0
After OOD adjustment: Testing instances of last class: 267
Epoch: 071, Runtime 0.245948, Loss 0.230837, forward nfe 0, backward nfe 0, Train: 0.9714, Val: 0.8910, Test: 0.8969, Best time: 3.5824
After OOD adjustment: Training instances of last class: 0
After OOD adjustment: Testing instances of last class: 267
Epoch: 072, Runtime 0.239602, Loss 0.227137, forward nfe 0, backward nfe 0, Train: 0.9714, Val: 0.8910, Test: 0.8969, Best time: 3.5824
After OOD adjustment: Training instances of last class: 0
After OOD adjustment: Testing instances of last class: 267
Epoch: 073, Runtime 0.245002, Loss 0.223544, forward nfe 0, backward nfe 0, Train: 0.9714, Val: 0.8910, Test: 0.8969, Best time: 3.5824
After OOD adjustment: Training instances of last class: 0
After OOD adjustment: Testing instances of last class: 267
Epoch: 074, Runtime 0.328730, Loss 0.220052, forward nfe 0, backward nfe 0, Train: 0.9786, Val: 0.8918, Test: 0.8953, Best time: 3.5824
After OOD adjustment: Training instances of last class: 0
After OOD adjustment: Testing instances of last class: 267
Epoch: 075, Runtime 0.239458, Loss 0.216660, forward nfe 0, backward nfe 0, Train: 0.9786, Val: 0.8918, Test: 0.8953, Best time: 3.5824
After OOD adjustment: Training instances of last class: 0
After OOD adjustment: Testing instances of last class: 267
Epoch: 076, Runtime 0.238965, Loss 0.213362, forward nfe 0, backward nfe 0, Train: 0.9786, Val: 0.8918, Test: 0.8953, Best time: 3.5824
After OOD adjustment: Training instances of last class: 0
After OOD adjustment: Testing instances of last class: 267
Epoch: 077, Runtime 0.242537, Loss 0.210151, forward nfe 0, backward nfe 0, Train: 0.9786, Val: 0.8918, Test: 0.8953, Best time: 3.5824
After OOD adjustment: Training instances of last class: 0
After OOD adjustment: Testing instances of last class: 267
Epoch: 078, Runtime 0.245203, Loss 0.207021, forward nfe 0, backward nfe 0, Train: 0.9786, Val: 0.8918, Test: 0.8953, Best time: 3.5824
After OOD adjustment: Training instances of last class: 0
After OOD adjustment: Testing instances of last class: 267
Epoch: 079, Runtime 0.356193, Loss 0.203971, forward nfe 0, backward nfe 0, Train: 0.9786, Val: 0.8925, Test: 0.8959, Best time: 3.5824
After OOD adjustment: Training instances of last class: 0
After OOD adjustment: Testing instances of last class: 267
Epoch: 080, Runtime 0.242588, Loss 0.201001, forward nfe 0, backward nfe 0, Train: 0.9786, Val: 0.8925, Test: 0.8959, Best time: 3.5824
After OOD adjustment: Training instances of last class: 0
After OOD adjustment: Testing instances of last class: 267
Epoch: 081, Runtime 0.350921, Loss 0.198107, forward nfe 0, backward nfe 0, Train: 0.9857, Val: 0.8933, Test: 0.8964, Best time: 3.5824
After OOD adjustment: Training instances of last class: 0
After OOD adjustment: Testing instances of last class: 267
Epoch: 082, Runtime 0.239226, Loss 0.195286, forward nfe 0, backward nfe 0, Train: 0.9857, Val: 0.8933, Test: 0.8964, Best time: 3.5824
After OOD adjustment: Training instances of last class: 0
After OOD adjustment: Testing instances of last class: 267
Epoch: 083, Runtime 0.238404, Loss 0.192538, forward nfe 0, backward nfe 0, Train: 0.9857, Val: 0.8933, Test: 0.8964, Best time: 3.5824
After OOD adjustment: Training instances of last class: 0
After OOD adjustment: Testing instances of last class: 267
Epoch: 084, Runtime 0.238708, Loss 0.189859, forward nfe 0, backward nfe 0, Train: 0.9857, Val: 0.8933, Test: 0.8964, Best time: 3.5824
After OOD adjustment: Training instances of last class: 0
After OOD adjustment: Testing instances of last class: 267
Epoch: 085, Runtime 0.238699, Loss 0.187245, forward nfe 0, backward nfe 0, Train: 0.9857, Val: 0.8933, Test: 0.8964, Best time: 3.5824
After OOD adjustment: Training instances of last class: 0
After OOD adjustment: Testing instances of last class: 267
Epoch: 086, Runtime 0.242726, Loss 0.184694, forward nfe 0, backward nfe 0, Train: 0.9857, Val: 0.8933, Test: 0.8964, Best time: 3.5824
After OOD adjustment: Training instances of last class: 0
After OOD adjustment: Testing instances of last class: 267
Epoch: 087, Runtime 0.242592, Loss 0.182204, forward nfe 0, backward nfe 0, Train: 0.9857, Val: 0.8933, Test: 0.8964, Best time: 3.5824
After OOD adjustment: Training instances of last class: 0
After OOD adjustment: Testing instances of last class: 267
Epoch: 088, Runtime 0.241412, Loss 0.179774, forward nfe 0, backward nfe 0, Train: 0.9857, Val: 0.8933, Test: 0.8964, Best time: 3.5824
After OOD adjustment: Training instances of last class: 0
After OOD adjustment: Testing instances of last class: 267
Epoch: 089, Runtime 0.242847, Loss 0.177400, forward nfe 0, backward nfe 0, Train: 0.9857, Val: 0.8933, Test: 0.8964, Best time: 3.5824
After OOD adjustment: Training instances of last class: 0
After OOD adjustment: Testing instances of last class: 267
Epoch: 090, Runtime 0.239380, Loss 0.175081, forward nfe 0, backward nfe 0, Train: 0.9857, Val: 0.8933, Test: 0.8964, Best time: 3.5824
After OOD adjustment: Training instances of last class: 0
After OOD adjustment: Testing instances of last class: 267
Epoch: 091, Runtime 0.238345, Loss 0.172816, forward nfe 0, backward nfe 0, Train: 0.9857, Val: 0.8933, Test: 0.8964, Best time: 3.5824
After OOD adjustment: Training instances of last class: 0
After OOD adjustment: Testing instances of last class: 267
Epoch: 092, Runtime 0.238555, Loss 0.170602, forward nfe 0, backward nfe 0, Train: 0.9857, Val: 0.8933, Test: 0.8964, Best time: 3.5824
After OOD adjustment: Training instances of last class: 0
After OOD adjustment: Testing instances of last class: 267
Epoch: 093, Runtime 0.240908, Loss 0.168438, forward nfe 0, backward nfe 0, Train: 0.9857, Val: 0.8933, Test: 0.8964, Best time: 3.5824
After OOD adjustment: Training instances of last class: 0
After OOD adjustment: Testing instances of last class: 267
Epoch: 094, Runtime 0.243623, Loss 0.166321, forward nfe 0, backward nfe 0, Train: 0.9857, Val: 0.8933, Test: 0.8964, Best time: 3.5824
After OOD adjustment: Training instances of last class: 0
After OOD adjustment: Testing instances of last class: 267
Epoch: 095, Runtime 0.239732, Loss 0.164252, forward nfe 0, backward nfe 0, Train: 0.9857, Val: 0.8933, Test: 0.8964, Best time: 3.5824
After OOD adjustment: Training instances of last class: 0
After OOD adjustment: Testing instances of last class: 267
Epoch: 096, Runtime 0.244542, Loss 0.162228, forward nfe 0, backward nfe 0, Train: 0.9857, Val: 0.8933, Test: 0.8964, Best time: 3.5824
After OOD adjustment: Training instances of last class: 0
After OOD adjustment: Testing instances of last class: 267
Epoch: 097, Runtime 0.338016, Loss 0.160248, forward nfe 0, backward nfe 0, Train: 0.9857, Val: 0.8940, Test: 0.8974, Best time: 3.5824
After OOD adjustment: Training instances of last class: 0
After OOD adjustment: Testing instances of last class: 267
Epoch: 098, Runtime 0.248449, Loss 0.158310, forward nfe 0, backward nfe 0, Train: 0.9857, Val: 0.8940, Test: 0.8974, Best time: 3.5824
After OOD adjustment: Training instances of last class: 0
After OOD adjustment: Testing instances of last class: 267
Epoch: 099, Runtime 0.244854, Loss 0.156412, forward nfe 0, backward nfe 0, Train: 0.9857, Val: 0.8940, Test: 0.8974, Best time: 3.5824
best val accuracy 0.894030 with test accuracy 0.897444 at epoch 97 and best time 3.582403
base_directory resutls_prob/OOD_Photo
new_name:  gnn_ODD
file_path 1 resutls_prob/OOD_Photo/gnn_ODD_prediction_probabilities_74.npz
file_path 2 resutls_prob/OOD_Photo/gnn_ODD_prediction_probabilities_74.npz
Entropy Threshold: inf Test accuracy: 0.8974444630031736
Entropy Threshold: 2 Test accuracy: 0.8974444630031736
Entropy Threshold: 1.6 Test accuracy: 0.9130060292850991
Entropy Threshold: 1.5 Test accuracy: 0.9221673138016238
Entropy Threshold: 1.4 Test accuracy: 0.9301650643932523
Entropy Threshold: 1.3 Test accuracy: 0.9386537385791535
Entropy Threshold: 1.2 Test accuracy: 0.9453530883201847
Entropy Threshold: 1.1 Test accuracy: 0.9513902780556112
Entropy Threshold: 0.9 Test accuracy: 0.9624043715846995
Entropy Threshold: 0.8 Test accuracy: 0.9661488523069789
Entropy Threshold: 0.7 Test accuracy: 0.9725179499876206
Entropy Threshold: 0.6 Test accuracy: 0.9777596962299973
Entropy Threshold: 0.5 Test accuracy: 0.9803102625298329
Entropy Threshold: 0.4 Test accuracy: 0.984516997643891
Entropy Threshold: 0.3 Test accuracy: 0.98586017282011
Entropy Threshold: 0.2 Test accuracy: 0.9879093198992444
Entropy Threshold: 0.1 Test accuracy: 0.992918961447679
