[KeOps] Warning : cuda was detected, but driver API could not be initialized. Switching to cpu only.
Folder already exists: results/citeseer
experiment: 0
Dataset size (num_nodes): 2120, Intended development set size (num_development): 1500
Dataset size (num_nodes): 2120, Actual development set size (num_development): 1500
rations: train 120, val 1380, test 620
Before OOD adjustment: Total instances of last class: 304
Before OOD adjustment: Training instances of last class: 20
Before OOD adjustment: Testing instances of last class: 93
Before OOD adjustment: Val instances of last class: 191
total train + val+ test 304
After OOD adjustment: Training instances of last class: 0
After OOD adjustment: Testing instances of last class: 93
Total number of classes: 6
number of classes to train: 5
using file gn_sde.py
sigma 1.0
rtol 0.01
t1 0.01
Dataset size (num_nodes): 2120, Intended development set size (num_development): 1500
Dataset size (num_nodes): 2120, Actual development set size (num_development): 1500
rations: train 120, val 1380, test 620
within set_train_val_test_split function!
Before OOD adjustment: Total instances of last class: 304
Before OOD adjustment: Training instances of last class: 20
Before OOD adjustment: Testing instances of last class: 88
Before OOD adjustment: Val instances of last class: 196
total train + val+ test 304
After OOD adjustment: Training instances of last class: 0
After OOD adjustment: Testing instances of last class: 88
LatentGraphSDE(
  (net): Sequential(
    (0): MyGCN(
      (activation): Softplus(beta=1, threshold=20)
      (conv1): GCNConv(81, 80)
    )
    (1): MyGCN(
      (conv1): GCNConv(80, 80)
    )
  )
  (in_net): MyGCN(
    (conv1): GCNConv(3703, 80)
  )
  (projection_net): Sequential(
    (0): Flatten(start_dim=1, end_dim=-1)
    (1): MyGCN(
      (conv1): GCNConv(80, 5)
    )
  )
)
qy0_mean
torch.Size([1, 80])
qy0_logvar
torch.Size([1, 80])
net.0.conv1.bias
torch.Size([80])
net.0.conv1.lin.weight
torch.Size([80, 81])
net.1.conv1.bias
torch.Size([80])
net.1.conv1.lin.weight
torch.Size([80, 80])
in_net.conv1.bias
torch.Size([80])
in_net.conv1.lin.weight
torch.Size([80, 3703])
projection_net.1.conv1.bias
torch.Size([5])
projection_net.1.conv1.lin.weight
torch.Size([5, 80])
After OOD adjustment: Training instances of last class: 0
After OOD adjustment: Testing instances of last class: 88
Epoch: 001, Runtime 3.888524, Loss 1.615312, forward nfe 0, backward nfe 0, Train: 0.4300, Val: 0.2804, Test: 0.2839, Best time: 7.8741
After OOD adjustment: Training instances of last class: 0
After OOD adjustment: Testing instances of last class: 88
Epoch: 002, Runtime 3.722450, Loss 1.560269, forward nfe 0, backward nfe 0, Train: 0.7000, Val: 0.3797, Test: 0.3645, Best time: 7.8741
After OOD adjustment: Training instances of last class: 0
After OOD adjustment: Testing instances of last class: 88
Epoch: 003, Runtime 3.790483, Loss 1.498572, forward nfe 0, backward nfe 0, Train: 0.8400, Val: 0.4449, Test: 0.4419, Best time: 7.8741
After OOD adjustment: Training instances of last class: 0
After OOD adjustment: Testing instances of last class: 88
Epoch: 004, Runtime 3.739318, Loss 1.436993, forward nfe 0, backward nfe 0, Train: 0.9000, Val: 0.5145, Test: 0.5113, Best time: 7.8741
After OOD adjustment: Training instances of last class: 0
After OOD adjustment: Testing instances of last class: 88
Epoch: 005, Runtime 3.734884, Loss 1.395186, forward nfe 0, backward nfe 0, Train: 0.9300, Val: 0.5420, Test: 0.5274, Best time: 7.8741
After OOD adjustment: Training instances of last class: 0
After OOD adjustment: Testing instances of last class: 88
Epoch: 006, Runtime 3.729571, Loss 1.327320, forward nfe 0, backward nfe 0, Train: 0.9700, Val: 0.5696, Test: 0.5468, Best time: 7.8741
After OOD adjustment: Training instances of last class: 0
After OOD adjustment: Testing instances of last class: 88
Epoch: 007, Runtime 3.734796, Loss 1.274667, forward nfe 0, backward nfe 0, Train: 0.9700, Val: 0.5884, Test: 0.5710, Best time: 7.8741
After OOD adjustment: Training instances of last class: 0
After OOD adjustment: Testing instances of last class: 88
Epoch: 008, Runtime 3.712814, Loss 1.217277, forward nfe 0, backward nfe 0, Train: 1.0000, Val: 0.6058, Test: 0.5839, Best time: 7.8741
After OOD adjustment: Training instances of last class: 0
After OOD adjustment: Testing instances of last class: 88
Epoch: 009, Runtime 3.592502, Loss 1.163639, forward nfe 0, backward nfe 0, Train: 1.0000, Val: 0.6058, Test: 0.5839, Best time: 7.8741
After OOD adjustment: Training instances of last class: 0
After OOD adjustment: Testing instances of last class: 88
Epoch: 010, Runtime 3.735906, Loss 1.092632, forward nfe 0, backward nfe 0, Train: 0.9800, Val: 0.6138, Test: 0.6065, Best time: 7.8741
After OOD adjustment: Training instances of last class: 0
After OOD adjustment: Testing instances of last class: 88
Epoch: 011, Runtime 3.708609, Loss 1.032578, forward nfe 0, backward nfe 0, Train: 0.9600, Val: 0.6181, Test: 0.6032, Best time: 7.8741
After OOD adjustment: Training instances of last class: 0
After OOD adjustment: Testing instances of last class: 88
Epoch: 012, Runtime 4.177019, Loss 0.968519, forward nfe 0, backward nfe 0, Train: 0.9900, Val: 0.6290, Test: 0.6177, Best time: 7.8741
After OOD adjustment: Training instances of last class: 0
After OOD adjustment: Testing instances of last class: 88
Epoch: 013, Runtime 3.923753, Loss 0.934780, forward nfe 0, backward nfe 0, Train: 0.9900, Val: 0.6290, Test: 0.6177, Best time: 7.8741
After OOD adjustment: Training instances of last class: 0
After OOD adjustment: Testing instances of last class: 88
Epoch: 014, Runtime 3.633007, Loss 0.850717, forward nfe 0, backward nfe 0, Train: 0.9900, Val: 0.6290, Test: 0.6177, Best time: 7.8741
After OOD adjustment: Training instances of last class: 0
After OOD adjustment: Testing instances of last class: 88
Epoch: 015, Runtime 3.637213, Loss 0.801135, forward nfe 0, backward nfe 0, Train: 0.9900, Val: 0.6290, Test: 0.6177, Best time: 7.8741
After OOD adjustment: Training instances of last class: 0
After OOD adjustment: Testing instances of last class: 88
Epoch: 016, Runtime 3.828023, Loss 0.753219, forward nfe 0, backward nfe 0, Train: 1.0000, Val: 0.6304, Test: 0.6194, Best time: 7.8741
After OOD adjustment: Training instances of last class: 0
After OOD adjustment: Testing instances of last class: 88
Epoch: 017, Runtime 3.576757, Loss 0.722826, forward nfe 0, backward nfe 0, Train: 1.0000, Val: 0.6304, Test: 0.6194, Best time: 7.8741
After OOD adjustment: Training instances of last class: 0
After OOD adjustment: Testing instances of last class: 88
Epoch: 018, Runtime 3.585542, Loss 0.664719, forward nfe 0, backward nfe 0, Train: 1.0000, Val: 0.6304, Test: 0.6194, Best time: 7.8741
After OOD adjustment: Training instances of last class: 0
After OOD adjustment: Testing instances of last class: 88
Epoch: 019, Runtime 3.620057, Loss 0.624604, forward nfe 0, backward nfe 0, Train: 1.0000, Val: 0.6304, Test: 0.6194, Best time: 7.8741
After OOD adjustment: Training instances of last class: 0
After OOD adjustment: Testing instances of last class: 88
Epoch: 020, Runtime 3.675209, Loss 0.565580, forward nfe 0, backward nfe 0, Train: 1.0000, Val: 0.6304, Test: 0.6194, Best time: 7.8741
After OOD adjustment: Training instances of last class: 0
After OOD adjustment: Testing instances of last class: 88
Epoch: 021, Runtime 3.667004, Loss 0.527452, forward nfe 0, backward nfe 0, Train: 1.0000, Val: 0.6304, Test: 0.6194, Best time: 7.8741
After OOD adjustment: Training instances of last class: 0
After OOD adjustment: Testing instances of last class: 88
Epoch: 022, Runtime 3.604833, Loss 0.500153, forward nfe 0, backward nfe 0, Train: 1.0000, Val: 0.6304, Test: 0.6194, Best time: 7.8741
After OOD adjustment: Training instances of last class: 0
After OOD adjustment: Testing instances of last class: 88
Epoch: 023, Runtime 3.592741, Loss 0.459593, forward nfe 0, backward nfe 0, Train: 1.0000, Val: 0.6304, Test: 0.6194, Best time: 7.8741
After OOD adjustment: Training instances of last class: 0
After OOD adjustment: Testing instances of last class: 88
Epoch: 024, Runtime 3.589257, Loss 0.421948, forward nfe 0, backward nfe 0, Train: 1.0000, Val: 0.6304, Test: 0.6194, Best time: 7.8741
After OOD adjustment: Training instances of last class: 0
After OOD adjustment: Testing instances of last class: 88
Epoch: 025, Runtime 3.603261, Loss 0.398044, forward nfe 0, backward nfe 0, Train: 1.0000, Val: 0.6304, Test: 0.6194, Best time: 7.8741
After OOD adjustment: Training instances of last class: 0
After OOD adjustment: Testing instances of last class: 88
Epoch: 026, Runtime 3.665059, Loss 0.373782, forward nfe 0, backward nfe 0, Train: 1.0000, Val: 0.6304, Test: 0.6194, Best time: 7.8741
After OOD adjustment: Training instances of last class: 0
After OOD adjustment: Testing instances of last class: 88
Epoch: 027, Runtime 3.636532, Loss 0.344925, forward nfe 0, backward nfe 0, Train: 1.0000, Val: 0.6304, Test: 0.6194, Best time: 7.8741
After OOD adjustment: Training instances of last class: 0
After OOD adjustment: Testing instances of last class: 88
Epoch: 028, Runtime 3.624786, Loss 0.315510, forward nfe 0, backward nfe 0, Train: 1.0000, Val: 0.6304, Test: 0.6194, Best time: 7.8741
After OOD adjustment: Training instances of last class: 0
After OOD adjustment: Testing instances of last class: 88
Epoch: 029, Runtime 3.606838, Loss 0.301112, forward nfe 0, backward nfe 0, Train: 1.0000, Val: 0.6304, Test: 0.6194, Best time: 7.8741
After OOD adjustment: Training instances of last class: 0
After OOD adjustment: Testing instances of last class: 88
Epoch: 030, Runtime 3.621562, Loss 0.284984, forward nfe 0, backward nfe 0, Train: 1.0000, Val: 0.6304, Test: 0.6194, Best time: 7.8741
After OOD adjustment: Training instances of last class: 0
After OOD adjustment: Testing instances of last class: 88
Epoch: 031, Runtime 3.683211, Loss 0.255863, forward nfe 0, backward nfe 0, Train: 1.0000, Val: 0.6304, Test: 0.6194, Best time: 7.8741
After OOD adjustment: Training instances of last class: 0
After OOD adjustment: Testing instances of last class: 88
Epoch: 032, Runtime 3.640119, Loss 0.243642, forward nfe 0, backward nfe 0, Train: 1.0000, Val: 0.6304, Test: 0.6194, Best time: 7.8741
After OOD adjustment: Training instances of last class: 0
After OOD adjustment: Testing instances of last class: 88
Epoch: 033, Runtime 3.707719, Loss 0.221442, forward nfe 0, backward nfe 0, Train: 1.0000, Val: 0.6304, Test: 0.6194, Best time: 7.8741
After OOD adjustment: Training instances of last class: 0
After OOD adjustment: Testing instances of last class: 88
Epoch: 034, Runtime 3.643822, Loss 0.214683, forward nfe 0, backward nfe 0, Train: 1.0000, Val: 0.6304, Test: 0.6194, Best time: 7.8741
After OOD adjustment: Training instances of last class: 0
After OOD adjustment: Testing instances of last class: 88
Epoch: 035, Runtime 3.638029, Loss 0.182940, forward nfe 0, backward nfe 0, Train: 1.0000, Val: 0.6304, Test: 0.6194, Best time: 7.8741
After OOD adjustment: Training instances of last class: 0
After OOD adjustment: Testing instances of last class: 88
Epoch: 036, Runtime 3.702000, Loss 0.172542, forward nfe 0, backward nfe 0, Train: 1.0000, Val: 0.6304, Test: 0.6194, Best time: 7.8741
After OOD adjustment: Training instances of last class: 0
After OOD adjustment: Testing instances of last class: 88
Epoch: 037, Runtime 3.648692, Loss 0.167602, forward nfe 0, backward nfe 0, Train: 1.0000, Val: 0.6304, Test: 0.6194, Best time: 7.8741
After OOD adjustment: Training instances of last class: 0
After OOD adjustment: Testing instances of last class: 88
Epoch: 038, Runtime 3.658579, Loss 0.162300, forward nfe 0, backward nfe 0, Train: 1.0000, Val: 0.6304, Test: 0.6194, Best time: 7.8741
After OOD adjustment: Training instances of last class: 0
After OOD adjustment: Testing instances of last class: 88
Epoch: 039, Runtime 3.681850, Loss 0.149334, forward nfe 0, backward nfe 0, Train: 1.0000, Val: 0.6304, Test: 0.6194, Best time: 7.8741
After OOD adjustment: Training instances of last class: 0
After OOD adjustment: Testing instances of last class: 88
Epoch: 040, Runtime 3.677613, Loss 0.140081, forward nfe 0, backward nfe 0, Train: 1.0000, Val: 0.6304, Test: 0.6194, Best time: 7.8741
After OOD adjustment: Training instances of last class: 0
After OOD adjustment: Testing instances of last class: 88
Epoch: 041, Runtime 3.692991, Loss 0.125125, forward nfe 0, backward nfe 0, Train: 1.0000, Val: 0.6304, Test: 0.6194, Best time: 7.8741
After OOD adjustment: Training instances of last class: 0
After OOD adjustment: Testing instances of last class: 88
Epoch: 042, Runtime 3.695122, Loss 0.121644, forward nfe 0, backward nfe 0, Train: 1.0000, Val: 0.6304, Test: 0.6194, Best time: 7.8741
After OOD adjustment: Training instances of last class: 0
After OOD adjustment: Testing instances of last class: 88
Epoch: 043, Runtime 3.681774, Loss 0.123430, forward nfe 0, backward nfe 0, Train: 1.0000, Val: 0.6304, Test: 0.6194, Best time: 7.8741
After OOD adjustment: Training instances of last class: 0
After OOD adjustment: Testing instances of last class: 88
Epoch: 044, Runtime 3.702584, Loss 0.120303, forward nfe 0, backward nfe 0, Train: 1.0000, Val: 0.6304, Test: 0.6194, Best time: 7.8741
After OOD adjustment: Training instances of last class: 0
After OOD adjustment: Testing instances of last class: 88
Epoch: 045, Runtime 3.683035, Loss 0.113922, forward nfe 0, backward nfe 0, Train: 1.0000, Val: 0.6304, Test: 0.6194, Best time: 7.8741
After OOD adjustment: Training instances of last class: 0
After OOD adjustment: Testing instances of last class: 88
Epoch: 046, Runtime 3.639392, Loss 0.100302, forward nfe 0, backward nfe 0, Train: 1.0000, Val: 0.6304, Test: 0.6194, Best time: 7.8741
After OOD adjustment: Training instances of last class: 0
After OOD adjustment: Testing instances of last class: 88
Epoch: 047, Runtime 3.652680, Loss 0.096045, forward nfe 0, backward nfe 0, Train: 1.0000, Val: 0.6304, Test: 0.6194, Best time: 7.8741
After OOD adjustment: Training instances of last class: 0
After OOD adjustment: Testing instances of last class: 88
Epoch: 048, Runtime 3.656416, Loss 0.092928, forward nfe 0, backward nfe 0, Train: 1.0000, Val: 0.6304, Test: 0.6194, Best time: 7.8741
After OOD adjustment: Training instances of last class: 0
After OOD adjustment: Testing instances of last class: 88
Epoch: 049, Runtime 3.691588, Loss 0.085425, forward nfe 0, backward nfe 0, Train: 1.0000, Val: 0.6304, Test: 0.6194, Best time: 7.8741
After OOD adjustment: Training instances of last class: 0
After OOD adjustment: Testing instances of last class: 88
Epoch: 050, Runtime 3.718039, Loss 0.073204, forward nfe 0, backward nfe 0, Train: 1.0000, Val: 0.6304, Test: 0.6194, Best time: 7.8741
After OOD adjustment: Training instances of last class: 0
After OOD adjustment: Testing instances of last class: 88
Epoch: 051, Runtime 3.728026, Loss 0.084644, forward nfe 0, backward nfe 0, Train: 1.0000, Val: 0.6304, Test: 0.6194, Best time: 7.8741
After OOD adjustment: Training instances of last class: 0
After OOD adjustment: Testing instances of last class: 88
Epoch: 052, Runtime 3.654219, Loss 0.071232, forward nfe 0, backward nfe 0, Train: 1.0000, Val: 0.6304, Test: 0.6194, Best time: 7.8741
After OOD adjustment: Training instances of last class: 0
After OOD adjustment: Testing instances of last class: 88
Epoch: 053, Runtime 3.683587, Loss 0.077473, forward nfe 0, backward nfe 0, Train: 1.0000, Val: 0.6304, Test: 0.6194, Best time: 7.8741
After OOD adjustment: Training instances of last class: 0
After OOD adjustment: Testing instances of last class: 88
Epoch: 054, Runtime 3.651805, Loss 0.066664, forward nfe 0, backward nfe 0, Train: 1.0000, Val: 0.6304, Test: 0.6194, Best time: 7.8741
After OOD adjustment: Training instances of last class: 0
After OOD adjustment: Testing instances of last class: 88
Epoch: 055, Runtime 3.745153, Loss 0.063654, forward nfe 0, backward nfe 0, Train: 1.0000, Val: 0.6304, Test: 0.6194, Best time: 7.8741
After OOD adjustment: Training instances of last class: 0
After OOD adjustment: Testing instances of last class: 88
Epoch: 056, Runtime 3.696578, Loss 0.061305, forward nfe 0, backward nfe 0, Train: 1.0000, Val: 0.6304, Test: 0.6194, Best time: 7.8741
After OOD adjustment: Training instances of last class: 0
After OOD adjustment: Testing instances of last class: 88
Epoch: 057, Runtime 3.731321, Loss 0.059925, forward nfe 0, backward nfe 0, Train: 1.0000, Val: 0.6304, Test: 0.6194, Best time: 7.8741
After OOD adjustment: Training instances of last class: 0
After OOD adjustment: Testing instances of last class: 88
Epoch: 058, Runtime 3.664904, Loss 0.061218, forward nfe 0, backward nfe 0, Train: 1.0000, Val: 0.6304, Test: 0.6194, Best time: 7.8741
After OOD adjustment: Training instances of last class: 0
After OOD adjustment: Testing instances of last class: 88
Epoch: 059, Runtime 3.700291, Loss 0.051979, forward nfe 0, backward nfe 0, Train: 1.0000, Val: 0.6304, Test: 0.6194, Best time: 7.8741
After OOD adjustment: Training instances of last class: 0
After OOD adjustment: Testing instances of last class: 88
Epoch: 060, Runtime 3.686135, Loss 0.055442, forward nfe 0, backward nfe 0, Train: 1.0000, Val: 0.6304, Test: 0.6194, Best time: 7.8741
After OOD adjustment: Training instances of last class: 0
After OOD adjustment: Testing instances of last class: 88
Epoch: 061, Runtime 3.704501, Loss 0.049917, forward nfe 0, backward nfe 0, Train: 1.0000, Val: 0.6304, Test: 0.6194, Best time: 7.8741
After OOD adjustment: Training instances of last class: 0
After OOD adjustment: Testing instances of last class: 88
Epoch: 062, Runtime 3.741574, Loss 0.048713, forward nfe 0, backward nfe 0, Train: 1.0000, Val: 0.6304, Test: 0.6194, Best time: 7.8741
After OOD adjustment: Training instances of last class: 0
After OOD adjustment: Testing instances of last class: 88
Epoch: 063, Runtime 3.770235, Loss 0.047939, forward nfe 0, backward nfe 0, Train: 1.0000, Val: 0.6304, Test: 0.6194, Best time: 7.8741
After OOD adjustment: Training instances of last class: 0
After OOD adjustment: Testing instances of last class: 88
Epoch: 064, Runtime 3.721365, Loss 0.047420, forward nfe 0, backward nfe 0, Train: 1.0000, Val: 0.6304, Test: 0.6194, Best time: 7.8741
After OOD adjustment: Training instances of last class: 0
After OOD adjustment: Testing instances of last class: 88
Epoch: 065, Runtime 3.672194, Loss 0.044925, forward nfe 0, backward nfe 0, Train: 1.0000, Val: 0.6304, Test: 0.6194, Best time: 7.8741
After OOD adjustment: Training instances of last class: 0
After OOD adjustment: Testing instances of last class: 88
Epoch: 066, Runtime 3.658983, Loss 0.045958, forward nfe 0, backward nfe 0, Train: 1.0000, Val: 0.6304, Test: 0.6194, Best time: 7.8741
After OOD adjustment: Training instances of last class: 0
After OOD adjustment: Testing instances of last class: 88
Epoch: 067, Runtime 3.724290, Loss 0.042345, forward nfe 0, backward nfe 0, Train: 1.0000, Val: 0.6304, Test: 0.6194, Best time: 7.8741
After OOD adjustment: Training instances of last class: 0
After OOD adjustment: Testing instances of last class: 88
Epoch: 068, Runtime 3.667063, Loss 0.041368, forward nfe 0, backward nfe 0, Train: 1.0000, Val: 0.6304, Test: 0.6194, Best time: 7.8741
After OOD adjustment: Training instances of last class: 0
After OOD adjustment: Testing instances of last class: 88
Epoch: 069, Runtime 3.756087, Loss 0.037893, forward nfe 0, backward nfe 0, Train: 1.0000, Val: 0.6304, Test: 0.6194, Best time: 7.8741
After OOD adjustment: Training instances of last class: 0
After OOD adjustment: Testing instances of last class: 88
Epoch: 070, Runtime 3.737610, Loss 0.037002, forward nfe 0, backward nfe 0, Train: 1.0000, Val: 0.6304, Test: 0.6194, Best time: 7.8741
After OOD adjustment: Training instances of last class: 0
After OOD adjustment: Testing instances of last class: 88
Epoch: 071, Runtime 3.717154, Loss 0.043651, forward nfe 0, backward nfe 0, Train: 1.0000, Val: 0.6304, Test: 0.6194, Best time: 7.8741
After OOD adjustment: Training instances of last class: 0
After OOD adjustment: Testing instances of last class: 88
Epoch: 072, Runtime 3.710192, Loss 0.040287, forward nfe 0, backward nfe 0, Train: 1.0000, Val: 0.6304, Test: 0.6194, Best time: 7.8741
After OOD adjustment: Training instances of last class: 0
After OOD adjustment: Testing instances of last class: 88
Epoch: 073, Runtime 3.717830, Loss 0.037672, forward nfe 0, backward nfe 0, Train: 1.0000, Val: 0.6304, Test: 0.6194, Best time: 7.8741
After OOD adjustment: Training instances of last class: 0
After OOD adjustment: Testing instances of last class: 88
Epoch: 074, Runtime 4.173311, Loss 0.035014, forward nfe 0, backward nfe 0, Train: 1.0000, Val: 0.6304, Test: 0.6194, Best time: 7.8741
After OOD adjustment: Training instances of last class: 0
After OOD adjustment: Testing instances of last class: 88
Epoch: 075, Runtime 4.344704, Loss 0.032820, forward nfe 0, backward nfe 0, Train: 1.0000, Val: 0.6304, Test: 0.6194, Best time: 7.8741
After OOD adjustment: Training instances of last class: 0
After OOD adjustment: Testing instances of last class: 88
Epoch: 076, Runtime 4.251381, Loss 0.035019, forward nfe 0, backward nfe 0, Train: 1.0000, Val: 0.6304, Test: 0.6194, Best time: 7.8741
After OOD adjustment: Training instances of last class: 0
After OOD adjustment: Testing instances of last class: 88
Epoch: 077, Runtime 4.166452, Loss 0.034913, forward nfe 0, backward nfe 0, Train: 1.0000, Val: 0.6304, Test: 0.6194, Best time: 7.8741
After OOD adjustment: Training instances of last class: 0
After OOD adjustment: Testing instances of last class: 88
Epoch: 078, Runtime 3.838208, Loss 0.031658, forward nfe 0, backward nfe 0, Train: 1.0000, Val: 0.6304, Test: 0.6194, Best time: 7.8741
After OOD adjustment: Training instances of last class: 0
After OOD adjustment: Testing instances of last class: 88
Epoch: 079, Runtime 3.749290, Loss 0.033674, forward nfe 0, backward nfe 0, Train: 1.0000, Val: 0.6304, Test: 0.6194, Best time: 7.8741
After OOD adjustment: Training instances of last class: 0
After OOD adjustment: Testing instances of last class: 88
Epoch: 080, Runtime 3.785891, Loss 0.030948, forward nfe 0, backward nfe 0, Train: 1.0000, Val: 0.6304, Test: 0.6194, Best time: 7.8741
After OOD adjustment: Training instances of last class: 0
After OOD adjustment: Testing instances of last class: 88
Epoch: 081, Runtime 3.764671, Loss 0.035263, forward nfe 0, backward nfe 0, Train: 1.0000, Val: 0.6304, Test: 0.6194, Best time: 7.8741
After OOD adjustment: Training instances of last class: 0
After OOD adjustment: Testing instances of last class: 88
Epoch: 082, Runtime 3.748652, Loss 0.029454, forward nfe 0, backward nfe 0, Train: 1.0000, Val: 0.6304, Test: 0.6194, Best time: 7.8741
After OOD adjustment: Training instances of last class: 0
After OOD adjustment: Testing instances of last class: 88
Epoch: 083, Runtime 3.725441, Loss 0.031179, forward nfe 0, backward nfe 0, Train: 1.0000, Val: 0.6304, Test: 0.6194, Best time: 7.8741
After OOD adjustment: Training instances of last class: 0
After OOD adjustment: Testing instances of last class: 88
Epoch: 084, Runtime 3.737786, Loss 0.030680, forward nfe 0, backward nfe 0, Train: 1.0000, Val: 0.6304, Test: 0.6194, Best time: 7.8741
After OOD adjustment: Training instances of last class: 0
After OOD adjustment: Testing instances of last class: 88
Epoch: 085, Runtime 3.755081, Loss 0.028696, forward nfe 0, backward nfe 0, Train: 1.0000, Val: 0.6304, Test: 0.6194, Best time: 7.8741
After OOD adjustment: Training instances of last class: 0
After OOD adjustment: Testing instances of last class: 88
Epoch: 086, Runtime 3.785578, Loss 0.027748, forward nfe 0, backward nfe 0, Train: 1.0000, Val: 0.6304, Test: 0.6194, Best time: 7.8741
After OOD adjustment: Training instances of last class: 0
After OOD adjustment: Testing instances of last class: 88
Epoch: 087, Runtime 3.831853, Loss 0.030450, forward nfe 0, backward nfe 0, Train: 1.0000, Val: 0.6304, Test: 0.6194, Best time: 7.8741
After OOD adjustment: Training instances of last class: 0
After OOD adjustment: Testing instances of last class: 88
Epoch: 088, Runtime 3.744242, Loss 0.021851, forward nfe 0, backward nfe 0, Train: 1.0000, Val: 0.6304, Test: 0.6194, Best time: 7.8741
After OOD adjustment: Training instances of last class: 0
After OOD adjustment: Testing instances of last class: 88
Epoch: 089, Runtime 3.724089, Loss 0.026560, forward nfe 0, backward nfe 0, Train: 1.0000, Val: 0.6304, Test: 0.6194, Best time: 7.8741
After OOD adjustment: Training instances of last class: 0
After OOD adjustment: Testing instances of last class: 88
Epoch: 090, Runtime 3.727948, Loss 0.024480, forward nfe 0, backward nfe 0, Train: 1.0000, Val: 0.6304, Test: 0.6194, Best time: 7.8741
After OOD adjustment: Training instances of last class: 0
After OOD adjustment: Testing instances of last class: 88
Epoch: 091, Runtime 3.767522, Loss 0.019564, forward nfe 0, backward nfe 0, Train: 1.0000, Val: 0.6304, Test: 0.6194, Best time: 7.8741
After OOD adjustment: Training instances of last class: 0
After OOD adjustment: Testing instances of last class: 88
Epoch: 092, Runtime 3.820182, Loss 0.021960, forward nfe 0, backward nfe 0, Train: 1.0000, Val: 0.6304, Test: 0.6194, Best time: 7.8741
After OOD adjustment: Training instances of last class: 0
After OOD adjustment: Testing instances of last class: 88
Epoch: 093, Runtime 3.812798, Loss 0.029893, forward nfe 0, backward nfe 0, Train: 1.0000, Val: 0.6304, Test: 0.6194, Best time: 7.8741
After OOD adjustment: Training instances of last class: 0
After OOD adjustment: Testing instances of last class: 88
Epoch: 094, Runtime 3.775275, Loss 0.024358, forward nfe 0, backward nfe 0, Train: 1.0000, Val: 0.6304, Test: 0.6194, Best time: 7.8741
After OOD adjustment: Training instances of last class: 0
After OOD adjustment: Testing instances of last class: 88
Epoch: 095, Runtime 3.756039, Loss 0.019306, forward nfe 0, backward nfe 0, Train: 1.0000, Val: 0.6304, Test: 0.6194, Best time: 7.8741
After OOD adjustment: Training instances of last class: 0
After OOD adjustment: Testing instances of last class: 88
Epoch: 096, Runtime 3.732283, Loss 0.022983, forward nfe 0, backward nfe 0, Train: 1.0000, Val: 0.6304, Test: 0.6194, Best time: 7.8741
After OOD adjustment: Training instances of last class: 0
After OOD adjustment: Testing instances of last class: 88
Epoch: 097, Runtime 3.736990, Loss 0.021893, forward nfe 0, backward nfe 0, Train: 1.0000, Val: 0.6304, Test: 0.6194, Best time: 7.8741
After OOD adjustment: Training instances of last class: 0
After OOD adjustment: Testing instances of last class: 88
Epoch: 098, Runtime 4.184690, Loss 0.024832, forward nfe 0, backward nfe 0, Train: 1.0000, Val: 0.6304, Test: 0.6194, Best time: 7.8741
After OOD adjustment: Training instances of last class: 0
After OOD adjustment: Testing instances of last class: 88
Epoch: 099, Runtime 3.941073, Loss 0.022578, forward nfe 0, backward nfe 0, Train: 1.0000, Val: 0.6304, Test: 0.6194, Best time: 7.8741
After OOD adjustment: Training instances of last class: 0
After OOD adjustment: Testing instances of last class: 88
Epoch: 100, Runtime 3.833908, Loss 0.021738, forward nfe 0, backward nfe 0, Train: 1.0000, Val: 0.6304, Test: 0.6194, Best time: 7.8741
After OOD adjustment: Training instances of last class: 0
After OOD adjustment: Testing instances of last class: 88
Epoch: 101, Runtime 3.745659, Loss 0.025603, forward nfe 0, backward nfe 0, Train: 1.0000, Val: 0.6304, Test: 0.6194, Best time: 7.8741
After OOD adjustment: Training instances of last class: 0
After OOD adjustment: Testing instances of last class: 88
Epoch: 102, Runtime 3.785782, Loss 0.021171, forward nfe 0, backward nfe 0, Train: 1.0000, Val: 0.6304, Test: 0.6194, Best time: 7.8741
After OOD adjustment: Training instances of last class: 0
After OOD adjustment: Testing instances of last class: 88
Epoch: 103, Runtime 3.789271, Loss 0.021353, forward nfe 0, backward nfe 0, Train: 1.0000, Val: 0.6304, Test: 0.6194, Best time: 7.8741
After OOD adjustment: Training instances of last class: 0
After OOD adjustment: Testing instances of last class: 88
Epoch: 104, Runtime 3.819801, Loss 0.021620, forward nfe 0, backward nfe 0, Train: 1.0000, Val: 0.6304, Test: 0.6194, Best time: 7.8741
After OOD adjustment: Training instances of last class: 0
After OOD adjustment: Testing instances of last class: 88
Epoch: 105, Runtime 3.849889, Loss 0.018739, forward nfe 0, backward nfe 0, Train: 1.0000, Val: 0.6304, Test: 0.6194, Best time: 7.8741
After OOD adjustment: Training instances of last class: 0
After OOD adjustment: Testing instances of last class: 88
Epoch: 106, Runtime 3.749680, Loss 0.024337, forward nfe 0, backward nfe 0, Train: 1.0000, Val: 0.6304, Test: 0.6194, Best time: 7.8741
After OOD adjustment: Training instances of last class: 0
After OOD adjustment: Testing instances of last class: 88
Epoch: 107, Runtime 3.752888, Loss 0.021466, forward nfe 0, backward nfe 0, Train: 1.0000, Val: 0.6304, Test: 0.6194, Best time: 7.8741
After OOD adjustment: Training instances of last class: 0
After OOD adjustment: Testing instances of last class: 88
Epoch: 108, Runtime 3.805467, Loss 0.021553, forward nfe 0, backward nfe 0, Train: 1.0000, Val: 0.6304, Test: 0.6194, Best time: 7.8741
After OOD adjustment: Training instances of last class: 0
After OOD adjustment: Testing instances of last class: 88
Epoch: 109, Runtime 3.825872, Loss 0.019277, forward nfe 0, backward nfe 0, Train: 1.0000, Val: 0.6304, Test: 0.6194, Best time: 7.8741
After OOD adjustment: Training instances of last class: 0
After OOD adjustment: Testing instances of last class: 88
Epoch: 110, Runtime 3.872445, Loss 0.019101, forward nfe 0, backward nfe 0, Train: 1.0000, Val: 0.6304, Test: 0.6194, Best time: 7.8741
After OOD adjustment: Training instances of last class: 0
After OOD adjustment: Testing instances of last class: 88
Epoch: 111, Runtime 3.888510, Loss 0.017576, forward nfe 0, backward nfe 0, Train: 1.0000, Val: 0.6304, Test: 0.6194, Best time: 7.8741
After OOD adjustment: Training instances of last class: 0
After OOD adjustment: Testing instances of last class: 88
Epoch: 112, Runtime 3.797739, Loss 0.016278, forward nfe 0, backward nfe 0, Train: 1.0000, Val: 0.6304, Test: 0.6194, Best time: 7.8741
After OOD adjustment: Training instances of last class: 0
After OOD adjustment: Testing instances of last class: 88
Epoch: 113, Runtime 3.784223, Loss 0.014799, forward nfe 0, backward nfe 0, Train: 1.0000, Val: 0.6304, Test: 0.6194, Best time: 7.8741
After OOD adjustment: Training instances of last class: 0
After OOD adjustment: Testing instances of last class: 88
Epoch: 114, Runtime 3.814570, Loss 0.019368, forward nfe 0, backward nfe 0, Train: 1.0000, Val: 0.6304, Test: 0.6194, Best time: 7.8741
After OOD adjustment: Training instances of last class: 0
After OOD adjustment: Testing instances of last class: 88
Epoch: 115, Runtime 3.849669, Loss 0.017190, forward nfe 0, backward nfe 0, Train: 1.0000, Val: 0.6304, Test: 0.6194, Best time: 7.8741
After OOD adjustment: Training instances of last class: 0
After OOD adjustment: Testing instances of last class: 88
Epoch: 116, Runtime 3.861355, Loss 0.018515, forward nfe 0, backward nfe 0, Train: 1.0000, Val: 0.6304, Test: 0.6194, Best time: 7.8741
After OOD adjustment: Training instances of last class: 0
After OOD adjustment: Testing instances of last class: 88
Epoch: 117, Runtime 3.913524, Loss 0.016806, forward nfe 0, backward nfe 0, Train: 1.0000, Val: 0.6304, Test: 0.6194, Best time: 7.8741
After OOD adjustment: Training instances of last class: 0
After OOD adjustment: Testing instances of last class: 88
Epoch: 118, Runtime 3.765928, Loss 0.016232, forward nfe 0, backward nfe 0, Train: 1.0000, Val: 0.6304, Test: 0.6194, Best time: 7.8741
After OOD adjustment: Training instances of last class: 0
After OOD adjustment: Testing instances of last class: 88
Epoch: 119, Runtime 3.787352, Loss 0.017916, forward nfe 0, backward nfe 0, Train: 1.0000, Val: 0.6304, Test: 0.6194, Best time: 7.8741
After OOD adjustment: Training instances of last class: 0
After OOD adjustment: Testing instances of last class: 88
Epoch: 120, Runtime 3.779323, Loss 0.015961, forward nfe 0, backward nfe 0, Train: 1.0000, Val: 0.6304, Test: 0.6194, Best time: 7.8741
After OOD adjustment: Training instances of last class: 0
After OOD adjustment: Testing instances of last class: 88
Epoch: 121, Runtime 3.825819, Loss 0.015577, forward nfe 0, backward nfe 0, Train: 1.0000, Val: 0.6304, Test: 0.6194, Best time: 7.8741
After OOD adjustment: Training instances of last class: 0
After OOD adjustment: Testing instances of last class: 88
Epoch: 122, Runtime 3.894032, Loss 0.015707, forward nfe 0, backward nfe 0, Train: 1.0000, Val: 0.6304, Test: 0.6194, Best time: 7.8741
After OOD adjustment: Training instances of last class: 0
After OOD adjustment: Testing instances of last class: 88
Epoch: 123, Runtime 3.893860, Loss 0.017660, forward nfe 0, backward nfe 0, Train: 1.0000, Val: 0.6304, Test: 0.6194, Best time: 7.8741
After OOD adjustment: Training instances of last class: 0
After OOD adjustment: Testing instances of last class: 88
Epoch: 124, Runtime 3.802763, Loss 0.017031, forward nfe 0, backward nfe 0, Train: 1.0000, Val: 0.6304, Test: 0.6194, Best time: 7.8741
After OOD adjustment: Training instances of last class: 0
After OOD adjustment: Testing instances of last class: 88
Epoch: 125, Runtime 3.744726, Loss 0.015637, forward nfe 0, backward nfe 0, Train: 1.0000, Val: 0.6304, Test: 0.6194, Best time: 7.8741
After OOD adjustment: Training instances of last class: 0
After OOD adjustment: Testing instances of last class: 88
Epoch: 126, Runtime 3.775771, Loss 0.014887, forward nfe 0, backward nfe 0, Train: 1.0000, Val: 0.6304, Test: 0.6194, Best time: 7.8741
After OOD adjustment: Training instances of last class: 0
After OOD adjustment: Testing instances of last class: 88
Epoch: 127, Runtime 3.765232, Loss 0.016094, forward nfe 0, backward nfe 0, Train: 1.0000, Val: 0.6304, Test: 0.6194, Best time: 7.8741
After OOD adjustment: Training instances of last class: 0
After OOD adjustment: Testing instances of last class: 88
Epoch: 128, Runtime 3.831374, Loss 0.012780, forward nfe 0, backward nfe 0, Train: 1.0000, Val: 0.6304, Test: 0.6194, Best time: 7.8741
After OOD adjustment: Training instances of last class: 0
After OOD adjustment: Testing instances of last class: 88
Epoch: 129, Runtime 3.800082, Loss 0.014730, forward nfe 0, backward nfe 0, Train: 1.0000, Val: 0.6304, Test: 0.6194, Best time: 7.8741
After OOD adjustment: Training instances of last class: 0
After OOD adjustment: Testing instances of last class: 88
Epoch: 130, Runtime 3.780223, Loss 0.013945, forward nfe 0, backward nfe 0, Train: 1.0000, Val: 0.6304, Test: 0.6194, Best time: 7.8741
After OOD adjustment: Training instances of last class: 0
After OOD adjustment: Testing instances of last class: 88
Epoch: 131, Runtime 3.820365, Loss 0.014378, forward nfe 0, backward nfe 0, Train: 1.0000, Val: 0.6304, Test: 0.6194, Best time: 7.8741
After OOD adjustment: Training instances of last class: 0
After OOD adjustment: Testing instances of last class: 88
Epoch: 132, Runtime 3.839359, Loss 0.012531, forward nfe 0, backward nfe 0, Train: 1.0000, Val: 0.6304, Test: 0.6194, Best time: 7.8741
After OOD adjustment: Training instances of last class: 0
After OOD adjustment: Testing instances of last class: 88
Epoch: 133, Runtime 3.851085, Loss 0.014129, forward nfe 0, backward nfe 0, Train: 1.0000, Val: 0.6304, Test: 0.6194, Best time: 7.8741
After OOD adjustment: Training instances of last class: 0
After OOD adjustment: Testing instances of last class: 88
Epoch: 134, Runtime 3.842193, Loss 0.013342, forward nfe 0, backward nfe 0, Train: 1.0000, Val: 0.6304, Test: 0.6194, Best time: 7.8741
After OOD adjustment: Training instances of last class: 0
After OOD adjustment: Testing instances of last class: 88
Epoch: 135, Runtime 3.863666, Loss 0.014342, forward nfe 0, backward nfe 0, Train: 1.0000, Val: 0.6304, Test: 0.6194, Best time: 7.8741
After OOD adjustment: Training instances of last class: 0
After OOD adjustment: Testing instances of last class: 88
Epoch: 136, Runtime 3.788349, Loss 0.012899, forward nfe 0, backward nfe 0, Train: 1.0000, Val: 0.6304, Test: 0.6194, Best time: 7.8741
After OOD adjustment: Training instances of last class: 0
After OOD adjustment: Testing instances of last class: 88
Epoch: 137, Runtime 3.869840, Loss 0.011885, forward nfe 0, backward nfe 0, Train: 1.0000, Val: 0.6304, Test: 0.6194, Best time: 7.8741
After OOD adjustment: Training instances of last class: 0
After OOD adjustment: Testing instances of last class: 88
Epoch: 138, Runtime 3.819700, Loss 0.013032, forward nfe 0, backward nfe 0, Train: 1.0000, Val: 0.6304, Test: 0.6194, Best time: 7.8741
After OOD adjustment: Training instances of last class: 0
After OOD adjustment: Testing instances of last class: 88
Epoch: 139, Runtime 3.867731, Loss 0.012716, forward nfe 0, backward nfe 0, Train: 1.0000, Val: 0.6304, Test: 0.6194, Best time: 7.8741
After OOD adjustment: Training instances of last class: 0
After OOD adjustment: Testing instances of last class: 88
Epoch: 140, Runtime 3.884672, Loss 0.012464, forward nfe 0, backward nfe 0, Train: 1.0000, Val: 0.6304, Test: 0.6194, Best time: 7.8741
After OOD adjustment: Training instances of last class: 0
After OOD adjustment: Testing instances of last class: 88
Epoch: 141, Runtime 3.885616, Loss 0.014842, forward nfe 0, backward nfe 0, Train: 1.0000, Val: 0.6304, Test: 0.6194, Best time: 7.8741
After OOD adjustment: Training instances of last class: 0
After OOD adjustment: Testing instances of last class: 88
Epoch: 142, Runtime 3.788308, Loss 0.013815, forward nfe 0, backward nfe 0, Train: 1.0000, Val: 0.6304, Test: 0.6194, Best time: 7.8741
After OOD adjustment: Training instances of last class: 0
After OOD adjustment: Testing instances of last class: 88
Epoch: 143, Runtime 3.815252, Loss 0.013967, forward nfe 0, backward nfe 0, Train: 1.0000, Val: 0.6304, Test: 0.6194, Best time: 7.8741
After OOD adjustment: Training instances of last class: 0
After OOD adjustment: Testing instances of last class: 88
Epoch: 144, Runtime 3.903024, Loss 0.013113, forward nfe 0, backward nfe 0, Train: 1.0000, Val: 0.6304, Test: 0.6194, Best time: 7.8741
After OOD adjustment: Training instances of last class: 0
After OOD adjustment: Testing instances of last class: 88
Epoch: 145, Runtime 3.872090, Loss 0.013304, forward nfe 0, backward nfe 0, Train: 1.0000, Val: 0.6304, Test: 0.6194, Best time: 7.8741
After OOD adjustment: Training instances of last class: 0
After OOD adjustment: Testing instances of last class: 88
Epoch: 146, Runtime 3.871055, Loss 0.010711, forward nfe 0, backward nfe 0, Train: 1.0000, Val: 0.6304, Test: 0.6194, Best time: 7.8741
After OOD adjustment: Training instances of last class: 0
After OOD adjustment: Testing instances of last class: 88
Epoch: 147, Runtime 3.907250, Loss 0.011470, forward nfe 0, backward nfe 0, Train: 1.0000, Val: 0.6304, Test: 0.6194, Best time: 7.8741
After OOD adjustment: Training instances of last class: 0
After OOD adjustment: Testing instances of last class: 88
Epoch: 148, Runtime 3.843657, Loss 0.011611, forward nfe 0, backward nfe 0, Train: 1.0000, Val: 0.6304, Test: 0.6194, Best time: 7.8741
After OOD adjustment: Training instances of last class: 0
After OOD adjustment: Testing instances of last class: 88
Epoch: 149, Runtime 3.837778, Loss 0.016276, forward nfe 0, backward nfe 0, Train: 1.0000, Val: 0.6304, Test: 0.6194, Best time: 7.8741
After OOD adjustment: Training instances of last class: 0
After OOD adjustment: Testing instances of last class: 88
Epoch: 150, Runtime 3.883763, Loss 0.011883, forward nfe 0, backward nfe 0, Train: 1.0000, Val: 0.6304, Test: 0.6194, Best time: 7.8741
After OOD adjustment: Training instances of last class: 0
After OOD adjustment: Testing instances of last class: 88
Epoch: 151, Runtime 3.814190, Loss 0.009130, forward nfe 0, backward nfe 0, Train: 1.0000, Val: 0.6304, Test: 0.6194, Best time: 7.8741
After OOD adjustment: Training instances of last class: 0
After OOD adjustment: Testing instances of last class: 88
Epoch: 152, Runtime 3.890931, Loss 0.012128, forward nfe 0, backward nfe 0, Train: 1.0000, Val: 0.6304, Test: 0.6194, Best time: 7.8741
After OOD adjustment: Training instances of last class: 0
After OOD adjustment: Testing instances of last class: 88
Epoch: 153, Runtime 3.833445, Loss 0.010057, forward nfe 0, backward nfe 0, Train: 1.0000, Val: 0.6304, Test: 0.6194, Best time: 7.8741
After OOD adjustment: Training instances of last class: 0
After OOD adjustment: Testing instances of last class: 88
Epoch: 154, Runtime 3.821409, Loss 0.011549, forward nfe 0, backward nfe 0, Train: 1.0000, Val: 0.6304, Test: 0.6194, Best time: 7.8741
After OOD adjustment: Training instances of last class: 0
After OOD adjustment: Testing instances of last class: 88
Epoch: 155, Runtime 3.876086, Loss 0.012677, forward nfe 0, backward nfe 0, Train: 1.0000, Val: 0.6304, Test: 0.6194, Best time: 7.8741
After OOD adjustment: Training instances of last class: 0
After OOD adjustment: Testing instances of last class: 88
Epoch: 156, Runtime 3.808650, Loss 0.012075, forward nfe 0, backward nfe 0, Train: 1.0000, Val: 0.6304, Test: 0.6194, Best time: 7.8741
After OOD adjustment: Training instances of last class: 0
After OOD adjustment: Testing instances of last class: 88
Epoch: 157, Runtime 3.883588, Loss 0.009742, forward nfe 0, backward nfe 0, Train: 1.0000, Val: 0.6304, Test: 0.6194, Best time: 7.8741
After OOD adjustment: Training instances of last class: 0
After OOD adjustment: Testing instances of last class: 88
Epoch: 158, Runtime 3.847179, Loss 0.008786, forward nfe 0, backward nfe 0, Train: 1.0000, Val: 0.6304, Test: 0.6194, Best time: 7.8741
After OOD adjustment: Training instances of last class: 0
After OOD adjustment: Testing instances of last class: 88
Epoch: 159, Runtime 3.885822, Loss 0.010394, forward nfe 0, backward nfe 0, Train: 1.0000, Val: 0.6304, Test: 0.6194, Best time: 7.8741
After OOD adjustment: Training instances of last class: 0
After OOD adjustment: Testing instances of last class: 88
Epoch: 160, Runtime 3.869119, Loss 0.010695, forward nfe 0, backward nfe 0, Train: 1.0000, Val: 0.6304, Test: 0.6194, Best time: 7.8741
After OOD adjustment: Training instances of last class: 0
After OOD adjustment: Testing instances of last class: 88
Epoch: 161, Runtime 3.820627, Loss 0.010173, forward nfe 0, backward nfe 0, Train: 1.0000, Val: 0.6304, Test: 0.6194, Best time: 7.8741
After OOD adjustment: Training instances of last class: 0
After OOD adjustment: Testing instances of last class: 88
Epoch: 162, Runtime 3.830416, Loss 0.009811, forward nfe 0, backward nfe 0, Train: 1.0000, Val: 0.6304, Test: 0.6194, Best time: 7.8741
After OOD adjustment: Training instances of last class: 0
After OOD adjustment: Testing instances of last class: 88
Epoch: 163, Runtime 3.929877, Loss 0.010046, forward nfe 0, backward nfe 0, Train: 1.0000, Val: 0.6304, Test: 0.6194, Best time: 7.8741
After OOD adjustment: Training instances of last class: 0
After OOD adjustment: Testing instances of last class: 88
Epoch: 164, Runtime 3.879645, Loss 0.008384, forward nfe 0, backward nfe 0, Train: 1.0000, Val: 0.6304, Test: 0.6194, Best time: 7.8741
After OOD adjustment: Training instances of last class: 0
After OOD adjustment: Testing instances of last class: 88
Epoch: 165, Runtime 3.937616, Loss 0.009337, forward nfe 0, backward nfe 0, Train: 1.0000, Val: 0.6304, Test: 0.6194, Best time: 7.8741
After OOD adjustment: Training instances of last class: 0
After OOD adjustment: Testing instances of last class: 88
Epoch: 166, Runtime 3.877640, Loss 0.007061, forward nfe 0, backward nfe 0, Train: 1.0000, Val: 0.6304, Test: 0.6194, Best time: 7.8741
After OOD adjustment: Training instances of last class: 0
After OOD adjustment: Testing instances of last class: 88
Epoch: 167, Runtime 3.849329, Loss 0.010320, forward nfe 0, backward nfe 0, Train: 1.0000, Val: 0.6304, Test: 0.6194, Best time: 7.8741
After OOD adjustment: Training instances of last class: 0
After OOD adjustment: Testing instances of last class: 88
Epoch: 168, Runtime 3.907037, Loss 0.009032, forward nfe 0, backward nfe 0, Train: 1.0000, Val: 0.6304, Test: 0.6194, Best time: 7.8741
After OOD adjustment: Training instances of last class: 0
After OOD adjustment: Testing instances of last class: 88
Epoch: 169, Runtime 3.836877, Loss 0.009106, forward nfe 0, backward nfe 0, Train: 1.0000, Val: 0.6304, Test: 0.6194, Best time: 7.8741
After OOD adjustment: Training instances of last class: 0
After OOD adjustment: Testing instances of last class: 88
Epoch: 170, Runtime 3.909084, Loss 0.010423, forward nfe 0, backward nfe 0, Train: 1.0000, Val: 0.6304, Test: 0.6194, Best time: 7.8741
After OOD adjustment: Training instances of last class: 0
After OOD adjustment: Testing instances of last class: 88
Epoch: 171, Runtime 3.863852, Loss 0.007722, forward nfe 0, backward nfe 0, Train: 1.0000, Val: 0.6304, Test: 0.6194, Best time: 7.8741
After OOD adjustment: Training instances of last class: 0
After OOD adjustment: Testing instances of last class: 88
Epoch: 172, Runtime 3.832268, Loss 0.008043, forward nfe 0, backward nfe 0, Train: 1.0000, Val: 0.6304, Test: 0.6194, Best time: 7.8741
After OOD adjustment: Training instances of last class: 0
After OOD adjustment: Testing instances of last class: 88
Epoch: 173, Runtime 3.890213, Loss 0.008058, forward nfe 0, backward nfe 0, Train: 1.0000, Val: 0.6304, Test: 0.6194, Best time: 7.8741
After OOD adjustment: Training instances of last class: 0
After OOD adjustment: Testing instances of last class: 88
Epoch: 174, Runtime 3.836603, Loss 0.008748, forward nfe 0, backward nfe 0, Train: 1.0000, Val: 0.6304, Test: 0.6194, Best time: 7.8741
After OOD adjustment: Training instances of last class: 0
After OOD adjustment: Testing instances of last class: 88
Epoch: 175, Runtime 3.903398, Loss 0.008724, forward nfe 0, backward nfe 0, Train: 1.0000, Val: 0.6304, Test: 0.6194, Best time: 7.8741
After OOD adjustment: Training instances of last class: 0
After OOD adjustment: Testing instances of last class: 88
Epoch: 176, Runtime 3.841148, Loss 0.007781, forward nfe 0, backward nfe 0, Train: 1.0000, Val: 0.6304, Test: 0.6194, Best time: 7.8741
After OOD adjustment: Training instances of last class: 0
After OOD adjustment: Testing instances of last class: 88
Epoch: 177, Runtime 3.912897, Loss 0.009226, forward nfe 0, backward nfe 0, Train: 1.0000, Val: 0.6304, Test: 0.6194, Best time: 7.8741
After OOD adjustment: Training instances of last class: 0
After OOD adjustment: Testing instances of last class: 88
Epoch: 178, Runtime 3.870844, Loss 0.010716, forward nfe 0, backward nfe 0, Train: 1.0000, Val: 0.6304, Test: 0.6194, Best time: 7.8741
After OOD adjustment: Training instances of last class: 0
After OOD adjustment: Testing instances of last class: 88
Epoch: 179, Runtime 3.886749, Loss 0.008953, forward nfe 0, backward nfe 0, Train: 1.0000, Val: 0.6304, Test: 0.6194, Best time: 7.8741
After OOD adjustment: Training instances of last class: 0
After OOD adjustment: Testing instances of last class: 88
Epoch: 180, Runtime 3.870366, Loss 0.007038, forward nfe 0, backward nfe 0, Train: 1.0000, Val: 0.6304, Test: 0.6194, Best time: 7.8741
After OOD adjustment: Training instances of last class: 0
After OOD adjustment: Testing instances of last class: 88
Epoch: 181, Runtime 3.850076, Loss 0.008852, forward nfe 0, backward nfe 0, Train: 1.0000, Val: 0.6304, Test: 0.6194, Best time: 7.8741
After OOD adjustment: Training instances of last class: 0
After OOD adjustment: Testing instances of last class: 88
Epoch: 182, Runtime 3.895715, Loss 0.008926, forward nfe 0, backward nfe 0, Train: 1.0000, Val: 0.6304, Test: 0.6194, Best time: 7.8741
After OOD adjustment: Training instances of last class: 0
After OOD adjustment: Testing instances of last class: 88
Epoch: 183, Runtime 3.861311, Loss 0.008962, forward nfe 0, backward nfe 0, Train: 1.0000, Val: 0.6304, Test: 0.6194, Best time: 7.8741
After OOD adjustment: Training instances of last class: 0
After OOD adjustment: Testing instances of last class: 88
Epoch: 184, Runtime 3.844602, Loss 0.007217, forward nfe 0, backward nfe 0, Train: 1.0000, Val: 0.6304, Test: 0.6194, Best time: 7.8741
After OOD adjustment: Training instances of last class: 0
After OOD adjustment: Testing instances of last class: 88
Epoch: 185, Runtime 3.876786, Loss 0.010416, forward nfe 0, backward nfe 0, Train: 1.0000, Val: 0.6304, Test: 0.6194, Best time: 7.8741
After OOD adjustment: Training instances of last class: 0
After OOD adjustment: Testing instances of last class: 88
Epoch: 186, Runtime 3.982475, Loss 0.008480, forward nfe 0, backward nfe 0, Train: 1.0000, Val: 0.6304, Test: 0.6194, Best time: 7.8741
After OOD adjustment: Training instances of last class: 0
After OOD adjustment: Testing instances of last class: 88
Epoch: 187, Runtime 4.268938, Loss 0.009799, forward nfe 0, backward nfe 0, Train: 1.0000, Val: 0.6304, Test: 0.6194, Best time: 7.8741
After OOD adjustment: Training instances of last class: 0
After OOD adjustment: Testing instances of last class: 88
Epoch: 188, Runtime 4.280015, Loss 0.010617, forward nfe 0, backward nfe 0, Train: 1.0000, Val: 0.6304, Test: 0.6194, Best time: 7.8741
After OOD adjustment: Training instances of last class: 0
After OOD adjustment: Testing instances of last class: 88
Epoch: 189, Runtime 4.234246, Loss 0.008301, forward nfe 0, backward nfe 0, Train: 1.0000, Val: 0.6304, Test: 0.6194, Best time: 7.8741
After OOD adjustment: Training instances of last class: 0
After OOD adjustment: Testing instances of last class: 88
Epoch: 190, Runtime 4.256254, Loss 0.007030, forward nfe 0, backward nfe 0, Train: 1.0000, Val: 0.6304, Test: 0.6194, Best time: 7.8741
After OOD adjustment: Training instances of last class: 0
After OOD adjustment: Testing instances of last class: 88
Epoch: 191, Runtime 4.244869, Loss 0.006312, forward nfe 0, backward nfe 0, Train: 1.0000, Val: 0.6304, Test: 0.6194, Best time: 7.8741
After OOD adjustment: Training instances of last class: 0
After OOD adjustment: Testing instances of last class: 88
Epoch: 192, Runtime 4.294264, Loss 0.007579, forward nfe 0, backward nfe 0, Train: 1.0000, Val: 0.6304, Test: 0.6194, Best time: 7.8741
After OOD adjustment: Training instances of last class: 0
After OOD adjustment: Testing instances of last class: 88
Epoch: 193, Runtime 4.336150, Loss 0.006220, forward nfe 0, backward nfe 0, Train: 1.0000, Val: 0.6304, Test: 0.6194, Best time: 7.8741
After OOD adjustment: Training instances of last class: 0
After OOD adjustment: Testing instances of last class: 88
Epoch: 194, Runtime 4.354076, Loss 0.007044, forward nfe 0, backward nfe 0, Train: 1.0000, Val: 0.6304, Test: 0.6194, Best time: 7.8741
After OOD adjustment: Training instances of last class: 0
After OOD adjustment: Testing instances of last class: 88
Epoch: 195, Runtime 3.899177, Loss 0.005906, forward nfe 0, backward nfe 0, Train: 1.0000, Val: 0.6304, Test: 0.6194, Best time: 7.8741
After OOD adjustment: Training instances of last class: 0
After OOD adjustment: Testing instances of last class: 88
Epoch: 196, Runtime 3.718163, Loss 0.007460, forward nfe 0, backward nfe 0, Train: 1.0000, Val: 0.6304, Test: 0.6194, Best time: 7.8741
After OOD adjustment: Training instances of last class: 0
After OOD adjustment: Testing instances of last class: 88
Epoch: 197, Runtime 3.765102, Loss 0.008471, forward nfe 0, backward nfe 0, Train: 1.0000, Val: 0.6304, Test: 0.6194, Best time: 7.8741
After OOD adjustment: Training instances of last class: 0
After OOD adjustment: Testing instances of last class: 88
Epoch: 198, Runtime 3.852111, Loss 0.006471, forward nfe 0, backward nfe 0, Train: 1.0000, Val: 0.6304, Test: 0.6194, Best time: 7.8741
After OOD adjustment: Training instances of last class: 0
After OOD adjustment: Testing instances of last class: 88
Epoch: 199, Runtime 3.918949, Loss 0.007067, forward nfe 0, backward nfe 0, Train: 1.0000, Val: 0.6304, Test: 0.6194, Best time: 7.8741
best val accuracy 0.630435 with test accuracy 0.619355 at epoch 16 and best time 7.874113
base_directory resutls_prob/OOD_Citeseer
new_name:  lgnsde_ODD
file_path 1 resutls_prob/OOD_Citeseer/lgnsde_ODD_prediction_probabilities_36.npz
file_path 2 resutls_prob/OOD_Citeseer/lgnsde_ODD_prediction_probabilities_36.npz
Entropy Threshold: inf Test accuracy: 0.6193548387096774
Entropy Threshold: 2 Test accuracy: 0.6241935483870967
Entropy Threshold: 1.6 Test accuracy: 0.6334991708126037
Entropy Threshold: 1.5 Test accuracy: 0.7743362831858407
Entropy Threshold: 1.4 Test accuracy: 0.8514851485148515
Entropy Threshold: 1.3 Test accuracy: 0.875
Entropy Threshold: 1.2 Test accuracy: 0.9310344827586207
Entropy Threshold: 1.1 Test accuracy: 1.0
Entropy Threshold: 0.9 Test accuracy: 1.0
Entropy Threshold: 0.8 Test accuracy: 1.0
Entropy Threshold: 0.7 Test accuracy: 1.0
Entropy Threshold: 0.6 Test accuracy: None
Entropy Threshold: 0.5 Test accuracy: None
Entropy Threshold: 0.4 Test accuracy: None
Entropy Threshold: 0.3 Test accuracy: None
Entropy Threshold: 0.2 Test accuracy: None
Entropy Threshold: 0.1 Test accuracy: None
