[KeOps] Warning : cuda was detected, but driver API could not be initialized. Switching to cpu only.
Folder already exists: results/photo
experiment: 0
Dataset size (num_nodes): 7487, Intended development set size (num_development): 1500
Dataset size (num_nodes): 7487, Actual development set size (num_development): 1500
rations: train 160, val 1340, test 5987
Before OOD adjustment: Total instances of last class: 331
Before OOD adjustment: Training instances of last class: 20
Before OOD adjustment: Testing instances of last class: 267
Before OOD adjustment: Val instances of last class: 44
total train + val+ test 331
After OOD adjustment: Training instances of last class: 0
After OOD adjustment: Testing instances of last class: 267
Total number of classes: 8
number of classes to train: 7
MyGCN2(
  (conv1): GCNConv(745, 64)
  (conv4): GCNConv(64, 7)
)
conv1.bias
torch.Size([64])
conv1.lin.weight
torch.Size([64, 745])
conv4.bias
torch.Size([7])
conv4.lin.weight
torch.Size([7, 64])
After OOD adjustment: Training instances of last class: 0
After OOD adjustment: Testing instances of last class: 267
Epoch: 001, Runtime 0.258091, Loss 1.978078, forward nfe 0, backward nfe 0, Train: 0.1643, Val: 0.1866, Test: 0.1792, Best time: 3.5824
After OOD adjustment: Training instances of last class: 0
After OOD adjustment: Testing instances of last class: 267
Epoch: 002, Runtime 0.362727, Loss 1.936930, forward nfe 0, backward nfe 0, Train: 0.3000, Val: 0.3179, Test: 0.3190, Best time: 3.5824
After OOD adjustment: Training instances of last class: 0
After OOD adjustment: Testing instances of last class: 267
Epoch: 003, Runtime 0.237560, Loss 1.858488, forward nfe 0, backward nfe 0, Train: 0.3000, Val: 0.3179, Test: 0.3190, Best time: 3.5824
After OOD adjustment: Training instances of last class: 0
After OOD adjustment: Testing instances of last class: 267
Epoch: 004, Runtime 0.242342, Loss 1.806543, forward nfe 0, backward nfe 0, Train: 0.3000, Val: 0.3179, Test: 0.3190, Best time: 3.5824
After OOD adjustment: Training instances of last class: 0
After OOD adjustment: Testing instances of last class: 267
Epoch: 005, Runtime 0.348373, Loss 1.701268, forward nfe 0, backward nfe 0, Train: 0.5000, Val: 0.4052, Test: 0.4318, Best time: 3.5824
After OOD adjustment: Training instances of last class: 0
After OOD adjustment: Testing instances of last class: 267
Epoch: 006, Runtime 0.349198, Loss 1.590695, forward nfe 0, backward nfe 0, Train: 0.5786, Val: 0.5075, Test: 0.5116, Best time: 3.5824
After OOD adjustment: Training instances of last class: 0
After OOD adjustment: Testing instances of last class: 267
Epoch: 007, Runtime 0.347704, Loss 1.484134, forward nfe 0, backward nfe 0, Train: 0.7286, Val: 0.5746, Test: 0.5938, Best time: 3.5824
After OOD adjustment: Training instances of last class: 0
After OOD adjustment: Testing instances of last class: 267
Epoch: 008, Runtime 0.347947, Loss 1.393244, forward nfe 0, backward nfe 0, Train: 0.7714, Val: 0.5978, Test: 0.6125, Best time: 3.5824
After OOD adjustment: Training instances of last class: 0
After OOD adjustment: Testing instances of last class: 267
Epoch: 009, Runtime 0.238929, Loss 1.339246, forward nfe 0, backward nfe 0, Train: 0.7714, Val: 0.5978, Test: 0.6125, Best time: 3.5824
After OOD adjustment: Training instances of last class: 0
After OOD adjustment: Testing instances of last class: 267
Epoch: 010, Runtime 0.237632, Loss 1.307371, forward nfe 0, backward nfe 0, Train: 0.7714, Val: 0.5978, Test: 0.6125, Best time: 3.5824
After OOD adjustment: Training instances of last class: 0
After OOD adjustment: Testing instances of last class: 267
Epoch: 011, Runtime 0.351024, Loss 1.246040, forward nfe 0, backward nfe 0, Train: 0.7929, Val: 0.6172, Test: 0.6295, Best time: 3.5824
After OOD adjustment: Training instances of last class: 0
After OOD adjustment: Testing instances of last class: 267
Epoch: 012, Runtime 0.337808, Loss 1.166507, forward nfe 0, backward nfe 0, Train: 0.8000, Val: 0.6537, Test: 0.6537, Best time: 3.5824
After OOD adjustment: Training instances of last class: 0
After OOD adjustment: Testing instances of last class: 267
Epoch: 013, Runtime 0.339600, Loss 1.101805, forward nfe 0, backward nfe 0, Train: 0.8143, Val: 0.6687, Test: 0.6800, Best time: 3.5824
After OOD adjustment: Training instances of last class: 0
After OOD adjustment: Testing instances of last class: 267
Epoch: 014, Runtime 0.349740, Loss 1.051546, forward nfe 0, backward nfe 0, Train: 0.8643, Val: 0.6985, Test: 0.7112, Best time: 3.5824
After OOD adjustment: Training instances of last class: 0
After OOD adjustment: Testing instances of last class: 267
Epoch: 015, Runtime 0.352329, Loss 1.008613, forward nfe 0, backward nfe 0, Train: 0.8571, Val: 0.7246, Test: 0.7321, Best time: 3.5824
After OOD adjustment: Training instances of last class: 0
After OOD adjustment: Testing instances of last class: 267
Epoch: 016, Runtime 0.346503, Loss 0.971496, forward nfe 0, backward nfe 0, Train: 0.8500, Val: 0.7500, Test: 0.7605, Best time: 3.5824
After OOD adjustment: Training instances of last class: 0
After OOD adjustment: Testing instances of last class: 267
Epoch: 017, Runtime 0.352142, Loss 0.935423, forward nfe 0, backward nfe 0, Train: 0.8714, Val: 0.7799, Test: 0.7815, Best time: 3.5824
After OOD adjustment: Training instances of last class: 0
After OOD adjustment: Testing instances of last class: 267
Epoch: 018, Runtime 0.351973, Loss 0.895246, forward nfe 0, backward nfe 0, Train: 0.8929, Val: 0.7940, Test: 0.7944, Best time: 3.5824
After OOD adjustment: Training instances of last class: 0
After OOD adjustment: Testing instances of last class: 267
Epoch: 019, Runtime 0.346589, Loss 0.853402, forward nfe 0, backward nfe 0, Train: 0.9000, Val: 0.8030, Test: 0.8034, Best time: 3.5824
After OOD adjustment: Training instances of last class: 0
After OOD adjustment: Testing instances of last class: 267
Epoch: 020, Runtime 0.238411, Loss 0.814340, forward nfe 0, backward nfe 0, Train: 0.9000, Val: 0.8030, Test: 0.8034, Best time: 3.5824
After OOD adjustment: Training instances of last class: 0
After OOD adjustment: Testing instances of last class: 267
Epoch: 021, Runtime 0.238961, Loss 0.778485, forward nfe 0, backward nfe 0, Train: 0.9000, Val: 0.8030, Test: 0.8034, Best time: 3.5824
After OOD adjustment: Training instances of last class: 0
After OOD adjustment: Testing instances of last class: 267
Epoch: 022, Runtime 0.237146, Loss 0.746288, forward nfe 0, backward nfe 0, Train: 0.9000, Val: 0.8030, Test: 0.8034, Best time: 3.5824
After OOD adjustment: Training instances of last class: 0
After OOD adjustment: Testing instances of last class: 267
Epoch: 023, Runtime 0.237941, Loss 0.719411, forward nfe 0, backward nfe 0, Train: 0.9000, Val: 0.8030, Test: 0.8034, Best time: 3.5824
After OOD adjustment: Training instances of last class: 0
After OOD adjustment: Testing instances of last class: 267
Epoch: 024, Runtime 0.240281, Loss 0.696364, forward nfe 0, backward nfe 0, Train: 0.9000, Val: 0.8030, Test: 0.8034, Best time: 3.5824
After OOD adjustment: Training instances of last class: 0
After OOD adjustment: Testing instances of last class: 267
Epoch: 025, Runtime 0.347626, Loss 0.673292, forward nfe 0, backward nfe 0, Train: 0.9357, Val: 0.8112, Test: 0.8213, Best time: 3.5824
After OOD adjustment: Training instances of last class: 0
After OOD adjustment: Testing instances of last class: 267
Epoch: 026, Runtime 0.353180, Loss 0.648899, forward nfe 0, backward nfe 0, Train: 0.9429, Val: 0.8276, Test: 0.8350, Best time: 3.5824
After OOD adjustment: Training instances of last class: 0
After OOD adjustment: Testing instances of last class: 267
Epoch: 027, Runtime 0.348407, Loss 0.624882, forward nfe 0, backward nfe 0, Train: 0.9357, Val: 0.8448, Test: 0.8442, Best time: 3.5824
After OOD adjustment: Training instances of last class: 0
After OOD adjustment: Testing instances of last class: 267
Epoch: 028, Runtime 0.352215, Loss 0.602380, forward nfe 0, backward nfe 0, Train: 0.9429, Val: 0.8493, Test: 0.8480, Best time: 3.5824
After OOD adjustment: Training instances of last class: 0
After OOD adjustment: Testing instances of last class: 267
Epoch: 029, Runtime 0.238994, Loss 0.581103, forward nfe 0, backward nfe 0, Train: 0.9429, Val: 0.8493, Test: 0.8480, Best time: 3.5824
After OOD adjustment: Training instances of last class: 0
After OOD adjustment: Testing instances of last class: 267
Epoch: 030, Runtime 0.238571, Loss 0.561374, forward nfe 0, backward nfe 0, Train: 0.9429, Val: 0.8493, Test: 0.8480, Best time: 3.5824
After OOD adjustment: Training instances of last class: 0
After OOD adjustment: Testing instances of last class: 267
Epoch: 031, Runtime 0.238639, Loss 0.543896, forward nfe 0, backward nfe 0, Train: 0.9429, Val: 0.8493, Test: 0.8480, Best time: 3.5824
After OOD adjustment: Training instances of last class: 0
After OOD adjustment: Testing instances of last class: 267
Epoch: 032, Runtime 0.238171, Loss 0.528099, forward nfe 0, backward nfe 0, Train: 0.9429, Val: 0.8493, Test: 0.8480, Best time: 3.5824
After OOD adjustment: Training instances of last class: 0
After OOD adjustment: Testing instances of last class: 267
Epoch: 033, Runtime 0.341938, Loss 0.512829, forward nfe 0, backward nfe 0, Train: 0.9500, Val: 0.8515, Test: 0.8512, Best time: 3.5824
After OOD adjustment: Training instances of last class: 0
After OOD adjustment: Testing instances of last class: 267
Epoch: 034, Runtime 0.348476, Loss 0.497853, forward nfe 0, backward nfe 0, Train: 0.9500, Val: 0.8560, Test: 0.8557, Best time: 3.5824
After OOD adjustment: Training instances of last class: 0
After OOD adjustment: Testing instances of last class: 267
Epoch: 035, Runtime 0.354243, Loss 0.483534, forward nfe 0, backward nfe 0, Train: 0.9500, Val: 0.8627, Test: 0.8605, Best time: 3.5824
After OOD adjustment: Training instances of last class: 0
After OOD adjustment: Testing instances of last class: 267
Epoch: 036, Runtime 0.349404, Loss 0.469779, forward nfe 0, backward nfe 0, Train: 0.9500, Val: 0.8687, Test: 0.8685, Best time: 3.5824
After OOD adjustment: Training instances of last class: 0
After OOD adjustment: Testing instances of last class: 267
Epoch: 037, Runtime 0.351372, Loss 0.456264, forward nfe 0, backward nfe 0, Train: 0.9571, Val: 0.8791, Test: 0.8801, Best time: 3.5824
After OOD adjustment: Training instances of last class: 0
After OOD adjustment: Testing instances of last class: 267
Epoch: 038, Runtime 0.339387, Loss 0.443223, forward nfe 0, backward nfe 0, Train: 0.9571, Val: 0.8813, Test: 0.8849, Best time: 3.5824
After OOD adjustment: Training instances of last class: 0
After OOD adjustment: Testing instances of last class: 267
Epoch: 039, Runtime 0.337758, Loss 0.431125, forward nfe 0, backward nfe 0, Train: 0.9571, Val: 0.8836, Test: 0.8869, Best time: 3.5824
After OOD adjustment: Training instances of last class: 0
After OOD adjustment: Testing instances of last class: 267
Epoch: 040, Runtime 0.337150, Loss 0.419920, forward nfe 0, backward nfe 0, Train: 0.9571, Val: 0.8851, Test: 0.8873, Best time: 3.5824
After OOD adjustment: Training instances of last class: 0
After OOD adjustment: Testing instances of last class: 267
Epoch: 041, Runtime 0.336712, Loss 0.409246, forward nfe 0, backward nfe 0, Train: 0.9571, Val: 0.8866, Test: 0.8891, Best time: 3.5824
After OOD adjustment: Training instances of last class: 0
After OOD adjustment: Testing instances of last class: 267
Epoch: 042, Runtime 0.337393, Loss 0.399030, forward nfe 0, backward nfe 0, Train: 0.9571, Val: 0.8896, Test: 0.8901, Best time: 3.5824
After OOD adjustment: Training instances of last class: 0
After OOD adjustment: Testing instances of last class: 267
Epoch: 043, Runtime 0.337248, Loss 0.389392, forward nfe 0, backward nfe 0, Train: 0.9643, Val: 0.8903, Test: 0.8906, Best time: 3.5824
After OOD adjustment: Training instances of last class: 0
After OOD adjustment: Testing instances of last class: 267
Epoch: 044, Runtime 0.238139, Loss 0.380212, forward nfe 0, backward nfe 0, Train: 0.9643, Val: 0.8903, Test: 0.8906, Best time: 3.5824
After OOD adjustment: Training instances of last class: 0
After OOD adjustment: Testing instances of last class: 267
Epoch: 045, Runtime 0.239082, Loss 0.371234, forward nfe 0, backward nfe 0, Train: 0.9643, Val: 0.8903, Test: 0.8906, Best time: 3.5824
After OOD adjustment: Training instances of last class: 0
After OOD adjustment: Testing instances of last class: 267
Epoch: 046, Runtime 0.238740, Loss 0.362457, forward nfe 0, backward nfe 0, Train: 0.9643, Val: 0.8903, Test: 0.8906, Best time: 3.5824
After OOD adjustment: Training instances of last class: 0
After OOD adjustment: Testing instances of last class: 267
Epoch: 047, Runtime 0.238455, Loss 0.354042, forward nfe 0, backward nfe 0, Train: 0.9643, Val: 0.8903, Test: 0.8906, Best time: 3.5824
After OOD adjustment: Training instances of last class: 0
After OOD adjustment: Testing instances of last class: 267
Epoch: 048, Runtime 0.237148, Loss 0.345984, forward nfe 0, backward nfe 0, Train: 0.9643, Val: 0.8903, Test: 0.8906, Best time: 3.5824
After OOD adjustment: Training instances of last class: 0
After OOD adjustment: Testing instances of last class: 267
Epoch: 049, Runtime 0.238428, Loss 0.338183, forward nfe 0, backward nfe 0, Train: 0.9643, Val: 0.8903, Test: 0.8906, Best time: 3.5824
After OOD adjustment: Training instances of last class: 0
After OOD adjustment: Testing instances of last class: 267
Epoch: 050, Runtime 0.349030, Loss 0.330670, forward nfe 0, backward nfe 0, Train: 0.9643, Val: 0.8925, Test: 0.8938, Best time: 3.5824
After OOD adjustment: Training instances of last class: 0
After OOD adjustment: Testing instances of last class: 267
Epoch: 051, Runtime 0.350650, Loss 0.323547, forward nfe 0, backward nfe 0, Train: 0.9643, Val: 0.8948, Test: 0.8941, Best time: 3.5824
After OOD adjustment: Training instances of last class: 0
After OOD adjustment: Testing instances of last class: 267
Epoch: 052, Runtime 0.352360, Loss 0.316787, forward nfe 0, backward nfe 0, Train: 0.9643, Val: 0.8955, Test: 0.8944, Best time: 3.5824
After OOD adjustment: Training instances of last class: 0
After OOD adjustment: Testing instances of last class: 267
Epoch: 053, Runtime 0.241232, Loss 0.310265, forward nfe 0, backward nfe 0, Train: 0.9643, Val: 0.8955, Test: 0.8944, Best time: 3.5824
After OOD adjustment: Training instances of last class: 0
After OOD adjustment: Testing instances of last class: 267
Epoch: 054, Runtime 0.241835, Loss 0.303946, forward nfe 0, backward nfe 0, Train: 0.9643, Val: 0.8955, Test: 0.8944, Best time: 3.5824
After OOD adjustment: Training instances of last class: 0
After OOD adjustment: Testing instances of last class: 267
Epoch: 055, Runtime 0.242181, Loss 0.297862, forward nfe 0, backward nfe 0, Train: 0.9643, Val: 0.8955, Test: 0.8944, Best time: 3.5824
After OOD adjustment: Training instances of last class: 0
After OOD adjustment: Testing instances of last class: 267
Epoch: 056, Runtime 0.354509, Loss 0.291986, forward nfe 0, backward nfe 0, Train: 0.9643, Val: 0.8963, Test: 0.8958, Best time: 3.5824
After OOD adjustment: Training instances of last class: 0
After OOD adjustment: Testing instances of last class: 267
Epoch: 057, Runtime 0.237885, Loss 0.286255, forward nfe 0, backward nfe 0, Train: 0.9643, Val: 0.8963, Test: 0.8958, Best time: 3.5824
After OOD adjustment: Training instances of last class: 0
After OOD adjustment: Testing instances of last class: 267
Epoch: 058, Runtime 0.236929, Loss 0.280681, forward nfe 0, backward nfe 0, Train: 0.9643, Val: 0.8963, Test: 0.8958, Best time: 3.5824
After OOD adjustment: Training instances of last class: 0
After OOD adjustment: Testing instances of last class: 267
Epoch: 059, Runtime 0.351897, Loss 0.275311, forward nfe 0, backward nfe 0, Train: 0.9714, Val: 0.8985, Test: 0.8964, Best time: 3.5824
After OOD adjustment: Training instances of last class: 0
After OOD adjustment: Testing instances of last class: 267
Epoch: 060, Runtime 0.239576, Loss 0.270143, forward nfe 0, backward nfe 0, Train: 0.9714, Val: 0.8985, Test: 0.8964, Best time: 3.5824
After OOD adjustment: Training instances of last class: 0
After OOD adjustment: Testing instances of last class: 267
Epoch: 061, Runtime 0.239611, Loss 0.265134, forward nfe 0, backward nfe 0, Train: 0.9714, Val: 0.8985, Test: 0.8964, Best time: 3.5824
After OOD adjustment: Training instances of last class: 0
After OOD adjustment: Testing instances of last class: 267
Epoch: 062, Runtime 0.239482, Loss 0.260285, forward nfe 0, backward nfe 0, Train: 0.9714, Val: 0.8985, Test: 0.8964, Best time: 3.5824
After OOD adjustment: Training instances of last class: 0
After OOD adjustment: Testing instances of last class: 267
Epoch: 063, Runtime 0.238504, Loss 0.255617, forward nfe 0, backward nfe 0, Train: 0.9714, Val: 0.8985, Test: 0.8964, Best time: 3.5824
After OOD adjustment: Training instances of last class: 0
After OOD adjustment: Testing instances of last class: 267
Epoch: 064, Runtime 0.239454, Loss 0.251116, forward nfe 0, backward nfe 0, Train: 0.9714, Val: 0.8985, Test: 0.8964, Best time: 3.5824
After OOD adjustment: Training instances of last class: 0
After OOD adjustment: Testing instances of last class: 267
Epoch: 065, Runtime 0.238475, Loss 0.246747, forward nfe 0, backward nfe 0, Train: 0.9714, Val: 0.8985, Test: 0.8964, Best time: 3.5824
After OOD adjustment: Training instances of last class: 0
After OOD adjustment: Testing instances of last class: 267
Epoch: 066, Runtime 0.238834, Loss 0.242505, forward nfe 0, backward nfe 0, Train: 0.9714, Val: 0.8985, Test: 0.8964, Best time: 3.5824
After OOD adjustment: Training instances of last class: 0
After OOD adjustment: Testing instances of last class: 267
Epoch: 067, Runtime 0.237660, Loss 0.238399, forward nfe 0, backward nfe 0, Train: 0.9714, Val: 0.8985, Test: 0.8964, Best time: 3.5824
After OOD adjustment: Training instances of last class: 0
After OOD adjustment: Testing instances of last class: 267
Epoch: 068, Runtime 0.242051, Loss 0.234416, forward nfe 0, backward nfe 0, Train: 0.9714, Val: 0.8985, Test: 0.8964, Best time: 3.5824
After OOD adjustment: Training instances of last class: 0
After OOD adjustment: Testing instances of last class: 267
Epoch: 069, Runtime 0.238668, Loss 0.230535, forward nfe 0, backward nfe 0, Train: 0.9714, Val: 0.8985, Test: 0.8964, Best time: 3.5824
After OOD adjustment: Training instances of last class: 0
After OOD adjustment: Testing instances of last class: 267
Epoch: 070, Runtime 0.241174, Loss 0.226757, forward nfe 0, backward nfe 0, Train: 0.9714, Val: 0.8985, Test: 0.8964, Best time: 3.5824
After OOD adjustment: Training instances of last class: 0
After OOD adjustment: Testing instances of last class: 267
Epoch: 071, Runtime 0.239297, Loss 0.223094, forward nfe 0, backward nfe 0, Train: 0.9714, Val: 0.8985, Test: 0.8964, Best time: 3.5824
After OOD adjustment: Training instances of last class: 0
After OOD adjustment: Testing instances of last class: 267
Epoch: 072, Runtime 0.238229, Loss 0.219541, forward nfe 0, backward nfe 0, Train: 0.9714, Val: 0.8985, Test: 0.8964, Best time: 3.5824
After OOD adjustment: Training instances of last class: 0
After OOD adjustment: Testing instances of last class: 267
Epoch: 073, Runtime 0.237953, Loss 0.216085, forward nfe 0, backward nfe 0, Train: 0.9714, Val: 0.8985, Test: 0.8964, Best time: 3.5824
After OOD adjustment: Training instances of last class: 0
After OOD adjustment: Testing instances of last class: 267
Epoch: 074, Runtime 0.239697, Loss 0.212727, forward nfe 0, backward nfe 0, Train: 0.9714, Val: 0.8985, Test: 0.8964, Best time: 3.5824
After OOD adjustment: Training instances of last class: 0
After OOD adjustment: Testing instances of last class: 267
Epoch: 075, Runtime 0.238113, Loss 0.209470, forward nfe 0, backward nfe 0, Train: 0.9714, Val: 0.8985, Test: 0.8964, Best time: 3.5824
After OOD adjustment: Training instances of last class: 0
After OOD adjustment: Testing instances of last class: 267
Epoch: 076, Runtime 0.239498, Loss 0.206306, forward nfe 0, backward nfe 0, Train: 0.9714, Val: 0.8985, Test: 0.8964, Best time: 3.5824
After OOD adjustment: Training instances of last class: 0
After OOD adjustment: Testing instances of last class: 267
Epoch: 077, Runtime 0.239744, Loss 0.203222, forward nfe 0, backward nfe 0, Train: 0.9714, Val: 0.8985, Test: 0.8964, Best time: 3.5824
After OOD adjustment: Training instances of last class: 0
After OOD adjustment: Testing instances of last class: 267
Epoch: 078, Runtime 0.239394, Loss 0.200220, forward nfe 0, backward nfe 0, Train: 0.9714, Val: 0.8985, Test: 0.8964, Best time: 3.5824
After OOD adjustment: Training instances of last class: 0
After OOD adjustment: Testing instances of last class: 267
Epoch: 079, Runtime 0.239381, Loss 0.197300, forward nfe 0, backward nfe 0, Train: 0.9714, Val: 0.8985, Test: 0.8964, Best time: 3.5824
After OOD adjustment: Training instances of last class: 0
After OOD adjustment: Testing instances of last class: 267
Epoch: 080, Runtime 0.239559, Loss 0.194454, forward nfe 0, backward nfe 0, Train: 0.9714, Val: 0.8985, Test: 0.8964, Best time: 3.5824
After OOD adjustment: Training instances of last class: 0
After OOD adjustment: Testing instances of last class: 267
Epoch: 081, Runtime 0.348664, Loss 0.191677, forward nfe 0, backward nfe 0, Train: 0.9786, Val: 0.8993, Test: 0.8978, Best time: 3.5824
After OOD adjustment: Training instances of last class: 0
After OOD adjustment: Testing instances of last class: 267
Epoch: 082, Runtime 0.349279, Loss 0.188968, forward nfe 0, backward nfe 0, Train: 0.9857, Val: 0.9000, Test: 0.8976, Best time: 3.5824
After OOD adjustment: Training instances of last class: 0
After OOD adjustment: Testing instances of last class: 267
Epoch: 083, Runtime 0.239101, Loss 0.186329, forward nfe 0, backward nfe 0, Train: 0.9857, Val: 0.9000, Test: 0.8976, Best time: 3.5824
After OOD adjustment: Training instances of last class: 0
After OOD adjustment: Testing instances of last class: 267
Epoch: 084, Runtime 0.239071, Loss 0.183754, forward nfe 0, backward nfe 0, Train: 0.9857, Val: 0.9000, Test: 0.8976, Best time: 3.5824
After OOD adjustment: Training instances of last class: 0
After OOD adjustment: Testing instances of last class: 267
Epoch: 085, Runtime 0.239133, Loss 0.181241, forward nfe 0, backward nfe 0, Train: 0.9857, Val: 0.9000, Test: 0.8976, Best time: 3.5824
After OOD adjustment: Training instances of last class: 0
After OOD adjustment: Testing instances of last class: 267
Epoch: 086, Runtime 0.239641, Loss 0.178790, forward nfe 0, backward nfe 0, Train: 0.9857, Val: 0.9000, Test: 0.8976, Best time: 3.5824
After OOD adjustment: Training instances of last class: 0
After OOD adjustment: Testing instances of last class: 267
Epoch: 087, Runtime 0.236960, Loss 0.176399, forward nfe 0, backward nfe 0, Train: 0.9857, Val: 0.9000, Test: 0.8976, Best time: 3.5824
After OOD adjustment: Training instances of last class: 0
After OOD adjustment: Testing instances of last class: 267
Epoch: 088, Runtime 0.238465, Loss 0.174065, forward nfe 0, backward nfe 0, Train: 0.9857, Val: 0.9000, Test: 0.8976, Best time: 3.5824
After OOD adjustment: Training instances of last class: 0
After OOD adjustment: Testing instances of last class: 267
Epoch: 089, Runtime 0.238519, Loss 0.171784, forward nfe 0, backward nfe 0, Train: 0.9857, Val: 0.9000, Test: 0.8976, Best time: 3.5824
After OOD adjustment: Training instances of last class: 0
After OOD adjustment: Testing instances of last class: 267
Epoch: 090, Runtime 0.237592, Loss 0.169556, forward nfe 0, backward nfe 0, Train: 0.9857, Val: 0.9000, Test: 0.8976, Best time: 3.5824
After OOD adjustment: Training instances of last class: 0
After OOD adjustment: Testing instances of last class: 267
Epoch: 091, Runtime 0.239143, Loss 0.167379, forward nfe 0, backward nfe 0, Train: 0.9857, Val: 0.9000, Test: 0.8976, Best time: 3.5824
After OOD adjustment: Training instances of last class: 0
After OOD adjustment: Testing instances of last class: 267
Epoch: 092, Runtime 0.238827, Loss 0.165251, forward nfe 0, backward nfe 0, Train: 0.9857, Val: 0.9000, Test: 0.8976, Best time: 3.5824
After OOD adjustment: Training instances of last class: 0
After OOD adjustment: Testing instances of last class: 267
Epoch: 093, Runtime 0.241823, Loss 0.163169, forward nfe 0, backward nfe 0, Train: 0.9857, Val: 0.9000, Test: 0.8976, Best time: 3.5824
After OOD adjustment: Training instances of last class: 0
After OOD adjustment: Testing instances of last class: 267
Epoch: 094, Runtime 0.242419, Loss 0.161132, forward nfe 0, backward nfe 0, Train: 0.9857, Val: 0.9000, Test: 0.8976, Best time: 3.5824
After OOD adjustment: Training instances of last class: 0
After OOD adjustment: Testing instances of last class: 267
Epoch: 095, Runtime 0.248203, Loss 0.159139, forward nfe 0, backward nfe 0, Train: 0.9857, Val: 0.9000, Test: 0.8976, Best time: 3.5824
After OOD adjustment: Training instances of last class: 0
After OOD adjustment: Testing instances of last class: 267
Epoch: 096, Runtime 0.242012, Loss 0.157189, forward nfe 0, backward nfe 0, Train: 0.9857, Val: 0.9000, Test: 0.8976, Best time: 3.5824
After OOD adjustment: Training instances of last class: 0
After OOD adjustment: Testing instances of last class: 267
Epoch: 097, Runtime 0.240525, Loss 0.155279, forward nfe 0, backward nfe 0, Train: 0.9857, Val: 0.9000, Test: 0.8976, Best time: 3.5824
After OOD adjustment: Training instances of last class: 0
After OOD adjustment: Testing instances of last class: 267
Epoch: 098, Runtime 0.240295, Loss 0.153410, forward nfe 0, backward nfe 0, Train: 0.9857, Val: 0.9000, Test: 0.8976, Best time: 3.5824
After OOD adjustment: Training instances of last class: 0
After OOD adjustment: Testing instances of last class: 267
Epoch: 099, Runtime 0.239140, Loss 0.151580, forward nfe 0, backward nfe 0, Train: 0.9857, Val: 0.9000, Test: 0.8976, Best time: 3.5824
best val accuracy 0.900000 with test accuracy 0.897611 at epoch 82 and best time 3.582403
base_directory resutls_prob/OOD_Photo
new_name:  gnn_ODD
file_path 1 resutls_prob/OOD_Photo/gnn_ODD_prediction_probabilities_89.npz
file_path 2 resutls_prob/OOD_Photo/gnn_ODD_prediction_probabilities_89.npz
Entropy Threshold: inf Test accuracy: 0.8976114915650576
Entropy Threshold: 2 Test accuracy: 0.8976114915650576
Entropy Threshold: 1.6 Test accuracy: 0.9137363589121774
Entropy Threshold: 1.5 Test accuracy: 0.9222143111427554
Entropy Threshold: 1.4 Test accuracy: 0.9312305153126719
Entropy Threshold: 1.3 Test accuracy: 0.9389990557129367
Entropy Threshold: 1.2 Test accuracy: 0.9463796477495108
Entropy Threshold: 1.1 Test accuracy: 0.952693016588163
Entropy Threshold: 0.9 Test accuracy: 0.962212610972001
Entropy Threshold: 0.8 Test accuracy: 0.9668109668109668
Entropy Threshold: 0.7 Test accuracy: 0.9724173822534479
Entropy Threshold: 0.6 Test accuracy: 0.9783923941227312
Entropy Threshold: 0.5 Test accuracy: 0.9819179851469164
Entropy Threshold: 0.4 Test accuracy: 0.9858683525474154
Entropy Threshold: 0.3 Test accuracy: 0.9866131191432396
Entropy Threshold: 0.2 Test accuracy: 0.9894613583138173
Entropy Threshold: 0.1 Test accuracy: 0.9952153110047847
