[KeOps] Warning : cuda was detected, but driver API could not be initialized. Switching to cpu only.
Folder already exists: results/cora
experiment: 0
Dataset size (num_nodes): 2485, Intended development set size (num_development): 1500
Dataset size (num_nodes): 2485, Actual development set size (num_development): 1500
rations: train 140, val 1360, test 985
Before OOD adjustment: Total instances of last class: 131
Before OOD adjustment: Training instances of last class: 20
Before OOD adjustment: Testing instances of last class: 55
Before OOD adjustment: Val instances of last class: 56
total train + val+ test 131
After OOD adjustment: Training instances of last class: 0
After OOD adjustment: Testing instances of last class: 55
Total number of classes: 7
number of classes to train: 6
Dataset size (num_nodes): 2485, Intended development set size (num_development): 1500
Dataset size (num_nodes): 2485, Actual development set size (num_development): 1500
rations: train 140, val 1360, test 985
within set_train_val_test_split function!
Before OOD adjustment: Total instances of last class: 131
Before OOD adjustment: Training instances of last class: 20
Before OOD adjustment: Testing instances of last class: 58
Before OOD adjustment: Val instances of last class: 53
total train + val+ test 131
After OOD adjustment: Training instances of last class: 0
After OOD adjustment: Testing instances of last class: 58
BayesianGCN(
  (bayes_conv1): BayesianGCNConv(1433, 64)
  (bayes_conv3): BayesianGCNConv(64, 6)
)
bayes_conv1.mu_weight
torch.Size([64, 1433])
bayes_conv1.rho_weight
torch.Size([64, 1433])
bayes_conv1.mu_bias
torch.Size([64])
bayes_conv1.rho_bias
torch.Size([64])
bayes_conv3.mu_weight
torch.Size([6, 64])
bayes_conv3.rho_weight
torch.Size([6, 64])
bayes_conv3.mu_bias
torch.Size([6])
bayes_conv3.rho_bias
torch.Size([6])
After OOD adjustment: Training instances of last class: 0
After OOD adjustment: Testing instances of last class: 58
Epoch: 001, Runtime 0.041406, Loss 2.012177, forward nfe 0, backward nfe 0, Train: 0.1667, Val: 0.1176, Test: 0.1066, Best time: 18.2948
After OOD adjustment: Training instances of last class: 0
After OOD adjustment: Testing instances of last class: 58
Epoch: 002, Runtime 0.033858, Loss 1.978527, forward nfe 0, backward nfe 0, Train: 0.1667, Val: 0.1176, Test: 0.1066, Best time: 18.2948
After OOD adjustment: Training instances of last class: 0
After OOD adjustment: Testing instances of last class: 58
Epoch: 003, Runtime 0.028321, Loss 2.055023, forward nfe 0, backward nfe 0, Train: 0.1667, Val: 0.1176, Test: 0.1066, Best time: 18.2948
After OOD adjustment: Training instances of last class: 0
After OOD adjustment: Testing instances of last class: 58
Epoch: 004, Runtime 0.028214, Loss 1.895856, forward nfe 0, backward nfe 0, Train: 0.1667, Val: 0.1176, Test: 0.1066, Best time: 18.2948
After OOD adjustment: Training instances of last class: 0
After OOD adjustment: Testing instances of last class: 58
Epoch: 005, Runtime 0.027879, Loss 1.885574, forward nfe 0, backward nfe 0, Train: 0.1667, Val: 0.1176, Test: 0.1066, Best time: 18.2948
After OOD adjustment: Training instances of last class: 0
After OOD adjustment: Testing instances of last class: 58
Epoch: 006, Runtime 0.028003, Loss 1.893525, forward nfe 0, backward nfe 0, Train: 0.1667, Val: 0.1176, Test: 0.1066, Best time: 18.2948
After OOD adjustment: Training instances of last class: 0
After OOD adjustment: Testing instances of last class: 58
Epoch: 007, Runtime 0.029824, Loss 1.887576, forward nfe 0, backward nfe 0, Train: 0.1667, Val: 0.1176, Test: 0.1066, Best time: 18.2948
After OOD adjustment: Training instances of last class: 0
After OOD adjustment: Testing instances of last class: 58
Epoch: 008, Runtime 0.179125, Loss 1.839176, forward nfe 0, backward nfe 0, Train: 0.1750, Val: 0.1206, Test: 0.1096, Best time: 18.2948
After OOD adjustment: Training instances of last class: 0
After OOD adjustment: Testing instances of last class: 58
Epoch: 009, Runtime 0.165750, Loss 1.901598, forward nfe 0, backward nfe 0, Train: 0.1833, Val: 0.1375, Test: 0.1168, Best time: 18.2948
After OOD adjustment: Training instances of last class: 0
After OOD adjustment: Testing instances of last class: 58
Epoch: 010, Runtime 0.159472, Loss 1.724477, forward nfe 0, backward nfe 0, Train: 0.2667, Val: 0.2434, Test: 0.2152, Best time: 18.2948
After OOD adjustment: Training instances of last class: 0
After OOD adjustment: Testing instances of last class: 58
Epoch: 011, Runtime 0.031967, Loss 1.797253, forward nfe 0, backward nfe 0, Train: 0.2667, Val: 0.2434, Test: 0.2152, Best time: 18.2948
After OOD adjustment: Training instances of last class: 0
After OOD adjustment: Testing instances of last class: 58
Epoch: 012, Runtime 0.031450, Loss 1.778644, forward nfe 0, backward nfe 0, Train: 0.2667, Val: 0.2434, Test: 0.2152, Best time: 18.2948
After OOD adjustment: Training instances of last class: 0
After OOD adjustment: Testing instances of last class: 58
Epoch: 013, Runtime 0.030730, Loss 1.765137, forward nfe 0, backward nfe 0, Train: 0.2667, Val: 0.2434, Test: 0.2152, Best time: 18.2948
After OOD adjustment: Training instances of last class: 0
After OOD adjustment: Testing instances of last class: 58
Epoch: 014, Runtime 0.168644, Loss 1.724068, forward nfe 0, backward nfe 0, Train: 0.3167, Val: 0.3169, Test: 0.2690, Best time: 18.2948
After OOD adjustment: Training instances of last class: 0
After OOD adjustment: Testing instances of last class: 58
Epoch: 015, Runtime 0.031921, Loss 1.682299, forward nfe 0, backward nfe 0, Train: 0.3167, Val: 0.3169, Test: 0.2690, Best time: 18.2948
After OOD adjustment: Training instances of last class: 0
After OOD adjustment: Testing instances of last class: 58
Epoch: 016, Runtime 0.030618, Loss 1.693989, forward nfe 0, backward nfe 0, Train: 0.3167, Val: 0.3169, Test: 0.2690, Best time: 18.2948
After OOD adjustment: Training instances of last class: 0
After OOD adjustment: Testing instances of last class: 58
Epoch: 017, Runtime 0.164412, Loss 1.708305, forward nfe 0, backward nfe 0, Train: 0.4167, Val: 0.3206, Test: 0.3320, Best time: 18.2948
After OOD adjustment: Training instances of last class: 0
After OOD adjustment: Testing instances of last class: 58
Epoch: 018, Runtime 0.030506, Loss 1.671336, forward nfe 0, backward nfe 0, Train: 0.4167, Val: 0.3206, Test: 0.3320, Best time: 18.2948
After OOD adjustment: Training instances of last class: 0
After OOD adjustment: Testing instances of last class: 58
Epoch: 019, Runtime 0.030228, Loss 1.660668, forward nfe 0, backward nfe 0, Train: 0.4167, Val: 0.3206, Test: 0.3320, Best time: 18.2948
After OOD adjustment: Training instances of last class: 0
After OOD adjustment: Testing instances of last class: 58
Epoch: 020, Runtime 0.031764, Loss 1.636478, forward nfe 0, backward nfe 0, Train: 0.4167, Val: 0.3206, Test: 0.3320, Best time: 18.2948
After OOD adjustment: Training instances of last class: 0
After OOD adjustment: Testing instances of last class: 58
Epoch: 021, Runtime 0.031392, Loss 1.626310, forward nfe 0, backward nfe 0, Train: 0.4167, Val: 0.3206, Test: 0.3320, Best time: 18.2948
After OOD adjustment: Training instances of last class: 0
After OOD adjustment: Testing instances of last class: 58
Epoch: 022, Runtime 0.168148, Loss 1.661502, forward nfe 0, backward nfe 0, Train: 0.3250, Val: 0.3875, Test: 0.3391, Best time: 18.2948
After OOD adjustment: Training instances of last class: 0
After OOD adjustment: Testing instances of last class: 58
Epoch: 023, Runtime 0.032256, Loss 1.632295, forward nfe 0, backward nfe 0, Train: 0.3250, Val: 0.3875, Test: 0.3391, Best time: 18.2948
After OOD adjustment: Training instances of last class: 0
After OOD adjustment: Testing instances of last class: 58
Epoch: 024, Runtime 0.031864, Loss 1.675229, forward nfe 0, backward nfe 0, Train: 0.3250, Val: 0.3875, Test: 0.3391, Best time: 18.2948
After OOD adjustment: Training instances of last class: 0
After OOD adjustment: Testing instances of last class: 58
Epoch: 025, Runtime 0.169198, Loss 1.624110, forward nfe 0, backward nfe 0, Train: 0.6917, Val: 0.4051, Test: 0.4244, Best time: 18.2948
After OOD adjustment: Training instances of last class: 0
After OOD adjustment: Testing instances of last class: 58
Epoch: 026, Runtime 0.031596, Loss 1.590879, forward nfe 0, backward nfe 0, Train: 0.6917, Val: 0.4051, Test: 0.4244, Best time: 18.2948
After OOD adjustment: Training instances of last class: 0
After OOD adjustment: Testing instances of last class: 58
Epoch: 027, Runtime 0.032027, Loss 1.589488, forward nfe 0, backward nfe 0, Train: 0.6917, Val: 0.4051, Test: 0.4244, Best time: 18.2948
After OOD adjustment: Training instances of last class: 0
After OOD adjustment: Testing instances of last class: 58
Epoch: 028, Runtime 0.168365, Loss 1.586203, forward nfe 0, backward nfe 0, Train: 0.7000, Val: 0.5287, Test: 0.5036, Best time: 18.2948
After OOD adjustment: Training instances of last class: 0
After OOD adjustment: Testing instances of last class: 58
Epoch: 029, Runtime 0.032404, Loss 1.551506, forward nfe 0, backward nfe 0, Train: 0.7000, Val: 0.5287, Test: 0.5036, Best time: 18.2948
After OOD adjustment: Training instances of last class: 0
After OOD adjustment: Testing instances of last class: 58
Epoch: 030, Runtime 0.158985, Loss 1.587183, forward nfe 0, backward nfe 0, Train: 0.7083, Val: 0.5434, Test: 0.5168, Best time: 18.2948
After OOD adjustment: Training instances of last class: 0
After OOD adjustment: Testing instances of last class: 58
Epoch: 031, Runtime 0.031716, Loss 1.534999, forward nfe 0, backward nfe 0, Train: 0.7083, Val: 0.5434, Test: 0.5168, Best time: 18.2948
After OOD adjustment: Training instances of last class: 0
After OOD adjustment: Testing instances of last class: 58
Epoch: 032, Runtime 0.030498, Loss 1.536266, forward nfe 0, backward nfe 0, Train: 0.7083, Val: 0.5434, Test: 0.5168, Best time: 18.2948
After OOD adjustment: Training instances of last class: 0
After OOD adjustment: Testing instances of last class: 58
Epoch: 033, Runtime 0.029748, Loss 1.552323, forward nfe 0, backward nfe 0, Train: 0.7083, Val: 0.5434, Test: 0.5168, Best time: 18.2948
After OOD adjustment: Training instances of last class: 0
After OOD adjustment: Testing instances of last class: 58
Epoch: 034, Runtime 0.030251, Loss 1.503279, forward nfe 0, backward nfe 0, Train: 0.7083, Val: 0.5434, Test: 0.5168, Best time: 18.2948
After OOD adjustment: Training instances of last class: 0
After OOD adjustment: Testing instances of last class: 58
Epoch: 035, Runtime 0.030692, Loss 1.529415, forward nfe 0, backward nfe 0, Train: 0.7083, Val: 0.5434, Test: 0.5168, Best time: 18.2948
After OOD adjustment: Training instances of last class: 0
After OOD adjustment: Testing instances of last class: 58
Epoch: 036, Runtime 0.030594, Loss 1.546502, forward nfe 0, backward nfe 0, Train: 0.7083, Val: 0.5434, Test: 0.5168, Best time: 18.2948
After OOD adjustment: Training instances of last class: 0
After OOD adjustment: Testing instances of last class: 58
Epoch: 037, Runtime 0.031187, Loss 1.519323, forward nfe 0, backward nfe 0, Train: 0.7083, Val: 0.5434, Test: 0.5168, Best time: 18.2948
After OOD adjustment: Training instances of last class: 0
After OOD adjustment: Testing instances of last class: 58
Epoch: 038, Runtime 0.159931, Loss 1.454975, forward nfe 0, backward nfe 0, Train: 0.8583, Val: 0.5566, Test: 0.5563, Best time: 18.2948
After OOD adjustment: Training instances of last class: 0
After OOD adjustment: Testing instances of last class: 58
Epoch: 039, Runtime 0.031682, Loss 1.480939, forward nfe 0, backward nfe 0, Train: 0.8583, Val: 0.5566, Test: 0.5563, Best time: 18.2948
After OOD adjustment: Training instances of last class: 0
After OOD adjustment: Testing instances of last class: 58
Epoch: 040, Runtime 0.031312, Loss 1.437986, forward nfe 0, backward nfe 0, Train: 0.8583, Val: 0.5566, Test: 0.5563, Best time: 18.2948
After OOD adjustment: Training instances of last class: 0
After OOD adjustment: Testing instances of last class: 58
Epoch: 041, Runtime 0.168271, Loss 1.460886, forward nfe 0, backward nfe 0, Train: 0.8583, Val: 0.5588, Test: 0.5746, Best time: 18.2948
After OOD adjustment: Training instances of last class: 0
After OOD adjustment: Testing instances of last class: 58
Epoch: 042, Runtime 0.031906, Loss 1.426515, forward nfe 0, backward nfe 0, Train: 0.8583, Val: 0.5588, Test: 0.5746, Best time: 18.2948
After OOD adjustment: Training instances of last class: 0
After OOD adjustment: Testing instances of last class: 58
Epoch: 043, Runtime 0.030702, Loss 1.444425, forward nfe 0, backward nfe 0, Train: 0.8583, Val: 0.5588, Test: 0.5746, Best time: 18.2948
After OOD adjustment: Training instances of last class: 0
After OOD adjustment: Testing instances of last class: 58
Epoch: 044, Runtime 0.030388, Loss 1.419557, forward nfe 0, backward nfe 0, Train: 0.8583, Val: 0.5588, Test: 0.5746, Best time: 18.2948
After OOD adjustment: Training instances of last class: 0
After OOD adjustment: Testing instances of last class: 58
Epoch: 045, Runtime 0.028710, Loss 1.403390, forward nfe 0, backward nfe 0, Train: 0.8583, Val: 0.5588, Test: 0.5746, Best time: 18.2948
After OOD adjustment: Training instances of last class: 0
After OOD adjustment: Testing instances of last class: 58
Epoch: 046, Runtime 0.028654, Loss 1.403116, forward nfe 0, backward nfe 0, Train: 0.8583, Val: 0.5588, Test: 0.5746, Best time: 18.2948
After OOD adjustment: Training instances of last class: 0
After OOD adjustment: Testing instances of last class: 58
Epoch: 047, Runtime 0.028547, Loss 1.343569, forward nfe 0, backward nfe 0, Train: 0.8583, Val: 0.5588, Test: 0.5746, Best time: 18.2948
After OOD adjustment: Training instances of last class: 0
After OOD adjustment: Testing instances of last class: 58
Epoch: 048, Runtime 0.029721, Loss 1.384248, forward nfe 0, backward nfe 0, Train: 0.8583, Val: 0.5588, Test: 0.5746, Best time: 18.2948
After OOD adjustment: Training instances of last class: 0
After OOD adjustment: Testing instances of last class: 58
Epoch: 049, Runtime 0.028737, Loss 1.362990, forward nfe 0, backward nfe 0, Train: 0.8583, Val: 0.5588, Test: 0.5746, Best time: 18.2948
After OOD adjustment: Training instances of last class: 0
After OOD adjustment: Testing instances of last class: 58
Epoch: 050, Runtime 0.028365, Loss 1.373313, forward nfe 0, backward nfe 0, Train: 0.8583, Val: 0.5588, Test: 0.5746, Best time: 18.2948
After OOD adjustment: Training instances of last class: 0
After OOD adjustment: Testing instances of last class: 58
Epoch: 051, Runtime 0.028061, Loss 1.340359, forward nfe 0, backward nfe 0, Train: 0.8583, Val: 0.5588, Test: 0.5746, Best time: 18.2948
After OOD adjustment: Training instances of last class: 0
After OOD adjustment: Testing instances of last class: 58
Epoch: 052, Runtime 0.027940, Loss 1.309205, forward nfe 0, backward nfe 0, Train: 0.8583, Val: 0.5588, Test: 0.5746, Best time: 18.2948
After OOD adjustment: Training instances of last class: 0
After OOD adjustment: Testing instances of last class: 58
Epoch: 053, Runtime 0.029828, Loss 1.307672, forward nfe 0, backward nfe 0, Train: 0.8583, Val: 0.5588, Test: 0.5746, Best time: 18.2948
After OOD adjustment: Training instances of last class: 0
After OOD adjustment: Testing instances of last class: 58
Epoch: 054, Runtime 0.030702, Loss 1.270090, forward nfe 0, backward nfe 0, Train: 0.8583, Val: 0.5588, Test: 0.5746, Best time: 18.2948
After OOD adjustment: Training instances of last class: 0
After OOD adjustment: Testing instances of last class: 58
Epoch: 055, Runtime 0.164854, Loss 1.232632, forward nfe 0, backward nfe 0, Train: 0.9250, Val: 0.7346, Test: 0.7228, Best time: 18.2948
After OOD adjustment: Training instances of last class: 0
After OOD adjustment: Testing instances of last class: 58
Epoch: 056, Runtime 0.165397, Loss 1.249664, forward nfe 0, backward nfe 0, Train: 0.9417, Val: 0.7515, Test: 0.7462, Best time: 18.2948
After OOD adjustment: Training instances of last class: 0
After OOD adjustment: Testing instances of last class: 58
Epoch: 057, Runtime 0.030969, Loss 1.270598, forward nfe 0, backward nfe 0, Train: 0.9417, Val: 0.7515, Test: 0.7462, Best time: 18.2948
After OOD adjustment: Training instances of last class: 0
After OOD adjustment: Testing instances of last class: 58
Epoch: 058, Runtime 0.028584, Loss 1.273172, forward nfe 0, backward nfe 0, Train: 0.9417, Val: 0.7515, Test: 0.7462, Best time: 18.2948
After OOD adjustment: Training instances of last class: 0
After OOD adjustment: Testing instances of last class: 58
Epoch: 059, Runtime 0.028825, Loss 1.213301, forward nfe 0, backward nfe 0, Train: 0.9417, Val: 0.7515, Test: 0.7462, Best time: 18.2948
After OOD adjustment: Training instances of last class: 0
After OOD adjustment: Testing instances of last class: 58
Epoch: 060, Runtime 0.030647, Loss 1.260530, forward nfe 0, backward nfe 0, Train: 0.9417, Val: 0.7515, Test: 0.7462, Best time: 18.2948
After OOD adjustment: Training instances of last class: 0
After OOD adjustment: Testing instances of last class: 58
Epoch: 061, Runtime 0.030397, Loss 1.210199, forward nfe 0, backward nfe 0, Train: 0.9417, Val: 0.7515, Test: 0.7462, Best time: 18.2948
After OOD adjustment: Training instances of last class: 0
After OOD adjustment: Testing instances of last class: 58
Epoch: 062, Runtime 0.031110, Loss 1.227302, forward nfe 0, backward nfe 0, Train: 0.9417, Val: 0.7515, Test: 0.7462, Best time: 18.2948
After OOD adjustment: Training instances of last class: 0
After OOD adjustment: Testing instances of last class: 58
Epoch: 063, Runtime 0.030768, Loss 1.182772, forward nfe 0, backward nfe 0, Train: 0.9417, Val: 0.7515, Test: 0.7462, Best time: 18.2948
After OOD adjustment: Training instances of last class: 0
After OOD adjustment: Testing instances of last class: 58
Epoch: 064, Runtime 0.030498, Loss 1.195854, forward nfe 0, backward nfe 0, Train: 0.9417, Val: 0.7515, Test: 0.7462, Best time: 18.2948
After OOD adjustment: Training instances of last class: 0
After OOD adjustment: Testing instances of last class: 58
Epoch: 065, Runtime 0.030527, Loss 1.145262, forward nfe 0, backward nfe 0, Train: 0.9417, Val: 0.7515, Test: 0.7462, Best time: 18.2948
After OOD adjustment: Training instances of last class: 0
After OOD adjustment: Testing instances of last class: 58
Epoch: 066, Runtime 0.031327, Loss 1.167592, forward nfe 0, backward nfe 0, Train: 0.9417, Val: 0.7515, Test: 0.7462, Best time: 18.2948
After OOD adjustment: Training instances of last class: 0
After OOD adjustment: Testing instances of last class: 58
Epoch: 067, Runtime 0.031067, Loss 1.166287, forward nfe 0, backward nfe 0, Train: 0.9417, Val: 0.7515, Test: 0.7462, Best time: 18.2948
After OOD adjustment: Training instances of last class: 0
After OOD adjustment: Testing instances of last class: 58
Epoch: 068, Runtime 0.029881, Loss 1.142974, forward nfe 0, backward nfe 0, Train: 0.9417, Val: 0.7515, Test: 0.7462, Best time: 18.2948
After OOD adjustment: Training instances of last class: 0
After OOD adjustment: Testing instances of last class: 58
Epoch: 069, Runtime 0.028563, Loss 1.122292, forward nfe 0, backward nfe 0, Train: 0.9417, Val: 0.7515, Test: 0.7462, Best time: 18.2948
After OOD adjustment: Training instances of last class: 0
After OOD adjustment: Testing instances of last class: 58
Epoch: 070, Runtime 0.028298, Loss 1.147529, forward nfe 0, backward nfe 0, Train: 0.9417, Val: 0.7515, Test: 0.7462, Best time: 18.2948
After OOD adjustment: Training instances of last class: 0
After OOD adjustment: Testing instances of last class: 58
Epoch: 071, Runtime 0.028278, Loss 1.084940, forward nfe 0, backward nfe 0, Train: 0.9417, Val: 0.7515, Test: 0.7462, Best time: 18.2948
After OOD adjustment: Training instances of last class: 0
After OOD adjustment: Testing instances of last class: 58
Epoch: 072, Runtime 0.030062, Loss 1.083456, forward nfe 0, backward nfe 0, Train: 0.9417, Val: 0.7515, Test: 0.7462, Best time: 18.2948
After OOD adjustment: Training instances of last class: 0
After OOD adjustment: Testing instances of last class: 58
Epoch: 073, Runtime 0.031017, Loss 1.047930, forward nfe 0, backward nfe 0, Train: 0.9417, Val: 0.7515, Test: 0.7462, Best time: 18.2948
After OOD adjustment: Training instances of last class: 0
After OOD adjustment: Testing instances of last class: 58
Epoch: 074, Runtime 0.031429, Loss 1.016932, forward nfe 0, backward nfe 0, Train: 0.9417, Val: 0.7515, Test: 0.7462, Best time: 18.2948
After OOD adjustment: Training instances of last class: 0
After OOD adjustment: Testing instances of last class: 58
Epoch: 075, Runtime 0.031365, Loss 1.002427, forward nfe 0, backward nfe 0, Train: 0.9417, Val: 0.7515, Test: 0.7462, Best time: 18.2948
After OOD adjustment: Training instances of last class: 0
After OOD adjustment: Testing instances of last class: 58
Epoch: 076, Runtime 0.031936, Loss 1.060589, forward nfe 0, backward nfe 0, Train: 0.9417, Val: 0.7515, Test: 0.7462, Best time: 18.2948
After OOD adjustment: Training instances of last class: 0
After OOD adjustment: Testing instances of last class: 58
Epoch: 077, Runtime 0.031823, Loss 1.001203, forward nfe 0, backward nfe 0, Train: 0.9417, Val: 0.7515, Test: 0.7462, Best time: 18.2948
After OOD adjustment: Training instances of last class: 0
After OOD adjustment: Testing instances of last class: 58
Epoch: 078, Runtime 0.158702, Loss 0.969521, forward nfe 0, backward nfe 0, Train: 0.9500, Val: 0.7735, Test: 0.7675, Best time: 18.2948
After OOD adjustment: Training instances of last class: 0
After OOD adjustment: Testing instances of last class: 58
Epoch: 079, Runtime 0.031839, Loss 1.007718, forward nfe 0, backward nfe 0, Train: 0.9500, Val: 0.7735, Test: 0.7675, Best time: 18.2948
After OOD adjustment: Training instances of last class: 0
After OOD adjustment: Testing instances of last class: 58
Epoch: 080, Runtime 0.030672, Loss 0.959105, forward nfe 0, backward nfe 0, Train: 0.9500, Val: 0.7735, Test: 0.7675, Best time: 18.2948
After OOD adjustment: Training instances of last class: 0
After OOD adjustment: Testing instances of last class: 58
Epoch: 081, Runtime 0.030633, Loss 0.992106, forward nfe 0, backward nfe 0, Train: 0.9500, Val: 0.7735, Test: 0.7675, Best time: 18.2948
After OOD adjustment: Training instances of last class: 0
After OOD adjustment: Testing instances of last class: 58
Epoch: 082, Runtime 0.030747, Loss 0.954367, forward nfe 0, backward nfe 0, Train: 0.9500, Val: 0.7735, Test: 0.7675, Best time: 18.2948
After OOD adjustment: Training instances of last class: 0
After OOD adjustment: Testing instances of last class: 58
Epoch: 083, Runtime 0.030438, Loss 0.926295, forward nfe 0, backward nfe 0, Train: 0.9500, Val: 0.7735, Test: 0.7675, Best time: 18.2948
After OOD adjustment: Training instances of last class: 0
After OOD adjustment: Testing instances of last class: 58
Epoch: 084, Runtime 0.030442, Loss 0.946088, forward nfe 0, backward nfe 0, Train: 0.9500, Val: 0.7735, Test: 0.7675, Best time: 18.2948
After OOD adjustment: Training instances of last class: 0
After OOD adjustment: Testing instances of last class: 58
Epoch: 085, Runtime 0.030563, Loss 0.984692, forward nfe 0, backward nfe 0, Train: 0.9500, Val: 0.7735, Test: 0.7675, Best time: 18.2948
After OOD adjustment: Training instances of last class: 0
After OOD adjustment: Testing instances of last class: 58
Epoch: 086, Runtime 0.030414, Loss 0.893097, forward nfe 0, backward nfe 0, Train: 0.9500, Val: 0.7735, Test: 0.7675, Best time: 18.2948
After OOD adjustment: Training instances of last class: 0
After OOD adjustment: Testing instances of last class: 58
Epoch: 087, Runtime 0.030418, Loss 0.864875, forward nfe 0, backward nfe 0, Train: 0.9500, Val: 0.7735, Test: 0.7675, Best time: 18.2948
After OOD adjustment: Training instances of last class: 0
After OOD adjustment: Testing instances of last class: 58
Epoch: 088, Runtime 0.030713, Loss 0.852361, forward nfe 0, backward nfe 0, Train: 0.9500, Val: 0.7735, Test: 0.7675, Best time: 18.2948
After OOD adjustment: Training instances of last class: 0
After OOD adjustment: Testing instances of last class: 58
Epoch: 089, Runtime 0.030771, Loss 0.885306, forward nfe 0, backward nfe 0, Train: 0.9500, Val: 0.7735, Test: 0.7675, Best time: 18.2948
After OOD adjustment: Training instances of last class: 0
After OOD adjustment: Testing instances of last class: 58
Epoch: 090, Runtime 0.030615, Loss 0.889795, forward nfe 0, backward nfe 0, Train: 0.9500, Val: 0.7735, Test: 0.7675, Best time: 18.2948
After OOD adjustment: Training instances of last class: 0
After OOD adjustment: Testing instances of last class: 58
Epoch: 091, Runtime 0.031497, Loss 0.865694, forward nfe 0, backward nfe 0, Train: 0.9500, Val: 0.7735, Test: 0.7675, Best time: 18.2948
After OOD adjustment: Training instances of last class: 0
After OOD adjustment: Testing instances of last class: 58
Epoch: 092, Runtime 0.030784, Loss 0.840359, forward nfe 0, backward nfe 0, Train: 0.9500, Val: 0.7735, Test: 0.7675, Best time: 18.2948
After OOD adjustment: Training instances of last class: 0
After OOD adjustment: Testing instances of last class: 58
Epoch: 093, Runtime 0.030170, Loss 0.770580, forward nfe 0, backward nfe 0, Train: 0.9500, Val: 0.7735, Test: 0.7675, Best time: 18.2948
After OOD adjustment: Training instances of last class: 0
After OOD adjustment: Testing instances of last class: 58
Epoch: 094, Runtime 0.030070, Loss 0.764739, forward nfe 0, backward nfe 0, Train: 0.9500, Val: 0.7735, Test: 0.7675, Best time: 18.2948
After OOD adjustment: Training instances of last class: 0
After OOD adjustment: Testing instances of last class: 58
Epoch: 095, Runtime 0.030463, Loss 0.793188, forward nfe 0, backward nfe 0, Train: 0.9500, Val: 0.7735, Test: 0.7675, Best time: 18.2948
After OOD adjustment: Training instances of last class: 0
After OOD adjustment: Testing instances of last class: 58
Epoch: 096, Runtime 0.030639, Loss 0.756725, forward nfe 0, backward nfe 0, Train: 0.9500, Val: 0.7735, Test: 0.7675, Best time: 18.2948
After OOD adjustment: Training instances of last class: 0
After OOD adjustment: Testing instances of last class: 58
Epoch: 097, Runtime 0.030833, Loss 0.723755, forward nfe 0, backward nfe 0, Train: 0.9500, Val: 0.7735, Test: 0.7675, Best time: 18.2948
After OOD adjustment: Training instances of last class: 0
After OOD adjustment: Testing instances of last class: 58
Epoch: 098, Runtime 0.030777, Loss 0.759109, forward nfe 0, backward nfe 0, Train: 0.9500, Val: 0.7735, Test: 0.7675, Best time: 18.2948
After OOD adjustment: Training instances of last class: 0
After OOD adjustment: Testing instances of last class: 58
Epoch: 099, Runtime 0.030270, Loss 0.759561, forward nfe 0, backward nfe 0, Train: 0.9500, Val: 0.7735, Test: 0.7675, Best time: 18.2948
best val accuracy 0.773529 with test accuracy 0.767513 at epoch 78 and best time 18.294754
base_directory resutls_prob/OOD_Cora
new_name:  bgcn_ODD
file_path 1 resutls_prob/OOD_Cora/bgcn_ODD_prediction_probabilities_80.npz
file_path 2 resutls_prob/OOD_Cora/bgcn_ODD_prediction_probabilities_80.npz
Entropy Threshold: inf Test accuracy: 0.7411167512690355
Entropy Threshold: 2 Test accuracy: 0.7624365482233503
Entropy Threshold: 1.6 Test accuracy: 0.9739130434782609
Entropy Threshold: 1.5 Test accuracy: 1.0
Entropy Threshold: 1.4 Test accuracy: 1.0
Entropy Threshold: 1.3 Test accuracy: 1.0
Entropy Threshold: 1.2 Test accuracy: 1.0
Entropy Threshold: 1.1 Test accuracy: 1.0
Entropy Threshold: 0.9 Test accuracy: None
Entropy Threshold: 0.8 Test accuracy: None
Entropy Threshold: 0.7 Test accuracy: None
Entropy Threshold: 0.6 Test accuracy: None
Entropy Threshold: 0.5 Test accuracy: None
Entropy Threshold: 0.4 Test accuracy: None
Entropy Threshold: 0.3 Test accuracy: None
Entropy Threshold: 0.2 Test accuracy: None
Entropy Threshold: 0.1 Test accuracy: None
