[KeOps] Warning : cuda was detected, but driver API could not be initialized. Switching to cpu only.
Folder already exists: results/photo
experiment: 0
Dataset size (num_nodes): 7487, Intended development set size (num_development): 1500
Dataset size (num_nodes): 7487, Actual development set size (num_development): 1500
rations: train 160, val 1340, test 5987
Before OOD adjustment: Total instances of last class: 331
Before OOD adjustment: Training instances of last class: 20
Before OOD adjustment: Testing instances of last class: 267
Before OOD adjustment: Val instances of last class: 44
total train + val+ test 331
After OOD adjustment: Training instances of last class: 0
After OOD adjustment: Testing instances of last class: 267
Total number of classes: 8
number of classes to train: 7
MyGCN2(
  (conv1): GCNConv(745, 64)
  (conv4): GCNConv(64, 7)
)
conv1.bias
torch.Size([64])
conv1.lin.weight
torch.Size([64, 745])
conv4.bias
torch.Size([7])
conv4.lin.weight
torch.Size([7, 64])
After OOD adjustment: Training instances of last class: 0
After OOD adjustment: Testing instances of last class: 267
Epoch: 001, Runtime 0.244624, Loss 2.063056, forward nfe 0, backward nfe 0, Train: 0.2429, Val: 0.2694, Test: 0.2460, Best time: 3.5824
After OOD adjustment: Training instances of last class: 0
After OOD adjustment: Testing instances of last class: 267
Epoch: 002, Runtime 0.230753, Loss 1.953278, forward nfe 0, backward nfe 0, Train: 0.2429, Val: 0.2694, Test: 0.2460, Best time: 3.5824
After OOD adjustment: Training instances of last class: 0
After OOD adjustment: Testing instances of last class: 267
Epoch: 003, Runtime 0.328192, Loss 1.867689, forward nfe 0, backward nfe 0, Train: 0.3714, Val: 0.2993, Test: 0.3017, Best time: 3.5824
After OOD adjustment: Training instances of last class: 0
After OOD adjustment: Testing instances of last class: 267
Epoch: 004, Runtime 0.318118, Loss 1.736952, forward nfe 0, backward nfe 0, Train: 0.4214, Val: 0.3955, Test: 0.4065, Best time: 3.5824
After OOD adjustment: Training instances of last class: 0
After OOD adjustment: Testing instances of last class: 267
Epoch: 005, Runtime 0.318452, Loss 1.622668, forward nfe 0, backward nfe 0, Train: 0.6429, Val: 0.4866, Test: 0.4825, Best time: 3.5824
After OOD adjustment: Training instances of last class: 0
After OOD adjustment: Testing instances of last class: 267
Epoch: 006, Runtime 0.317950, Loss 1.537623, forward nfe 0, backward nfe 0, Train: 0.7786, Val: 0.5858, Test: 0.5976, Best time: 3.5824
After OOD adjustment: Training instances of last class: 0
After OOD adjustment: Testing instances of last class: 267
Epoch: 007, Runtime 0.229830, Loss 1.457155, forward nfe 0, backward nfe 0, Train: 0.7786, Val: 0.5858, Test: 0.5976, Best time: 3.5824
After OOD adjustment: Training instances of last class: 0
After OOD adjustment: Testing instances of last class: 267
Epoch: 008, Runtime 0.228732, Loss 1.379901, forward nfe 0, backward nfe 0, Train: 0.7786, Val: 0.5858, Test: 0.5976, Best time: 3.5824
After OOD adjustment: Training instances of last class: 0
After OOD adjustment: Testing instances of last class: 267
Epoch: 009, Runtime 0.318449, Loss 1.309888, forward nfe 0, backward nfe 0, Train: 0.7857, Val: 0.6112, Test: 0.6272, Best time: 3.5824
After OOD adjustment: Training instances of last class: 0
After OOD adjustment: Testing instances of last class: 267
Epoch: 010, Runtime 0.318639, Loss 1.235301, forward nfe 0, backward nfe 0, Train: 0.8000, Val: 0.6522, Test: 0.6619, Best time: 3.5824
After OOD adjustment: Training instances of last class: 0
After OOD adjustment: Testing instances of last class: 267
Epoch: 011, Runtime 0.318666, Loss 1.166293, forward nfe 0, backward nfe 0, Train: 0.8571, Val: 0.7403, Test: 0.7343, Best time: 3.5824
After OOD adjustment: Training instances of last class: 0
After OOD adjustment: Testing instances of last class: 267
Epoch: 012, Runtime 0.319702, Loss 1.109274, forward nfe 0, backward nfe 0, Train: 0.9000, Val: 0.8284, Test: 0.8245, Best time: 3.5824
After OOD adjustment: Training instances of last class: 0
After OOD adjustment: Testing instances of last class: 267
Epoch: 013, Runtime 0.318583, Loss 1.054769, forward nfe 0, backward nfe 0, Train: 0.9071, Val: 0.8403, Test: 0.8366, Best time: 3.5824
After OOD adjustment: Training instances of last class: 0
After OOD adjustment: Testing instances of last class: 267
Epoch: 014, Runtime 0.230265, Loss 1.003065, forward nfe 0, backward nfe 0, Train: 0.9071, Val: 0.8403, Test: 0.8366, Best time: 3.5824
After OOD adjustment: Training instances of last class: 0
After OOD adjustment: Testing instances of last class: 267
Epoch: 015, Runtime 0.229807, Loss 0.957562, forward nfe 0, backward nfe 0, Train: 0.9071, Val: 0.8403, Test: 0.8366, Best time: 3.5824
After OOD adjustment: Training instances of last class: 0
After OOD adjustment: Testing instances of last class: 267
Epoch: 016, Runtime 0.228511, Loss 0.912113, forward nfe 0, backward nfe 0, Train: 0.9071, Val: 0.8403, Test: 0.8366, Best time: 3.5824
After OOD adjustment: Training instances of last class: 0
After OOD adjustment: Testing instances of last class: 267
Epoch: 017, Runtime 0.228897, Loss 0.866383, forward nfe 0, backward nfe 0, Train: 0.9071, Val: 0.8403, Test: 0.8366, Best time: 3.5824
After OOD adjustment: Training instances of last class: 0
After OOD adjustment: Testing instances of last class: 267
Epoch: 018, Runtime 0.228769, Loss 0.826473, forward nfe 0, backward nfe 0, Train: 0.9071, Val: 0.8403, Test: 0.8366, Best time: 3.5824
After OOD adjustment: Training instances of last class: 0
After OOD adjustment: Testing instances of last class: 267
Epoch: 019, Runtime 0.228950, Loss 0.792255, forward nfe 0, backward nfe 0, Train: 0.9071, Val: 0.8403, Test: 0.8366, Best time: 3.5824
After OOD adjustment: Training instances of last class: 0
After OOD adjustment: Testing instances of last class: 267
Epoch: 020, Runtime 0.228699, Loss 0.759777, forward nfe 0, backward nfe 0, Train: 0.9071, Val: 0.8403, Test: 0.8366, Best time: 3.5824
After OOD adjustment: Training instances of last class: 0
After OOD adjustment: Testing instances of last class: 267
Epoch: 021, Runtime 0.230181, Loss 0.728903, forward nfe 0, backward nfe 0, Train: 0.9071, Val: 0.8403, Test: 0.8366, Best time: 3.5824
After OOD adjustment: Training instances of last class: 0
After OOD adjustment: Testing instances of last class: 267
Epoch: 022, Runtime 0.228481, Loss 0.700340, forward nfe 0, backward nfe 0, Train: 0.9071, Val: 0.8403, Test: 0.8366, Best time: 3.5824
After OOD adjustment: Training instances of last class: 0
After OOD adjustment: Testing instances of last class: 267
Epoch: 023, Runtime 0.318315, Loss 0.672681, forward nfe 0, backward nfe 0, Train: 0.9571, Val: 0.8433, Test: 0.8408, Best time: 3.5824
After OOD adjustment: Training instances of last class: 0
After OOD adjustment: Testing instances of last class: 267
Epoch: 024, Runtime 0.317745, Loss 0.645651, forward nfe 0, backward nfe 0, Train: 0.9500, Val: 0.8522, Test: 0.8482, Best time: 3.5824
After OOD adjustment: Training instances of last class: 0
After OOD adjustment: Testing instances of last class: 267
Epoch: 025, Runtime 0.320092, Loss 0.621120, forward nfe 0, backward nfe 0, Train: 0.9500, Val: 0.8560, Test: 0.8545, Best time: 3.5824
After OOD adjustment: Training instances of last class: 0
After OOD adjustment: Testing instances of last class: 267
Epoch: 026, Runtime 0.318897, Loss 0.599672, forward nfe 0, backward nfe 0, Train: 0.9500, Val: 0.8582, Test: 0.8572, Best time: 3.5824
After OOD adjustment: Training instances of last class: 0
After OOD adjustment: Testing instances of last class: 267
Epoch: 027, Runtime 0.228810, Loss 0.579664, forward nfe 0, backward nfe 0, Train: 0.9500, Val: 0.8582, Test: 0.8572, Best time: 3.5824
After OOD adjustment: Training instances of last class: 0
After OOD adjustment: Testing instances of last class: 267
Epoch: 028, Runtime 0.228707, Loss 0.560162, forward nfe 0, backward nfe 0, Train: 0.9500, Val: 0.8582, Test: 0.8572, Best time: 3.5824
After OOD adjustment: Training instances of last class: 0
After OOD adjustment: Testing instances of last class: 267
Epoch: 029, Runtime 0.229972, Loss 0.541641, forward nfe 0, backward nfe 0, Train: 0.9500, Val: 0.8582, Test: 0.8572, Best time: 3.5824
After OOD adjustment: Training instances of last class: 0
After OOD adjustment: Testing instances of last class: 267
Epoch: 030, Runtime 0.229498, Loss 0.524091, forward nfe 0, backward nfe 0, Train: 0.9500, Val: 0.8582, Test: 0.8572, Best time: 3.5824
After OOD adjustment: Training instances of last class: 0
After OOD adjustment: Testing instances of last class: 267
Epoch: 031, Runtime 0.228495, Loss 0.507112, forward nfe 0, backward nfe 0, Train: 0.9500, Val: 0.8582, Test: 0.8572, Best time: 3.5824
After OOD adjustment: Training instances of last class: 0
After OOD adjustment: Testing instances of last class: 267
Epoch: 032, Runtime 0.229543, Loss 0.491045, forward nfe 0, backward nfe 0, Train: 0.9500, Val: 0.8582, Test: 0.8572, Best time: 3.5824
After OOD adjustment: Training instances of last class: 0
After OOD adjustment: Testing instances of last class: 267
Epoch: 033, Runtime 0.318025, Loss 0.476413, forward nfe 0, backward nfe 0, Train: 0.9571, Val: 0.8619, Test: 0.8577, Best time: 3.5824
After OOD adjustment: Training instances of last class: 0
After OOD adjustment: Testing instances of last class: 267
Epoch: 034, Runtime 0.318809, Loss 0.462897, forward nfe 0, backward nfe 0, Train: 0.9571, Val: 0.8739, Test: 0.8670, Best time: 3.5824
After OOD adjustment: Training instances of last class: 0
After OOD adjustment: Testing instances of last class: 267
Epoch: 035, Runtime 0.318668, Loss 0.449846, forward nfe 0, backward nfe 0, Train: 0.9714, Val: 0.8828, Test: 0.8796, Best time: 3.5824
After OOD adjustment: Training instances of last class: 0
After OOD adjustment: Testing instances of last class: 267
Epoch: 036, Runtime 0.318475, Loss 0.437211, forward nfe 0, backward nfe 0, Train: 0.9643, Val: 0.8843, Test: 0.8846, Best time: 3.5824
After OOD adjustment: Training instances of last class: 0
After OOD adjustment: Testing instances of last class: 267
Epoch: 037, Runtime 0.230033, Loss 0.425209, forward nfe 0, backward nfe 0, Train: 0.9643, Val: 0.8843, Test: 0.8846, Best time: 3.5824
After OOD adjustment: Training instances of last class: 0
After OOD adjustment: Testing instances of last class: 267
Epoch: 038, Runtime 0.317865, Loss 0.413732, forward nfe 0, backward nfe 0, Train: 0.9643, Val: 0.8866, Test: 0.8876, Best time: 3.5824
After OOD adjustment: Training instances of last class: 0
After OOD adjustment: Testing instances of last class: 267
Epoch: 039, Runtime 0.318388, Loss 0.402645, forward nfe 0, backward nfe 0, Train: 0.9643, Val: 0.8888, Test: 0.8896, Best time: 3.5824
After OOD adjustment: Training instances of last class: 0
After OOD adjustment: Testing instances of last class: 267
Epoch: 040, Runtime 0.320355, Loss 0.392106, forward nfe 0, backward nfe 0, Train: 0.9643, Val: 0.8896, Test: 0.8904, Best time: 3.5824
After OOD adjustment: Training instances of last class: 0
After OOD adjustment: Testing instances of last class: 267
Epoch: 041, Runtime 0.230462, Loss 0.382251, forward nfe 0, backward nfe 0, Train: 0.9643, Val: 0.8896, Test: 0.8904, Best time: 3.5824
After OOD adjustment: Training instances of last class: 0
After OOD adjustment: Testing instances of last class: 267
Epoch: 042, Runtime 0.233433, Loss 0.372897, forward nfe 0, backward nfe 0, Train: 0.9643, Val: 0.8896, Test: 0.8904, Best time: 3.5824
After OOD adjustment: Training instances of last class: 0
After OOD adjustment: Testing instances of last class: 267
Epoch: 043, Runtime 0.228559, Loss 0.363840, forward nfe 0, backward nfe 0, Train: 0.9643, Val: 0.8896, Test: 0.8904, Best time: 3.5824
After OOD adjustment: Training instances of last class: 0
After OOD adjustment: Testing instances of last class: 267
Epoch: 044, Runtime 0.228798, Loss 0.355119, forward nfe 0, backward nfe 0, Train: 0.9643, Val: 0.8896, Test: 0.8904, Best time: 3.5824
After OOD adjustment: Training instances of last class: 0
After OOD adjustment: Testing instances of last class: 267
Epoch: 045, Runtime 0.228580, Loss 0.346785, forward nfe 0, backward nfe 0, Train: 0.9643, Val: 0.8896, Test: 0.8904, Best time: 3.5824
After OOD adjustment: Training instances of last class: 0
After OOD adjustment: Testing instances of last class: 267
Epoch: 046, Runtime 0.228605, Loss 0.338747, forward nfe 0, backward nfe 0, Train: 0.9643, Val: 0.8896, Test: 0.8904, Best time: 3.5824
After OOD adjustment: Training instances of last class: 0
After OOD adjustment: Testing instances of last class: 267
Epoch: 047, Runtime 0.321095, Loss 0.330968, forward nfe 0, backward nfe 0, Train: 0.9643, Val: 0.8910, Test: 0.8926, Best time: 3.5824
After OOD adjustment: Training instances of last class: 0
After OOD adjustment: Testing instances of last class: 267
Epoch: 048, Runtime 0.230989, Loss 0.323542, forward nfe 0, backward nfe 0, Train: 0.9643, Val: 0.8910, Test: 0.8926, Best time: 3.5824
After OOD adjustment: Training instances of last class: 0
After OOD adjustment: Testing instances of last class: 267
Epoch: 049, Runtime 0.227738, Loss 0.316491, forward nfe 0, backward nfe 0, Train: 0.9643, Val: 0.8910, Test: 0.8926, Best time: 3.5824
After OOD adjustment: Training instances of last class: 0
After OOD adjustment: Testing instances of last class: 267
Epoch: 050, Runtime 0.317529, Loss 0.309709, forward nfe 0, backward nfe 0, Train: 0.9786, Val: 0.8918, Test: 0.8929, Best time: 3.5824
After OOD adjustment: Training instances of last class: 0
After OOD adjustment: Testing instances of last class: 267
Epoch: 051, Runtime 0.229553, Loss 0.303139, forward nfe 0, backward nfe 0, Train: 0.9786, Val: 0.8918, Test: 0.8929, Best time: 3.5824
After OOD adjustment: Training instances of last class: 0
After OOD adjustment: Testing instances of last class: 267
Epoch: 052, Runtime 0.228657, Loss 0.296819, forward nfe 0, backward nfe 0, Train: 0.9786, Val: 0.8918, Test: 0.8929, Best time: 3.5824
After OOD adjustment: Training instances of last class: 0
After OOD adjustment: Testing instances of last class: 267
Epoch: 053, Runtime 0.228872, Loss 0.290744, forward nfe 0, backward nfe 0, Train: 0.9786, Val: 0.8918, Test: 0.8929, Best time: 3.5824
After OOD adjustment: Training instances of last class: 0
After OOD adjustment: Testing instances of last class: 267
Epoch: 054, Runtime 0.227606, Loss 0.284854, forward nfe 0, backward nfe 0, Train: 0.9786, Val: 0.8918, Test: 0.8929, Best time: 3.5824
After OOD adjustment: Training instances of last class: 0
After OOD adjustment: Testing instances of last class: 267
Epoch: 055, Runtime 0.318647, Loss 0.279150, forward nfe 0, backward nfe 0, Train: 0.9786, Val: 0.8925, Test: 0.8931, Best time: 3.5824
After OOD adjustment: Training instances of last class: 0
After OOD adjustment: Testing instances of last class: 267
Epoch: 056, Runtime 0.228553, Loss 0.273674, forward nfe 0, backward nfe 0, Train: 0.9786, Val: 0.8925, Test: 0.8931, Best time: 3.5824
After OOD adjustment: Training instances of last class: 0
After OOD adjustment: Testing instances of last class: 267
Epoch: 057, Runtime 0.317533, Loss 0.268415, forward nfe 0, backward nfe 0, Train: 0.9786, Val: 0.8933, Test: 0.8939, Best time: 3.5824
After OOD adjustment: Training instances of last class: 0
After OOD adjustment: Testing instances of last class: 267
Epoch: 058, Runtime 0.229264, Loss 0.263330, forward nfe 0, backward nfe 0, Train: 0.9786, Val: 0.8933, Test: 0.8939, Best time: 3.5824
After OOD adjustment: Training instances of last class: 0
After OOD adjustment: Testing instances of last class: 267
Epoch: 059, Runtime 0.229846, Loss 0.258411, forward nfe 0, backward nfe 0, Train: 0.9786, Val: 0.8933, Test: 0.8939, Best time: 3.5824
After OOD adjustment: Training instances of last class: 0
After OOD adjustment: Testing instances of last class: 267
Epoch: 060, Runtime 0.229569, Loss 0.253670, forward nfe 0, backward nfe 0, Train: 0.9786, Val: 0.8933, Test: 0.8939, Best time: 3.5824
After OOD adjustment: Training instances of last class: 0
After OOD adjustment: Testing instances of last class: 267
Epoch: 061, Runtime 0.228681, Loss 0.249082, forward nfe 0, backward nfe 0, Train: 0.9786, Val: 0.8933, Test: 0.8939, Best time: 3.5824
After OOD adjustment: Training instances of last class: 0
After OOD adjustment: Testing instances of last class: 267
Epoch: 062, Runtime 0.318189, Loss 0.244620, forward nfe 0, backward nfe 0, Train: 0.9786, Val: 0.8963, Test: 0.8948, Best time: 3.5824
After OOD adjustment: Training instances of last class: 0
After OOD adjustment: Testing instances of last class: 267
Epoch: 063, Runtime 0.318666, Loss 0.240293, forward nfe 0, backward nfe 0, Train: 0.9786, Val: 0.8970, Test: 0.8949, Best time: 3.5824
After OOD adjustment: Training instances of last class: 0
After OOD adjustment: Testing instances of last class: 267
Epoch: 064, Runtime 0.228835, Loss 0.236115, forward nfe 0, backward nfe 0, Train: 0.9786, Val: 0.8970, Test: 0.8949, Best time: 3.5824
After OOD adjustment: Training instances of last class: 0
After OOD adjustment: Testing instances of last class: 267
Epoch: 065, Runtime 0.227376, Loss 0.232070, forward nfe 0, backward nfe 0, Train: 0.9786, Val: 0.8970, Test: 0.8949, Best time: 3.5824
After OOD adjustment: Training instances of last class: 0
After OOD adjustment: Testing instances of last class: 267
Epoch: 066, Runtime 0.228833, Loss 0.228144, forward nfe 0, backward nfe 0, Train: 0.9786, Val: 0.8970, Test: 0.8949, Best time: 3.5824
After OOD adjustment: Training instances of last class: 0
After OOD adjustment: Testing instances of last class: 267
Epoch: 067, Runtime 0.228790, Loss 0.224342, forward nfe 0, backward nfe 0, Train: 0.9786, Val: 0.8970, Test: 0.8949, Best time: 3.5824
After OOD adjustment: Training instances of last class: 0
After OOD adjustment: Testing instances of last class: 267
Epoch: 068, Runtime 0.228059, Loss 0.220663, forward nfe 0, backward nfe 0, Train: 0.9786, Val: 0.8970, Test: 0.8949, Best time: 3.5824
After OOD adjustment: Training instances of last class: 0
After OOD adjustment: Testing instances of last class: 267
Epoch: 069, Runtime 0.228029, Loss 0.217088, forward nfe 0, backward nfe 0, Train: 0.9786, Val: 0.8970, Test: 0.8949, Best time: 3.5824
After OOD adjustment: Training instances of last class: 0
After OOD adjustment: Testing instances of last class: 267
Epoch: 070, Runtime 0.234659, Loss 0.213609, forward nfe 0, backward nfe 0, Train: 0.9786, Val: 0.8970, Test: 0.8949, Best time: 3.5824
After OOD adjustment: Training instances of last class: 0
After OOD adjustment: Testing instances of last class: 267
Epoch: 071, Runtime 0.239032, Loss 0.210230, forward nfe 0, backward nfe 0, Train: 0.9786, Val: 0.8970, Test: 0.8949, Best time: 3.5824
After OOD adjustment: Training instances of last class: 0
After OOD adjustment: Testing instances of last class: 267
Epoch: 072, Runtime 0.234037, Loss 0.206948, forward nfe 0, backward nfe 0, Train: 0.9786, Val: 0.8970, Test: 0.8949, Best time: 3.5824
After OOD adjustment: Training instances of last class: 0
After OOD adjustment: Testing instances of last class: 267
Epoch: 073, Runtime 0.231534, Loss 0.203753, forward nfe 0, backward nfe 0, Train: 0.9786, Val: 0.8970, Test: 0.8949, Best time: 3.5824
After OOD adjustment: Training instances of last class: 0
After OOD adjustment: Testing instances of last class: 267
Epoch: 074, Runtime 0.233372, Loss 0.200644, forward nfe 0, backward nfe 0, Train: 0.9786, Val: 0.8970, Test: 0.8949, Best time: 3.5824
After OOD adjustment: Training instances of last class: 0
After OOD adjustment: Testing instances of last class: 267
Epoch: 075, Runtime 0.233175, Loss 0.197623, forward nfe 0, backward nfe 0, Train: 0.9786, Val: 0.8970, Test: 0.8949, Best time: 3.5824
After OOD adjustment: Training instances of last class: 0
After OOD adjustment: Testing instances of last class: 267
Epoch: 076, Runtime 0.231139, Loss 0.194687, forward nfe 0, backward nfe 0, Train: 0.9786, Val: 0.8970, Test: 0.8949, Best time: 3.5824
After OOD adjustment: Training instances of last class: 0
After OOD adjustment: Testing instances of last class: 267
Epoch: 077, Runtime 0.229897, Loss 0.191825, forward nfe 0, backward nfe 0, Train: 0.9786, Val: 0.8970, Test: 0.8949, Best time: 3.5824
After OOD adjustment: Training instances of last class: 0
After OOD adjustment: Testing instances of last class: 267
Epoch: 078, Runtime 0.231817, Loss 0.189038, forward nfe 0, backward nfe 0, Train: 0.9786, Val: 0.8970, Test: 0.8949, Best time: 3.5824
After OOD adjustment: Training instances of last class: 0
After OOD adjustment: Testing instances of last class: 267
Epoch: 079, Runtime 0.231582, Loss 0.186324, forward nfe 0, backward nfe 0, Train: 0.9786, Val: 0.8970, Test: 0.8949, Best time: 3.5824
After OOD adjustment: Training instances of last class: 0
After OOD adjustment: Testing instances of last class: 267
Epoch: 080, Runtime 0.227499, Loss 0.183677, forward nfe 0, backward nfe 0, Train: 0.9786, Val: 0.8970, Test: 0.8949, Best time: 3.5824
After OOD adjustment: Training instances of last class: 0
After OOD adjustment: Testing instances of last class: 267
Epoch: 081, Runtime 0.234540, Loss 0.181094, forward nfe 0, backward nfe 0, Train: 0.9786, Val: 0.8970, Test: 0.8949, Best time: 3.5824
After OOD adjustment: Training instances of last class: 0
After OOD adjustment: Testing instances of last class: 267
Epoch: 082, Runtime 0.237365, Loss 0.178575, forward nfe 0, backward nfe 0, Train: 0.9786, Val: 0.8970, Test: 0.8949, Best time: 3.5824
After OOD adjustment: Training instances of last class: 0
After OOD adjustment: Testing instances of last class: 267
Epoch: 083, Runtime 0.238509, Loss 0.176118, forward nfe 0, backward nfe 0, Train: 0.9786, Val: 0.8970, Test: 0.8949, Best time: 3.5824
After OOD adjustment: Training instances of last class: 0
After OOD adjustment: Testing instances of last class: 267
Epoch: 084, Runtime 0.233070, Loss 0.173719, forward nfe 0, backward nfe 0, Train: 0.9786, Val: 0.8970, Test: 0.8949, Best time: 3.5824
After OOD adjustment: Training instances of last class: 0
After OOD adjustment: Testing instances of last class: 267
Epoch: 085, Runtime 0.235559, Loss 0.171376, forward nfe 0, backward nfe 0, Train: 0.9786, Val: 0.8970, Test: 0.8949, Best time: 3.5824
After OOD adjustment: Training instances of last class: 0
After OOD adjustment: Testing instances of last class: 267
Epoch: 086, Runtime 0.236723, Loss 0.169089, forward nfe 0, backward nfe 0, Train: 0.9786, Val: 0.8970, Test: 0.8949, Best time: 3.5824
After OOD adjustment: Training instances of last class: 0
After OOD adjustment: Testing instances of last class: 267
Epoch: 087, Runtime 0.235841, Loss 0.166856, forward nfe 0, backward nfe 0, Train: 0.9786, Val: 0.8970, Test: 0.8949, Best time: 3.5824
After OOD adjustment: Training instances of last class: 0
After OOD adjustment: Testing instances of last class: 267
Epoch: 088, Runtime 0.235379, Loss 0.164672, forward nfe 0, backward nfe 0, Train: 0.9786, Val: 0.8970, Test: 0.8949, Best time: 3.5824
After OOD adjustment: Training instances of last class: 0
After OOD adjustment: Testing instances of last class: 267
Epoch: 089, Runtime 0.236162, Loss 0.162538, forward nfe 0, backward nfe 0, Train: 0.9786, Val: 0.8970, Test: 0.8949, Best time: 3.5824
After OOD adjustment: Training instances of last class: 0
After OOD adjustment: Testing instances of last class: 267
Epoch: 090, Runtime 0.328636, Loss 0.160451, forward nfe 0, backward nfe 0, Train: 0.9857, Val: 0.8978, Test: 0.8949, Best time: 3.5824
After OOD adjustment: Training instances of last class: 0
After OOD adjustment: Testing instances of last class: 267
Epoch: 091, Runtime 0.240581, Loss 0.158410, forward nfe 0, backward nfe 0, Train: 0.9857, Val: 0.8978, Test: 0.8949, Best time: 3.5824
After OOD adjustment: Training instances of last class: 0
After OOD adjustment: Testing instances of last class: 267
Epoch: 092, Runtime 0.236737, Loss 0.156413, forward nfe 0, backward nfe 0, Train: 0.9857, Val: 0.8978, Test: 0.8949, Best time: 3.5824
After OOD adjustment: Training instances of last class: 0
After OOD adjustment: Testing instances of last class: 267
Epoch: 093, Runtime 0.236101, Loss 0.154458, forward nfe 0, backward nfe 0, Train: 0.9857, Val: 0.8978, Test: 0.8949, Best time: 3.5824
After OOD adjustment: Training instances of last class: 0
After OOD adjustment: Testing instances of last class: 267
Epoch: 094, Runtime 0.235540, Loss 0.152544, forward nfe 0, backward nfe 0, Train: 0.9857, Val: 0.8978, Test: 0.8949, Best time: 3.5824
After OOD adjustment: Training instances of last class: 0
After OOD adjustment: Testing instances of last class: 267
Epoch: 095, Runtime 0.234549, Loss 0.150671, forward nfe 0, backward nfe 0, Train: 0.9857, Val: 0.8978, Test: 0.8949, Best time: 3.5824
After OOD adjustment: Training instances of last class: 0
After OOD adjustment: Testing instances of last class: 267
Epoch: 096, Runtime 0.234937, Loss 0.148835, forward nfe 0, backward nfe 0, Train: 0.9857, Val: 0.8978, Test: 0.8949, Best time: 3.5824
After OOD adjustment: Training instances of last class: 0
After OOD adjustment: Testing instances of last class: 267
Epoch: 097, Runtime 0.234131, Loss 0.147037, forward nfe 0, backward nfe 0, Train: 0.9857, Val: 0.8978, Test: 0.8949, Best time: 3.5824
After OOD adjustment: Training instances of last class: 0
After OOD adjustment: Testing instances of last class: 267
Epoch: 098, Runtime 0.234278, Loss 0.145275, forward nfe 0, backward nfe 0, Train: 0.9857, Val: 0.8978, Test: 0.8949, Best time: 3.5824
After OOD adjustment: Training instances of last class: 0
After OOD adjustment: Testing instances of last class: 267
Epoch: 099, Runtime 0.236456, Loss 0.143548, forward nfe 0, backward nfe 0, Train: 0.9857, Val: 0.8978, Test: 0.8949, Best time: 3.5824
best val accuracy 0.897761 with test accuracy 0.894939 at epoch 90 and best time 3.582403
base_directory resutls_prob/OOD_Photo
new_name:  gnn_ODD
file_path 1 resutls_prob/OOD_Photo/gnn_ODD_prediction_probabilities_70.npz
file_path 2 resutls_prob/OOD_Photo/gnn_ODD_prediction_probabilities_70.npz
Entropy Threshold: inf Test accuracy: 0.8949390345749123
Entropy Threshold: 2 Test accuracy: 0.8949390345749123
Entropy Threshold: 1.6 Test accuracy: 0.9065436528276097
Entropy Threshold: 1.5 Test accuracy: 0.9122959360889198
Entropy Threshold: 1.4 Test accuracy: 0.9223093371347113
Entropy Threshold: 1.3 Test accuracy: 0.9310029282576867
Entropy Threshold: 1.2 Test accuracy: 0.9412767569615458
Entropy Threshold: 1.1 Test accuracy: 0.9473375097885669
Entropy Threshold: 0.9 Test accuracy: 0.9607296137339055
Entropy Threshold: 0.8 Test accuracy: 0.9665291150848234
Entropy Threshold: 0.7 Test accuracy: 0.9735099337748344
Entropy Threshold: 0.6 Test accuracy: 0.9791666666666666
Entropy Threshold: 0.5 Test accuracy: 0.9824457006843201
Entropy Threshold: 0.4 Test accuracy: 0.9852497485752598
Entropy Threshold: 0.3 Test accuracy: 0.9870078740157481
Entropy Threshold: 0.2 Test accuracy: 0.9898631525595539
Entropy Threshold: 0.1 Test accuracy: 0.9934640522875817
