[KeOps] Warning : cuda was detected, but driver API could not be initialized. Switching to cpu only.
Folder already exists: results/citeseer
experiment: 0
Dataset size (num_nodes): 2120, Intended development set size (num_development): 1500
Dataset size (num_nodes): 2120, Actual development set size (num_development): 1500
rations: train 120, val 1380, test 620
Before OOD adjustment: Total instances of last class: 304
Before OOD adjustment: Training instances of last class: 20
Before OOD adjustment: Testing instances of last class: 93
Before OOD adjustment: Val instances of last class: 191
total train + val+ test 304
After OOD adjustment: Training instances of last class: 0
After OOD adjustment: Testing instances of last class: 93
Total number of classes: 6
number of classes to train: 5
Dataset size (num_nodes): 2120, Intended development set size (num_development): 1500
Dataset size (num_nodes): 2120, Actual development set size (num_development): 1500
rations: train 120, val 1380, test 620
within set_train_val_test_split function!
Before OOD adjustment: Total instances of last class: 304
Before OOD adjustment: Training instances of last class: 20
Before OOD adjustment: Testing instances of last class: 97
Before OOD adjustment: Val instances of last class: 187
total train + val+ test 304
After OOD adjustment: Training instances of last class: 0
After OOD adjustment: Testing instances of last class: 97
BayesianGCN(
  (bayes_conv1): BayesianGCNConv(3703, 64)
  (bayes_conv3): BayesianGCNConv(64, 5)
)
bayes_conv1.mu_weight
torch.Size([64, 3703])
bayes_conv1.rho_weight
torch.Size([64, 3703])
bayes_conv1.mu_bias
torch.Size([64])
bayes_conv1.rho_bias
torch.Size([64])
bayes_conv3.mu_weight
torch.Size([5, 64])
bayes_conv3.rho_weight
torch.Size([5, 64])
bayes_conv3.mu_bias
torch.Size([5])
bayes_conv3.rho_bias
torch.Size([5])
After OOD adjustment: Training instances of last class: 0
After OOD adjustment: Testing instances of last class: 97
Epoch: 001, Runtime 0.061739, Loss 1.790097, forward nfe 0, backward nfe 0, Train: 0.2000, Val: 0.2565, Test: 0.2581, Best time: 7.8741
After OOD adjustment: Training instances of last class: 0
After OOD adjustment: Testing instances of last class: 97
Epoch: 002, Runtime 0.048940, Loss 1.781218, forward nfe 0, backward nfe 0, Train: 0.2000, Val: 0.2565, Test: 0.2581, Best time: 7.8741
After OOD adjustment: Training instances of last class: 0
After OOD adjustment: Testing instances of last class: 97
Epoch: 003, Runtime 0.174122, Loss 1.726738, forward nfe 0, backward nfe 0, Train: 0.3200, Val: 0.3804, Test: 0.3435, Best time: 7.8741
After OOD adjustment: Training instances of last class: 0
After OOD adjustment: Testing instances of last class: 97
Epoch: 004, Runtime 0.054734, Loss 1.734925, forward nfe 0, backward nfe 0, Train: 0.3200, Val: 0.3804, Test: 0.3435, Best time: 7.8741
After OOD adjustment: Training instances of last class: 0
After OOD adjustment: Testing instances of last class: 97
Epoch: 005, Runtime 0.053705, Loss 1.637177, forward nfe 0, backward nfe 0, Train: 0.3200, Val: 0.3804, Test: 0.3435, Best time: 7.8741
After OOD adjustment: Training instances of last class: 0
After OOD adjustment: Testing instances of last class: 97
Epoch: 006, Runtime 0.048825, Loss 1.544437, forward nfe 0, backward nfe 0, Train: 0.3200, Val: 0.3804, Test: 0.3435, Best time: 7.8741
After OOD adjustment: Training instances of last class: 0
After OOD adjustment: Testing instances of last class: 97
Epoch: 007, Runtime 0.049466, Loss 1.521763, forward nfe 0, backward nfe 0, Train: 0.3200, Val: 0.3804, Test: 0.3435, Best time: 7.8741
After OOD adjustment: Training instances of last class: 0
After OOD adjustment: Testing instances of last class: 97
Epoch: 008, Runtime 0.158117, Loss 1.502737, forward nfe 0, backward nfe 0, Train: 0.3800, Val: 0.4261, Test: 0.3839, Best time: 7.8741
After OOD adjustment: Training instances of last class: 0
After OOD adjustment: Testing instances of last class: 97
Epoch: 009, Runtime 0.057797, Loss 1.574132, forward nfe 0, backward nfe 0, Train: 0.3800, Val: 0.4261, Test: 0.3839, Best time: 7.8741
After OOD adjustment: Training instances of last class: 0
After OOD adjustment: Testing instances of last class: 97
Epoch: 010, Runtime 0.057034, Loss 1.485750, forward nfe 0, backward nfe 0, Train: 0.3800, Val: 0.4261, Test: 0.3839, Best time: 7.8741
After OOD adjustment: Training instances of last class: 0
After OOD adjustment: Testing instances of last class: 97
Epoch: 011, Runtime 0.053654, Loss 1.478578, forward nfe 0, backward nfe 0, Train: 0.3800, Val: 0.4261, Test: 0.3839, Best time: 7.8741
After OOD adjustment: Training instances of last class: 0
After OOD adjustment: Testing instances of last class: 97
Epoch: 012, Runtime 0.053164, Loss 1.490507, forward nfe 0, backward nfe 0, Train: 0.3800, Val: 0.4261, Test: 0.3839, Best time: 7.8741
After OOD adjustment: Training instances of last class: 0
After OOD adjustment: Testing instances of last class: 97
Epoch: 013, Runtime 0.053038, Loss 1.428273, forward nfe 0, backward nfe 0, Train: 0.3800, Val: 0.4261, Test: 0.3839, Best time: 7.8741
After OOD adjustment: Training instances of last class: 0
After OOD adjustment: Testing instances of last class: 97
Epoch: 014, Runtime 0.054045, Loss 1.420254, forward nfe 0, backward nfe 0, Train: 0.3800, Val: 0.4261, Test: 0.3839, Best time: 7.8741
After OOD adjustment: Training instances of last class: 0
After OOD adjustment: Testing instances of last class: 97
Epoch: 015, Runtime 0.056077, Loss 1.353293, forward nfe 0, backward nfe 0, Train: 0.3800, Val: 0.4261, Test: 0.3839, Best time: 7.8741
After OOD adjustment: Training instances of last class: 0
After OOD adjustment: Testing instances of last class: 97
Epoch: 016, Runtime 0.054135, Loss 1.352563, forward nfe 0, backward nfe 0, Train: 0.3800, Val: 0.4261, Test: 0.3839, Best time: 7.8741
After OOD adjustment: Training instances of last class: 0
After OOD adjustment: Testing instances of last class: 97
Epoch: 017, Runtime 0.052433, Loss 1.331632, forward nfe 0, backward nfe 0, Train: 0.3800, Val: 0.4261, Test: 0.3839, Best time: 7.8741
After OOD adjustment: Training instances of last class: 0
After OOD adjustment: Testing instances of last class: 97
Epoch: 018, Runtime 0.052926, Loss 1.301425, forward nfe 0, backward nfe 0, Train: 0.3800, Val: 0.4261, Test: 0.3839, Best time: 7.8741
After OOD adjustment: Training instances of last class: 0
After OOD adjustment: Testing instances of last class: 97
Epoch: 019, Runtime 0.051502, Loss 1.267613, forward nfe 0, backward nfe 0, Train: 0.3800, Val: 0.4261, Test: 0.3839, Best time: 7.8741
After OOD adjustment: Training instances of last class: 0
After OOD adjustment: Testing instances of last class: 97
Epoch: 020, Runtime 0.055242, Loss 1.315188, forward nfe 0, backward nfe 0, Train: 0.3800, Val: 0.4261, Test: 0.3839, Best time: 7.8741
After OOD adjustment: Training instances of last class: 0
After OOD adjustment: Testing instances of last class: 97
Epoch: 021, Runtime 0.054695, Loss 1.298234, forward nfe 0, backward nfe 0, Train: 0.3800, Val: 0.4261, Test: 0.3839, Best time: 7.8741
After OOD adjustment: Training instances of last class: 0
After OOD adjustment: Testing instances of last class: 97
Epoch: 022, Runtime 0.053023, Loss 1.301747, forward nfe 0, backward nfe 0, Train: 0.3800, Val: 0.4261, Test: 0.3839, Best time: 7.8741
After OOD adjustment: Training instances of last class: 0
After OOD adjustment: Testing instances of last class: 97
Epoch: 023, Runtime 0.164988, Loss 1.206158, forward nfe 0, backward nfe 0, Train: 0.9200, Val: 0.5167, Test: 0.4935, Best time: 7.8741
After OOD adjustment: Training instances of last class: 0
After OOD adjustment: Testing instances of last class: 97
Epoch: 024, Runtime 0.053760, Loss 1.235365, forward nfe 0, backward nfe 0, Train: 0.9200, Val: 0.5167, Test: 0.4935, Best time: 7.8741
After OOD adjustment: Training instances of last class: 0
After OOD adjustment: Testing instances of last class: 97
Epoch: 025, Runtime 0.048951, Loss 1.218339, forward nfe 0, backward nfe 0, Train: 0.9200, Val: 0.5167, Test: 0.4935, Best time: 7.8741
After OOD adjustment: Training instances of last class: 0
After OOD adjustment: Testing instances of last class: 97
Epoch: 026, Runtime 0.047948, Loss 1.188041, forward nfe 0, backward nfe 0, Train: 0.9200, Val: 0.5167, Test: 0.4935, Best time: 7.8741
After OOD adjustment: Training instances of last class: 0
After OOD adjustment: Testing instances of last class: 97
Epoch: 027, Runtime 0.156757, Loss 1.239188, forward nfe 0, backward nfe 0, Train: 0.9700, Val: 0.5355, Test: 0.5032, Best time: 7.8741
After OOD adjustment: Training instances of last class: 0
After OOD adjustment: Testing instances of last class: 97
Epoch: 028, Runtime 0.055343, Loss 1.141401, forward nfe 0, backward nfe 0, Train: 0.9700, Val: 0.5355, Test: 0.5032, Best time: 7.8741
After OOD adjustment: Training instances of last class: 0
After OOD adjustment: Testing instances of last class: 97
Epoch: 029, Runtime 0.054178, Loss 1.137971, forward nfe 0, backward nfe 0, Train: 0.9700, Val: 0.5355, Test: 0.5032, Best time: 7.8741
After OOD adjustment: Training instances of last class: 0
After OOD adjustment: Testing instances of last class: 97
Epoch: 030, Runtime 0.156209, Loss 1.135611, forward nfe 0, backward nfe 0, Train: 0.9400, Val: 0.5413, Test: 0.5387, Best time: 7.8741
After OOD adjustment: Training instances of last class: 0
After OOD adjustment: Testing instances of last class: 97
Epoch: 031, Runtime 0.160581, Loss 1.080600, forward nfe 0, backward nfe 0, Train: 0.9500, Val: 0.5935, Test: 0.5548, Best time: 7.8741
After OOD adjustment: Training instances of last class: 0
After OOD adjustment: Testing instances of last class: 97
Epoch: 032, Runtime 0.054911, Loss 1.083911, forward nfe 0, backward nfe 0, Train: 0.9500, Val: 0.5935, Test: 0.5548, Best time: 7.8741
After OOD adjustment: Training instances of last class: 0
After OOD adjustment: Testing instances of last class: 97
Epoch: 033, Runtime 0.049608, Loss 1.065596, forward nfe 0, backward nfe 0, Train: 0.9500, Val: 0.5935, Test: 0.5548, Best time: 7.8741
After OOD adjustment: Training instances of last class: 0
After OOD adjustment: Testing instances of last class: 97
Epoch: 034, Runtime 0.154664, Loss 1.057841, forward nfe 0, backward nfe 0, Train: 0.9600, Val: 0.6029, Test: 0.5806, Best time: 7.8741
After OOD adjustment: Training instances of last class: 0
After OOD adjustment: Testing instances of last class: 97
Epoch: 035, Runtime 0.049975, Loss 1.050737, forward nfe 0, backward nfe 0, Train: 0.9600, Val: 0.6029, Test: 0.5806, Best time: 7.8741
After OOD adjustment: Training instances of last class: 0
After OOD adjustment: Testing instances of last class: 97
Epoch: 036, Runtime 0.047231, Loss 1.013038, forward nfe 0, backward nfe 0, Train: 0.9600, Val: 0.6029, Test: 0.5806, Best time: 7.8741
After OOD adjustment: Training instances of last class: 0
After OOD adjustment: Testing instances of last class: 97
Epoch: 037, Runtime 0.051592, Loss 1.006011, forward nfe 0, backward nfe 0, Train: 0.9600, Val: 0.6029, Test: 0.5806, Best time: 7.8741
After OOD adjustment: Training instances of last class: 0
After OOD adjustment: Testing instances of last class: 97
Epoch: 038, Runtime 0.051117, Loss 0.982078, forward nfe 0, backward nfe 0, Train: 0.9600, Val: 0.6029, Test: 0.5806, Best time: 7.8741
After OOD adjustment: Training instances of last class: 0
After OOD adjustment: Testing instances of last class: 97
Epoch: 039, Runtime 0.051889, Loss 0.956379, forward nfe 0, backward nfe 0, Train: 0.9600, Val: 0.6029, Test: 0.5806, Best time: 7.8741
After OOD adjustment: Training instances of last class: 0
After OOD adjustment: Testing instances of last class: 97
Epoch: 040, Runtime 0.050372, Loss 0.949187, forward nfe 0, backward nfe 0, Train: 0.9600, Val: 0.6029, Test: 0.5806, Best time: 7.8741
After OOD adjustment: Training instances of last class: 0
After OOD adjustment: Testing instances of last class: 97
Epoch: 041, Runtime 0.051715, Loss 0.964829, forward nfe 0, backward nfe 0, Train: 0.9600, Val: 0.6029, Test: 0.5806, Best time: 7.8741
After OOD adjustment: Training instances of last class: 0
After OOD adjustment: Testing instances of last class: 97
Epoch: 042, Runtime 0.052088, Loss 0.895239, forward nfe 0, backward nfe 0, Train: 0.9600, Val: 0.6029, Test: 0.5806, Best time: 7.8741
After OOD adjustment: Training instances of last class: 0
After OOD adjustment: Testing instances of last class: 97
Epoch: 043, Runtime 0.052025, Loss 0.953168, forward nfe 0, backward nfe 0, Train: 0.9600, Val: 0.6029, Test: 0.5806, Best time: 7.8741
After OOD adjustment: Training instances of last class: 0
After OOD adjustment: Testing instances of last class: 97
Epoch: 044, Runtime 0.048391, Loss 0.887469, forward nfe 0, backward nfe 0, Train: 0.9600, Val: 0.6029, Test: 0.5806, Best time: 7.8741
After OOD adjustment: Training instances of last class: 0
After OOD adjustment: Testing instances of last class: 97
Epoch: 045, Runtime 0.049658, Loss 0.831214, forward nfe 0, backward nfe 0, Train: 0.9600, Val: 0.6029, Test: 0.5806, Best time: 7.8741
After OOD adjustment: Training instances of last class: 0
After OOD adjustment: Testing instances of last class: 97
Epoch: 046, Runtime 0.046276, Loss 0.847778, forward nfe 0, backward nfe 0, Train: 0.9600, Val: 0.6029, Test: 0.5806, Best time: 7.8741
After OOD adjustment: Training instances of last class: 0
After OOD adjustment: Testing instances of last class: 97
Epoch: 047, Runtime 0.050448, Loss 0.868796, forward nfe 0, backward nfe 0, Train: 0.9600, Val: 0.6029, Test: 0.5806, Best time: 7.8741
After OOD adjustment: Training instances of last class: 0
After OOD adjustment: Testing instances of last class: 97
Epoch: 048, Runtime 0.051648, Loss 0.792855, forward nfe 0, backward nfe 0, Train: 0.9600, Val: 0.6029, Test: 0.5806, Best time: 7.8741
After OOD adjustment: Training instances of last class: 0
After OOD adjustment: Testing instances of last class: 97
Epoch: 049, Runtime 0.050643, Loss 0.827006, forward nfe 0, backward nfe 0, Train: 0.9600, Val: 0.6029, Test: 0.5806, Best time: 7.8741
After OOD adjustment: Training instances of last class: 0
After OOD adjustment: Testing instances of last class: 97
Epoch: 050, Runtime 0.048290, Loss 0.760161, forward nfe 0, backward nfe 0, Train: 0.9600, Val: 0.6029, Test: 0.5806, Best time: 7.8741
After OOD adjustment: Training instances of last class: 0
After OOD adjustment: Testing instances of last class: 97
Epoch: 051, Runtime 0.049236, Loss 0.747406, forward nfe 0, backward nfe 0, Train: 0.9600, Val: 0.6029, Test: 0.5806, Best time: 7.8741
After OOD adjustment: Training instances of last class: 0
After OOD adjustment: Testing instances of last class: 97
Epoch: 052, Runtime 0.148654, Loss 0.796110, forward nfe 0, backward nfe 0, Train: 0.9300, Val: 0.6355, Test: 0.6065, Best time: 7.8741
After OOD adjustment: Training instances of last class: 0
After OOD adjustment: Testing instances of last class: 97
Epoch: 053, Runtime 0.049656, Loss 0.790559, forward nfe 0, backward nfe 0, Train: 0.9300, Val: 0.6355, Test: 0.6065, Best time: 7.8741
After OOD adjustment: Training instances of last class: 0
After OOD adjustment: Testing instances of last class: 97
Epoch: 054, Runtime 0.051922, Loss 0.725073, forward nfe 0, backward nfe 0, Train: 0.9300, Val: 0.6355, Test: 0.6065, Best time: 7.8741
After OOD adjustment: Training instances of last class: 0
After OOD adjustment: Testing instances of last class: 97
Epoch: 055, Runtime 0.056243, Loss 0.672378, forward nfe 0, backward nfe 0, Train: 0.9300, Val: 0.6355, Test: 0.6065, Best time: 7.8741
After OOD adjustment: Training instances of last class: 0
After OOD adjustment: Testing instances of last class: 97
Epoch: 056, Runtime 0.053887, Loss 0.699492, forward nfe 0, backward nfe 0, Train: 0.9300, Val: 0.6355, Test: 0.6065, Best time: 7.8741
After OOD adjustment: Training instances of last class: 0
After OOD adjustment: Testing instances of last class: 97
Epoch: 057, Runtime 0.052603, Loss 0.690337, forward nfe 0, backward nfe 0, Train: 0.9300, Val: 0.6355, Test: 0.6065, Best time: 7.8741
After OOD adjustment: Training instances of last class: 0
After OOD adjustment: Testing instances of last class: 97
Epoch: 058, Runtime 0.051134, Loss 0.614842, forward nfe 0, backward nfe 0, Train: 0.9300, Val: 0.6355, Test: 0.6065, Best time: 7.8741
After OOD adjustment: Training instances of last class: 0
After OOD adjustment: Testing instances of last class: 97
Epoch: 059, Runtime 0.051218, Loss 0.586103, forward nfe 0, backward nfe 0, Train: 0.9300, Val: 0.6355, Test: 0.6065, Best time: 7.8741
After OOD adjustment: Training instances of last class: 0
After OOD adjustment: Testing instances of last class: 97
Epoch: 060, Runtime 0.056030, Loss 0.595749, forward nfe 0, backward nfe 0, Train: 0.9300, Val: 0.6355, Test: 0.6065, Best time: 7.8741
After OOD adjustment: Training instances of last class: 0
After OOD adjustment: Testing instances of last class: 97
Epoch: 061, Runtime 0.055143, Loss 0.563831, forward nfe 0, backward nfe 0, Train: 0.9300, Val: 0.6355, Test: 0.6065, Best time: 7.8741
After OOD adjustment: Training instances of last class: 0
After OOD adjustment: Testing instances of last class: 97
Epoch: 062, Runtime 0.065031, Loss 0.606381, forward nfe 0, backward nfe 0, Train: 0.9300, Val: 0.6355, Test: 0.6065, Best time: 7.8741
After OOD adjustment: Training instances of last class: 0
After OOD adjustment: Testing instances of last class: 97
Epoch: 063, Runtime 0.055900, Loss 0.569934, forward nfe 0, backward nfe 0, Train: 0.9300, Val: 0.6355, Test: 0.6065, Best time: 7.8741
After OOD adjustment: Training instances of last class: 0
After OOD adjustment: Testing instances of last class: 97
Epoch: 064, Runtime 0.053986, Loss 0.521605, forward nfe 0, backward nfe 0, Train: 0.9300, Val: 0.6355, Test: 0.6065, Best time: 7.8741
After OOD adjustment: Training instances of last class: 0
After OOD adjustment: Testing instances of last class: 97
Epoch: 065, Runtime 0.053049, Loss 0.574878, forward nfe 0, backward nfe 0, Train: 0.9300, Val: 0.6355, Test: 0.6065, Best time: 7.8741
After OOD adjustment: Training instances of last class: 0
After OOD adjustment: Testing instances of last class: 97
Epoch: 066, Runtime 0.053929, Loss 0.538710, forward nfe 0, backward nfe 0, Train: 0.9300, Val: 0.6355, Test: 0.6065, Best time: 7.8741
After OOD adjustment: Training instances of last class: 0
After OOD adjustment: Testing instances of last class: 97
Epoch: 067, Runtime 0.055214, Loss 0.492576, forward nfe 0, backward nfe 0, Train: 0.9300, Val: 0.6355, Test: 0.6065, Best time: 7.8741
After OOD adjustment: Training instances of last class: 0
After OOD adjustment: Testing instances of last class: 97
Epoch: 068, Runtime 0.052501, Loss 0.458359, forward nfe 0, backward nfe 0, Train: 0.9300, Val: 0.6355, Test: 0.6065, Best time: 7.8741
After OOD adjustment: Training instances of last class: 0
After OOD adjustment: Testing instances of last class: 97
Epoch: 069, Runtime 0.052276, Loss 0.485746, forward nfe 0, backward nfe 0, Train: 0.9300, Val: 0.6355, Test: 0.6065, Best time: 7.8741
After OOD adjustment: Training instances of last class: 0
After OOD adjustment: Testing instances of last class: 97
Epoch: 070, Runtime 0.053341, Loss 0.460862, forward nfe 0, backward nfe 0, Train: 0.9300, Val: 0.6355, Test: 0.6065, Best time: 7.8741
After OOD adjustment: Training instances of last class: 0
After OOD adjustment: Testing instances of last class: 97
Epoch: 071, Runtime 0.055938, Loss 0.463520, forward nfe 0, backward nfe 0, Train: 0.9300, Val: 0.6355, Test: 0.6065, Best time: 7.8741
After OOD adjustment: Training instances of last class: 0
After OOD adjustment: Testing instances of last class: 97
Epoch: 072, Runtime 0.055842, Loss 0.467497, forward nfe 0, backward nfe 0, Train: 0.9300, Val: 0.6355, Test: 0.6065, Best time: 7.8741
After OOD adjustment: Training instances of last class: 0
After OOD adjustment: Testing instances of last class: 97
Epoch: 073, Runtime 0.056807, Loss 0.445569, forward nfe 0, backward nfe 0, Train: 0.9300, Val: 0.6355, Test: 0.6065, Best time: 7.8741
After OOD adjustment: Training instances of last class: 0
After OOD adjustment: Testing instances of last class: 97
Epoch: 074, Runtime 0.056510, Loss 0.411429, forward nfe 0, backward nfe 0, Train: 0.9300, Val: 0.6355, Test: 0.6065, Best time: 7.8741
After OOD adjustment: Training instances of last class: 0
After OOD adjustment: Testing instances of last class: 97
Epoch: 075, Runtime 0.056294, Loss 0.393443, forward nfe 0, backward nfe 0, Train: 0.9300, Val: 0.6355, Test: 0.6065, Best time: 7.8741
After OOD adjustment: Training instances of last class: 0
After OOD adjustment: Testing instances of last class: 97
Epoch: 076, Runtime 0.056230, Loss 0.406046, forward nfe 0, backward nfe 0, Train: 0.9300, Val: 0.6355, Test: 0.6065, Best time: 7.8741
After OOD adjustment: Training instances of last class: 0
After OOD adjustment: Testing instances of last class: 97
Epoch: 077, Runtime 0.056167, Loss 0.372731, forward nfe 0, backward nfe 0, Train: 0.9300, Val: 0.6355, Test: 0.6065, Best time: 7.8741
After OOD adjustment: Training instances of last class: 0
After OOD adjustment: Testing instances of last class: 97
Epoch: 078, Runtime 0.056521, Loss 0.430131, forward nfe 0, backward nfe 0, Train: 0.9300, Val: 0.6355, Test: 0.6065, Best time: 7.8741
After OOD adjustment: Training instances of last class: 0
After OOD adjustment: Testing instances of last class: 97
Epoch: 079, Runtime 0.056278, Loss 0.438655, forward nfe 0, backward nfe 0, Train: 0.9300, Val: 0.6355, Test: 0.6065, Best time: 7.8741
After OOD adjustment: Training instances of last class: 0
After OOD adjustment: Testing instances of last class: 97
Epoch: 080, Runtime 0.057015, Loss 0.349945, forward nfe 0, backward nfe 0, Train: 0.9300, Val: 0.6355, Test: 0.6065, Best time: 7.8741
After OOD adjustment: Training instances of last class: 0
After OOD adjustment: Testing instances of last class: 97
Epoch: 081, Runtime 0.057403, Loss 0.355465, forward nfe 0, backward nfe 0, Train: 0.9300, Val: 0.6355, Test: 0.6065, Best time: 7.8741
After OOD adjustment: Training instances of last class: 0
After OOD adjustment: Testing instances of last class: 97
Epoch: 082, Runtime 0.057038, Loss 0.370677, forward nfe 0, backward nfe 0, Train: 0.9300, Val: 0.6355, Test: 0.6065, Best time: 7.8741
After OOD adjustment: Training instances of last class: 0
After OOD adjustment: Testing instances of last class: 97
Epoch: 083, Runtime 0.057418, Loss 0.378691, forward nfe 0, backward nfe 0, Train: 0.9300, Val: 0.6355, Test: 0.6065, Best time: 7.8741
After OOD adjustment: Training instances of last class: 0
After OOD adjustment: Testing instances of last class: 97
Epoch: 084, Runtime 0.055979, Loss 0.345382, forward nfe 0, backward nfe 0, Train: 0.9300, Val: 0.6355, Test: 0.6065, Best time: 7.8741
After OOD adjustment: Training instances of last class: 0
After OOD adjustment: Testing instances of last class: 97
Epoch: 085, Runtime 0.055496, Loss 0.287777, forward nfe 0, backward nfe 0, Train: 0.9300, Val: 0.6355, Test: 0.6065, Best time: 7.8741
After OOD adjustment: Training instances of last class: 0
After OOD adjustment: Testing instances of last class: 97
Epoch: 086, Runtime 0.054267, Loss 0.326862, forward nfe 0, backward nfe 0, Train: 0.9300, Val: 0.6355, Test: 0.6065, Best time: 7.8741
After OOD adjustment: Training instances of last class: 0
After OOD adjustment: Testing instances of last class: 97
Epoch: 087, Runtime 0.055394, Loss 0.317897, forward nfe 0, backward nfe 0, Train: 0.9300, Val: 0.6355, Test: 0.6065, Best time: 7.8741
After OOD adjustment: Training instances of last class: 0
After OOD adjustment: Testing instances of last class: 97
Epoch: 088, Runtime 0.055390, Loss 0.329079, forward nfe 0, backward nfe 0, Train: 0.9300, Val: 0.6355, Test: 0.6065, Best time: 7.8741
After OOD adjustment: Training instances of last class: 0
After OOD adjustment: Testing instances of last class: 97
Epoch: 089, Runtime 0.055109, Loss 0.293957, forward nfe 0, backward nfe 0, Train: 0.9300, Val: 0.6355, Test: 0.6065, Best time: 7.8741
After OOD adjustment: Training instances of last class: 0
After OOD adjustment: Testing instances of last class: 97
Epoch: 090, Runtime 0.055970, Loss 0.278342, forward nfe 0, backward nfe 0, Train: 0.9300, Val: 0.6355, Test: 0.6065, Best time: 7.8741
After OOD adjustment: Training instances of last class: 0
After OOD adjustment: Testing instances of last class: 97
Epoch: 091, Runtime 0.055567, Loss 0.300735, forward nfe 0, backward nfe 0, Train: 0.9300, Val: 0.6355, Test: 0.6065, Best time: 7.8741
After OOD adjustment: Training instances of last class: 0
After OOD adjustment: Testing instances of last class: 97
Epoch: 092, Runtime 0.056155, Loss 0.278990, forward nfe 0, backward nfe 0, Train: 0.9300, Val: 0.6355, Test: 0.6065, Best time: 7.8741
After OOD adjustment: Training instances of last class: 0
After OOD adjustment: Testing instances of last class: 97
Epoch: 093, Runtime 0.054955, Loss 0.272568, forward nfe 0, backward nfe 0, Train: 0.9300, Val: 0.6355, Test: 0.6065, Best time: 7.8741
After OOD adjustment: Training instances of last class: 0
After OOD adjustment: Testing instances of last class: 97
Epoch: 094, Runtime 0.055861, Loss 0.281599, forward nfe 0, backward nfe 0, Train: 0.9300, Val: 0.6355, Test: 0.6065, Best time: 7.8741
After OOD adjustment: Training instances of last class: 0
After OOD adjustment: Testing instances of last class: 97
Epoch: 095, Runtime 0.056154, Loss 0.230601, forward nfe 0, backward nfe 0, Train: 0.9300, Val: 0.6355, Test: 0.6065, Best time: 7.8741
After OOD adjustment: Training instances of last class: 0
After OOD adjustment: Testing instances of last class: 97
Epoch: 096, Runtime 0.057179, Loss 0.223735, forward nfe 0, backward nfe 0, Train: 0.9300, Val: 0.6355, Test: 0.6065, Best time: 7.8741
After OOD adjustment: Training instances of last class: 0
After OOD adjustment: Testing instances of last class: 97
Epoch: 097, Runtime 0.056607, Loss 0.272075, forward nfe 0, backward nfe 0, Train: 0.9300, Val: 0.6355, Test: 0.6065, Best time: 7.8741
After OOD adjustment: Training instances of last class: 0
After OOD adjustment: Testing instances of last class: 97
Epoch: 098, Runtime 0.056690, Loss 0.259924, forward nfe 0, backward nfe 0, Train: 0.9300, Val: 0.6355, Test: 0.6065, Best time: 7.8741
After OOD adjustment: Training instances of last class: 0
After OOD adjustment: Testing instances of last class: 97
Epoch: 099, Runtime 0.056600, Loss 0.248126, forward nfe 0, backward nfe 0, Train: 0.9300, Val: 0.6355, Test: 0.6065, Best time: 7.8741
best val accuracy 0.635507 with test accuracy 0.606452 at epoch 52 and best time 7.874113
base_directory resutls_prob/OOD_Citeseer
new_name:  bgcn_ODD
file_path 1 resutls_prob/OOD_Citeseer/bgcn_ODD_prediction_probabilities_49.npz
file_path 2 resutls_prob/OOD_Citeseer/bgcn_ODD_prediction_probabilities_49.npz
Entropy Threshold: inf Test accuracy: 0.5838709677419355
Entropy Threshold: 2 Test accuracy: 0.5870967741935483
Entropy Threshold: 1.6 Test accuracy: 0.571900826446281
Entropy Threshold: 1.5 Test accuracy: 0.680327868852459
Entropy Threshold: 1.4 Test accuracy: 0.845360824742268
Entropy Threshold: 1.3 Test accuracy: 0.8936170212765957
Entropy Threshold: 1.2 Test accuracy: 1.0
Entropy Threshold: 1.1 Test accuracy: 0.8181818181818182
Entropy Threshold: 0.9 Test accuracy: 1.0
Entropy Threshold: 0.8 Test accuracy: None
Entropy Threshold: 0.7 Test accuracy: None
Entropy Threshold: 0.6 Test accuracy: None
Entropy Threshold: 0.5 Test accuracy: None
Entropy Threshold: 0.4 Test accuracy: None
Entropy Threshold: 0.3 Test accuracy: None
Entropy Threshold: 0.2 Test accuracy: None
Entropy Threshold: 0.1 Test accuracy: None
