[KeOps] Warning : cuda was detected, but driver API could not be initialized. Switching to cpu only.
Folder already exists: results/cora
experiment: 0
Dataset size (num_nodes): 2485, Intended development set size (num_development): 1500
Dataset size (num_nodes): 2485, Actual development set size (num_development): 1500
rations: train 140, val 1360, test 985
Before OOD adjustment: Total instances of last class: 131
Before OOD adjustment: Training instances of last class: 20
Before OOD adjustment: Testing instances of last class: 55
Before OOD adjustment: Val instances of last class: 56
total train + val+ test 131
After OOD adjustment: Training instances of last class: 0
After OOD adjustment: Testing instances of last class: 55
Total number of classes: 7
number of classes to train: 6
Dataset size (num_nodes): 2485, Intended development set size (num_development): 1500
Dataset size (num_nodes): 2485, Actual development set size (num_development): 1500
rations: train 140, val 1360, test 985
within set_train_val_test_split function!
Before OOD adjustment: Total instances of last class: 131
Before OOD adjustment: Training instances of last class: 20
Before OOD adjustment: Testing instances of last class: 51
Before OOD adjustment: Val instances of last class: 60
total train + val+ test 131
After OOD adjustment: Training instances of last class: 0
After OOD adjustment: Testing instances of last class: 51
BayesianGCN(
  (bayes_conv1): BayesianGCNConv(1433, 64)
  (bayes_conv3): BayesianGCNConv(64, 6)
)
bayes_conv1.mu_weight
torch.Size([64, 1433])
bayes_conv1.rho_weight
torch.Size([64, 1433])
bayes_conv1.mu_bias
torch.Size([64])
bayes_conv1.rho_bias
torch.Size([64])
bayes_conv3.mu_weight
torch.Size([6, 64])
bayes_conv3.rho_weight
torch.Size([6, 64])
bayes_conv3.mu_bias
torch.Size([6])
bayes_conv3.rho_bias
torch.Size([6])
After OOD adjustment: Training instances of last class: 0
After OOD adjustment: Testing instances of last class: 51
Epoch: 001, Runtime 0.048844, Loss 1.996268, forward nfe 0, backward nfe 0, Train: 0.1750, Val: 0.2765, Test: 0.2843, Best time: 18.2948
After OOD adjustment: Training instances of last class: 0
After OOD adjustment: Testing instances of last class: 51
Epoch: 002, Runtime 0.036845, Loss 1.829991, forward nfe 0, backward nfe 0, Train: 0.1750, Val: 0.2765, Test: 0.2843, Best time: 18.2948
After OOD adjustment: Training instances of last class: 0
After OOD adjustment: Testing instances of last class: 51
Epoch: 003, Runtime 0.034523, Loss 1.815229, forward nfe 0, backward nfe 0, Train: 0.1750, Val: 0.2765, Test: 0.2843, Best time: 18.2948
After OOD adjustment: Training instances of last class: 0
After OOD adjustment: Testing instances of last class: 51
Epoch: 004, Runtime 0.034566, Loss 1.937578, forward nfe 0, backward nfe 0, Train: 0.1750, Val: 0.2765, Test: 0.2843, Best time: 18.2948
After OOD adjustment: Training instances of last class: 0
After OOD adjustment: Testing instances of last class: 51
Epoch: 005, Runtime 0.033974, Loss 1.789788, forward nfe 0, backward nfe 0, Train: 0.1750, Val: 0.2765, Test: 0.2843, Best time: 18.2948
After OOD adjustment: Training instances of last class: 0
After OOD adjustment: Testing instances of last class: 51
Epoch: 006, Runtime 0.035582, Loss 1.800323, forward nfe 0, backward nfe 0, Train: 0.1750, Val: 0.2765, Test: 0.2843, Best time: 18.2948
After OOD adjustment: Training instances of last class: 0
After OOD adjustment: Testing instances of last class: 51
Epoch: 007, Runtime 0.034613, Loss 1.751912, forward nfe 0, backward nfe 0, Train: 0.1750, Val: 0.2765, Test: 0.2843, Best time: 18.2948
After OOD adjustment: Training instances of last class: 0
After OOD adjustment: Testing instances of last class: 51
Epoch: 008, Runtime 0.153044, Loss 1.729200, forward nfe 0, backward nfe 0, Train: 0.3917, Val: 0.3184, Test: 0.3056, Best time: 18.2948
After OOD adjustment: Training instances of last class: 0
After OOD adjustment: Testing instances of last class: 51
Epoch: 009, Runtime 0.036369, Loss 1.784933, forward nfe 0, backward nfe 0, Train: 0.3917, Val: 0.3184, Test: 0.3056, Best time: 18.2948
After OOD adjustment: Training instances of last class: 0
After OOD adjustment: Testing instances of last class: 51
Epoch: 010, Runtime 0.138384, Loss 1.772148, forward nfe 0, backward nfe 0, Train: 0.4250, Val: 0.3265, Test: 0.3188, Best time: 18.2948
After OOD adjustment: Training instances of last class: 0
After OOD adjustment: Testing instances of last class: 51
Epoch: 011, Runtime 0.035908, Loss 1.706272, forward nfe 0, backward nfe 0, Train: 0.4250, Val: 0.3265, Test: 0.3188, Best time: 18.2948
After OOD adjustment: Training instances of last class: 0
After OOD adjustment: Testing instances of last class: 51
Epoch: 012, Runtime 0.035473, Loss 1.668674, forward nfe 0, backward nfe 0, Train: 0.4250, Val: 0.3265, Test: 0.3188, Best time: 18.2948
After OOD adjustment: Training instances of last class: 0
After OOD adjustment: Testing instances of last class: 51
Epoch: 013, Runtime 0.034425, Loss 1.674454, forward nfe 0, backward nfe 0, Train: 0.4250, Val: 0.3265, Test: 0.3188, Best time: 18.2948
After OOD adjustment: Training instances of last class: 0
After OOD adjustment: Testing instances of last class: 51
Epoch: 014, Runtime 0.035659, Loss 1.658933, forward nfe 0, backward nfe 0, Train: 0.4250, Val: 0.3265, Test: 0.3188, Best time: 18.2948
After OOD adjustment: Training instances of last class: 0
After OOD adjustment: Testing instances of last class: 51
Epoch: 015, Runtime 0.035266, Loss 1.645571, forward nfe 0, backward nfe 0, Train: 0.4250, Val: 0.3265, Test: 0.3188, Best time: 18.2948
After OOD adjustment: Training instances of last class: 0
After OOD adjustment: Testing instances of last class: 51
Epoch: 016, Runtime 0.034674, Loss 1.649020, forward nfe 0, backward nfe 0, Train: 0.4250, Val: 0.3265, Test: 0.3188, Best time: 18.2948
After OOD adjustment: Training instances of last class: 0
After OOD adjustment: Testing instances of last class: 51
Epoch: 017, Runtime 0.033212, Loss 1.645635, forward nfe 0, backward nfe 0, Train: 0.4250, Val: 0.3265, Test: 0.3188, Best time: 18.2948
After OOD adjustment: Training instances of last class: 0
After OOD adjustment: Testing instances of last class: 51
Epoch: 018, Runtime 0.039576, Loss 1.657564, forward nfe 0, backward nfe 0, Train: 0.4250, Val: 0.3265, Test: 0.3188, Best time: 18.2948
After OOD adjustment: Training instances of last class: 0
After OOD adjustment: Testing instances of last class: 51
Epoch: 019, Runtime 0.035055, Loss 1.690298, forward nfe 0, backward nfe 0, Train: 0.4250, Val: 0.3265, Test: 0.3188, Best time: 18.2948
After OOD adjustment: Training instances of last class: 0
After OOD adjustment: Testing instances of last class: 51
Epoch: 020, Runtime 0.034410, Loss 1.612542, forward nfe 0, backward nfe 0, Train: 0.4250, Val: 0.3265, Test: 0.3188, Best time: 18.2948
After OOD adjustment: Training instances of last class: 0
After OOD adjustment: Testing instances of last class: 51
Epoch: 021, Runtime 0.035092, Loss 1.592062, forward nfe 0, backward nfe 0, Train: 0.4250, Val: 0.3265, Test: 0.3188, Best time: 18.2948
After OOD adjustment: Training instances of last class: 0
After OOD adjustment: Testing instances of last class: 51
Epoch: 022, Runtime 0.035026, Loss 1.567148, forward nfe 0, backward nfe 0, Train: 0.4250, Val: 0.3265, Test: 0.3188, Best time: 18.2948
After OOD adjustment: Training instances of last class: 0
After OOD adjustment: Testing instances of last class: 51
Epoch: 023, Runtime 0.034355, Loss 1.612162, forward nfe 0, backward nfe 0, Train: 0.4250, Val: 0.3265, Test: 0.3188, Best time: 18.2948
After OOD adjustment: Training instances of last class: 0
After OOD adjustment: Testing instances of last class: 51
Epoch: 024, Runtime 0.139451, Loss 1.548851, forward nfe 0, backward nfe 0, Train: 0.5833, Val: 0.3875, Test: 0.3959, Best time: 18.2948
After OOD adjustment: Training instances of last class: 0
After OOD adjustment: Testing instances of last class: 51
Epoch: 025, Runtime 0.035707, Loss 1.515619, forward nfe 0, backward nfe 0, Train: 0.5833, Val: 0.3875, Test: 0.3959, Best time: 18.2948
After OOD adjustment: Training instances of last class: 0
After OOD adjustment: Testing instances of last class: 51
Epoch: 026, Runtime 0.034553, Loss 1.567949, forward nfe 0, backward nfe 0, Train: 0.5833, Val: 0.3875, Test: 0.3959, Best time: 18.2948
After OOD adjustment: Training instances of last class: 0
After OOD adjustment: Testing instances of last class: 51
Epoch: 027, Runtime 0.033631, Loss 1.528334, forward nfe 0, backward nfe 0, Train: 0.5833, Val: 0.3875, Test: 0.3959, Best time: 18.2948
After OOD adjustment: Training instances of last class: 0
After OOD adjustment: Testing instances of last class: 51
Epoch: 028, Runtime 0.139465, Loss 1.506117, forward nfe 0, backward nfe 0, Train: 0.7833, Val: 0.4316, Test: 0.3970, Best time: 18.2948
After OOD adjustment: Training instances of last class: 0
After OOD adjustment: Testing instances of last class: 51
Epoch: 029, Runtime 0.141557, Loss 1.525003, forward nfe 0, backward nfe 0, Train: 0.8083, Val: 0.6176, Test: 0.6091, Best time: 18.2948
After OOD adjustment: Training instances of last class: 0
After OOD adjustment: Testing instances of last class: 51
Epoch: 030, Runtime 0.036516, Loss 1.498843, forward nfe 0, backward nfe 0, Train: 0.8083, Val: 0.6176, Test: 0.6091, Best time: 18.2948
After OOD adjustment: Training instances of last class: 0
After OOD adjustment: Testing instances of last class: 51
Epoch: 031, Runtime 0.033987, Loss 1.515640, forward nfe 0, backward nfe 0, Train: 0.8083, Val: 0.6176, Test: 0.6091, Best time: 18.2948
After OOD adjustment: Training instances of last class: 0
After OOD adjustment: Testing instances of last class: 51
Epoch: 032, Runtime 0.033332, Loss 1.442469, forward nfe 0, backward nfe 0, Train: 0.8083, Val: 0.6176, Test: 0.6091, Best time: 18.2948
After OOD adjustment: Training instances of last class: 0
After OOD adjustment: Testing instances of last class: 51
Epoch: 033, Runtime 0.035125, Loss 1.456841, forward nfe 0, backward nfe 0, Train: 0.8083, Val: 0.6176, Test: 0.6091, Best time: 18.2948
After OOD adjustment: Training instances of last class: 0
After OOD adjustment: Testing instances of last class: 51
Epoch: 034, Runtime 0.035487, Loss 1.435812, forward nfe 0, backward nfe 0, Train: 0.8083, Val: 0.6176, Test: 0.6091, Best time: 18.2948
After OOD adjustment: Training instances of last class: 0
After OOD adjustment: Testing instances of last class: 51
Epoch: 035, Runtime 0.034626, Loss 1.440350, forward nfe 0, backward nfe 0, Train: 0.8083, Val: 0.6176, Test: 0.6091, Best time: 18.2948
After OOD adjustment: Training instances of last class: 0
After OOD adjustment: Testing instances of last class: 51
Epoch: 036, Runtime 0.034030, Loss 1.401936, forward nfe 0, backward nfe 0, Train: 0.8083, Val: 0.6176, Test: 0.6091, Best time: 18.2948
After OOD adjustment: Training instances of last class: 0
After OOD adjustment: Testing instances of last class: 51
Epoch: 037, Runtime 0.034765, Loss 1.523635, forward nfe 0, backward nfe 0, Train: 0.8083, Val: 0.6176, Test: 0.6091, Best time: 18.2948
After OOD adjustment: Training instances of last class: 0
After OOD adjustment: Testing instances of last class: 51
Epoch: 038, Runtime 0.033571, Loss 1.383675, forward nfe 0, backward nfe 0, Train: 0.8083, Val: 0.6176, Test: 0.6091, Best time: 18.2948
After OOD adjustment: Training instances of last class: 0
After OOD adjustment: Testing instances of last class: 51
Epoch: 039, Runtime 0.034182, Loss 1.365557, forward nfe 0, backward nfe 0, Train: 0.8083, Val: 0.6176, Test: 0.6091, Best time: 18.2948
After OOD adjustment: Training instances of last class: 0
After OOD adjustment: Testing instances of last class: 51
Epoch: 040, Runtime 0.035093, Loss 1.350172, forward nfe 0, backward nfe 0, Train: 0.8083, Val: 0.6176, Test: 0.6091, Best time: 18.2948
After OOD adjustment: Training instances of last class: 0
After OOD adjustment: Testing instances of last class: 51
Epoch: 041, Runtime 0.033930, Loss 1.394735, forward nfe 0, backward nfe 0, Train: 0.8083, Val: 0.6176, Test: 0.6091, Best time: 18.2948
After OOD adjustment: Training instances of last class: 0
After OOD adjustment: Testing instances of last class: 51
Epoch: 042, Runtime 0.035839, Loss 1.367790, forward nfe 0, backward nfe 0, Train: 0.8083, Val: 0.6176, Test: 0.6091, Best time: 18.2948
After OOD adjustment: Training instances of last class: 0
After OOD adjustment: Testing instances of last class: 51
Epoch: 043, Runtime 0.034660, Loss 1.314928, forward nfe 0, backward nfe 0, Train: 0.8083, Val: 0.6176, Test: 0.6091, Best time: 18.2948
After OOD adjustment: Training instances of last class: 0
After OOD adjustment: Testing instances of last class: 51
Epoch: 044, Runtime 0.034428, Loss 1.396036, forward nfe 0, backward nfe 0, Train: 0.8083, Val: 0.6176, Test: 0.6091, Best time: 18.2948
After OOD adjustment: Training instances of last class: 0
After OOD adjustment: Testing instances of last class: 51
Epoch: 045, Runtime 0.033931, Loss 1.367629, forward nfe 0, backward nfe 0, Train: 0.8083, Val: 0.6176, Test: 0.6091, Best time: 18.2948
After OOD adjustment: Training instances of last class: 0
After OOD adjustment: Testing instances of last class: 51
Epoch: 046, Runtime 0.033403, Loss 1.332942, forward nfe 0, backward nfe 0, Train: 0.8083, Val: 0.6176, Test: 0.6091, Best time: 18.2948
After OOD adjustment: Training instances of last class: 0
After OOD adjustment: Testing instances of last class: 51
Epoch: 047, Runtime 0.033657, Loss 1.268070, forward nfe 0, backward nfe 0, Train: 0.8083, Val: 0.6176, Test: 0.6091, Best time: 18.2948
After OOD adjustment: Training instances of last class: 0
After OOD adjustment: Testing instances of last class: 51
Epoch: 048, Runtime 0.034982, Loss 1.294012, forward nfe 0, backward nfe 0, Train: 0.8083, Val: 0.6176, Test: 0.6091, Best time: 18.2948
After OOD adjustment: Training instances of last class: 0
After OOD adjustment: Testing instances of last class: 51
Epoch: 049, Runtime 0.140948, Loss 1.272910, forward nfe 0, backward nfe 0, Train: 0.8750, Val: 0.6721, Test: 0.6721, Best time: 18.2948
After OOD adjustment: Training instances of last class: 0
After OOD adjustment: Testing instances of last class: 51
Epoch: 050, Runtime 0.038319, Loss 1.274504, forward nfe 0, backward nfe 0, Train: 0.8750, Val: 0.6721, Test: 0.6721, Best time: 18.2948
After OOD adjustment: Training instances of last class: 0
After OOD adjustment: Testing instances of last class: 51
Epoch: 051, Runtime 0.035107, Loss 1.251676, forward nfe 0, backward nfe 0, Train: 0.8750, Val: 0.6721, Test: 0.6721, Best time: 18.2948
After OOD adjustment: Training instances of last class: 0
After OOD adjustment: Testing instances of last class: 51
Epoch: 052, Runtime 0.141547, Loss 1.247469, forward nfe 0, backward nfe 0, Train: 1.0000, Val: 0.7081, Test: 0.6995, Best time: 18.2948
After OOD adjustment: Training instances of last class: 0
After OOD adjustment: Testing instances of last class: 51
Epoch: 053, Runtime 0.037283, Loss 1.227594, forward nfe 0, backward nfe 0, Train: 1.0000, Val: 0.7081, Test: 0.6995, Best time: 18.2948
After OOD adjustment: Training instances of last class: 0
After OOD adjustment: Testing instances of last class: 51
Epoch: 054, Runtime 0.035233, Loss 1.177220, forward nfe 0, backward nfe 0, Train: 1.0000, Val: 0.7081, Test: 0.6995, Best time: 18.2948
After OOD adjustment: Training instances of last class: 0
After OOD adjustment: Testing instances of last class: 51
Epoch: 055, Runtime 0.036041, Loss 1.201190, forward nfe 0, backward nfe 0, Train: 1.0000, Val: 0.7081, Test: 0.6995, Best time: 18.2948
After OOD adjustment: Training instances of last class: 0
After OOD adjustment: Testing instances of last class: 51
Epoch: 056, Runtime 0.034545, Loss 1.153966, forward nfe 0, backward nfe 0, Train: 1.0000, Val: 0.7081, Test: 0.6995, Best time: 18.2948
After OOD adjustment: Training instances of last class: 0
After OOD adjustment: Testing instances of last class: 51
Epoch: 057, Runtime 0.034657, Loss 1.171766, forward nfe 0, backward nfe 0, Train: 1.0000, Val: 0.7081, Test: 0.6995, Best time: 18.2948
After OOD adjustment: Training instances of last class: 0
After OOD adjustment: Testing instances of last class: 51
Epoch: 058, Runtime 0.036588, Loss 1.213071, forward nfe 0, backward nfe 0, Train: 1.0000, Val: 0.7081, Test: 0.6995, Best time: 18.2948
After OOD adjustment: Training instances of last class: 0
After OOD adjustment: Testing instances of last class: 51
Epoch: 059, Runtime 0.034305, Loss 1.180447, forward nfe 0, backward nfe 0, Train: 1.0000, Val: 0.7081, Test: 0.6995, Best time: 18.2948
After OOD adjustment: Training instances of last class: 0
After OOD adjustment: Testing instances of last class: 51
Epoch: 060, Runtime 0.035347, Loss 1.109436, forward nfe 0, backward nfe 0, Train: 1.0000, Val: 0.7081, Test: 0.6995, Best time: 18.2948
After OOD adjustment: Training instances of last class: 0
After OOD adjustment: Testing instances of last class: 51
Epoch: 061, Runtime 0.035893, Loss 1.096929, forward nfe 0, backward nfe 0, Train: 1.0000, Val: 0.7081, Test: 0.6995, Best time: 18.2948
After OOD adjustment: Training instances of last class: 0
After OOD adjustment: Testing instances of last class: 51
Epoch: 062, Runtime 0.034976, Loss 1.096569, forward nfe 0, backward nfe 0, Train: 1.0000, Val: 0.7081, Test: 0.6995, Best time: 18.2948
After OOD adjustment: Training instances of last class: 0
After OOD adjustment: Testing instances of last class: 51
Epoch: 063, Runtime 0.035169, Loss 1.116713, forward nfe 0, backward nfe 0, Train: 1.0000, Val: 0.7081, Test: 0.6995, Best time: 18.2948
After OOD adjustment: Training instances of last class: 0
After OOD adjustment: Testing instances of last class: 51
Epoch: 064, Runtime 0.035781, Loss 1.081702, forward nfe 0, backward nfe 0, Train: 1.0000, Val: 0.7081, Test: 0.6995, Best time: 18.2948
After OOD adjustment: Training instances of last class: 0
After OOD adjustment: Testing instances of last class: 51
Epoch: 065, Runtime 0.035293, Loss 1.075325, forward nfe 0, backward nfe 0, Train: 1.0000, Val: 0.7081, Test: 0.6995, Best time: 18.2948
After OOD adjustment: Training instances of last class: 0
After OOD adjustment: Testing instances of last class: 51
Epoch: 066, Runtime 0.035025, Loss 1.019620, forward nfe 0, backward nfe 0, Train: 1.0000, Val: 0.7081, Test: 0.6995, Best time: 18.2948
After OOD adjustment: Training instances of last class: 0
After OOD adjustment: Testing instances of last class: 51
Epoch: 067, Runtime 0.036232, Loss 1.057843, forward nfe 0, backward nfe 0, Train: 1.0000, Val: 0.7081, Test: 0.6995, Best time: 18.2948
After OOD adjustment: Training instances of last class: 0
After OOD adjustment: Testing instances of last class: 51
Epoch: 068, Runtime 0.035420, Loss 1.011626, forward nfe 0, backward nfe 0, Train: 1.0000, Val: 0.7081, Test: 0.6995, Best time: 18.2948
After OOD adjustment: Training instances of last class: 0
After OOD adjustment: Testing instances of last class: 51
Epoch: 069, Runtime 0.035841, Loss 1.035520, forward nfe 0, backward nfe 0, Train: 1.0000, Val: 0.7081, Test: 0.6995, Best time: 18.2948
After OOD adjustment: Training instances of last class: 0
After OOD adjustment: Testing instances of last class: 51
Epoch: 070, Runtime 0.035276, Loss 1.007950, forward nfe 0, backward nfe 0, Train: 1.0000, Val: 0.7081, Test: 0.6995, Best time: 18.2948
After OOD adjustment: Training instances of last class: 0
After OOD adjustment: Testing instances of last class: 51
Epoch: 071, Runtime 0.035845, Loss 1.022307, forward nfe 0, backward nfe 0, Train: 1.0000, Val: 0.7081, Test: 0.6995, Best time: 18.2948
After OOD adjustment: Training instances of last class: 0
After OOD adjustment: Testing instances of last class: 51
Epoch: 072, Runtime 0.034388, Loss 0.963519, forward nfe 0, backward nfe 0, Train: 1.0000, Val: 0.7081, Test: 0.6995, Best time: 18.2948
After OOD adjustment: Training instances of last class: 0
After OOD adjustment: Testing instances of last class: 51
Epoch: 073, Runtime 0.034123, Loss 1.051154, forward nfe 0, backward nfe 0, Train: 1.0000, Val: 0.7081, Test: 0.6995, Best time: 18.2948
After OOD adjustment: Training instances of last class: 0
After OOD adjustment: Testing instances of last class: 51
Epoch: 074, Runtime 0.035001, Loss 0.924835, forward nfe 0, backward nfe 0, Train: 1.0000, Val: 0.7081, Test: 0.6995, Best time: 18.2948
After OOD adjustment: Training instances of last class: 0
After OOD adjustment: Testing instances of last class: 51
Epoch: 075, Runtime 0.033731, Loss 0.962277, forward nfe 0, backward nfe 0, Train: 1.0000, Val: 0.7081, Test: 0.6995, Best time: 18.2948
After OOD adjustment: Training instances of last class: 0
After OOD adjustment: Testing instances of last class: 51
Epoch: 076, Runtime 0.035599, Loss 0.920495, forward nfe 0, backward nfe 0, Train: 1.0000, Val: 0.7081, Test: 0.6995, Best time: 18.2948
After OOD adjustment: Training instances of last class: 0
After OOD adjustment: Testing instances of last class: 51
Epoch: 077, Runtime 0.034159, Loss 0.907742, forward nfe 0, backward nfe 0, Train: 1.0000, Val: 0.7081, Test: 0.6995, Best time: 18.2948
After OOD adjustment: Training instances of last class: 0
After OOD adjustment: Testing instances of last class: 51
Epoch: 078, Runtime 0.144090, Loss 0.915517, forward nfe 0, backward nfe 0, Train: 0.9750, Val: 0.7309, Test: 0.7360, Best time: 18.2948
After OOD adjustment: Training instances of last class: 0
After OOD adjustment: Testing instances of last class: 51
Epoch: 079, Runtime 0.036304, Loss 0.919498, forward nfe 0, backward nfe 0, Train: 0.9750, Val: 0.7309, Test: 0.7360, Best time: 18.2948
After OOD adjustment: Training instances of last class: 0
After OOD adjustment: Testing instances of last class: 51
Epoch: 080, Runtime 0.034255, Loss 0.913751, forward nfe 0, backward nfe 0, Train: 0.9750, Val: 0.7309, Test: 0.7360, Best time: 18.2948
After OOD adjustment: Training instances of last class: 0
After OOD adjustment: Testing instances of last class: 51
Epoch: 081, Runtime 0.034618, Loss 0.896851, forward nfe 0, backward nfe 0, Train: 0.9750, Val: 0.7309, Test: 0.7360, Best time: 18.2948
After OOD adjustment: Training instances of last class: 0
After OOD adjustment: Testing instances of last class: 51
Epoch: 082, Runtime 0.034320, Loss 0.864398, forward nfe 0, backward nfe 0, Train: 0.9750, Val: 0.7309, Test: 0.7360, Best time: 18.2948
After OOD adjustment: Training instances of last class: 0
After OOD adjustment: Testing instances of last class: 51
Epoch: 083, Runtime 0.033671, Loss 0.835045, forward nfe 0, backward nfe 0, Train: 0.9750, Val: 0.7309, Test: 0.7360, Best time: 18.2948
After OOD adjustment: Training instances of last class: 0
After OOD adjustment: Testing instances of last class: 51
Epoch: 084, Runtime 0.033513, Loss 0.822987, forward nfe 0, backward nfe 0, Train: 0.9750, Val: 0.7309, Test: 0.7360, Best time: 18.2948
After OOD adjustment: Training instances of last class: 0
After OOD adjustment: Testing instances of last class: 51
Epoch: 085, Runtime 0.035245, Loss 0.761873, forward nfe 0, backward nfe 0, Train: 0.9750, Val: 0.7309, Test: 0.7360, Best time: 18.2948
After OOD adjustment: Training instances of last class: 0
After OOD adjustment: Testing instances of last class: 51
Epoch: 086, Runtime 0.034093, Loss 0.797484, forward nfe 0, backward nfe 0, Train: 0.9750, Val: 0.7309, Test: 0.7360, Best time: 18.2948
After OOD adjustment: Training instances of last class: 0
After OOD adjustment: Testing instances of last class: 51
Epoch: 087, Runtime 0.034307, Loss 0.868486, forward nfe 0, backward nfe 0, Train: 0.9750, Val: 0.7309, Test: 0.7360, Best time: 18.2948
After OOD adjustment: Training instances of last class: 0
After OOD adjustment: Testing instances of last class: 51
Epoch: 088, Runtime 0.138910, Loss 0.742095, forward nfe 0, backward nfe 0, Train: 0.9917, Val: 0.7441, Test: 0.7584, Best time: 18.2948
After OOD adjustment: Training instances of last class: 0
After OOD adjustment: Testing instances of last class: 51
Epoch: 089, Runtime 0.036722, Loss 0.770587, forward nfe 0, backward nfe 0, Train: 0.9917, Val: 0.7441, Test: 0.7584, Best time: 18.2948
After OOD adjustment: Training instances of last class: 0
After OOD adjustment: Testing instances of last class: 51
Epoch: 090, Runtime 0.035032, Loss 0.785844, forward nfe 0, backward nfe 0, Train: 0.9917, Val: 0.7441, Test: 0.7584, Best time: 18.2948
After OOD adjustment: Training instances of last class: 0
After OOD adjustment: Testing instances of last class: 51
Epoch: 091, Runtime 0.140457, Loss 0.702744, forward nfe 0, backward nfe 0, Train: 1.0000, Val: 0.7647, Test: 0.7797, Best time: 18.2948
After OOD adjustment: Training instances of last class: 0
After OOD adjustment: Testing instances of last class: 51
Epoch: 092, Runtime 0.035387, Loss 0.679750, forward nfe 0, backward nfe 0, Train: 1.0000, Val: 0.7647, Test: 0.7797, Best time: 18.2948
After OOD adjustment: Training instances of last class: 0
After OOD adjustment: Testing instances of last class: 51
Epoch: 093, Runtime 0.035304, Loss 0.769082, forward nfe 0, backward nfe 0, Train: 1.0000, Val: 0.7647, Test: 0.7797, Best time: 18.2948
After OOD adjustment: Training instances of last class: 0
After OOD adjustment: Testing instances of last class: 51
Epoch: 094, Runtime 0.035629, Loss 0.701266, forward nfe 0, backward nfe 0, Train: 1.0000, Val: 0.7647, Test: 0.7797, Best time: 18.2948
After OOD adjustment: Training instances of last class: 0
After OOD adjustment: Testing instances of last class: 51
Epoch: 095, Runtime 0.034175, Loss 0.678305, forward nfe 0, backward nfe 0, Train: 1.0000, Val: 0.7647, Test: 0.7797, Best time: 18.2948
After OOD adjustment: Training instances of last class: 0
After OOD adjustment: Testing instances of last class: 51
Epoch: 096, Runtime 0.034920, Loss 0.653331, forward nfe 0, backward nfe 0, Train: 1.0000, Val: 0.7647, Test: 0.7797, Best time: 18.2948
After OOD adjustment: Training instances of last class: 0
After OOD adjustment: Testing instances of last class: 51
Epoch: 097, Runtime 0.033556, Loss 0.659616, forward nfe 0, backward nfe 0, Train: 1.0000, Val: 0.7647, Test: 0.7797, Best time: 18.2948
After OOD adjustment: Training instances of last class: 0
After OOD adjustment: Testing instances of last class: 51
Epoch: 098, Runtime 0.035470, Loss 0.667323, forward nfe 0, backward nfe 0, Train: 1.0000, Val: 0.7647, Test: 0.7797, Best time: 18.2948
After OOD adjustment: Training instances of last class: 0
After OOD adjustment: Testing instances of last class: 51
Epoch: 099, Runtime 0.035241, Loss 0.622798, forward nfe 0, backward nfe 0, Train: 1.0000, Val: 0.7647, Test: 0.7797, Best time: 18.2948
best val accuracy 0.764706 with test accuracy 0.779695 at epoch 91 and best time 18.294754
base_directory resutls_prob/OOD_Cora
new_name:  bgcn_ODD
file_path 1 resutls_prob/OOD_Cora/bgcn_ODD_prediction_probabilities_78.npz
file_path 2 resutls_prob/OOD_Cora/bgcn_ODD_prediction_probabilities_78.npz
Entropy Threshold: inf Test accuracy: 0.7847715736040609
Entropy Threshold: 2 Test accuracy: 0.7715736040609137
Entropy Threshold: 1.6 Test accuracy: 0.8975155279503105
Entropy Threshold: 1.5 Test accuracy: 0.9193548387096774
Entropy Threshold: 1.4 Test accuracy: 0.95
Entropy Threshold: 1.3 Test accuracy: 0.9818181818181818
Entropy Threshold: 1.2 Test accuracy: 0.9722222222222222
Entropy Threshold: 1.1 Test accuracy: 0.96
Entropy Threshold: 0.9 Test accuracy: 1.0
Entropy Threshold: 0.8 Test accuracy: 1.0
Entropy Threshold: 0.7 Test accuracy: 1.0
Entropy Threshold: 0.6 Test accuracy: None
Entropy Threshold: 0.5 Test accuracy: None
Entropy Threshold: 0.4 Test accuracy: None
Entropy Threshold: 0.3 Test accuracy: None
Entropy Threshold: 0.2 Test accuracy: None
Entropy Threshold: 0.1 Test accuracy: None
