[KeOps] Warning : cuda was detected, but driver API could not be initialized. Switching to cpu only.
Folder already exists: results/cora
experiment: 0
Dataset size (num_nodes): 2485, Intended development set size (num_development): 1500
Dataset size (num_nodes): 2485, Actual development set size (num_development): 1500
rations: train 140, val 1360, test 985
Before OOD adjustment: Total instances of last class: 131
Before OOD adjustment: Training instances of last class: 20
Before OOD adjustment: Testing instances of last class: 55
Before OOD adjustment: Val instances of last class: 56
total train + val+ test 131
After OOD adjustment: Training instances of last class: 0
After OOD adjustment: Testing instances of last class: 55
Total number of classes: 7
number of classes to train: 6
Dataset size (num_nodes): 2485, Intended development set size (num_development): 1500
Dataset size (num_nodes): 2485, Actual development set size (num_development): 1500
rations: train 140, val 1360, test 985
within set_train_val_test_split function!
Before OOD adjustment: Total instances of last class: 131
Before OOD adjustment: Training instances of last class: 20
Before OOD adjustment: Testing instances of last class: 55
Before OOD adjustment: Val instances of last class: 56
total train + val+ test 131
After OOD adjustment: Training instances of last class: 0
After OOD adjustment: Testing instances of last class: 55
MyGCN2(
  (conv1): GCNConv(1433, 80)
  (conv4): GCNConv(80, 6)
)
conv1.bias
torch.Size([80])
conv1.lin.weight
torch.Size([80, 1433])
conv4.bias
torch.Size([6])
conv4.lin.weight
torch.Size([6, 80])
After OOD adjustment: Training instances of last class: 0
After OOD adjustment: Testing instances of last class: 55
Epoch: 001, Runtime 0.038267, Loss 1.807815, forward nfe 0, backward nfe 0, Train: 0.4000, Val: 0.2551, Test: 0.2558, Best time: 18.2948
After OOD adjustment: Training instances of last class: 0
After OOD adjustment: Testing instances of last class: 55
Epoch: 002, Runtime 0.162135, Loss 1.744306, forward nfe 0, backward nfe 0, Train: 0.6417, Val: 0.3853, Test: 0.4091, Best time: 18.2948
After OOD adjustment: Training instances of last class: 0
After OOD adjustment: Testing instances of last class: 55
Epoch: 003, Runtime 0.155876, Loss 1.682068, forward nfe 0, backward nfe 0, Train: 0.7750, Val: 0.4853, Test: 0.5107, Best time: 18.2948
After OOD adjustment: Training instances of last class: 0
After OOD adjustment: Testing instances of last class: 55
Epoch: 004, Runtime 0.156953, Loss 1.621038, forward nfe 0, backward nfe 0, Train: 0.9083, Val: 0.5743, Test: 0.5990, Best time: 18.2948
After OOD adjustment: Training instances of last class: 0
After OOD adjustment: Testing instances of last class: 55
Epoch: 005, Runtime 0.154223, Loss 1.561166, forward nfe 0, backward nfe 0, Train: 0.9250, Val: 0.6140, Test: 0.6508, Best time: 18.2948
After OOD adjustment: Training instances of last class: 0
After OOD adjustment: Testing instances of last class: 55
Epoch: 006, Runtime 0.151168, Loss 1.502417, forward nfe 0, backward nfe 0, Train: 0.9500, Val: 0.6463, Test: 0.6761, Best time: 18.2948
After OOD adjustment: Training instances of last class: 0
After OOD adjustment: Testing instances of last class: 55
Epoch: 007, Runtime 0.155262, Loss 1.444769, forward nfe 0, backward nfe 0, Train: 0.9500, Val: 0.6684, Test: 0.6853, Best time: 18.2948
After OOD adjustment: Training instances of last class: 0
After OOD adjustment: Testing instances of last class: 55
Epoch: 008, Runtime 0.155800, Loss 1.388219, forward nfe 0, backward nfe 0, Train: 0.9583, Val: 0.6875, Test: 0.6924, Best time: 18.2948
After OOD adjustment: Training instances of last class: 0
After OOD adjustment: Testing instances of last class: 55
Epoch: 009, Runtime 0.152915, Loss 1.332778, forward nfe 0, backward nfe 0, Train: 0.9583, Val: 0.6941, Test: 0.7036, Best time: 18.2948
After OOD adjustment: Training instances of last class: 0
After OOD adjustment: Testing instances of last class: 55
Epoch: 010, Runtime 0.150542, Loss 1.278471, forward nfe 0, backward nfe 0, Train: 0.9667, Val: 0.7007, Test: 0.7107, Best time: 18.2948
After OOD adjustment: Training instances of last class: 0
After OOD adjustment: Testing instances of last class: 55
Epoch: 011, Runtime 0.155651, Loss 1.225338, forward nfe 0, backward nfe 0, Train: 0.9667, Val: 0.7081, Test: 0.7188, Best time: 18.2948
After OOD adjustment: Training instances of last class: 0
After OOD adjustment: Testing instances of last class: 55
Epoch: 012, Runtime 0.156704, Loss 1.173423, forward nfe 0, backward nfe 0, Train: 0.9750, Val: 0.7184, Test: 0.7228, Best time: 18.2948
After OOD adjustment: Training instances of last class: 0
After OOD adjustment: Testing instances of last class: 55
Epoch: 013, Runtime 0.153999, Loss 1.122779, forward nfe 0, backward nfe 0, Train: 0.9750, Val: 0.7272, Test: 0.7249, Best time: 18.2948
After OOD adjustment: Training instances of last class: 0
After OOD adjustment: Testing instances of last class: 55
Epoch: 014, Runtime 0.150553, Loss 1.073458, forward nfe 0, backward nfe 0, Train: 0.9833, Val: 0.7353, Test: 0.7269, Best time: 18.2948
After OOD adjustment: Training instances of last class: 0
After OOD adjustment: Testing instances of last class: 55
Epoch: 015, Runtime 0.155483, Loss 1.025512, forward nfe 0, backward nfe 0, Train: 0.9833, Val: 0.7390, Test: 0.7330, Best time: 18.2948
After OOD adjustment: Training instances of last class: 0
After OOD adjustment: Testing instances of last class: 55
Epoch: 016, Runtime 0.156034, Loss 0.978988, forward nfe 0, backward nfe 0, Train: 0.9833, Val: 0.7412, Test: 0.7350, Best time: 18.2948
After OOD adjustment: Training instances of last class: 0
After OOD adjustment: Testing instances of last class: 55
Epoch: 017, Runtime 0.153130, Loss 0.933927, forward nfe 0, backward nfe 0, Train: 0.9833, Val: 0.7426, Test: 0.7360, Best time: 18.2948
After OOD adjustment: Training instances of last class: 0
After OOD adjustment: Testing instances of last class: 55
Epoch: 018, Runtime 0.150777, Loss 0.890365, forward nfe 0, backward nfe 0, Train: 0.9833, Val: 0.7449, Test: 0.7350, Best time: 18.2948
After OOD adjustment: Training instances of last class: 0
After OOD adjustment: Testing instances of last class: 55
Epoch: 019, Runtime 0.154489, Loss 0.848327, forward nfe 0, backward nfe 0, Train: 0.9833, Val: 0.7463, Test: 0.7371, Best time: 18.2948
After OOD adjustment: Training instances of last class: 0
After OOD adjustment: Testing instances of last class: 55
Epoch: 020, Runtime 0.155936, Loss 0.807831, forward nfe 0, backward nfe 0, Train: 0.9833, Val: 0.7471, Test: 0.7391, Best time: 18.2948
After OOD adjustment: Training instances of last class: 0
After OOD adjustment: Testing instances of last class: 55
Epoch: 021, Runtime 0.025567, Loss 0.768886, forward nfe 0, backward nfe 0, Train: 0.9833, Val: 0.7471, Test: 0.7391, Best time: 18.2948
After OOD adjustment: Training instances of last class: 0
After OOD adjustment: Testing instances of last class: 55
Epoch: 022, Runtime 0.023588, Loss 0.731492, forward nfe 0, backward nfe 0, Train: 0.9833, Val: 0.7471, Test: 0.7391, Best time: 18.2948
After OOD adjustment: Training instances of last class: 0
After OOD adjustment: Testing instances of last class: 55
Epoch: 023, Runtime 0.150348, Loss 0.695643, forward nfe 0, backward nfe 0, Train: 0.9917, Val: 0.7478, Test: 0.7411, Best time: 18.2948
After OOD adjustment: Training instances of last class: 0
After OOD adjustment: Testing instances of last class: 55
Epoch: 024, Runtime 0.151982, Loss 0.661324, forward nfe 0, backward nfe 0, Train: 0.9917, Val: 0.7500, Test: 0.7431, Best time: 18.2948
After OOD adjustment: Training instances of last class: 0
After OOD adjustment: Testing instances of last class: 55
Epoch: 025, Runtime 0.153520, Loss 0.628513, forward nfe 0, backward nfe 0, Train: 0.9917, Val: 0.7529, Test: 0.7431, Best time: 18.2948
After OOD adjustment: Training instances of last class: 0
After OOD adjustment: Testing instances of last class: 55
Epoch: 026, Runtime 0.156141, Loss 0.597184, forward nfe 0, backward nfe 0, Train: 0.9917, Val: 0.7544, Test: 0.7442, Best time: 18.2948
After OOD adjustment: Training instances of last class: 0
After OOD adjustment: Testing instances of last class: 55
Epoch: 027, Runtime 0.026294, Loss 0.567306, forward nfe 0, backward nfe 0, Train: 0.9917, Val: 0.7544, Test: 0.7442, Best time: 18.2948
After OOD adjustment: Training instances of last class: 0
After OOD adjustment: Testing instances of last class: 55
Epoch: 028, Runtime 0.153574, Loss 0.538841, forward nfe 0, backward nfe 0, Train: 0.9917, Val: 0.7551, Test: 0.7462, Best time: 18.2948
After OOD adjustment: Training instances of last class: 0
After OOD adjustment: Testing instances of last class: 55
Epoch: 029, Runtime 0.026164, Loss 0.511752, forward nfe 0, backward nfe 0, Train: 0.9917, Val: 0.7551, Test: 0.7462, Best time: 18.2948
After OOD adjustment: Training instances of last class: 0
After OOD adjustment: Testing instances of last class: 55
Epoch: 030, Runtime 0.024289, Loss 0.485995, forward nfe 0, backward nfe 0, Train: 0.9917, Val: 0.7551, Test: 0.7462, Best time: 18.2948
After OOD adjustment: Training instances of last class: 0
After OOD adjustment: Testing instances of last class: 55
Epoch: 031, Runtime 0.151153, Loss 0.461527, forward nfe 0, backward nfe 0, Train: 0.9917, Val: 0.7566, Test: 0.7472, Best time: 18.2948
After OOD adjustment: Training instances of last class: 0
After OOD adjustment: Testing instances of last class: 55
Epoch: 032, Runtime 0.162221, Loss 0.438301, forward nfe 0, backward nfe 0, Train: 0.9917, Val: 0.7574, Test: 0.7472, Best time: 18.2948
After OOD adjustment: Training instances of last class: 0
After OOD adjustment: Testing instances of last class: 55
Epoch: 033, Runtime 0.027619, Loss 0.416271, forward nfe 0, backward nfe 0, Train: 0.9917, Val: 0.7574, Test: 0.7472, Best time: 18.2948
After OOD adjustment: Training instances of last class: 0
After OOD adjustment: Testing instances of last class: 55
Epoch: 034, Runtime 0.026608, Loss 0.395389, forward nfe 0, backward nfe 0, Train: 0.9917, Val: 0.7574, Test: 0.7472, Best time: 18.2948
After OOD adjustment: Training instances of last class: 0
After OOD adjustment: Testing instances of last class: 55
Epoch: 035, Runtime 0.025726, Loss 0.375607, forward nfe 0, backward nfe 0, Train: 0.9917, Val: 0.7574, Test: 0.7472, Best time: 18.2948
After OOD adjustment: Training instances of last class: 0
After OOD adjustment: Testing instances of last class: 55
Epoch: 036, Runtime 0.026351, Loss 0.356879, forward nfe 0, backward nfe 0, Train: 0.9917, Val: 0.7574, Test: 0.7472, Best time: 18.2948
After OOD adjustment: Training instances of last class: 0
After OOD adjustment: Testing instances of last class: 55
Epoch: 037, Runtime 0.161027, Loss 0.339156, forward nfe 0, backward nfe 0, Train: 0.9917, Val: 0.7581, Test: 0.7503, Best time: 18.2948
After OOD adjustment: Training instances of last class: 0
After OOD adjustment: Testing instances of last class: 55
Epoch: 038, Runtime 0.161278, Loss 0.322393, forward nfe 0, backward nfe 0, Train: 0.9917, Val: 0.7596, Test: 0.7513, Best time: 18.2948
After OOD adjustment: Training instances of last class: 0
After OOD adjustment: Testing instances of last class: 55
Epoch: 039, Runtime 0.162215, Loss 0.306542, forward nfe 0, backward nfe 0, Train: 0.9917, Val: 0.7603, Test: 0.7513, Best time: 18.2948
After OOD adjustment: Training instances of last class: 0
After OOD adjustment: Testing instances of last class: 55
Epoch: 040, Runtime 0.162090, Loss 0.291560, forward nfe 0, backward nfe 0, Train: 0.9917, Val: 0.7618, Test: 0.7523, Best time: 18.2948
After OOD adjustment: Training instances of last class: 0
After OOD adjustment: Testing instances of last class: 55
Epoch: 041, Runtime 0.161414, Loss 0.277402, forward nfe 0, backward nfe 0, Train: 0.9917, Val: 0.7640, Test: 0.7533, Best time: 18.2948
After OOD adjustment: Training instances of last class: 0
After OOD adjustment: Testing instances of last class: 55
Epoch: 042, Runtime 0.027142, Loss 0.264027, forward nfe 0, backward nfe 0, Train: 0.9917, Val: 0.7640, Test: 0.7533, Best time: 18.2948
After OOD adjustment: Training instances of last class: 0
After OOD adjustment: Testing instances of last class: 55
Epoch: 043, Runtime 0.026610, Loss 0.251393, forward nfe 0, backward nfe 0, Train: 0.9917, Val: 0.7640, Test: 0.7533, Best time: 18.2948
After OOD adjustment: Training instances of last class: 0
After OOD adjustment: Testing instances of last class: 55
Epoch: 044, Runtime 0.026549, Loss 0.239460, forward nfe 0, backward nfe 0, Train: 0.9917, Val: 0.7640, Test: 0.7533, Best time: 18.2948
After OOD adjustment: Training instances of last class: 0
After OOD adjustment: Testing instances of last class: 55
Epoch: 045, Runtime 0.026243, Loss 0.228192, forward nfe 0, backward nfe 0, Train: 0.9917, Val: 0.7640, Test: 0.7533, Best time: 18.2948
After OOD adjustment: Training instances of last class: 0
After OOD adjustment: Testing instances of last class: 55
Epoch: 046, Runtime 0.026124, Loss 0.217551, forward nfe 0, backward nfe 0, Train: 0.9917, Val: 0.7640, Test: 0.7533, Best time: 18.2948
After OOD adjustment: Training instances of last class: 0
After OOD adjustment: Testing instances of last class: 55
Epoch: 047, Runtime 0.026317, Loss 0.207502, forward nfe 0, backward nfe 0, Train: 0.9917, Val: 0.7640, Test: 0.7533, Best time: 18.2948
After OOD adjustment: Training instances of last class: 0
After OOD adjustment: Testing instances of last class: 55
Epoch: 048, Runtime 0.025967, Loss 0.198013, forward nfe 0, backward nfe 0, Train: 0.9917, Val: 0.7640, Test: 0.7533, Best time: 18.2948
After OOD adjustment: Training instances of last class: 0
After OOD adjustment: Testing instances of last class: 55
Epoch: 049, Runtime 0.026376, Loss 0.189052, forward nfe 0, backward nfe 0, Train: 0.9917, Val: 0.7640, Test: 0.7533, Best time: 18.2948
After OOD adjustment: Training instances of last class: 0
After OOD adjustment: Testing instances of last class: 55
Epoch: 050, Runtime 0.026646, Loss 0.180588, forward nfe 0, backward nfe 0, Train: 0.9917, Val: 0.7640, Test: 0.7533, Best time: 18.2948
After OOD adjustment: Training instances of last class: 0
After OOD adjustment: Testing instances of last class: 55
Epoch: 051, Runtime 0.161469, Loss 0.172594, forward nfe 0, backward nfe 0, Train: 1.0000, Val: 0.7654, Test: 0.7604, Best time: 18.2948
After OOD adjustment: Training instances of last class: 0
After OOD adjustment: Testing instances of last class: 55
Epoch: 052, Runtime 0.164798, Loss 0.165042, forward nfe 0, backward nfe 0, Train: 1.0000, Val: 0.7669, Test: 0.7604, Best time: 18.2948
After OOD adjustment: Training instances of last class: 0
After OOD adjustment: Testing instances of last class: 55
Epoch: 053, Runtime 0.152741, Loss 0.157906, forward nfe 0, backward nfe 0, Train: 1.0000, Val: 0.7676, Test: 0.7594, Best time: 18.2948
After OOD adjustment: Training instances of last class: 0
After OOD adjustment: Testing instances of last class: 55
Epoch: 054, Runtime 0.027670, Loss 0.151163, forward nfe 0, backward nfe 0, Train: 1.0000, Val: 0.7676, Test: 0.7594, Best time: 18.2948
After OOD adjustment: Training instances of last class: 0
After OOD adjustment: Testing instances of last class: 55
Epoch: 055, Runtime 0.156917, Loss 0.144789, forward nfe 0, backward nfe 0, Train: 1.0000, Val: 0.7684, Test: 0.7604, Best time: 18.2948
After OOD adjustment: Training instances of last class: 0
After OOD adjustment: Testing instances of last class: 55
Epoch: 056, Runtime 0.027728, Loss 0.138763, forward nfe 0, backward nfe 0, Train: 1.0000, Val: 0.7684, Test: 0.7604, Best time: 18.2948
After OOD adjustment: Training instances of last class: 0
After OOD adjustment: Testing instances of last class: 55
Epoch: 057, Runtime 0.036875, Loss 0.133065, forward nfe 0, backward nfe 0, Train: 1.0000, Val: 0.7684, Test: 0.7604, Best time: 18.2948
After OOD adjustment: Training instances of last class: 0
After OOD adjustment: Testing instances of last class: 55
Epoch: 058, Runtime 0.029715, Loss 0.127675, forward nfe 0, backward nfe 0, Train: 1.0000, Val: 0.7684, Test: 0.7604, Best time: 18.2948
After OOD adjustment: Training instances of last class: 0
After OOD adjustment: Testing instances of last class: 55
Epoch: 059, Runtime 0.026631, Loss 0.122575, forward nfe 0, backward nfe 0, Train: 1.0000, Val: 0.7684, Test: 0.7604, Best time: 18.2948
After OOD adjustment: Training instances of last class: 0
After OOD adjustment: Testing instances of last class: 55
Epoch: 060, Runtime 0.027054, Loss 0.117749, forward nfe 0, backward nfe 0, Train: 1.0000, Val: 0.7684, Test: 0.7604, Best time: 18.2948
After OOD adjustment: Training instances of last class: 0
After OOD adjustment: Testing instances of last class: 55
Epoch: 061, Runtime 0.027225, Loss 0.113180, forward nfe 0, backward nfe 0, Train: 1.0000, Val: 0.7684, Test: 0.7604, Best time: 18.2948
After OOD adjustment: Training instances of last class: 0
After OOD adjustment: Testing instances of last class: 55
Epoch: 062, Runtime 0.026793, Loss 0.108853, forward nfe 0, backward nfe 0, Train: 1.0000, Val: 0.7684, Test: 0.7604, Best time: 18.2948
After OOD adjustment: Training instances of last class: 0
After OOD adjustment: Testing instances of last class: 55
Epoch: 063, Runtime 0.027234, Loss 0.104754, forward nfe 0, backward nfe 0, Train: 1.0000, Val: 0.7684, Test: 0.7604, Best time: 18.2948
After OOD adjustment: Training instances of last class: 0
After OOD adjustment: Testing instances of last class: 55
Epoch: 064, Runtime 0.027171, Loss 0.100870, forward nfe 0, backward nfe 0, Train: 1.0000, Val: 0.7684, Test: 0.7604, Best time: 18.2948
After OOD adjustment: Training instances of last class: 0
After OOD adjustment: Testing instances of last class: 55
Epoch: 065, Runtime 0.026973, Loss 0.097187, forward nfe 0, backward nfe 0, Train: 1.0000, Val: 0.7684, Test: 0.7604, Best time: 18.2948
After OOD adjustment: Training instances of last class: 0
After OOD adjustment: Testing instances of last class: 55
Epoch: 066, Runtime 0.027133, Loss 0.093695, forward nfe 0, backward nfe 0, Train: 1.0000, Val: 0.7684, Test: 0.7604, Best time: 18.2948
After OOD adjustment: Training instances of last class: 0
After OOD adjustment: Testing instances of last class: 55
Epoch: 067, Runtime 0.027205, Loss 0.090382, forward nfe 0, backward nfe 0, Train: 1.0000, Val: 0.7684, Test: 0.7604, Best time: 18.2948
After OOD adjustment: Training instances of last class: 0
After OOD adjustment: Testing instances of last class: 55
Epoch: 068, Runtime 0.026695, Loss 0.087237, forward nfe 0, backward nfe 0, Train: 1.0000, Val: 0.7684, Test: 0.7604, Best time: 18.2948
After OOD adjustment: Training instances of last class: 0
After OOD adjustment: Testing instances of last class: 55
Epoch: 069, Runtime 0.026862, Loss 0.084250, forward nfe 0, backward nfe 0, Train: 1.0000, Val: 0.7684, Test: 0.7604, Best time: 18.2948
After OOD adjustment: Training instances of last class: 0
After OOD adjustment: Testing instances of last class: 55
Epoch: 070, Runtime 0.026706, Loss 0.081413, forward nfe 0, backward nfe 0, Train: 1.0000, Val: 0.7684, Test: 0.7604, Best time: 18.2948
After OOD adjustment: Training instances of last class: 0
After OOD adjustment: Testing instances of last class: 55
Epoch: 071, Runtime 0.026790, Loss 0.078716, forward nfe 0, backward nfe 0, Train: 1.0000, Val: 0.7684, Test: 0.7604, Best time: 18.2948
After OOD adjustment: Training instances of last class: 0
After OOD adjustment: Testing instances of last class: 55
Epoch: 072, Runtime 0.027156, Loss 0.076152, forward nfe 0, backward nfe 0, Train: 1.0000, Val: 0.7684, Test: 0.7604, Best time: 18.2948
After OOD adjustment: Training instances of last class: 0
After OOD adjustment: Testing instances of last class: 55
Epoch: 073, Runtime 0.026881, Loss 0.073712, forward nfe 0, backward nfe 0, Train: 1.0000, Val: 0.7684, Test: 0.7604, Best time: 18.2948
After OOD adjustment: Training instances of last class: 0
After OOD adjustment: Testing instances of last class: 55
Epoch: 074, Runtime 0.027076, Loss 0.071390, forward nfe 0, backward nfe 0, Train: 1.0000, Val: 0.7684, Test: 0.7604, Best time: 18.2948
After OOD adjustment: Training instances of last class: 0
After OOD adjustment: Testing instances of last class: 55
Epoch: 075, Runtime 0.026990, Loss 0.069178, forward nfe 0, backward nfe 0, Train: 1.0000, Val: 0.7684, Test: 0.7604, Best time: 18.2948
After OOD adjustment: Training instances of last class: 0
After OOD adjustment: Testing instances of last class: 55
Epoch: 076, Runtime 0.027056, Loss 0.067071, forward nfe 0, backward nfe 0, Train: 1.0000, Val: 0.7684, Test: 0.7604, Best time: 18.2948
After OOD adjustment: Training instances of last class: 0
After OOD adjustment: Testing instances of last class: 55
Epoch: 077, Runtime 0.026992, Loss 0.065061, forward nfe 0, backward nfe 0, Train: 1.0000, Val: 0.7684, Test: 0.7604, Best time: 18.2948
After OOD adjustment: Training instances of last class: 0
After OOD adjustment: Testing instances of last class: 55
Epoch: 078, Runtime 0.027386, Loss 0.063144, forward nfe 0, backward nfe 0, Train: 1.0000, Val: 0.7684, Test: 0.7604, Best time: 18.2948
After OOD adjustment: Training instances of last class: 0
After OOD adjustment: Testing instances of last class: 55
Epoch: 079, Runtime 0.026928, Loss 0.061314, forward nfe 0, backward nfe 0, Train: 1.0000, Val: 0.7684, Test: 0.7604, Best time: 18.2948
After OOD adjustment: Training instances of last class: 0
After OOD adjustment: Testing instances of last class: 55
Epoch: 080, Runtime 0.027135, Loss 0.059567, forward nfe 0, backward nfe 0, Train: 1.0000, Val: 0.7684, Test: 0.7604, Best time: 18.2948
After OOD adjustment: Training instances of last class: 0
After OOD adjustment: Testing instances of last class: 55
Epoch: 081, Runtime 0.026800, Loss 0.057897, forward nfe 0, backward nfe 0, Train: 1.0000, Val: 0.7684, Test: 0.7604, Best time: 18.2948
After OOD adjustment: Training instances of last class: 0
After OOD adjustment: Testing instances of last class: 55
Epoch: 082, Runtime 0.026573, Loss 0.056300, forward nfe 0, backward nfe 0, Train: 1.0000, Val: 0.7684, Test: 0.7604, Best time: 18.2948
After OOD adjustment: Training instances of last class: 0
After OOD adjustment: Testing instances of last class: 55
Epoch: 083, Runtime 0.027290, Loss 0.054773, forward nfe 0, backward nfe 0, Train: 1.0000, Val: 0.7684, Test: 0.7604, Best time: 18.2948
After OOD adjustment: Training instances of last class: 0
After OOD adjustment: Testing instances of last class: 55
Epoch: 084, Runtime 0.027198, Loss 0.053311, forward nfe 0, backward nfe 0, Train: 1.0000, Val: 0.7684, Test: 0.7604, Best time: 18.2948
After OOD adjustment: Training instances of last class: 0
After OOD adjustment: Testing instances of last class: 55
Epoch: 085, Runtime 0.026452, Loss 0.051910, forward nfe 0, backward nfe 0, Train: 1.0000, Val: 0.7684, Test: 0.7604, Best time: 18.2948
After OOD adjustment: Training instances of last class: 0
After OOD adjustment: Testing instances of last class: 55
Epoch: 086, Runtime 0.027072, Loss 0.050568, forward nfe 0, backward nfe 0, Train: 1.0000, Val: 0.7684, Test: 0.7604, Best time: 18.2948
After OOD adjustment: Training instances of last class: 0
After OOD adjustment: Testing instances of last class: 55
Epoch: 087, Runtime 0.026832, Loss 0.049281, forward nfe 0, backward nfe 0, Train: 1.0000, Val: 0.7684, Test: 0.7604, Best time: 18.2948
After OOD adjustment: Training instances of last class: 0
After OOD adjustment: Testing instances of last class: 55
Epoch: 088, Runtime 0.026150, Loss 0.048047, forward nfe 0, backward nfe 0, Train: 1.0000, Val: 0.7684, Test: 0.7604, Best time: 18.2948
After OOD adjustment: Training instances of last class: 0
After OOD adjustment: Testing instances of last class: 55
Epoch: 089, Runtime 0.027180, Loss 0.046861, forward nfe 0, backward nfe 0, Train: 1.0000, Val: 0.7684, Test: 0.7604, Best time: 18.2948
After OOD adjustment: Training instances of last class: 0
After OOD adjustment: Testing instances of last class: 55
Epoch: 090, Runtime 0.026792, Loss 0.045723, forward nfe 0, backward nfe 0, Train: 1.0000, Val: 0.7684, Test: 0.7604, Best time: 18.2948
After OOD adjustment: Training instances of last class: 0
After OOD adjustment: Testing instances of last class: 55
Epoch: 091, Runtime 0.026711, Loss 0.044629, forward nfe 0, backward nfe 0, Train: 1.0000, Val: 0.7684, Test: 0.7604, Best time: 18.2948
After OOD adjustment: Training instances of last class: 0
After OOD adjustment: Testing instances of last class: 55
Epoch: 092, Runtime 0.026597, Loss 0.043577, forward nfe 0, backward nfe 0, Train: 1.0000, Val: 0.7684, Test: 0.7604, Best time: 18.2948
After OOD adjustment: Training instances of last class: 0
After OOD adjustment: Testing instances of last class: 55
Epoch: 093, Runtime 0.027225, Loss 0.042565, forward nfe 0, backward nfe 0, Train: 1.0000, Val: 0.7684, Test: 0.7604, Best time: 18.2948
After OOD adjustment: Training instances of last class: 0
After OOD adjustment: Testing instances of last class: 55
Epoch: 094, Runtime 0.026950, Loss 0.041591, forward nfe 0, backward nfe 0, Train: 1.0000, Val: 0.7684, Test: 0.7604, Best time: 18.2948
After OOD adjustment: Training instances of last class: 0
After OOD adjustment: Testing instances of last class: 55
Epoch: 095, Runtime 0.026802, Loss 0.040653, forward nfe 0, backward nfe 0, Train: 1.0000, Val: 0.7684, Test: 0.7604, Best time: 18.2948
After OOD adjustment: Training instances of last class: 0
After OOD adjustment: Testing instances of last class: 55
Epoch: 096, Runtime 0.027038, Loss 0.039748, forward nfe 0, backward nfe 0, Train: 1.0000, Val: 0.7684, Test: 0.7604, Best time: 18.2948
After OOD adjustment: Training instances of last class: 0
After OOD adjustment: Testing instances of last class: 55
Epoch: 097, Runtime 0.024433, Loss 0.038877, forward nfe 0, backward nfe 0, Train: 1.0000, Val: 0.7684, Test: 0.7604, Best time: 18.2948
After OOD adjustment: Training instances of last class: 0
After OOD adjustment: Testing instances of last class: 55
Epoch: 098, Runtime 0.023812, Loss 0.038036, forward nfe 0, backward nfe 0, Train: 1.0000, Val: 0.7684, Test: 0.7604, Best time: 18.2948
After OOD adjustment: Training instances of last class: 0
After OOD adjustment: Testing instances of last class: 55
Epoch: 099, Runtime 0.023896, Loss 0.037225, forward nfe 0, backward nfe 0, Train: 1.0000, Val: 0.7684, Test: 0.7604, Best time: 18.2948
best val accuracy 0.768382 with test accuracy 0.760406 at epoch 55 and best time 18.294754
base_directory resutls_prob/OOD_Cora
new_name:  gnn_ODD
file_path 1 resutls_prob/OOD_Cora/gnn_ODD_prediction_probabilities_49.npz
file_path 2 resutls_prob/OOD_Cora/gnn_ODD_prediction_probabilities_49.npz
Entropy Threshold: inf Test accuracy: 0.7604060913705584
Entropy Threshold: 2 Test accuracy: 0.7604060913705584
Entropy Threshold: 1.6 Test accuracy: 0.8051044083526682
Entropy Threshold: 1.5 Test accuracy: 0.8396349413298566
Entropy Threshold: 1.4 Test accuracy: 0.865979381443299
Entropy Threshold: 1.3 Test accuracy: 0.8913412563667232
Entropy Threshold: 1.2 Test accuracy: 0.9105058365758755
Entropy Threshold: 1.1 Test accuracy: 0.9130434782608695
Entropy Threshold: 0.9 Test accuracy: 0.9337349397590361
Entropy Threshold: 0.8 Test accuracy: 0.9363957597173145
Entropy Threshold: 0.7 Test accuracy: 0.9333333333333333
Entropy Threshold: 0.6 Test accuracy: 0.9375
Entropy Threshold: 0.5 Test accuracy: 0.9507042253521126
Entropy Threshold: 0.4 Test accuracy: 0.941747572815534
Entropy Threshold: 0.3 Test accuracy: 0.9344262295081968
Entropy Threshold: 0.2 Test accuracy: 0.9285714285714286
Entropy Threshold: 0.1 Test accuracy: 1.0
