[KeOps] Warning : cuda was detected, but driver API could not be initialized. Switching to cpu only.
Folder already exists: results/cora
experiment: 0
Dataset size (num_nodes): 2485, Intended development set size (num_development): 1500
Dataset size (num_nodes): 2485, Actual development set size (num_development): 1500
rations: train 140, val 1360, test 985
Before OOD adjustment: Total instances of last class: 131
Before OOD adjustment: Training instances of last class: 20
Before OOD adjustment: Testing instances of last class: 55
Before OOD adjustment: Val instances of last class: 56
total train + val+ test 131
After OOD adjustment: Training instances of last class: 0
After OOD adjustment: Testing instances of last class: 55
Total number of classes: 7
number of classes to train: 6
using file gn_sde.py
sigma 1.0
rtol 0.01
t1 0.01
Dataset size (num_nodes): 2485, Intended development set size (num_development): 1500
Dataset size (num_nodes): 2485, Actual development set size (num_development): 1500
rations: train 140, val 1360, test 985
within set_train_val_test_split function!
Before OOD adjustment: Total instances of last class: 131
Before OOD adjustment: Training instances of last class: 20
Before OOD adjustment: Testing instances of last class: 55
Before OOD adjustment: Val instances of last class: 56
total train + val+ test 131
After OOD adjustment: Training instances of last class: 0
After OOD adjustment: Testing instances of last class: 55
LatentGraphSDE(
  (net): Sequential(
    (0): MyGCN(
      (activation): Softplus(beta=1, threshold=20)
      (conv1): GCNConv(81, 80)
    )
    (1): MyGCN(
      (conv1): GCNConv(80, 80)
    )
  )
  (in_net): MyGCN(
    (conv1): GCNConv(1433, 80)
  )
  (projection_net): Sequential(
    (0): Flatten(start_dim=1, end_dim=-1)
    (1): MyGCN(
      (conv1): GCNConv(80, 6)
    )
  )
)
qy0_mean
torch.Size([1, 80])
qy0_logvar
torch.Size([1, 80])
net.0.conv1.bias
torch.Size([80])
net.0.conv1.lin.weight
torch.Size([80, 81])
net.1.conv1.bias
torch.Size([80])
net.1.conv1.lin.weight
torch.Size([80, 80])
in_net.conv1.bias
torch.Size([80])
in_net.conv1.lin.weight
torch.Size([80, 1433])
projection_net.1.conv1.bias
torch.Size([6])
projection_net.1.conv1.lin.weight
torch.Size([6, 80])
After OOD adjustment: Training instances of last class: 0
After OOD adjustment: Testing instances of last class: 55
Epoch: 001, Runtime 3.612017, Loss 1.785702, forward nfe 0, backward nfe 0, Train: 0.2333, Val: 0.1618, Test: 0.1787, Best time: 18.2948
After OOD adjustment: Training instances of last class: 0
After OOD adjustment: Testing instances of last class: 55
Epoch: 002, Runtime 3.425105, Loss 1.751540, forward nfe 0, backward nfe 0, Train: 0.3583, Val: 0.2390, Test: 0.2508, Best time: 18.2948
After OOD adjustment: Training instances of last class: 0
After OOD adjustment: Testing instances of last class: 55
Epoch: 003, Runtime 3.407679, Loss 1.730935, forward nfe 0, backward nfe 0, Train: 0.5250, Val: 0.2971, Test: 0.2883, Best time: 18.2948
After OOD adjustment: Training instances of last class: 0
After OOD adjustment: Testing instances of last class: 55
Epoch: 004, Runtime 3.402195, Loss 1.701912, forward nfe 0, backward nfe 0, Train: 0.6417, Val: 0.3441, Test: 0.3503, Best time: 18.2948
After OOD adjustment: Training instances of last class: 0
After OOD adjustment: Testing instances of last class: 55
Epoch: 005, Runtime 3.388453, Loss 1.671872, forward nfe 0, backward nfe 0, Train: 0.7500, Val: 0.4316, Test: 0.4528, Best time: 18.2948
After OOD adjustment: Training instances of last class: 0
After OOD adjustment: Testing instances of last class: 55
Epoch: 006, Runtime 3.409817, Loss 1.646947, forward nfe 0, backward nfe 0, Train: 0.8083, Val: 0.4699, Test: 0.4772, Best time: 18.2948
After OOD adjustment: Training instances of last class: 0
After OOD adjustment: Testing instances of last class: 55
Epoch: 007, Runtime 3.392928, Loss 1.603719, forward nfe 0, backward nfe 0, Train: 0.8833, Val: 0.5184, Test: 0.5279, Best time: 18.2948
After OOD adjustment: Training instances of last class: 0
After OOD adjustment: Testing instances of last class: 55
Epoch: 008, Runtime 3.413257, Loss 1.574223, forward nfe 0, backward nfe 0, Train: 0.8750, Val: 0.5699, Test: 0.5503, Best time: 18.2948
After OOD adjustment: Training instances of last class: 0
After OOD adjustment: Testing instances of last class: 55
Epoch: 009, Runtime 3.412331, Loss 1.541831, forward nfe 0, backward nfe 0, Train: 0.9167, Val: 0.5706, Test: 0.5655, Best time: 18.2948
After OOD adjustment: Training instances of last class: 0
After OOD adjustment: Testing instances of last class: 55
Epoch: 010, Runtime 3.418340, Loss 1.508682, forward nfe 0, backward nfe 0, Train: 0.9333, Val: 0.5941, Test: 0.5959, Best time: 18.2948
After OOD adjustment: Training instances of last class: 0
After OOD adjustment: Testing instances of last class: 55
Epoch: 011, Runtime 3.394025, Loss 1.477056, forward nfe 0, backward nfe 0, Train: 0.9250, Val: 0.6000, Test: 0.6112, Best time: 18.2948
After OOD adjustment: Training instances of last class: 0
After OOD adjustment: Testing instances of last class: 55
Epoch: 012, Runtime 3.394722, Loss 1.439371, forward nfe 0, backward nfe 0, Train: 0.9333, Val: 0.6346, Test: 0.6284, Best time: 18.2948
After OOD adjustment: Training instances of last class: 0
After OOD adjustment: Testing instances of last class: 55
Epoch: 013, Runtime 3.403360, Loss 1.400735, forward nfe 0, backward nfe 0, Train: 0.9250, Val: 0.6368, Test: 0.6396, Best time: 18.2948
After OOD adjustment: Training instances of last class: 0
After OOD adjustment: Testing instances of last class: 55
Epoch: 014, Runtime 3.392847, Loss 1.372519, forward nfe 0, backward nfe 0, Train: 0.9417, Val: 0.6618, Test: 0.6589, Best time: 18.2948
After OOD adjustment: Training instances of last class: 0
After OOD adjustment: Testing instances of last class: 55
Epoch: 015, Runtime 3.317051, Loss 1.323527, forward nfe 0, backward nfe 0, Train: 0.9417, Val: 0.6618, Test: 0.6589, Best time: 18.2948
After OOD adjustment: Training instances of last class: 0
After OOD adjustment: Testing instances of last class: 55
Epoch: 016, Runtime 3.398412, Loss 1.279886, forward nfe 0, backward nfe 0, Train: 0.9333, Val: 0.6647, Test: 0.6650, Best time: 18.2948
After OOD adjustment: Training instances of last class: 0
After OOD adjustment: Testing instances of last class: 55
Epoch: 017, Runtime 3.388555, Loss 1.250915, forward nfe 0, backward nfe 0, Train: 0.9500, Val: 0.6662, Test: 0.6680, Best time: 18.2948
After OOD adjustment: Training instances of last class: 0
After OOD adjustment: Testing instances of last class: 55
Epoch: 018, Runtime 3.317122, Loss 1.198018, forward nfe 0, backward nfe 0, Train: 0.9500, Val: 0.6662, Test: 0.6680, Best time: 18.2948
After OOD adjustment: Training instances of last class: 0
After OOD adjustment: Testing instances of last class: 55
Epoch: 019, Runtime 3.394377, Loss 1.163259, forward nfe 0, backward nfe 0, Train: 0.9583, Val: 0.6735, Test: 0.6731, Best time: 18.2948
After OOD adjustment: Training instances of last class: 0
After OOD adjustment: Testing instances of last class: 55
Epoch: 020, Runtime 3.385363, Loss 1.140812, forward nfe 0, backward nfe 0, Train: 0.9667, Val: 0.6875, Test: 0.6802, Best time: 18.2948
After OOD adjustment: Training instances of last class: 0
After OOD adjustment: Testing instances of last class: 55
Epoch: 021, Runtime 3.405177, Loss 1.096002, forward nfe 0, backward nfe 0, Train: 0.9500, Val: 0.6919, Test: 0.6985, Best time: 18.2948
After OOD adjustment: Training instances of last class: 0
After OOD adjustment: Testing instances of last class: 55
Epoch: 022, Runtime 3.305639, Loss 1.063793, forward nfe 0, backward nfe 0, Train: 0.9500, Val: 0.6919, Test: 0.6985, Best time: 18.2948
After OOD adjustment: Training instances of last class: 0
After OOD adjustment: Testing instances of last class: 55
Epoch: 023, Runtime 3.393765, Loss 1.029826, forward nfe 0, backward nfe 0, Train: 0.9750, Val: 0.7037, Test: 0.6924, Best time: 18.2948
After OOD adjustment: Training instances of last class: 0
After OOD adjustment: Testing instances of last class: 55
Epoch: 024, Runtime 3.405733, Loss 0.975318, forward nfe 0, backward nfe 0, Train: 0.9667, Val: 0.7066, Test: 0.6914, Best time: 18.2948
After OOD adjustment: Training instances of last class: 0
After OOD adjustment: Testing instances of last class: 55
Epoch: 025, Runtime 3.396620, Loss 0.950302, forward nfe 0, backward nfe 0, Train: 0.9750, Val: 0.7140, Test: 0.7005, Best time: 18.2948
After OOD adjustment: Training instances of last class: 0
After OOD adjustment: Testing instances of last class: 55
Epoch: 026, Runtime 3.390126, Loss 0.910047, forward nfe 0, backward nfe 0, Train: 0.9667, Val: 0.7199, Test: 0.6995, Best time: 18.2948
After OOD adjustment: Training instances of last class: 0
After OOD adjustment: Testing instances of last class: 55
Epoch: 027, Runtime 3.318363, Loss 0.864146, forward nfe 0, backward nfe 0, Train: 0.9667, Val: 0.7199, Test: 0.6995, Best time: 18.2948
After OOD adjustment: Training instances of last class: 0
After OOD adjustment: Testing instances of last class: 55
Epoch: 028, Runtime 3.306236, Loss 0.839570, forward nfe 0, backward nfe 0, Train: 0.9667, Val: 0.7199, Test: 0.6995, Best time: 18.2948
After OOD adjustment: Training instances of last class: 0
After OOD adjustment: Testing instances of last class: 55
Epoch: 029, Runtime 3.403677, Loss 0.804338, forward nfe 0, backward nfe 0, Train: 0.9750, Val: 0.7346, Test: 0.7066, Best time: 18.2948
After OOD adjustment: Training instances of last class: 0
After OOD adjustment: Testing instances of last class: 55
Epoch: 030, Runtime 3.399083, Loss 0.760222, forward nfe 0, backward nfe 0, Train: 0.9750, Val: 0.7375, Test: 0.7198, Best time: 18.2948
After OOD adjustment: Training instances of last class: 0
After OOD adjustment: Testing instances of last class: 55
Epoch: 031, Runtime 3.400229, Loss 0.750208, forward nfe 0, backward nfe 0, Train: 0.9833, Val: 0.7390, Test: 0.7147, Best time: 18.2948
After OOD adjustment: Training instances of last class: 0
After OOD adjustment: Testing instances of last class: 55
Epoch: 032, Runtime 3.405408, Loss 0.716373, forward nfe 0, backward nfe 0, Train: 0.9750, Val: 0.7485, Test: 0.7147, Best time: 18.2948
After OOD adjustment: Training instances of last class: 0
After OOD adjustment: Testing instances of last class: 55
Epoch: 033, Runtime 3.320458, Loss 0.679136, forward nfe 0, backward nfe 0, Train: 0.9750, Val: 0.7485, Test: 0.7147, Best time: 18.2948
After OOD adjustment: Training instances of last class: 0
After OOD adjustment: Testing instances of last class: 55
Epoch: 034, Runtime 3.394679, Loss 0.656335, forward nfe 0, backward nfe 0, Train: 0.9750, Val: 0.7485, Test: 0.7147, Best time: 18.2948
After OOD adjustment: Training instances of last class: 0
After OOD adjustment: Testing instances of last class: 55
Epoch: 035, Runtime 3.422627, Loss 0.638883, forward nfe 0, backward nfe 0, Train: 0.9750, Val: 0.7485, Test: 0.7147, Best time: 18.2948
After OOD adjustment: Training instances of last class: 0
After OOD adjustment: Testing instances of last class: 55
Epoch: 036, Runtime 3.731866, Loss 0.601678, forward nfe 0, backward nfe 0, Train: 0.9667, Val: 0.7493, Test: 0.7228, Best time: 18.2948
After OOD adjustment: Training instances of last class: 0
After OOD adjustment: Testing instances of last class: 55
Epoch: 037, Runtime 3.794524, Loss 0.568193, forward nfe 0, backward nfe 0, Train: 0.9833, Val: 0.7544, Test: 0.7198, Best time: 18.2948
After OOD adjustment: Training instances of last class: 0
After OOD adjustment: Testing instances of last class: 55
Epoch: 038, Runtime 3.705662, Loss 0.541589, forward nfe 0, backward nfe 0, Train: 0.9833, Val: 0.7544, Test: 0.7198, Best time: 18.2948
After OOD adjustment: Training instances of last class: 0
After OOD adjustment: Testing instances of last class: 55
Epoch: 039, Runtime 3.715490, Loss 0.524877, forward nfe 0, backward nfe 0, Train: 0.9833, Val: 0.7544, Test: 0.7198, Best time: 18.2948
After OOD adjustment: Training instances of last class: 0
After OOD adjustment: Testing instances of last class: 55
Epoch: 040, Runtime 3.793350, Loss 0.505178, forward nfe 0, backward nfe 0, Train: 0.9750, Val: 0.7559, Test: 0.7340, Best time: 18.2948
After OOD adjustment: Training instances of last class: 0
After OOD adjustment: Testing instances of last class: 55
Epoch: 041, Runtime 3.687946, Loss 0.490676, forward nfe 0, backward nfe 0, Train: 0.9750, Val: 0.7559, Test: 0.7340, Best time: 18.2948
After OOD adjustment: Training instances of last class: 0
After OOD adjustment: Testing instances of last class: 55
Epoch: 042, Runtime 3.794647, Loss 0.454056, forward nfe 0, backward nfe 0, Train: 0.9833, Val: 0.7581, Test: 0.7391, Best time: 18.2948
After OOD adjustment: Training instances of last class: 0
After OOD adjustment: Testing instances of last class: 55
Epoch: 043, Runtime 3.662109, Loss 0.452827, forward nfe 0, backward nfe 0, Train: 0.9833, Val: 0.7581, Test: 0.7391, Best time: 18.2948
After OOD adjustment: Training instances of last class: 0
After OOD adjustment: Testing instances of last class: 55
Epoch: 044, Runtime 3.815976, Loss 0.420075, forward nfe 0, backward nfe 0, Train: 0.9833, Val: 0.7596, Test: 0.7401, Best time: 18.2948
After OOD adjustment: Training instances of last class: 0
After OOD adjustment: Testing instances of last class: 55
Epoch: 045, Runtime 3.694732, Loss 0.401653, forward nfe 0, backward nfe 0, Train: 0.9833, Val: 0.7596, Test: 0.7401, Best time: 18.2948
After OOD adjustment: Training instances of last class: 0
After OOD adjustment: Testing instances of last class: 55
Epoch: 046, Runtime 3.701570, Loss 0.393851, forward nfe 0, backward nfe 0, Train: 0.9833, Val: 0.7596, Test: 0.7401, Best time: 18.2948
After OOD adjustment: Training instances of last class: 0
After OOD adjustment: Testing instances of last class: 55
Epoch: 047, Runtime 3.813512, Loss 0.384922, forward nfe 0, backward nfe 0, Train: 0.9833, Val: 0.7647, Test: 0.7371, Best time: 18.2948
After OOD adjustment: Training instances of last class: 0
After OOD adjustment: Testing instances of last class: 55
Epoch: 048, Runtime 3.682864, Loss 0.358016, forward nfe 0, backward nfe 0, Train: 0.9833, Val: 0.7647, Test: 0.7371, Best time: 18.2948
After OOD adjustment: Training instances of last class: 0
After OOD adjustment: Testing instances of last class: 55
Epoch: 049, Runtime 3.806284, Loss 0.331949, forward nfe 0, backward nfe 0, Train: 0.9833, Val: 0.7676, Test: 0.7472, Best time: 18.2948
After OOD adjustment: Training instances of last class: 0
After OOD adjustment: Testing instances of last class: 55
Epoch: 050, Runtime 3.664755, Loss 0.322771, forward nfe 0, backward nfe 0, Train: 0.9833, Val: 0.7676, Test: 0.7472, Best time: 18.2948
After OOD adjustment: Training instances of last class: 0
After OOD adjustment: Testing instances of last class: 55
Epoch: 051, Runtime 3.693640, Loss 0.316532, forward nfe 0, backward nfe 0, Train: 0.9833, Val: 0.7676, Test: 0.7472, Best time: 18.2948
After OOD adjustment: Training instances of last class: 0
After OOD adjustment: Testing instances of last class: 55
Epoch: 052, Runtime 3.726368, Loss 0.287808, forward nfe 0, backward nfe 0, Train: 0.9833, Val: 0.7676, Test: 0.7472, Best time: 18.2948
After OOD adjustment: Training instances of last class: 0
After OOD adjustment: Testing instances of last class: 55
Epoch: 053, Runtime 3.730322, Loss 0.284285, forward nfe 0, backward nfe 0, Train: 0.9833, Val: 0.7676, Test: 0.7472, Best time: 18.2948
After OOD adjustment: Training instances of last class: 0
After OOD adjustment: Testing instances of last class: 55
Epoch: 054, Runtime 3.755876, Loss 0.279598, forward nfe 0, backward nfe 0, Train: 0.9833, Val: 0.7676, Test: 0.7472, Best time: 18.2948
After OOD adjustment: Training instances of last class: 0
After OOD adjustment: Testing instances of last class: 55
Epoch: 055, Runtime 3.692623, Loss 0.267420, forward nfe 0, backward nfe 0, Train: 0.9833, Val: 0.7676, Test: 0.7472, Best time: 18.2948
After OOD adjustment: Training instances of last class: 0
After OOD adjustment: Testing instances of last class: 55
Epoch: 056, Runtime 3.694482, Loss 0.264825, forward nfe 0, backward nfe 0, Train: 0.9833, Val: 0.7676, Test: 0.7472, Best time: 18.2948
After OOD adjustment: Training instances of last class: 0
After OOD adjustment: Testing instances of last class: 55
Epoch: 057, Runtime 3.747785, Loss 0.251787, forward nfe 0, backward nfe 0, Train: 0.9833, Val: 0.7676, Test: 0.7472, Best time: 18.2948
After OOD adjustment: Training instances of last class: 0
After OOD adjustment: Testing instances of last class: 55
Epoch: 058, Runtime 3.736342, Loss 0.242924, forward nfe 0, backward nfe 0, Train: 0.9833, Val: 0.7676, Test: 0.7472, Best time: 18.2948
After OOD adjustment: Training instances of last class: 0
After OOD adjustment: Testing instances of last class: 55
Epoch: 059, Runtime 3.721784, Loss 0.224812, forward nfe 0, backward nfe 0, Train: 0.9833, Val: 0.7676, Test: 0.7472, Best time: 18.2948
After OOD adjustment: Training instances of last class: 0
After OOD adjustment: Testing instances of last class: 55
Epoch: 060, Runtime 3.750472, Loss 0.223725, forward nfe 0, backward nfe 0, Train: 0.9833, Val: 0.7676, Test: 0.7472, Best time: 18.2948
After OOD adjustment: Training instances of last class: 0
After OOD adjustment: Testing instances of last class: 55
Epoch: 061, Runtime 3.705329, Loss 0.208770, forward nfe 0, backward nfe 0, Train: 0.9833, Val: 0.7676, Test: 0.7472, Best time: 18.2948
After OOD adjustment: Training instances of last class: 0
After OOD adjustment: Testing instances of last class: 55
Epoch: 062, Runtime 3.742295, Loss 0.207033, forward nfe 0, backward nfe 0, Train: 0.9833, Val: 0.7676, Test: 0.7472, Best time: 18.2948
After OOD adjustment: Training instances of last class: 0
After OOD adjustment: Testing instances of last class: 55
Epoch: 063, Runtime 3.716747, Loss 0.195417, forward nfe 0, backward nfe 0, Train: 0.9833, Val: 0.7676, Test: 0.7472, Best time: 18.2948
After OOD adjustment: Training instances of last class: 0
After OOD adjustment: Testing instances of last class: 55
Epoch: 064, Runtime 3.741379, Loss 0.200141, forward nfe 0, backward nfe 0, Train: 0.9833, Val: 0.7676, Test: 0.7472, Best time: 18.2948
After OOD adjustment: Training instances of last class: 0
After OOD adjustment: Testing instances of last class: 55
Epoch: 065, Runtime 3.774906, Loss 0.181089, forward nfe 0, backward nfe 0, Train: 0.9833, Val: 0.7676, Test: 0.7472, Best time: 18.2948
After OOD adjustment: Training instances of last class: 0
After OOD adjustment: Testing instances of last class: 55
Epoch: 066, Runtime 3.765854, Loss 0.175311, forward nfe 0, backward nfe 0, Train: 0.9833, Val: 0.7676, Test: 0.7472, Best time: 18.2948
After OOD adjustment: Training instances of last class: 0
After OOD adjustment: Testing instances of last class: 55
Epoch: 067, Runtime 3.731350, Loss 0.172681, forward nfe 0, backward nfe 0, Train: 0.9833, Val: 0.7676, Test: 0.7472, Best time: 18.2948
After OOD adjustment: Training instances of last class: 0
After OOD adjustment: Testing instances of last class: 55
Epoch: 068, Runtime 3.721473, Loss 0.166770, forward nfe 0, backward nfe 0, Train: 0.9833, Val: 0.7676, Test: 0.7472, Best time: 18.2948
After OOD adjustment: Training instances of last class: 0
After OOD adjustment: Testing instances of last class: 55
Epoch: 069, Runtime 3.736133, Loss 0.156837, forward nfe 0, backward nfe 0, Train: 0.9833, Val: 0.7676, Test: 0.7472, Best time: 18.2948
After OOD adjustment: Training instances of last class: 0
After OOD adjustment: Testing instances of last class: 55
Epoch: 070, Runtime 3.749723, Loss 0.160007, forward nfe 0, backward nfe 0, Train: 0.9833, Val: 0.7676, Test: 0.7472, Best time: 18.2948
After OOD adjustment: Training instances of last class: 0
After OOD adjustment: Testing instances of last class: 55
Epoch: 071, Runtime 3.772810, Loss 0.153633, forward nfe 0, backward nfe 0, Train: 0.9833, Val: 0.7676, Test: 0.7472, Best time: 18.2948
After OOD adjustment: Training instances of last class: 0
After OOD adjustment: Testing instances of last class: 55
Epoch: 072, Runtime 3.772016, Loss 0.142296, forward nfe 0, backward nfe 0, Train: 0.9833, Val: 0.7676, Test: 0.7472, Best time: 18.2948
After OOD adjustment: Training instances of last class: 0
After OOD adjustment: Testing instances of last class: 55
Epoch: 073, Runtime 3.749382, Loss 0.135871, forward nfe 0, backward nfe 0, Train: 0.9833, Val: 0.7676, Test: 0.7472, Best time: 18.2948
After OOD adjustment: Training instances of last class: 0
After OOD adjustment: Testing instances of last class: 55
Epoch: 074, Runtime 3.760261, Loss 0.132097, forward nfe 0, backward nfe 0, Train: 0.9833, Val: 0.7676, Test: 0.7472, Best time: 18.2948
After OOD adjustment: Training instances of last class: 0
After OOD adjustment: Testing instances of last class: 55
Epoch: 075, Runtime 3.742855, Loss 0.127970, forward nfe 0, backward nfe 0, Train: 0.9833, Val: 0.7676, Test: 0.7472, Best time: 18.2948
After OOD adjustment: Training instances of last class: 0
After OOD adjustment: Testing instances of last class: 55
Epoch: 076, Runtime 3.757140, Loss 0.123898, forward nfe 0, backward nfe 0, Train: 0.9833, Val: 0.7676, Test: 0.7472, Best time: 18.2948
After OOD adjustment: Training instances of last class: 0
After OOD adjustment: Testing instances of last class: 55
Epoch: 077, Runtime 3.780787, Loss 0.129909, forward nfe 0, backward nfe 0, Train: 0.9833, Val: 0.7676, Test: 0.7472, Best time: 18.2948
After OOD adjustment: Training instances of last class: 0
After OOD adjustment: Testing instances of last class: 55
Epoch: 078, Runtime 3.775444, Loss 0.112919, forward nfe 0, backward nfe 0, Train: 0.9833, Val: 0.7676, Test: 0.7472, Best time: 18.2948
After OOD adjustment: Training instances of last class: 0
After OOD adjustment: Testing instances of last class: 55
Epoch: 079, Runtime 3.718911, Loss 0.113432, forward nfe 0, backward nfe 0, Train: 0.9833, Val: 0.7676, Test: 0.7472, Best time: 18.2948
After OOD adjustment: Training instances of last class: 0
After OOD adjustment: Testing instances of last class: 55
Epoch: 080, Runtime 3.756937, Loss 0.122938, forward nfe 0, backward nfe 0, Train: 0.9833, Val: 0.7676, Test: 0.7472, Best time: 18.2948
After OOD adjustment: Training instances of last class: 0
After OOD adjustment: Testing instances of last class: 55
Epoch: 081, Runtime 3.735990, Loss 0.105688, forward nfe 0, backward nfe 0, Train: 0.9833, Val: 0.7676, Test: 0.7472, Best time: 18.2948
After OOD adjustment: Training instances of last class: 0
After OOD adjustment: Testing instances of last class: 55
Epoch: 082, Runtime 3.749609, Loss 0.107716, forward nfe 0, backward nfe 0, Train: 0.9833, Val: 0.7676, Test: 0.7472, Best time: 18.2948
After OOD adjustment: Training instances of last class: 0
After OOD adjustment: Testing instances of last class: 55
Epoch: 083, Runtime 3.791237, Loss 0.109424, forward nfe 0, backward nfe 0, Train: 0.9833, Val: 0.7676, Test: 0.7472, Best time: 18.2948
After OOD adjustment: Training instances of last class: 0
After OOD adjustment: Testing instances of last class: 55
Epoch: 084, Runtime 3.748198, Loss 0.103890, forward nfe 0, backward nfe 0, Train: 0.9833, Val: 0.7676, Test: 0.7472, Best time: 18.2948
After OOD adjustment: Training instances of last class: 0
After OOD adjustment: Testing instances of last class: 55
Epoch: 085, Runtime 3.733298, Loss 0.099256, forward nfe 0, backward nfe 0, Train: 0.9833, Val: 0.7676, Test: 0.7472, Best time: 18.2948
After OOD adjustment: Training instances of last class: 0
After OOD adjustment: Testing instances of last class: 55
Epoch: 086, Runtime 3.746952, Loss 0.101658, forward nfe 0, backward nfe 0, Train: 0.9833, Val: 0.7676, Test: 0.7472, Best time: 18.2948
After OOD adjustment: Training instances of last class: 0
After OOD adjustment: Testing instances of last class: 55
Epoch: 087, Runtime 3.741888, Loss 0.093885, forward nfe 0, backward nfe 0, Train: 0.9833, Val: 0.7676, Test: 0.7472, Best time: 18.2948
After OOD adjustment: Training instances of last class: 0
After OOD adjustment: Testing instances of last class: 55
Epoch: 088, Runtime 3.723139, Loss 0.088610, forward nfe 0, backward nfe 0, Train: 0.9833, Val: 0.7676, Test: 0.7472, Best time: 18.2948
After OOD adjustment: Training instances of last class: 0
After OOD adjustment: Testing instances of last class: 55
Epoch: 089, Runtime 3.799266, Loss 0.091582, forward nfe 0, backward nfe 0, Train: 0.9833, Val: 0.7676, Test: 0.7472, Best time: 18.2948
After OOD adjustment: Training instances of last class: 0
After OOD adjustment: Testing instances of last class: 55
Epoch: 090, Runtime 3.766145, Loss 0.086026, forward nfe 0, backward nfe 0, Train: 0.9833, Val: 0.7676, Test: 0.7472, Best time: 18.2948
After OOD adjustment: Training instances of last class: 0
After OOD adjustment: Testing instances of last class: 55
Epoch: 091, Runtime 3.737161, Loss 0.084744, forward nfe 0, backward nfe 0, Train: 0.9833, Val: 0.7676, Test: 0.7472, Best time: 18.2948
After OOD adjustment: Training instances of last class: 0
After OOD adjustment: Testing instances of last class: 55
Epoch: 092, Runtime 3.738232, Loss 0.088605, forward nfe 0, backward nfe 0, Train: 0.9833, Val: 0.7676, Test: 0.7472, Best time: 18.2948
After OOD adjustment: Training instances of last class: 0
After OOD adjustment: Testing instances of last class: 55
Epoch: 093, Runtime 3.750160, Loss 0.086302, forward nfe 0, backward nfe 0, Train: 0.9833, Val: 0.7676, Test: 0.7472, Best time: 18.2948
After OOD adjustment: Training instances of last class: 0
After OOD adjustment: Testing instances of last class: 55
Epoch: 094, Runtime 3.772601, Loss 0.080067, forward nfe 0, backward nfe 0, Train: 0.9833, Val: 0.7676, Test: 0.7472, Best time: 18.2948
After OOD adjustment: Training instances of last class: 0
After OOD adjustment: Testing instances of last class: 55
Epoch: 095, Runtime 3.785823, Loss 0.081575, forward nfe 0, backward nfe 0, Train: 0.9833, Val: 0.7676, Test: 0.7472, Best time: 18.2948
After OOD adjustment: Training instances of last class: 0
After OOD adjustment: Testing instances of last class: 55
Epoch: 096, Runtime 3.802189, Loss 0.078645, forward nfe 0, backward nfe 0, Train: 0.9833, Val: 0.7676, Test: 0.7472, Best time: 18.2948
After OOD adjustment: Training instances of last class: 0
After OOD adjustment: Testing instances of last class: 55
Epoch: 097, Runtime 3.767227, Loss 0.072538, forward nfe 0, backward nfe 0, Train: 0.9833, Val: 0.7676, Test: 0.7472, Best time: 18.2948
After OOD adjustment: Training instances of last class: 0
After OOD adjustment: Testing instances of last class: 55
Epoch: 098, Runtime 3.782515, Loss 0.069501, forward nfe 0, backward nfe 0, Train: 0.9833, Val: 0.7676, Test: 0.7472, Best time: 18.2948
After OOD adjustment: Training instances of last class: 0
After OOD adjustment: Testing instances of last class: 55
Epoch: 099, Runtime 3.740414, Loss 0.075702, forward nfe 0, backward nfe 0, Train: 0.9833, Val: 0.7676, Test: 0.7472, Best time: 18.2948
After OOD adjustment: Training instances of last class: 0
After OOD adjustment: Testing instances of last class: 55
Epoch: 100, Runtime 3.752031, Loss 0.066419, forward nfe 0, backward nfe 0, Train: 0.9833, Val: 0.7676, Test: 0.7472, Best time: 18.2948
After OOD adjustment: Training instances of last class: 0
After OOD adjustment: Testing instances of last class: 55
Epoch: 101, Runtime 3.798811, Loss 0.062073, forward nfe 0, backward nfe 0, Train: 0.9833, Val: 0.7676, Test: 0.7472, Best time: 18.2948
After OOD adjustment: Training instances of last class: 0
After OOD adjustment: Testing instances of last class: 55
Epoch: 102, Runtime 3.780252, Loss 0.068610, forward nfe 0, backward nfe 0, Train: 0.9833, Val: 0.7676, Test: 0.7472, Best time: 18.2948
After OOD adjustment: Training instances of last class: 0
After OOD adjustment: Testing instances of last class: 55
Epoch: 103, Runtime 3.766118, Loss 0.061879, forward nfe 0, backward nfe 0, Train: 0.9833, Val: 0.7676, Test: 0.7472, Best time: 18.2948
After OOD adjustment: Training instances of last class: 0
After OOD adjustment: Testing instances of last class: 55
Epoch: 104, Runtime 3.765233, Loss 0.065804, forward nfe 0, backward nfe 0, Train: 0.9833, Val: 0.7676, Test: 0.7472, Best time: 18.2948
After OOD adjustment: Training instances of last class: 0
After OOD adjustment: Testing instances of last class: 55
Epoch: 105, Runtime 3.768307, Loss 0.071245, forward nfe 0, backward nfe 0, Train: 0.9833, Val: 0.7676, Test: 0.7472, Best time: 18.2948
After OOD adjustment: Training instances of last class: 0
After OOD adjustment: Testing instances of last class: 55
Epoch: 106, Runtime 3.779791, Loss 0.065547, forward nfe 0, backward nfe 0, Train: 0.9833, Val: 0.7676, Test: 0.7472, Best time: 18.2948
After OOD adjustment: Training instances of last class: 0
After OOD adjustment: Testing instances of last class: 55
Epoch: 107, Runtime 3.776164, Loss 0.062736, forward nfe 0, backward nfe 0, Train: 0.9833, Val: 0.7676, Test: 0.7472, Best time: 18.2948
After OOD adjustment: Training instances of last class: 0
After OOD adjustment: Testing instances of last class: 55
Epoch: 108, Runtime 3.794597, Loss 0.062432, forward nfe 0, backward nfe 0, Train: 0.9833, Val: 0.7676, Test: 0.7472, Best time: 18.2948
After OOD adjustment: Training instances of last class: 0
After OOD adjustment: Testing instances of last class: 55
Epoch: 109, Runtime 3.780854, Loss 0.056052, forward nfe 0, backward nfe 0, Train: 0.9833, Val: 0.7676, Test: 0.7472, Best time: 18.2948
After OOD adjustment: Training instances of last class: 0
After OOD adjustment: Testing instances of last class: 55
Epoch: 110, Runtime 3.772440, Loss 0.061237, forward nfe 0, backward nfe 0, Train: 0.9833, Val: 0.7676, Test: 0.7472, Best time: 18.2948
After OOD adjustment: Training instances of last class: 0
After OOD adjustment: Testing instances of last class: 55
Epoch: 111, Runtime 3.798925, Loss 0.055671, forward nfe 0, backward nfe 0, Train: 0.9833, Val: 0.7676, Test: 0.7472, Best time: 18.2948
After OOD adjustment: Training instances of last class: 0
After OOD adjustment: Testing instances of last class: 55
Epoch: 112, Runtime 3.738076, Loss 0.052456, forward nfe 0, backward nfe 0, Train: 0.9833, Val: 0.7676, Test: 0.7472, Best time: 18.2948
After OOD adjustment: Training instances of last class: 0
After OOD adjustment: Testing instances of last class: 55
Epoch: 113, Runtime 3.800507, Loss 0.057181, forward nfe 0, backward nfe 0, Train: 0.9833, Val: 0.7676, Test: 0.7472, Best time: 18.2948
After OOD adjustment: Training instances of last class: 0
After OOD adjustment: Testing instances of last class: 55
Epoch: 114, Runtime 3.799175, Loss 0.054252, forward nfe 0, backward nfe 0, Train: 0.9833, Val: 0.7676, Test: 0.7472, Best time: 18.2948
After OOD adjustment: Training instances of last class: 0
After OOD adjustment: Testing instances of last class: 55
Epoch: 115, Runtime 3.776554, Loss 0.053395, forward nfe 0, backward nfe 0, Train: 0.9833, Val: 0.7676, Test: 0.7472, Best time: 18.2948
After OOD adjustment: Training instances of last class: 0
After OOD adjustment: Testing instances of last class: 55
Epoch: 116, Runtime 3.781997, Loss 0.047585, forward nfe 0, backward nfe 0, Train: 0.9833, Val: 0.7676, Test: 0.7472, Best time: 18.2948
After OOD adjustment: Training instances of last class: 0
After OOD adjustment: Testing instances of last class: 55
Epoch: 117, Runtime 3.778548, Loss 0.048063, forward nfe 0, backward nfe 0, Train: 0.9833, Val: 0.7676, Test: 0.7472, Best time: 18.2948
After OOD adjustment: Training instances of last class: 0
After OOD adjustment: Testing instances of last class: 55
Epoch: 118, Runtime 3.788385, Loss 0.045794, forward nfe 0, backward nfe 0, Train: 0.9833, Val: 0.7676, Test: 0.7472, Best time: 18.2948
After OOD adjustment: Training instances of last class: 0
After OOD adjustment: Testing instances of last class: 55
Epoch: 119, Runtime 3.807908, Loss 0.045536, forward nfe 0, backward nfe 0, Train: 0.9833, Val: 0.7676, Test: 0.7472, Best time: 18.2948
After OOD adjustment: Training instances of last class: 0
After OOD adjustment: Testing instances of last class: 55
Epoch: 120, Runtime 3.816403, Loss 0.047828, forward nfe 0, backward nfe 0, Train: 0.9833, Val: 0.7676, Test: 0.7472, Best time: 18.2948
After OOD adjustment: Training instances of last class: 0
After OOD adjustment: Testing instances of last class: 55
Epoch: 121, Runtime 3.768202, Loss 0.047825, forward nfe 0, backward nfe 0, Train: 0.9833, Val: 0.7676, Test: 0.7472, Best time: 18.2948
After OOD adjustment: Training instances of last class: 0
After OOD adjustment: Testing instances of last class: 55
Epoch: 122, Runtime 3.787791, Loss 0.044371, forward nfe 0, backward nfe 0, Train: 0.9833, Val: 0.7676, Test: 0.7472, Best time: 18.2948
After OOD adjustment: Training instances of last class: 0
After OOD adjustment: Testing instances of last class: 55
Epoch: 123, Runtime 3.796620, Loss 0.046300, forward nfe 0, backward nfe 0, Train: 0.9833, Val: 0.7676, Test: 0.7472, Best time: 18.2948
After OOD adjustment: Training instances of last class: 0
After OOD adjustment: Testing instances of last class: 55
Epoch: 124, Runtime 3.812229, Loss 0.047570, forward nfe 0, backward nfe 0, Train: 0.9833, Val: 0.7676, Test: 0.7472, Best time: 18.2948
After OOD adjustment: Training instances of last class: 0
After OOD adjustment: Testing instances of last class: 55
Epoch: 125, Runtime 3.841403, Loss 0.050974, forward nfe 0, backward nfe 0, Train: 0.9833, Val: 0.7676, Test: 0.7472, Best time: 18.2948
After OOD adjustment: Training instances of last class: 0
After OOD adjustment: Testing instances of last class: 55
Epoch: 126, Runtime 3.855561, Loss 0.043674, forward nfe 0, backward nfe 0, Train: 0.9833, Val: 0.7676, Test: 0.7472, Best time: 18.2948
After OOD adjustment: Training instances of last class: 0
After OOD adjustment: Testing instances of last class: 55
Epoch: 127, Runtime 3.787594, Loss 0.047930, forward nfe 0, backward nfe 0, Train: 0.9833, Val: 0.7676, Test: 0.7472, Best time: 18.2948
After OOD adjustment: Training instances of last class: 0
After OOD adjustment: Testing instances of last class: 55
Epoch: 128, Runtime 3.767672, Loss 0.043634, forward nfe 0, backward nfe 0, Train: 0.9833, Val: 0.7676, Test: 0.7472, Best time: 18.2948
After OOD adjustment: Training instances of last class: 0
After OOD adjustment: Testing instances of last class: 55
Epoch: 129, Runtime 3.764193, Loss 0.038791, forward nfe 0, backward nfe 0, Train: 0.9833, Val: 0.7676, Test: 0.7472, Best time: 18.2948
After OOD adjustment: Training instances of last class: 0
After OOD adjustment: Testing instances of last class: 55
Epoch: 130, Runtime 3.763751, Loss 0.044218, forward nfe 0, backward nfe 0, Train: 0.9833, Val: 0.7676, Test: 0.7472, Best time: 18.2948
After OOD adjustment: Training instances of last class: 0
After OOD adjustment: Testing instances of last class: 55
Epoch: 131, Runtime 3.804569, Loss 0.040804, forward nfe 0, backward nfe 0, Train: 0.9833, Val: 0.7676, Test: 0.7472, Best time: 18.2948
After OOD adjustment: Training instances of last class: 0
After OOD adjustment: Testing instances of last class: 55
Epoch: 132, Runtime 3.805497, Loss 0.041931, forward nfe 0, backward nfe 0, Train: 0.9833, Val: 0.7676, Test: 0.7472, Best time: 18.2948
After OOD adjustment: Training instances of last class: 0
After OOD adjustment: Testing instances of last class: 55
Epoch: 133, Runtime 3.799461, Loss 0.044968, forward nfe 0, backward nfe 0, Train: 0.9833, Val: 0.7676, Test: 0.7472, Best time: 18.2948
After OOD adjustment: Training instances of last class: 0
After OOD adjustment: Testing instances of last class: 55
Epoch: 134, Runtime 3.776249, Loss 0.038852, forward nfe 0, backward nfe 0, Train: 0.9833, Val: 0.7676, Test: 0.7472, Best time: 18.2948
After OOD adjustment: Training instances of last class: 0
After OOD adjustment: Testing instances of last class: 55
Epoch: 135, Runtime 3.820322, Loss 0.041919, forward nfe 0, backward nfe 0, Train: 0.9833, Val: 0.7676, Test: 0.7472, Best time: 18.2948
After OOD adjustment: Training instances of last class: 0
After OOD adjustment: Testing instances of last class: 55
Epoch: 136, Runtime 3.811646, Loss 0.036115, forward nfe 0, backward nfe 0, Train: 0.9833, Val: 0.7676, Test: 0.7472, Best time: 18.2948
After OOD adjustment: Training instances of last class: 0
After OOD adjustment: Testing instances of last class: 55
Epoch: 137, Runtime 3.807086, Loss 0.038180, forward nfe 0, backward nfe 0, Train: 0.9833, Val: 0.7676, Test: 0.7472, Best time: 18.2948
After OOD adjustment: Training instances of last class: 0
After OOD adjustment: Testing instances of last class: 55
Epoch: 138, Runtime 3.813184, Loss 0.039922, forward nfe 0, backward nfe 0, Train: 0.9833, Val: 0.7676, Test: 0.7472, Best time: 18.2948
After OOD adjustment: Training instances of last class: 0
After OOD adjustment: Testing instances of last class: 55
Epoch: 139, Runtime 3.821325, Loss 0.035463, forward nfe 0, backward nfe 0, Train: 0.9833, Val: 0.7676, Test: 0.7472, Best time: 18.2948
After OOD adjustment: Training instances of last class: 0
After OOD adjustment: Testing instances of last class: 55
Epoch: 140, Runtime 3.794534, Loss 0.037138, forward nfe 0, backward nfe 0, Train: 0.9833, Val: 0.7676, Test: 0.7472, Best time: 18.2948
After OOD adjustment: Training instances of last class: 0
After OOD adjustment: Testing instances of last class: 55
Epoch: 141, Runtime 3.801374, Loss 0.036090, forward nfe 0, backward nfe 0, Train: 0.9833, Val: 0.7676, Test: 0.7472, Best time: 18.2948
After OOD adjustment: Training instances of last class: 0
After OOD adjustment: Testing instances of last class: 55
Epoch: 142, Runtime 3.801439, Loss 0.039723, forward nfe 0, backward nfe 0, Train: 0.9833, Val: 0.7676, Test: 0.7472, Best time: 18.2948
After OOD adjustment: Training instances of last class: 0
After OOD adjustment: Testing instances of last class: 55
Epoch: 143, Runtime 3.808490, Loss 0.034948, forward nfe 0, backward nfe 0, Train: 0.9833, Val: 0.7676, Test: 0.7472, Best time: 18.2948
After OOD adjustment: Training instances of last class: 0
After OOD adjustment: Testing instances of last class: 55
Epoch: 144, Runtime 3.800281, Loss 0.034391, forward nfe 0, backward nfe 0, Train: 0.9833, Val: 0.7676, Test: 0.7472, Best time: 18.2948
After OOD adjustment: Training instances of last class: 0
After OOD adjustment: Testing instances of last class: 55
Epoch: 145, Runtime 3.824537, Loss 0.033864, forward nfe 0, backward nfe 0, Train: 0.9833, Val: 0.7676, Test: 0.7472, Best time: 18.2948
After OOD adjustment: Training instances of last class: 0
After OOD adjustment: Testing instances of last class: 55
Epoch: 146, Runtime 3.766770, Loss 0.032051, forward nfe 0, backward nfe 0, Train: 0.9833, Val: 0.7676, Test: 0.7472, Best time: 18.2948
After OOD adjustment: Training instances of last class: 0
After OOD adjustment: Testing instances of last class: 55
Epoch: 147, Runtime 3.804554, Loss 0.031413, forward nfe 0, backward nfe 0, Train: 0.9833, Val: 0.7676, Test: 0.7472, Best time: 18.2948
After OOD adjustment: Training instances of last class: 0
After OOD adjustment: Testing instances of last class: 55
Epoch: 148, Runtime 3.764529, Loss 0.037119, forward nfe 0, backward nfe 0, Train: 0.9833, Val: 0.7676, Test: 0.7472, Best time: 18.2948
After OOD adjustment: Training instances of last class: 0
After OOD adjustment: Testing instances of last class: 55
Epoch: 149, Runtime 3.766042, Loss 0.033717, forward nfe 0, backward nfe 0, Train: 0.9833, Val: 0.7676, Test: 0.7472, Best time: 18.2948
After OOD adjustment: Training instances of last class: 0
After OOD adjustment: Testing instances of last class: 55
Epoch: 150, Runtime 3.781256, Loss 0.032445, forward nfe 0, backward nfe 0, Train: 0.9833, Val: 0.7676, Test: 0.7472, Best time: 18.2948
After OOD adjustment: Training instances of last class: 0
After OOD adjustment: Testing instances of last class: 55
Epoch: 151, Runtime 3.783367, Loss 0.032550, forward nfe 0, backward nfe 0, Train: 0.9833, Val: 0.7676, Test: 0.7472, Best time: 18.2948
After OOD adjustment: Training instances of last class: 0
After OOD adjustment: Testing instances of last class: 55
Epoch: 152, Runtime 3.800945, Loss 0.030323, forward nfe 0, backward nfe 0, Train: 0.9833, Val: 0.7676, Test: 0.7472, Best time: 18.2948
After OOD adjustment: Training instances of last class: 0
After OOD adjustment: Testing instances of last class: 55
Epoch: 153, Runtime 3.808550, Loss 0.034436, forward nfe 0, backward nfe 0, Train: 0.9833, Val: 0.7676, Test: 0.7472, Best time: 18.2948
After OOD adjustment: Training instances of last class: 0
After OOD adjustment: Testing instances of last class: 55
Epoch: 154, Runtime 3.803534, Loss 0.032839, forward nfe 0, backward nfe 0, Train: 0.9833, Val: 0.7676, Test: 0.7472, Best time: 18.2948
After OOD adjustment: Training instances of last class: 0
After OOD adjustment: Testing instances of last class: 55
Epoch: 155, Runtime 3.837767, Loss 0.029113, forward nfe 0, backward nfe 0, Train: 0.9833, Val: 0.7676, Test: 0.7472, Best time: 18.2948
After OOD adjustment: Training instances of last class: 0
After OOD adjustment: Testing instances of last class: 55
Epoch: 156, Runtime 3.800134, Loss 0.031808, forward nfe 0, backward nfe 0, Train: 0.9833, Val: 0.7676, Test: 0.7472, Best time: 18.2948
After OOD adjustment: Training instances of last class: 0
After OOD adjustment: Testing instances of last class: 55
Epoch: 157, Runtime 3.794797, Loss 0.029309, forward nfe 0, backward nfe 0, Train: 0.9833, Val: 0.7676, Test: 0.7472, Best time: 18.2948
After OOD adjustment: Training instances of last class: 0
After OOD adjustment: Testing instances of last class: 55
Epoch: 158, Runtime 3.802881, Loss 0.030605, forward nfe 0, backward nfe 0, Train: 0.9833, Val: 0.7676, Test: 0.7472, Best time: 18.2948
After OOD adjustment: Training instances of last class: 0
After OOD adjustment: Testing instances of last class: 55
Epoch: 159, Runtime 3.808000, Loss 0.026642, forward nfe 0, backward nfe 0, Train: 0.9833, Val: 0.7676, Test: 0.7472, Best time: 18.2948
After OOD adjustment: Training instances of last class: 0
After OOD adjustment: Testing instances of last class: 55
Epoch: 160, Runtime 3.821462, Loss 0.031207, forward nfe 0, backward nfe 0, Train: 0.9833, Val: 0.7676, Test: 0.7472, Best time: 18.2948
After OOD adjustment: Training instances of last class: 0
After OOD adjustment: Testing instances of last class: 55
Epoch: 161, Runtime 3.832620, Loss 0.027630, forward nfe 0, backward nfe 0, Train: 0.9833, Val: 0.7676, Test: 0.7472, Best time: 18.2948
After OOD adjustment: Training instances of last class: 0
After OOD adjustment: Testing instances of last class: 55
Epoch: 162, Runtime 3.826008, Loss 0.031476, forward nfe 0, backward nfe 0, Train: 0.9833, Val: 0.7676, Test: 0.7472, Best time: 18.2948
After OOD adjustment: Training instances of last class: 0
After OOD adjustment: Testing instances of last class: 55
Epoch: 163, Runtime 3.813428, Loss 0.028786, forward nfe 0, backward nfe 0, Train: 0.9833, Val: 0.7676, Test: 0.7472, Best time: 18.2948
After OOD adjustment: Training instances of last class: 0
After OOD adjustment: Testing instances of last class: 55
Epoch: 164, Runtime 3.809445, Loss 0.029074, forward nfe 0, backward nfe 0, Train: 0.9833, Val: 0.7676, Test: 0.7472, Best time: 18.2948
After OOD adjustment: Training instances of last class: 0
After OOD adjustment: Testing instances of last class: 55
Epoch: 165, Runtime 3.807521, Loss 0.031751, forward nfe 0, backward nfe 0, Train: 0.9833, Val: 0.7676, Test: 0.7472, Best time: 18.2948
After OOD adjustment: Training instances of last class: 0
After OOD adjustment: Testing instances of last class: 55
Epoch: 166, Runtime 3.808307, Loss 0.028634, forward nfe 0, backward nfe 0, Train: 0.9833, Val: 0.7676, Test: 0.7472, Best time: 18.2948
After OOD adjustment: Training instances of last class: 0
After OOD adjustment: Testing instances of last class: 55
Epoch: 167, Runtime 3.812358, Loss 0.028183, forward nfe 0, backward nfe 0, Train: 0.9833, Val: 0.7676, Test: 0.7472, Best time: 18.2948
After OOD adjustment: Training instances of last class: 0
After OOD adjustment: Testing instances of last class: 55
Epoch: 168, Runtime 3.824858, Loss 0.027300, forward nfe 0, backward nfe 0, Train: 0.9833, Val: 0.7676, Test: 0.7472, Best time: 18.2948
After OOD adjustment: Training instances of last class: 0
After OOD adjustment: Testing instances of last class: 55
Epoch: 169, Runtime 3.804968, Loss 0.025722, forward nfe 0, backward nfe 0, Train: 0.9833, Val: 0.7676, Test: 0.7472, Best time: 18.2948
After OOD adjustment: Training instances of last class: 0
After OOD adjustment: Testing instances of last class: 55
Epoch: 170, Runtime 3.789792, Loss 0.025985, forward nfe 0, backward nfe 0, Train: 0.9833, Val: 0.7676, Test: 0.7472, Best time: 18.2948
After OOD adjustment: Training instances of last class: 0
After OOD adjustment: Testing instances of last class: 55
Epoch: 171, Runtime 3.815476, Loss 0.024991, forward nfe 0, backward nfe 0, Train: 0.9833, Val: 0.7676, Test: 0.7472, Best time: 18.2948
After OOD adjustment: Training instances of last class: 0
After OOD adjustment: Testing instances of last class: 55
Epoch: 172, Runtime 3.827305, Loss 0.024825, forward nfe 0, backward nfe 0, Train: 0.9833, Val: 0.7676, Test: 0.7472, Best time: 18.2948
After OOD adjustment: Training instances of last class: 0
After OOD adjustment: Testing instances of last class: 55
Epoch: 173, Runtime 3.817164, Loss 0.028046, forward nfe 0, backward nfe 0, Train: 0.9833, Val: 0.7676, Test: 0.7472, Best time: 18.2948
After OOD adjustment: Training instances of last class: 0
After OOD adjustment: Testing instances of last class: 55
Epoch: 174, Runtime 3.837631, Loss 0.025903, forward nfe 0, backward nfe 0, Train: 0.9833, Val: 0.7676, Test: 0.7472, Best time: 18.2948
After OOD adjustment: Training instances of last class: 0
After OOD adjustment: Testing instances of last class: 55
Epoch: 175, Runtime 3.773577, Loss 0.027151, forward nfe 0, backward nfe 0, Train: 0.9833, Val: 0.7676, Test: 0.7472, Best time: 18.2948
After OOD adjustment: Training instances of last class: 0
After OOD adjustment: Testing instances of last class: 55
Epoch: 176, Runtime 3.768595, Loss 0.024999, forward nfe 0, backward nfe 0, Train: 0.9833, Val: 0.7676, Test: 0.7472, Best time: 18.2948
After OOD adjustment: Training instances of last class: 0
After OOD adjustment: Testing instances of last class: 55
Epoch: 177, Runtime 3.780030, Loss 0.023201, forward nfe 0, backward nfe 0, Train: 0.9833, Val: 0.7676, Test: 0.7472, Best time: 18.2948
After OOD adjustment: Training instances of last class: 0
After OOD adjustment: Testing instances of last class: 55
Epoch: 178, Runtime 3.802321, Loss 0.027443, forward nfe 0, backward nfe 0, Train: 0.9833, Val: 0.7676, Test: 0.7472, Best time: 18.2948
After OOD adjustment: Training instances of last class: 0
After OOD adjustment: Testing instances of last class: 55
Epoch: 179, Runtime 3.806198, Loss 0.025864, forward nfe 0, backward nfe 0, Train: 0.9833, Val: 0.7676, Test: 0.7472, Best time: 18.2948
After OOD adjustment: Training instances of last class: 0
After OOD adjustment: Testing instances of last class: 55
Epoch: 180, Runtime 3.829214, Loss 0.025266, forward nfe 0, backward nfe 0, Train: 0.9833, Val: 0.7676, Test: 0.7472, Best time: 18.2948
After OOD adjustment: Training instances of last class: 0
After OOD adjustment: Testing instances of last class: 55
Epoch: 181, Runtime 3.802484, Loss 0.023594, forward nfe 0, backward nfe 0, Train: 0.9833, Val: 0.7676, Test: 0.7472, Best time: 18.2948
After OOD adjustment: Training instances of last class: 0
After OOD adjustment: Testing instances of last class: 55
Epoch: 182, Runtime 3.805295, Loss 0.025441, forward nfe 0, backward nfe 0, Train: 0.9833, Val: 0.7676, Test: 0.7472, Best time: 18.2948
After OOD adjustment: Training instances of last class: 0
After OOD adjustment: Testing instances of last class: 55
Epoch: 183, Runtime 3.828533, Loss 0.024489, forward nfe 0, backward nfe 0, Train: 0.9833, Val: 0.7676, Test: 0.7472, Best time: 18.2948
After OOD adjustment: Training instances of last class: 0
After OOD adjustment: Testing instances of last class: 55
Epoch: 184, Runtime 3.801635, Loss 0.020763, forward nfe 0, backward nfe 0, Train: 0.9833, Val: 0.7676, Test: 0.7472, Best time: 18.2948
After OOD adjustment: Training instances of last class: 0
After OOD adjustment: Testing instances of last class: 55
Epoch: 185, Runtime 3.823962, Loss 0.026956, forward nfe 0, backward nfe 0, Train: 0.9833, Val: 0.7676, Test: 0.7472, Best time: 18.2948
After OOD adjustment: Training instances of last class: 0
After OOD adjustment: Testing instances of last class: 55
Epoch: 186, Runtime 3.850433, Loss 0.019566, forward nfe 0, backward nfe 0, Train: 0.9833, Val: 0.7676, Test: 0.7472, Best time: 18.2948
After OOD adjustment: Training instances of last class: 0
After OOD adjustment: Testing instances of last class: 55
Epoch: 187, Runtime 3.771874, Loss 0.021350, forward nfe 0, backward nfe 0, Train: 0.9833, Val: 0.7676, Test: 0.7472, Best time: 18.2948
After OOD adjustment: Training instances of last class: 0
After OOD adjustment: Testing instances of last class: 55
Epoch: 188, Runtime 3.773476, Loss 0.021871, forward nfe 0, backward nfe 0, Train: 0.9833, Val: 0.7676, Test: 0.7472, Best time: 18.2948
After OOD adjustment: Training instances of last class: 0
After OOD adjustment: Testing instances of last class: 55
Epoch: 189, Runtime 3.797273, Loss 0.023200, forward nfe 0, backward nfe 0, Train: 0.9833, Val: 0.7676, Test: 0.7472, Best time: 18.2948
After OOD adjustment: Training instances of last class: 0
After OOD adjustment: Testing instances of last class: 55
Epoch: 190, Runtime 3.802701, Loss 0.019077, forward nfe 0, backward nfe 0, Train: 0.9833, Val: 0.7676, Test: 0.7472, Best time: 18.2948
After OOD adjustment: Training instances of last class: 0
After OOD adjustment: Testing instances of last class: 55
Epoch: 191, Runtime 3.815820, Loss 0.024624, forward nfe 0, backward nfe 0, Train: 0.9833, Val: 0.7676, Test: 0.7472, Best time: 18.2948
After OOD adjustment: Training instances of last class: 0
After OOD adjustment: Testing instances of last class: 55
Epoch: 192, Runtime 3.809551, Loss 0.020309, forward nfe 0, backward nfe 0, Train: 0.9833, Val: 0.7676, Test: 0.7472, Best time: 18.2948
After OOD adjustment: Training instances of last class: 0
After OOD adjustment: Testing instances of last class: 55
Epoch: 193, Runtime 3.793035, Loss 0.020679, forward nfe 0, backward nfe 0, Train: 0.9833, Val: 0.7676, Test: 0.7472, Best time: 18.2948
After OOD adjustment: Training instances of last class: 0
After OOD adjustment: Testing instances of last class: 55
Epoch: 194, Runtime 3.775548, Loss 0.020860, forward nfe 0, backward nfe 0, Train: 0.9833, Val: 0.7676, Test: 0.7472, Best time: 18.2948
After OOD adjustment: Training instances of last class: 0
After OOD adjustment: Testing instances of last class: 55
Epoch: 195, Runtime 3.822145, Loss 0.019678, forward nfe 0, backward nfe 0, Train: 0.9833, Val: 0.7676, Test: 0.7472, Best time: 18.2948
After OOD adjustment: Training instances of last class: 0
After OOD adjustment: Testing instances of last class: 55
Epoch: 196, Runtime 3.815004, Loss 0.021751, forward nfe 0, backward nfe 0, Train: 0.9833, Val: 0.7676, Test: 0.7472, Best time: 18.2948
After OOD adjustment: Training instances of last class: 0
After OOD adjustment: Testing instances of last class: 55
Epoch: 197, Runtime 3.826508, Loss 0.021217, forward nfe 0, backward nfe 0, Train: 0.9833, Val: 0.7676, Test: 0.7472, Best time: 18.2948
After OOD adjustment: Training instances of last class: 0
After OOD adjustment: Testing instances of last class: 55
Epoch: 198, Runtime 3.823540, Loss 0.020486, forward nfe 0, backward nfe 0, Train: 0.9833, Val: 0.7676, Test: 0.7472, Best time: 18.2948
After OOD adjustment: Training instances of last class: 0
After OOD adjustment: Testing instances of last class: 55
Epoch: 199, Runtime 3.773060, Loss 0.021017, forward nfe 0, backward nfe 0, Train: 0.9833, Val: 0.7676, Test: 0.7472, Best time: 18.2948
best val accuracy 0.767647 with test accuracy 0.747208 at epoch 49 and best time 18.294754
base_directory resutls_prob/OOD_Cora
new_name:  lgnsde_ODD
file_path 1 resutls_prob/OOD_Cora/lgnsde_ODD_prediction_probabilities_25.npz
file_path 2 resutls_prob/OOD_Cora/lgnsde_ODD_prediction_probabilities_25.npz
Entropy Threshold: inf Test accuracy: 0.7390862944162436
Entropy Threshold: 2 Test accuracy: 0.7441624365482233
Entropy Threshold: 1.6 Test accuracy: 0.7867360208062418
Entropy Threshold: 1.5 Test accuracy: 0.8206785137318255
Entropy Threshold: 1.4 Test accuracy: 0.841995841995842
Entropy Threshold: 1.3 Test accuracy: 0.8825136612021858
Entropy Threshold: 1.2 Test accuracy: 0.9090909090909091
Entropy Threshold: 1.1 Test accuracy: 0.9330543933054394
Entropy Threshold: 0.9 Test accuracy: 0.9539473684210527
Entropy Threshold: 0.8 Test accuracy: 0.9672131147540983
Entropy Threshold: 0.7 Test accuracy: 0.9659090909090909
Entropy Threshold: 0.6 Test accuracy: 1.0
Entropy Threshold: 0.5 Test accuracy: 1.0
Entropy Threshold: 0.4 Test accuracy: 1.0
Entropy Threshold: 0.3 Test accuracy: 1.0
Entropy Threshold: 0.2 Test accuracy: 1.0
Entropy Threshold: 0.1 Test accuracy: 1.0
