[KeOps] Warning : cuda was detected, but driver API could not be initialized. Switching to cpu only.
Folder already exists: results/computers
experiment: 0
Dataset size (num_nodes): 13381, Intended development set size (num_development): 1500
Dataset size (num_nodes): 13381, Actual development set size (num_development): 1500
rations: train 200, val 1300, test 11881
Before OOD adjustment: Total instances of last class: 283
Before OOD adjustment: Training instances of last class: 20
Before OOD adjustment: Testing instances of last class: 257
Before OOD adjustment: Val instances of last class: 6
total train + val+ test 283
After OOD adjustment: Training instances of last class: 0
After OOD adjustment: Testing instances of last class: 257
Total number of classes: 10
number of classes to train: 9
MyGCN2(
  (conv1): GCNConv(767, 128)
  (conv4): GCNConv(128, 9)
)
conv1.bias
torch.Size([128])
conv1.lin.weight
torch.Size([128, 767])
conv4.bias
torch.Size([9])
conv4.lin.weight
torch.Size([9, 128])
After OOD adjustment: Training instances of last class: 0
After OOD adjustment: Testing instances of last class: 257
Epoch: 001, Runtime 0.829886, Loss 2.512050, forward nfe 0, backward nfe 0, Train: 0.1167, Val: 0.0123, Test: 0.0225, Best time: 3.2490
After OOD adjustment: Training instances of last class: 0
After OOD adjustment: Testing instances of last class: 257
Epoch: 002, Runtime 0.946833, Loss 2.431657, forward nfe 0, backward nfe 0, Train: 0.1111, Val: 0.0292, Test: 0.0365, Best time: 3.2490
After OOD adjustment: Training instances of last class: 0
After OOD adjustment: Testing instances of last class: 257
Epoch: 003, Runtime 0.932643, Loss 2.392587, forward nfe 0, backward nfe 0, Train: 0.1444, Val: 0.0923, Test: 0.0912, Best time: 3.2490
After OOD adjustment: Training instances of last class: 0
After OOD adjustment: Testing instances of last class: 257
Epoch: 004, Runtime 0.906796, Loss 2.218738, forward nfe 0, backward nfe 0, Train: 0.1556, Val: 0.1269, Test: 0.1168, Best time: 3.2490
After OOD adjustment: Training instances of last class: 0
After OOD adjustment: Testing instances of last class: 257
Epoch: 005, Runtime 0.927166, Loss 2.140252, forward nfe 0, backward nfe 0, Train: 0.2722, Val: 0.2269, Test: 0.2231, Best time: 3.2490
After OOD adjustment: Training instances of last class: 0
After OOD adjustment: Testing instances of last class: 257
Epoch: 006, Runtime 0.797532, Loss 2.021320, forward nfe 0, backward nfe 0, Train: 0.2722, Val: 0.2269, Test: 0.2231, Best time: 3.2490
After OOD adjustment: Training instances of last class: 0
After OOD adjustment: Testing instances of last class: 257
Epoch: 007, Runtime 0.786609, Loss 1.931120, forward nfe 0, backward nfe 0, Train: 0.2722, Val: 0.2269, Test: 0.2231, Best time: 3.2490
After OOD adjustment: Training instances of last class: 0
After OOD adjustment: Testing instances of last class: 257
Epoch: 008, Runtime 0.800942, Loss 1.822437, forward nfe 0, backward nfe 0, Train: 0.2722, Val: 0.2269, Test: 0.2231, Best time: 3.2490
After OOD adjustment: Training instances of last class: 0
After OOD adjustment: Testing instances of last class: 257
Epoch: 009, Runtime 0.899449, Loss 1.776356, forward nfe 0, backward nfe 0, Train: 0.4389, Val: 0.2908, Test: 0.2659, Best time: 3.2490
After OOD adjustment: Training instances of last class: 0
After OOD adjustment: Testing instances of last class: 257
Epoch: 010, Runtime 0.909163, Loss 1.721540, forward nfe 0, backward nfe 0, Train: 0.5389, Val: 0.5185, Test: 0.4999, Best time: 3.2490
After OOD adjustment: Training instances of last class: 0
After OOD adjustment: Testing instances of last class: 257
Epoch: 011, Runtime 0.944829, Loss 1.635176, forward nfe 0, backward nfe 0, Train: 0.6000, Val: 0.6192, Test: 0.5873, Best time: 3.2490
After OOD adjustment: Training instances of last class: 0
After OOD adjustment: Testing instances of last class: 257
Epoch: 012, Runtime 0.925997, Loss 1.565606, forward nfe 0, backward nfe 0, Train: 0.5722, Val: 0.6846, Test: 0.6424, Best time: 3.2490
After OOD adjustment: Training instances of last class: 0
After OOD adjustment: Testing instances of last class: 257
Epoch: 013, Runtime 0.908495, Loss 1.498996, forward nfe 0, backward nfe 0, Train: 0.6278, Val: 0.7123, Test: 0.6696, Best time: 3.2490
After OOD adjustment: Training instances of last class: 0
After OOD adjustment: Testing instances of last class: 257
Epoch: 014, Runtime 0.793335, Loss 1.436610, forward nfe 0, backward nfe 0, Train: 0.6278, Val: 0.7123, Test: 0.6696, Best time: 3.2490
After OOD adjustment: Training instances of last class: 0
After OOD adjustment: Testing instances of last class: 257
Epoch: 015, Runtime 0.802416, Loss 1.383816, forward nfe 0, backward nfe 0, Train: 0.6278, Val: 0.7123, Test: 0.6696, Best time: 3.2490
After OOD adjustment: Training instances of last class: 0
After OOD adjustment: Testing instances of last class: 257
Epoch: 016, Runtime 0.804941, Loss 1.337193, forward nfe 0, backward nfe 0, Train: 0.6278, Val: 0.7123, Test: 0.6696, Best time: 3.2490
After OOD adjustment: Training instances of last class: 0
After OOD adjustment: Testing instances of last class: 257
Epoch: 017, Runtime 0.787897, Loss 1.294024, forward nfe 0, backward nfe 0, Train: 0.6278, Val: 0.7123, Test: 0.6696, Best time: 3.2490
After OOD adjustment: Training instances of last class: 0
After OOD adjustment: Testing instances of last class: 257
Epoch: 018, Runtime 0.776314, Loss 1.247212, forward nfe 0, backward nfe 0, Train: 0.6278, Val: 0.7123, Test: 0.6696, Best time: 3.2490
After OOD adjustment: Training instances of last class: 0
After OOD adjustment: Testing instances of last class: 257
Epoch: 019, Runtime 0.782907, Loss 1.195940, forward nfe 0, backward nfe 0, Train: 0.6278, Val: 0.7123, Test: 0.6696, Best time: 3.2490
After OOD adjustment: Training instances of last class: 0
After OOD adjustment: Testing instances of last class: 257
Epoch: 020, Runtime 0.885760, Loss 1.145236, forward nfe 0, backward nfe 0, Train: 0.8500, Val: 0.7423, Test: 0.7445, Best time: 3.2490
After OOD adjustment: Training instances of last class: 0
After OOD adjustment: Testing instances of last class: 257
Epoch: 021, Runtime 0.779156, Loss 1.100520, forward nfe 0, backward nfe 0, Train: 0.8500, Val: 0.7423, Test: 0.7445, Best time: 3.2490
After OOD adjustment: Training instances of last class: 0
After OOD adjustment: Testing instances of last class: 257
Epoch: 022, Runtime 0.774927, Loss 1.065810, forward nfe 0, backward nfe 0, Train: 0.8500, Val: 0.7423, Test: 0.7445, Best time: 3.2490
After OOD adjustment: Training instances of last class: 0
After OOD adjustment: Testing instances of last class: 257
Epoch: 023, Runtime 0.888372, Loss 1.038406, forward nfe 0, backward nfe 0, Train: 0.8167, Val: 0.7538, Test: 0.7506, Best time: 3.2490
After OOD adjustment: Training instances of last class: 0
After OOD adjustment: Testing instances of last class: 257
Epoch: 024, Runtime 0.899975, Loss 1.008983, forward nfe 0, backward nfe 0, Train: 0.8444, Val: 0.7808, Test: 0.7718, Best time: 3.2490
After OOD adjustment: Training instances of last class: 0
After OOD adjustment: Testing instances of last class: 257
Epoch: 025, Runtime 0.893029, Loss 0.973137, forward nfe 0, backward nfe 0, Train: 0.8778, Val: 0.8108, Test: 0.7919, Best time: 3.2490
After OOD adjustment: Training instances of last class: 0
After OOD adjustment: Testing instances of last class: 257
Epoch: 026, Runtime 0.781030, Loss 0.935871, forward nfe 0, backward nfe 0, Train: 0.8778, Val: 0.8108, Test: 0.7919, Best time: 3.2490
After OOD adjustment: Training instances of last class: 0
After OOD adjustment: Testing instances of last class: 257
Epoch: 027, Runtime 0.778830, Loss 0.903183, forward nfe 0, backward nfe 0, Train: 0.8778, Val: 0.8108, Test: 0.7919, Best time: 3.2490
After OOD adjustment: Training instances of last class: 0
After OOD adjustment: Testing instances of last class: 257
Epoch: 028, Runtime 0.780535, Loss 0.876190, forward nfe 0, backward nfe 0, Train: 0.8778, Val: 0.8108, Test: 0.7919, Best time: 3.2490
After OOD adjustment: Training instances of last class: 0
After OOD adjustment: Testing instances of last class: 257
Epoch: 029, Runtime 0.768345, Loss 0.852961, forward nfe 0, backward nfe 0, Train: 0.8778, Val: 0.8108, Test: 0.7919, Best time: 3.2490
After OOD adjustment: Training instances of last class: 0
After OOD adjustment: Testing instances of last class: 257
Epoch: 030, Runtime 0.770127, Loss 0.830684, forward nfe 0, backward nfe 0, Train: 0.8778, Val: 0.8108, Test: 0.7919, Best time: 3.2490
After OOD adjustment: Training instances of last class: 0
After OOD adjustment: Testing instances of last class: 257
Epoch: 031, Runtime 0.772277, Loss 0.806642, forward nfe 0, backward nfe 0, Train: 0.8778, Val: 0.8108, Test: 0.7919, Best time: 3.2490
After OOD adjustment: Training instances of last class: 0
After OOD adjustment: Testing instances of last class: 257
Epoch: 032, Runtime 0.773862, Loss 0.781192, forward nfe 0, backward nfe 0, Train: 0.8778, Val: 0.8108, Test: 0.7919, Best time: 3.2490
After OOD adjustment: Training instances of last class: 0
After OOD adjustment: Testing instances of last class: 257
Epoch: 033, Runtime 0.772124, Loss 0.757622, forward nfe 0, backward nfe 0, Train: 0.8778, Val: 0.8108, Test: 0.7919, Best time: 3.2490
After OOD adjustment: Training instances of last class: 0
After OOD adjustment: Testing instances of last class: 257
Epoch: 034, Runtime 0.885121, Loss 0.737587, forward nfe 0, backward nfe 0, Train: 0.8889, Val: 0.8131, Test: 0.7903, Best time: 3.2490
After OOD adjustment: Training instances of last class: 0
After OOD adjustment: Testing instances of last class: 257
Epoch: 035, Runtime 0.783580, Loss 0.719745, forward nfe 0, backward nfe 0, Train: 0.8889, Val: 0.8131, Test: 0.7903, Best time: 3.2490
After OOD adjustment: Training instances of last class: 0
After OOD adjustment: Testing instances of last class: 257
Epoch: 036, Runtime 0.772734, Loss 0.702071, forward nfe 0, backward nfe 0, Train: 0.8889, Val: 0.8131, Test: 0.7903, Best time: 3.2490
After OOD adjustment: Training instances of last class: 0
After OOD adjustment: Testing instances of last class: 257
Epoch: 037, Runtime 0.782558, Loss 0.683561, forward nfe 0, backward nfe 0, Train: 0.8889, Val: 0.8131, Test: 0.7903, Best time: 3.2490
After OOD adjustment: Training instances of last class: 0
After OOD adjustment: Testing instances of last class: 257
Epoch: 038, Runtime 0.779949, Loss 0.664919, forward nfe 0, backward nfe 0, Train: 0.8889, Val: 0.8131, Test: 0.7903, Best time: 3.2490
After OOD adjustment: Training instances of last class: 0
After OOD adjustment: Testing instances of last class: 257
Epoch: 039, Runtime 0.775341, Loss 0.647782, forward nfe 0, backward nfe 0, Train: 0.8889, Val: 0.8131, Test: 0.7903, Best time: 3.2490
After OOD adjustment: Training instances of last class: 0
After OOD adjustment: Testing instances of last class: 257
Epoch: 040, Runtime 0.784347, Loss 0.632726, forward nfe 0, backward nfe 0, Train: 0.8889, Val: 0.8131, Test: 0.7903, Best time: 3.2490
After OOD adjustment: Training instances of last class: 0
After OOD adjustment: Testing instances of last class: 257
Epoch: 041, Runtime 0.772976, Loss 0.618843, forward nfe 0, backward nfe 0, Train: 0.8889, Val: 0.8131, Test: 0.7903, Best time: 3.2490
After OOD adjustment: Training instances of last class: 0
After OOD adjustment: Testing instances of last class: 257
Epoch: 042, Runtime 0.782128, Loss 0.605247, forward nfe 0, backward nfe 0, Train: 0.8889, Val: 0.8131, Test: 0.7903, Best time: 3.2490
After OOD adjustment: Training instances of last class: 0
After OOD adjustment: Testing instances of last class: 257
Epoch: 043, Runtime 0.773282, Loss 0.591787, forward nfe 0, backward nfe 0, Train: 0.8889, Val: 0.8131, Test: 0.7903, Best time: 3.2490
After OOD adjustment: Training instances of last class: 0
After OOD adjustment: Testing instances of last class: 257
Epoch: 044, Runtime 0.777320, Loss 0.578578, forward nfe 0, backward nfe 0, Train: 0.8889, Val: 0.8131, Test: 0.7903, Best time: 3.2490
After OOD adjustment: Training instances of last class: 0
After OOD adjustment: Testing instances of last class: 257
Epoch: 045, Runtime 0.775089, Loss 0.565862, forward nfe 0, backward nfe 0, Train: 0.8889, Val: 0.8131, Test: 0.7903, Best time: 3.2490
After OOD adjustment: Training instances of last class: 0
After OOD adjustment: Testing instances of last class: 257
Epoch: 046, Runtime 0.774772, Loss 0.553840, forward nfe 0, backward nfe 0, Train: 0.8889, Val: 0.8131, Test: 0.7903, Best time: 3.2490
After OOD adjustment: Training instances of last class: 0
After OOD adjustment: Testing instances of last class: 257
Epoch: 047, Runtime 0.777236, Loss 0.542425, forward nfe 0, backward nfe 0, Train: 0.8889, Val: 0.8131, Test: 0.7903, Best time: 3.2490
After OOD adjustment: Training instances of last class: 0
After OOD adjustment: Testing instances of last class: 257
Epoch: 048, Runtime 0.783971, Loss 0.531542, forward nfe 0, backward nfe 0, Train: 0.8889, Val: 0.8131, Test: 0.7903, Best time: 3.2490
After OOD adjustment: Training instances of last class: 0
After OOD adjustment: Testing instances of last class: 257
Epoch: 049, Runtime 0.782370, Loss 0.521224, forward nfe 0, backward nfe 0, Train: 0.8889, Val: 0.8131, Test: 0.7903, Best time: 3.2490
After OOD adjustment: Training instances of last class: 0
After OOD adjustment: Testing instances of last class: 257
Epoch: 050, Runtime 0.795562, Loss 0.511351, forward nfe 0, backward nfe 0, Train: 0.8889, Val: 0.8131, Test: 0.7903, Best time: 3.2490
After OOD adjustment: Training instances of last class: 0
After OOD adjustment: Testing instances of last class: 257
Epoch: 051, Runtime 0.778593, Loss 0.501798, forward nfe 0, backward nfe 0, Train: 0.8889, Val: 0.8131, Test: 0.7903, Best time: 3.2490
After OOD adjustment: Training instances of last class: 0
After OOD adjustment: Testing instances of last class: 257
Epoch: 052, Runtime 0.788123, Loss 0.492564, forward nfe 0, backward nfe 0, Train: 0.8889, Val: 0.8131, Test: 0.7903, Best time: 3.2490
After OOD adjustment: Training instances of last class: 0
After OOD adjustment: Testing instances of last class: 257
Epoch: 053, Runtime 0.778512, Loss 0.483626, forward nfe 0, backward nfe 0, Train: 0.8889, Val: 0.8131, Test: 0.7903, Best time: 3.2490
After OOD adjustment: Training instances of last class: 0
After OOD adjustment: Testing instances of last class: 257
Epoch: 054, Runtime 0.778040, Loss 0.475007, forward nfe 0, backward nfe 0, Train: 0.8889, Val: 0.8131, Test: 0.7903, Best time: 3.2490
After OOD adjustment: Training instances of last class: 0
After OOD adjustment: Testing instances of last class: 257
Epoch: 055, Runtime 0.792662, Loss 0.466792, forward nfe 0, backward nfe 0, Train: 0.8889, Val: 0.8131, Test: 0.7903, Best time: 3.2490
After OOD adjustment: Training instances of last class: 0
After OOD adjustment: Testing instances of last class: 257
Epoch: 056, Runtime 0.784626, Loss 0.458941, forward nfe 0, backward nfe 0, Train: 0.8889, Val: 0.8131, Test: 0.7903, Best time: 3.2490
After OOD adjustment: Training instances of last class: 0
After OOD adjustment: Testing instances of last class: 257
Epoch: 057, Runtime 0.786517, Loss 0.451363, forward nfe 0, backward nfe 0, Train: 0.8889, Val: 0.8131, Test: 0.7903, Best time: 3.2490
After OOD adjustment: Training instances of last class: 0
After OOD adjustment: Testing instances of last class: 257
Epoch: 058, Runtime 0.781169, Loss 0.444027, forward nfe 0, backward nfe 0, Train: 0.8889, Val: 0.8131, Test: 0.7903, Best time: 3.2490
After OOD adjustment: Training instances of last class: 0
After OOD adjustment: Testing instances of last class: 257
Epoch: 059, Runtime 0.781449, Loss 0.436889, forward nfe 0, backward nfe 0, Train: 0.8889, Val: 0.8131, Test: 0.7903, Best time: 3.2490
After OOD adjustment: Training instances of last class: 0
After OOD adjustment: Testing instances of last class: 257
Epoch: 060, Runtime 0.784505, Loss 0.429946, forward nfe 0, backward nfe 0, Train: 0.8889, Val: 0.8131, Test: 0.7903, Best time: 3.2490
After OOD adjustment: Training instances of last class: 0
After OOD adjustment: Testing instances of last class: 257
Epoch: 061, Runtime 0.787097, Loss 0.423267, forward nfe 0, backward nfe 0, Train: 0.8889, Val: 0.8131, Test: 0.7903, Best time: 3.2490
After OOD adjustment: Training instances of last class: 0
After OOD adjustment: Testing instances of last class: 257
Epoch: 062, Runtime 0.775243, Loss 0.416865, forward nfe 0, backward nfe 0, Train: 0.8889, Val: 0.8131, Test: 0.7903, Best time: 3.2490
After OOD adjustment: Training instances of last class: 0
After OOD adjustment: Testing instances of last class: 257
Epoch: 063, Runtime 0.781323, Loss 0.410712, forward nfe 0, backward nfe 0, Train: 0.8889, Val: 0.8131, Test: 0.7903, Best time: 3.2490
After OOD adjustment: Training instances of last class: 0
After OOD adjustment: Testing instances of last class: 257
Epoch: 064, Runtime 0.784914, Loss 0.404777, forward nfe 0, backward nfe 0, Train: 0.8889, Val: 0.8131, Test: 0.7903, Best time: 3.2490
After OOD adjustment: Training instances of last class: 0
After OOD adjustment: Testing instances of last class: 257
Epoch: 065, Runtime 0.776900, Loss 0.398997, forward nfe 0, backward nfe 0, Train: 0.8889, Val: 0.8131, Test: 0.7903, Best time: 3.2490
After OOD adjustment: Training instances of last class: 0
After OOD adjustment: Testing instances of last class: 257
Epoch: 066, Runtime 0.783799, Loss 0.393350, forward nfe 0, backward nfe 0, Train: 0.8889, Val: 0.8131, Test: 0.7903, Best time: 3.2490
After OOD adjustment: Training instances of last class: 0
After OOD adjustment: Testing instances of last class: 257
Epoch: 067, Runtime 0.782641, Loss 0.387863, forward nfe 0, backward nfe 0, Train: 0.8889, Val: 0.8131, Test: 0.7903, Best time: 3.2490
After OOD adjustment: Training instances of last class: 0
After OOD adjustment: Testing instances of last class: 257
Epoch: 068, Runtime 0.781823, Loss 0.382542, forward nfe 0, backward nfe 0, Train: 0.8889, Val: 0.8131, Test: 0.7903, Best time: 3.2490
After OOD adjustment: Training instances of last class: 0
After OOD adjustment: Testing instances of last class: 257
Epoch: 069, Runtime 0.772790, Loss 0.377391, forward nfe 0, backward nfe 0, Train: 0.8889, Val: 0.8131, Test: 0.7903, Best time: 3.2490
After OOD adjustment: Training instances of last class: 0
After OOD adjustment: Testing instances of last class: 257
Epoch: 070, Runtime 0.775757, Loss 0.372406, forward nfe 0, backward nfe 0, Train: 0.8889, Val: 0.8131, Test: 0.7903, Best time: 3.2490
After OOD adjustment: Training instances of last class: 0
After OOD adjustment: Testing instances of last class: 257
Epoch: 071, Runtime 0.773785, Loss 0.367557, forward nfe 0, backward nfe 0, Train: 0.8889, Val: 0.8131, Test: 0.7903, Best time: 3.2490
After OOD adjustment: Training instances of last class: 0
After OOD adjustment: Testing instances of last class: 257
Epoch: 072, Runtime 0.773337, Loss 0.362833, forward nfe 0, backward nfe 0, Train: 0.8889, Val: 0.8131, Test: 0.7903, Best time: 3.2490
After OOD adjustment: Training instances of last class: 0
After OOD adjustment: Testing instances of last class: 257
Epoch: 073, Runtime 0.773575, Loss 0.358238, forward nfe 0, backward nfe 0, Train: 0.8889, Val: 0.8131, Test: 0.7903, Best time: 3.2490
After OOD adjustment: Training instances of last class: 0
After OOD adjustment: Testing instances of last class: 257
Epoch: 074, Runtime 0.773868, Loss 0.353763, forward nfe 0, backward nfe 0, Train: 0.8889, Val: 0.8131, Test: 0.7903, Best time: 3.2490
After OOD adjustment: Training instances of last class: 0
After OOD adjustment: Testing instances of last class: 257
Epoch: 075, Runtime 0.764321, Loss 0.349411, forward nfe 0, backward nfe 0, Train: 0.8889, Val: 0.8131, Test: 0.7903, Best time: 3.2490
After OOD adjustment: Training instances of last class: 0
After OOD adjustment: Testing instances of last class: 257
Epoch: 076, Runtime 0.775243, Loss 0.345174, forward nfe 0, backward nfe 0, Train: 0.8889, Val: 0.8131, Test: 0.7903, Best time: 3.2490
After OOD adjustment: Training instances of last class: 0
After OOD adjustment: Testing instances of last class: 257
Epoch: 077, Runtime 0.792236, Loss 0.341040, forward nfe 0, backward nfe 0, Train: 0.8889, Val: 0.8131, Test: 0.7903, Best time: 3.2490
After OOD adjustment: Training instances of last class: 0
After OOD adjustment: Testing instances of last class: 257
Epoch: 078, Runtime 0.781926, Loss 0.337009, forward nfe 0, backward nfe 0, Train: 0.8889, Val: 0.8131, Test: 0.7903, Best time: 3.2490
After OOD adjustment: Training instances of last class: 0
After OOD adjustment: Testing instances of last class: 257
Epoch: 079, Runtime 0.789249, Loss 0.333075, forward nfe 0, backward nfe 0, Train: 0.8889, Val: 0.8131, Test: 0.7903, Best time: 3.2490
After OOD adjustment: Training instances of last class: 0
After OOD adjustment: Testing instances of last class: 257
Epoch: 080, Runtime 0.781015, Loss 0.329234, forward nfe 0, backward nfe 0, Train: 0.8889, Val: 0.8131, Test: 0.7903, Best time: 3.2490
After OOD adjustment: Training instances of last class: 0
After OOD adjustment: Testing instances of last class: 257
Epoch: 081, Runtime 0.784099, Loss 0.325488, forward nfe 0, backward nfe 0, Train: 0.8889, Val: 0.8131, Test: 0.7903, Best time: 3.2490
After OOD adjustment: Training instances of last class: 0
After OOD adjustment: Testing instances of last class: 257
Epoch: 082, Runtime 0.793189, Loss 0.321827, forward nfe 0, backward nfe 0, Train: 0.8889, Val: 0.8131, Test: 0.7903, Best time: 3.2490
After OOD adjustment: Training instances of last class: 0
After OOD adjustment: Testing instances of last class: 257
Epoch: 083, Runtime 0.781803, Loss 0.318248, forward nfe 0, backward nfe 0, Train: 0.8889, Val: 0.8131, Test: 0.7903, Best time: 3.2490
After OOD adjustment: Training instances of last class: 0
After OOD adjustment: Testing instances of last class: 257
Epoch: 084, Runtime 0.784716, Loss 0.314748, forward nfe 0, backward nfe 0, Train: 0.8889, Val: 0.8131, Test: 0.7903, Best time: 3.2490
After OOD adjustment: Training instances of last class: 0
After OOD adjustment: Testing instances of last class: 257
Epoch: 085, Runtime 0.780974, Loss 0.311324, forward nfe 0, backward nfe 0, Train: 0.8889, Val: 0.8131, Test: 0.7903, Best time: 3.2490
After OOD adjustment: Training instances of last class: 0
After OOD adjustment: Testing instances of last class: 257
Epoch: 086, Runtime 0.791219, Loss 0.307976, forward nfe 0, backward nfe 0, Train: 0.8889, Val: 0.8131, Test: 0.7903, Best time: 3.2490
After OOD adjustment: Training instances of last class: 0
After OOD adjustment: Testing instances of last class: 257
Epoch: 087, Runtime 0.790120, Loss 0.304701, forward nfe 0, backward nfe 0, Train: 0.8889, Val: 0.8131, Test: 0.7903, Best time: 3.2490
After OOD adjustment: Training instances of last class: 0
After OOD adjustment: Testing instances of last class: 257
Epoch: 088, Runtime 0.786203, Loss 0.301498, forward nfe 0, backward nfe 0, Train: 0.8889, Val: 0.8131, Test: 0.7903, Best time: 3.2490
After OOD adjustment: Training instances of last class: 0
After OOD adjustment: Testing instances of last class: 257
Epoch: 089, Runtime 0.780851, Loss 0.298363, forward nfe 0, backward nfe 0, Train: 0.8889, Val: 0.8131, Test: 0.7903, Best time: 3.2490
After OOD adjustment: Training instances of last class: 0
After OOD adjustment: Testing instances of last class: 257
Epoch: 090, Runtime 0.782239, Loss 0.295291, forward nfe 0, backward nfe 0, Train: 0.8889, Val: 0.8131, Test: 0.7903, Best time: 3.2490
After OOD adjustment: Training instances of last class: 0
After OOD adjustment: Testing instances of last class: 257
Epoch: 091, Runtime 0.774568, Loss 0.292280, forward nfe 0, backward nfe 0, Train: 0.8889, Val: 0.8131, Test: 0.7903, Best time: 3.2490
After OOD adjustment: Training instances of last class: 0
After OOD adjustment: Testing instances of last class: 257
Epoch: 092, Runtime 0.787850, Loss 0.289328, forward nfe 0, backward nfe 0, Train: 0.8889, Val: 0.8131, Test: 0.7903, Best time: 3.2490
After OOD adjustment: Training instances of last class: 0
After OOD adjustment: Testing instances of last class: 257
Epoch: 093, Runtime 0.784225, Loss 0.286435, forward nfe 0, backward nfe 0, Train: 0.8889, Val: 0.8131, Test: 0.7903, Best time: 3.2490
After OOD adjustment: Training instances of last class: 0
After OOD adjustment: Testing instances of last class: 257
Epoch: 094, Runtime 0.778055, Loss 0.283599, forward nfe 0, backward nfe 0, Train: 0.8889, Val: 0.8131, Test: 0.7903, Best time: 3.2490
After OOD adjustment: Training instances of last class: 0
After OOD adjustment: Testing instances of last class: 257
Epoch: 095, Runtime 0.774433, Loss 0.280818, forward nfe 0, backward nfe 0, Train: 0.8889, Val: 0.8131, Test: 0.7903, Best time: 3.2490
After OOD adjustment: Training instances of last class: 0
After OOD adjustment: Testing instances of last class: 257
Epoch: 096, Runtime 0.776203, Loss 0.278090, forward nfe 0, backward nfe 0, Train: 0.8889, Val: 0.8131, Test: 0.7903, Best time: 3.2490
After OOD adjustment: Training instances of last class: 0
After OOD adjustment: Testing instances of last class: 257
Epoch: 097, Runtime 0.782663, Loss 0.275414, forward nfe 0, backward nfe 0, Train: 0.8889, Val: 0.8131, Test: 0.7903, Best time: 3.2490
After OOD adjustment: Training instances of last class: 0
After OOD adjustment: Testing instances of last class: 257
Epoch: 098, Runtime 0.799715, Loss 0.272786, forward nfe 0, backward nfe 0, Train: 0.8889, Val: 0.8131, Test: 0.7903, Best time: 3.2490
After OOD adjustment: Training instances of last class: 0
After OOD adjustment: Testing instances of last class: 257
Epoch: 099, Runtime 0.779300, Loss 0.270206, forward nfe 0, backward nfe 0, Train: 0.8889, Val: 0.8131, Test: 0.7903, Best time: 3.2490
best val accuracy 0.813077 with test accuracy 0.790338 at epoch 34 and best time 3.249016
base_directory resutls_prob/OOD_Computers
new_name:  gnn_ODD
file_path 1 resutls_prob/OOD_Computers/gnn_ODD_prediction_probabilities_38.npz
file_path 2 resutls_prob/OOD_Computers/gnn_ODD_prediction_probabilities_38.npz
Entropy Threshold: inf Test accuracy: 0.7903375136772999
Entropy Threshold: 2 Test accuracy: 0.8346925972396487
Entropy Threshold: 1.6 Test accuracy: 0.8921438082556591
Entropy Threshold: 1.5 Test accuracy: 0.8980176211453744
Entropy Threshold: 1.4 Test accuracy: 0.9054367431074465
Entropy Threshold: 1.3 Test accuracy: 0.9080459770114943
Entropy Threshold: 1.2 Test accuracy: 0.9097909790979097
Entropy Threshold: 1.1 Test accuracy: 0.9112676056338028
Entropy Threshold: 0.9 Test accuracy: 0.9440267335004177
Entropy Threshold: 0.8 Test accuracy: 0.9589189189189189
Entropy Threshold: 0.7 Test accuracy: 0.9708879184861717
Entropy Threshold: 0.6 Test accuracy: 0.973384030418251
Entropy Threshold: 0.5 Test accuracy: 0.9783783783783784
Entropy Threshold: 0.4 Test accuracy: 0.9711934156378601
Entropy Threshold: 0.3 Test accuracy: 0.9637681159420289
Entropy Threshold: 0.2 Test accuracy: 0.9696969696969697
Entropy Threshold: 0.1 Test accuracy: 0.9090909090909091
