[KeOps] Warning : cuda was detected, but driver API could not be initialized. Switching to cpu only.
Folder already exists: results/citeseer
experiment: 0
Dataset size (num_nodes): 2120, Intended development set size (num_development): 1500
Dataset size (num_nodes): 2120, Actual development set size (num_development): 1500
rations: train 120, val 1380, test 620
Before OOD adjustment: Total instances of last class: 304
Before OOD adjustment: Training instances of last class: 20
Before OOD adjustment: Testing instances of last class: 93
Before OOD adjustment: Val instances of last class: 191
total train + val+ test 304
After OOD adjustment: Training instances of last class: 0
After OOD adjustment: Testing instances of last class: 93
Total number of classes: 6
number of classes to train: 5
Dataset size (num_nodes): 2120, Intended development set size (num_development): 1500
Dataset size (num_nodes): 2120, Actual development set size (num_development): 1500
rations: train 120, val 1380, test 620
within set_train_val_test_split function!
Before OOD adjustment: Total instances of last class: 304
Before OOD adjustment: Training instances of last class: 20
Before OOD adjustment: Testing instances of last class: 110
Before OOD adjustment: Val instances of last class: 174
total train + val+ test 304
After OOD adjustment: Training instances of last class: 0
After OOD adjustment: Testing instances of last class: 110
MyGCN2(
  (conv1): GCNConv(3703, 80)
  (conv4): GCNConv(80, 5)
)
conv1.bias
torch.Size([80])
conv1.lin.weight
torch.Size([80, 3703])
conv4.bias
torch.Size([5])
conv4.lin.weight
torch.Size([5, 80])
After OOD adjustment: Training instances of last class: 0
After OOD adjustment: Testing instances of last class: 110
Epoch: 001, Runtime 0.059106, Loss 1.603980, forward nfe 0, backward nfe 0, Train: 0.7400, Val: 0.3957, Test: 0.3516, Best time: 7.8741
After OOD adjustment: Training instances of last class: 0
After OOD adjustment: Testing instances of last class: 110
Epoch: 002, Runtime 0.155485, Loss 1.492512, forward nfe 0, backward nfe 0, Train: 0.9400, Val: 0.5261, Test: 0.4645, Best time: 7.8741
After OOD adjustment: Training instances of last class: 0
After OOD adjustment: Testing instances of last class: 110
Epoch: 003, Runtime 0.141997, Loss 1.385963, forward nfe 0, backward nfe 0, Train: 0.9700, Val: 0.5870, Test: 0.5306, Best time: 7.8741
After OOD adjustment: Training instances of last class: 0
After OOD adjustment: Testing instances of last class: 110
Epoch: 004, Runtime 0.145573, Loss 1.284335, forward nfe 0, backward nfe 0, Train: 0.9700, Val: 0.6080, Test: 0.5629, Best time: 7.8741
After OOD adjustment: Training instances of last class: 0
After OOD adjustment: Testing instances of last class: 110
Epoch: 005, Runtime 0.146472, Loss 1.187740, forward nfe 0, backward nfe 0, Train: 0.9800, Val: 0.6203, Test: 0.5726, Best time: 7.8741
After OOD adjustment: Training instances of last class: 0
After OOD adjustment: Testing instances of last class: 110
Epoch: 006, Runtime 0.151005, Loss 1.096339, forward nfe 0, backward nfe 0, Train: 0.9800, Val: 0.6370, Test: 0.5855, Best time: 7.8741
After OOD adjustment: Training instances of last class: 0
After OOD adjustment: Testing instances of last class: 110
Epoch: 007, Runtime 0.048693, Loss 1.010267, forward nfe 0, backward nfe 0, Train: 0.9800, Val: 0.6370, Test: 0.5855, Best time: 7.8741
After OOD adjustment: Training instances of last class: 0
After OOD adjustment: Testing instances of last class: 110
Epoch: 008, Runtime 0.046310, Loss 0.929597, forward nfe 0, backward nfe 0, Train: 0.9800, Val: 0.6370, Test: 0.5855, Best time: 7.8741
After OOD adjustment: Training instances of last class: 0
After OOD adjustment: Testing instances of last class: 110
Epoch: 009, Runtime 0.146895, Loss 0.854325, forward nfe 0, backward nfe 0, Train: 0.9800, Val: 0.6391, Test: 0.5903, Best time: 7.8741
After OOD adjustment: Training instances of last class: 0
After OOD adjustment: Testing instances of last class: 110
Epoch: 010, Runtime 0.050206, Loss 0.784373, forward nfe 0, backward nfe 0, Train: 0.9800, Val: 0.6391, Test: 0.5903, Best time: 7.8741
After OOD adjustment: Training instances of last class: 0
After OOD adjustment: Testing instances of last class: 110
Epoch: 011, Runtime 0.045617, Loss 0.719604, forward nfe 0, backward nfe 0, Train: 0.9800, Val: 0.6391, Test: 0.5903, Best time: 7.8741
After OOD adjustment: Training instances of last class: 0
After OOD adjustment: Testing instances of last class: 110
Epoch: 012, Runtime 0.049275, Loss 0.659831, forward nfe 0, backward nfe 0, Train: 0.9800, Val: 0.6391, Test: 0.5903, Best time: 7.8741
After OOD adjustment: Training instances of last class: 0
After OOD adjustment: Testing instances of last class: 110
Epoch: 013, Runtime 0.049058, Loss 0.604836, forward nfe 0, backward nfe 0, Train: 0.9800, Val: 0.6391, Test: 0.5903, Best time: 7.8741
After OOD adjustment: Training instances of last class: 0
After OOD adjustment: Testing instances of last class: 110
Epoch: 014, Runtime 0.047322, Loss 0.554372, forward nfe 0, backward nfe 0, Train: 0.9800, Val: 0.6391, Test: 0.5903, Best time: 7.8741
After OOD adjustment: Training instances of last class: 0
After OOD adjustment: Testing instances of last class: 110
Epoch: 015, Runtime 0.049017, Loss 0.508178, forward nfe 0, backward nfe 0, Train: 0.9800, Val: 0.6391, Test: 0.5903, Best time: 7.8741
After OOD adjustment: Training instances of last class: 0
After OOD adjustment: Testing instances of last class: 110
Epoch: 016, Runtime 0.044958, Loss 0.465983, forward nfe 0, backward nfe 0, Train: 0.9800, Val: 0.6391, Test: 0.5903, Best time: 7.8741
After OOD adjustment: Training instances of last class: 0
After OOD adjustment: Testing instances of last class: 110
Epoch: 017, Runtime 0.049104, Loss 0.427511, forward nfe 0, backward nfe 0, Train: 0.9800, Val: 0.6391, Test: 0.5903, Best time: 7.8741
After OOD adjustment: Training instances of last class: 0
After OOD adjustment: Testing instances of last class: 110
Epoch: 018, Runtime 0.048177, Loss 0.392488, forward nfe 0, backward nfe 0, Train: 0.9800, Val: 0.6391, Test: 0.5903, Best time: 7.8741
After OOD adjustment: Training instances of last class: 0
After OOD adjustment: Testing instances of last class: 110
Epoch: 019, Runtime 0.050232, Loss 0.360642, forward nfe 0, backward nfe 0, Train: 0.9800, Val: 0.6391, Test: 0.5903, Best time: 7.8741
After OOD adjustment: Training instances of last class: 0
After OOD adjustment: Testing instances of last class: 110
Epoch: 020, Runtime 0.049082, Loss 0.331711, forward nfe 0, backward nfe 0, Train: 0.9800, Val: 0.6391, Test: 0.5903, Best time: 7.8741
After OOD adjustment: Training instances of last class: 0
After OOD adjustment: Testing instances of last class: 110
Epoch: 021, Runtime 0.048844, Loss 0.305443, forward nfe 0, backward nfe 0, Train: 0.9800, Val: 0.6391, Test: 0.5903, Best time: 7.8741
After OOD adjustment: Training instances of last class: 0
After OOD adjustment: Testing instances of last class: 110
Epoch: 022, Runtime 0.050406, Loss 0.281601, forward nfe 0, backward nfe 0, Train: 0.9800, Val: 0.6391, Test: 0.5903, Best time: 7.8741
After OOD adjustment: Training instances of last class: 0
After OOD adjustment: Testing instances of last class: 110
Epoch: 023, Runtime 0.049147, Loss 0.259963, forward nfe 0, backward nfe 0, Train: 0.9800, Val: 0.6391, Test: 0.5903, Best time: 7.8741
After OOD adjustment: Training instances of last class: 0
After OOD adjustment: Testing instances of last class: 110
Epoch: 024, Runtime 0.046414, Loss 0.240322, forward nfe 0, backward nfe 0, Train: 0.9800, Val: 0.6391, Test: 0.5903, Best time: 7.8741
After OOD adjustment: Training instances of last class: 0
After OOD adjustment: Testing instances of last class: 110
Epoch: 025, Runtime 0.050763, Loss 0.222490, forward nfe 0, backward nfe 0, Train: 0.9800, Val: 0.6391, Test: 0.5903, Best time: 7.8741
After OOD adjustment: Training instances of last class: 0
After OOD adjustment: Testing instances of last class: 110
Epoch: 026, Runtime 0.050359, Loss 0.206293, forward nfe 0, backward nfe 0, Train: 0.9800, Val: 0.6391, Test: 0.5903, Best time: 7.8741
After OOD adjustment: Training instances of last class: 0
After OOD adjustment: Testing instances of last class: 110
Epoch: 027, Runtime 0.047576, Loss 0.191573, forward nfe 0, backward nfe 0, Train: 0.9800, Val: 0.6391, Test: 0.5903, Best time: 7.8741
After OOD adjustment: Training instances of last class: 0
After OOD adjustment: Testing instances of last class: 110
Epoch: 028, Runtime 0.048518, Loss 0.178186, forward nfe 0, backward nfe 0, Train: 0.9800, Val: 0.6391, Test: 0.5903, Best time: 7.8741
After OOD adjustment: Training instances of last class: 0
After OOD adjustment: Testing instances of last class: 110
Epoch: 029, Runtime 0.046128, Loss 0.166001, forward nfe 0, backward nfe 0, Train: 0.9800, Val: 0.6391, Test: 0.5903, Best time: 7.8741
After OOD adjustment: Training instances of last class: 0
After OOD adjustment: Testing instances of last class: 110
Epoch: 030, Runtime 0.048509, Loss 0.154899, forward nfe 0, backward nfe 0, Train: 0.9800, Val: 0.6391, Test: 0.5903, Best time: 7.8741
After OOD adjustment: Training instances of last class: 0
After OOD adjustment: Testing instances of last class: 110
Epoch: 031, Runtime 0.049225, Loss 0.144773, forward nfe 0, backward nfe 0, Train: 0.9800, Val: 0.6391, Test: 0.5903, Best time: 7.8741
After OOD adjustment: Training instances of last class: 0
After OOD adjustment: Testing instances of last class: 110
Epoch: 032, Runtime 0.051148, Loss 0.135528, forward nfe 0, backward nfe 0, Train: 0.9800, Val: 0.6391, Test: 0.5903, Best time: 7.8741
After OOD adjustment: Training instances of last class: 0
After OOD adjustment: Testing instances of last class: 110
Epoch: 033, Runtime 0.048297, Loss 0.127075, forward nfe 0, backward nfe 0, Train: 0.9800, Val: 0.6391, Test: 0.5903, Best time: 7.8741
After OOD adjustment: Training instances of last class: 0
After OOD adjustment: Testing instances of last class: 110
Epoch: 034, Runtime 0.048012, Loss 0.119337, forward nfe 0, backward nfe 0, Train: 0.9800, Val: 0.6391, Test: 0.5903, Best time: 7.8741
After OOD adjustment: Training instances of last class: 0
After OOD adjustment: Testing instances of last class: 110
Epoch: 035, Runtime 0.045058, Loss 0.112244, forward nfe 0, backward nfe 0, Train: 0.9800, Val: 0.6391, Test: 0.5903, Best time: 7.8741
After OOD adjustment: Training instances of last class: 0
After OOD adjustment: Testing instances of last class: 110
Epoch: 036, Runtime 0.049663, Loss 0.105735, forward nfe 0, backward nfe 0, Train: 0.9800, Val: 0.6391, Test: 0.5903, Best time: 7.8741
After OOD adjustment: Training instances of last class: 0
After OOD adjustment: Testing instances of last class: 110
Epoch: 037, Runtime 0.050051, Loss 0.099752, forward nfe 0, backward nfe 0, Train: 0.9800, Val: 0.6391, Test: 0.5903, Best time: 7.8741
After OOD adjustment: Training instances of last class: 0
After OOD adjustment: Testing instances of last class: 110
Epoch: 038, Runtime 0.049695, Loss 0.094247, forward nfe 0, backward nfe 0, Train: 0.9800, Val: 0.6391, Test: 0.5903, Best time: 7.8741
After OOD adjustment: Training instances of last class: 0
After OOD adjustment: Testing instances of last class: 110
Epoch: 039, Runtime 0.052596, Loss 0.089176, forward nfe 0, backward nfe 0, Train: 0.9800, Val: 0.6391, Test: 0.5903, Best time: 7.8741
After OOD adjustment: Training instances of last class: 0
After OOD adjustment: Testing instances of last class: 110
Epoch: 040, Runtime 0.047120, Loss 0.084498, forward nfe 0, backward nfe 0, Train: 0.9800, Val: 0.6391, Test: 0.5903, Best time: 7.8741
After OOD adjustment: Training instances of last class: 0
After OOD adjustment: Testing instances of last class: 110
Epoch: 041, Runtime 0.050831, Loss 0.080179, forward nfe 0, backward nfe 0, Train: 0.9800, Val: 0.6391, Test: 0.5903, Best time: 7.8741
After OOD adjustment: Training instances of last class: 0
After OOD adjustment: Testing instances of last class: 110
Epoch: 042, Runtime 0.048137, Loss 0.076186, forward nfe 0, backward nfe 0, Train: 0.9800, Val: 0.6391, Test: 0.5903, Best time: 7.8741
After OOD adjustment: Training instances of last class: 0
After OOD adjustment: Testing instances of last class: 110
Epoch: 043, Runtime 0.050004, Loss 0.072491, forward nfe 0, backward nfe 0, Train: 0.9800, Val: 0.6391, Test: 0.5903, Best time: 7.8741
After OOD adjustment: Training instances of last class: 0
After OOD adjustment: Testing instances of last class: 110
Epoch: 044, Runtime 0.051676, Loss 0.069068, forward nfe 0, backward nfe 0, Train: 0.9800, Val: 0.6391, Test: 0.5903, Best time: 7.8741
After OOD adjustment: Training instances of last class: 0
After OOD adjustment: Testing instances of last class: 110
Epoch: 045, Runtime 0.047496, Loss 0.065893, forward nfe 0, backward nfe 0, Train: 0.9800, Val: 0.6391, Test: 0.5903, Best time: 7.8741
After OOD adjustment: Training instances of last class: 0
After OOD adjustment: Testing instances of last class: 110
Epoch: 046, Runtime 0.049371, Loss 0.062945, forward nfe 0, backward nfe 0, Train: 0.9800, Val: 0.6391, Test: 0.5903, Best time: 7.8741
After OOD adjustment: Training instances of last class: 0
After OOD adjustment: Testing instances of last class: 110
Epoch: 047, Runtime 0.051796, Loss 0.060205, forward nfe 0, backward nfe 0, Train: 0.9800, Val: 0.6391, Test: 0.5903, Best time: 7.8741
After OOD adjustment: Training instances of last class: 0
After OOD adjustment: Testing instances of last class: 110
Epoch: 048, Runtime 0.050894, Loss 0.057655, forward nfe 0, backward nfe 0, Train: 0.9800, Val: 0.6391, Test: 0.5903, Best time: 7.8741
After OOD adjustment: Training instances of last class: 0
After OOD adjustment: Testing instances of last class: 110
Epoch: 049, Runtime 0.050175, Loss 0.055280, forward nfe 0, backward nfe 0, Train: 0.9800, Val: 0.6391, Test: 0.5903, Best time: 7.8741
After OOD adjustment: Training instances of last class: 0
After OOD adjustment: Testing instances of last class: 110
Epoch: 050, Runtime 0.050298, Loss 0.053064, forward nfe 0, backward nfe 0, Train: 0.9800, Val: 0.6391, Test: 0.5903, Best time: 7.8741
After OOD adjustment: Training instances of last class: 0
After OOD adjustment: Testing instances of last class: 110
Epoch: 051, Runtime 0.048414, Loss 0.050994, forward nfe 0, backward nfe 0, Train: 0.9800, Val: 0.6391, Test: 0.5903, Best time: 7.8741
After OOD adjustment: Training instances of last class: 0
After OOD adjustment: Testing instances of last class: 110
Epoch: 052, Runtime 0.051276, Loss 0.049058, forward nfe 0, backward nfe 0, Train: 0.9800, Val: 0.6391, Test: 0.5903, Best time: 7.8741
After OOD adjustment: Training instances of last class: 0
After OOD adjustment: Testing instances of last class: 110
Epoch: 053, Runtime 0.048126, Loss 0.047245, forward nfe 0, backward nfe 0, Train: 0.9800, Val: 0.6391, Test: 0.5903, Best time: 7.8741
After OOD adjustment: Training instances of last class: 0
After OOD adjustment: Testing instances of last class: 110
Epoch: 054, Runtime 0.049107, Loss 0.045546, forward nfe 0, backward nfe 0, Train: 0.9800, Val: 0.6391, Test: 0.5903, Best time: 7.8741
After OOD adjustment: Training instances of last class: 0
After OOD adjustment: Testing instances of last class: 110
Epoch: 055, Runtime 0.051255, Loss 0.043950, forward nfe 0, backward nfe 0, Train: 0.9800, Val: 0.6391, Test: 0.5903, Best time: 7.8741
After OOD adjustment: Training instances of last class: 0
After OOD adjustment: Testing instances of last class: 110
Epoch: 056, Runtime 0.051136, Loss 0.042451, forward nfe 0, backward nfe 0, Train: 0.9800, Val: 0.6391, Test: 0.5903, Best time: 7.8741
After OOD adjustment: Training instances of last class: 0
After OOD adjustment: Testing instances of last class: 110
Epoch: 057, Runtime 0.045203, Loss 0.041040, forward nfe 0, backward nfe 0, Train: 0.9800, Val: 0.6391, Test: 0.5903, Best time: 7.8741
After OOD adjustment: Training instances of last class: 0
After OOD adjustment: Testing instances of last class: 110
Epoch: 058, Runtime 0.049899, Loss 0.039710, forward nfe 0, backward nfe 0, Train: 0.9800, Val: 0.6391, Test: 0.5903, Best time: 7.8741
After OOD adjustment: Training instances of last class: 0
After OOD adjustment: Testing instances of last class: 110
Epoch: 059, Runtime 0.050076, Loss 0.038455, forward nfe 0, backward nfe 0, Train: 0.9800, Val: 0.6391, Test: 0.5903, Best time: 7.8741
After OOD adjustment: Training instances of last class: 0
After OOD adjustment: Testing instances of last class: 110
Epoch: 060, Runtime 0.046642, Loss 0.037270, forward nfe 0, backward nfe 0, Train: 0.9800, Val: 0.6391, Test: 0.5903, Best time: 7.8741
After OOD adjustment: Training instances of last class: 0
After OOD adjustment: Testing instances of last class: 110
Epoch: 061, Runtime 0.046528, Loss 0.036150, forward nfe 0, backward nfe 0, Train: 0.9800, Val: 0.6391, Test: 0.5903, Best time: 7.8741
After OOD adjustment: Training instances of last class: 0
After OOD adjustment: Testing instances of last class: 110
Epoch: 062, Runtime 0.047829, Loss 0.035089, forward nfe 0, backward nfe 0, Train: 0.9800, Val: 0.6391, Test: 0.5903, Best time: 7.8741
After OOD adjustment: Training instances of last class: 0
After OOD adjustment: Testing instances of last class: 110
Epoch: 063, Runtime 0.047152, Loss 0.034083, forward nfe 0, backward nfe 0, Train: 0.9800, Val: 0.6391, Test: 0.5903, Best time: 7.8741
After OOD adjustment: Training instances of last class: 0
After OOD adjustment: Testing instances of last class: 110
Epoch: 064, Runtime 0.046048, Loss 0.033127, forward nfe 0, backward nfe 0, Train: 0.9800, Val: 0.6391, Test: 0.5903, Best time: 7.8741
After OOD adjustment: Training instances of last class: 0
After OOD adjustment: Testing instances of last class: 110
Epoch: 065, Runtime 0.047489, Loss 0.032220, forward nfe 0, backward nfe 0, Train: 0.9800, Val: 0.6391, Test: 0.5903, Best time: 7.8741
After OOD adjustment: Training instances of last class: 0
After OOD adjustment: Testing instances of last class: 110
Epoch: 066, Runtime 0.046751, Loss 0.031356, forward nfe 0, backward nfe 0, Train: 0.9800, Val: 0.6391, Test: 0.5903, Best time: 7.8741
After OOD adjustment: Training instances of last class: 0
After OOD adjustment: Testing instances of last class: 110
Epoch: 067, Runtime 0.048308, Loss 0.030533, forward nfe 0, backward nfe 0, Train: 0.9800, Val: 0.6391, Test: 0.5903, Best time: 7.8741
After OOD adjustment: Training instances of last class: 0
After OOD adjustment: Testing instances of last class: 110
Epoch: 068, Runtime 0.045436, Loss 0.029748, forward nfe 0, backward nfe 0, Train: 0.9800, Val: 0.6391, Test: 0.5903, Best time: 7.8741
After OOD adjustment: Training instances of last class: 0
After OOD adjustment: Testing instances of last class: 110
Epoch: 069, Runtime 0.046836, Loss 0.028999, forward nfe 0, backward nfe 0, Train: 0.9800, Val: 0.6391, Test: 0.5903, Best time: 7.8741
After OOD adjustment: Training instances of last class: 0
After OOD adjustment: Testing instances of last class: 110
Epoch: 070, Runtime 0.049158, Loss 0.028282, forward nfe 0, backward nfe 0, Train: 0.9800, Val: 0.6391, Test: 0.5903, Best time: 7.8741
After OOD adjustment: Training instances of last class: 0
After OOD adjustment: Testing instances of last class: 110
Epoch: 071, Runtime 0.046548, Loss 0.027597, forward nfe 0, backward nfe 0, Train: 0.9800, Val: 0.6391, Test: 0.5903, Best time: 7.8741
After OOD adjustment: Training instances of last class: 0
After OOD adjustment: Testing instances of last class: 110
Epoch: 072, Runtime 0.046674, Loss 0.026941, forward nfe 0, backward nfe 0, Train: 0.9800, Val: 0.6391, Test: 0.5903, Best time: 7.8741
After OOD adjustment: Training instances of last class: 0
After OOD adjustment: Testing instances of last class: 110
Epoch: 073, Runtime 0.045762, Loss 0.026311, forward nfe 0, backward nfe 0, Train: 0.9800, Val: 0.6391, Test: 0.5903, Best time: 7.8741
After OOD adjustment: Training instances of last class: 0
After OOD adjustment: Testing instances of last class: 110
Epoch: 074, Runtime 0.046527, Loss 0.025707, forward nfe 0, backward nfe 0, Train: 0.9800, Val: 0.6391, Test: 0.5903, Best time: 7.8741
After OOD adjustment: Training instances of last class: 0
After OOD adjustment: Testing instances of last class: 110
Epoch: 075, Runtime 0.049344, Loss 0.025127, forward nfe 0, backward nfe 0, Train: 0.9800, Val: 0.6391, Test: 0.5903, Best time: 7.8741
After OOD adjustment: Training instances of last class: 0
After OOD adjustment: Testing instances of last class: 110
Epoch: 076, Runtime 0.048197, Loss 0.024570, forward nfe 0, backward nfe 0, Train: 0.9800, Val: 0.6391, Test: 0.5903, Best time: 7.8741
After OOD adjustment: Training instances of last class: 0
After OOD adjustment: Testing instances of last class: 110
Epoch: 077, Runtime 0.049060, Loss 0.024033, forward nfe 0, backward nfe 0, Train: 0.9800, Val: 0.6391, Test: 0.5903, Best time: 7.8741
After OOD adjustment: Training instances of last class: 0
After OOD adjustment: Testing instances of last class: 110
Epoch: 078, Runtime 0.049797, Loss 0.023517, forward nfe 0, backward nfe 0, Train: 0.9800, Val: 0.6391, Test: 0.5903, Best time: 7.8741
After OOD adjustment: Training instances of last class: 0
After OOD adjustment: Testing instances of last class: 110
Epoch: 079, Runtime 0.048543, Loss 0.023019, forward nfe 0, backward nfe 0, Train: 0.9800, Val: 0.6391, Test: 0.5903, Best time: 7.8741
After OOD adjustment: Training instances of last class: 0
After OOD adjustment: Testing instances of last class: 110
Epoch: 080, Runtime 0.047613, Loss 0.022539, forward nfe 0, backward nfe 0, Train: 0.9800, Val: 0.6391, Test: 0.5903, Best time: 7.8741
After OOD adjustment: Training instances of last class: 0
After OOD adjustment: Testing instances of last class: 110
Epoch: 081, Runtime 0.046293, Loss 0.022076, forward nfe 0, backward nfe 0, Train: 0.9800, Val: 0.6391, Test: 0.5903, Best time: 7.8741
After OOD adjustment: Training instances of last class: 0
After OOD adjustment: Testing instances of last class: 110
Epoch: 082, Runtime 0.050063, Loss 0.021629, forward nfe 0, backward nfe 0, Train: 0.9800, Val: 0.6391, Test: 0.5903, Best time: 7.8741
After OOD adjustment: Training instances of last class: 0
After OOD adjustment: Testing instances of last class: 110
Epoch: 083, Runtime 0.050674, Loss 0.021196, forward nfe 0, backward nfe 0, Train: 0.9800, Val: 0.6391, Test: 0.5903, Best time: 7.8741
After OOD adjustment: Training instances of last class: 0
After OOD adjustment: Testing instances of last class: 110
Epoch: 084, Runtime 0.049606, Loss 0.020778, forward nfe 0, backward nfe 0, Train: 0.9800, Val: 0.6391, Test: 0.5903, Best time: 7.8741
After OOD adjustment: Training instances of last class: 0
After OOD adjustment: Testing instances of last class: 110
Epoch: 085, Runtime 0.049616, Loss 0.020374, forward nfe 0, backward nfe 0, Train: 0.9800, Val: 0.6391, Test: 0.5903, Best time: 7.8741
After OOD adjustment: Training instances of last class: 0
After OOD adjustment: Testing instances of last class: 110
Epoch: 086, Runtime 0.047728, Loss 0.019982, forward nfe 0, backward nfe 0, Train: 0.9800, Val: 0.6391, Test: 0.5903, Best time: 7.8741
After OOD adjustment: Training instances of last class: 0
After OOD adjustment: Testing instances of last class: 110
Epoch: 087, Runtime 0.044804, Loss 0.019603, forward nfe 0, backward nfe 0, Train: 0.9800, Val: 0.6391, Test: 0.5903, Best time: 7.8741
After OOD adjustment: Training instances of last class: 0
After OOD adjustment: Testing instances of last class: 110
Epoch: 088, Runtime 0.046445, Loss 0.019235, forward nfe 0, backward nfe 0, Train: 0.9800, Val: 0.6391, Test: 0.5903, Best time: 7.8741
After OOD adjustment: Training instances of last class: 0
After OOD adjustment: Testing instances of last class: 110
Epoch: 089, Runtime 0.047091, Loss 0.018879, forward nfe 0, backward nfe 0, Train: 0.9800, Val: 0.6391, Test: 0.5903, Best time: 7.8741
After OOD adjustment: Training instances of last class: 0
After OOD adjustment: Testing instances of last class: 110
Epoch: 090, Runtime 0.051425, Loss 0.018533, forward nfe 0, backward nfe 0, Train: 0.9800, Val: 0.6391, Test: 0.5903, Best time: 7.8741
After OOD adjustment: Training instances of last class: 0
After OOD adjustment: Testing instances of last class: 110
Epoch: 091, Runtime 0.048911, Loss 0.018197, forward nfe 0, backward nfe 0, Train: 0.9800, Val: 0.6391, Test: 0.5903, Best time: 7.8741
After OOD adjustment: Training instances of last class: 0
After OOD adjustment: Testing instances of last class: 110
Epoch: 092, Runtime 0.048007, Loss 0.017871, forward nfe 0, backward nfe 0, Train: 0.9800, Val: 0.6391, Test: 0.5903, Best time: 7.8741
After OOD adjustment: Training instances of last class: 0
After OOD adjustment: Testing instances of last class: 110
Epoch: 093, Runtime 0.049994, Loss 0.017554, forward nfe 0, backward nfe 0, Train: 0.9800, Val: 0.6391, Test: 0.5903, Best time: 7.8741
After OOD adjustment: Training instances of last class: 0
After OOD adjustment: Testing instances of last class: 110
Epoch: 094, Runtime 0.048643, Loss 0.017246, forward nfe 0, backward nfe 0, Train: 0.9800, Val: 0.6391, Test: 0.5903, Best time: 7.8741
After OOD adjustment: Training instances of last class: 0
After OOD adjustment: Testing instances of last class: 110
Epoch: 095, Runtime 0.047806, Loss 0.016947, forward nfe 0, backward nfe 0, Train: 0.9800, Val: 0.6391, Test: 0.5903, Best time: 7.8741
After OOD adjustment: Training instances of last class: 0
After OOD adjustment: Testing instances of last class: 110
Epoch: 096, Runtime 0.050617, Loss 0.016655, forward nfe 0, backward nfe 0, Train: 0.9800, Val: 0.6391, Test: 0.5903, Best time: 7.8741
After OOD adjustment: Training instances of last class: 0
After OOD adjustment: Testing instances of last class: 110
Epoch: 097, Runtime 0.052525, Loss 0.016372, forward nfe 0, backward nfe 0, Train: 0.9800, Val: 0.6391, Test: 0.5903, Best time: 7.8741
After OOD adjustment: Training instances of last class: 0
After OOD adjustment: Testing instances of last class: 110
Epoch: 098, Runtime 0.045740, Loss 0.016095, forward nfe 0, backward nfe 0, Train: 0.9800, Val: 0.6391, Test: 0.5903, Best time: 7.8741
After OOD adjustment: Training instances of last class: 0
After OOD adjustment: Testing instances of last class: 110
Epoch: 099, Runtime 0.044912, Loss 0.015827, forward nfe 0, backward nfe 0, Train: 0.9800, Val: 0.6391, Test: 0.5903, Best time: 7.8741
After OOD adjustment: Training instances of last class: 0
After OOD adjustment: Testing instances of last class: 110
Epoch: 100, Runtime 0.047732, Loss 0.015565, forward nfe 0, backward nfe 0, Train: 0.9800, Val: 0.6391, Test: 0.5903, Best time: 7.8741
After OOD adjustment: Training instances of last class: 0
After OOD adjustment: Testing instances of last class: 110
Epoch: 101, Runtime 0.049444, Loss 0.015309, forward nfe 0, backward nfe 0, Train: 0.9800, Val: 0.6391, Test: 0.5903, Best time: 7.8741
After OOD adjustment: Training instances of last class: 0
After OOD adjustment: Testing instances of last class: 110
Epoch: 102, Runtime 0.050043, Loss 0.015061, forward nfe 0, backward nfe 0, Train: 0.9800, Val: 0.6391, Test: 0.5903, Best time: 7.8741
After OOD adjustment: Training instances of last class: 0
After OOD adjustment: Testing instances of last class: 110
Epoch: 103, Runtime 0.052001, Loss 0.014818, forward nfe 0, backward nfe 0, Train: 0.9800, Val: 0.6391, Test: 0.5903, Best time: 7.8741
After OOD adjustment: Training instances of last class: 0
After OOD adjustment: Testing instances of last class: 110
Epoch: 104, Runtime 0.048430, Loss 0.014581, forward nfe 0, backward nfe 0, Train: 0.9800, Val: 0.6391, Test: 0.5903, Best time: 7.8741
After OOD adjustment: Training instances of last class: 0
After OOD adjustment: Testing instances of last class: 110
Epoch: 105, Runtime 0.050820, Loss 0.014350, forward nfe 0, backward nfe 0, Train: 0.9800, Val: 0.6391, Test: 0.5903, Best time: 7.8741
After OOD adjustment: Training instances of last class: 0
After OOD adjustment: Testing instances of last class: 110
Epoch: 106, Runtime 0.044514, Loss 0.014125, forward nfe 0, backward nfe 0, Train: 0.9800, Val: 0.6391, Test: 0.5903, Best time: 7.8741
After OOD adjustment: Training instances of last class: 0
After OOD adjustment: Testing instances of last class: 110
Epoch: 107, Runtime 0.049137, Loss 0.013905, forward nfe 0, backward nfe 0, Train: 0.9800, Val: 0.6391, Test: 0.5903, Best time: 7.8741
After OOD adjustment: Training instances of last class: 0
After OOD adjustment: Testing instances of last class: 110
Epoch: 108, Runtime 0.051958, Loss 0.013690, forward nfe 0, backward nfe 0, Train: 0.9800, Val: 0.6391, Test: 0.5903, Best time: 7.8741
After OOD adjustment: Training instances of last class: 0
After OOD adjustment: Testing instances of last class: 110
Epoch: 109, Runtime 0.049505, Loss 0.013481, forward nfe 0, backward nfe 0, Train: 0.9800, Val: 0.6391, Test: 0.5903, Best time: 7.8741
After OOD adjustment: Training instances of last class: 0
After OOD adjustment: Testing instances of last class: 110
Epoch: 110, Runtime 0.049573, Loss 0.013276, forward nfe 0, backward nfe 0, Train: 0.9800, Val: 0.6391, Test: 0.5903, Best time: 7.8741
After OOD adjustment: Training instances of last class: 0
After OOD adjustment: Testing instances of last class: 110
Epoch: 111, Runtime 0.051890, Loss 0.013076, forward nfe 0, backward nfe 0, Train: 0.9800, Val: 0.6391, Test: 0.5903, Best time: 7.8741
After OOD adjustment: Training instances of last class: 0
After OOD adjustment: Testing instances of last class: 110
Epoch: 112, Runtime 0.055141, Loss 0.012880, forward nfe 0, backward nfe 0, Train: 0.9800, Val: 0.6391, Test: 0.5903, Best time: 7.8741
After OOD adjustment: Training instances of last class: 0
After OOD adjustment: Testing instances of last class: 110
Epoch: 113, Runtime 0.052322, Loss 0.012689, forward nfe 0, backward nfe 0, Train: 0.9800, Val: 0.6391, Test: 0.5903, Best time: 7.8741
After OOD adjustment: Training instances of last class: 0
After OOD adjustment: Testing instances of last class: 110
Epoch: 114, Runtime 0.049274, Loss 0.012502, forward nfe 0, backward nfe 0, Train: 0.9800, Val: 0.6391, Test: 0.5903, Best time: 7.8741
After OOD adjustment: Training instances of last class: 0
After OOD adjustment: Testing instances of last class: 110
Epoch: 115, Runtime 0.049104, Loss 0.012319, forward nfe 0, backward nfe 0, Train: 0.9800, Val: 0.6391, Test: 0.5903, Best time: 7.8741
After OOD adjustment: Training instances of last class: 0
After OOD adjustment: Testing instances of last class: 110
Epoch: 116, Runtime 0.049436, Loss 0.012140, forward nfe 0, backward nfe 0, Train: 0.9800, Val: 0.6391, Test: 0.5903, Best time: 7.8741
After OOD adjustment: Training instances of last class: 0
After OOD adjustment: Testing instances of last class: 110
Epoch: 117, Runtime 0.049452, Loss 0.011965, forward nfe 0, backward nfe 0, Train: 0.9800, Val: 0.6391, Test: 0.5903, Best time: 7.8741
After OOD adjustment: Training instances of last class: 0
After OOD adjustment: Testing instances of last class: 110
Epoch: 118, Runtime 0.049665, Loss 0.011794, forward nfe 0, backward nfe 0, Train: 0.9800, Val: 0.6391, Test: 0.5903, Best time: 7.8741
After OOD adjustment: Training instances of last class: 0
After OOD adjustment: Testing instances of last class: 110
Epoch: 119, Runtime 0.054602, Loss 0.011626, forward nfe 0, backward nfe 0, Train: 0.9800, Val: 0.6391, Test: 0.5903, Best time: 7.8741
After OOD adjustment: Training instances of last class: 0
After OOD adjustment: Testing instances of last class: 110
Epoch: 120, Runtime 0.054415, Loss 0.011462, forward nfe 0, backward nfe 0, Train: 0.9800, Val: 0.6391, Test: 0.5903, Best time: 7.8741
After OOD adjustment: Training instances of last class: 0
After OOD adjustment: Testing instances of last class: 110
Epoch: 121, Runtime 0.053406, Loss 0.011302, forward nfe 0, backward nfe 0, Train: 0.9800, Val: 0.6391, Test: 0.5903, Best time: 7.8741
After OOD adjustment: Training instances of last class: 0
After OOD adjustment: Testing instances of last class: 110
Epoch: 122, Runtime 0.053344, Loss 0.011144, forward nfe 0, backward nfe 0, Train: 0.9800, Val: 0.6391, Test: 0.5903, Best time: 7.8741
After OOD adjustment: Training instances of last class: 0
After OOD adjustment: Testing instances of last class: 110
Epoch: 123, Runtime 0.054769, Loss 0.010990, forward nfe 0, backward nfe 0, Train: 0.9800, Val: 0.6391, Test: 0.5903, Best time: 7.8741
After OOD adjustment: Training instances of last class: 0
After OOD adjustment: Testing instances of last class: 110
Epoch: 124, Runtime 0.055575, Loss 0.010840, forward nfe 0, backward nfe 0, Train: 0.9800, Val: 0.6391, Test: 0.5903, Best time: 7.8741
After OOD adjustment: Training instances of last class: 0
After OOD adjustment: Testing instances of last class: 110
Epoch: 125, Runtime 0.052049, Loss 0.010692, forward nfe 0, backward nfe 0, Train: 0.9800, Val: 0.6391, Test: 0.5903, Best time: 7.8741
After OOD adjustment: Training instances of last class: 0
After OOD adjustment: Testing instances of last class: 110
Epoch: 126, Runtime 0.053385, Loss 0.010547, forward nfe 0, backward nfe 0, Train: 0.9800, Val: 0.6391, Test: 0.5903, Best time: 7.8741
After OOD adjustment: Training instances of last class: 0
After OOD adjustment: Testing instances of last class: 110
Epoch: 127, Runtime 0.051078, Loss 0.010405, forward nfe 0, backward nfe 0, Train: 0.9800, Val: 0.6391, Test: 0.5903, Best time: 7.8741
After OOD adjustment: Training instances of last class: 0
After OOD adjustment: Testing instances of last class: 110
Epoch: 128, Runtime 0.049543, Loss 0.010266, forward nfe 0, backward nfe 0, Train: 0.9800, Val: 0.6391, Test: 0.5903, Best time: 7.8741
After OOD adjustment: Training instances of last class: 0
After OOD adjustment: Testing instances of last class: 110
Epoch: 129, Runtime 0.054574, Loss 0.010130, forward nfe 0, backward nfe 0, Train: 0.9800, Val: 0.6391, Test: 0.5903, Best time: 7.8741
After OOD adjustment: Training instances of last class: 0
After OOD adjustment: Testing instances of last class: 110
Epoch: 130, Runtime 0.051071, Loss 0.009997, forward nfe 0, backward nfe 0, Train: 0.9800, Val: 0.6391, Test: 0.5903, Best time: 7.8741
After OOD adjustment: Training instances of last class: 0
After OOD adjustment: Testing instances of last class: 110
Epoch: 131, Runtime 0.054673, Loss 0.009866, forward nfe 0, backward nfe 0, Train: 0.9800, Val: 0.6391, Test: 0.5903, Best time: 7.8741
After OOD adjustment: Training instances of last class: 0
After OOD adjustment: Testing instances of last class: 110
Epoch: 132, Runtime 0.051198, Loss 0.009737, forward nfe 0, backward nfe 0, Train: 0.9800, Val: 0.6391, Test: 0.5903, Best time: 7.8741
After OOD adjustment: Training instances of last class: 0
After OOD adjustment: Testing instances of last class: 110
Epoch: 133, Runtime 0.052220, Loss 0.009611, forward nfe 0, backward nfe 0, Train: 0.9800, Val: 0.6391, Test: 0.5903, Best time: 7.8741
After OOD adjustment: Training instances of last class: 0
After OOD adjustment: Testing instances of last class: 110
Epoch: 134, Runtime 0.052016, Loss 0.009488, forward nfe 0, backward nfe 0, Train: 0.9800, Val: 0.6391, Test: 0.5903, Best time: 7.8741
After OOD adjustment: Training instances of last class: 0
After OOD adjustment: Testing instances of last class: 110
Epoch: 135, Runtime 0.051643, Loss 0.009367, forward nfe 0, backward nfe 0, Train: 0.9800, Val: 0.6391, Test: 0.5903, Best time: 7.8741
After OOD adjustment: Training instances of last class: 0
After OOD adjustment: Testing instances of last class: 110
Epoch: 136, Runtime 0.051287, Loss 0.009248, forward nfe 0, backward nfe 0, Train: 0.9800, Val: 0.6391, Test: 0.5903, Best time: 7.8741
After OOD adjustment: Training instances of last class: 0
After OOD adjustment: Testing instances of last class: 110
Epoch: 137, Runtime 0.052470, Loss 0.009131, forward nfe 0, backward nfe 0, Train: 0.9800, Val: 0.6391, Test: 0.5903, Best time: 7.8741
After OOD adjustment: Training instances of last class: 0
After OOD adjustment: Testing instances of last class: 110
Epoch: 138, Runtime 0.051626, Loss 0.009017, forward nfe 0, backward nfe 0, Train: 0.9800, Val: 0.6391, Test: 0.5903, Best time: 7.8741
After OOD adjustment: Training instances of last class: 0
After OOD adjustment: Testing instances of last class: 110
Epoch: 139, Runtime 0.052408, Loss 0.008905, forward nfe 0, backward nfe 0, Train: 0.9800, Val: 0.6391, Test: 0.5903, Best time: 7.8741
After OOD adjustment: Training instances of last class: 0
After OOD adjustment: Testing instances of last class: 110
Epoch: 140, Runtime 0.050413, Loss 0.008795, forward nfe 0, backward nfe 0, Train: 0.9800, Val: 0.6391, Test: 0.5903, Best time: 7.8741
After OOD adjustment: Training instances of last class: 0
After OOD adjustment: Testing instances of last class: 110
Epoch: 141, Runtime 0.051346, Loss 0.008686, forward nfe 0, backward nfe 0, Train: 0.9800, Val: 0.6391, Test: 0.5903, Best time: 7.8741
After OOD adjustment: Training instances of last class: 0
After OOD adjustment: Testing instances of last class: 110
Epoch: 142, Runtime 0.053242, Loss 0.008580, forward nfe 0, backward nfe 0, Train: 0.9800, Val: 0.6391, Test: 0.5903, Best time: 7.8741
After OOD adjustment: Training instances of last class: 0
After OOD adjustment: Testing instances of last class: 110
Epoch: 143, Runtime 0.052715, Loss 0.008476, forward nfe 0, backward nfe 0, Train: 0.9800, Val: 0.6391, Test: 0.5903, Best time: 7.8741
After OOD adjustment: Training instances of last class: 0
After OOD adjustment: Testing instances of last class: 110
Epoch: 144, Runtime 0.053734, Loss 0.008373, forward nfe 0, backward nfe 0, Train: 0.9800, Val: 0.6391, Test: 0.5903, Best time: 7.8741
After OOD adjustment: Training instances of last class: 0
After OOD adjustment: Testing instances of last class: 110
Epoch: 145, Runtime 0.051515, Loss 0.008273, forward nfe 0, backward nfe 0, Train: 0.9800, Val: 0.6391, Test: 0.5903, Best time: 7.8741
After OOD adjustment: Training instances of last class: 0
After OOD adjustment: Testing instances of last class: 110
Epoch: 146, Runtime 0.052001, Loss 0.008174, forward nfe 0, backward nfe 0, Train: 0.9800, Val: 0.6391, Test: 0.5903, Best time: 7.8741
After OOD adjustment: Training instances of last class: 0
After OOD adjustment: Testing instances of last class: 110
Epoch: 147, Runtime 0.051838, Loss 0.008077, forward nfe 0, backward nfe 0, Train: 0.9800, Val: 0.6391, Test: 0.5903, Best time: 7.8741
After OOD adjustment: Training instances of last class: 0
After OOD adjustment: Testing instances of last class: 110
Epoch: 148, Runtime 0.053018, Loss 0.007982, forward nfe 0, backward nfe 0, Train: 0.9800, Val: 0.6391, Test: 0.5903, Best time: 7.8741
After OOD adjustment: Training instances of last class: 0
After OOD adjustment: Testing instances of last class: 110
Epoch: 149, Runtime 0.052519, Loss 0.007888, forward nfe 0, backward nfe 0, Train: 0.9800, Val: 0.6391, Test: 0.5903, Best time: 7.8741
After OOD adjustment: Training instances of last class: 0
After OOD adjustment: Testing instances of last class: 110
Epoch: 150, Runtime 0.050303, Loss 0.007796, forward nfe 0, backward nfe 0, Train: 0.9800, Val: 0.6391, Test: 0.5903, Best time: 7.8741
After OOD adjustment: Training instances of last class: 0
After OOD adjustment: Testing instances of last class: 110
Epoch: 151, Runtime 0.049185, Loss 0.007706, forward nfe 0, backward nfe 0, Train: 0.9800, Val: 0.6391, Test: 0.5903, Best time: 7.8741
After OOD adjustment: Training instances of last class: 0
After OOD adjustment: Testing instances of last class: 110
Epoch: 152, Runtime 0.050959, Loss 0.007617, forward nfe 0, backward nfe 0, Train: 0.9800, Val: 0.6391, Test: 0.5903, Best time: 7.8741
After OOD adjustment: Training instances of last class: 0
After OOD adjustment: Testing instances of last class: 110
Epoch: 153, Runtime 0.049448, Loss 0.007530, forward nfe 0, backward nfe 0, Train: 0.9800, Val: 0.6391, Test: 0.5903, Best time: 7.8741
After OOD adjustment: Training instances of last class: 0
After OOD adjustment: Testing instances of last class: 110
Epoch: 154, Runtime 0.050513, Loss 0.007444, forward nfe 0, backward nfe 0, Train: 0.9800, Val: 0.6391, Test: 0.5903, Best time: 7.8741
After OOD adjustment: Training instances of last class: 0
After OOD adjustment: Testing instances of last class: 110
Epoch: 155, Runtime 0.050049, Loss 0.007359, forward nfe 0, backward nfe 0, Train: 0.9800, Val: 0.6391, Test: 0.5903, Best time: 7.8741
After OOD adjustment: Training instances of last class: 0
After OOD adjustment: Testing instances of last class: 110
Epoch: 156, Runtime 0.050087, Loss 0.007277, forward nfe 0, backward nfe 0, Train: 0.9800, Val: 0.6391, Test: 0.5903, Best time: 7.8741
After OOD adjustment: Training instances of last class: 0
After OOD adjustment: Testing instances of last class: 110
Epoch: 157, Runtime 0.048534, Loss 0.007195, forward nfe 0, backward nfe 0, Train: 0.9800, Val: 0.6391, Test: 0.5903, Best time: 7.8741
After OOD adjustment: Training instances of last class: 0
After OOD adjustment: Testing instances of last class: 110
Epoch: 158, Runtime 0.052247, Loss 0.007115, forward nfe 0, backward nfe 0, Train: 0.9800, Val: 0.6391, Test: 0.5903, Best time: 7.8741
After OOD adjustment: Training instances of last class: 0
After OOD adjustment: Testing instances of last class: 110
Epoch: 159, Runtime 0.050133, Loss 0.007036, forward nfe 0, backward nfe 0, Train: 0.9800, Val: 0.6391, Test: 0.5903, Best time: 7.8741
After OOD adjustment: Training instances of last class: 0
After OOD adjustment: Testing instances of last class: 110
Epoch: 160, Runtime 0.052459, Loss 0.006958, forward nfe 0, backward nfe 0, Train: 0.9800, Val: 0.6391, Test: 0.5903, Best time: 7.8741
After OOD adjustment: Training instances of last class: 0
After OOD adjustment: Testing instances of last class: 110
Epoch: 161, Runtime 0.054404, Loss 0.006882, forward nfe 0, backward nfe 0, Train: 0.9800, Val: 0.6391, Test: 0.5903, Best time: 7.8741
After OOD adjustment: Training instances of last class: 0
After OOD adjustment: Testing instances of last class: 110
Epoch: 162, Runtime 0.053231, Loss 0.006807, forward nfe 0, backward nfe 0, Train: 0.9800, Val: 0.6391, Test: 0.5903, Best time: 7.8741
After OOD adjustment: Training instances of last class: 0
After OOD adjustment: Testing instances of last class: 110
Epoch: 163, Runtime 0.049367, Loss 0.006733, forward nfe 0, backward nfe 0, Train: 0.9800, Val: 0.6391, Test: 0.5903, Best time: 7.8741
After OOD adjustment: Training instances of last class: 0
After OOD adjustment: Testing instances of last class: 110
Epoch: 164, Runtime 0.049338, Loss 0.006661, forward nfe 0, backward nfe 0, Train: 0.9800, Val: 0.6391, Test: 0.5903, Best time: 7.8741
After OOD adjustment: Training instances of last class: 0
After OOD adjustment: Testing instances of last class: 110
Epoch: 165, Runtime 0.046803, Loss 0.006589, forward nfe 0, backward nfe 0, Train: 0.9800, Val: 0.6391, Test: 0.5903, Best time: 7.8741
After OOD adjustment: Training instances of last class: 0
After OOD adjustment: Testing instances of last class: 110
Epoch: 166, Runtime 0.049144, Loss 0.006519, forward nfe 0, backward nfe 0, Train: 0.9800, Val: 0.6391, Test: 0.5903, Best time: 7.8741
After OOD adjustment: Training instances of last class: 0
After OOD adjustment: Testing instances of last class: 110
Epoch: 167, Runtime 0.049531, Loss 0.006450, forward nfe 0, backward nfe 0, Train: 0.9800, Val: 0.6391, Test: 0.5903, Best time: 7.8741
After OOD adjustment: Training instances of last class: 0
After OOD adjustment: Testing instances of last class: 110
Epoch: 168, Runtime 0.049439, Loss 0.006382, forward nfe 0, backward nfe 0, Train: 0.9800, Val: 0.6391, Test: 0.5903, Best time: 7.8741
After OOD adjustment: Training instances of last class: 0
After OOD adjustment: Testing instances of last class: 110
Epoch: 169, Runtime 0.046749, Loss 0.006315, forward nfe 0, backward nfe 0, Train: 0.9800, Val: 0.6391, Test: 0.5903, Best time: 7.8741
After OOD adjustment: Training instances of last class: 0
After OOD adjustment: Testing instances of last class: 110
Epoch: 170, Runtime 0.047873, Loss 0.006249, forward nfe 0, backward nfe 0, Train: 0.9800, Val: 0.6391, Test: 0.5903, Best time: 7.8741
After OOD adjustment: Training instances of last class: 0
After OOD adjustment: Testing instances of last class: 110
Epoch: 171, Runtime 0.043916, Loss 0.006184, forward nfe 0, backward nfe 0, Train: 0.9800, Val: 0.6391, Test: 0.5903, Best time: 7.8741
After OOD adjustment: Training instances of last class: 0
After OOD adjustment: Testing instances of last class: 110
Epoch: 172, Runtime 0.049731, Loss 0.006120, forward nfe 0, backward nfe 0, Train: 0.9800, Val: 0.6391, Test: 0.5903, Best time: 7.8741
After OOD adjustment: Training instances of last class: 0
After OOD adjustment: Testing instances of last class: 110
Epoch: 173, Runtime 0.047801, Loss 0.006057, forward nfe 0, backward nfe 0, Train: 0.9800, Val: 0.6391, Test: 0.5903, Best time: 7.8741
After OOD adjustment: Training instances of last class: 0
After OOD adjustment: Testing instances of last class: 110
Epoch: 174, Runtime 0.045233, Loss 0.005995, forward nfe 0, backward nfe 0, Train: 0.9800, Val: 0.6391, Test: 0.5903, Best time: 7.8741
After OOD adjustment: Training instances of last class: 0
After OOD adjustment: Testing instances of last class: 110
Epoch: 175, Runtime 0.046160, Loss 0.005934, forward nfe 0, backward nfe 0, Train: 0.9800, Val: 0.6391, Test: 0.5903, Best time: 7.8741
After OOD adjustment: Training instances of last class: 0
After OOD adjustment: Testing instances of last class: 110
Epoch: 176, Runtime 0.048717, Loss 0.005874, forward nfe 0, backward nfe 0, Train: 0.9800, Val: 0.6391, Test: 0.5903, Best time: 7.8741
After OOD adjustment: Training instances of last class: 0
After OOD adjustment: Testing instances of last class: 110
Epoch: 177, Runtime 0.049283, Loss 0.005815, forward nfe 0, backward nfe 0, Train: 0.9800, Val: 0.6391, Test: 0.5903, Best time: 7.8741
After OOD adjustment: Training instances of last class: 0
After OOD adjustment: Testing instances of last class: 110
Epoch: 178, Runtime 0.050590, Loss 0.005756, forward nfe 0, backward nfe 0, Train: 0.9800, Val: 0.6391, Test: 0.5903, Best time: 7.8741
After OOD adjustment: Training instances of last class: 0
After OOD adjustment: Testing instances of last class: 110
Epoch: 179, Runtime 0.049610, Loss 0.005699, forward nfe 0, backward nfe 0, Train: 0.9800, Val: 0.6391, Test: 0.5903, Best time: 7.8741
After OOD adjustment: Training instances of last class: 0
After OOD adjustment: Testing instances of last class: 110
Epoch: 180, Runtime 0.050015, Loss 0.005642, forward nfe 0, backward nfe 0, Train: 0.9800, Val: 0.6391, Test: 0.5903, Best time: 7.8741
After OOD adjustment: Training instances of last class: 0
After OOD adjustment: Testing instances of last class: 110
Epoch: 181, Runtime 0.048590, Loss 0.005587, forward nfe 0, backward nfe 0, Train: 0.9800, Val: 0.6391, Test: 0.5903, Best time: 7.8741
After OOD adjustment: Training instances of last class: 0
After OOD adjustment: Testing instances of last class: 110
Epoch: 182, Runtime 0.048500, Loss 0.005532, forward nfe 0, backward nfe 0, Train: 0.9800, Val: 0.6391, Test: 0.5903, Best time: 7.8741
After OOD adjustment: Training instances of last class: 0
After OOD adjustment: Testing instances of last class: 110
Epoch: 183, Runtime 0.049510, Loss 0.005478, forward nfe 0, backward nfe 0, Train: 0.9800, Val: 0.6391, Test: 0.5903, Best time: 7.8741
After OOD adjustment: Training instances of last class: 0
After OOD adjustment: Testing instances of last class: 110
Epoch: 184, Runtime 0.051976, Loss 0.005424, forward nfe 0, backward nfe 0, Train: 0.9800, Val: 0.6391, Test: 0.5903, Best time: 7.8741
After OOD adjustment: Training instances of last class: 0
After OOD adjustment: Testing instances of last class: 110
Epoch: 185, Runtime 0.053458, Loss 0.005372, forward nfe 0, backward nfe 0, Train: 0.9800, Val: 0.6391, Test: 0.5903, Best time: 7.8741
After OOD adjustment: Training instances of last class: 0
After OOD adjustment: Testing instances of last class: 110
Epoch: 186, Runtime 0.051557, Loss 0.005320, forward nfe 0, backward nfe 0, Train: 0.9800, Val: 0.6391, Test: 0.5903, Best time: 7.8741
After OOD adjustment: Training instances of last class: 0
After OOD adjustment: Testing instances of last class: 110
Epoch: 187, Runtime 0.050965, Loss 0.005269, forward nfe 0, backward nfe 0, Train: 0.9800, Val: 0.6391, Test: 0.5903, Best time: 7.8741
After OOD adjustment: Training instances of last class: 0
After OOD adjustment: Testing instances of last class: 110
Epoch: 188, Runtime 0.048449, Loss 0.005219, forward nfe 0, backward nfe 0, Train: 0.9800, Val: 0.6391, Test: 0.5903, Best time: 7.8741
After OOD adjustment: Training instances of last class: 0
After OOD adjustment: Testing instances of last class: 110
Epoch: 189, Runtime 0.051225, Loss 0.005169, forward nfe 0, backward nfe 0, Train: 0.9800, Val: 0.6391, Test: 0.5903, Best time: 7.8741
After OOD adjustment: Training instances of last class: 0
After OOD adjustment: Testing instances of last class: 110
Epoch: 190, Runtime 0.050835, Loss 0.005120, forward nfe 0, backward nfe 0, Train: 0.9800, Val: 0.6391, Test: 0.5903, Best time: 7.8741
After OOD adjustment: Training instances of last class: 0
After OOD adjustment: Testing instances of last class: 110
Epoch: 191, Runtime 0.052761, Loss 0.005072, forward nfe 0, backward nfe 0, Train: 0.9800, Val: 0.6391, Test: 0.5903, Best time: 7.8741
After OOD adjustment: Training instances of last class: 0
After OOD adjustment: Testing instances of last class: 110
Epoch: 192, Runtime 0.049529, Loss 0.005025, forward nfe 0, backward nfe 0, Train: 0.9800, Val: 0.6391, Test: 0.5903, Best time: 7.8741
After OOD adjustment: Training instances of last class: 0
After OOD adjustment: Testing instances of last class: 110
Epoch: 193, Runtime 0.048826, Loss 0.004978, forward nfe 0, backward nfe 0, Train: 0.9800, Val: 0.6391, Test: 0.5903, Best time: 7.8741
After OOD adjustment: Training instances of last class: 0
After OOD adjustment: Testing instances of last class: 110
Epoch: 194, Runtime 0.051138, Loss 0.004932, forward nfe 0, backward nfe 0, Train: 0.9800, Val: 0.6391, Test: 0.5903, Best time: 7.8741
After OOD adjustment: Training instances of last class: 0
After OOD adjustment: Testing instances of last class: 110
Epoch: 195, Runtime 0.051653, Loss 0.004886, forward nfe 0, backward nfe 0, Train: 0.9800, Val: 0.6391, Test: 0.5903, Best time: 7.8741
After OOD adjustment: Training instances of last class: 0
After OOD adjustment: Testing instances of last class: 110
Epoch: 196, Runtime 0.051242, Loss 0.004841, forward nfe 0, backward nfe 0, Train: 0.9800, Val: 0.6391, Test: 0.5903, Best time: 7.8741
After OOD adjustment: Training instances of last class: 0
After OOD adjustment: Testing instances of last class: 110
Epoch: 197, Runtime 0.049304, Loss 0.004797, forward nfe 0, backward nfe 0, Train: 0.9800, Val: 0.6391, Test: 0.5903, Best time: 7.8741
After OOD adjustment: Training instances of last class: 0
After OOD adjustment: Testing instances of last class: 110
Epoch: 198, Runtime 0.051139, Loss 0.004753, forward nfe 0, backward nfe 0, Train: 0.9800, Val: 0.6391, Test: 0.5903, Best time: 7.8741
After OOD adjustment: Training instances of last class: 0
After OOD adjustment: Testing instances of last class: 110
Epoch: 199, Runtime 0.050266, Loss 0.004710, forward nfe 0, backward nfe 0, Train: 0.9800, Val: 0.6391, Test: 0.5903, Best time: 7.8741
After OOD adjustment: Training instances of last class: 0
After OOD adjustment: Testing instances of last class: 110
Epoch: 200, Runtime 0.049520, Loss 0.004668, forward nfe 0, backward nfe 0, Train: 0.9800, Val: 0.6391, Test: 0.5903, Best time: 7.8741
After OOD adjustment: Training instances of last class: 0
After OOD adjustment: Testing instances of last class: 110
Epoch: 201, Runtime 0.050969, Loss 0.004626, forward nfe 0, backward nfe 0, Train: 0.9800, Val: 0.6391, Test: 0.5903, Best time: 7.8741
After OOD adjustment: Training instances of last class: 0
After OOD adjustment: Testing instances of last class: 110
Epoch: 202, Runtime 0.048668, Loss 0.004585, forward nfe 0, backward nfe 0, Train: 0.9800, Val: 0.6391, Test: 0.5903, Best time: 7.8741
After OOD adjustment: Training instances of last class: 0
After OOD adjustment: Testing instances of last class: 110
Epoch: 203, Runtime 0.049100, Loss 0.004544, forward nfe 0, backward nfe 0, Train: 0.9800, Val: 0.6391, Test: 0.5903, Best time: 7.8741
After OOD adjustment: Training instances of last class: 0
After OOD adjustment: Testing instances of last class: 110
Epoch: 204, Runtime 0.050743, Loss 0.004504, forward nfe 0, backward nfe 0, Train: 0.9800, Val: 0.6391, Test: 0.5903, Best time: 7.8741
After OOD adjustment: Training instances of last class: 0
After OOD adjustment: Testing instances of last class: 110
Epoch: 205, Runtime 0.048692, Loss 0.004464, forward nfe 0, backward nfe 0, Train: 0.9800, Val: 0.6391, Test: 0.5903, Best time: 7.8741
After OOD adjustment: Training instances of last class: 0
After OOD adjustment: Testing instances of last class: 110
Epoch: 206, Runtime 0.050765, Loss 0.004425, forward nfe 0, backward nfe 0, Train: 0.9800, Val: 0.6391, Test: 0.5903, Best time: 7.8741
After OOD adjustment: Training instances of last class: 0
After OOD adjustment: Testing instances of last class: 110
Epoch: 207, Runtime 0.048953, Loss 0.004386, forward nfe 0, backward nfe 0, Train: 0.9800, Val: 0.6391, Test: 0.5903, Best time: 7.8741
After OOD adjustment: Training instances of last class: 0
After OOD adjustment: Testing instances of last class: 110
Epoch: 208, Runtime 0.047291, Loss 0.004348, forward nfe 0, backward nfe 0, Train: 0.9800, Val: 0.6391, Test: 0.5903, Best time: 7.8741
After OOD adjustment: Training instances of last class: 0
After OOD adjustment: Testing instances of last class: 110
Epoch: 209, Runtime 0.051126, Loss 0.004310, forward nfe 0, backward nfe 0, Train: 0.9800, Val: 0.6391, Test: 0.5903, Best time: 7.8741
After OOD adjustment: Training instances of last class: 0
After OOD adjustment: Testing instances of last class: 110
Epoch: 210, Runtime 0.047735, Loss 0.004273, forward nfe 0, backward nfe 0, Train: 0.9800, Val: 0.6391, Test: 0.5903, Best time: 7.8741
After OOD adjustment: Training instances of last class: 0
After OOD adjustment: Testing instances of last class: 110
Epoch: 211, Runtime 0.049599, Loss 0.004236, forward nfe 0, backward nfe 0, Train: 0.9800, Val: 0.6391, Test: 0.5903, Best time: 7.8741
After OOD adjustment: Training instances of last class: 0
After OOD adjustment: Testing instances of last class: 110
Epoch: 212, Runtime 0.051698, Loss 0.004200, forward nfe 0, backward nfe 0, Train: 0.9800, Val: 0.6391, Test: 0.5903, Best time: 7.8741
After OOD adjustment: Training instances of last class: 0
After OOD adjustment: Testing instances of last class: 110
Epoch: 213, Runtime 0.048773, Loss 0.004165, forward nfe 0, backward nfe 0, Train: 0.9800, Val: 0.6391, Test: 0.5903, Best time: 7.8741
After OOD adjustment: Training instances of last class: 0
After OOD adjustment: Testing instances of last class: 110
Epoch: 214, Runtime 0.048204, Loss 0.004129, forward nfe 0, backward nfe 0, Train: 0.9800, Val: 0.6391, Test: 0.5903, Best time: 7.8741
After OOD adjustment: Training instances of last class: 0
After OOD adjustment: Testing instances of last class: 110
Epoch: 215, Runtime 0.048776, Loss 0.004094, forward nfe 0, backward nfe 0, Train: 0.9800, Val: 0.6391, Test: 0.5903, Best time: 7.8741
After OOD adjustment: Training instances of last class: 0
After OOD adjustment: Testing instances of last class: 110
Epoch: 216, Runtime 0.050720, Loss 0.004060, forward nfe 0, backward nfe 0, Train: 0.9800, Val: 0.6391, Test: 0.5903, Best time: 7.8741
After OOD adjustment: Training instances of last class: 0
After OOD adjustment: Testing instances of last class: 110
Epoch: 217, Runtime 0.049194, Loss 0.004026, forward nfe 0, backward nfe 0, Train: 0.9800, Val: 0.6391, Test: 0.5903, Best time: 7.8741
After OOD adjustment: Training instances of last class: 0
After OOD adjustment: Testing instances of last class: 110
Epoch: 218, Runtime 0.049696, Loss 0.003993, forward nfe 0, backward nfe 0, Train: 0.9800, Val: 0.6391, Test: 0.5903, Best time: 7.8741
After OOD adjustment: Training instances of last class: 0
After OOD adjustment: Testing instances of last class: 110
Epoch: 219, Runtime 0.049569, Loss 0.003959, forward nfe 0, backward nfe 0, Train: 0.9800, Val: 0.6391, Test: 0.5903, Best time: 7.8741
After OOD adjustment: Training instances of last class: 0
After OOD adjustment: Testing instances of last class: 110
Epoch: 220, Runtime 0.048199, Loss 0.003927, forward nfe 0, backward nfe 0, Train: 0.9800, Val: 0.6391, Test: 0.5903, Best time: 7.8741
After OOD adjustment: Training instances of last class: 0
After OOD adjustment: Testing instances of last class: 110
Epoch: 221, Runtime 0.048507, Loss 0.003895, forward nfe 0, backward nfe 0, Train: 0.9800, Val: 0.6391, Test: 0.5903, Best time: 7.8741
After OOD adjustment: Training instances of last class: 0
After OOD adjustment: Testing instances of last class: 110
Epoch: 222, Runtime 0.051249, Loss 0.003863, forward nfe 0, backward nfe 0, Train: 0.9800, Val: 0.6391, Test: 0.5903, Best time: 7.8741
After OOD adjustment: Training instances of last class: 0
After OOD adjustment: Testing instances of last class: 110
Epoch: 223, Runtime 0.047457, Loss 0.003831, forward nfe 0, backward nfe 0, Train: 0.9800, Val: 0.6391, Test: 0.5903, Best time: 7.8741
After OOD adjustment: Training instances of last class: 0
After OOD adjustment: Testing instances of last class: 110
Epoch: 224, Runtime 0.048771, Loss 0.003800, forward nfe 0, backward nfe 0, Train: 0.9800, Val: 0.6391, Test: 0.5903, Best time: 7.8741
After OOD adjustment: Training instances of last class: 0
After OOD adjustment: Testing instances of last class: 110
Epoch: 225, Runtime 0.048928, Loss 0.003769, forward nfe 0, backward nfe 0, Train: 0.9800, Val: 0.6391, Test: 0.5903, Best time: 7.8741
After OOD adjustment: Training instances of last class: 0
After OOD adjustment: Testing instances of last class: 110
Epoch: 226, Runtime 0.046804, Loss 0.003739, forward nfe 0, backward nfe 0, Train: 0.9800, Val: 0.6391, Test: 0.5903, Best time: 7.8741
After OOD adjustment: Training instances of last class: 0
After OOD adjustment: Testing instances of last class: 110
Epoch: 227, Runtime 0.050547, Loss 0.003709, forward nfe 0, backward nfe 0, Train: 0.9800, Val: 0.6391, Test: 0.5903, Best time: 7.8741
After OOD adjustment: Training instances of last class: 0
After OOD adjustment: Testing instances of last class: 110
Epoch: 228, Runtime 0.049377, Loss 0.003679, forward nfe 0, backward nfe 0, Train: 0.9800, Val: 0.6391, Test: 0.5903, Best time: 7.8741
After OOD adjustment: Training instances of last class: 0
After OOD adjustment: Testing instances of last class: 110
Epoch: 229, Runtime 0.050623, Loss 0.003650, forward nfe 0, backward nfe 0, Train: 0.9800, Val: 0.6391, Test: 0.5903, Best time: 7.8741
After OOD adjustment: Training instances of last class: 0
After OOD adjustment: Testing instances of last class: 110
Epoch: 230, Runtime 0.048497, Loss 0.003621, forward nfe 0, backward nfe 0, Train: 0.9800, Val: 0.6391, Test: 0.5903, Best time: 7.8741
After OOD adjustment: Training instances of last class: 0
After OOD adjustment: Testing instances of last class: 110
Epoch: 231, Runtime 0.049092, Loss 0.003593, forward nfe 0, backward nfe 0, Train: 0.9800, Val: 0.6391, Test: 0.5903, Best time: 7.8741
After OOD adjustment: Training instances of last class: 0
After OOD adjustment: Testing instances of last class: 110
Epoch: 232, Runtime 0.049613, Loss 0.003564, forward nfe 0, backward nfe 0, Train: 0.9800, Val: 0.6391, Test: 0.5903, Best time: 7.8741
After OOD adjustment: Training instances of last class: 0
After OOD adjustment: Testing instances of last class: 110
Epoch: 233, Runtime 0.047782, Loss 0.003537, forward nfe 0, backward nfe 0, Train: 0.9800, Val: 0.6391, Test: 0.5903, Best time: 7.8741
After OOD adjustment: Training instances of last class: 0
After OOD adjustment: Testing instances of last class: 110
Epoch: 234, Runtime 0.050413, Loss 0.003509, forward nfe 0, backward nfe 0, Train: 0.9800, Val: 0.6391, Test: 0.5903, Best time: 7.8741
After OOD adjustment: Training instances of last class: 0
After OOD adjustment: Testing instances of last class: 110
Epoch: 235, Runtime 0.049995, Loss 0.003482, forward nfe 0, backward nfe 0, Train: 0.9800, Val: 0.6391, Test: 0.5903, Best time: 7.8741
After OOD adjustment: Training instances of last class: 0
After OOD adjustment: Testing instances of last class: 110
Epoch: 236, Runtime 0.050241, Loss 0.003455, forward nfe 0, backward nfe 0, Train: 0.9800, Val: 0.6391, Test: 0.5903, Best time: 7.8741
After OOD adjustment: Training instances of last class: 0
After OOD adjustment: Testing instances of last class: 110
Epoch: 237, Runtime 0.049962, Loss 0.003428, forward nfe 0, backward nfe 0, Train: 0.9800, Val: 0.6391, Test: 0.5903, Best time: 7.8741
After OOD adjustment: Training instances of last class: 0
After OOD adjustment: Testing instances of last class: 110
Epoch: 238, Runtime 0.046409, Loss 0.003402, forward nfe 0, backward nfe 0, Train: 0.9800, Val: 0.6391, Test: 0.5903, Best time: 7.8741
After OOD adjustment: Training instances of last class: 0
After OOD adjustment: Testing instances of last class: 110
Epoch: 239, Runtime 0.049980, Loss 0.003376, forward nfe 0, backward nfe 0, Train: 0.9800, Val: 0.6391, Test: 0.5903, Best time: 7.8741
After OOD adjustment: Training instances of last class: 0
After OOD adjustment: Testing instances of last class: 110
Epoch: 240, Runtime 0.048294, Loss 0.003350, forward nfe 0, backward nfe 0, Train: 0.9800, Val: 0.6391, Test: 0.5903, Best time: 7.8741
After OOD adjustment: Training instances of last class: 0
After OOD adjustment: Testing instances of last class: 110
Epoch: 241, Runtime 0.049033, Loss 0.003325, forward nfe 0, backward nfe 0, Train: 0.9800, Val: 0.6391, Test: 0.5903, Best time: 7.8741
After OOD adjustment: Training instances of last class: 0
After OOD adjustment: Testing instances of last class: 110
Epoch: 242, Runtime 0.050867, Loss 0.003300, forward nfe 0, backward nfe 0, Train: 0.9800, Val: 0.6391, Test: 0.5903, Best time: 7.8741
After OOD adjustment: Training instances of last class: 0
After OOD adjustment: Testing instances of last class: 110
Epoch: 243, Runtime 0.049803, Loss 0.003275, forward nfe 0, backward nfe 0, Train: 0.9800, Val: 0.6391, Test: 0.5903, Best time: 7.8741
After OOD adjustment: Training instances of last class: 0
After OOD adjustment: Testing instances of last class: 110
Epoch: 244, Runtime 0.049858, Loss 0.003250, forward nfe 0, backward nfe 0, Train: 0.9800, Val: 0.6391, Test: 0.5903, Best time: 7.8741
After OOD adjustment: Training instances of last class: 0
After OOD adjustment: Testing instances of last class: 110
Epoch: 245, Runtime 0.050195, Loss 0.003226, forward nfe 0, backward nfe 0, Train: 0.9800, Val: 0.6391, Test: 0.5903, Best time: 7.8741
After OOD adjustment: Training instances of last class: 0
After OOD adjustment: Testing instances of last class: 110
Epoch: 246, Runtime 0.047000, Loss 0.003202, forward nfe 0, backward nfe 0, Train: 0.9800, Val: 0.6391, Test: 0.5903, Best time: 7.8741
After OOD adjustment: Training instances of last class: 0
After OOD adjustment: Testing instances of last class: 110
Epoch: 247, Runtime 0.051185, Loss 0.003178, forward nfe 0, backward nfe 0, Train: 0.9800, Val: 0.6391, Test: 0.5903, Best time: 7.8741
After OOD adjustment: Training instances of last class: 0
After OOD adjustment: Testing instances of last class: 110
Epoch: 248, Runtime 0.050584, Loss 0.003155, forward nfe 0, backward nfe 0, Train: 0.9800, Val: 0.6391, Test: 0.5903, Best time: 7.8741
After OOD adjustment: Training instances of last class: 0
After OOD adjustment: Testing instances of last class: 110
Epoch: 249, Runtime 0.053122, Loss 0.003132, forward nfe 0, backward nfe 0, Train: 0.9800, Val: 0.6391, Test: 0.5903, Best time: 7.8741
best val accuracy 0.639130 with test accuracy 0.590323 at epoch 9 and best time 7.874113
base_directory resutls_prob/OOD_Citeseer
new_name:  gnn_ODD
file_path 1 resutls_prob/OOD_Citeseer/gnn_ODD_prediction_probabilities_11.npz
file_path 2 resutls_prob/OOD_Citeseer/gnn_ODD_prediction_probabilities_11.npz
Entropy Threshold: inf Test accuracy: 0.5903225806451613
Entropy Threshold: 2 Test accuracy: 0.5903225806451613
Entropy Threshold: 1.6 Test accuracy: 0.6169844020797227
Entropy Threshold: 1.5 Test accuracy: 0.7783505154639175
Entropy Threshold: 1.4 Test accuracy: 0.8767123287671232
Entropy Threshold: 1.3 Test accuracy: 0.8918918918918919
Entropy Threshold: 1.2 Test accuracy: 0.9473684210526315
Entropy Threshold: 1.1 Test accuracy: 0.9090909090909091
Entropy Threshold: 0.9 Test accuracy: 1.0
Entropy Threshold: 0.8 Test accuracy: 1.0
Entropy Threshold: 0.7 Test accuracy: 1.0
Entropy Threshold: 0.6 Test accuracy: None
Entropy Threshold: 0.5 Test accuracy: None
Entropy Threshold: 0.4 Test accuracy: None
Entropy Threshold: 0.3 Test accuracy: None
Entropy Threshold: 0.2 Test accuracy: None
Entropy Threshold: 0.1 Test accuracy: None
