[KeOps] Warning : cuda was detected, but driver API could not be initialized. Switching to cpu only.
Folder already exists: results/citeseer
experiment: 0
Dataset size (num_nodes): 2120, Intended development set size (num_development): 1500
Dataset size (num_nodes): 2120, Actual development set size (num_development): 1500
rations: train 120, val 1380, test 620
Before OOD adjustment: Total instances of last class: 304
Before OOD adjustment: Training instances of last class: 20
Before OOD adjustment: Testing instances of last class: 93
Before OOD adjustment: Val instances of last class: 191
total train + val+ test 304
After OOD adjustment: Training instances of last class: 0
After OOD adjustment: Testing instances of last class: 93
Total number of classes: 6
number of classes to train: 5
Dataset size (num_nodes): 2120, Intended development set size (num_development): 1500
Dataset size (num_nodes): 2120, Actual development set size (num_development): 1500
rations: train 120, val 1380, test 620
within set_train_val_test_split function!
Before OOD adjustment: Total instances of last class: 304
Before OOD adjustment: Training instances of last class: 20
Before OOD adjustment: Testing instances of last class: 83
Before OOD adjustment: Val instances of last class: 201
total train + val+ test 304
After OOD adjustment: Training instances of last class: 0
After OOD adjustment: Testing instances of last class: 83
MyGCN2(
  (conv1): GCNConv(3703, 80)
  (conv4): GCNConv(80, 5)
)
conv1.bias
torch.Size([80])
conv1.lin.weight
torch.Size([80, 3703])
conv4.bias
torch.Size([5])
conv4.lin.weight
torch.Size([5, 80])
After OOD adjustment: Training instances of last class: 0
After OOD adjustment: Testing instances of last class: 83
Epoch: 001, Runtime 0.048557, Loss 1.610356, forward nfe 0, backward nfe 0, Train: 0.6700, Val: 0.3761, Test: 0.3871, Best time: 7.8741
After OOD adjustment: Training instances of last class: 0
After OOD adjustment: Testing instances of last class: 83
Epoch: 002, Runtime 0.134827, Loss 1.491301, forward nfe 0, backward nfe 0, Train: 0.8700, Val: 0.4884, Test: 0.4984, Best time: 7.8741
After OOD adjustment: Training instances of last class: 0
After OOD adjustment: Testing instances of last class: 83
Epoch: 003, Runtime 0.125479, Loss 1.377712, forward nfe 0, backward nfe 0, Train: 0.9400, Val: 0.5297, Test: 0.5355, Best time: 7.8741
After OOD adjustment: Training instances of last class: 0
After OOD adjustment: Testing instances of last class: 83
Epoch: 004, Runtime 0.126650, Loss 1.269580, forward nfe 0, backward nfe 0, Train: 0.9500, Val: 0.5594, Test: 0.5516, Best time: 7.8741
After OOD adjustment: Training instances of last class: 0
After OOD adjustment: Testing instances of last class: 83
Epoch: 005, Runtime 0.127193, Loss 1.167070, forward nfe 0, backward nfe 0, Train: 0.9600, Val: 0.5797, Test: 0.5645, Best time: 7.8741
After OOD adjustment: Training instances of last class: 0
After OOD adjustment: Testing instances of last class: 83
Epoch: 006, Runtime 0.126702, Loss 1.070395, forward nfe 0, backward nfe 0, Train: 0.9800, Val: 0.5841, Test: 0.5774, Best time: 7.8741
After OOD adjustment: Training instances of last class: 0
After OOD adjustment: Testing instances of last class: 83
Epoch: 007, Runtime 0.040487, Loss 0.979732, forward nfe 0, backward nfe 0, Train: 0.9800, Val: 0.5841, Test: 0.5774, Best time: 7.8741
After OOD adjustment: Training instances of last class: 0
After OOD adjustment: Testing instances of last class: 83
Epoch: 008, Runtime 0.035213, Loss 0.895176, forward nfe 0, backward nfe 0, Train: 0.9800, Val: 0.5841, Test: 0.5774, Best time: 7.8741
After OOD adjustment: Training instances of last class: 0
After OOD adjustment: Testing instances of last class: 83
Epoch: 009, Runtime 0.037395, Loss 0.816721, forward nfe 0, backward nfe 0, Train: 0.9800, Val: 0.5841, Test: 0.5774, Best time: 7.8741
After OOD adjustment: Training instances of last class: 0
After OOD adjustment: Testing instances of last class: 83
Epoch: 010, Runtime 0.035372, Loss 0.744267, forward nfe 0, backward nfe 0, Train: 0.9800, Val: 0.5841, Test: 0.5774, Best time: 7.8741
After OOD adjustment: Training instances of last class: 0
After OOD adjustment: Testing instances of last class: 83
Epoch: 011, Runtime 0.122901, Loss 0.677624, forward nfe 0, backward nfe 0, Train: 0.9800, Val: 0.5855, Test: 0.5968, Best time: 7.8741
After OOD adjustment: Training instances of last class: 0
After OOD adjustment: Testing instances of last class: 83
Epoch: 012, Runtime 0.125383, Loss 0.616536, forward nfe 0, backward nfe 0, Train: 0.9800, Val: 0.5862, Test: 0.5952, Best time: 7.8741
After OOD adjustment: Training instances of last class: 0
After OOD adjustment: Testing instances of last class: 83
Epoch: 013, Runtime 0.126857, Loss 0.560696, forward nfe 0, backward nfe 0, Train: 0.9800, Val: 0.5870, Test: 0.5935, Best time: 7.8741
After OOD adjustment: Training instances of last class: 0
After OOD adjustment: Testing instances of last class: 83
Epoch: 014, Runtime 0.042152, Loss 0.509766, forward nfe 0, backward nfe 0, Train: 0.9800, Val: 0.5870, Test: 0.5935, Best time: 7.8741
After OOD adjustment: Training instances of last class: 0
After OOD adjustment: Testing instances of last class: 83
Epoch: 015, Runtime 0.039742, Loss 0.463395, forward nfe 0, backward nfe 0, Train: 0.9800, Val: 0.5870, Test: 0.5935, Best time: 7.8741
After OOD adjustment: Training instances of last class: 0
After OOD adjustment: Testing instances of last class: 83
Epoch: 016, Runtime 0.037298, Loss 0.421231, forward nfe 0, backward nfe 0, Train: 0.9800, Val: 0.5870, Test: 0.5935, Best time: 7.8741
After OOD adjustment: Training instances of last class: 0
After OOD adjustment: Testing instances of last class: 83
Epoch: 017, Runtime 0.037502, Loss 0.382934, forward nfe 0, backward nfe 0, Train: 0.9800, Val: 0.5870, Test: 0.5935, Best time: 7.8741
After OOD adjustment: Training instances of last class: 0
After OOD adjustment: Testing instances of last class: 83
Epoch: 018, Runtime 0.037689, Loss 0.348181, forward nfe 0, backward nfe 0, Train: 0.9800, Val: 0.5870, Test: 0.5935, Best time: 7.8741
After OOD adjustment: Training instances of last class: 0
After OOD adjustment: Testing instances of last class: 83
Epoch: 019, Runtime 0.037410, Loss 0.316670, forward nfe 0, backward nfe 0, Train: 0.9800, Val: 0.5870, Test: 0.5935, Best time: 7.8741
After OOD adjustment: Training instances of last class: 0
After OOD adjustment: Testing instances of last class: 83
Epoch: 020, Runtime 0.037586, Loss 0.288118, forward nfe 0, backward nfe 0, Train: 0.9800, Val: 0.5870, Test: 0.5935, Best time: 7.8741
After OOD adjustment: Training instances of last class: 0
After OOD adjustment: Testing instances of last class: 83
Epoch: 021, Runtime 0.037549, Loss 0.262269, forward nfe 0, backward nfe 0, Train: 0.9800, Val: 0.5870, Test: 0.5935, Best time: 7.8741
After OOD adjustment: Training instances of last class: 0
After OOD adjustment: Testing instances of last class: 83
Epoch: 022, Runtime 0.038059, Loss 0.238882, forward nfe 0, backward nfe 0, Train: 0.9800, Val: 0.5870, Test: 0.5935, Best time: 7.8741
After OOD adjustment: Training instances of last class: 0
After OOD adjustment: Testing instances of last class: 83
Epoch: 023, Runtime 0.036235, Loss 0.217739, forward nfe 0, backward nfe 0, Train: 0.9800, Val: 0.5870, Test: 0.5935, Best time: 7.8741
After OOD adjustment: Training instances of last class: 0
After OOD adjustment: Testing instances of last class: 83
Epoch: 024, Runtime 0.037517, Loss 0.198637, forward nfe 0, backward nfe 0, Train: 0.9800, Val: 0.5870, Test: 0.5935, Best time: 7.8741
After OOD adjustment: Training instances of last class: 0
After OOD adjustment: Testing instances of last class: 83
Epoch: 025, Runtime 0.037673, Loss 0.181390, forward nfe 0, backward nfe 0, Train: 0.9800, Val: 0.5870, Test: 0.5935, Best time: 7.8741
After OOD adjustment: Training instances of last class: 0
After OOD adjustment: Testing instances of last class: 83
Epoch: 026, Runtime 0.037678, Loss 0.165827, forward nfe 0, backward nfe 0, Train: 0.9800, Val: 0.5870, Test: 0.5935, Best time: 7.8741
After OOD adjustment: Training instances of last class: 0
After OOD adjustment: Testing instances of last class: 83
Epoch: 027, Runtime 0.037514, Loss 0.151788, forward nfe 0, backward nfe 0, Train: 0.9800, Val: 0.5870, Test: 0.5935, Best time: 7.8741
After OOD adjustment: Training instances of last class: 0
After OOD adjustment: Testing instances of last class: 83
Epoch: 028, Runtime 0.037695, Loss 0.139129, forward nfe 0, backward nfe 0, Train: 0.9800, Val: 0.5870, Test: 0.5935, Best time: 7.8741
After OOD adjustment: Training instances of last class: 0
After OOD adjustment: Testing instances of last class: 83
Epoch: 029, Runtime 0.037681, Loss 0.127717, forward nfe 0, backward nfe 0, Train: 0.9800, Val: 0.5870, Test: 0.5935, Best time: 7.8741
After OOD adjustment: Training instances of last class: 0
After OOD adjustment: Testing instances of last class: 83
Epoch: 030, Runtime 0.037695, Loss 0.117428, forward nfe 0, backward nfe 0, Train: 0.9800, Val: 0.5870, Test: 0.5935, Best time: 7.8741
After OOD adjustment: Training instances of last class: 0
After OOD adjustment: Testing instances of last class: 83
Epoch: 031, Runtime 0.037703, Loss 0.108151, forward nfe 0, backward nfe 0, Train: 0.9800, Val: 0.5870, Test: 0.5935, Best time: 7.8741
After OOD adjustment: Training instances of last class: 0
After OOD adjustment: Testing instances of last class: 83
Epoch: 032, Runtime 0.038071, Loss 0.099785, forward nfe 0, backward nfe 0, Train: 0.9800, Val: 0.5870, Test: 0.5935, Best time: 7.8741
After OOD adjustment: Training instances of last class: 0
After OOD adjustment: Testing instances of last class: 83
Epoch: 033, Runtime 0.036236, Loss 0.092237, forward nfe 0, backward nfe 0, Train: 0.9800, Val: 0.5870, Test: 0.5935, Best time: 7.8741
After OOD adjustment: Training instances of last class: 0
After OOD adjustment: Testing instances of last class: 83
Epoch: 034, Runtime 0.038000, Loss 0.085423, forward nfe 0, backward nfe 0, Train: 0.9800, Val: 0.5870, Test: 0.5935, Best time: 7.8741
After OOD adjustment: Training instances of last class: 0
After OOD adjustment: Testing instances of last class: 83
Epoch: 035, Runtime 0.036051, Loss 0.079269, forward nfe 0, backward nfe 0, Train: 0.9800, Val: 0.5870, Test: 0.5935, Best time: 7.8741
After OOD adjustment: Training instances of last class: 0
After OOD adjustment: Testing instances of last class: 83
Epoch: 036, Runtime 0.037624, Loss 0.073706, forward nfe 0, backward nfe 0, Train: 0.9800, Val: 0.5870, Test: 0.5935, Best time: 7.8741
After OOD adjustment: Training instances of last class: 0
After OOD adjustment: Testing instances of last class: 83
Epoch: 037, Runtime 0.034454, Loss 0.068673, forward nfe 0, backward nfe 0, Train: 0.9800, Val: 0.5870, Test: 0.5935, Best time: 7.8741
After OOD adjustment: Training instances of last class: 0
After OOD adjustment: Testing instances of last class: 83
Epoch: 038, Runtime 0.037622, Loss 0.064115, forward nfe 0, backward nfe 0, Train: 0.9800, Val: 0.5870, Test: 0.5935, Best time: 7.8741
After OOD adjustment: Training instances of last class: 0
After OOD adjustment: Testing instances of last class: 83
Epoch: 039, Runtime 0.037655, Loss 0.059983, forward nfe 0, backward nfe 0, Train: 0.9800, Val: 0.5870, Test: 0.5935, Best time: 7.8741
After OOD adjustment: Training instances of last class: 0
After OOD adjustment: Testing instances of last class: 83
Epoch: 040, Runtime 0.037655, Loss 0.056232, forward nfe 0, backward nfe 0, Train: 0.9800, Val: 0.5870, Test: 0.5935, Best time: 7.8741
After OOD adjustment: Training instances of last class: 0
After OOD adjustment: Testing instances of last class: 83
Epoch: 041, Runtime 0.037620, Loss 0.052823, forward nfe 0, backward nfe 0, Train: 0.9800, Val: 0.5870, Test: 0.5935, Best time: 7.8741
After OOD adjustment: Training instances of last class: 0
After OOD adjustment: Testing instances of last class: 83
Epoch: 042, Runtime 0.034148, Loss 0.049721, forward nfe 0, backward nfe 0, Train: 0.9800, Val: 0.5870, Test: 0.5935, Best time: 7.8741
After OOD adjustment: Training instances of last class: 0
After OOD adjustment: Testing instances of last class: 83
Epoch: 043, Runtime 0.038320, Loss 0.046894, forward nfe 0, backward nfe 0, Train: 0.9800, Val: 0.5870, Test: 0.5935, Best time: 7.8741
After OOD adjustment: Training instances of last class: 0
After OOD adjustment: Testing instances of last class: 83
Epoch: 044, Runtime 0.037752, Loss 0.044314, forward nfe 0, backward nfe 0, Train: 0.9800, Val: 0.5870, Test: 0.5935, Best time: 7.8741
After OOD adjustment: Training instances of last class: 0
After OOD adjustment: Testing instances of last class: 83
Epoch: 045, Runtime 0.039556, Loss 0.041956, forward nfe 0, backward nfe 0, Train: 0.9800, Val: 0.5870, Test: 0.5935, Best time: 7.8741
After OOD adjustment: Training instances of last class: 0
After OOD adjustment: Testing instances of last class: 83
Epoch: 046, Runtime 0.039557, Loss 0.039797, forward nfe 0, backward nfe 0, Train: 0.9800, Val: 0.5870, Test: 0.5935, Best time: 7.8741
After OOD adjustment: Training instances of last class: 0
After OOD adjustment: Testing instances of last class: 83
Epoch: 047, Runtime 0.037227, Loss 0.037817, forward nfe 0, backward nfe 0, Train: 0.9800, Val: 0.5870, Test: 0.5935, Best time: 7.8741
After OOD adjustment: Training instances of last class: 0
After OOD adjustment: Testing instances of last class: 83
Epoch: 048, Runtime 0.037560, Loss 0.035998, forward nfe 0, backward nfe 0, Train: 0.9800, Val: 0.5870, Test: 0.5935, Best time: 7.8741
After OOD adjustment: Training instances of last class: 0
After OOD adjustment: Testing instances of last class: 83
Epoch: 049, Runtime 0.037639, Loss 0.034325, forward nfe 0, backward nfe 0, Train: 0.9800, Val: 0.5870, Test: 0.5935, Best time: 7.8741
After OOD adjustment: Training instances of last class: 0
After OOD adjustment: Testing instances of last class: 83
Epoch: 050, Runtime 0.037745, Loss 0.032782, forward nfe 0, backward nfe 0, Train: 0.9800, Val: 0.5870, Test: 0.5935, Best time: 7.8741
After OOD adjustment: Training instances of last class: 0
After OOD adjustment: Testing instances of last class: 83
Epoch: 051, Runtime 0.037667, Loss 0.031357, forward nfe 0, backward nfe 0, Train: 0.9800, Val: 0.5870, Test: 0.5935, Best time: 7.8741
After OOD adjustment: Training instances of last class: 0
After OOD adjustment: Testing instances of last class: 83
Epoch: 052, Runtime 0.037602, Loss 0.030040, forward nfe 0, backward nfe 0, Train: 0.9800, Val: 0.5870, Test: 0.5935, Best time: 7.8741
After OOD adjustment: Training instances of last class: 0
After OOD adjustment: Testing instances of last class: 83
Epoch: 053, Runtime 0.037374, Loss 0.028818, forward nfe 0, backward nfe 0, Train: 0.9800, Val: 0.5870, Test: 0.5935, Best time: 7.8741
After OOD adjustment: Training instances of last class: 0
After OOD adjustment: Testing instances of last class: 83
Epoch: 054, Runtime 0.037616, Loss 0.027685, forward nfe 0, backward nfe 0, Train: 0.9800, Val: 0.5870, Test: 0.5935, Best time: 7.8741
After OOD adjustment: Training instances of last class: 0
After OOD adjustment: Testing instances of last class: 83
Epoch: 055, Runtime 0.037569, Loss 0.026631, forward nfe 0, backward nfe 0, Train: 0.9800, Val: 0.5870, Test: 0.5935, Best time: 7.8741
After OOD adjustment: Training instances of last class: 0
After OOD adjustment: Testing instances of last class: 83
Epoch: 056, Runtime 0.037383, Loss 0.025649, forward nfe 0, backward nfe 0, Train: 0.9800, Val: 0.5870, Test: 0.5935, Best time: 7.8741
After OOD adjustment: Training instances of last class: 0
After OOD adjustment: Testing instances of last class: 83
Epoch: 057, Runtime 0.037693, Loss 0.024733, forward nfe 0, backward nfe 0, Train: 0.9800, Val: 0.5870, Test: 0.5935, Best time: 7.8741
After OOD adjustment: Training instances of last class: 0
After OOD adjustment: Testing instances of last class: 83
Epoch: 058, Runtime 0.037594, Loss 0.023876, forward nfe 0, backward nfe 0, Train: 0.9800, Val: 0.5870, Test: 0.5935, Best time: 7.8741
After OOD adjustment: Training instances of last class: 0
After OOD adjustment: Testing instances of last class: 83
Epoch: 059, Runtime 0.039800, Loss 0.023075, forward nfe 0, backward nfe 0, Train: 0.9800, Val: 0.5870, Test: 0.5935, Best time: 7.8741
After OOD adjustment: Training instances of last class: 0
After OOD adjustment: Testing instances of last class: 83
Epoch: 060, Runtime 0.037152, Loss 0.022323, forward nfe 0, backward nfe 0, Train: 0.9800, Val: 0.5870, Test: 0.5935, Best time: 7.8741
After OOD adjustment: Training instances of last class: 0
After OOD adjustment: Testing instances of last class: 83
Epoch: 061, Runtime 0.037523, Loss 0.021617, forward nfe 0, backward nfe 0, Train: 0.9800, Val: 0.5870, Test: 0.5935, Best time: 7.8741
After OOD adjustment: Training instances of last class: 0
After OOD adjustment: Testing instances of last class: 83
Epoch: 062, Runtime 0.037459, Loss 0.020953, forward nfe 0, backward nfe 0, Train: 0.9800, Val: 0.5870, Test: 0.5935, Best time: 7.8741
After OOD adjustment: Training instances of last class: 0
After OOD adjustment: Testing instances of last class: 83
Epoch: 063, Runtime 0.037652, Loss 0.020327, forward nfe 0, backward nfe 0, Train: 0.9800, Val: 0.5870, Test: 0.5935, Best time: 7.8741
After OOD adjustment: Training instances of last class: 0
After OOD adjustment: Testing instances of last class: 83
Epoch: 064, Runtime 0.037745, Loss 0.019736, forward nfe 0, backward nfe 0, Train: 0.9800, Val: 0.5870, Test: 0.5935, Best time: 7.8741
After OOD adjustment: Training instances of last class: 0
After OOD adjustment: Testing instances of last class: 83
Epoch: 065, Runtime 0.034224, Loss 0.019178, forward nfe 0, backward nfe 0, Train: 0.9800, Val: 0.5870, Test: 0.5935, Best time: 7.8741
After OOD adjustment: Training instances of last class: 0
After OOD adjustment: Testing instances of last class: 83
Epoch: 066, Runtime 0.037793, Loss 0.018650, forward nfe 0, backward nfe 0, Train: 0.9800, Val: 0.5870, Test: 0.5935, Best time: 7.8741
After OOD adjustment: Training instances of last class: 0
After OOD adjustment: Testing instances of last class: 83
Epoch: 067, Runtime 0.037721, Loss 0.018150, forward nfe 0, backward nfe 0, Train: 0.9800, Val: 0.5870, Test: 0.5935, Best time: 7.8741
After OOD adjustment: Training instances of last class: 0
After OOD adjustment: Testing instances of last class: 83
Epoch: 068, Runtime 0.037539, Loss 0.017675, forward nfe 0, backward nfe 0, Train: 0.9800, Val: 0.5870, Test: 0.5935, Best time: 7.8741
After OOD adjustment: Training instances of last class: 0
After OOD adjustment: Testing instances of last class: 83
Epoch: 069, Runtime 0.040099, Loss 0.017223, forward nfe 0, backward nfe 0, Train: 0.9800, Val: 0.5870, Test: 0.5935, Best time: 7.8741
After OOD adjustment: Training instances of last class: 0
After OOD adjustment: Testing instances of last class: 83
Epoch: 070, Runtime 0.037080, Loss 0.016794, forward nfe 0, backward nfe 0, Train: 0.9800, Val: 0.5870, Test: 0.5935, Best time: 7.8741
After OOD adjustment: Training instances of last class: 0
After OOD adjustment: Testing instances of last class: 83
Epoch: 071, Runtime 0.037536, Loss 0.016385, forward nfe 0, backward nfe 0, Train: 0.9800, Val: 0.5870, Test: 0.5935, Best time: 7.8741
After OOD adjustment: Training instances of last class: 0
After OOD adjustment: Testing instances of last class: 83
Epoch: 072, Runtime 0.037406, Loss 0.015995, forward nfe 0, backward nfe 0, Train: 0.9800, Val: 0.5870, Test: 0.5935, Best time: 7.8741
After OOD adjustment: Training instances of last class: 0
After OOD adjustment: Testing instances of last class: 83
Epoch: 073, Runtime 0.037519, Loss 0.015623, forward nfe 0, backward nfe 0, Train: 0.9800, Val: 0.5870, Test: 0.5935, Best time: 7.8741
After OOD adjustment: Training instances of last class: 0
After OOD adjustment: Testing instances of last class: 83
Epoch: 074, Runtime 0.038002, Loss 0.015267, forward nfe 0, backward nfe 0, Train: 0.9800, Val: 0.5870, Test: 0.5935, Best time: 7.8741
After OOD adjustment: Training instances of last class: 0
After OOD adjustment: Testing instances of last class: 83
Epoch: 075, Runtime 0.038517, Loss 0.014926, forward nfe 0, backward nfe 0, Train: 0.9800, Val: 0.5870, Test: 0.5935, Best time: 7.8741
After OOD adjustment: Training instances of last class: 0
After OOD adjustment: Testing instances of last class: 83
Epoch: 076, Runtime 0.039510, Loss 0.014599, forward nfe 0, backward nfe 0, Train: 0.9800, Val: 0.5870, Test: 0.5935, Best time: 7.8741
After OOD adjustment: Training instances of last class: 0
After OOD adjustment: Testing instances of last class: 83
Epoch: 077, Runtime 0.037199, Loss 0.014286, forward nfe 0, backward nfe 0, Train: 0.9800, Val: 0.5870, Test: 0.5935, Best time: 7.8741
After OOD adjustment: Training instances of last class: 0
After OOD adjustment: Testing instances of last class: 83
Epoch: 078, Runtime 0.037405, Loss 0.013986, forward nfe 0, backward nfe 0, Train: 0.9800, Val: 0.5870, Test: 0.5935, Best time: 7.8741
After OOD adjustment: Training instances of last class: 0
After OOD adjustment: Testing instances of last class: 83
Epoch: 079, Runtime 0.037758, Loss 0.013697, forward nfe 0, backward nfe 0, Train: 0.9800, Val: 0.5870, Test: 0.5935, Best time: 7.8741
After OOD adjustment: Training instances of last class: 0
After OOD adjustment: Testing instances of last class: 83
Epoch: 080, Runtime 0.037191, Loss 0.013419, forward nfe 0, backward nfe 0, Train: 0.9800, Val: 0.5870, Test: 0.5935, Best time: 7.8741
After OOD adjustment: Training instances of last class: 0
After OOD adjustment: Testing instances of last class: 83
Epoch: 081, Runtime 0.037769, Loss 0.013152, forward nfe 0, backward nfe 0, Train: 0.9800, Val: 0.5870, Test: 0.5935, Best time: 7.8741
After OOD adjustment: Training instances of last class: 0
After OOD adjustment: Testing instances of last class: 83
Epoch: 082, Runtime 0.037529, Loss 0.012894, forward nfe 0, backward nfe 0, Train: 0.9800, Val: 0.5870, Test: 0.5935, Best time: 7.8741
After OOD adjustment: Training instances of last class: 0
After OOD adjustment: Testing instances of last class: 83
Epoch: 083, Runtime 0.038151, Loss 0.012646, forward nfe 0, backward nfe 0, Train: 0.9800, Val: 0.5870, Test: 0.5935, Best time: 7.8741
After OOD adjustment: Training instances of last class: 0
After OOD adjustment: Testing instances of last class: 83
Epoch: 084, Runtime 0.037154, Loss 0.012406, forward nfe 0, backward nfe 0, Train: 0.9800, Val: 0.5870, Test: 0.5935, Best time: 7.8741
After OOD adjustment: Training instances of last class: 0
After OOD adjustment: Testing instances of last class: 83
Epoch: 085, Runtime 0.037522, Loss 0.012175, forward nfe 0, backward nfe 0, Train: 0.9800, Val: 0.5870, Test: 0.5935, Best time: 7.8741
After OOD adjustment: Training instances of last class: 0
After OOD adjustment: Testing instances of last class: 83
Epoch: 086, Runtime 0.037928, Loss 0.011951, forward nfe 0, backward nfe 0, Train: 0.9800, Val: 0.5870, Test: 0.5935, Best time: 7.8741
After OOD adjustment: Training instances of last class: 0
After OOD adjustment: Testing instances of last class: 83
Epoch: 087, Runtime 0.036197, Loss 0.011735, forward nfe 0, backward nfe 0, Train: 0.9800, Val: 0.5870, Test: 0.5935, Best time: 7.8741
After OOD adjustment: Training instances of last class: 0
After OOD adjustment: Testing instances of last class: 83
Epoch: 088, Runtime 0.037593, Loss 0.011525, forward nfe 0, backward nfe 0, Train: 0.9800, Val: 0.5870, Test: 0.5935, Best time: 7.8741
After OOD adjustment: Training instances of last class: 0
After OOD adjustment: Testing instances of last class: 83
Epoch: 089, Runtime 0.037621, Loss 0.011322, forward nfe 0, backward nfe 0, Train: 0.9800, Val: 0.5870, Test: 0.5935, Best time: 7.8741
After OOD adjustment: Training instances of last class: 0
After OOD adjustment: Testing instances of last class: 83
Epoch: 090, Runtime 0.037646, Loss 0.011126, forward nfe 0, backward nfe 0, Train: 0.9800, Val: 0.5870, Test: 0.5935, Best time: 7.8741
After OOD adjustment: Training instances of last class: 0
After OOD adjustment: Testing instances of last class: 83
Epoch: 091, Runtime 0.037629, Loss 0.010935, forward nfe 0, backward nfe 0, Train: 0.9800, Val: 0.5870, Test: 0.5935, Best time: 7.8741
After OOD adjustment: Training instances of last class: 0
After OOD adjustment: Testing instances of last class: 83
Epoch: 092, Runtime 0.037674, Loss 0.010750, forward nfe 0, backward nfe 0, Train: 0.9800, Val: 0.5870, Test: 0.5935, Best time: 7.8741
After OOD adjustment: Training instances of last class: 0
After OOD adjustment: Testing instances of last class: 83
Epoch: 093, Runtime 0.037575, Loss 0.010571, forward nfe 0, backward nfe 0, Train: 0.9800, Val: 0.5870, Test: 0.5935, Best time: 7.8741
After OOD adjustment: Training instances of last class: 0
After OOD adjustment: Testing instances of last class: 83
Epoch: 094, Runtime 0.037592, Loss 0.010396, forward nfe 0, backward nfe 0, Train: 0.9800, Val: 0.5870, Test: 0.5935, Best time: 7.8741
After OOD adjustment: Training instances of last class: 0
After OOD adjustment: Testing instances of last class: 83
Epoch: 095, Runtime 0.037368, Loss 0.010227, forward nfe 0, backward nfe 0, Train: 0.9800, Val: 0.5870, Test: 0.5935, Best time: 7.8741
After OOD adjustment: Training instances of last class: 0
After OOD adjustment: Testing instances of last class: 83
Epoch: 096, Runtime 0.037611, Loss 0.010062, forward nfe 0, backward nfe 0, Train: 0.9800, Val: 0.5870, Test: 0.5935, Best time: 7.8741
After OOD adjustment: Training instances of last class: 0
After OOD adjustment: Testing instances of last class: 83
Epoch: 097, Runtime 0.037578, Loss 0.009902, forward nfe 0, backward nfe 0, Train: 0.9800, Val: 0.5870, Test: 0.5935, Best time: 7.8741
After OOD adjustment: Training instances of last class: 0
After OOD adjustment: Testing instances of last class: 83
Epoch: 098, Runtime 0.037689, Loss 0.009746, forward nfe 0, backward nfe 0, Train: 0.9800, Val: 0.5870, Test: 0.5935, Best time: 7.8741
After OOD adjustment: Training instances of last class: 0
After OOD adjustment: Testing instances of last class: 83
Epoch: 099, Runtime 0.038125, Loss 0.009594, forward nfe 0, backward nfe 0, Train: 0.9800, Val: 0.5870, Test: 0.5935, Best time: 7.8741
After OOD adjustment: Training instances of last class: 0
After OOD adjustment: Testing instances of last class: 83
Epoch: 100, Runtime 0.038353, Loss 0.009446, forward nfe 0, backward nfe 0, Train: 0.9800, Val: 0.5870, Test: 0.5935, Best time: 7.8741
After OOD adjustment: Training instances of last class: 0
After OOD adjustment: Testing instances of last class: 83
Epoch: 101, Runtime 0.037892, Loss 0.009302, forward nfe 0, backward nfe 0, Train: 0.9800, Val: 0.5870, Test: 0.5935, Best time: 7.8741
After OOD adjustment: Training instances of last class: 0
After OOD adjustment: Testing instances of last class: 83
Epoch: 102, Runtime 0.037513, Loss 0.009162, forward nfe 0, backward nfe 0, Train: 0.9800, Val: 0.5870, Test: 0.5935, Best time: 7.8741
After OOD adjustment: Training instances of last class: 0
After OOD adjustment: Testing instances of last class: 83
Epoch: 103, Runtime 0.037555, Loss 0.009025, forward nfe 0, backward nfe 0, Train: 0.9800, Val: 0.5870, Test: 0.5935, Best time: 7.8741
After OOD adjustment: Training instances of last class: 0
After OOD adjustment: Testing instances of last class: 83
Epoch: 104, Runtime 0.037602, Loss 0.008891, forward nfe 0, backward nfe 0, Train: 0.9800, Val: 0.5870, Test: 0.5935, Best time: 7.8741
After OOD adjustment: Training instances of last class: 0
After OOD adjustment: Testing instances of last class: 83
Epoch: 105, Runtime 0.037643, Loss 0.008761, forward nfe 0, backward nfe 0, Train: 0.9800, Val: 0.5870, Test: 0.5935, Best time: 7.8741
After OOD adjustment: Training instances of last class: 0
After OOD adjustment: Testing instances of last class: 83
Epoch: 106, Runtime 0.037608, Loss 0.008634, forward nfe 0, backward nfe 0, Train: 0.9800, Val: 0.5870, Test: 0.5935, Best time: 7.8741
After OOD adjustment: Training instances of last class: 0
After OOD adjustment: Testing instances of last class: 83
Epoch: 107, Runtime 0.037490, Loss 0.008510, forward nfe 0, backward nfe 0, Train: 0.9800, Val: 0.5870, Test: 0.5935, Best time: 7.8741
After OOD adjustment: Training instances of last class: 0
After OOD adjustment: Testing instances of last class: 83
Epoch: 108, Runtime 0.037361, Loss 0.008388, forward nfe 0, backward nfe 0, Train: 0.9800, Val: 0.5870, Test: 0.5935, Best time: 7.8741
After OOD adjustment: Training instances of last class: 0
After OOD adjustment: Testing instances of last class: 83
Epoch: 109, Runtime 0.037513, Loss 0.008270, forward nfe 0, backward nfe 0, Train: 0.9800, Val: 0.5870, Test: 0.5935, Best time: 7.8741
After OOD adjustment: Training instances of last class: 0
After OOD adjustment: Testing instances of last class: 83
Epoch: 110, Runtime 0.038122, Loss 0.008154, forward nfe 0, backward nfe 0, Train: 0.9800, Val: 0.5870, Test: 0.5935, Best time: 7.8741
After OOD adjustment: Training instances of last class: 0
After OOD adjustment: Testing instances of last class: 83
Epoch: 111, Runtime 0.035957, Loss 0.008041, forward nfe 0, backward nfe 0, Train: 0.9800, Val: 0.5870, Test: 0.5935, Best time: 7.8741
After OOD adjustment: Training instances of last class: 0
After OOD adjustment: Testing instances of last class: 83
Epoch: 112, Runtime 0.037763, Loss 0.007930, forward nfe 0, backward nfe 0, Train: 0.9800, Val: 0.5870, Test: 0.5935, Best time: 7.8741
After OOD adjustment: Training instances of last class: 0
After OOD adjustment: Testing instances of last class: 83
Epoch: 113, Runtime 0.037893, Loss 0.007822, forward nfe 0, backward nfe 0, Train: 0.9800, Val: 0.5870, Test: 0.5935, Best time: 7.8741
After OOD adjustment: Training instances of last class: 0
After OOD adjustment: Testing instances of last class: 83
Epoch: 114, Runtime 0.037617, Loss 0.007716, forward nfe 0, backward nfe 0, Train: 0.9800, Val: 0.5870, Test: 0.5935, Best time: 7.8741
After OOD adjustment: Training instances of last class: 0
After OOD adjustment: Testing instances of last class: 83
Epoch: 115, Runtime 0.037625, Loss 0.007613, forward nfe 0, backward nfe 0, Train: 0.9800, Val: 0.5870, Test: 0.5935, Best time: 7.8741
After OOD adjustment: Training instances of last class: 0
After OOD adjustment: Testing instances of last class: 83
Epoch: 116, Runtime 0.038029, Loss 0.007511, forward nfe 0, backward nfe 0, Train: 0.9800, Val: 0.5870, Test: 0.5935, Best time: 7.8741
After OOD adjustment: Training instances of last class: 0
After OOD adjustment: Testing instances of last class: 83
Epoch: 117, Runtime 0.038391, Loss 0.007412, forward nfe 0, backward nfe 0, Train: 0.9800, Val: 0.5870, Test: 0.5935, Best time: 7.8741
After OOD adjustment: Training instances of last class: 0
After OOD adjustment: Testing instances of last class: 83
Epoch: 118, Runtime 0.037072, Loss 0.007315, forward nfe 0, backward nfe 0, Train: 0.9800, Val: 0.5870, Test: 0.5935, Best time: 7.8741
After OOD adjustment: Training instances of last class: 0
After OOD adjustment: Testing instances of last class: 83
Epoch: 119, Runtime 0.037614, Loss 0.007220, forward nfe 0, backward nfe 0, Train: 0.9800, Val: 0.5870, Test: 0.5935, Best time: 7.8741
After OOD adjustment: Training instances of last class: 0
After OOD adjustment: Testing instances of last class: 83
Epoch: 120, Runtime 0.038515, Loss 0.007127, forward nfe 0, backward nfe 0, Train: 0.9800, Val: 0.5870, Test: 0.5935, Best time: 7.8741
After OOD adjustment: Training instances of last class: 0
After OOD adjustment: Testing instances of last class: 83
Epoch: 121, Runtime 0.037254, Loss 0.007035, forward nfe 0, backward nfe 0, Train: 0.9800, Val: 0.5870, Test: 0.5935, Best time: 7.8741
After OOD adjustment: Training instances of last class: 0
After OOD adjustment: Testing instances of last class: 83
Epoch: 122, Runtime 0.037502, Loss 0.006946, forward nfe 0, backward nfe 0, Train: 0.9800, Val: 0.5870, Test: 0.5935, Best time: 7.8741
After OOD adjustment: Training instances of last class: 0
After OOD adjustment: Testing instances of last class: 83
Epoch: 123, Runtime 0.037635, Loss 0.006858, forward nfe 0, backward nfe 0, Train: 0.9800, Val: 0.5870, Test: 0.5935, Best time: 7.8741
After OOD adjustment: Training instances of last class: 0
After OOD adjustment: Testing instances of last class: 83
Epoch: 124, Runtime 0.037694, Loss 0.006772, forward nfe 0, backward nfe 0, Train: 0.9800, Val: 0.5870, Test: 0.5935, Best time: 7.8741
After OOD adjustment: Training instances of last class: 0
After OOD adjustment: Testing instances of last class: 83
Epoch: 125, Runtime 0.038113, Loss 0.006688, forward nfe 0, backward nfe 0, Train: 0.9800, Val: 0.5870, Test: 0.5935, Best time: 7.8741
After OOD adjustment: Training instances of last class: 0
After OOD adjustment: Testing instances of last class: 83
Epoch: 126, Runtime 0.037193, Loss 0.006606, forward nfe 0, backward nfe 0, Train: 0.9800, Val: 0.5870, Test: 0.5935, Best time: 7.8741
After OOD adjustment: Training instances of last class: 0
After OOD adjustment: Testing instances of last class: 83
Epoch: 127, Runtime 0.038012, Loss 0.006525, forward nfe 0, backward nfe 0, Train: 0.9800, Val: 0.5870, Test: 0.5935, Best time: 7.8741
After OOD adjustment: Training instances of last class: 0
After OOD adjustment: Testing instances of last class: 83
Epoch: 128, Runtime 0.037583, Loss 0.006445, forward nfe 0, backward nfe 0, Train: 0.9800, Val: 0.5870, Test: 0.5935, Best time: 7.8741
After OOD adjustment: Training instances of last class: 0
After OOD adjustment: Testing instances of last class: 83
Epoch: 129, Runtime 0.037578, Loss 0.006367, forward nfe 0, backward nfe 0, Train: 0.9800, Val: 0.5870, Test: 0.5935, Best time: 7.8741
After OOD adjustment: Training instances of last class: 0
After OOD adjustment: Testing instances of last class: 83
Epoch: 130, Runtime 0.037503, Loss 0.006291, forward nfe 0, backward nfe 0, Train: 0.9800, Val: 0.5870, Test: 0.5935, Best time: 7.8741
After OOD adjustment: Training instances of last class: 0
After OOD adjustment: Testing instances of last class: 83
Epoch: 131, Runtime 0.037674, Loss 0.006216, forward nfe 0, backward nfe 0, Train: 0.9800, Val: 0.5870, Test: 0.5935, Best time: 7.8741
After OOD adjustment: Training instances of last class: 0
After OOD adjustment: Testing instances of last class: 83
Epoch: 132, Runtime 0.038800, Loss 0.006142, forward nfe 0, backward nfe 0, Train: 0.9800, Val: 0.5870, Test: 0.5935, Best time: 7.8741
After OOD adjustment: Training instances of last class: 0
After OOD adjustment: Testing instances of last class: 83
Epoch: 133, Runtime 0.037359, Loss 0.006070, forward nfe 0, backward nfe 0, Train: 0.9800, Val: 0.5870, Test: 0.5935, Best time: 7.8741
After OOD adjustment: Training instances of last class: 0
After OOD adjustment: Testing instances of last class: 83
Epoch: 134, Runtime 0.037535, Loss 0.005999, forward nfe 0, backward nfe 0, Train: 0.9800, Val: 0.5870, Test: 0.5935, Best time: 7.8741
After OOD adjustment: Training instances of last class: 0
After OOD adjustment: Testing instances of last class: 83
Epoch: 135, Runtime 0.037548, Loss 0.005929, forward nfe 0, backward nfe 0, Train: 0.9800, Val: 0.5870, Test: 0.5935, Best time: 7.8741
After OOD adjustment: Training instances of last class: 0
After OOD adjustment: Testing instances of last class: 83
Epoch: 136, Runtime 0.037668, Loss 0.005861, forward nfe 0, backward nfe 0, Train: 0.9800, Val: 0.5870, Test: 0.5935, Best time: 7.8741
After OOD adjustment: Training instances of last class: 0
After OOD adjustment: Testing instances of last class: 83
Epoch: 137, Runtime 0.037526, Loss 0.005794, forward nfe 0, backward nfe 0, Train: 0.9800, Val: 0.5870, Test: 0.5935, Best time: 7.8741
After OOD adjustment: Training instances of last class: 0
After OOD adjustment: Testing instances of last class: 83
Epoch: 138, Runtime 0.037678, Loss 0.005728, forward nfe 0, backward nfe 0, Train: 0.9800, Val: 0.5870, Test: 0.5935, Best time: 7.8741
After OOD adjustment: Training instances of last class: 0
After OOD adjustment: Testing instances of last class: 83
Epoch: 139, Runtime 0.037469, Loss 0.005663, forward nfe 0, backward nfe 0, Train: 0.9800, Val: 0.5870, Test: 0.5935, Best time: 7.8741
After OOD adjustment: Training instances of last class: 0
After OOD adjustment: Testing instances of last class: 83
Epoch: 140, Runtime 0.037539, Loss 0.005599, forward nfe 0, backward nfe 0, Train: 0.9800, Val: 0.5870, Test: 0.5935, Best time: 7.8741
After OOD adjustment: Training instances of last class: 0
After OOD adjustment: Testing instances of last class: 83
Epoch: 141, Runtime 0.037537, Loss 0.005536, forward nfe 0, backward nfe 0, Train: 0.9800, Val: 0.5870, Test: 0.5935, Best time: 7.8741
After OOD adjustment: Training instances of last class: 0
After OOD adjustment: Testing instances of last class: 83
Epoch: 142, Runtime 0.038140, Loss 0.005475, forward nfe 0, backward nfe 0, Train: 0.9800, Val: 0.5870, Test: 0.5935, Best time: 7.8741
After OOD adjustment: Training instances of last class: 0
After OOD adjustment: Testing instances of last class: 83
Epoch: 143, Runtime 0.036582, Loss 0.005414, forward nfe 0, backward nfe 0, Train: 0.9800, Val: 0.5870, Test: 0.5935, Best time: 7.8741
After OOD adjustment: Training instances of last class: 0
After OOD adjustment: Testing instances of last class: 83
Epoch: 144, Runtime 0.036298, Loss 0.005355, forward nfe 0, backward nfe 0, Train: 0.9800, Val: 0.5870, Test: 0.5935, Best time: 7.8741
After OOD adjustment: Training instances of last class: 0
After OOD adjustment: Testing instances of last class: 83
Epoch: 145, Runtime 0.037597, Loss 0.005297, forward nfe 0, backward nfe 0, Train: 0.9800, Val: 0.5870, Test: 0.5935, Best time: 7.8741
After OOD adjustment: Training instances of last class: 0
After OOD adjustment: Testing instances of last class: 83
Epoch: 146, Runtime 0.037752, Loss 0.005239, forward nfe 0, backward nfe 0, Train: 0.9800, Val: 0.5870, Test: 0.5935, Best time: 7.8741
After OOD adjustment: Training instances of last class: 0
After OOD adjustment: Testing instances of last class: 83
Epoch: 147, Runtime 0.037755, Loss 0.005183, forward nfe 0, backward nfe 0, Train: 0.9800, Val: 0.5870, Test: 0.5935, Best time: 7.8741
After OOD adjustment: Training instances of last class: 0
After OOD adjustment: Testing instances of last class: 83
Epoch: 148, Runtime 0.037081, Loss 0.005127, forward nfe 0, backward nfe 0, Train: 0.9800, Val: 0.5870, Test: 0.5935, Best time: 7.8741
After OOD adjustment: Training instances of last class: 0
After OOD adjustment: Testing instances of last class: 83
Epoch: 149, Runtime 0.037659, Loss 0.005073, forward nfe 0, backward nfe 0, Train: 0.9800, Val: 0.5870, Test: 0.5935, Best time: 7.8741
After OOD adjustment: Training instances of last class: 0
After OOD adjustment: Testing instances of last class: 83
Epoch: 150, Runtime 0.037684, Loss 0.005019, forward nfe 0, backward nfe 0, Train: 0.9800, Val: 0.5870, Test: 0.5935, Best time: 7.8741
After OOD adjustment: Training instances of last class: 0
After OOD adjustment: Testing instances of last class: 83
Epoch: 151, Runtime 0.037791, Loss 0.004966, forward nfe 0, backward nfe 0, Train: 0.9800, Val: 0.5870, Test: 0.5935, Best time: 7.8741
After OOD adjustment: Training instances of last class: 0
After OOD adjustment: Testing instances of last class: 83
Epoch: 152, Runtime 0.037654, Loss 0.004914, forward nfe 0, backward nfe 0, Train: 0.9800, Val: 0.5870, Test: 0.5935, Best time: 7.8741
After OOD adjustment: Training instances of last class: 0
After OOD adjustment: Testing instances of last class: 83
Epoch: 153, Runtime 0.037614, Loss 0.004863, forward nfe 0, backward nfe 0, Train: 0.9800, Val: 0.5870, Test: 0.5935, Best time: 7.8741
After OOD adjustment: Training instances of last class: 0
After OOD adjustment: Testing instances of last class: 83
Epoch: 154, Runtime 0.037935, Loss 0.004812, forward nfe 0, backward nfe 0, Train: 0.9800, Val: 0.5870, Test: 0.5935, Best time: 7.8741
After OOD adjustment: Training instances of last class: 0
After OOD adjustment: Testing instances of last class: 83
Epoch: 155, Runtime 0.037211, Loss 0.004763, forward nfe 0, backward nfe 0, Train: 0.9800, Val: 0.5870, Test: 0.5935, Best time: 7.8741
After OOD adjustment: Training instances of last class: 0
After OOD adjustment: Testing instances of last class: 83
Epoch: 156, Runtime 0.037910, Loss 0.004714, forward nfe 0, backward nfe 0, Train: 0.9800, Val: 0.5870, Test: 0.5935, Best time: 7.8741
After OOD adjustment: Training instances of last class: 0
After OOD adjustment: Testing instances of last class: 83
Epoch: 157, Runtime 0.037413, Loss 0.004666, forward nfe 0, backward nfe 0, Train: 0.9800, Val: 0.5870, Test: 0.5935, Best time: 7.8741
After OOD adjustment: Training instances of last class: 0
After OOD adjustment: Testing instances of last class: 83
Epoch: 158, Runtime 0.039867, Loss 0.004619, forward nfe 0, backward nfe 0, Train: 0.9800, Val: 0.5870, Test: 0.5935, Best time: 7.8741
After OOD adjustment: Training instances of last class: 0
After OOD adjustment: Testing instances of last class: 83
Epoch: 159, Runtime 0.037070, Loss 0.004573, forward nfe 0, backward nfe 0, Train: 0.9800, Val: 0.5870, Test: 0.5935, Best time: 7.8741
After OOD adjustment: Training instances of last class: 0
After OOD adjustment: Testing instances of last class: 83
Epoch: 160, Runtime 0.037760, Loss 0.004527, forward nfe 0, backward nfe 0, Train: 0.9800, Val: 0.5870, Test: 0.5935, Best time: 7.8741
After OOD adjustment: Training instances of last class: 0
After OOD adjustment: Testing instances of last class: 83
Epoch: 161, Runtime 0.036122, Loss 0.004482, forward nfe 0, backward nfe 0, Train: 0.9800, Val: 0.5870, Test: 0.5935, Best time: 7.8741
After OOD adjustment: Training instances of last class: 0
After OOD adjustment: Testing instances of last class: 83
Epoch: 162, Runtime 0.037544, Loss 0.004437, forward nfe 0, backward nfe 0, Train: 0.9800, Val: 0.5870, Test: 0.5935, Best time: 7.8741
After OOD adjustment: Training instances of last class: 0
After OOD adjustment: Testing instances of last class: 83
Epoch: 163, Runtime 0.037427, Loss 0.004394, forward nfe 0, backward nfe 0, Train: 0.9800, Val: 0.5870, Test: 0.5935, Best time: 7.8741
After OOD adjustment: Training instances of last class: 0
After OOD adjustment: Testing instances of last class: 83
Epoch: 164, Runtime 0.037391, Loss 0.004351, forward nfe 0, backward nfe 0, Train: 0.9800, Val: 0.5870, Test: 0.5935, Best time: 7.8741
After OOD adjustment: Training instances of last class: 0
After OOD adjustment: Testing instances of last class: 83
Epoch: 165, Runtime 0.038151, Loss 0.004308, forward nfe 0, backward nfe 0, Train: 0.9800, Val: 0.5870, Test: 0.5935, Best time: 7.8741
After OOD adjustment: Training instances of last class: 0
After OOD adjustment: Testing instances of last class: 83
Epoch: 166, Runtime 0.037139, Loss 0.004266, forward nfe 0, backward nfe 0, Train: 0.9800, Val: 0.5870, Test: 0.5935, Best time: 7.8741
After OOD adjustment: Training instances of last class: 0
After OOD adjustment: Testing instances of last class: 83
Epoch: 167, Runtime 0.037611, Loss 0.004225, forward nfe 0, backward nfe 0, Train: 0.9800, Val: 0.5870, Test: 0.5935, Best time: 7.8741
After OOD adjustment: Training instances of last class: 0
After OOD adjustment: Testing instances of last class: 83
Epoch: 168, Runtime 0.037595, Loss 0.004185, forward nfe 0, backward nfe 0, Train: 0.9800, Val: 0.5870, Test: 0.5935, Best time: 7.8741
After OOD adjustment: Training instances of last class: 0
After OOD adjustment: Testing instances of last class: 83
Epoch: 169, Runtime 0.037478, Loss 0.004145, forward nfe 0, backward nfe 0, Train: 0.9800, Val: 0.5870, Test: 0.5935, Best time: 7.8741
After OOD adjustment: Training instances of last class: 0
After OOD adjustment: Testing instances of last class: 83
Epoch: 170, Runtime 0.037663, Loss 0.004105, forward nfe 0, backward nfe 0, Train: 0.9800, Val: 0.5870, Test: 0.5935, Best time: 7.8741
After OOD adjustment: Training instances of last class: 0
After OOD adjustment: Testing instances of last class: 83
Epoch: 171, Runtime 0.034475, Loss 0.004067, forward nfe 0, backward nfe 0, Train: 0.9800, Val: 0.5870, Test: 0.5935, Best time: 7.8741
After OOD adjustment: Training instances of last class: 0
After OOD adjustment: Testing instances of last class: 83
Epoch: 172, Runtime 0.037805, Loss 0.004029, forward nfe 0, backward nfe 0, Train: 0.9800, Val: 0.5870, Test: 0.5935, Best time: 7.8741
After OOD adjustment: Training instances of last class: 0
After OOD adjustment: Testing instances of last class: 83
Epoch: 173, Runtime 0.037422, Loss 0.003991, forward nfe 0, backward nfe 0, Train: 0.9800, Val: 0.5870, Test: 0.5935, Best time: 7.8741
After OOD adjustment: Training instances of last class: 0
After OOD adjustment: Testing instances of last class: 83
Epoch: 174, Runtime 0.037602, Loss 0.003954, forward nfe 0, backward nfe 0, Train: 0.9800, Val: 0.5870, Test: 0.5935, Best time: 7.8741
After OOD adjustment: Training instances of last class: 0
After OOD adjustment: Testing instances of last class: 83
Epoch: 175, Runtime 0.037477, Loss 0.003917, forward nfe 0, backward nfe 0, Train: 0.9800, Val: 0.5870, Test: 0.5935, Best time: 7.8741
After OOD adjustment: Training instances of last class: 0
After OOD adjustment: Testing instances of last class: 83
Epoch: 176, Runtime 0.037733, Loss 0.003881, forward nfe 0, backward nfe 0, Train: 0.9800, Val: 0.5870, Test: 0.5935, Best time: 7.8741
After OOD adjustment: Training instances of last class: 0
After OOD adjustment: Testing instances of last class: 83
Epoch: 177, Runtime 0.037380, Loss 0.003846, forward nfe 0, backward nfe 0, Train: 0.9800, Val: 0.5870, Test: 0.5935, Best time: 7.8741
After OOD adjustment: Training instances of last class: 0
After OOD adjustment: Testing instances of last class: 83
Epoch: 178, Runtime 0.037698, Loss 0.003810, forward nfe 0, backward nfe 0, Train: 0.9800, Val: 0.5870, Test: 0.5935, Best time: 7.8741
After OOD adjustment: Training instances of last class: 0
After OOD adjustment: Testing instances of last class: 83
Epoch: 179, Runtime 0.037488, Loss 0.003776, forward nfe 0, backward nfe 0, Train: 0.9800, Val: 0.5870, Test: 0.5935, Best time: 7.8741
After OOD adjustment: Training instances of last class: 0
After OOD adjustment: Testing instances of last class: 83
Epoch: 180, Runtime 0.037821, Loss 0.003742, forward nfe 0, backward nfe 0, Train: 0.9800, Val: 0.5870, Test: 0.5935, Best time: 7.8741
After OOD adjustment: Training instances of last class: 0
After OOD adjustment: Testing instances of last class: 83
Epoch: 181, Runtime 0.037461, Loss 0.003708, forward nfe 0, backward nfe 0, Train: 0.9800, Val: 0.5870, Test: 0.5935, Best time: 7.8741
After OOD adjustment: Training instances of last class: 0
After OOD adjustment: Testing instances of last class: 83
Epoch: 182, Runtime 0.037662, Loss 0.003675, forward nfe 0, backward nfe 0, Train: 0.9800, Val: 0.5870, Test: 0.5935, Best time: 7.8741
After OOD adjustment: Training instances of last class: 0
After OOD adjustment: Testing instances of last class: 83
Epoch: 183, Runtime 0.037519, Loss 0.003642, forward nfe 0, backward nfe 0, Train: 0.9800, Val: 0.5870, Test: 0.5935, Best time: 7.8741
After OOD adjustment: Training instances of last class: 0
After OOD adjustment: Testing instances of last class: 83
Epoch: 184, Runtime 0.038136, Loss 0.003610, forward nfe 0, backward nfe 0, Train: 0.9800, Val: 0.5870, Test: 0.5935, Best time: 7.8741
After OOD adjustment: Training instances of last class: 0
After OOD adjustment: Testing instances of last class: 83
Epoch: 185, Runtime 0.036060, Loss 0.003578, forward nfe 0, backward nfe 0, Train: 0.9800, Val: 0.5870, Test: 0.5935, Best time: 7.8741
After OOD adjustment: Training instances of last class: 0
After OOD adjustment: Testing instances of last class: 83
Epoch: 186, Runtime 0.037583, Loss 0.003547, forward nfe 0, backward nfe 0, Train: 0.9800, Val: 0.5870, Test: 0.5935, Best time: 7.8741
After OOD adjustment: Training instances of last class: 0
After OOD adjustment: Testing instances of last class: 83
Epoch: 187, Runtime 0.037475, Loss 0.003516, forward nfe 0, backward nfe 0, Train: 0.9800, Val: 0.5870, Test: 0.5935, Best time: 7.8741
After OOD adjustment: Training instances of last class: 0
After OOD adjustment: Testing instances of last class: 83
Epoch: 188, Runtime 0.037656, Loss 0.003485, forward nfe 0, backward nfe 0, Train: 0.9800, Val: 0.5870, Test: 0.5935, Best time: 7.8741
After OOD adjustment: Training instances of last class: 0
After OOD adjustment: Testing instances of last class: 83
Epoch: 189, Runtime 0.037679, Loss 0.003455, forward nfe 0, backward nfe 0, Train: 0.9800, Val: 0.5870, Test: 0.5935, Best time: 7.8741
After OOD adjustment: Training instances of last class: 0
After OOD adjustment: Testing instances of last class: 83
Epoch: 190, Runtime 0.037509, Loss 0.003426, forward nfe 0, backward nfe 0, Train: 0.9800, Val: 0.5870, Test: 0.5935, Best time: 7.8741
After OOD adjustment: Training instances of last class: 0
After OOD adjustment: Testing instances of last class: 83
Epoch: 191, Runtime 0.037514, Loss 0.003396, forward nfe 0, backward nfe 0, Train: 0.9800, Val: 0.5870, Test: 0.5935, Best time: 7.8741
After OOD adjustment: Training instances of last class: 0
After OOD adjustment: Testing instances of last class: 83
Epoch: 192, Runtime 0.037655, Loss 0.003367, forward nfe 0, backward nfe 0, Train: 0.9800, Val: 0.5870, Test: 0.5935, Best time: 7.8741
After OOD adjustment: Training instances of last class: 0
After OOD adjustment: Testing instances of last class: 83
Epoch: 193, Runtime 0.037689, Loss 0.003339, forward nfe 0, backward nfe 0, Train: 0.9800, Val: 0.5870, Test: 0.5935, Best time: 7.8741
After OOD adjustment: Training instances of last class: 0
After OOD adjustment: Testing instances of last class: 83
Epoch: 194, Runtime 0.037497, Loss 0.003310, forward nfe 0, backward nfe 0, Train: 0.9800, Val: 0.5870, Test: 0.5935, Best time: 7.8741
After OOD adjustment: Training instances of last class: 0
After OOD adjustment: Testing instances of last class: 83
Epoch: 195, Runtime 0.036215, Loss 0.003283, forward nfe 0, backward nfe 0, Train: 0.9800, Val: 0.5870, Test: 0.5935, Best time: 7.8741
After OOD adjustment: Training instances of last class: 0
After OOD adjustment: Testing instances of last class: 83
Epoch: 196, Runtime 0.037997, Loss 0.003255, forward nfe 0, backward nfe 0, Train: 0.9800, Val: 0.5870, Test: 0.5935, Best time: 7.8741
After OOD adjustment: Training instances of last class: 0
After OOD adjustment: Testing instances of last class: 83
Epoch: 197, Runtime 0.037469, Loss 0.003228, forward nfe 0, backward nfe 0, Train: 0.9800, Val: 0.5870, Test: 0.5935, Best time: 7.8741
After OOD adjustment: Training instances of last class: 0
After OOD adjustment: Testing instances of last class: 83
Epoch: 198, Runtime 0.037651, Loss 0.003201, forward nfe 0, backward nfe 0, Train: 0.9800, Val: 0.5870, Test: 0.5935, Best time: 7.8741
After OOD adjustment: Training instances of last class: 0
After OOD adjustment: Testing instances of last class: 83
Epoch: 199, Runtime 0.037581, Loss 0.003175, forward nfe 0, backward nfe 0, Train: 0.9800, Val: 0.5870, Test: 0.5935, Best time: 7.8741
After OOD adjustment: Training instances of last class: 0
After OOD adjustment: Testing instances of last class: 83
Epoch: 200, Runtime 0.037537, Loss 0.003149, forward nfe 0, backward nfe 0, Train: 0.9800, Val: 0.5870, Test: 0.5935, Best time: 7.8741
After OOD adjustment: Training instances of last class: 0
After OOD adjustment: Testing instances of last class: 83
Epoch: 201, Runtime 0.038092, Loss 0.003123, forward nfe 0, backward nfe 0, Train: 0.9800, Val: 0.5870, Test: 0.5935, Best time: 7.8741
After OOD adjustment: Training instances of last class: 0
After OOD adjustment: Testing instances of last class: 83
Epoch: 202, Runtime 0.036965, Loss 0.003097, forward nfe 0, backward nfe 0, Train: 0.9800, Val: 0.5870, Test: 0.5935, Best time: 7.8741
After OOD adjustment: Training instances of last class: 0
After OOD adjustment: Testing instances of last class: 83
Epoch: 203, Runtime 0.037488, Loss 0.003072, forward nfe 0, backward nfe 0, Train: 0.9800, Val: 0.5870, Test: 0.5935, Best time: 7.8741
After OOD adjustment: Training instances of last class: 0
After OOD adjustment: Testing instances of last class: 83
Epoch: 204, Runtime 0.038024, Loss 0.003048, forward nfe 0, backward nfe 0, Train: 0.9800, Val: 0.5870, Test: 0.5935, Best time: 7.8741
After OOD adjustment: Training instances of last class: 0
After OOD adjustment: Testing instances of last class: 83
Epoch: 205, Runtime 0.037505, Loss 0.003023, forward nfe 0, backward nfe 0, Train: 0.9800, Val: 0.5870, Test: 0.5935, Best time: 7.8741
After OOD adjustment: Training instances of last class: 0
After OOD adjustment: Testing instances of last class: 83
Epoch: 206, Runtime 0.037859, Loss 0.002999, forward nfe 0, backward nfe 0, Train: 0.9800, Val: 0.5870, Test: 0.5935, Best time: 7.8741
After OOD adjustment: Training instances of last class: 0
After OOD adjustment: Testing instances of last class: 83
Epoch: 207, Runtime 0.037434, Loss 0.002975, forward nfe 0, backward nfe 0, Train: 0.9800, Val: 0.5870, Test: 0.5935, Best time: 7.8741
After OOD adjustment: Training instances of last class: 0
After OOD adjustment: Testing instances of last class: 83
Epoch: 208, Runtime 0.037579, Loss 0.002951, forward nfe 0, backward nfe 0, Train: 0.9800, Val: 0.5870, Test: 0.5935, Best time: 7.8741
After OOD adjustment: Training instances of last class: 0
After OOD adjustment: Testing instances of last class: 83
Epoch: 209, Runtime 0.037468, Loss 0.002928, forward nfe 0, backward nfe 0, Train: 0.9800, Val: 0.5870, Test: 0.5935, Best time: 7.8741
After OOD adjustment: Training instances of last class: 0
After OOD adjustment: Testing instances of last class: 83
Epoch: 210, Runtime 0.037980, Loss 0.002905, forward nfe 0, backward nfe 0, Train: 0.9800, Val: 0.5870, Test: 0.5935, Best time: 7.8741
After OOD adjustment: Training instances of last class: 0
After OOD adjustment: Testing instances of last class: 83
Epoch: 211, Runtime 0.036305, Loss 0.002882, forward nfe 0, backward nfe 0, Train: 0.9800, Val: 0.5870, Test: 0.5935, Best time: 7.8741
After OOD adjustment: Training instances of last class: 0
After OOD adjustment: Testing instances of last class: 83
Epoch: 212, Runtime 0.037675, Loss 0.002860, forward nfe 0, backward nfe 0, Train: 0.9800, Val: 0.5870, Test: 0.5935, Best time: 7.8741
After OOD adjustment: Training instances of last class: 0
After OOD adjustment: Testing instances of last class: 83
Epoch: 213, Runtime 0.037588, Loss 0.002837, forward nfe 0, backward nfe 0, Train: 0.9800, Val: 0.5870, Test: 0.5935, Best time: 7.8741
After OOD adjustment: Training instances of last class: 0
After OOD adjustment: Testing instances of last class: 83
Epoch: 214, Runtime 0.037569, Loss 0.002815, forward nfe 0, backward nfe 0, Train: 0.9800, Val: 0.5870, Test: 0.5935, Best time: 7.8741
After OOD adjustment: Training instances of last class: 0
After OOD adjustment: Testing instances of last class: 83
Epoch: 215, Runtime 0.037341, Loss 0.002794, forward nfe 0, backward nfe 0, Train: 0.9800, Val: 0.5870, Test: 0.5935, Best time: 7.8741
After OOD adjustment: Training instances of last class: 0
After OOD adjustment: Testing instances of last class: 83
Epoch: 216, Runtime 0.037845, Loss 0.002772, forward nfe 0, backward nfe 0, Train: 0.9800, Val: 0.5870, Test: 0.5935, Best time: 7.8741
After OOD adjustment: Training instances of last class: 0
After OOD adjustment: Testing instances of last class: 83
Epoch: 217, Runtime 0.037370, Loss 0.002751, forward nfe 0, backward nfe 0, Train: 0.9800, Val: 0.5870, Test: 0.5935, Best time: 7.8741
After OOD adjustment: Training instances of last class: 0
After OOD adjustment: Testing instances of last class: 83
Epoch: 218, Runtime 0.037525, Loss 0.002730, forward nfe 0, backward nfe 0, Train: 0.9800, Val: 0.5870, Test: 0.5935, Best time: 7.8741
After OOD adjustment: Training instances of last class: 0
After OOD adjustment: Testing instances of last class: 83
Epoch: 219, Runtime 0.034461, Loss 0.002709, forward nfe 0, backward nfe 0, Train: 0.9800, Val: 0.5870, Test: 0.5935, Best time: 7.8741
After OOD adjustment: Training instances of last class: 0
After OOD adjustment: Testing instances of last class: 83
Epoch: 220, Runtime 0.038271, Loss 0.002689, forward nfe 0, backward nfe 0, Train: 0.9800, Val: 0.5870, Test: 0.5935, Best time: 7.8741
After OOD adjustment: Training instances of last class: 0
After OOD adjustment: Testing instances of last class: 83
Epoch: 221, Runtime 0.037091, Loss 0.002669, forward nfe 0, backward nfe 0, Train: 0.9800, Val: 0.5870, Test: 0.5935, Best time: 7.8741
After OOD adjustment: Training instances of last class: 0
After OOD adjustment: Testing instances of last class: 83
Epoch: 222, Runtime 0.037896, Loss 0.002649, forward nfe 0, backward nfe 0, Train: 0.9800, Val: 0.5870, Test: 0.5935, Best time: 7.8741
After OOD adjustment: Training instances of last class: 0
After OOD adjustment: Testing instances of last class: 83
Epoch: 223, Runtime 0.036233, Loss 0.002629, forward nfe 0, backward nfe 0, Train: 0.9800, Val: 0.5870, Test: 0.5935, Best time: 7.8741
After OOD adjustment: Training instances of last class: 0
After OOD adjustment: Testing instances of last class: 83
Epoch: 224, Runtime 0.037659, Loss 0.002609, forward nfe 0, backward nfe 0, Train: 0.9800, Val: 0.5870, Test: 0.5935, Best time: 7.8741
After OOD adjustment: Training instances of last class: 0
After OOD adjustment: Testing instances of last class: 83
Epoch: 225, Runtime 0.037366, Loss 0.002590, forward nfe 0, backward nfe 0, Train: 0.9800, Val: 0.5870, Test: 0.5935, Best time: 7.8741
After OOD adjustment: Training instances of last class: 0
After OOD adjustment: Testing instances of last class: 83
Epoch: 226, Runtime 0.037512, Loss 0.002571, forward nfe 0, backward nfe 0, Train: 0.9800, Val: 0.5870, Test: 0.5935, Best time: 7.8741
After OOD adjustment: Training instances of last class: 0
After OOD adjustment: Testing instances of last class: 83
Epoch: 227, Runtime 0.037506, Loss 0.002552, forward nfe 0, backward nfe 0, Train: 0.9800, Val: 0.5870, Test: 0.5935, Best time: 7.8741
After OOD adjustment: Training instances of last class: 0
After OOD adjustment: Testing instances of last class: 83
Epoch: 228, Runtime 0.037712, Loss 0.002533, forward nfe 0, backward nfe 0, Train: 0.9800, Val: 0.5870, Test: 0.5935, Best time: 7.8741
After OOD adjustment: Training instances of last class: 0
After OOD adjustment: Testing instances of last class: 83
Epoch: 229, Runtime 0.037582, Loss 0.002515, forward nfe 0, backward nfe 0, Train: 0.9800, Val: 0.5870, Test: 0.5935, Best time: 7.8741
After OOD adjustment: Training instances of last class: 0
After OOD adjustment: Testing instances of last class: 83
Epoch: 230, Runtime 0.039908, Loss 0.002497, forward nfe 0, backward nfe 0, Train: 0.9800, Val: 0.5870, Test: 0.5935, Best time: 7.8741
After OOD adjustment: Training instances of last class: 0
After OOD adjustment: Testing instances of last class: 83
Epoch: 231, Runtime 0.037087, Loss 0.002479, forward nfe 0, backward nfe 0, Train: 0.9800, Val: 0.5870, Test: 0.5935, Best time: 7.8741
After OOD adjustment: Training instances of last class: 0
After OOD adjustment: Testing instances of last class: 83
Epoch: 232, Runtime 0.037687, Loss 0.002461, forward nfe 0, backward nfe 0, Train: 0.9800, Val: 0.5870, Test: 0.5935, Best time: 7.8741
After OOD adjustment: Training instances of last class: 0
After OOD adjustment: Testing instances of last class: 83
Epoch: 233, Runtime 0.037774, Loss 0.002443, forward nfe 0, backward nfe 0, Train: 0.9800, Val: 0.5870, Test: 0.5935, Best time: 7.8741
After OOD adjustment: Training instances of last class: 0
After OOD adjustment: Testing instances of last class: 83
Epoch: 234, Runtime 0.037630, Loss 0.002426, forward nfe 0, backward nfe 0, Train: 0.9800, Val: 0.5870, Test: 0.5935, Best time: 7.8741
After OOD adjustment: Training instances of last class: 0
After OOD adjustment: Testing instances of last class: 83
Epoch: 235, Runtime 0.037232, Loss 0.002408, forward nfe 0, backward nfe 0, Train: 0.9800, Val: 0.5870, Test: 0.5935, Best time: 7.8741
After OOD adjustment: Training instances of last class: 0
After OOD adjustment: Testing instances of last class: 83
Epoch: 236, Runtime 0.038829, Loss 0.002391, forward nfe 0, backward nfe 0, Train: 0.9800, Val: 0.5870, Test: 0.5935, Best time: 7.8741
After OOD adjustment: Training instances of last class: 0
After OOD adjustment: Testing instances of last class: 83
Epoch: 237, Runtime 0.037331, Loss 0.002374, forward nfe 0, backward nfe 0, Train: 0.9800, Val: 0.5870, Test: 0.5935, Best time: 7.8741
After OOD adjustment: Training instances of last class: 0
After OOD adjustment: Testing instances of last class: 83
Epoch: 238, Runtime 0.037425, Loss 0.002358, forward nfe 0, backward nfe 0, Train: 0.9800, Val: 0.5870, Test: 0.5935, Best time: 7.8741
After OOD adjustment: Training instances of last class: 0
After OOD adjustment: Testing instances of last class: 83
Epoch: 239, Runtime 0.037469, Loss 0.002341, forward nfe 0, backward nfe 0, Train: 0.9800, Val: 0.5870, Test: 0.5935, Best time: 7.8741
After OOD adjustment: Training instances of last class: 0
After OOD adjustment: Testing instances of last class: 83
Epoch: 240, Runtime 0.037917, Loss 0.002325, forward nfe 0, backward nfe 0, Train: 0.9800, Val: 0.5870, Test: 0.5935, Best time: 7.8741
After OOD adjustment: Training instances of last class: 0
After OOD adjustment: Testing instances of last class: 83
Epoch: 241, Runtime 0.036216, Loss 0.002309, forward nfe 0, backward nfe 0, Train: 0.9800, Val: 0.5870, Test: 0.5935, Best time: 7.8741
After OOD adjustment: Training instances of last class: 0
After OOD adjustment: Testing instances of last class: 83
Epoch: 242, Runtime 0.037558, Loss 0.002293, forward nfe 0, backward nfe 0, Train: 0.9800, Val: 0.5870, Test: 0.5935, Best time: 7.8741
After OOD adjustment: Training instances of last class: 0
After OOD adjustment: Testing instances of last class: 83
Epoch: 243, Runtime 0.037660, Loss 0.002277, forward nfe 0, backward nfe 0, Train: 0.9800, Val: 0.5870, Test: 0.5935, Best time: 7.8741
After OOD adjustment: Training instances of last class: 0
After OOD adjustment: Testing instances of last class: 83
Epoch: 244, Runtime 0.037446, Loss 0.002261, forward nfe 0, backward nfe 0, Train: 0.9800, Val: 0.5870, Test: 0.5935, Best time: 7.8741
After OOD adjustment: Training instances of last class: 0
After OOD adjustment: Testing instances of last class: 83
Epoch: 245, Runtime 0.039938, Loss 0.002246, forward nfe 0, backward nfe 0, Train: 0.9800, Val: 0.5870, Test: 0.5935, Best time: 7.8741
After OOD adjustment: Training instances of last class: 0
After OOD adjustment: Testing instances of last class: 83
Epoch: 246, Runtime 0.037045, Loss 0.002230, forward nfe 0, backward nfe 0, Train: 0.9800, Val: 0.5870, Test: 0.5935, Best time: 7.8741
After OOD adjustment: Training instances of last class: 0
After OOD adjustment: Testing instances of last class: 83
Epoch: 247, Runtime 0.037780, Loss 0.002215, forward nfe 0, backward nfe 0, Train: 0.9800, Val: 0.5870, Test: 0.5935, Best time: 7.8741
After OOD adjustment: Training instances of last class: 0
After OOD adjustment: Testing instances of last class: 83
Epoch: 248, Runtime 0.037155, Loss 0.002200, forward nfe 0, backward nfe 0, Train: 0.9800, Val: 0.5870, Test: 0.5935, Best time: 7.8741
After OOD adjustment: Training instances of last class: 0
After OOD adjustment: Testing instances of last class: 83
Epoch: 249, Runtime 0.037400, Loss 0.002185, forward nfe 0, backward nfe 0, Train: 0.9800, Val: 0.5870, Test: 0.5935, Best time: 7.8741
best val accuracy 0.586957 with test accuracy 0.593548 at epoch 13 and best time 7.874113
base_directory resutls_prob/OOD_Citeseer
new_name:  gnn_ODD
file_path 1 resutls_prob/OOD_Citeseer/gnn_ODD_prediction_probabilities_40.npz
file_path 2 resutls_prob/OOD_Citeseer/gnn_ODD_prediction_probabilities_40.npz
Entropy Threshold: inf Test accuracy: 0.5935483870967742
Entropy Threshold: 2 Test accuracy: 0.5935483870967742
Entropy Threshold: 1.6 Test accuracy: 0.6039603960396039
Entropy Threshold: 1.5 Test accuracy: 0.7360248447204969
Entropy Threshold: 1.4 Test accuracy: 0.798941798941799
Entropy Threshold: 1.3 Test accuracy: 0.8376068376068376
Entropy Threshold: 1.2 Test accuracy: 0.8227848101265823
Entropy Threshold: 1.1 Test accuracy: 0.8490566037735849
Entropy Threshold: 0.9 Test accuracy: 0.9411764705882353
Entropy Threshold: 0.8 Test accuracy: 1.0
Entropy Threshold: 0.7 Test accuracy: 1.0
Entropy Threshold: 0.6 Test accuracy: 1.0
Entropy Threshold: 0.5 Test accuracy: 1.0
Entropy Threshold: 0.4 Test accuracy: None
Entropy Threshold: 0.3 Test accuracy: None
Entropy Threshold: 0.2 Test accuracy: None
Entropy Threshold: 0.1 Test accuracy: None
