[KeOps] Warning : cuda was detected, but driver API could not be initialized. Switching to cpu only.
Folder already exists: results/citeseer
experiment: 0
Dataset size (num_nodes): 2120, Intended development set size (num_development): 1500
Dataset size (num_nodes): 2120, Actual development set size (num_development): 1500
rations: train 120, val 1380, test 620
Before OOD adjustment: Total instances of last class: 304
Before OOD adjustment: Training instances of last class: 20
Before OOD adjustment: Testing instances of last class: 93
Before OOD adjustment: Val instances of last class: 191
total train + val+ test 304
After OOD adjustment: Training instances of last class: 0
After OOD adjustment: Testing instances of last class: 93
Total number of classes: 6
number of classes to train: 5
Dataset size (num_nodes): 2120, Intended development set size (num_development): 1500
Dataset size (num_nodes): 2120, Actual development set size (num_development): 1500
rations: train 120, val 1380, test 620
within set_train_val_test_split function!
Before OOD adjustment: Total instances of last class: 304
Before OOD adjustment: Training instances of last class: 20
Before OOD adjustment: Testing instances of last class: 83
Before OOD adjustment: Val instances of last class: 201
total train + val+ test 304
After OOD adjustment: Training instances of last class: 0
After OOD adjustment: Testing instances of last class: 83
MyGCN2(
  (conv1): GCNConv(3703, 80)
  (conv4): GCNConv(80, 5)
)
conv1.bias
torch.Size([80])
conv1.lin.weight
torch.Size([80, 3703])
conv4.bias
torch.Size([5])
conv4.lin.weight
torch.Size([5, 80])
After OOD adjustment: Training instances of last class: 0
After OOD adjustment: Testing instances of last class: 83
Epoch: 001, Runtime 0.050779, Loss 1.604571, forward nfe 0, backward nfe 0, Train: 0.7100, Val: 0.3500, Test: 0.3742, Best time: 7.8741
After OOD adjustment: Training instances of last class: 0
After OOD adjustment: Testing instances of last class: 83
Epoch: 002, Runtime 0.144233, Loss 1.485900, forward nfe 0, backward nfe 0, Train: 0.9200, Val: 0.4812, Test: 0.4694, Best time: 7.8741
After OOD adjustment: Training instances of last class: 0
After OOD adjustment: Testing instances of last class: 83
Epoch: 003, Runtime 0.137910, Loss 1.372837, forward nfe 0, backward nfe 0, Train: 0.9800, Val: 0.5341, Test: 0.5210, Best time: 7.8741
After OOD adjustment: Training instances of last class: 0
After OOD adjustment: Testing instances of last class: 83
Epoch: 004, Runtime 0.131185, Loss 1.265341, forward nfe 0, backward nfe 0, Train: 0.9800, Val: 0.5507, Test: 0.5452, Best time: 7.8741
After OOD adjustment: Training instances of last class: 0
After OOD adjustment: Testing instances of last class: 83
Epoch: 005, Runtime 0.132303, Loss 1.163483, forward nfe 0, backward nfe 0, Train: 0.9800, Val: 0.5623, Test: 0.5661, Best time: 7.8741
After OOD adjustment: Training instances of last class: 0
After OOD adjustment: Testing instances of last class: 83
Epoch: 006, Runtime 0.134934, Loss 1.067396, forward nfe 0, backward nfe 0, Train: 0.9800, Val: 0.5732, Test: 0.5790, Best time: 7.8741
After OOD adjustment: Training instances of last class: 0
After OOD adjustment: Testing instances of last class: 83
Epoch: 007, Runtime 0.136624, Loss 0.977201, forward nfe 0, backward nfe 0, Train: 0.9800, Val: 0.5775, Test: 0.5823, Best time: 7.8741
After OOD adjustment: Training instances of last class: 0
After OOD adjustment: Testing instances of last class: 83
Epoch: 008, Runtime 0.128827, Loss 0.892966, forward nfe 0, backward nfe 0, Train: 0.9800, Val: 0.5819, Test: 0.5871, Best time: 7.8741
After OOD adjustment: Training instances of last class: 0
After OOD adjustment: Testing instances of last class: 83
Epoch: 009, Runtime 0.134687, Loss 0.814686, forward nfe 0, backward nfe 0, Train: 0.9800, Val: 0.5920, Test: 0.5919, Best time: 7.8741
After OOD adjustment: Training instances of last class: 0
After OOD adjustment: Testing instances of last class: 83
Epoch: 010, Runtime 0.138776, Loss 0.742285, forward nfe 0, backward nfe 0, Train: 0.9800, Val: 0.5942, Test: 0.5968, Best time: 7.8741
After OOD adjustment: Training instances of last class: 0
After OOD adjustment: Testing instances of last class: 83
Epoch: 011, Runtime 0.128312, Loss 0.675616, forward nfe 0, backward nfe 0, Train: 0.9900, Val: 0.5964, Test: 0.5919, Best time: 7.8741
After OOD adjustment: Training instances of last class: 0
After OOD adjustment: Testing instances of last class: 83
Epoch: 012, Runtime 0.132910, Loss 0.614474, forward nfe 0, backward nfe 0, Train: 0.9800, Val: 0.5993, Test: 0.5968, Best time: 7.8741
After OOD adjustment: Training instances of last class: 0
After OOD adjustment: Testing instances of last class: 83
Epoch: 013, Runtime 0.134188, Loss 0.558603, forward nfe 0, backward nfe 0, Train: 0.9800, Val: 0.6022, Test: 0.6000, Best time: 7.8741
After OOD adjustment: Training instances of last class: 0
After OOD adjustment: Testing instances of last class: 83
Epoch: 014, Runtime 0.039497, Loss 0.507706, forward nfe 0, backward nfe 0, Train: 0.9800, Val: 0.6022, Test: 0.6000, Best time: 7.8741
After OOD adjustment: Training instances of last class: 0
After OOD adjustment: Testing instances of last class: 83
Epoch: 015, Runtime 0.037204, Loss 0.461462, forward nfe 0, backward nfe 0, Train: 0.9800, Val: 0.6022, Test: 0.6000, Best time: 7.8741
After OOD adjustment: Training instances of last class: 0
After OOD adjustment: Testing instances of last class: 83
Epoch: 016, Runtime 0.037498, Loss 0.419532, forward nfe 0, backward nfe 0, Train: 0.9800, Val: 0.6022, Test: 0.6000, Best time: 7.8741
After OOD adjustment: Training instances of last class: 0
After OOD adjustment: Testing instances of last class: 83
Epoch: 017, Runtime 0.134296, Loss 0.381572, forward nfe 0, backward nfe 0, Train: 0.9800, Val: 0.6043, Test: 0.6032, Best time: 7.8741
After OOD adjustment: Training instances of last class: 0
After OOD adjustment: Testing instances of last class: 83
Epoch: 018, Runtime 0.037246, Loss 0.347246, forward nfe 0, backward nfe 0, Train: 0.9800, Val: 0.6043, Test: 0.6032, Best time: 7.8741
After OOD adjustment: Training instances of last class: 0
After OOD adjustment: Testing instances of last class: 83
Epoch: 019, Runtime 0.035190, Loss 0.316231, forward nfe 0, backward nfe 0, Train: 0.9800, Val: 0.6043, Test: 0.6032, Best time: 7.8741
After OOD adjustment: Training instances of last class: 0
After OOD adjustment: Testing instances of last class: 83
Epoch: 020, Runtime 0.038080, Loss 0.288221, forward nfe 0, backward nfe 0, Train: 0.9800, Val: 0.6043, Test: 0.6032, Best time: 7.8741
After OOD adjustment: Training instances of last class: 0
After OOD adjustment: Testing instances of last class: 83
Epoch: 021, Runtime 0.036021, Loss 0.262935, forward nfe 0, backward nfe 0, Train: 0.9800, Val: 0.6043, Test: 0.6032, Best time: 7.8741
After OOD adjustment: Training instances of last class: 0
After OOD adjustment: Testing instances of last class: 83
Epoch: 022, Runtime 0.034777, Loss 0.240113, forward nfe 0, backward nfe 0, Train: 0.9800, Val: 0.6043, Test: 0.6032, Best time: 7.8741
After OOD adjustment: Training instances of last class: 0
After OOD adjustment: Testing instances of last class: 83
Epoch: 023, Runtime 0.033270, Loss 0.219518, forward nfe 0, backward nfe 0, Train: 0.9800, Val: 0.6043, Test: 0.6032, Best time: 7.8741
After OOD adjustment: Training instances of last class: 0
After OOD adjustment: Testing instances of last class: 83
Epoch: 024, Runtime 0.033116, Loss 0.200934, forward nfe 0, backward nfe 0, Train: 0.9800, Val: 0.6043, Test: 0.6032, Best time: 7.8741
After OOD adjustment: Training instances of last class: 0
After OOD adjustment: Testing instances of last class: 83
Epoch: 025, Runtime 0.036846, Loss 0.184163, forward nfe 0, backward nfe 0, Train: 0.9800, Val: 0.6043, Test: 0.6032, Best time: 7.8741
After OOD adjustment: Training instances of last class: 0
After OOD adjustment: Testing instances of last class: 83
Epoch: 026, Runtime 0.036894, Loss 0.169025, forward nfe 0, backward nfe 0, Train: 0.9800, Val: 0.6043, Test: 0.6032, Best time: 7.8741
After OOD adjustment: Training instances of last class: 0
After OOD adjustment: Testing instances of last class: 83
Epoch: 027, Runtime 0.035432, Loss 0.155358, forward nfe 0, backward nfe 0, Train: 0.9800, Val: 0.6043, Test: 0.6032, Best time: 7.8741
After OOD adjustment: Training instances of last class: 0
After OOD adjustment: Testing instances of last class: 83
Epoch: 028, Runtime 0.033790, Loss 0.143013, forward nfe 0, backward nfe 0, Train: 0.9800, Val: 0.6043, Test: 0.6032, Best time: 7.8741
After OOD adjustment: Training instances of last class: 0
After OOD adjustment: Testing instances of last class: 83
Epoch: 029, Runtime 0.035382, Loss 0.131858, forward nfe 0, backward nfe 0, Train: 0.9800, Val: 0.6043, Test: 0.6032, Best time: 7.8741
After OOD adjustment: Training instances of last class: 0
After OOD adjustment: Testing instances of last class: 83
Epoch: 030, Runtime 0.034598, Loss 0.121770, forward nfe 0, backward nfe 0, Train: 0.9800, Val: 0.6043, Test: 0.6032, Best time: 7.8741
After OOD adjustment: Training instances of last class: 0
After OOD adjustment: Testing instances of last class: 83
Epoch: 031, Runtime 0.038419, Loss 0.112641, forward nfe 0, backward nfe 0, Train: 0.9800, Val: 0.6043, Test: 0.6032, Best time: 7.8741
After OOD adjustment: Training instances of last class: 0
After OOD adjustment: Testing instances of last class: 83
Epoch: 032, Runtime 0.037207, Loss 0.104373, forward nfe 0, backward nfe 0, Train: 0.9800, Val: 0.6043, Test: 0.6032, Best time: 7.8741
After OOD adjustment: Training instances of last class: 0
After OOD adjustment: Testing instances of last class: 83
Epoch: 033, Runtime 0.034291, Loss 0.096879, forward nfe 0, backward nfe 0, Train: 0.9800, Val: 0.6043, Test: 0.6032, Best time: 7.8741
After OOD adjustment: Training instances of last class: 0
After OOD adjustment: Testing instances of last class: 83
Epoch: 034, Runtime 0.033860, Loss 0.090079, forward nfe 0, backward nfe 0, Train: 0.9800, Val: 0.6043, Test: 0.6032, Best time: 7.8741
After OOD adjustment: Training instances of last class: 0
After OOD adjustment: Testing instances of last class: 83
Epoch: 035, Runtime 0.033555, Loss 0.083904, forward nfe 0, backward nfe 0, Train: 0.9800, Val: 0.6043, Test: 0.6032, Best time: 7.8741
After OOD adjustment: Training instances of last class: 0
After OOD adjustment: Testing instances of last class: 83
Epoch: 036, Runtime 0.033147, Loss 0.078291, forward nfe 0, backward nfe 0, Train: 0.9800, Val: 0.6043, Test: 0.6032, Best time: 7.8741
After OOD adjustment: Training instances of last class: 0
After OOD adjustment: Testing instances of last class: 83
Epoch: 037, Runtime 0.035217, Loss 0.073183, forward nfe 0, backward nfe 0, Train: 0.9800, Val: 0.6043, Test: 0.6032, Best time: 7.8741
After OOD adjustment: Training instances of last class: 0
After OOD adjustment: Testing instances of last class: 83
Epoch: 038, Runtime 0.038797, Loss 0.068531, forward nfe 0, backward nfe 0, Train: 0.9800, Val: 0.6043, Test: 0.6032, Best time: 7.8741
After OOD adjustment: Training instances of last class: 0
After OOD adjustment: Testing instances of last class: 83
Epoch: 039, Runtime 0.037383, Loss 0.064288, forward nfe 0, backward nfe 0, Train: 0.9800, Val: 0.6043, Test: 0.6032, Best time: 7.8741
After OOD adjustment: Training instances of last class: 0
After OOD adjustment: Testing instances of last class: 83
Epoch: 040, Runtime 0.037151, Loss 0.060415, forward nfe 0, backward nfe 0, Train: 0.9800, Val: 0.6043, Test: 0.6032, Best time: 7.8741
After OOD adjustment: Training instances of last class: 0
After OOD adjustment: Testing instances of last class: 83
Epoch: 041, Runtime 0.039089, Loss 0.056876, forward nfe 0, backward nfe 0, Train: 0.9800, Val: 0.6043, Test: 0.6032, Best time: 7.8741
After OOD adjustment: Training instances of last class: 0
After OOD adjustment: Testing instances of last class: 83
Epoch: 042, Runtime 0.038412, Loss 0.053637, forward nfe 0, backward nfe 0, Train: 0.9800, Val: 0.6043, Test: 0.6032, Best time: 7.8741
After OOD adjustment: Training instances of last class: 0
After OOD adjustment: Testing instances of last class: 83
Epoch: 043, Runtime 0.037869, Loss 0.050670, forward nfe 0, backward nfe 0, Train: 0.9800, Val: 0.6043, Test: 0.6032, Best time: 7.8741
After OOD adjustment: Training instances of last class: 0
After OOD adjustment: Testing instances of last class: 83
Epoch: 044, Runtime 0.038998, Loss 0.047948, forward nfe 0, backward nfe 0, Train: 0.9800, Val: 0.6043, Test: 0.6032, Best time: 7.8741
After OOD adjustment: Training instances of last class: 0
After OOD adjustment: Testing instances of last class: 83
Epoch: 045, Runtime 0.037288, Loss 0.045449, forward nfe 0, backward nfe 0, Train: 0.9800, Val: 0.6043, Test: 0.6032, Best time: 7.8741
After OOD adjustment: Training instances of last class: 0
After OOD adjustment: Testing instances of last class: 83
Epoch: 046, Runtime 0.033968, Loss 0.043149, forward nfe 0, backward nfe 0, Train: 0.9800, Val: 0.6043, Test: 0.6032, Best time: 7.8741
After OOD adjustment: Training instances of last class: 0
After OOD adjustment: Testing instances of last class: 83
Epoch: 047, Runtime 0.033851, Loss 0.041032, forward nfe 0, backward nfe 0, Train: 0.9800, Val: 0.6043, Test: 0.6032, Best time: 7.8741
After OOD adjustment: Training instances of last class: 0
After OOD adjustment: Testing instances of last class: 83
Epoch: 048, Runtime 0.033359, Loss 0.039078, forward nfe 0, backward nfe 0, Train: 0.9800, Val: 0.6043, Test: 0.6032, Best time: 7.8741
After OOD adjustment: Training instances of last class: 0
After OOD adjustment: Testing instances of last class: 83
Epoch: 049, Runtime 0.033200, Loss 0.037274, forward nfe 0, backward nfe 0, Train: 0.9800, Val: 0.6043, Test: 0.6032, Best time: 7.8741
After OOD adjustment: Training instances of last class: 0
After OOD adjustment: Testing instances of last class: 83
Epoch: 050, Runtime 0.037150, Loss 0.035605, forward nfe 0, backward nfe 0, Train: 0.9800, Val: 0.6043, Test: 0.6032, Best time: 7.8741
After OOD adjustment: Training instances of last class: 0
After OOD adjustment: Testing instances of last class: 83
Epoch: 051, Runtime 0.037804, Loss 0.034059, forward nfe 0, backward nfe 0, Train: 0.9800, Val: 0.6043, Test: 0.6032, Best time: 7.8741
After OOD adjustment: Training instances of last class: 0
After OOD adjustment: Testing instances of last class: 83
Epoch: 052, Runtime 0.037904, Loss 0.032624, forward nfe 0, backward nfe 0, Train: 0.9800, Val: 0.6043, Test: 0.6032, Best time: 7.8741
After OOD adjustment: Training instances of last class: 0
After OOD adjustment: Testing instances of last class: 83
Epoch: 053, Runtime 0.037615, Loss 0.031291, forward nfe 0, backward nfe 0, Train: 0.9800, Val: 0.6043, Test: 0.6032, Best time: 7.8741
After OOD adjustment: Training instances of last class: 0
After OOD adjustment: Testing instances of last class: 83
Epoch: 054, Runtime 0.038053, Loss 0.030050, forward nfe 0, backward nfe 0, Train: 0.9800, Val: 0.6043, Test: 0.6032, Best time: 7.8741
After OOD adjustment: Training instances of last class: 0
After OOD adjustment: Testing instances of last class: 83
Epoch: 055, Runtime 0.037615, Loss 0.028894, forward nfe 0, backward nfe 0, Train: 0.9800, Val: 0.6043, Test: 0.6032, Best time: 7.8741
After OOD adjustment: Training instances of last class: 0
After OOD adjustment: Testing instances of last class: 83
Epoch: 056, Runtime 0.037783, Loss 0.027814, forward nfe 0, backward nfe 0, Train: 0.9800, Val: 0.6043, Test: 0.6032, Best time: 7.8741
After OOD adjustment: Training instances of last class: 0
After OOD adjustment: Testing instances of last class: 83
Epoch: 057, Runtime 0.038826, Loss 0.026804, forward nfe 0, backward nfe 0, Train: 0.9800, Val: 0.6043, Test: 0.6032, Best time: 7.8741
After OOD adjustment: Training instances of last class: 0
After OOD adjustment: Testing instances of last class: 83
Epoch: 058, Runtime 0.039081, Loss 0.025859, forward nfe 0, backward nfe 0, Train: 0.9800, Val: 0.6043, Test: 0.6032, Best time: 7.8741
After OOD adjustment: Training instances of last class: 0
After OOD adjustment: Testing instances of last class: 83
Epoch: 059, Runtime 0.038071, Loss 0.024973, forward nfe 0, backward nfe 0, Train: 0.9800, Val: 0.6043, Test: 0.6032, Best time: 7.8741
After OOD adjustment: Training instances of last class: 0
After OOD adjustment: Testing instances of last class: 83
Epoch: 060, Runtime 0.037714, Loss 0.024141, forward nfe 0, backward nfe 0, Train: 0.9800, Val: 0.6043, Test: 0.6032, Best time: 7.8741
After OOD adjustment: Training instances of last class: 0
After OOD adjustment: Testing instances of last class: 83
Epoch: 061, Runtime 0.037534, Loss 0.023358, forward nfe 0, backward nfe 0, Train: 0.9800, Val: 0.6043, Test: 0.6032, Best time: 7.8741
After OOD adjustment: Training instances of last class: 0
After OOD adjustment: Testing instances of last class: 83
Epoch: 062, Runtime 0.037571, Loss 0.022621, forward nfe 0, backward nfe 0, Train: 0.9800, Val: 0.6043, Test: 0.6032, Best time: 7.8741
After OOD adjustment: Training instances of last class: 0
After OOD adjustment: Testing instances of last class: 83
Epoch: 063, Runtime 0.044894, Loss 0.021926, forward nfe 0, backward nfe 0, Train: 0.9800, Val: 0.6043, Test: 0.6032, Best time: 7.8741
After OOD adjustment: Training instances of last class: 0
After OOD adjustment: Testing instances of last class: 83
Epoch: 064, Runtime 0.043547, Loss 0.021270, forward nfe 0, backward nfe 0, Train: 0.9800, Val: 0.6043, Test: 0.6032, Best time: 7.8741
After OOD adjustment: Training instances of last class: 0
After OOD adjustment: Testing instances of last class: 83
Epoch: 065, Runtime 0.039546, Loss 0.020650, forward nfe 0, backward nfe 0, Train: 0.9800, Val: 0.6043, Test: 0.6032, Best time: 7.8741
After OOD adjustment: Training instances of last class: 0
After OOD adjustment: Testing instances of last class: 83
Epoch: 066, Runtime 0.039295, Loss 0.020062, forward nfe 0, backward nfe 0, Train: 0.9800, Val: 0.6043, Test: 0.6032, Best time: 7.8741
After OOD adjustment: Training instances of last class: 0
After OOD adjustment: Testing instances of last class: 83
Epoch: 067, Runtime 0.037517, Loss 0.019505, forward nfe 0, backward nfe 0, Train: 0.9800, Val: 0.6043, Test: 0.6032, Best time: 7.8741
After OOD adjustment: Training instances of last class: 0
After OOD adjustment: Testing instances of last class: 83
Epoch: 068, Runtime 0.038635, Loss 0.018977, forward nfe 0, backward nfe 0, Train: 0.9800, Val: 0.6043, Test: 0.6032, Best time: 7.8741
After OOD adjustment: Training instances of last class: 0
After OOD adjustment: Testing instances of last class: 83
Epoch: 069, Runtime 0.038253, Loss 0.018475, forward nfe 0, backward nfe 0, Train: 0.9800, Val: 0.6043, Test: 0.6032, Best time: 7.8741
After OOD adjustment: Training instances of last class: 0
After OOD adjustment: Testing instances of last class: 83
Epoch: 070, Runtime 0.037604, Loss 0.017997, forward nfe 0, backward nfe 0, Train: 0.9800, Val: 0.6043, Test: 0.6032, Best time: 7.8741
After OOD adjustment: Training instances of last class: 0
After OOD adjustment: Testing instances of last class: 83
Epoch: 071, Runtime 0.039163, Loss 0.017542, forward nfe 0, backward nfe 0, Train: 0.9800, Val: 0.6043, Test: 0.6032, Best time: 7.8741
After OOD adjustment: Training instances of last class: 0
After OOD adjustment: Testing instances of last class: 83
Epoch: 072, Runtime 0.039694, Loss 0.017108, forward nfe 0, backward nfe 0, Train: 0.9800, Val: 0.6043, Test: 0.6032, Best time: 7.8741
After OOD adjustment: Training instances of last class: 0
After OOD adjustment: Testing instances of last class: 83
Epoch: 073, Runtime 0.037831, Loss 0.016694, forward nfe 0, backward nfe 0, Train: 0.9800, Val: 0.6043, Test: 0.6032, Best time: 7.8741
After OOD adjustment: Training instances of last class: 0
After OOD adjustment: Testing instances of last class: 83
Epoch: 074, Runtime 0.038260, Loss 0.016298, forward nfe 0, backward nfe 0, Train: 0.9800, Val: 0.6043, Test: 0.6032, Best time: 7.8741
After OOD adjustment: Training instances of last class: 0
After OOD adjustment: Testing instances of last class: 83
Epoch: 075, Runtime 0.037921, Loss 0.015920, forward nfe 0, backward nfe 0, Train: 0.9800, Val: 0.6043, Test: 0.6032, Best time: 7.8741
After OOD adjustment: Training instances of last class: 0
After OOD adjustment: Testing instances of last class: 83
Epoch: 076, Runtime 0.039210, Loss 0.015558, forward nfe 0, backward nfe 0, Train: 0.9800, Val: 0.6043, Test: 0.6032, Best time: 7.8741
After OOD adjustment: Training instances of last class: 0
After OOD adjustment: Testing instances of last class: 83
Epoch: 077, Runtime 0.038791, Loss 0.015210, forward nfe 0, backward nfe 0, Train: 0.9800, Val: 0.6043, Test: 0.6032, Best time: 7.8741
After OOD adjustment: Training instances of last class: 0
After OOD adjustment: Testing instances of last class: 83
Epoch: 078, Runtime 0.037924, Loss 0.014877, forward nfe 0, backward nfe 0, Train: 0.9800, Val: 0.6043, Test: 0.6032, Best time: 7.8741
After OOD adjustment: Training instances of last class: 0
After OOD adjustment: Testing instances of last class: 83
Epoch: 079, Runtime 0.037747, Loss 0.014558, forward nfe 0, backward nfe 0, Train: 0.9800, Val: 0.6043, Test: 0.6032, Best time: 7.8741
After OOD adjustment: Training instances of last class: 0
After OOD adjustment: Testing instances of last class: 83
Epoch: 080, Runtime 0.037982, Loss 0.014250, forward nfe 0, backward nfe 0, Train: 0.9800, Val: 0.6043, Test: 0.6032, Best time: 7.8741
After OOD adjustment: Training instances of last class: 0
After OOD adjustment: Testing instances of last class: 83
Epoch: 081, Runtime 0.038050, Loss 0.013955, forward nfe 0, backward nfe 0, Train: 0.9800, Val: 0.6043, Test: 0.6032, Best time: 7.8741
After OOD adjustment: Training instances of last class: 0
After OOD adjustment: Testing instances of last class: 83
Epoch: 082, Runtime 0.038595, Loss 0.013670, forward nfe 0, backward nfe 0, Train: 0.9800, Val: 0.6043, Test: 0.6032, Best time: 7.8741
After OOD adjustment: Training instances of last class: 0
After OOD adjustment: Testing instances of last class: 83
Epoch: 083, Runtime 0.038962, Loss 0.013396, forward nfe 0, backward nfe 0, Train: 0.9800, Val: 0.6043, Test: 0.6032, Best time: 7.8741
After OOD adjustment: Training instances of last class: 0
After OOD adjustment: Testing instances of last class: 83
Epoch: 084, Runtime 0.037751, Loss 0.013132, forward nfe 0, backward nfe 0, Train: 0.9800, Val: 0.6043, Test: 0.6032, Best time: 7.8741
After OOD adjustment: Training instances of last class: 0
After OOD adjustment: Testing instances of last class: 83
Epoch: 085, Runtime 0.039191, Loss 0.012877, forward nfe 0, backward nfe 0, Train: 0.9800, Val: 0.6043, Test: 0.6032, Best time: 7.8741
After OOD adjustment: Training instances of last class: 0
After OOD adjustment: Testing instances of last class: 83
Epoch: 086, Runtime 0.038952, Loss 0.012630, forward nfe 0, backward nfe 0, Train: 0.9800, Val: 0.6043, Test: 0.6032, Best time: 7.8741
After OOD adjustment: Training instances of last class: 0
After OOD adjustment: Testing instances of last class: 83
Epoch: 087, Runtime 0.037749, Loss 0.012393, forward nfe 0, backward nfe 0, Train: 0.9800, Val: 0.6043, Test: 0.6032, Best time: 7.8741
After OOD adjustment: Training instances of last class: 0
After OOD adjustment: Testing instances of last class: 83
Epoch: 088, Runtime 0.037534, Loss 0.012163, forward nfe 0, backward nfe 0, Train: 0.9800, Val: 0.6043, Test: 0.6032, Best time: 7.8741
After OOD adjustment: Training instances of last class: 0
After OOD adjustment: Testing instances of last class: 83
Epoch: 089, Runtime 0.037422, Loss 0.011940, forward nfe 0, backward nfe 0, Train: 0.9800, Val: 0.6043, Test: 0.6032, Best time: 7.8741
After OOD adjustment: Training instances of last class: 0
After OOD adjustment: Testing instances of last class: 83
Epoch: 090, Runtime 0.037459, Loss 0.011724, forward nfe 0, backward nfe 0, Train: 0.9800, Val: 0.6043, Test: 0.6032, Best time: 7.8741
After OOD adjustment: Training instances of last class: 0
After OOD adjustment: Testing instances of last class: 83
Epoch: 091, Runtime 0.037500, Loss 0.011516, forward nfe 0, backward nfe 0, Train: 0.9800, Val: 0.6043, Test: 0.6032, Best time: 7.8741
After OOD adjustment: Training instances of last class: 0
After OOD adjustment: Testing instances of last class: 83
Epoch: 092, Runtime 0.038048, Loss 0.011313, forward nfe 0, backward nfe 0, Train: 0.9800, Val: 0.6043, Test: 0.6032, Best time: 7.8741
After OOD adjustment: Training instances of last class: 0
After OOD adjustment: Testing instances of last class: 83
Epoch: 093, Runtime 0.037982, Loss 0.011117, forward nfe 0, backward nfe 0, Train: 0.9800, Val: 0.6043, Test: 0.6032, Best time: 7.8741
After OOD adjustment: Training instances of last class: 0
After OOD adjustment: Testing instances of last class: 83
Epoch: 094, Runtime 0.037766, Loss 0.010927, forward nfe 0, backward nfe 0, Train: 0.9800, Val: 0.6043, Test: 0.6032, Best time: 7.8741
After OOD adjustment: Training instances of last class: 0
After OOD adjustment: Testing instances of last class: 83
Epoch: 095, Runtime 0.037879, Loss 0.010742, forward nfe 0, backward nfe 0, Train: 0.9800, Val: 0.6043, Test: 0.6032, Best time: 7.8741
After OOD adjustment: Training instances of last class: 0
After OOD adjustment: Testing instances of last class: 83
Epoch: 096, Runtime 0.039944, Loss 0.010562, forward nfe 0, backward nfe 0, Train: 0.9800, Val: 0.6043, Test: 0.6032, Best time: 7.8741
After OOD adjustment: Training instances of last class: 0
After OOD adjustment: Testing instances of last class: 83
Epoch: 097, Runtime 0.038583, Loss 0.010388, forward nfe 0, backward nfe 0, Train: 0.9800, Val: 0.6043, Test: 0.6032, Best time: 7.8741
After OOD adjustment: Training instances of last class: 0
After OOD adjustment: Testing instances of last class: 83
Epoch: 098, Runtime 0.039005, Loss 0.010218, forward nfe 0, backward nfe 0, Train: 0.9800, Val: 0.6043, Test: 0.6032, Best time: 7.8741
After OOD adjustment: Training instances of last class: 0
After OOD adjustment: Testing instances of last class: 83
Epoch: 099, Runtime 0.037891, Loss 0.010053, forward nfe 0, backward nfe 0, Train: 0.9800, Val: 0.6043, Test: 0.6032, Best time: 7.8741
After OOD adjustment: Training instances of last class: 0
After OOD adjustment: Testing instances of last class: 83
Epoch: 100, Runtime 0.037927, Loss 0.009893, forward nfe 0, backward nfe 0, Train: 0.9800, Val: 0.6043, Test: 0.6032, Best time: 7.8741
After OOD adjustment: Training instances of last class: 0
After OOD adjustment: Testing instances of last class: 83
Epoch: 101, Runtime 0.037756, Loss 0.009736, forward nfe 0, backward nfe 0, Train: 0.9800, Val: 0.6043, Test: 0.6032, Best time: 7.8741
After OOD adjustment: Training instances of last class: 0
After OOD adjustment: Testing instances of last class: 83
Epoch: 102, Runtime 0.037775, Loss 0.009584, forward nfe 0, backward nfe 0, Train: 0.9800, Val: 0.6043, Test: 0.6032, Best time: 7.8741
After OOD adjustment: Training instances of last class: 0
After OOD adjustment: Testing instances of last class: 83
Epoch: 103, Runtime 0.037664, Loss 0.009436, forward nfe 0, backward nfe 0, Train: 0.9800, Val: 0.6043, Test: 0.6032, Best time: 7.8741
After OOD adjustment: Training instances of last class: 0
After OOD adjustment: Testing instances of last class: 83
Epoch: 104, Runtime 0.039030, Loss 0.009292, forward nfe 0, backward nfe 0, Train: 0.9800, Val: 0.6043, Test: 0.6032, Best time: 7.8741
After OOD adjustment: Training instances of last class: 0
After OOD adjustment: Testing instances of last class: 83
Epoch: 105, Runtime 0.039104, Loss 0.009151, forward nfe 0, backward nfe 0, Train: 0.9800, Val: 0.6043, Test: 0.6032, Best time: 7.8741
After OOD adjustment: Training instances of last class: 0
After OOD adjustment: Testing instances of last class: 83
Epoch: 106, Runtime 0.039166, Loss 0.009013, forward nfe 0, backward nfe 0, Train: 0.9800, Val: 0.6043, Test: 0.6032, Best time: 7.8741
After OOD adjustment: Training instances of last class: 0
After OOD adjustment: Testing instances of last class: 83
Epoch: 107, Runtime 0.039044, Loss 0.008879, forward nfe 0, backward nfe 0, Train: 0.9800, Val: 0.6043, Test: 0.6032, Best time: 7.8741
After OOD adjustment: Training instances of last class: 0
After OOD adjustment: Testing instances of last class: 83
Epoch: 108, Runtime 0.037870, Loss 0.008749, forward nfe 0, backward nfe 0, Train: 0.9800, Val: 0.6043, Test: 0.6032, Best time: 7.8741
After OOD adjustment: Training instances of last class: 0
After OOD adjustment: Testing instances of last class: 83
Epoch: 109, Runtime 0.039733, Loss 0.008621, forward nfe 0, backward nfe 0, Train: 0.9800, Val: 0.6043, Test: 0.6032, Best time: 7.8741
After OOD adjustment: Training instances of last class: 0
After OOD adjustment: Testing instances of last class: 83
Epoch: 110, Runtime 0.039306, Loss 0.008496, forward nfe 0, backward nfe 0, Train: 0.9800, Val: 0.6043, Test: 0.6032, Best time: 7.8741
After OOD adjustment: Training instances of last class: 0
After OOD adjustment: Testing instances of last class: 83
Epoch: 111, Runtime 0.037811, Loss 0.008375, forward nfe 0, backward nfe 0, Train: 0.9800, Val: 0.6043, Test: 0.6032, Best time: 7.8741
After OOD adjustment: Training instances of last class: 0
After OOD adjustment: Testing instances of last class: 83
Epoch: 112, Runtime 0.037780, Loss 0.008256, forward nfe 0, backward nfe 0, Train: 0.9800, Val: 0.6043, Test: 0.6032, Best time: 7.8741
After OOD adjustment: Training instances of last class: 0
After OOD adjustment: Testing instances of last class: 83
Epoch: 113, Runtime 0.039096, Loss 0.008140, forward nfe 0, backward nfe 0, Train: 0.9800, Val: 0.6043, Test: 0.6032, Best time: 7.8741
After OOD adjustment: Training instances of last class: 0
After OOD adjustment: Testing instances of last class: 83
Epoch: 114, Runtime 0.038986, Loss 0.008026, forward nfe 0, backward nfe 0, Train: 0.9800, Val: 0.6043, Test: 0.6032, Best time: 7.8741
After OOD adjustment: Training instances of last class: 0
After OOD adjustment: Testing instances of last class: 83
Epoch: 115, Runtime 0.037559, Loss 0.007915, forward nfe 0, backward nfe 0, Train: 0.9800, Val: 0.6043, Test: 0.6032, Best time: 7.8741
After OOD adjustment: Training instances of last class: 0
After OOD adjustment: Testing instances of last class: 83
Epoch: 116, Runtime 0.037376, Loss 0.007806, forward nfe 0, backward nfe 0, Train: 0.9800, Val: 0.6043, Test: 0.6032, Best time: 7.8741
After OOD adjustment: Training instances of last class: 0
After OOD adjustment: Testing instances of last class: 83
Epoch: 117, Runtime 0.037298, Loss 0.007700, forward nfe 0, backward nfe 0, Train: 0.9800, Val: 0.6043, Test: 0.6032, Best time: 7.8741
After OOD adjustment: Training instances of last class: 0
After OOD adjustment: Testing instances of last class: 83
Epoch: 118, Runtime 0.037278, Loss 0.007596, forward nfe 0, backward nfe 0, Train: 0.9800, Val: 0.6043, Test: 0.6032, Best time: 7.8741
After OOD adjustment: Training instances of last class: 0
After OOD adjustment: Testing instances of last class: 83
Epoch: 119, Runtime 0.037883, Loss 0.007494, forward nfe 0, backward nfe 0, Train: 0.9800, Val: 0.6043, Test: 0.6032, Best time: 7.8741
After OOD adjustment: Training instances of last class: 0
After OOD adjustment: Testing instances of last class: 83
Epoch: 120, Runtime 0.037901, Loss 0.007395, forward nfe 0, backward nfe 0, Train: 0.9800, Val: 0.6043, Test: 0.6032, Best time: 7.8741
After OOD adjustment: Training instances of last class: 0
After OOD adjustment: Testing instances of last class: 83
Epoch: 121, Runtime 0.037810, Loss 0.007297, forward nfe 0, backward nfe 0, Train: 0.9800, Val: 0.6043, Test: 0.6032, Best time: 7.8741
After OOD adjustment: Training instances of last class: 0
After OOD adjustment: Testing instances of last class: 83
Epoch: 122, Runtime 0.037951, Loss 0.007202, forward nfe 0, backward nfe 0, Train: 0.9800, Val: 0.6043, Test: 0.6032, Best time: 7.8741
After OOD adjustment: Training instances of last class: 0
After OOD adjustment: Testing instances of last class: 83
Epoch: 123, Runtime 0.039980, Loss 0.007108, forward nfe 0, backward nfe 0, Train: 0.9800, Val: 0.6043, Test: 0.6032, Best time: 7.8741
After OOD adjustment: Training instances of last class: 0
After OOD adjustment: Testing instances of last class: 83
Epoch: 124, Runtime 0.038656, Loss 0.007017, forward nfe 0, backward nfe 0, Train: 0.9800, Val: 0.6043, Test: 0.6032, Best time: 7.8741
After OOD adjustment: Training instances of last class: 0
After OOD adjustment: Testing instances of last class: 83
Epoch: 125, Runtime 0.037831, Loss 0.006927, forward nfe 0, backward nfe 0, Train: 0.9800, Val: 0.6043, Test: 0.6032, Best time: 7.8741
After OOD adjustment: Training instances of last class: 0
After OOD adjustment: Testing instances of last class: 83
Epoch: 126, Runtime 0.037671, Loss 0.006839, forward nfe 0, backward nfe 0, Train: 0.9800, Val: 0.6043, Test: 0.6032, Best time: 7.8741
After OOD adjustment: Training instances of last class: 0
After OOD adjustment: Testing instances of last class: 83
Epoch: 127, Runtime 0.039829, Loss 0.006753, forward nfe 0, backward nfe 0, Train: 0.9800, Val: 0.6043, Test: 0.6032, Best time: 7.8741
After OOD adjustment: Training instances of last class: 0
After OOD adjustment: Testing instances of last class: 83
Epoch: 128, Runtime 0.038256, Loss 0.006669, forward nfe 0, backward nfe 0, Train: 0.9800, Val: 0.6043, Test: 0.6032, Best time: 7.8741
After OOD adjustment: Training instances of last class: 0
After OOD adjustment: Testing instances of last class: 83
Epoch: 129, Runtime 0.037915, Loss 0.006586, forward nfe 0, backward nfe 0, Train: 0.9800, Val: 0.6043, Test: 0.6032, Best time: 7.8741
After OOD adjustment: Training instances of last class: 0
After OOD adjustment: Testing instances of last class: 83
Epoch: 130, Runtime 0.039542, Loss 0.006505, forward nfe 0, backward nfe 0, Train: 0.9800, Val: 0.6043, Test: 0.6032, Best time: 7.8741
After OOD adjustment: Training instances of last class: 0
After OOD adjustment: Testing instances of last class: 83
Epoch: 131, Runtime 0.038173, Loss 0.006425, forward nfe 0, backward nfe 0, Train: 0.9800, Val: 0.6043, Test: 0.6032, Best time: 7.8741
After OOD adjustment: Training instances of last class: 0
After OOD adjustment: Testing instances of last class: 83
Epoch: 132, Runtime 0.037932, Loss 0.006347, forward nfe 0, backward nfe 0, Train: 0.9800, Val: 0.6043, Test: 0.6032, Best time: 7.8741
After OOD adjustment: Training instances of last class: 0
After OOD adjustment: Testing instances of last class: 83
Epoch: 133, Runtime 0.037552, Loss 0.006270, forward nfe 0, backward nfe 0, Train: 0.9800, Val: 0.6043, Test: 0.6032, Best time: 7.8741
After OOD adjustment: Training instances of last class: 0
After OOD adjustment: Testing instances of last class: 83
Epoch: 134, Runtime 0.037425, Loss 0.006195, forward nfe 0, backward nfe 0, Train: 0.9800, Val: 0.6043, Test: 0.6032, Best time: 7.8741
After OOD adjustment: Training instances of last class: 0
After OOD adjustment: Testing instances of last class: 83
Epoch: 135, Runtime 0.037650, Loss 0.006121, forward nfe 0, backward nfe 0, Train: 0.9800, Val: 0.6043, Test: 0.6032, Best time: 7.8741
After OOD adjustment: Training instances of last class: 0
After OOD adjustment: Testing instances of last class: 83
Epoch: 136, Runtime 0.037314, Loss 0.006049, forward nfe 0, backward nfe 0, Train: 0.9800, Val: 0.6043, Test: 0.6032, Best time: 7.8741
After OOD adjustment: Training instances of last class: 0
After OOD adjustment: Testing instances of last class: 83
Epoch: 137, Runtime 0.037301, Loss 0.005978, forward nfe 0, backward nfe 0, Train: 0.9800, Val: 0.6043, Test: 0.6032, Best time: 7.8741
After OOD adjustment: Training instances of last class: 0
After OOD adjustment: Testing instances of last class: 83
Epoch: 138, Runtime 0.039516, Loss 0.005908, forward nfe 0, backward nfe 0, Train: 0.9800, Val: 0.6043, Test: 0.6032, Best time: 7.8741
After OOD adjustment: Training instances of last class: 0
After OOD adjustment: Testing instances of last class: 83
Epoch: 139, Runtime 0.037990, Loss 0.005840, forward nfe 0, backward nfe 0, Train: 0.9800, Val: 0.6043, Test: 0.6032, Best time: 7.8741
After OOD adjustment: Training instances of last class: 0
After OOD adjustment: Testing instances of last class: 83
Epoch: 140, Runtime 0.038923, Loss 0.005772, forward nfe 0, backward nfe 0, Train: 0.9800, Val: 0.6043, Test: 0.6032, Best time: 7.8741
After OOD adjustment: Training instances of last class: 0
After OOD adjustment: Testing instances of last class: 83
Epoch: 141, Runtime 0.038004, Loss 0.005706, forward nfe 0, backward nfe 0, Train: 0.9800, Val: 0.6043, Test: 0.6032, Best time: 7.8741
After OOD adjustment: Training instances of last class: 0
After OOD adjustment: Testing instances of last class: 83
Epoch: 142, Runtime 0.039279, Loss 0.005641, forward nfe 0, backward nfe 0, Train: 0.9800, Val: 0.6043, Test: 0.6032, Best time: 7.8741
After OOD adjustment: Training instances of last class: 0
After OOD adjustment: Testing instances of last class: 83
Epoch: 143, Runtime 0.041060, Loss 0.005577, forward nfe 0, backward nfe 0, Train: 0.9800, Val: 0.6043, Test: 0.6032, Best time: 7.8741
After OOD adjustment: Training instances of last class: 0
After OOD adjustment: Testing instances of last class: 83
Epoch: 144, Runtime 0.039109, Loss 0.005515, forward nfe 0, backward nfe 0, Train: 0.9800, Val: 0.6043, Test: 0.6032, Best time: 7.8741
After OOD adjustment: Training instances of last class: 0
After OOD adjustment: Testing instances of last class: 83
Epoch: 145, Runtime 0.038191, Loss 0.005453, forward nfe 0, backward nfe 0, Train: 0.9800, Val: 0.6043, Test: 0.6032, Best time: 7.8741
After OOD adjustment: Training instances of last class: 0
After OOD adjustment: Testing instances of last class: 83
Epoch: 146, Runtime 0.037833, Loss 0.005393, forward nfe 0, backward nfe 0, Train: 0.9800, Val: 0.6043, Test: 0.6032, Best time: 7.8741
After OOD adjustment: Training instances of last class: 0
After OOD adjustment: Testing instances of last class: 83
Epoch: 147, Runtime 0.038147, Loss 0.005333, forward nfe 0, backward nfe 0, Train: 0.9800, Val: 0.6043, Test: 0.6032, Best time: 7.8741
After OOD adjustment: Training instances of last class: 0
After OOD adjustment: Testing instances of last class: 83
Epoch: 148, Runtime 0.038955, Loss 0.005275, forward nfe 0, backward nfe 0, Train: 0.9800, Val: 0.6043, Test: 0.6032, Best time: 7.8741
After OOD adjustment: Training instances of last class: 0
After OOD adjustment: Testing instances of last class: 83
Epoch: 149, Runtime 0.038914, Loss 0.005217, forward nfe 0, backward nfe 0, Train: 0.9800, Val: 0.6043, Test: 0.6032, Best time: 7.8741
After OOD adjustment: Training instances of last class: 0
After OOD adjustment: Testing instances of last class: 83
Epoch: 150, Runtime 0.037851, Loss 0.005161, forward nfe 0, backward nfe 0, Train: 0.9800, Val: 0.6043, Test: 0.6032, Best time: 7.8741
After OOD adjustment: Training instances of last class: 0
After OOD adjustment: Testing instances of last class: 83
Epoch: 151, Runtime 0.039131, Loss 0.005105, forward nfe 0, backward nfe 0, Train: 0.9800, Val: 0.6043, Test: 0.6032, Best time: 7.8741
After OOD adjustment: Training instances of last class: 0
After OOD adjustment: Testing instances of last class: 83
Epoch: 152, Runtime 0.039393, Loss 0.005051, forward nfe 0, backward nfe 0, Train: 0.9800, Val: 0.6043, Test: 0.6032, Best time: 7.8741
After OOD adjustment: Training instances of last class: 0
After OOD adjustment: Testing instances of last class: 83
Epoch: 153, Runtime 0.038867, Loss 0.004997, forward nfe 0, backward nfe 0, Train: 0.9800, Val: 0.6043, Test: 0.6032, Best time: 7.8741
After OOD adjustment: Training instances of last class: 0
After OOD adjustment: Testing instances of last class: 83
Epoch: 154, Runtime 0.039109, Loss 0.004944, forward nfe 0, backward nfe 0, Train: 0.9800, Val: 0.6043, Test: 0.6032, Best time: 7.8741
After OOD adjustment: Training instances of last class: 0
After OOD adjustment: Testing instances of last class: 83
Epoch: 155, Runtime 0.039032, Loss 0.004892, forward nfe 0, backward nfe 0, Train: 0.9800, Val: 0.6043, Test: 0.6032, Best time: 7.8741
After OOD adjustment: Training instances of last class: 0
After OOD adjustment: Testing instances of last class: 83
Epoch: 156, Runtime 0.039192, Loss 0.004841, forward nfe 0, backward nfe 0, Train: 0.9800, Val: 0.6043, Test: 0.6032, Best time: 7.8741
After OOD adjustment: Training instances of last class: 0
After OOD adjustment: Testing instances of last class: 83
Epoch: 157, Runtime 0.039021, Loss 0.004791, forward nfe 0, backward nfe 0, Train: 0.9800, Val: 0.6043, Test: 0.6032, Best time: 7.8741
After OOD adjustment: Training instances of last class: 0
After OOD adjustment: Testing instances of last class: 83
Epoch: 158, Runtime 0.039276, Loss 0.004741, forward nfe 0, backward nfe 0, Train: 0.9800, Val: 0.6043, Test: 0.6032, Best time: 7.8741
After OOD adjustment: Training instances of last class: 0
After OOD adjustment: Testing instances of last class: 83
Epoch: 159, Runtime 0.037827, Loss 0.004692, forward nfe 0, backward nfe 0, Train: 0.9800, Val: 0.6043, Test: 0.6032, Best time: 7.8741
After OOD adjustment: Training instances of last class: 0
After OOD adjustment: Testing instances of last class: 83
Epoch: 160, Runtime 0.039872, Loss 0.004645, forward nfe 0, backward nfe 0, Train: 0.9800, Val: 0.6043, Test: 0.6032, Best time: 7.8741
After OOD adjustment: Training instances of last class: 0
After OOD adjustment: Testing instances of last class: 83
Epoch: 161, Runtime 0.040011, Loss 0.004597, forward nfe 0, backward nfe 0, Train: 0.9800, Val: 0.6043, Test: 0.6032, Best time: 7.8741
After OOD adjustment: Training instances of last class: 0
After OOD adjustment: Testing instances of last class: 83
Epoch: 162, Runtime 0.037720, Loss 0.004551, forward nfe 0, backward nfe 0, Train: 0.9800, Val: 0.6043, Test: 0.6032, Best time: 7.8741
After OOD adjustment: Training instances of last class: 0
After OOD adjustment: Testing instances of last class: 83
Epoch: 163, Runtime 0.038738, Loss 0.004505, forward nfe 0, backward nfe 0, Train: 0.9800, Val: 0.6043, Test: 0.6032, Best time: 7.8741
After OOD adjustment: Training instances of last class: 0
After OOD adjustment: Testing instances of last class: 83
Epoch: 164, Runtime 0.039197, Loss 0.004460, forward nfe 0, backward nfe 0, Train: 0.9800, Val: 0.6043, Test: 0.6032, Best time: 7.8741
After OOD adjustment: Training instances of last class: 0
After OOD adjustment: Testing instances of last class: 83
Epoch: 165, Runtime 0.038157, Loss 0.004416, forward nfe 0, backward nfe 0, Train: 0.9800, Val: 0.6043, Test: 0.6032, Best time: 7.8741
After OOD adjustment: Training instances of last class: 0
After OOD adjustment: Testing instances of last class: 83
Epoch: 166, Runtime 0.038683, Loss 0.004372, forward nfe 0, backward nfe 0, Train: 0.9800, Val: 0.6043, Test: 0.6032, Best time: 7.8741
After OOD adjustment: Training instances of last class: 0
After OOD adjustment: Testing instances of last class: 83
Epoch: 167, Runtime 0.037625, Loss 0.004329, forward nfe 0, backward nfe 0, Train: 0.9800, Val: 0.6043, Test: 0.6032, Best time: 7.8741
After OOD adjustment: Training instances of last class: 0
After OOD adjustment: Testing instances of last class: 83
Epoch: 168, Runtime 0.037848, Loss 0.004287, forward nfe 0, backward nfe 0, Train: 0.9800, Val: 0.6043, Test: 0.6032, Best time: 7.8741
After OOD adjustment: Training instances of last class: 0
After OOD adjustment: Testing instances of last class: 83
Epoch: 169, Runtime 0.037930, Loss 0.004245, forward nfe 0, backward nfe 0, Train: 0.9800, Val: 0.6043, Test: 0.6032, Best time: 7.8741
After OOD adjustment: Training instances of last class: 0
After OOD adjustment: Testing instances of last class: 83
Epoch: 170, Runtime 0.038035, Loss 0.004204, forward nfe 0, backward nfe 0, Train: 0.9800, Val: 0.6043, Test: 0.6032, Best time: 7.8741
After OOD adjustment: Training instances of last class: 0
After OOD adjustment: Testing instances of last class: 83
Epoch: 171, Runtime 0.040035, Loss 0.004164, forward nfe 0, backward nfe 0, Train: 0.9800, Val: 0.6043, Test: 0.6032, Best time: 7.8741
After OOD adjustment: Training instances of last class: 0
After OOD adjustment: Testing instances of last class: 83
Epoch: 172, Runtime 0.038420, Loss 0.004124, forward nfe 0, backward nfe 0, Train: 0.9800, Val: 0.6043, Test: 0.6032, Best time: 7.8741
After OOD adjustment: Training instances of last class: 0
After OOD adjustment: Testing instances of last class: 83
Epoch: 173, Runtime 0.039703, Loss 0.004084, forward nfe 0, backward nfe 0, Train: 0.9800, Val: 0.6043, Test: 0.6032, Best time: 7.8741
After OOD adjustment: Training instances of last class: 0
After OOD adjustment: Testing instances of last class: 83
Epoch: 174, Runtime 0.037985, Loss 0.004046, forward nfe 0, backward nfe 0, Train: 0.9800, Val: 0.6043, Test: 0.6032, Best time: 7.8741
After OOD adjustment: Training instances of last class: 0
After OOD adjustment: Testing instances of last class: 83
Epoch: 175, Runtime 0.037967, Loss 0.004008, forward nfe 0, backward nfe 0, Train: 0.9800, Val: 0.6043, Test: 0.6032, Best time: 7.8741
After OOD adjustment: Training instances of last class: 0
After OOD adjustment: Testing instances of last class: 83
Epoch: 176, Runtime 0.037923, Loss 0.003970, forward nfe 0, backward nfe 0, Train: 0.9800, Val: 0.6043, Test: 0.6032, Best time: 7.8741
After OOD adjustment: Training instances of last class: 0
After OOD adjustment: Testing instances of last class: 83
Epoch: 177, Runtime 0.038560, Loss 0.003933, forward nfe 0, backward nfe 0, Train: 0.9800, Val: 0.6043, Test: 0.6032, Best time: 7.8741
After OOD adjustment: Training instances of last class: 0
After OOD adjustment: Testing instances of last class: 83
Epoch: 178, Runtime 0.038837, Loss 0.003896, forward nfe 0, backward nfe 0, Train: 0.9800, Val: 0.6043, Test: 0.6032, Best time: 7.8741
After OOD adjustment: Training instances of last class: 0
After OOD adjustment: Testing instances of last class: 83
Epoch: 179, Runtime 0.037853, Loss 0.003860, forward nfe 0, backward nfe 0, Train: 0.9800, Val: 0.6043, Test: 0.6032, Best time: 7.8741
After OOD adjustment: Training instances of last class: 0
After OOD adjustment: Testing instances of last class: 83
Epoch: 180, Runtime 0.039721, Loss 0.003825, forward nfe 0, backward nfe 0, Train: 0.9800, Val: 0.6043, Test: 0.6032, Best time: 7.8741
After OOD adjustment: Training instances of last class: 0
After OOD adjustment: Testing instances of last class: 83
Epoch: 181, Runtime 0.038162, Loss 0.003790, forward nfe 0, backward nfe 0, Train: 0.9800, Val: 0.6043, Test: 0.6032, Best time: 7.8741
After OOD adjustment: Training instances of last class: 0
After OOD adjustment: Testing instances of last class: 83
Epoch: 182, Runtime 0.039307, Loss 0.003755, forward nfe 0, backward nfe 0, Train: 0.9800, Val: 0.6043, Test: 0.6032, Best time: 7.8741
After OOD adjustment: Training instances of last class: 0
After OOD adjustment: Testing instances of last class: 83
Epoch: 183, Runtime 0.038157, Loss 0.003721, forward nfe 0, backward nfe 0, Train: 0.9800, Val: 0.6043, Test: 0.6032, Best time: 7.8741
After OOD adjustment: Training instances of last class: 0
After OOD adjustment: Testing instances of last class: 83
Epoch: 184, Runtime 0.037982, Loss 0.003688, forward nfe 0, backward nfe 0, Train: 0.9800, Val: 0.6043, Test: 0.6032, Best time: 7.8741
After OOD adjustment: Training instances of last class: 0
After OOD adjustment: Testing instances of last class: 83
Epoch: 185, Runtime 0.037903, Loss 0.003655, forward nfe 0, backward nfe 0, Train: 0.9800, Val: 0.6043, Test: 0.6032, Best time: 7.8741
After OOD adjustment: Training instances of last class: 0
After OOD adjustment: Testing instances of last class: 83
Epoch: 186, Runtime 0.038944, Loss 0.003622, forward nfe 0, backward nfe 0, Train: 0.9800, Val: 0.6043, Test: 0.6032, Best time: 7.8741
After OOD adjustment: Training instances of last class: 0
After OOD adjustment: Testing instances of last class: 83
Epoch: 187, Runtime 0.039011, Loss 0.003590, forward nfe 0, backward nfe 0, Train: 0.9800, Val: 0.6043, Test: 0.6032, Best time: 7.8741
After OOD adjustment: Training instances of last class: 0
After OOD adjustment: Testing instances of last class: 83
Epoch: 188, Runtime 0.037629, Loss 0.003558, forward nfe 0, backward nfe 0, Train: 0.9800, Val: 0.6043, Test: 0.6032, Best time: 7.8741
After OOD adjustment: Training instances of last class: 0
After OOD adjustment: Testing instances of last class: 83
Epoch: 189, Runtime 0.038744, Loss 0.003527, forward nfe 0, backward nfe 0, Train: 0.9800, Val: 0.6043, Test: 0.6032, Best time: 7.8741
After OOD adjustment: Training instances of last class: 0
After OOD adjustment: Testing instances of last class: 83
Epoch: 190, Runtime 0.039152, Loss 0.003496, forward nfe 0, backward nfe 0, Train: 0.9800, Val: 0.6043, Test: 0.6032, Best time: 7.8741
After OOD adjustment: Training instances of last class: 0
After OOD adjustment: Testing instances of last class: 83
Epoch: 191, Runtime 0.037530, Loss 0.003466, forward nfe 0, backward nfe 0, Train: 0.9800, Val: 0.6043, Test: 0.6032, Best time: 7.8741
After OOD adjustment: Training instances of last class: 0
After OOD adjustment: Testing instances of last class: 83
Epoch: 192, Runtime 0.037304, Loss 0.003436, forward nfe 0, backward nfe 0, Train: 0.9800, Val: 0.6043, Test: 0.6032, Best time: 7.8741
After OOD adjustment: Training instances of last class: 0
After OOD adjustment: Testing instances of last class: 83
Epoch: 193, Runtime 0.038707, Loss 0.003406, forward nfe 0, backward nfe 0, Train: 0.9800, Val: 0.6043, Test: 0.6032, Best time: 7.8741
After OOD adjustment: Training instances of last class: 0
After OOD adjustment: Testing instances of last class: 83
Epoch: 194, Runtime 0.037765, Loss 0.003377, forward nfe 0, backward nfe 0, Train: 0.9800, Val: 0.6043, Test: 0.6032, Best time: 7.8741
After OOD adjustment: Training instances of last class: 0
After OOD adjustment: Testing instances of last class: 83
Epoch: 195, Runtime 0.037598, Loss 0.003348, forward nfe 0, backward nfe 0, Train: 0.9800, Val: 0.6043, Test: 0.6032, Best time: 7.8741
After OOD adjustment: Training instances of last class: 0
After OOD adjustment: Testing instances of last class: 83
Epoch: 196, Runtime 0.038454, Loss 0.003319, forward nfe 0, backward nfe 0, Train: 0.9800, Val: 0.6043, Test: 0.6032, Best time: 7.8741
After OOD adjustment: Training instances of last class: 0
After OOD adjustment: Testing instances of last class: 83
Epoch: 197, Runtime 0.037907, Loss 0.003291, forward nfe 0, backward nfe 0, Train: 0.9800, Val: 0.6043, Test: 0.6032, Best time: 7.8741
After OOD adjustment: Training instances of last class: 0
After OOD adjustment: Testing instances of last class: 83
Epoch: 198, Runtime 0.037699, Loss 0.003263, forward nfe 0, backward nfe 0, Train: 0.9800, Val: 0.6043, Test: 0.6032, Best time: 7.8741
After OOD adjustment: Training instances of last class: 0
After OOD adjustment: Testing instances of last class: 83
Epoch: 199, Runtime 0.038919, Loss 0.003236, forward nfe 0, backward nfe 0, Train: 0.9800, Val: 0.6043, Test: 0.6032, Best time: 7.8741
After OOD adjustment: Training instances of last class: 0
After OOD adjustment: Testing instances of last class: 83
Epoch: 200, Runtime 0.038827, Loss 0.003209, forward nfe 0, backward nfe 0, Train: 0.9800, Val: 0.6043, Test: 0.6032, Best time: 7.8741
After OOD adjustment: Training instances of last class: 0
After OOD adjustment: Testing instances of last class: 83
Epoch: 201, Runtime 0.039151, Loss 0.003182, forward nfe 0, backward nfe 0, Train: 0.9800, Val: 0.6043, Test: 0.6032, Best time: 7.8741
After OOD adjustment: Training instances of last class: 0
After OOD adjustment: Testing instances of last class: 83
Epoch: 202, Runtime 0.039097, Loss 0.003156, forward nfe 0, backward nfe 0, Train: 0.9800, Val: 0.6043, Test: 0.6032, Best time: 7.8741
After OOD adjustment: Training instances of last class: 0
After OOD adjustment: Testing instances of last class: 83
Epoch: 203, Runtime 0.037761, Loss 0.003130, forward nfe 0, backward nfe 0, Train: 0.9800, Val: 0.6043, Test: 0.6032, Best time: 7.8741
After OOD adjustment: Training instances of last class: 0
After OOD adjustment: Testing instances of last class: 83
Epoch: 204, Runtime 0.037859, Loss 0.003104, forward nfe 0, backward nfe 0, Train: 0.9800, Val: 0.6043, Test: 0.6032, Best time: 7.8741
After OOD adjustment: Training instances of last class: 0
After OOD adjustment: Testing instances of last class: 83
Epoch: 205, Runtime 0.039676, Loss 0.003079, forward nfe 0, backward nfe 0, Train: 0.9800, Val: 0.6043, Test: 0.6032, Best time: 7.8741
After OOD adjustment: Training instances of last class: 0
After OOD adjustment: Testing instances of last class: 83
Epoch: 206, Runtime 0.038329, Loss 0.003054, forward nfe 0, backward nfe 0, Train: 0.9800, Val: 0.6043, Test: 0.6032, Best time: 7.8741
After OOD adjustment: Training instances of last class: 0
After OOD adjustment: Testing instances of last class: 83
Epoch: 207, Runtime 0.039206, Loss 0.003029, forward nfe 0, backward nfe 0, Train: 0.9800, Val: 0.6043, Test: 0.6032, Best time: 7.8741
After OOD adjustment: Training instances of last class: 0
After OOD adjustment: Testing instances of last class: 83
Epoch: 208, Runtime 0.038119, Loss 0.003005, forward nfe 0, backward nfe 0, Train: 0.9800, Val: 0.6043, Test: 0.6032, Best time: 7.8741
After OOD adjustment: Training instances of last class: 0
After OOD adjustment: Testing instances of last class: 83
Epoch: 209, Runtime 0.037925, Loss 0.002980, forward nfe 0, backward nfe 0, Train: 0.9800, Val: 0.6043, Test: 0.6032, Best time: 7.8741
After OOD adjustment: Training instances of last class: 0
After OOD adjustment: Testing instances of last class: 83
Epoch: 210, Runtime 0.037988, Loss 0.002957, forward nfe 0, backward nfe 0, Train: 0.9800, Val: 0.6043, Test: 0.6032, Best time: 7.8741
After OOD adjustment: Training instances of last class: 0
After OOD adjustment: Testing instances of last class: 83
Epoch: 211, Runtime 0.037484, Loss 0.002933, forward nfe 0, backward nfe 0, Train: 0.9800, Val: 0.6043, Test: 0.6032, Best time: 7.8741
After OOD adjustment: Training instances of last class: 0
After OOD adjustment: Testing instances of last class: 83
Epoch: 212, Runtime 0.037501, Loss 0.002910, forward nfe 0, backward nfe 0, Train: 0.9800, Val: 0.6043, Test: 0.6032, Best time: 7.8741
After OOD adjustment: Training instances of last class: 0
After OOD adjustment: Testing instances of last class: 83
Epoch: 213, Runtime 0.039403, Loss 0.002887, forward nfe 0, backward nfe 0, Train: 0.9800, Val: 0.6043, Test: 0.6032, Best time: 7.8741
After OOD adjustment: Training instances of last class: 0
After OOD adjustment: Testing instances of last class: 83
Epoch: 214, Runtime 0.039288, Loss 0.002864, forward nfe 0, backward nfe 0, Train: 0.9800, Val: 0.6043, Test: 0.6032, Best time: 7.8741
After OOD adjustment: Training instances of last class: 0
After OOD adjustment: Testing instances of last class: 83
Epoch: 215, Runtime 0.037679, Loss 0.002842, forward nfe 0, backward nfe 0, Train: 0.9800, Val: 0.6043, Test: 0.6032, Best time: 7.8741
After OOD adjustment: Training instances of last class: 0
After OOD adjustment: Testing instances of last class: 83
Epoch: 216, Runtime 0.037941, Loss 0.002820, forward nfe 0, backward nfe 0, Train: 0.9800, Val: 0.6043, Test: 0.6032, Best time: 7.8741
After OOD adjustment: Training instances of last class: 0
After OOD adjustment: Testing instances of last class: 83
Epoch: 217, Runtime 0.037777, Loss 0.002798, forward nfe 0, backward nfe 0, Train: 0.9800, Val: 0.6043, Test: 0.6032, Best time: 7.8741
After OOD adjustment: Training instances of last class: 0
After OOD adjustment: Testing instances of last class: 83
Epoch: 218, Runtime 0.037906, Loss 0.002776, forward nfe 0, backward nfe 0, Train: 0.9800, Val: 0.6043, Test: 0.6032, Best time: 7.8741
After OOD adjustment: Training instances of last class: 0
After OOD adjustment: Testing instances of last class: 83
Epoch: 219, Runtime 0.037791, Loss 0.002755, forward nfe 0, backward nfe 0, Train: 0.9800, Val: 0.6043, Test: 0.6032, Best time: 7.8741
After OOD adjustment: Training instances of last class: 0
After OOD adjustment: Testing instances of last class: 83
Epoch: 220, Runtime 0.037596, Loss 0.002734, forward nfe 0, backward nfe 0, Train: 0.9800, Val: 0.6043, Test: 0.6032, Best time: 7.8741
After OOD adjustment: Training instances of last class: 0
After OOD adjustment: Testing instances of last class: 83
Epoch: 221, Runtime 0.037735, Loss 0.002713, forward nfe 0, backward nfe 0, Train: 0.9800, Val: 0.6043, Test: 0.6032, Best time: 7.8741
After OOD adjustment: Training instances of last class: 0
After OOD adjustment: Testing instances of last class: 83
Epoch: 222, Runtime 0.037798, Loss 0.002692, forward nfe 0, backward nfe 0, Train: 0.9800, Val: 0.6043, Test: 0.6032, Best time: 7.8741
After OOD adjustment: Training instances of last class: 0
After OOD adjustment: Testing instances of last class: 83
Epoch: 223, Runtime 0.038014, Loss 0.002672, forward nfe 0, backward nfe 0, Train: 0.9800, Val: 0.6043, Test: 0.6032, Best time: 7.8741
After OOD adjustment: Training instances of last class: 0
After OOD adjustment: Testing instances of last class: 83
Epoch: 224, Runtime 0.039701, Loss 0.002652, forward nfe 0, backward nfe 0, Train: 0.9800, Val: 0.6043, Test: 0.6032, Best time: 7.8741
After OOD adjustment: Training instances of last class: 0
After OOD adjustment: Testing instances of last class: 83
Epoch: 225, Runtime 0.038305, Loss 0.002632, forward nfe 0, backward nfe 0, Train: 0.9800, Val: 0.6043, Test: 0.6032, Best time: 7.8741
After OOD adjustment: Training instances of last class: 0
After OOD adjustment: Testing instances of last class: 83
Epoch: 226, Runtime 0.037727, Loss 0.002612, forward nfe 0, backward nfe 0, Train: 0.9800, Val: 0.6043, Test: 0.6032, Best time: 7.8741
After OOD adjustment: Training instances of last class: 0
After OOD adjustment: Testing instances of last class: 83
Epoch: 227, Runtime 0.038936, Loss 0.002592, forward nfe 0, backward nfe 0, Train: 0.9800, Val: 0.6043, Test: 0.6032, Best time: 7.8741
After OOD adjustment: Training instances of last class: 0
After OOD adjustment: Testing instances of last class: 83
Epoch: 228, Runtime 0.037894, Loss 0.002573, forward nfe 0, backward nfe 0, Train: 0.9800, Val: 0.6043, Test: 0.6032, Best time: 7.8741
After OOD adjustment: Training instances of last class: 0
After OOD adjustment: Testing instances of last class: 83
Epoch: 229, Runtime 0.037778, Loss 0.002554, forward nfe 0, backward nfe 0, Train: 0.9800, Val: 0.6043, Test: 0.6032, Best time: 7.8741
After OOD adjustment: Training instances of last class: 0
After OOD adjustment: Testing instances of last class: 83
Epoch: 230, Runtime 0.037677, Loss 0.002535, forward nfe 0, backward nfe 0, Train: 0.9800, Val: 0.6043, Test: 0.6032, Best time: 7.8741
After OOD adjustment: Training instances of last class: 0
After OOD adjustment: Testing instances of last class: 83
Epoch: 231, Runtime 0.037498, Loss 0.002517, forward nfe 0, backward nfe 0, Train: 0.9800, Val: 0.6043, Test: 0.6032, Best time: 7.8741
After OOD adjustment: Training instances of last class: 0
After OOD adjustment: Testing instances of last class: 83
Epoch: 232, Runtime 0.037215, Loss 0.002498, forward nfe 0, backward nfe 0, Train: 0.9800, Val: 0.6043, Test: 0.6032, Best time: 7.8741
After OOD adjustment: Training instances of last class: 0
After OOD adjustment: Testing instances of last class: 83
Epoch: 233, Runtime 0.037575, Loss 0.002480, forward nfe 0, backward nfe 0, Train: 0.9800, Val: 0.6043, Test: 0.6032, Best time: 7.8741
After OOD adjustment: Training instances of last class: 0
After OOD adjustment: Testing instances of last class: 83
Epoch: 234, Runtime 0.037888, Loss 0.002462, forward nfe 0, backward nfe 0, Train: 0.9800, Val: 0.6043, Test: 0.6032, Best time: 7.8741
After OOD adjustment: Training instances of last class: 0
After OOD adjustment: Testing instances of last class: 83
Epoch: 235, Runtime 0.037925, Loss 0.002444, forward nfe 0, backward nfe 0, Train: 0.9800, Val: 0.6043, Test: 0.6032, Best time: 7.8741
After OOD adjustment: Training instances of last class: 0
After OOD adjustment: Testing instances of last class: 83
Epoch: 236, Runtime 0.038253, Loss 0.002427, forward nfe 0, backward nfe 0, Train: 0.9800, Val: 0.6043, Test: 0.6032, Best time: 7.8741
After OOD adjustment: Training instances of last class: 0
After OOD adjustment: Testing instances of last class: 83
Epoch: 237, Runtime 0.037810, Loss 0.002409, forward nfe 0, backward nfe 0, Train: 0.9800, Val: 0.6043, Test: 0.6032, Best time: 7.8741
After OOD adjustment: Training instances of last class: 0
After OOD adjustment: Testing instances of last class: 83
Epoch: 238, Runtime 0.037739, Loss 0.002392, forward nfe 0, backward nfe 0, Train: 0.9800, Val: 0.6043, Test: 0.6032, Best time: 7.8741
After OOD adjustment: Training instances of last class: 0
After OOD adjustment: Testing instances of last class: 83
Epoch: 239, Runtime 0.039181, Loss 0.002375, forward nfe 0, backward nfe 0, Train: 0.9800, Val: 0.6043, Test: 0.6032, Best time: 7.8741
After OOD adjustment: Training instances of last class: 0
After OOD adjustment: Testing instances of last class: 83
Epoch: 240, Runtime 0.039009, Loss 0.002358, forward nfe 0, backward nfe 0, Train: 0.9800, Val: 0.6043, Test: 0.6032, Best time: 7.8741
After OOD adjustment: Training instances of last class: 0
After OOD adjustment: Testing instances of last class: 83
Epoch: 241, Runtime 0.037677, Loss 0.002342, forward nfe 0, backward nfe 0, Train: 0.9800, Val: 0.6043, Test: 0.6032, Best time: 7.8741
After OOD adjustment: Training instances of last class: 0
After OOD adjustment: Testing instances of last class: 83
Epoch: 242, Runtime 0.037599, Loss 0.002325, forward nfe 0, backward nfe 0, Train: 0.9800, Val: 0.6043, Test: 0.6032, Best time: 7.8741
After OOD adjustment: Training instances of last class: 0
After OOD adjustment: Testing instances of last class: 83
Epoch: 243, Runtime 0.037819, Loss 0.002309, forward nfe 0, backward nfe 0, Train: 0.9800, Val: 0.6043, Test: 0.6032, Best time: 7.8741
After OOD adjustment: Training instances of last class: 0
After OOD adjustment: Testing instances of last class: 83
Epoch: 244, Runtime 0.039008, Loss 0.002293, forward nfe 0, backward nfe 0, Train: 0.9800, Val: 0.6043, Test: 0.6032, Best time: 7.8741
After OOD adjustment: Training instances of last class: 0
After OOD adjustment: Testing instances of last class: 83
Epoch: 245, Runtime 0.039059, Loss 0.002277, forward nfe 0, backward nfe 0, Train: 0.9800, Val: 0.6043, Test: 0.6032, Best time: 7.8741
After OOD adjustment: Training instances of last class: 0
After OOD adjustment: Testing instances of last class: 83
Epoch: 246, Runtime 0.038979, Loss 0.002261, forward nfe 0, backward nfe 0, Train: 0.9800, Val: 0.6043, Test: 0.6032, Best time: 7.8741
After OOD adjustment: Training instances of last class: 0
After OOD adjustment: Testing instances of last class: 83
Epoch: 247, Runtime 0.039224, Loss 0.002246, forward nfe 0, backward nfe 0, Train: 0.9800, Val: 0.6043, Test: 0.6032, Best time: 7.8741
After OOD adjustment: Training instances of last class: 0
After OOD adjustment: Testing instances of last class: 83
Epoch: 248, Runtime 0.037874, Loss 0.002230, forward nfe 0, backward nfe 0, Train: 0.9800, Val: 0.6043, Test: 0.6032, Best time: 7.8741
After OOD adjustment: Training instances of last class: 0
After OOD adjustment: Testing instances of last class: 83
Epoch: 249, Runtime 0.037768, Loss 0.002215, forward nfe 0, backward nfe 0, Train: 0.9800, Val: 0.6043, Test: 0.6032, Best time: 7.8741
best val accuracy 0.604348 with test accuracy 0.603226 at epoch 17 and best time 7.874113
base_directory resutls_prob/OOD_Citeseer
new_name:  gnn_ODD
file_path 1 resutls_prob/OOD_Citeseer/gnn_ODD_prediction_probabilities_67.npz
file_path 2 resutls_prob/OOD_Citeseer/gnn_ODD_prediction_probabilities_67.npz
Entropy Threshold: inf Test accuracy: 0.603225806451613
Entropy Threshold: 2 Test accuracy: 0.603225806451613
Entropy Threshold: 1.6 Test accuracy: 0.6061588330632091
Entropy Threshold: 1.5 Test accuracy: 0.7226107226107226
Entropy Threshold: 1.4 Test accuracy: 0.7565543071161048
Entropy Threshold: 1.3 Test accuracy: 0.7711442786069652
Entropy Threshold: 1.2 Test accuracy: 0.8273381294964028
Entropy Threshold: 1.1 Test accuracy: 0.8543689320388349
Entropy Threshold: 0.9 Test accuracy: 0.8947368421052632
Entropy Threshold: 0.8 Test accuracy: 0.9047619047619048
Entropy Threshold: 0.7 Test accuracy: 0.9285714285714286
Entropy Threshold: 0.6 Test accuracy: 1.0
Entropy Threshold: 0.5 Test accuracy: 1.0
Entropy Threshold: 0.4 Test accuracy: 1.0
Entropy Threshold: 0.3 Test accuracy: 1.0
Entropy Threshold: 0.2 Test accuracy: 1.0
Entropy Threshold: 0.1 Test accuracy: None
