[KeOps] Warning : cuda was detected, but driver API could not be initialized. Switching to cpu only.
Folder already exists: results/citeseer
experiment: 0
Dataset size (num_nodes): 2120, Intended development set size (num_development): 1500
Dataset size (num_nodes): 2120, Actual development set size (num_development): 1500
rations: train 120, val 1380, test 620
Before OOD adjustment: Total instances of last class: 304
Before OOD adjustment: Training instances of last class: 20
Before OOD adjustment: Testing instances of last class: 93
Before OOD adjustment: Val instances of last class: 191
total train + val+ test 304
After OOD adjustment: Training instances of last class: 0
After OOD adjustment: Testing instances of last class: 93
Total number of classes: 6
number of classes to train: 5
Dataset size (num_nodes): 2120, Intended development set size (num_development): 1500
Dataset size (num_nodes): 2120, Actual development set size (num_development): 1500
rations: train 120, val 1380, test 620
within set_train_val_test_split function!
Before OOD adjustment: Total instances of last class: 304
Before OOD adjustment: Training instances of last class: 20
Before OOD adjustment: Testing instances of last class: 88
Before OOD adjustment: Val instances of last class: 196
total train + val+ test 304
After OOD adjustment: Training instances of last class: 0
After OOD adjustment: Testing instances of last class: 88
MyGCN2(
  (conv1): GCNConv(3703, 80)
  (conv4): GCNConv(80, 5)
)
conv1.bias
torch.Size([80])
conv1.lin.weight
torch.Size([80, 3703])
conv4.bias
torch.Size([5])
conv4.lin.weight
torch.Size([5, 80])
After OOD adjustment: Training instances of last class: 0
After OOD adjustment: Testing instances of last class: 88
Epoch: 001, Runtime 0.055355, Loss 1.617038, forward nfe 0, backward nfe 0, Train: 0.6700, Val: 0.4058, Test: 0.3452, Best time: 7.8741
After OOD adjustment: Training instances of last class: 0
After OOD adjustment: Testing instances of last class: 88
Epoch: 002, Runtime 0.144988, Loss 1.492789, forward nfe 0, backward nfe 0, Train: 0.9600, Val: 0.5203, Test: 0.4855, Best time: 7.8741
After OOD adjustment: Training instances of last class: 0
After OOD adjustment: Testing instances of last class: 88
Epoch: 003, Runtime 0.132794, Loss 1.374420, forward nfe 0, backward nfe 0, Train: 0.9600, Val: 0.5739, Test: 0.5500, Best time: 7.8741
After OOD adjustment: Training instances of last class: 0
After OOD adjustment: Testing instances of last class: 88
Epoch: 004, Runtime 0.156600, Loss 1.261927, forward nfe 0, backward nfe 0, Train: 0.9600, Val: 0.5957, Test: 0.5710, Best time: 7.8741
After OOD adjustment: Training instances of last class: 0
After OOD adjustment: Testing instances of last class: 88
Epoch: 005, Runtime 0.152188, Loss 1.155501, forward nfe 0, backward nfe 0, Train: 0.9600, Val: 0.6014, Test: 0.5806, Best time: 7.8741
After OOD adjustment: Training instances of last class: 0
After OOD adjustment: Testing instances of last class: 88
Epoch: 006, Runtime 0.046689, Loss 1.055407, forward nfe 0, backward nfe 0, Train: 0.9600, Val: 0.6014, Test: 0.5806, Best time: 7.8741
After OOD adjustment: Training instances of last class: 0
After OOD adjustment: Testing instances of last class: 88
Epoch: 007, Runtime 0.043136, Loss 0.961882, forward nfe 0, backward nfe 0, Train: 0.9600, Val: 0.6014, Test: 0.5806, Best time: 7.8741
After OOD adjustment: Training instances of last class: 0
After OOD adjustment: Testing instances of last class: 88
Epoch: 008, Runtime 0.134645, Loss 0.875080, forward nfe 0, backward nfe 0, Train: 0.9600, Val: 0.6022, Test: 0.5887, Best time: 7.8741
After OOD adjustment: Training instances of last class: 0
After OOD adjustment: Testing instances of last class: 88
Epoch: 009, Runtime 0.042303, Loss 0.795036, forward nfe 0, backward nfe 0, Train: 0.9600, Val: 0.6022, Test: 0.5887, Best time: 7.8741
After OOD adjustment: Training instances of last class: 0
After OOD adjustment: Testing instances of last class: 88
Epoch: 010, Runtime 0.133955, Loss 0.721661, forward nfe 0, backward nfe 0, Train: 0.9600, Val: 0.6029, Test: 0.5887, Best time: 7.8741
After OOD adjustment: Training instances of last class: 0
After OOD adjustment: Testing instances of last class: 88
Epoch: 011, Runtime 0.043497, Loss 0.654745, forward nfe 0, backward nfe 0, Train: 0.9600, Val: 0.6029, Test: 0.5887, Best time: 7.8741
After OOD adjustment: Training instances of last class: 0
After OOD adjustment: Testing instances of last class: 88
Epoch: 012, Runtime 0.042020, Loss 0.593982, forward nfe 0, backward nfe 0, Train: 0.9600, Val: 0.6029, Test: 0.5887, Best time: 7.8741
After OOD adjustment: Training instances of last class: 0
After OOD adjustment: Testing instances of last class: 88
Epoch: 013, Runtime 0.040837, Loss 0.538991, forward nfe 0, backward nfe 0, Train: 0.9600, Val: 0.6029, Test: 0.5887, Best time: 7.8741
After OOD adjustment: Training instances of last class: 0
After OOD adjustment: Testing instances of last class: 88
Epoch: 014, Runtime 0.040585, Loss 0.489350, forward nfe 0, backward nfe 0, Train: 0.9600, Val: 0.6029, Test: 0.5887, Best time: 7.8741
After OOD adjustment: Training instances of last class: 0
After OOD adjustment: Testing instances of last class: 88
Epoch: 015, Runtime 0.040812, Loss 0.444617, forward nfe 0, backward nfe 0, Train: 0.9600, Val: 0.6029, Test: 0.5887, Best time: 7.8741
After OOD adjustment: Training instances of last class: 0
After OOD adjustment: Testing instances of last class: 88
Epoch: 016, Runtime 0.040631, Loss 0.404353, forward nfe 0, backward nfe 0, Train: 0.9600, Val: 0.6029, Test: 0.5887, Best time: 7.8741
After OOD adjustment: Training instances of last class: 0
After OOD adjustment: Testing instances of last class: 88
Epoch: 017, Runtime 0.040727, Loss 0.368135, forward nfe 0, backward nfe 0, Train: 0.9600, Val: 0.6029, Test: 0.5887, Best time: 7.8741
After OOD adjustment: Training instances of last class: 0
After OOD adjustment: Testing instances of last class: 88
Epoch: 018, Runtime 0.040801, Loss 0.335570, forward nfe 0, backward nfe 0, Train: 0.9600, Val: 0.6029, Test: 0.5887, Best time: 7.8741
After OOD adjustment: Training instances of last class: 0
After OOD adjustment: Testing instances of last class: 88
Epoch: 019, Runtime 0.040839, Loss 0.306296, forward nfe 0, backward nfe 0, Train: 0.9600, Val: 0.6029, Test: 0.5887, Best time: 7.8741
After OOD adjustment: Training instances of last class: 0
After OOD adjustment: Testing instances of last class: 88
Epoch: 020, Runtime 0.040740, Loss 0.279984, forward nfe 0, backward nfe 0, Train: 0.9600, Val: 0.6029, Test: 0.5887, Best time: 7.8741
After OOD adjustment: Training instances of last class: 0
After OOD adjustment: Testing instances of last class: 88
Epoch: 021, Runtime 0.041598, Loss 0.256337, forward nfe 0, backward nfe 0, Train: 0.9600, Val: 0.6029, Test: 0.5887, Best time: 7.8741
After OOD adjustment: Training instances of last class: 0
After OOD adjustment: Testing instances of last class: 88
Epoch: 022, Runtime 0.041893, Loss 0.235085, forward nfe 0, backward nfe 0, Train: 0.9600, Val: 0.6029, Test: 0.5887, Best time: 7.8741
After OOD adjustment: Training instances of last class: 0
After OOD adjustment: Testing instances of last class: 88
Epoch: 023, Runtime 0.041233, Loss 0.215986, forward nfe 0, backward nfe 0, Train: 0.9600, Val: 0.6029, Test: 0.5887, Best time: 7.8741
After OOD adjustment: Training instances of last class: 0
After OOD adjustment: Testing instances of last class: 88
Epoch: 024, Runtime 0.044792, Loss 0.198817, forward nfe 0, backward nfe 0, Train: 0.9600, Val: 0.6029, Test: 0.5887, Best time: 7.8741
After OOD adjustment: Training instances of last class: 0
After OOD adjustment: Testing instances of last class: 88
Epoch: 025, Runtime 0.042667, Loss 0.183378, forward nfe 0, backward nfe 0, Train: 0.9600, Val: 0.6029, Test: 0.5887, Best time: 7.8741
After OOD adjustment: Training instances of last class: 0
After OOD adjustment: Testing instances of last class: 88
Epoch: 026, Runtime 0.044918, Loss 0.169487, forward nfe 0, backward nfe 0, Train: 0.9600, Val: 0.6029, Test: 0.5887, Best time: 7.8741
After OOD adjustment: Training instances of last class: 0
After OOD adjustment: Testing instances of last class: 88
Epoch: 027, Runtime 0.045180, Loss 0.156980, forward nfe 0, backward nfe 0, Train: 0.9600, Val: 0.6029, Test: 0.5887, Best time: 7.8741
After OOD adjustment: Training instances of last class: 0
After OOD adjustment: Testing instances of last class: 88
Epoch: 028, Runtime 0.045442, Loss 0.145710, forward nfe 0, backward nfe 0, Train: 0.9600, Val: 0.6029, Test: 0.5887, Best time: 7.8741
After OOD adjustment: Training instances of last class: 0
After OOD adjustment: Testing instances of last class: 88
Epoch: 029, Runtime 0.044457, Loss 0.135545, forward nfe 0, backward nfe 0, Train: 0.9600, Val: 0.6029, Test: 0.5887, Best time: 7.8741
After OOD adjustment: Training instances of last class: 0
After OOD adjustment: Testing instances of last class: 88
Epoch: 030, Runtime 0.042758, Loss 0.126368, forward nfe 0, backward nfe 0, Train: 0.9600, Val: 0.6029, Test: 0.5887, Best time: 7.8741
After OOD adjustment: Training instances of last class: 0
After OOD adjustment: Testing instances of last class: 88
Epoch: 031, Runtime 0.041863, Loss 0.118073, forward nfe 0, backward nfe 0, Train: 0.9600, Val: 0.6029, Test: 0.5887, Best time: 7.8741
After OOD adjustment: Training instances of last class: 0
After OOD adjustment: Testing instances of last class: 88
Epoch: 032, Runtime 0.040742, Loss 0.110566, forward nfe 0, backward nfe 0, Train: 0.9600, Val: 0.6029, Test: 0.5887, Best time: 7.8741
After OOD adjustment: Training instances of last class: 0
After OOD adjustment: Testing instances of last class: 88
Epoch: 033, Runtime 0.042415, Loss 0.103760, forward nfe 0, backward nfe 0, Train: 0.9600, Val: 0.6029, Test: 0.5887, Best time: 7.8741
After OOD adjustment: Training instances of last class: 0
After OOD adjustment: Testing instances of last class: 88
Epoch: 034, Runtime 0.041691, Loss 0.097578, forward nfe 0, backward nfe 0, Train: 0.9600, Val: 0.6029, Test: 0.5887, Best time: 7.8741
After OOD adjustment: Training instances of last class: 0
After OOD adjustment: Testing instances of last class: 88
Epoch: 035, Runtime 0.040905, Loss 0.091950, forward nfe 0, backward nfe 0, Train: 0.9600, Val: 0.6029, Test: 0.5887, Best time: 7.8741
After OOD adjustment: Training instances of last class: 0
After OOD adjustment: Testing instances of last class: 88
Epoch: 036, Runtime 0.040740, Loss 0.086816, forward nfe 0, backward nfe 0, Train: 0.9600, Val: 0.6029, Test: 0.5887, Best time: 7.8741
After OOD adjustment: Training instances of last class: 0
After OOD adjustment: Testing instances of last class: 88
Epoch: 037, Runtime 0.043162, Loss 0.082119, forward nfe 0, backward nfe 0, Train: 0.9600, Val: 0.6029, Test: 0.5887, Best time: 7.8741
After OOD adjustment: Training instances of last class: 0
After OOD adjustment: Testing instances of last class: 88
Epoch: 038, Runtime 0.042421, Loss 0.077812, forward nfe 0, backward nfe 0, Train: 0.9600, Val: 0.6029, Test: 0.5887, Best time: 7.8741
After OOD adjustment: Training instances of last class: 0
After OOD adjustment: Testing instances of last class: 88
Epoch: 039, Runtime 0.042353, Loss 0.073854, forward nfe 0, backward nfe 0, Train: 0.9600, Val: 0.6029, Test: 0.5887, Best time: 7.8741
After OOD adjustment: Training instances of last class: 0
After OOD adjustment: Testing instances of last class: 88
Epoch: 040, Runtime 0.044121, Loss 0.070211, forward nfe 0, backward nfe 0, Train: 0.9600, Val: 0.6029, Test: 0.5887, Best time: 7.8741
After OOD adjustment: Training instances of last class: 0
After OOD adjustment: Testing instances of last class: 88
Epoch: 041, Runtime 0.044144, Loss 0.066853, forward nfe 0, backward nfe 0, Train: 0.9600, Val: 0.6029, Test: 0.5887, Best time: 7.8741
After OOD adjustment: Training instances of last class: 0
After OOD adjustment: Testing instances of last class: 88
Epoch: 042, Runtime 0.042398, Loss 0.063752, forward nfe 0, backward nfe 0, Train: 0.9600, Val: 0.6029, Test: 0.5887, Best time: 7.8741
After OOD adjustment: Training instances of last class: 0
After OOD adjustment: Testing instances of last class: 88
Epoch: 043, Runtime 0.040759, Loss 0.060886, forward nfe 0, backward nfe 0, Train: 0.9600, Val: 0.6029, Test: 0.5887, Best time: 7.8741
After OOD adjustment: Training instances of last class: 0
After OOD adjustment: Testing instances of last class: 88
Epoch: 044, Runtime 0.041045, Loss 0.058234, forward nfe 0, backward nfe 0, Train: 0.9600, Val: 0.6029, Test: 0.5887, Best time: 7.8741
After OOD adjustment: Training instances of last class: 0
After OOD adjustment: Testing instances of last class: 88
Epoch: 045, Runtime 0.041370, Loss 0.055775, forward nfe 0, backward nfe 0, Train: 0.9600, Val: 0.6029, Test: 0.5887, Best time: 7.8741
After OOD adjustment: Training instances of last class: 0
After OOD adjustment: Testing instances of last class: 88
Epoch: 046, Runtime 0.042469, Loss 0.053492, forward nfe 0, backward nfe 0, Train: 0.9600, Val: 0.6029, Test: 0.5887, Best time: 7.8741
After OOD adjustment: Training instances of last class: 0
After OOD adjustment: Testing instances of last class: 88
Epoch: 047, Runtime 0.041995, Loss 0.051369, forward nfe 0, backward nfe 0, Train: 0.9600, Val: 0.6029, Test: 0.5887, Best time: 7.8741
After OOD adjustment: Training instances of last class: 0
After OOD adjustment: Testing instances of last class: 88
Epoch: 048, Runtime 0.040941, Loss 0.049392, forward nfe 0, backward nfe 0, Train: 0.9600, Val: 0.6029, Test: 0.5887, Best time: 7.8741
After OOD adjustment: Training instances of last class: 0
After OOD adjustment: Testing instances of last class: 88
Epoch: 049, Runtime 0.040859, Loss 0.047547, forward nfe 0, backward nfe 0, Train: 0.9600, Val: 0.6029, Test: 0.5887, Best time: 7.8741
After OOD adjustment: Training instances of last class: 0
After OOD adjustment: Testing instances of last class: 88
Epoch: 050, Runtime 0.041436, Loss 0.045825, forward nfe 0, backward nfe 0, Train: 0.9600, Val: 0.6029, Test: 0.5887, Best time: 7.8741
After OOD adjustment: Training instances of last class: 0
After OOD adjustment: Testing instances of last class: 88
Epoch: 051, Runtime 0.042279, Loss 0.044216, forward nfe 0, backward nfe 0, Train: 0.9600, Val: 0.6029, Test: 0.5887, Best time: 7.8741
After OOD adjustment: Training instances of last class: 0
After OOD adjustment: Testing instances of last class: 88
Epoch: 052, Runtime 0.041913, Loss 0.042709, forward nfe 0, backward nfe 0, Train: 0.9600, Val: 0.6029, Test: 0.5887, Best time: 7.8741
After OOD adjustment: Training instances of last class: 0
After OOD adjustment: Testing instances of last class: 88
Epoch: 053, Runtime 0.040899, Loss 0.041298, forward nfe 0, backward nfe 0, Train: 0.9600, Val: 0.6029, Test: 0.5887, Best time: 7.8741
After OOD adjustment: Training instances of last class: 0
After OOD adjustment: Testing instances of last class: 88
Epoch: 054, Runtime 0.041537, Loss 0.039973, forward nfe 0, backward nfe 0, Train: 0.9600, Val: 0.6029, Test: 0.5887, Best time: 7.8741
After OOD adjustment: Training instances of last class: 0
After OOD adjustment: Testing instances of last class: 88
Epoch: 055, Runtime 0.042603, Loss 0.038729, forward nfe 0, backward nfe 0, Train: 0.9600, Val: 0.6029, Test: 0.5887, Best time: 7.8741
After OOD adjustment: Training instances of last class: 0
After OOD adjustment: Testing instances of last class: 88
Epoch: 056, Runtime 0.042305, Loss 0.037557, forward nfe 0, backward nfe 0, Train: 0.9600, Val: 0.6029, Test: 0.5887, Best time: 7.8741
After OOD adjustment: Training instances of last class: 0
After OOD adjustment: Testing instances of last class: 88
Epoch: 057, Runtime 0.042082, Loss 0.036453, forward nfe 0, backward nfe 0, Train: 0.9600, Val: 0.6029, Test: 0.5887, Best time: 7.8741
After OOD adjustment: Training instances of last class: 0
After OOD adjustment: Testing instances of last class: 88
Epoch: 058, Runtime 0.042118, Loss 0.035411, forward nfe 0, backward nfe 0, Train: 0.9600, Val: 0.6029, Test: 0.5887, Best time: 7.8741
After OOD adjustment: Training instances of last class: 0
After OOD adjustment: Testing instances of last class: 88
Epoch: 059, Runtime 0.042508, Loss 0.034427, forward nfe 0, backward nfe 0, Train: 0.9600, Val: 0.6029, Test: 0.5887, Best time: 7.8741
After OOD adjustment: Training instances of last class: 0
After OOD adjustment: Testing instances of last class: 88
Epoch: 060, Runtime 0.042507, Loss 0.033495, forward nfe 0, backward nfe 0, Train: 0.9600, Val: 0.6029, Test: 0.5887, Best time: 7.8741
After OOD adjustment: Training instances of last class: 0
After OOD adjustment: Testing instances of last class: 88
Epoch: 061, Runtime 0.042897, Loss 0.032613, forward nfe 0, backward nfe 0, Train: 0.9600, Val: 0.6029, Test: 0.5887, Best time: 7.8741
After OOD adjustment: Training instances of last class: 0
After OOD adjustment: Testing instances of last class: 88
Epoch: 062, Runtime 0.044629, Loss 0.031777, forward nfe 0, backward nfe 0, Train: 0.9600, Val: 0.6029, Test: 0.5887, Best time: 7.8741
After OOD adjustment: Training instances of last class: 0
After OOD adjustment: Testing instances of last class: 88
Epoch: 063, Runtime 0.042144, Loss 0.030983, forward nfe 0, backward nfe 0, Train: 0.9600, Val: 0.6029, Test: 0.5887, Best time: 7.8741
After OOD adjustment: Training instances of last class: 0
After OOD adjustment: Testing instances of last class: 88
Epoch: 064, Runtime 0.040916, Loss 0.030228, forward nfe 0, backward nfe 0, Train: 0.9600, Val: 0.6029, Test: 0.5887, Best time: 7.8741
After OOD adjustment: Training instances of last class: 0
After OOD adjustment: Testing instances of last class: 88
Epoch: 065, Runtime 0.040777, Loss 0.029509, forward nfe 0, backward nfe 0, Train: 0.9600, Val: 0.6029, Test: 0.5887, Best time: 7.8741
After OOD adjustment: Training instances of last class: 0
After OOD adjustment: Testing instances of last class: 88
Epoch: 066, Runtime 0.040719, Loss 0.028823, forward nfe 0, backward nfe 0, Train: 0.9600, Val: 0.6029, Test: 0.5887, Best time: 7.8741
After OOD adjustment: Training instances of last class: 0
After OOD adjustment: Testing instances of last class: 88
Epoch: 067, Runtime 0.040634, Loss 0.028168, forward nfe 0, backward nfe 0, Train: 0.9600, Val: 0.6029, Test: 0.5887, Best time: 7.8741
After OOD adjustment: Training instances of last class: 0
After OOD adjustment: Testing instances of last class: 88
Epoch: 068, Runtime 0.040833, Loss 0.027543, forward nfe 0, backward nfe 0, Train: 0.9600, Val: 0.6029, Test: 0.5887, Best time: 7.8741
After OOD adjustment: Training instances of last class: 0
After OOD adjustment: Testing instances of last class: 88
Epoch: 069, Runtime 0.040818, Loss 0.026945, forward nfe 0, backward nfe 0, Train: 0.9600, Val: 0.6029, Test: 0.5887, Best time: 7.8741
After OOD adjustment: Training instances of last class: 0
After OOD adjustment: Testing instances of last class: 88
Epoch: 070, Runtime 0.040634, Loss 0.026372, forward nfe 0, backward nfe 0, Train: 0.9600, Val: 0.6029, Test: 0.5887, Best time: 7.8741
After OOD adjustment: Training instances of last class: 0
After OOD adjustment: Testing instances of last class: 88
Epoch: 071, Runtime 0.040686, Loss 0.025822, forward nfe 0, backward nfe 0, Train: 0.9600, Val: 0.6029, Test: 0.5887, Best time: 7.8741
After OOD adjustment: Training instances of last class: 0
After OOD adjustment: Testing instances of last class: 88
Epoch: 072, Runtime 0.041131, Loss 0.025295, forward nfe 0, backward nfe 0, Train: 0.9600, Val: 0.6029, Test: 0.5887, Best time: 7.8741
After OOD adjustment: Training instances of last class: 0
After OOD adjustment: Testing instances of last class: 88
Epoch: 073, Runtime 0.041064, Loss 0.024789, forward nfe 0, backward nfe 0, Train: 0.9600, Val: 0.6029, Test: 0.5887, Best time: 7.8741
After OOD adjustment: Training instances of last class: 0
After OOD adjustment: Testing instances of last class: 88
Epoch: 074, Runtime 0.040800, Loss 0.024301, forward nfe 0, backward nfe 0, Train: 0.9600, Val: 0.6029, Test: 0.5887, Best time: 7.8741
After OOD adjustment: Training instances of last class: 0
After OOD adjustment: Testing instances of last class: 88
Epoch: 075, Runtime 0.042473, Loss 0.023832, forward nfe 0, backward nfe 0, Train: 0.9600, Val: 0.6029, Test: 0.5887, Best time: 7.8741
After OOD adjustment: Training instances of last class: 0
After OOD adjustment: Testing instances of last class: 88
Epoch: 076, Runtime 0.043278, Loss 0.023380, forward nfe 0, backward nfe 0, Train: 0.9600, Val: 0.6029, Test: 0.5887, Best time: 7.8741
After OOD adjustment: Training instances of last class: 0
After OOD adjustment: Testing instances of last class: 88
Epoch: 077, Runtime 0.042326, Loss 0.022943, forward nfe 0, backward nfe 0, Train: 0.9600, Val: 0.6029, Test: 0.5887, Best time: 7.8741
After OOD adjustment: Training instances of last class: 0
After OOD adjustment: Testing instances of last class: 88
Epoch: 078, Runtime 0.042844, Loss 0.022522, forward nfe 0, backward nfe 0, Train: 0.9600, Val: 0.6029, Test: 0.5887, Best time: 7.8741
After OOD adjustment: Training instances of last class: 0
After OOD adjustment: Testing instances of last class: 88
Epoch: 079, Runtime 0.042732, Loss 0.022116, forward nfe 0, backward nfe 0, Train: 0.9600, Val: 0.6029, Test: 0.5887, Best time: 7.8741
After OOD adjustment: Training instances of last class: 0
After OOD adjustment: Testing instances of last class: 88
Epoch: 080, Runtime 0.042060, Loss 0.021722, forward nfe 0, backward nfe 0, Train: 0.9600, Val: 0.6029, Test: 0.5887, Best time: 7.8741
After OOD adjustment: Training instances of last class: 0
After OOD adjustment: Testing instances of last class: 88
Epoch: 081, Runtime 0.040861, Loss 0.021341, forward nfe 0, backward nfe 0, Train: 0.9600, Val: 0.6029, Test: 0.5887, Best time: 7.8741
After OOD adjustment: Training instances of last class: 0
After OOD adjustment: Testing instances of last class: 88
Epoch: 082, Runtime 0.040682, Loss 0.020973, forward nfe 0, backward nfe 0, Train: 0.9600, Val: 0.6029, Test: 0.5887, Best time: 7.8741
After OOD adjustment: Training instances of last class: 0
After OOD adjustment: Testing instances of last class: 88
Epoch: 083, Runtime 0.040984, Loss 0.020615, forward nfe 0, backward nfe 0, Train: 0.9600, Val: 0.6029, Test: 0.5887, Best time: 7.8741
After OOD adjustment: Training instances of last class: 0
After OOD adjustment: Testing instances of last class: 88
Epoch: 084, Runtime 0.040799, Loss 0.020268, forward nfe 0, backward nfe 0, Train: 0.9600, Val: 0.6029, Test: 0.5887, Best time: 7.8741
After OOD adjustment: Training instances of last class: 0
After OOD adjustment: Testing instances of last class: 88
Epoch: 085, Runtime 0.042552, Loss 0.019932, forward nfe 0, backward nfe 0, Train: 0.9600, Val: 0.6029, Test: 0.5887, Best time: 7.8741
After OOD adjustment: Training instances of last class: 0
After OOD adjustment: Testing instances of last class: 88
Epoch: 086, Runtime 0.042551, Loss 0.019605, forward nfe 0, backward nfe 0, Train: 0.9600, Val: 0.6029, Test: 0.5887, Best time: 7.8741
After OOD adjustment: Training instances of last class: 0
After OOD adjustment: Testing instances of last class: 88
Epoch: 087, Runtime 0.043905, Loss 0.019287, forward nfe 0, backward nfe 0, Train: 0.9600, Val: 0.6029, Test: 0.5887, Best time: 7.8741
After OOD adjustment: Training instances of last class: 0
After OOD adjustment: Testing instances of last class: 88
Epoch: 088, Runtime 0.042666, Loss 0.018979, forward nfe 0, backward nfe 0, Train: 0.9600, Val: 0.6029, Test: 0.5887, Best time: 7.8741
After OOD adjustment: Training instances of last class: 0
After OOD adjustment: Testing instances of last class: 88
Epoch: 089, Runtime 0.042528, Loss 0.018678, forward nfe 0, backward nfe 0, Train: 0.9600, Val: 0.6029, Test: 0.5887, Best time: 7.8741
After OOD adjustment: Training instances of last class: 0
After OOD adjustment: Testing instances of last class: 88
Epoch: 090, Runtime 0.042668, Loss 0.018385, forward nfe 0, backward nfe 0, Train: 0.9600, Val: 0.6029, Test: 0.5887, Best time: 7.8741
After OOD adjustment: Training instances of last class: 0
After OOD adjustment: Testing instances of last class: 88
Epoch: 091, Runtime 0.042433, Loss 0.018101, forward nfe 0, backward nfe 0, Train: 0.9600, Val: 0.6029, Test: 0.5887, Best time: 7.8741
After OOD adjustment: Training instances of last class: 0
After OOD adjustment: Testing instances of last class: 88
Epoch: 092, Runtime 0.044139, Loss 0.017823, forward nfe 0, backward nfe 0, Train: 0.9600, Val: 0.6029, Test: 0.5887, Best time: 7.8741
After OOD adjustment: Training instances of last class: 0
After OOD adjustment: Testing instances of last class: 88
Epoch: 093, Runtime 0.042476, Loss 0.017552, forward nfe 0, backward nfe 0, Train: 0.9600, Val: 0.6029, Test: 0.5887, Best time: 7.8741
After OOD adjustment: Training instances of last class: 0
After OOD adjustment: Testing instances of last class: 88
Epoch: 094, Runtime 0.042595, Loss 0.017288, forward nfe 0, backward nfe 0, Train: 0.9600, Val: 0.6029, Test: 0.5887, Best time: 7.8741
After OOD adjustment: Training instances of last class: 0
After OOD adjustment: Testing instances of last class: 88
Epoch: 095, Runtime 0.042200, Loss 0.017031, forward nfe 0, backward nfe 0, Train: 0.9600, Val: 0.6029, Test: 0.5887, Best time: 7.8741
After OOD adjustment: Training instances of last class: 0
After OOD adjustment: Testing instances of last class: 88
Epoch: 096, Runtime 0.040828, Loss 0.016779, forward nfe 0, backward nfe 0, Train: 0.9600, Val: 0.6029, Test: 0.5887, Best time: 7.8741
After OOD adjustment: Training instances of last class: 0
After OOD adjustment: Testing instances of last class: 88
Epoch: 097, Runtime 0.041451, Loss 0.016533, forward nfe 0, backward nfe 0, Train: 0.9600, Val: 0.6029, Test: 0.5887, Best time: 7.8741
After OOD adjustment: Training instances of last class: 0
After OOD adjustment: Testing instances of last class: 88
Epoch: 098, Runtime 0.042087, Loss 0.016293, forward nfe 0, backward nfe 0, Train: 0.9600, Val: 0.6029, Test: 0.5887, Best time: 7.8741
After OOD adjustment: Training instances of last class: 0
After OOD adjustment: Testing instances of last class: 88
Epoch: 099, Runtime 0.041521, Loss 0.016059, forward nfe 0, backward nfe 0, Train: 0.9600, Val: 0.6029, Test: 0.5887, Best time: 7.8741
After OOD adjustment: Training instances of last class: 0
After OOD adjustment: Testing instances of last class: 88
Epoch: 100, Runtime 0.040673, Loss 0.015830, forward nfe 0, backward nfe 0, Train: 0.9600, Val: 0.6029, Test: 0.5887, Best time: 7.8741
After OOD adjustment: Training instances of last class: 0
After OOD adjustment: Testing instances of last class: 88
Epoch: 101, Runtime 0.042016, Loss 0.015606, forward nfe 0, backward nfe 0, Train: 0.9600, Val: 0.6029, Test: 0.5887, Best time: 7.8741
After OOD adjustment: Training instances of last class: 0
After OOD adjustment: Testing instances of last class: 88
Epoch: 102, Runtime 0.041435, Loss 0.015386, forward nfe 0, backward nfe 0, Train: 0.9600, Val: 0.6029, Test: 0.5887, Best time: 7.8741
After OOD adjustment: Training instances of last class: 0
After OOD adjustment: Testing instances of last class: 88
Epoch: 103, Runtime 0.042145, Loss 0.015172, forward nfe 0, backward nfe 0, Train: 0.9600, Val: 0.6029, Test: 0.5887, Best time: 7.8741
After OOD adjustment: Training instances of last class: 0
After OOD adjustment: Testing instances of last class: 88
Epoch: 104, Runtime 0.041042, Loss 0.014962, forward nfe 0, backward nfe 0, Train: 0.9600, Val: 0.6029, Test: 0.5887, Best time: 7.8741
After OOD adjustment: Training instances of last class: 0
After OOD adjustment: Testing instances of last class: 88
Epoch: 105, Runtime 0.041437, Loss 0.014756, forward nfe 0, backward nfe 0, Train: 0.9600, Val: 0.6029, Test: 0.5887, Best time: 7.8741
After OOD adjustment: Training instances of last class: 0
After OOD adjustment: Testing instances of last class: 88
Epoch: 106, Runtime 0.041837, Loss 0.014555, forward nfe 0, backward nfe 0, Train: 0.9600, Val: 0.6029, Test: 0.5887, Best time: 7.8741
After OOD adjustment: Training instances of last class: 0
After OOD adjustment: Testing instances of last class: 88
Epoch: 107, Runtime 0.040876, Loss 0.014357, forward nfe 0, backward nfe 0, Train: 0.9600, Val: 0.6029, Test: 0.5887, Best time: 7.8741
After OOD adjustment: Training instances of last class: 0
After OOD adjustment: Testing instances of last class: 88
Epoch: 108, Runtime 0.041025, Loss 0.014164, forward nfe 0, backward nfe 0, Train: 0.9600, Val: 0.6029, Test: 0.5887, Best time: 7.8741
After OOD adjustment: Training instances of last class: 0
After OOD adjustment: Testing instances of last class: 88
Epoch: 109, Runtime 0.040819, Loss 0.013975, forward nfe 0, backward nfe 0, Train: 0.9600, Val: 0.6029, Test: 0.5887, Best time: 7.8741
After OOD adjustment: Training instances of last class: 0
After OOD adjustment: Testing instances of last class: 88
Epoch: 110, Runtime 0.041370, Loss 0.013789, forward nfe 0, backward nfe 0, Train: 0.9600, Val: 0.6029, Test: 0.5887, Best time: 7.8741
After OOD adjustment: Training instances of last class: 0
After OOD adjustment: Testing instances of last class: 88
Epoch: 111, Runtime 0.042591, Loss 0.013607, forward nfe 0, backward nfe 0, Train: 0.9600, Val: 0.6029, Test: 0.5887, Best time: 7.8741
After OOD adjustment: Training instances of last class: 0
After OOD adjustment: Testing instances of last class: 88
Epoch: 112, Runtime 0.041875, Loss 0.013428, forward nfe 0, backward nfe 0, Train: 0.9600, Val: 0.6029, Test: 0.5887, Best time: 7.8741
After OOD adjustment: Training instances of last class: 0
After OOD adjustment: Testing instances of last class: 88
Epoch: 113, Runtime 0.042705, Loss 0.013253, forward nfe 0, backward nfe 0, Train: 0.9600, Val: 0.6029, Test: 0.5887, Best time: 7.8741
After OOD adjustment: Training instances of last class: 0
After OOD adjustment: Testing instances of last class: 88
Epoch: 114, Runtime 0.042222, Loss 0.013082, forward nfe 0, backward nfe 0, Train: 0.9600, Val: 0.6029, Test: 0.5887, Best time: 7.8741
After OOD adjustment: Training instances of last class: 0
After OOD adjustment: Testing instances of last class: 88
Epoch: 115, Runtime 0.040924, Loss 0.012913, forward nfe 0, backward nfe 0, Train: 0.9600, Val: 0.6029, Test: 0.5887, Best time: 7.8741
After OOD adjustment: Training instances of last class: 0
After OOD adjustment: Testing instances of last class: 88
Epoch: 116, Runtime 0.040952, Loss 0.012748, forward nfe 0, backward nfe 0, Train: 0.9600, Val: 0.6029, Test: 0.5887, Best time: 7.8741
After OOD adjustment: Training instances of last class: 0
After OOD adjustment: Testing instances of last class: 88
Epoch: 117, Runtime 0.041078, Loss 0.012585, forward nfe 0, backward nfe 0, Train: 0.9600, Val: 0.6029, Test: 0.5887, Best time: 7.8741
After OOD adjustment: Training instances of last class: 0
After OOD adjustment: Testing instances of last class: 88
Epoch: 118, Runtime 0.040614, Loss 0.012426, forward nfe 0, backward nfe 0, Train: 0.9600, Val: 0.6029, Test: 0.5887, Best time: 7.8741
After OOD adjustment: Training instances of last class: 0
After OOD adjustment: Testing instances of last class: 88
Epoch: 119, Runtime 0.040964, Loss 0.012270, forward nfe 0, backward nfe 0, Train: 0.9600, Val: 0.6029, Test: 0.5887, Best time: 7.8741
After OOD adjustment: Training instances of last class: 0
After OOD adjustment: Testing instances of last class: 88
Epoch: 120, Runtime 0.040885, Loss 0.012116, forward nfe 0, backward nfe 0, Train: 0.9600, Val: 0.6029, Test: 0.5887, Best time: 7.8741
After OOD adjustment: Training instances of last class: 0
After OOD adjustment: Testing instances of last class: 88
Epoch: 121, Runtime 0.041001, Loss 0.011965, forward nfe 0, backward nfe 0, Train: 0.9600, Val: 0.6029, Test: 0.5887, Best time: 7.8741
After OOD adjustment: Training instances of last class: 0
After OOD adjustment: Testing instances of last class: 88
Epoch: 122, Runtime 0.041027, Loss 0.011817, forward nfe 0, backward nfe 0, Train: 0.9600, Val: 0.6029, Test: 0.5887, Best time: 7.8741
After OOD adjustment: Training instances of last class: 0
After OOD adjustment: Testing instances of last class: 88
Epoch: 123, Runtime 0.042462, Loss 0.011672, forward nfe 0, backward nfe 0, Train: 0.9600, Val: 0.6029, Test: 0.5887, Best time: 7.8741
After OOD adjustment: Training instances of last class: 0
After OOD adjustment: Testing instances of last class: 88
Epoch: 124, Runtime 0.043815, Loss 0.011529, forward nfe 0, backward nfe 0, Train: 0.9600, Val: 0.6029, Test: 0.5887, Best time: 7.8741
After OOD adjustment: Training instances of last class: 0
After OOD adjustment: Testing instances of last class: 88
Epoch: 125, Runtime 0.043253, Loss 0.011388, forward nfe 0, backward nfe 0, Train: 0.9600, Val: 0.6029, Test: 0.5887, Best time: 7.8741
After OOD adjustment: Training instances of last class: 0
After OOD adjustment: Testing instances of last class: 88
Epoch: 126, Runtime 0.044029, Loss 0.011250, forward nfe 0, backward nfe 0, Train: 0.9600, Val: 0.6029, Test: 0.5887, Best time: 7.8741
After OOD adjustment: Training instances of last class: 0
After OOD adjustment: Testing instances of last class: 88
Epoch: 127, Runtime 0.042965, Loss 0.011115, forward nfe 0, backward nfe 0, Train: 0.9600, Val: 0.6029, Test: 0.5887, Best time: 7.8741
After OOD adjustment: Training instances of last class: 0
After OOD adjustment: Testing instances of last class: 88
Epoch: 128, Runtime 0.042538, Loss 0.010981, forward nfe 0, backward nfe 0, Train: 0.9600, Val: 0.6029, Test: 0.5887, Best time: 7.8741
After OOD adjustment: Training instances of last class: 0
After OOD adjustment: Testing instances of last class: 88
Epoch: 129, Runtime 0.040826, Loss 0.010850, forward nfe 0, backward nfe 0, Train: 0.9600, Val: 0.6029, Test: 0.5887, Best time: 7.8741
After OOD adjustment: Training instances of last class: 0
After OOD adjustment: Testing instances of last class: 88
Epoch: 130, Runtime 0.040786, Loss 0.010722, forward nfe 0, backward nfe 0, Train: 0.9600, Val: 0.6029, Test: 0.5887, Best time: 7.8741
After OOD adjustment: Training instances of last class: 0
After OOD adjustment: Testing instances of last class: 88
Epoch: 131, Runtime 0.042308, Loss 0.010595, forward nfe 0, backward nfe 0, Train: 0.9600, Val: 0.6029, Test: 0.5887, Best time: 7.8741
After OOD adjustment: Training instances of last class: 0
After OOD adjustment: Testing instances of last class: 88
Epoch: 132, Runtime 0.042220, Loss 0.010470, forward nfe 0, backward nfe 0, Train: 0.9600, Val: 0.6029, Test: 0.5887, Best time: 7.8741
After OOD adjustment: Training instances of last class: 0
After OOD adjustment: Testing instances of last class: 88
Epoch: 133, Runtime 0.040881, Loss 0.010348, forward nfe 0, backward nfe 0, Train: 0.9600, Val: 0.6029, Test: 0.5887, Best time: 7.8741
After OOD adjustment: Training instances of last class: 0
After OOD adjustment: Testing instances of last class: 88
Epoch: 134, Runtime 0.042519, Loss 0.010227, forward nfe 0, backward nfe 0, Train: 0.9600, Val: 0.6029, Test: 0.5887, Best time: 7.8741
After OOD adjustment: Training instances of last class: 0
After OOD adjustment: Testing instances of last class: 88
Epoch: 135, Runtime 0.043880, Loss 0.010109, forward nfe 0, backward nfe 0, Train: 0.9600, Val: 0.6029, Test: 0.5887, Best time: 7.8741
After OOD adjustment: Training instances of last class: 0
After OOD adjustment: Testing instances of last class: 88
Epoch: 136, Runtime 0.044143, Loss 0.009992, forward nfe 0, backward nfe 0, Train: 0.9600, Val: 0.6029, Test: 0.5887, Best time: 7.8741
After OOD adjustment: Training instances of last class: 0
After OOD adjustment: Testing instances of last class: 88
Epoch: 137, Runtime 0.043904, Loss 0.009878, forward nfe 0, backward nfe 0, Train: 0.9600, Val: 0.6029, Test: 0.5887, Best time: 7.8741
After OOD adjustment: Training instances of last class: 0
After OOD adjustment: Testing instances of last class: 88
Epoch: 138, Runtime 0.042455, Loss 0.009765, forward nfe 0, backward nfe 0, Train: 0.9600, Val: 0.6029, Test: 0.5887, Best time: 7.8741
After OOD adjustment: Training instances of last class: 0
After OOD adjustment: Testing instances of last class: 88
Epoch: 139, Runtime 0.042675, Loss 0.009654, forward nfe 0, backward nfe 0, Train: 0.9600, Val: 0.6029, Test: 0.5887, Best time: 7.8741
After OOD adjustment: Training instances of last class: 0
After OOD adjustment: Testing instances of last class: 88
Epoch: 140, Runtime 0.042502, Loss 0.009545, forward nfe 0, backward nfe 0, Train: 0.9600, Val: 0.6029, Test: 0.5887, Best time: 7.8741
After OOD adjustment: Training instances of last class: 0
After OOD adjustment: Testing instances of last class: 88
Epoch: 141, Runtime 0.042033, Loss 0.009437, forward nfe 0, backward nfe 0, Train: 0.9600, Val: 0.6029, Test: 0.5887, Best time: 7.8741
After OOD adjustment: Training instances of last class: 0
After OOD adjustment: Testing instances of last class: 88
Epoch: 142, Runtime 0.040943, Loss 0.009332, forward nfe 0, backward nfe 0, Train: 0.9600, Val: 0.6029, Test: 0.5887, Best time: 7.8741
After OOD adjustment: Training instances of last class: 0
After OOD adjustment: Testing instances of last class: 88
Epoch: 143, Runtime 0.041532, Loss 0.009228, forward nfe 0, backward nfe 0, Train: 0.9600, Val: 0.6029, Test: 0.5887, Best time: 7.8741
After OOD adjustment: Training instances of last class: 0
After OOD adjustment: Testing instances of last class: 88
Epoch: 144, Runtime 0.043409, Loss 0.009125, forward nfe 0, backward nfe 0, Train: 0.9600, Val: 0.6029, Test: 0.5887, Best time: 7.8741
After OOD adjustment: Training instances of last class: 0
After OOD adjustment: Testing instances of last class: 88
Epoch: 145, Runtime 0.042356, Loss 0.009024, forward nfe 0, backward nfe 0, Train: 0.9600, Val: 0.6029, Test: 0.5887, Best time: 7.8741
After OOD adjustment: Training instances of last class: 0
After OOD adjustment: Testing instances of last class: 88
Epoch: 146, Runtime 0.042775, Loss 0.008925, forward nfe 0, backward nfe 0, Train: 0.9600, Val: 0.6029, Test: 0.5887, Best time: 7.8741
After OOD adjustment: Training instances of last class: 0
After OOD adjustment: Testing instances of last class: 88
Epoch: 147, Runtime 0.042406, Loss 0.008827, forward nfe 0, backward nfe 0, Train: 0.9600, Val: 0.6029, Test: 0.5887, Best time: 7.8741
After OOD adjustment: Training instances of last class: 0
After OOD adjustment: Testing instances of last class: 88
Epoch: 148, Runtime 0.041795, Loss 0.008731, forward nfe 0, backward nfe 0, Train: 0.9600, Val: 0.6029, Test: 0.5887, Best time: 7.8741
After OOD adjustment: Training instances of last class: 0
After OOD adjustment: Testing instances of last class: 88
Epoch: 149, Runtime 0.042523, Loss 0.008637, forward nfe 0, backward nfe 0, Train: 0.9600, Val: 0.6029, Test: 0.5887, Best time: 7.8741
After OOD adjustment: Training instances of last class: 0
After OOD adjustment: Testing instances of last class: 88
Epoch: 150, Runtime 0.044807, Loss 0.008543, forward nfe 0, backward nfe 0, Train: 0.9600, Val: 0.6029, Test: 0.5887, Best time: 7.8741
After OOD adjustment: Training instances of last class: 0
After OOD adjustment: Testing instances of last class: 88
Epoch: 151, Runtime 0.045594, Loss 0.008451, forward nfe 0, backward nfe 0, Train: 0.9600, Val: 0.6029, Test: 0.5887, Best time: 7.8741
After OOD adjustment: Training instances of last class: 0
After OOD adjustment: Testing instances of last class: 88
Epoch: 152, Runtime 0.045033, Loss 0.008361, forward nfe 0, backward nfe 0, Train: 0.9600, Val: 0.6029, Test: 0.5887, Best time: 7.8741
After OOD adjustment: Training instances of last class: 0
After OOD adjustment: Testing instances of last class: 88
Epoch: 153, Runtime 0.044141, Loss 0.008272, forward nfe 0, backward nfe 0, Train: 0.9600, Val: 0.6029, Test: 0.5887, Best time: 7.8741
After OOD adjustment: Training instances of last class: 0
After OOD adjustment: Testing instances of last class: 88
Epoch: 154, Runtime 0.043965, Loss 0.008184, forward nfe 0, backward nfe 0, Train: 0.9600, Val: 0.6029, Test: 0.5887, Best time: 7.8741
After OOD adjustment: Training instances of last class: 0
After OOD adjustment: Testing instances of last class: 88
Epoch: 155, Runtime 0.044256, Loss 0.008098, forward nfe 0, backward nfe 0, Train: 0.9600, Val: 0.6029, Test: 0.5887, Best time: 7.8741
After OOD adjustment: Training instances of last class: 0
After OOD adjustment: Testing instances of last class: 88
Epoch: 156, Runtime 0.043975, Loss 0.008013, forward nfe 0, backward nfe 0, Train: 0.9600, Val: 0.6029, Test: 0.5887, Best time: 7.8741
After OOD adjustment: Training instances of last class: 0
After OOD adjustment: Testing instances of last class: 88
Epoch: 157, Runtime 0.044483, Loss 0.007929, forward nfe 0, backward nfe 0, Train: 0.9600, Val: 0.6029, Test: 0.5887, Best time: 7.8741
After OOD adjustment: Training instances of last class: 0
After OOD adjustment: Testing instances of last class: 88
Epoch: 158, Runtime 0.044003, Loss 0.007846, forward nfe 0, backward nfe 0, Train: 0.9600, Val: 0.6029, Test: 0.5887, Best time: 7.8741
After OOD adjustment: Training instances of last class: 0
After OOD adjustment: Testing instances of last class: 88
Epoch: 159, Runtime 0.043968, Loss 0.007765, forward nfe 0, backward nfe 0, Train: 0.9600, Val: 0.6029, Test: 0.5887, Best time: 7.8741
After OOD adjustment: Training instances of last class: 0
After OOD adjustment: Testing instances of last class: 88
Epoch: 160, Runtime 0.044067, Loss 0.007684, forward nfe 0, backward nfe 0, Train: 0.9600, Val: 0.6029, Test: 0.5887, Best time: 7.8741
After OOD adjustment: Training instances of last class: 0
After OOD adjustment: Testing instances of last class: 88
Epoch: 161, Runtime 0.044724, Loss 0.007605, forward nfe 0, backward nfe 0, Train: 0.9600, Val: 0.6029, Test: 0.5887, Best time: 7.8741
After OOD adjustment: Training instances of last class: 0
After OOD adjustment: Testing instances of last class: 88
Epoch: 162, Runtime 0.045721, Loss 0.007527, forward nfe 0, backward nfe 0, Train: 0.9600, Val: 0.6029, Test: 0.5887, Best time: 7.8741
After OOD adjustment: Training instances of last class: 0
After OOD adjustment: Testing instances of last class: 88
Epoch: 163, Runtime 0.044037, Loss 0.007451, forward nfe 0, backward nfe 0, Train: 0.9600, Val: 0.6029, Test: 0.5887, Best time: 7.8741
After OOD adjustment: Training instances of last class: 0
After OOD adjustment: Testing instances of last class: 88
Epoch: 164, Runtime 0.044163, Loss 0.007375, forward nfe 0, backward nfe 0, Train: 0.9600, Val: 0.6029, Test: 0.5887, Best time: 7.8741
After OOD adjustment: Training instances of last class: 0
After OOD adjustment: Testing instances of last class: 88
Epoch: 165, Runtime 0.044008, Loss 0.007301, forward nfe 0, backward nfe 0, Train: 0.9600, Val: 0.6029, Test: 0.5887, Best time: 7.8741
After OOD adjustment: Training instances of last class: 0
After OOD adjustment: Testing instances of last class: 88
Epoch: 166, Runtime 0.044000, Loss 0.007227, forward nfe 0, backward nfe 0, Train: 0.9600, Val: 0.6029, Test: 0.5887, Best time: 7.8741
After OOD adjustment: Training instances of last class: 0
After OOD adjustment: Testing instances of last class: 88
Epoch: 167, Runtime 0.043496, Loss 0.007155, forward nfe 0, backward nfe 0, Train: 0.9600, Val: 0.6029, Test: 0.5887, Best time: 7.8741
After OOD adjustment: Training instances of last class: 0
After OOD adjustment: Testing instances of last class: 88
Epoch: 168, Runtime 0.041323, Loss 0.007083, forward nfe 0, backward nfe 0, Train: 0.9600, Val: 0.6029, Test: 0.5887, Best time: 7.8741
After OOD adjustment: Training instances of last class: 0
After OOD adjustment: Testing instances of last class: 88
Epoch: 169, Runtime 0.041348, Loss 0.007013, forward nfe 0, backward nfe 0, Train: 0.9600, Val: 0.6029, Test: 0.5887, Best time: 7.8741
After OOD adjustment: Training instances of last class: 0
After OOD adjustment: Testing instances of last class: 88
Epoch: 170, Runtime 0.040329, Loss 0.006943, forward nfe 0, backward nfe 0, Train: 0.9600, Val: 0.6029, Test: 0.5887, Best time: 7.8741
After OOD adjustment: Training instances of last class: 0
After OOD adjustment: Testing instances of last class: 88
Epoch: 171, Runtime 0.042588, Loss 0.006875, forward nfe 0, backward nfe 0, Train: 0.9600, Val: 0.6029, Test: 0.5887, Best time: 7.8741
After OOD adjustment: Training instances of last class: 0
After OOD adjustment: Testing instances of last class: 88
Epoch: 172, Runtime 0.040826, Loss 0.006808, forward nfe 0, backward nfe 0, Train: 0.9600, Val: 0.6029, Test: 0.5887, Best time: 7.8741
After OOD adjustment: Training instances of last class: 0
After OOD adjustment: Testing instances of last class: 88
Epoch: 173, Runtime 0.043407, Loss 0.006741, forward nfe 0, backward nfe 0, Train: 0.9600, Val: 0.6029, Test: 0.5887, Best time: 7.8741
After OOD adjustment: Training instances of last class: 0
After OOD adjustment: Testing instances of last class: 88
Epoch: 174, Runtime 0.043958, Loss 0.006675, forward nfe 0, backward nfe 0, Train: 0.9600, Val: 0.6029, Test: 0.5887, Best time: 7.8741
After OOD adjustment: Training instances of last class: 0
After OOD adjustment: Testing instances of last class: 88
Epoch: 175, Runtime 0.043907, Loss 0.006611, forward nfe 0, backward nfe 0, Train: 0.9600, Val: 0.6029, Test: 0.5887, Best time: 7.8741
After OOD adjustment: Training instances of last class: 0
After OOD adjustment: Testing instances of last class: 88
Epoch: 176, Runtime 0.044158, Loss 0.006547, forward nfe 0, backward nfe 0, Train: 0.9600, Val: 0.6029, Test: 0.5887, Best time: 7.8741
After OOD adjustment: Training instances of last class: 0
After OOD adjustment: Testing instances of last class: 88
Epoch: 177, Runtime 0.043995, Loss 0.006484, forward nfe 0, backward nfe 0, Train: 0.9600, Val: 0.6029, Test: 0.5887, Best time: 7.8741
After OOD adjustment: Training instances of last class: 0
After OOD adjustment: Testing instances of last class: 88
Epoch: 178, Runtime 0.043398, Loss 0.006422, forward nfe 0, backward nfe 0, Train: 0.9600, Val: 0.6029, Test: 0.5887, Best time: 7.8741
After OOD adjustment: Training instances of last class: 0
After OOD adjustment: Testing instances of last class: 88
Epoch: 179, Runtime 0.042632, Loss 0.006361, forward nfe 0, backward nfe 0, Train: 0.9600, Val: 0.6029, Test: 0.5887, Best time: 7.8741
After OOD adjustment: Training instances of last class: 0
After OOD adjustment: Testing instances of last class: 88
Epoch: 180, Runtime 0.040039, Loss 0.006301, forward nfe 0, backward nfe 0, Train: 0.9600, Val: 0.6029, Test: 0.5887, Best time: 7.8741
After OOD adjustment: Training instances of last class: 0
After OOD adjustment: Testing instances of last class: 88
Epoch: 181, Runtime 0.040588, Loss 0.006241, forward nfe 0, backward nfe 0, Train: 0.9600, Val: 0.6029, Test: 0.5887, Best time: 7.8741
After OOD adjustment: Training instances of last class: 0
After OOD adjustment: Testing instances of last class: 88
Epoch: 182, Runtime 0.042273, Loss 0.006182, forward nfe 0, backward nfe 0, Train: 0.9600, Val: 0.6029, Test: 0.5887, Best time: 7.8741
After OOD adjustment: Training instances of last class: 0
After OOD adjustment: Testing instances of last class: 88
Epoch: 183, Runtime 0.041335, Loss 0.006124, forward nfe 0, backward nfe 0, Train: 0.9600, Val: 0.6029, Test: 0.5887, Best time: 7.8741
After OOD adjustment: Training instances of last class: 0
After OOD adjustment: Testing instances of last class: 88
Epoch: 184, Runtime 0.041626, Loss 0.006067, forward nfe 0, backward nfe 0, Train: 0.9600, Val: 0.6029, Test: 0.5887, Best time: 7.8741
After OOD adjustment: Training instances of last class: 0
After OOD adjustment: Testing instances of last class: 88
Epoch: 185, Runtime 0.043301, Loss 0.006011, forward nfe 0, backward nfe 0, Train: 0.9600, Val: 0.6029, Test: 0.5887, Best time: 7.8741
After OOD adjustment: Training instances of last class: 0
After OOD adjustment: Testing instances of last class: 88
Epoch: 186, Runtime 0.044363, Loss 0.005955, forward nfe 0, backward nfe 0, Train: 0.9600, Val: 0.6029, Test: 0.5887, Best time: 7.8741
After OOD adjustment: Training instances of last class: 0
After OOD adjustment: Testing instances of last class: 88
Epoch: 187, Runtime 0.044006, Loss 0.005900, forward nfe 0, backward nfe 0, Train: 0.9600, Val: 0.6029, Test: 0.5887, Best time: 7.8741
After OOD adjustment: Training instances of last class: 0
After OOD adjustment: Testing instances of last class: 88
Epoch: 188, Runtime 0.044402, Loss 0.005846, forward nfe 0, backward nfe 0, Train: 0.9600, Val: 0.6029, Test: 0.5887, Best time: 7.8741
After OOD adjustment: Training instances of last class: 0
After OOD adjustment: Testing instances of last class: 88
Epoch: 189, Runtime 0.044343, Loss 0.005793, forward nfe 0, backward nfe 0, Train: 0.9600, Val: 0.6029, Test: 0.5887, Best time: 7.8741
After OOD adjustment: Training instances of last class: 0
After OOD adjustment: Testing instances of last class: 88
Epoch: 190, Runtime 0.042144, Loss 0.005740, forward nfe 0, backward nfe 0, Train: 0.9600, Val: 0.6029, Test: 0.5887, Best time: 7.8741
After OOD adjustment: Training instances of last class: 0
After OOD adjustment: Testing instances of last class: 88
Epoch: 191, Runtime 0.041217, Loss 0.005688, forward nfe 0, backward nfe 0, Train: 0.9600, Val: 0.6029, Test: 0.5887, Best time: 7.8741
After OOD adjustment: Training instances of last class: 0
After OOD adjustment: Testing instances of last class: 88
Epoch: 192, Runtime 0.040895, Loss 0.005636, forward nfe 0, backward nfe 0, Train: 0.9600, Val: 0.6029, Test: 0.5887, Best time: 7.8741
After OOD adjustment: Training instances of last class: 0
After OOD adjustment: Testing instances of last class: 88
Epoch: 193, Runtime 0.040702, Loss 0.005586, forward nfe 0, backward nfe 0, Train: 0.9600, Val: 0.6029, Test: 0.5887, Best time: 7.8741
After OOD adjustment: Training instances of last class: 0
After OOD adjustment: Testing instances of last class: 88
Epoch: 194, Runtime 0.040858, Loss 0.005536, forward nfe 0, backward nfe 0, Train: 0.9600, Val: 0.6029, Test: 0.5887, Best time: 7.8741
After OOD adjustment: Training instances of last class: 0
After OOD adjustment: Testing instances of last class: 88
Epoch: 195, Runtime 0.042547, Loss 0.005486, forward nfe 0, backward nfe 0, Train: 0.9600, Val: 0.6029, Test: 0.5887, Best time: 7.8741
After OOD adjustment: Training instances of last class: 0
After OOD adjustment: Testing instances of last class: 88
Epoch: 196, Runtime 0.040543, Loss 0.005437, forward nfe 0, backward nfe 0, Train: 0.9600, Val: 0.6029, Test: 0.5887, Best time: 7.8741
After OOD adjustment: Training instances of last class: 0
After OOD adjustment: Testing instances of last class: 88
Epoch: 197, Runtime 0.041939, Loss 0.005389, forward nfe 0, backward nfe 0, Train: 0.9600, Val: 0.6029, Test: 0.5887, Best time: 7.8741
After OOD adjustment: Training instances of last class: 0
After OOD adjustment: Testing instances of last class: 88
Epoch: 198, Runtime 0.043906, Loss 0.005342, forward nfe 0, backward nfe 0, Train: 0.9600, Val: 0.6029, Test: 0.5887, Best time: 7.8741
After OOD adjustment: Training instances of last class: 0
After OOD adjustment: Testing instances of last class: 88
Epoch: 199, Runtime 0.043014, Loss 0.005295, forward nfe 0, backward nfe 0, Train: 0.9600, Val: 0.6029, Test: 0.5887, Best time: 7.8741
After OOD adjustment: Training instances of last class: 0
After OOD adjustment: Testing instances of last class: 88
Epoch: 200, Runtime 0.044289, Loss 0.005249, forward nfe 0, backward nfe 0, Train: 0.9600, Val: 0.6029, Test: 0.5887, Best time: 7.8741
After OOD adjustment: Training instances of last class: 0
After OOD adjustment: Testing instances of last class: 88
Epoch: 201, Runtime 0.044343, Loss 0.005203, forward nfe 0, backward nfe 0, Train: 0.9600, Val: 0.6029, Test: 0.5887, Best time: 7.8741
After OOD adjustment: Training instances of last class: 0
After OOD adjustment: Testing instances of last class: 88
Epoch: 202, Runtime 0.043910, Loss 0.005158, forward nfe 0, backward nfe 0, Train: 0.9600, Val: 0.6029, Test: 0.5887, Best time: 7.8741
After OOD adjustment: Training instances of last class: 0
After OOD adjustment: Testing instances of last class: 88
Epoch: 203, Runtime 0.042058, Loss 0.005113, forward nfe 0, backward nfe 0, Train: 0.9600, Val: 0.6029, Test: 0.5887, Best time: 7.8741
After OOD adjustment: Training instances of last class: 0
After OOD adjustment: Testing instances of last class: 88
Epoch: 204, Runtime 0.041809, Loss 0.005069, forward nfe 0, backward nfe 0, Train: 0.9600, Val: 0.6029, Test: 0.5887, Best time: 7.8741
After OOD adjustment: Training instances of last class: 0
After OOD adjustment: Testing instances of last class: 88
Epoch: 205, Runtime 0.042027, Loss 0.005025, forward nfe 0, backward nfe 0, Train: 0.9600, Val: 0.6029, Test: 0.5887, Best time: 7.8741
After OOD adjustment: Training instances of last class: 0
After OOD adjustment: Testing instances of last class: 88
Epoch: 206, Runtime 0.041555, Loss 0.004983, forward nfe 0, backward nfe 0, Train: 0.9600, Val: 0.6029, Test: 0.5887, Best time: 7.8741
After OOD adjustment: Training instances of last class: 0
After OOD adjustment: Testing instances of last class: 88
Epoch: 207, Runtime 0.042271, Loss 0.004940, forward nfe 0, backward nfe 0, Train: 0.9600, Val: 0.6029, Test: 0.5887, Best time: 7.8741
After OOD adjustment: Training instances of last class: 0
After OOD adjustment: Testing instances of last class: 88
Epoch: 208, Runtime 0.042085, Loss 0.004898, forward nfe 0, backward nfe 0, Train: 0.9600, Val: 0.6029, Test: 0.5887, Best time: 7.8741
After OOD adjustment: Training instances of last class: 0
After OOD adjustment: Testing instances of last class: 88
Epoch: 209, Runtime 0.041963, Loss 0.004857, forward nfe 0, backward nfe 0, Train: 0.9600, Val: 0.6029, Test: 0.5887, Best time: 7.8741
After OOD adjustment: Training instances of last class: 0
After OOD adjustment: Testing instances of last class: 88
Epoch: 210, Runtime 0.041389, Loss 0.004816, forward nfe 0, backward nfe 0, Train: 0.9600, Val: 0.6029, Test: 0.5887, Best time: 7.8741
After OOD adjustment: Training instances of last class: 0
After OOD adjustment: Testing instances of last class: 88
Epoch: 211, Runtime 0.042793, Loss 0.004776, forward nfe 0, backward nfe 0, Train: 0.9600, Val: 0.6029, Test: 0.5887, Best time: 7.8741
After OOD adjustment: Training instances of last class: 0
After OOD adjustment: Testing instances of last class: 88
Epoch: 212, Runtime 0.042292, Loss 0.004736, forward nfe 0, backward nfe 0, Train: 0.9600, Val: 0.6029, Test: 0.5887, Best time: 7.8741
After OOD adjustment: Training instances of last class: 0
After OOD adjustment: Testing instances of last class: 88
Epoch: 213, Runtime 0.041573, Loss 0.004696, forward nfe 0, backward nfe 0, Train: 0.9600, Val: 0.6029, Test: 0.5887, Best time: 7.8741
After OOD adjustment: Training instances of last class: 0
After OOD adjustment: Testing instances of last class: 88
Epoch: 214, Runtime 0.043545, Loss 0.004657, forward nfe 0, backward nfe 0, Train: 0.9600, Val: 0.6029, Test: 0.5887, Best time: 7.8741
After OOD adjustment: Training instances of last class: 0
After OOD adjustment: Testing instances of last class: 88
Epoch: 215, Runtime 0.044413, Loss 0.004619, forward nfe 0, backward nfe 0, Train: 0.9600, Val: 0.6029, Test: 0.5887, Best time: 7.8741
After OOD adjustment: Training instances of last class: 0
After OOD adjustment: Testing instances of last class: 88
Epoch: 216, Runtime 0.044564, Loss 0.004581, forward nfe 0, backward nfe 0, Train: 0.9600, Val: 0.6029, Test: 0.5887, Best time: 7.8741
After OOD adjustment: Training instances of last class: 0
After OOD adjustment: Testing instances of last class: 88
Epoch: 217, Runtime 0.044078, Loss 0.004544, forward nfe 0, backward nfe 0, Train: 0.9600, Val: 0.6029, Test: 0.5887, Best time: 7.8741
After OOD adjustment: Training instances of last class: 0
After OOD adjustment: Testing instances of last class: 88
Epoch: 218, Runtime 0.044008, Loss 0.004506, forward nfe 0, backward nfe 0, Train: 0.9600, Val: 0.6029, Test: 0.5887, Best time: 7.8741
After OOD adjustment: Training instances of last class: 0
After OOD adjustment: Testing instances of last class: 88
Epoch: 219, Runtime 0.044036, Loss 0.004470, forward nfe 0, backward nfe 0, Train: 0.9600, Val: 0.6029, Test: 0.5887, Best time: 7.8741
After OOD adjustment: Training instances of last class: 0
After OOD adjustment: Testing instances of last class: 88
Epoch: 220, Runtime 0.041016, Loss 0.004434, forward nfe 0, backward nfe 0, Train: 0.9600, Val: 0.6029, Test: 0.5887, Best time: 7.8741
After OOD adjustment: Training instances of last class: 0
After OOD adjustment: Testing instances of last class: 88
Epoch: 221, Runtime 0.042085, Loss 0.004398, forward nfe 0, backward nfe 0, Train: 0.9600, Val: 0.6029, Test: 0.5887, Best time: 7.8741
After OOD adjustment: Training instances of last class: 0
After OOD adjustment: Testing instances of last class: 88
Epoch: 222, Runtime 0.040720, Loss 0.004363, forward nfe 0, backward nfe 0, Train: 0.9600, Val: 0.6029, Test: 0.5887, Best time: 7.8741
After OOD adjustment: Training instances of last class: 0
After OOD adjustment: Testing instances of last class: 88
Epoch: 223, Runtime 0.041776, Loss 0.004328, forward nfe 0, backward nfe 0, Train: 0.9600, Val: 0.6029, Test: 0.5887, Best time: 7.8741
After OOD adjustment: Training instances of last class: 0
After OOD adjustment: Testing instances of last class: 88
Epoch: 224, Runtime 0.042207, Loss 0.004293, forward nfe 0, backward nfe 0, Train: 0.9600, Val: 0.6029, Test: 0.5887, Best time: 7.8741
After OOD adjustment: Training instances of last class: 0
After OOD adjustment: Testing instances of last class: 88
Epoch: 225, Runtime 0.042490, Loss 0.004259, forward nfe 0, backward nfe 0, Train: 0.9600, Val: 0.6029, Test: 0.5887, Best time: 7.8741
After OOD adjustment: Training instances of last class: 0
After OOD adjustment: Testing instances of last class: 88
Epoch: 226, Runtime 0.041625, Loss 0.004225, forward nfe 0, backward nfe 0, Train: 0.9600, Val: 0.6029, Test: 0.5887, Best time: 7.8741
After OOD adjustment: Training instances of last class: 0
After OOD adjustment: Testing instances of last class: 88
Epoch: 227, Runtime 0.044058, Loss 0.004192, forward nfe 0, backward nfe 0, Train: 0.9600, Val: 0.6029, Test: 0.5887, Best time: 7.8741
After OOD adjustment: Training instances of last class: 0
After OOD adjustment: Testing instances of last class: 88
Epoch: 228, Runtime 0.044314, Loss 0.004159, forward nfe 0, backward nfe 0, Train: 0.9600, Val: 0.6029, Test: 0.5887, Best time: 7.8741
After OOD adjustment: Training instances of last class: 0
After OOD adjustment: Testing instances of last class: 88
Epoch: 229, Runtime 0.044199, Loss 0.004126, forward nfe 0, backward nfe 0, Train: 0.9600, Val: 0.6029, Test: 0.5887, Best time: 7.8741
After OOD adjustment: Training instances of last class: 0
After OOD adjustment: Testing instances of last class: 88
Epoch: 230, Runtime 0.044011, Loss 0.004094, forward nfe 0, backward nfe 0, Train: 0.9600, Val: 0.6029, Test: 0.5887, Best time: 7.8741
After OOD adjustment: Training instances of last class: 0
After OOD adjustment: Testing instances of last class: 88
Epoch: 231, Runtime 0.044276, Loss 0.004062, forward nfe 0, backward nfe 0, Train: 0.9600, Val: 0.6029, Test: 0.5887, Best time: 7.8741
After OOD adjustment: Training instances of last class: 0
After OOD adjustment: Testing instances of last class: 88
Epoch: 232, Runtime 0.044094, Loss 0.004031, forward nfe 0, backward nfe 0, Train: 0.9600, Val: 0.6029, Test: 0.5887, Best time: 7.8741
After OOD adjustment: Training instances of last class: 0
After OOD adjustment: Testing instances of last class: 88
Epoch: 233, Runtime 0.041850, Loss 0.004000, forward nfe 0, backward nfe 0, Train: 0.9600, Val: 0.6029, Test: 0.5887, Best time: 7.8741
After OOD adjustment: Training instances of last class: 0
After OOD adjustment: Testing instances of last class: 88
Epoch: 234, Runtime 0.040325, Loss 0.003969, forward nfe 0, backward nfe 0, Train: 0.9600, Val: 0.6029, Test: 0.5887, Best time: 7.8741
After OOD adjustment: Training instances of last class: 0
After OOD adjustment: Testing instances of last class: 88
Epoch: 235, Runtime 0.042501, Loss 0.003939, forward nfe 0, backward nfe 0, Train: 0.9600, Val: 0.6029, Test: 0.5887, Best time: 7.8741
After OOD adjustment: Training instances of last class: 0
After OOD adjustment: Testing instances of last class: 88
Epoch: 236, Runtime 0.040569, Loss 0.003909, forward nfe 0, backward nfe 0, Train: 0.9600, Val: 0.6029, Test: 0.5887, Best time: 7.8741
After OOD adjustment: Training instances of last class: 0
After OOD adjustment: Testing instances of last class: 88
Epoch: 237, Runtime 0.041383, Loss 0.003879, forward nfe 0, backward nfe 0, Train: 0.9600, Val: 0.6029, Test: 0.5887, Best time: 7.8741
After OOD adjustment: Training instances of last class: 0
After OOD adjustment: Testing instances of last class: 88
Epoch: 238, Runtime 0.041413, Loss 0.003850, forward nfe 0, backward nfe 0, Train: 0.9600, Val: 0.6029, Test: 0.5887, Best time: 7.8741
After OOD adjustment: Training instances of last class: 0
After OOD adjustment: Testing instances of last class: 88
Epoch: 239, Runtime 0.042295, Loss 0.003820, forward nfe 0, backward nfe 0, Train: 0.9600, Val: 0.6029, Test: 0.5887, Best time: 7.8741
After OOD adjustment: Training instances of last class: 0
After OOD adjustment: Testing instances of last class: 88
Epoch: 240, Runtime 0.041716, Loss 0.003792, forward nfe 0, backward nfe 0, Train: 0.9600, Val: 0.6029, Test: 0.5887, Best time: 7.8741
After OOD adjustment: Training instances of last class: 0
After OOD adjustment: Testing instances of last class: 88
Epoch: 241, Runtime 0.040928, Loss 0.003763, forward nfe 0, backward nfe 0, Train: 0.9600, Val: 0.6029, Test: 0.5887, Best time: 7.8741
After OOD adjustment: Training instances of last class: 0
After OOD adjustment: Testing instances of last class: 88
Epoch: 242, Runtime 0.041983, Loss 0.003735, forward nfe 0, backward nfe 0, Train: 0.9600, Val: 0.6029, Test: 0.5887, Best time: 7.8741
After OOD adjustment: Training instances of last class: 0
After OOD adjustment: Testing instances of last class: 88
Epoch: 243, Runtime 0.045186, Loss 0.003707, forward nfe 0, backward nfe 0, Train: 0.9600, Val: 0.6029, Test: 0.5887, Best time: 7.8741
After OOD adjustment: Training instances of last class: 0
After OOD adjustment: Testing instances of last class: 88
Epoch: 244, Runtime 0.043900, Loss 0.003680, forward nfe 0, backward nfe 0, Train: 0.9600, Val: 0.6029, Test: 0.5887, Best time: 7.8741
After OOD adjustment: Training instances of last class: 0
After OOD adjustment: Testing instances of last class: 88
Epoch: 245, Runtime 0.044152, Loss 0.003653, forward nfe 0, backward nfe 0, Train: 0.9600, Val: 0.6029, Test: 0.5887, Best time: 7.8741
After OOD adjustment: Training instances of last class: 0
After OOD adjustment: Testing instances of last class: 88
Epoch: 246, Runtime 0.044095, Loss 0.003626, forward nfe 0, backward nfe 0, Train: 0.9600, Val: 0.6029, Test: 0.5887, Best time: 7.8741
After OOD adjustment: Training instances of last class: 0
After OOD adjustment: Testing instances of last class: 88
Epoch: 247, Runtime 0.044164, Loss 0.003599, forward nfe 0, backward nfe 0, Train: 0.9600, Val: 0.6029, Test: 0.5887, Best time: 7.8741
After OOD adjustment: Training instances of last class: 0
After OOD adjustment: Testing instances of last class: 88
Epoch: 248, Runtime 0.044664, Loss 0.003573, forward nfe 0, backward nfe 0, Train: 0.9600, Val: 0.6029, Test: 0.5887, Best time: 7.8741
After OOD adjustment: Training instances of last class: 0
After OOD adjustment: Testing instances of last class: 88
Epoch: 249, Runtime 0.044576, Loss 0.003547, forward nfe 0, backward nfe 0, Train: 0.9600, Val: 0.6029, Test: 0.5887, Best time: 7.8741
best val accuracy 0.602899 with test accuracy 0.588710 at epoch 10 and best time 7.874113
base_directory resutls_prob/OOD_Citeseer
new_name:  gnn_ODD
file_path 1 resutls_prob/OOD_Citeseer/gnn_ODD_prediction_probabilities_59.npz
file_path 2 resutls_prob/OOD_Citeseer/gnn_ODD_prediction_probabilities_59.npz
Entropy Threshold: inf Test accuracy: 0.5887096774193549
Entropy Threshold: 2 Test accuracy: 0.5887096774193549
Entropy Threshold: 1.6 Test accuracy: 0.6020066889632107
Entropy Threshold: 1.5 Test accuracy: 0.7662337662337663
Entropy Threshold: 1.4 Test accuracy: 0.8214285714285714
Entropy Threshold: 1.3 Test accuracy: 0.8636363636363636
Entropy Threshold: 1.2 Test accuracy: 0.9117647058823529
Entropy Threshold: 1.1 Test accuracy: 0.8666666666666667
Entropy Threshold: 0.9 Test accuracy: 1.0
Entropy Threshold: 0.8 Test accuracy: 1.0
Entropy Threshold: 0.7 Test accuracy: 1.0
Entropy Threshold: 0.6 Test accuracy: None
Entropy Threshold: 0.5 Test accuracy: None
Entropy Threshold: 0.4 Test accuracy: None
Entropy Threshold: 0.3 Test accuracy: None
Entropy Threshold: 0.2 Test accuracy: None
Entropy Threshold: 0.1 Test accuracy: None
