[KeOps] Warning : cuda was detected, but driver API could not be initialized. Switching to cpu only.
Folder already exists: results/cora
experiment: 0
Dataset size (num_nodes): 2485, Intended development set size (num_development): 1500
Dataset size (num_nodes): 2485, Actual development set size (num_development): 1500
rations: train 140, val 1360, test 985
Before OOD adjustment: Total instances of last class: 131
Before OOD adjustment: Training instances of last class: 20
Before OOD adjustment: Testing instances of last class: 55
Before OOD adjustment: Val instances of last class: 56
total train + val+ test 131
After OOD adjustment: Training instances of last class: 0
After OOD adjustment: Testing instances of last class: 55
Total number of classes: 7
number of classes to train: 6
using file gn_sde.py
sigma 1.0
rtol 0.01
t1 0.01
Dataset size (num_nodes): 2485, Intended development set size (num_development): 1500
Dataset size (num_nodes): 2485, Actual development set size (num_development): 1500
rations: train 140, val 1360, test 985
within set_train_val_test_split function!
Before OOD adjustment: Total instances of last class: 131
Before OOD adjustment: Training instances of last class: 20
Before OOD adjustment: Testing instances of last class: 50
Before OOD adjustment: Val instances of last class: 61
total train + val+ test 131
After OOD adjustment: Training instances of last class: 0
After OOD adjustment: Testing instances of last class: 50
LatentGraphSDE(
  (net): Sequential(
    (0): MyGCN(
      (activation): Softplus(beta=1, threshold=20)
      (conv1): GCNConv(81, 80)
    )
    (1): MyGCN(
      (conv1): GCNConv(80, 80)
    )
  )
  (in_net): MyGCN(
    (conv1): GCNConv(1433, 80)
  )
  (projection_net): Sequential(
    (0): Flatten(start_dim=1, end_dim=-1)
    (1): MyGCN(
      (conv1): GCNConv(80, 6)
    )
  )
)
qy0_mean
torch.Size([1, 80])
qy0_logvar
torch.Size([1, 80])
net.0.conv1.bias
torch.Size([80])
net.0.conv1.lin.weight
torch.Size([80, 81])
net.1.conv1.bias
torch.Size([80])
net.1.conv1.lin.weight
torch.Size([80, 80])
in_net.conv1.bias
torch.Size([80])
in_net.conv1.lin.weight
torch.Size([80, 1433])
projection_net.1.conv1.bias
torch.Size([6])
projection_net.1.conv1.lin.weight
torch.Size([6, 80])
After OOD adjustment: Training instances of last class: 0
After OOD adjustment: Testing instances of last class: 50
Epoch: 001, Runtime 3.860135, Loss 1.793736, forward nfe 0, backward nfe 0, Train: 0.2000, Val: 0.1596, Test: 0.1665, Best time: 18.2948
After OOD adjustment: Training instances of last class: 0
After OOD adjustment: Testing instances of last class: 50
Epoch: 002, Runtime 3.486752, Loss 1.774532, forward nfe 0, backward nfe 0, Train: 0.3833, Val: 0.2588, Test: 0.2315, Best time: 18.2948
After OOD adjustment: Training instances of last class: 0
After OOD adjustment: Testing instances of last class: 50
Epoch: 003, Runtime 3.456982, Loss 1.729375, forward nfe 0, backward nfe 0, Train: 0.5167, Val: 0.3206, Test: 0.3168, Best time: 18.2948
After OOD adjustment: Training instances of last class: 0
After OOD adjustment: Testing instances of last class: 50
Epoch: 004, Runtime 3.477149, Loss 1.720400, forward nfe 0, backward nfe 0, Train: 0.6083, Val: 0.3934, Test: 0.3685, Best time: 18.2948
After OOD adjustment: Training instances of last class: 0
After OOD adjustment: Testing instances of last class: 50
Epoch: 005, Runtime 3.474759, Loss 1.678843, forward nfe 0, backward nfe 0, Train: 0.6917, Val: 0.4375, Test: 0.4162, Best time: 18.2948
After OOD adjustment: Training instances of last class: 0
After OOD adjustment: Testing instances of last class: 50
Epoch: 006, Runtime 3.477230, Loss 1.659248, forward nfe 0, backward nfe 0, Train: 0.8167, Val: 0.5029, Test: 0.4904, Best time: 18.2948
After OOD adjustment: Training instances of last class: 0
After OOD adjustment: Testing instances of last class: 50
Epoch: 007, Runtime 3.582751, Loss 1.629796, forward nfe 0, backward nfe 0, Train: 0.8667, Val: 0.5662, Test: 0.5614, Best time: 18.2948
After OOD adjustment: Training instances of last class: 0
After OOD adjustment: Testing instances of last class: 50
Epoch: 008, Runtime 3.623223, Loss 1.615804, forward nfe 0, backward nfe 0, Train: 0.9167, Val: 0.5941, Test: 0.5949, Best time: 18.2948
After OOD adjustment: Training instances of last class: 0
After OOD adjustment: Testing instances of last class: 50
Epoch: 009, Runtime 3.499818, Loss 1.559925, forward nfe 0, backward nfe 0, Train: 0.9333, Val: 0.6154, Test: 0.6325, Best time: 18.2948
After OOD adjustment: Training instances of last class: 0
After OOD adjustment: Testing instances of last class: 50
Epoch: 010, Runtime 3.467176, Loss 1.535006, forward nfe 0, backward nfe 0, Train: 0.9500, Val: 0.6522, Test: 0.6640, Best time: 18.2948
After OOD adjustment: Training instances of last class: 0
After OOD adjustment: Testing instances of last class: 50
Epoch: 011, Runtime 3.476005, Loss 1.493103, forward nfe 0, backward nfe 0, Train: 0.9583, Val: 0.6757, Test: 0.6711, Best time: 18.2948
After OOD adjustment: Training instances of last class: 0
After OOD adjustment: Testing instances of last class: 50
Epoch: 012, Runtime 3.456252, Loss 1.450153, forward nfe 0, backward nfe 0, Train: 0.9417, Val: 0.6809, Test: 0.7046, Best time: 18.2948
After OOD adjustment: Training instances of last class: 0
After OOD adjustment: Testing instances of last class: 50
Epoch: 013, Runtime 3.482081, Loss 1.422153, forward nfe 0, backward nfe 0, Train: 0.9667, Val: 0.6956, Test: 0.6995, Best time: 18.2948
After OOD adjustment: Training instances of last class: 0
After OOD adjustment: Testing instances of last class: 50
Epoch: 014, Runtime 3.471402, Loss 1.383234, forward nfe 0, backward nfe 0, Train: 0.9750, Val: 0.7125, Test: 0.7036, Best time: 18.2948
After OOD adjustment: Training instances of last class: 0
After OOD adjustment: Testing instances of last class: 50
Epoch: 015, Runtime 3.465833, Loss 1.325459, forward nfe 0, backward nfe 0, Train: 0.9833, Val: 0.7169, Test: 0.7157, Best time: 18.2948
After OOD adjustment: Training instances of last class: 0
After OOD adjustment: Testing instances of last class: 50
Epoch: 016, Runtime 3.452018, Loss 1.313730, forward nfe 0, backward nfe 0, Train: 0.9750, Val: 0.7346, Test: 0.7421, Best time: 18.2948
After OOD adjustment: Training instances of last class: 0
After OOD adjustment: Testing instances of last class: 50
Epoch: 017, Runtime 3.351694, Loss 1.268984, forward nfe 0, backward nfe 0, Train: 0.9750, Val: 0.7346, Test: 0.7421, Best time: 18.2948
After OOD adjustment: Training instances of last class: 0
After OOD adjustment: Testing instances of last class: 50
Epoch: 018, Runtime 3.369270, Loss 1.207155, forward nfe 0, backward nfe 0, Train: 0.9750, Val: 0.7346, Test: 0.7421, Best time: 18.2948
After OOD adjustment: Training instances of last class: 0
After OOD adjustment: Testing instances of last class: 50
Epoch: 019, Runtime 3.367968, Loss 1.180897, forward nfe 0, backward nfe 0, Train: 0.9750, Val: 0.7346, Test: 0.7421, Best time: 18.2948
After OOD adjustment: Training instances of last class: 0
After OOD adjustment: Testing instances of last class: 50
Epoch: 020, Runtime 3.514244, Loss 1.148852, forward nfe 0, backward nfe 0, Train: 0.9833, Val: 0.7426, Test: 0.7543, Best time: 18.2948
After OOD adjustment: Training instances of last class: 0
After OOD adjustment: Testing instances of last class: 50
Epoch: 021, Runtime 3.363314, Loss 1.111000, forward nfe 0, backward nfe 0, Train: 0.9833, Val: 0.7426, Test: 0.7543, Best time: 18.2948
After OOD adjustment: Training instances of last class: 0
After OOD adjustment: Testing instances of last class: 50
Epoch: 022, Runtime 3.470144, Loss 1.061514, forward nfe 0, backward nfe 0, Train: 0.9917, Val: 0.7449, Test: 0.7604, Best time: 18.2948
After OOD adjustment: Training instances of last class: 0
After OOD adjustment: Testing instances of last class: 50
Epoch: 023, Runtime 3.453788, Loss 1.017141, forward nfe 0, backward nfe 0, Train: 0.9917, Val: 0.7485, Test: 0.7665, Best time: 18.2948
After OOD adjustment: Training instances of last class: 0
After OOD adjustment: Testing instances of last class: 50
Epoch: 024, Runtime 3.473913, Loss 0.987257, forward nfe 0, backward nfe 0, Train: 0.9833, Val: 0.7603, Test: 0.7675, Best time: 18.2948
After OOD adjustment: Training instances of last class: 0
After OOD adjustment: Testing instances of last class: 50
Epoch: 025, Runtime 3.464659, Loss 0.944985, forward nfe 0, backward nfe 0, Train: 0.9833, Val: 0.7654, Test: 0.7614, Best time: 18.2948
After OOD adjustment: Training instances of last class: 0
After OOD adjustment: Testing instances of last class: 50
Epoch: 026, Runtime 3.460335, Loss 0.924611, forward nfe 0, backward nfe 0, Train: 0.9917, Val: 0.7669, Test: 0.7614, Best time: 18.2948
After OOD adjustment: Training instances of last class: 0
After OOD adjustment: Testing instances of last class: 50
Epoch: 027, Runtime 3.367027, Loss 0.890041, forward nfe 0, backward nfe 0, Train: 0.9917, Val: 0.7669, Test: 0.7614, Best time: 18.2948
After OOD adjustment: Training instances of last class: 0
After OOD adjustment: Testing instances of last class: 50
Epoch: 028, Runtime 3.362494, Loss 0.848713, forward nfe 0, backward nfe 0, Train: 0.9917, Val: 0.7669, Test: 0.7614, Best time: 18.2948
After OOD adjustment: Training instances of last class: 0
After OOD adjustment: Testing instances of last class: 50
Epoch: 029, Runtime 3.481372, Loss 0.813059, forward nfe 0, backward nfe 0, Train: 0.9917, Val: 0.7676, Test: 0.7746, Best time: 18.2948
After OOD adjustment: Training instances of last class: 0
After OOD adjustment: Testing instances of last class: 50
Epoch: 030, Runtime 3.366070, Loss 0.768931, forward nfe 0, backward nfe 0, Train: 0.9917, Val: 0.7676, Test: 0.7746, Best time: 18.2948
After OOD adjustment: Training instances of last class: 0
After OOD adjustment: Testing instances of last class: 50
Epoch: 031, Runtime 3.378304, Loss 0.737534, forward nfe 0, backward nfe 0, Train: 0.9917, Val: 0.7676, Test: 0.7746, Best time: 18.2948
After OOD adjustment: Training instances of last class: 0
After OOD adjustment: Testing instances of last class: 50
Epoch: 032, Runtime 3.375033, Loss 0.708869, forward nfe 0, backward nfe 0, Train: 0.9917, Val: 0.7676, Test: 0.7746, Best time: 18.2948
After OOD adjustment: Training instances of last class: 0
After OOD adjustment: Testing instances of last class: 50
Epoch: 033, Runtime 3.416530, Loss 0.693137, forward nfe 0, backward nfe 0, Train: 0.9917, Val: 0.7676, Test: 0.7746, Best time: 18.2948
After OOD adjustment: Training instances of last class: 0
After OOD adjustment: Testing instances of last class: 50
Epoch: 034, Runtime 3.525457, Loss 0.667705, forward nfe 0, backward nfe 0, Train: 0.9917, Val: 0.7721, Test: 0.7746, Best time: 18.2948
After OOD adjustment: Training instances of last class: 0
After OOD adjustment: Testing instances of last class: 50
Epoch: 035, Runtime 3.365183, Loss 0.637260, forward nfe 0, backward nfe 0, Train: 0.9917, Val: 0.7721, Test: 0.7746, Best time: 18.2948
After OOD adjustment: Training instances of last class: 0
After OOD adjustment: Testing instances of last class: 50
Epoch: 036, Runtime 3.458324, Loss 0.590054, forward nfe 0, backward nfe 0, Train: 0.9917, Val: 0.7750, Test: 0.7827, Best time: 18.2948
After OOD adjustment: Training instances of last class: 0
After OOD adjustment: Testing instances of last class: 50
Epoch: 037, Runtime 3.357039, Loss 0.581249, forward nfe 0, backward nfe 0, Train: 0.9917, Val: 0.7750, Test: 0.7827, Best time: 18.2948
After OOD adjustment: Training instances of last class: 0
After OOD adjustment: Testing instances of last class: 50
Epoch: 038, Runtime 3.356149, Loss 0.557302, forward nfe 0, backward nfe 0, Train: 0.9917, Val: 0.7750, Test: 0.7827, Best time: 18.2948
After OOD adjustment: Training instances of last class: 0
After OOD adjustment: Testing instances of last class: 50
Epoch: 039, Runtime 3.376269, Loss 0.532245, forward nfe 0, backward nfe 0, Train: 0.9917, Val: 0.7750, Test: 0.7827, Best time: 18.2948
After OOD adjustment: Training instances of last class: 0
After OOD adjustment: Testing instances of last class: 50
Epoch: 040, Runtime 3.383062, Loss 0.513467, forward nfe 0, backward nfe 0, Train: 0.9917, Val: 0.7750, Test: 0.7827, Best time: 18.2948
After OOD adjustment: Training instances of last class: 0
After OOD adjustment: Testing instances of last class: 50
Epoch: 041, Runtime 3.400014, Loss 0.454879, forward nfe 0, backward nfe 0, Train: 0.9917, Val: 0.7750, Test: 0.7827, Best time: 18.2948
After OOD adjustment: Training instances of last class: 0
After OOD adjustment: Testing instances of last class: 50
Epoch: 042, Runtime 3.337757, Loss 0.452308, forward nfe 0, backward nfe 0, Train: 0.9917, Val: 0.7750, Test: 0.7827, Best time: 18.2948
After OOD adjustment: Training instances of last class: 0
After OOD adjustment: Testing instances of last class: 50
Epoch: 043, Runtime 3.362066, Loss 0.435317, forward nfe 0, backward nfe 0, Train: 0.9917, Val: 0.7750, Test: 0.7827, Best time: 18.2948
After OOD adjustment: Training instances of last class: 0
After OOD adjustment: Testing instances of last class: 50
Epoch: 044, Runtime 3.358366, Loss 0.432803, forward nfe 0, backward nfe 0, Train: 0.9917, Val: 0.7750, Test: 0.7827, Best time: 18.2948
After OOD adjustment: Training instances of last class: 0
After OOD adjustment: Testing instances of last class: 50
Epoch: 045, Runtime 3.375777, Loss 0.400908, forward nfe 0, backward nfe 0, Train: 0.9917, Val: 0.7750, Test: 0.7827, Best time: 18.2948
After OOD adjustment: Training instances of last class: 0
After OOD adjustment: Testing instances of last class: 50
Epoch: 046, Runtime 3.394265, Loss 0.393070, forward nfe 0, backward nfe 0, Train: 0.9917, Val: 0.7750, Test: 0.7827, Best time: 18.2948
After OOD adjustment: Training instances of last class: 0
After OOD adjustment: Testing instances of last class: 50
Epoch: 047, Runtime 3.371738, Loss 0.371536, forward nfe 0, backward nfe 0, Train: 0.9917, Val: 0.7750, Test: 0.7827, Best time: 18.2948
After OOD adjustment: Training instances of last class: 0
After OOD adjustment: Testing instances of last class: 50
Epoch: 048, Runtime 3.360097, Loss 0.352339, forward nfe 0, backward nfe 0, Train: 0.9917, Val: 0.7750, Test: 0.7827, Best time: 18.2948
After OOD adjustment: Training instances of last class: 0
After OOD adjustment: Testing instances of last class: 50
Epoch: 049, Runtime 3.489852, Loss 0.334943, forward nfe 0, backward nfe 0, Train: 0.9917, Val: 0.7779, Test: 0.7766, Best time: 18.2948
After OOD adjustment: Training instances of last class: 0
After OOD adjustment: Testing instances of last class: 50
Epoch: 050, Runtime 3.363209, Loss 0.334253, forward nfe 0, backward nfe 0, Train: 0.9917, Val: 0.7779, Test: 0.7766, Best time: 18.2948
After OOD adjustment: Training instances of last class: 0
After OOD adjustment: Testing instances of last class: 50
Epoch: 051, Runtime 3.357395, Loss 0.312050, forward nfe 0, backward nfe 0, Train: 0.9917, Val: 0.7779, Test: 0.7766, Best time: 18.2948
After OOD adjustment: Training instances of last class: 0
After OOD adjustment: Testing instances of last class: 50
Epoch: 052, Runtime 3.378111, Loss 0.285342, forward nfe 0, backward nfe 0, Train: 0.9917, Val: 0.7779, Test: 0.7766, Best time: 18.2948
After OOD adjustment: Training instances of last class: 0
After OOD adjustment: Testing instances of last class: 50
Epoch: 053, Runtime 3.410244, Loss 0.298950, forward nfe 0, backward nfe 0, Train: 0.9917, Val: 0.7779, Test: 0.7766, Best time: 18.2948
After OOD adjustment: Training instances of last class: 0
After OOD adjustment: Testing instances of last class: 50
Epoch: 054, Runtime 3.417251, Loss 0.282368, forward nfe 0, backward nfe 0, Train: 0.9917, Val: 0.7779, Test: 0.7766, Best time: 18.2948
After OOD adjustment: Training instances of last class: 0
After OOD adjustment: Testing instances of last class: 50
Epoch: 055, Runtime 3.360260, Loss 0.268127, forward nfe 0, backward nfe 0, Train: 0.9917, Val: 0.7779, Test: 0.7766, Best time: 18.2948
After OOD adjustment: Training instances of last class: 0
After OOD adjustment: Testing instances of last class: 50
Epoch: 056, Runtime 3.367809, Loss 0.252448, forward nfe 0, backward nfe 0, Train: 0.9917, Val: 0.7779, Test: 0.7766, Best time: 18.2948
After OOD adjustment: Training instances of last class: 0
After OOD adjustment: Testing instances of last class: 50
Epoch: 057, Runtime 3.375776, Loss 0.246366, forward nfe 0, backward nfe 0, Train: 0.9917, Val: 0.7779, Test: 0.7766, Best time: 18.2948
After OOD adjustment: Training instances of last class: 0
After OOD adjustment: Testing instances of last class: 50
Epoch: 058, Runtime 3.405809, Loss 0.233999, forward nfe 0, backward nfe 0, Train: 0.9917, Val: 0.7779, Test: 0.7766, Best time: 18.2948
After OOD adjustment: Training instances of last class: 0
After OOD adjustment: Testing instances of last class: 50
Epoch: 059, Runtime 3.405504, Loss 0.219562, forward nfe 0, backward nfe 0, Train: 0.9917, Val: 0.7779, Test: 0.7766, Best time: 18.2948
After OOD adjustment: Training instances of last class: 0
After OOD adjustment: Testing instances of last class: 50
Epoch: 060, Runtime 3.395550, Loss 0.210597, forward nfe 0, backward nfe 0, Train: 0.9917, Val: 0.7779, Test: 0.7766, Best time: 18.2948
After OOD adjustment: Training instances of last class: 0
After OOD adjustment: Testing instances of last class: 50
Epoch: 061, Runtime 3.349818, Loss 0.203007, forward nfe 0, backward nfe 0, Train: 0.9917, Val: 0.7779, Test: 0.7766, Best time: 18.2948
After OOD adjustment: Training instances of last class: 0
After OOD adjustment: Testing instances of last class: 50
Epoch: 062, Runtime 3.380521, Loss 0.202790, forward nfe 0, backward nfe 0, Train: 0.9917, Val: 0.7779, Test: 0.7766, Best time: 18.2948
After OOD adjustment: Training instances of last class: 0
After OOD adjustment: Testing instances of last class: 50
Epoch: 063, Runtime 3.381138, Loss 0.194779, forward nfe 0, backward nfe 0, Train: 0.9917, Val: 0.7779, Test: 0.7766, Best time: 18.2948
After OOD adjustment: Training instances of last class: 0
After OOD adjustment: Testing instances of last class: 50
Epoch: 064, Runtime 3.393436, Loss 0.183066, forward nfe 0, backward nfe 0, Train: 0.9917, Val: 0.7779, Test: 0.7766, Best time: 18.2948
After OOD adjustment: Training instances of last class: 0
After OOD adjustment: Testing instances of last class: 50
Epoch: 065, Runtime 3.410042, Loss 0.173312, forward nfe 0, backward nfe 0, Train: 0.9917, Val: 0.7779, Test: 0.7766, Best time: 18.2948
After OOD adjustment: Training instances of last class: 0
After OOD adjustment: Testing instances of last class: 50
Epoch: 066, Runtime 3.408408, Loss 0.177077, forward nfe 0, backward nfe 0, Train: 0.9917, Val: 0.7779, Test: 0.7766, Best time: 18.2948
After OOD adjustment: Training instances of last class: 0
After OOD adjustment: Testing instances of last class: 50
Epoch: 067, Runtime 3.358526, Loss 0.164176, forward nfe 0, backward nfe 0, Train: 0.9917, Val: 0.7779, Test: 0.7766, Best time: 18.2948
After OOD adjustment: Training instances of last class: 0
After OOD adjustment: Testing instances of last class: 50
Epoch: 068, Runtime 3.376938, Loss 0.159752, forward nfe 0, backward nfe 0, Train: 0.9917, Val: 0.7779, Test: 0.7766, Best time: 18.2948
After OOD adjustment: Training instances of last class: 0
After OOD adjustment: Testing instances of last class: 50
Epoch: 069, Runtime 3.404865, Loss 0.149858, forward nfe 0, backward nfe 0, Train: 0.9917, Val: 0.7779, Test: 0.7766, Best time: 18.2948
After OOD adjustment: Training instances of last class: 0
After OOD adjustment: Testing instances of last class: 50
Epoch: 070, Runtime 3.399234, Loss 0.148661, forward nfe 0, backward nfe 0, Train: 0.9917, Val: 0.7779, Test: 0.7766, Best time: 18.2948
After OOD adjustment: Training instances of last class: 0
After OOD adjustment: Testing instances of last class: 50
Epoch: 071, Runtime 3.387876, Loss 0.146182, forward nfe 0, backward nfe 0, Train: 0.9917, Val: 0.7779, Test: 0.7766, Best time: 18.2948
After OOD adjustment: Training instances of last class: 0
After OOD adjustment: Testing instances of last class: 50
Epoch: 072, Runtime 3.429245, Loss 0.143203, forward nfe 0, backward nfe 0, Train: 0.9917, Val: 0.7779, Test: 0.7766, Best time: 18.2948
After OOD adjustment: Training instances of last class: 0
After OOD adjustment: Testing instances of last class: 50
Epoch: 073, Runtime 3.372531, Loss 0.143786, forward nfe 0, backward nfe 0, Train: 0.9917, Val: 0.7779, Test: 0.7766, Best time: 18.2948
After OOD adjustment: Training instances of last class: 0
After OOD adjustment: Testing instances of last class: 50
Epoch: 074, Runtime 3.389096, Loss 0.135896, forward nfe 0, backward nfe 0, Train: 0.9917, Val: 0.7779, Test: 0.7766, Best time: 18.2948
After OOD adjustment: Training instances of last class: 0
After OOD adjustment: Testing instances of last class: 50
Epoch: 075, Runtime 3.405568, Loss 0.132581, forward nfe 0, backward nfe 0, Train: 0.9917, Val: 0.7779, Test: 0.7766, Best time: 18.2948
After OOD adjustment: Training instances of last class: 0
After OOD adjustment: Testing instances of last class: 50
Epoch: 076, Runtime 3.397944, Loss 0.120297, forward nfe 0, backward nfe 0, Train: 0.9917, Val: 0.7779, Test: 0.7766, Best time: 18.2948
After OOD adjustment: Training instances of last class: 0
After OOD adjustment: Testing instances of last class: 50
Epoch: 077, Runtime 3.388017, Loss 0.120296, forward nfe 0, backward nfe 0, Train: 0.9917, Val: 0.7779, Test: 0.7766, Best time: 18.2948
After OOD adjustment: Training instances of last class: 0
After OOD adjustment: Testing instances of last class: 50
Epoch: 078, Runtime 3.431703, Loss 0.114361, forward nfe 0, backward nfe 0, Train: 0.9917, Val: 0.7779, Test: 0.7766, Best time: 18.2948
After OOD adjustment: Training instances of last class: 0
After OOD adjustment: Testing instances of last class: 50
Epoch: 079, Runtime 3.380750, Loss 0.110176, forward nfe 0, backward nfe 0, Train: 0.9917, Val: 0.7779, Test: 0.7766, Best time: 18.2948
After OOD adjustment: Training instances of last class: 0
After OOD adjustment: Testing instances of last class: 50
Epoch: 080, Runtime 3.395448, Loss 0.114274, forward nfe 0, backward nfe 0, Train: 0.9917, Val: 0.7779, Test: 0.7766, Best time: 18.2948
After OOD adjustment: Training instances of last class: 0
After OOD adjustment: Testing instances of last class: 50
Epoch: 081, Runtime 3.392369, Loss 0.114195, forward nfe 0, backward nfe 0, Train: 0.9917, Val: 0.7779, Test: 0.7766, Best time: 18.2948
After OOD adjustment: Training instances of last class: 0
After OOD adjustment: Testing instances of last class: 50
Epoch: 082, Runtime 3.414439, Loss 0.108911, forward nfe 0, backward nfe 0, Train: 0.9917, Val: 0.7779, Test: 0.7766, Best time: 18.2948
After OOD adjustment: Training instances of last class: 0
After OOD adjustment: Testing instances of last class: 50
Epoch: 083, Runtime 3.405059, Loss 0.099176, forward nfe 0, backward nfe 0, Train: 0.9917, Val: 0.7779, Test: 0.7766, Best time: 18.2948
After OOD adjustment: Training instances of last class: 0
After OOD adjustment: Testing instances of last class: 50
Epoch: 084, Runtime 3.387810, Loss 0.098536, forward nfe 0, backward nfe 0, Train: 0.9917, Val: 0.7779, Test: 0.7766, Best time: 18.2948
After OOD adjustment: Training instances of last class: 0
After OOD adjustment: Testing instances of last class: 50
Epoch: 085, Runtime 3.390000, Loss 0.093144, forward nfe 0, backward nfe 0, Train: 0.9917, Val: 0.7779, Test: 0.7766, Best time: 18.2948
After OOD adjustment: Training instances of last class: 0
After OOD adjustment: Testing instances of last class: 50
Epoch: 086, Runtime 3.387369, Loss 0.094029, forward nfe 0, backward nfe 0, Train: 0.9917, Val: 0.7779, Test: 0.7766, Best time: 18.2948
After OOD adjustment: Training instances of last class: 0
After OOD adjustment: Testing instances of last class: 50
Epoch: 087, Runtime 3.404191, Loss 0.097313, forward nfe 0, backward nfe 0, Train: 0.9917, Val: 0.7779, Test: 0.7766, Best time: 18.2948
After OOD adjustment: Training instances of last class: 0
After OOD adjustment: Testing instances of last class: 50
Epoch: 088, Runtime 3.414062, Loss 0.092296, forward nfe 0, backward nfe 0, Train: 0.9917, Val: 0.7779, Test: 0.7766, Best time: 18.2948
After OOD adjustment: Training instances of last class: 0
After OOD adjustment: Testing instances of last class: 50
Epoch: 089, Runtime 3.423752, Loss 0.086355, forward nfe 0, backward nfe 0, Train: 0.9917, Val: 0.7779, Test: 0.7766, Best time: 18.2948
After OOD adjustment: Training instances of last class: 0
After OOD adjustment: Testing instances of last class: 50
Epoch: 090, Runtime 3.416450, Loss 0.086911, forward nfe 0, backward nfe 0, Train: 0.9917, Val: 0.7779, Test: 0.7766, Best time: 18.2948
After OOD adjustment: Training instances of last class: 0
After OOD adjustment: Testing instances of last class: 50
Epoch: 091, Runtime 3.400711, Loss 0.082815, forward nfe 0, backward nfe 0, Train: 0.9917, Val: 0.7779, Test: 0.7766, Best time: 18.2948
After OOD adjustment: Training instances of last class: 0
After OOD adjustment: Testing instances of last class: 50
Epoch: 092, Runtime 3.395008, Loss 0.083297, forward nfe 0, backward nfe 0, Train: 0.9917, Val: 0.7779, Test: 0.7766, Best time: 18.2948
After OOD adjustment: Training instances of last class: 0
After OOD adjustment: Testing instances of last class: 50
Epoch: 093, Runtime 3.404771, Loss 0.080514, forward nfe 0, backward nfe 0, Train: 0.9917, Val: 0.7779, Test: 0.7766, Best time: 18.2948
After OOD adjustment: Training instances of last class: 0
After OOD adjustment: Testing instances of last class: 50
Epoch: 094, Runtime 3.393342, Loss 0.080744, forward nfe 0, backward nfe 0, Train: 0.9917, Val: 0.7779, Test: 0.7766, Best time: 18.2948
After OOD adjustment: Training instances of last class: 0
After OOD adjustment: Testing instances of last class: 50
Epoch: 095, Runtime 3.420358, Loss 0.082099, forward nfe 0, backward nfe 0, Train: 0.9917, Val: 0.7779, Test: 0.7766, Best time: 18.2948
After OOD adjustment: Training instances of last class: 0
After OOD adjustment: Testing instances of last class: 50
Epoch: 096, Runtime 3.409673, Loss 0.075164, forward nfe 0, backward nfe 0, Train: 0.9917, Val: 0.7779, Test: 0.7766, Best time: 18.2948
After OOD adjustment: Training instances of last class: 0
After OOD adjustment: Testing instances of last class: 50
Epoch: 097, Runtime 3.394759, Loss 0.073553, forward nfe 0, backward nfe 0, Train: 0.9917, Val: 0.7779, Test: 0.7766, Best time: 18.2948
After OOD adjustment: Training instances of last class: 0
After OOD adjustment: Testing instances of last class: 50
Epoch: 098, Runtime 3.407683, Loss 0.071798, forward nfe 0, backward nfe 0, Train: 0.9917, Val: 0.7779, Test: 0.7766, Best time: 18.2948
After OOD adjustment: Training instances of last class: 0
After OOD adjustment: Testing instances of last class: 50
Epoch: 099, Runtime 3.405044, Loss 0.069646, forward nfe 0, backward nfe 0, Train: 0.9917, Val: 0.7779, Test: 0.7766, Best time: 18.2948
After OOD adjustment: Training instances of last class: 0
After OOD adjustment: Testing instances of last class: 50
Epoch: 100, Runtime 3.436565, Loss 0.069348, forward nfe 0, backward nfe 0, Train: 0.9917, Val: 0.7779, Test: 0.7766, Best time: 18.2948
After OOD adjustment: Training instances of last class: 0
After OOD adjustment: Testing instances of last class: 50
Epoch: 101, Runtime 3.436602, Loss 0.072646, forward nfe 0, backward nfe 0, Train: 0.9917, Val: 0.7779, Test: 0.7766, Best time: 18.2948
After OOD adjustment: Training instances of last class: 0
After OOD adjustment: Testing instances of last class: 50
Epoch: 102, Runtime 3.429680, Loss 0.068487, forward nfe 0, backward nfe 0, Train: 0.9917, Val: 0.7779, Test: 0.7766, Best time: 18.2948
After OOD adjustment: Training instances of last class: 0
After OOD adjustment: Testing instances of last class: 50
Epoch: 103, Runtime 3.397292, Loss 0.068106, forward nfe 0, backward nfe 0, Train: 0.9917, Val: 0.7779, Test: 0.7766, Best time: 18.2948
After OOD adjustment: Training instances of last class: 0
After OOD adjustment: Testing instances of last class: 50
Epoch: 104, Runtime 3.396594, Loss 0.064370, forward nfe 0, backward nfe 0, Train: 0.9917, Val: 0.7779, Test: 0.7766, Best time: 18.2948
After OOD adjustment: Training instances of last class: 0
After OOD adjustment: Testing instances of last class: 50
Epoch: 105, Runtime 3.417450, Loss 0.060826, forward nfe 0, backward nfe 0, Train: 0.9917, Val: 0.7779, Test: 0.7766, Best time: 18.2948
After OOD adjustment: Training instances of last class: 0
After OOD adjustment: Testing instances of last class: 50
Epoch: 106, Runtime 3.411693, Loss 0.059188, forward nfe 0, backward nfe 0, Train: 0.9917, Val: 0.7779, Test: 0.7766, Best time: 18.2948
After OOD adjustment: Training instances of last class: 0
After OOD adjustment: Testing instances of last class: 50
Epoch: 107, Runtime 3.480993, Loss 0.064081, forward nfe 0, backward nfe 0, Train: 0.9917, Val: 0.7779, Test: 0.7766, Best time: 18.2948
After OOD adjustment: Training instances of last class: 0
After OOD adjustment: Testing instances of last class: 50
Epoch: 108, Runtime 3.461100, Loss 0.058772, forward nfe 0, backward nfe 0, Train: 0.9917, Val: 0.7779, Test: 0.7766, Best time: 18.2948
After OOD adjustment: Training instances of last class: 0
After OOD adjustment: Testing instances of last class: 50
Epoch: 109, Runtime 3.415535, Loss 0.054879, forward nfe 0, backward nfe 0, Train: 0.9917, Val: 0.7779, Test: 0.7766, Best time: 18.2948
After OOD adjustment: Training instances of last class: 0
After OOD adjustment: Testing instances of last class: 50
Epoch: 110, Runtime 3.412799, Loss 0.053984, forward nfe 0, backward nfe 0, Train: 0.9917, Val: 0.7779, Test: 0.7766, Best time: 18.2948
After OOD adjustment: Training instances of last class: 0
After OOD adjustment: Testing instances of last class: 50
Epoch: 111, Runtime 3.419163, Loss 0.053458, forward nfe 0, backward nfe 0, Train: 0.9917, Val: 0.7779, Test: 0.7766, Best time: 18.2948
After OOD adjustment: Training instances of last class: 0
After OOD adjustment: Testing instances of last class: 50
Epoch: 112, Runtime 3.395707, Loss 0.054052, forward nfe 0, backward nfe 0, Train: 0.9917, Val: 0.7779, Test: 0.7766, Best time: 18.2948
After OOD adjustment: Training instances of last class: 0
After OOD adjustment: Testing instances of last class: 50
Epoch: 113, Runtime 3.419403, Loss 0.050075, forward nfe 0, backward nfe 0, Train: 0.9917, Val: 0.7779, Test: 0.7766, Best time: 18.2948
After OOD adjustment: Training instances of last class: 0
After OOD adjustment: Testing instances of last class: 50
Epoch: 114, Runtime 3.416531, Loss 0.053023, forward nfe 0, backward nfe 0, Train: 0.9917, Val: 0.7779, Test: 0.7766, Best time: 18.2948
After OOD adjustment: Training instances of last class: 0
After OOD adjustment: Testing instances of last class: 50
Epoch: 115, Runtime 3.429581, Loss 0.051982, forward nfe 0, backward nfe 0, Train: 0.9917, Val: 0.7779, Test: 0.7766, Best time: 18.2948
After OOD adjustment: Training instances of last class: 0
After OOD adjustment: Testing instances of last class: 50
Epoch: 116, Runtime 3.423979, Loss 0.053586, forward nfe 0, backward nfe 0, Train: 0.9917, Val: 0.7779, Test: 0.7766, Best time: 18.2948
After OOD adjustment: Training instances of last class: 0
After OOD adjustment: Testing instances of last class: 50
Epoch: 117, Runtime 3.437195, Loss 0.048961, forward nfe 0, backward nfe 0, Train: 0.9917, Val: 0.7779, Test: 0.7766, Best time: 18.2948
After OOD adjustment: Training instances of last class: 0
After OOD adjustment: Testing instances of last class: 50
Epoch: 118, Runtime 3.453680, Loss 0.050275, forward nfe 0, backward nfe 0, Train: 0.9917, Val: 0.7779, Test: 0.7766, Best time: 18.2948
After OOD adjustment: Training instances of last class: 0
After OOD adjustment: Testing instances of last class: 50
Epoch: 119, Runtime 3.433089, Loss 0.046138, forward nfe 0, backward nfe 0, Train: 0.9917, Val: 0.7779, Test: 0.7766, Best time: 18.2948
After OOD adjustment: Training instances of last class: 0
After OOD adjustment: Testing instances of last class: 50
Epoch: 120, Runtime 3.470504, Loss 0.048018, forward nfe 0, backward nfe 0, Train: 0.9917, Val: 0.7779, Test: 0.7766, Best time: 18.2948
After OOD adjustment: Training instances of last class: 0
After OOD adjustment: Testing instances of last class: 50
Epoch: 121, Runtime 3.423919, Loss 0.048803, forward nfe 0, backward nfe 0, Train: 0.9917, Val: 0.7779, Test: 0.7766, Best time: 18.2948
After OOD adjustment: Training instances of last class: 0
After OOD adjustment: Testing instances of last class: 50
Epoch: 122, Runtime 3.434417, Loss 0.045253, forward nfe 0, backward nfe 0, Train: 0.9917, Val: 0.7779, Test: 0.7766, Best time: 18.2948
After OOD adjustment: Training instances of last class: 0
After OOD adjustment: Testing instances of last class: 50
Epoch: 123, Runtime 3.447891, Loss 0.046275, forward nfe 0, backward nfe 0, Train: 0.9917, Val: 0.7779, Test: 0.7766, Best time: 18.2948
After OOD adjustment: Training instances of last class: 0
After OOD adjustment: Testing instances of last class: 50
Epoch: 124, Runtime 3.455502, Loss 0.046063, forward nfe 0, backward nfe 0, Train: 0.9917, Val: 0.7779, Test: 0.7766, Best time: 18.2948
After OOD adjustment: Training instances of last class: 0
After OOD adjustment: Testing instances of last class: 50
Epoch: 125, Runtime 3.455206, Loss 0.042351, forward nfe 0, backward nfe 0, Train: 0.9917, Val: 0.7779, Test: 0.7766, Best time: 18.2948
After OOD adjustment: Training instances of last class: 0
After OOD adjustment: Testing instances of last class: 50
Epoch: 126, Runtime 3.461959, Loss 0.043799, forward nfe 0, backward nfe 0, Train: 0.9917, Val: 0.7779, Test: 0.7766, Best time: 18.2948
After OOD adjustment: Training instances of last class: 0
After OOD adjustment: Testing instances of last class: 50
Epoch: 127, Runtime 3.432173, Loss 0.043821, forward nfe 0, backward nfe 0, Train: 0.9917, Val: 0.7779, Test: 0.7766, Best time: 18.2948
After OOD adjustment: Training instances of last class: 0
After OOD adjustment: Testing instances of last class: 50
Epoch: 128, Runtime 3.447831, Loss 0.043819, forward nfe 0, backward nfe 0, Train: 0.9917, Val: 0.7779, Test: 0.7766, Best time: 18.2948
After OOD adjustment: Training instances of last class: 0
After OOD adjustment: Testing instances of last class: 50
Epoch: 129, Runtime 3.461140, Loss 0.043219, forward nfe 0, backward nfe 0, Train: 0.9917, Val: 0.7779, Test: 0.7766, Best time: 18.2948
After OOD adjustment: Training instances of last class: 0
After OOD adjustment: Testing instances of last class: 50
Epoch: 130, Runtime 3.461001, Loss 0.040305, forward nfe 0, backward nfe 0, Train: 0.9917, Val: 0.7779, Test: 0.7766, Best time: 18.2948
After OOD adjustment: Training instances of last class: 0
After OOD adjustment: Testing instances of last class: 50
Epoch: 131, Runtime 3.489265, Loss 0.038817, forward nfe 0, backward nfe 0, Train: 0.9917, Val: 0.7779, Test: 0.7766, Best time: 18.2948
After OOD adjustment: Training instances of last class: 0
After OOD adjustment: Testing instances of last class: 50
Epoch: 132, Runtime 3.470833, Loss 0.041341, forward nfe 0, backward nfe 0, Train: 0.9917, Val: 0.7779, Test: 0.7766, Best time: 18.2948
After OOD adjustment: Training instances of last class: 0
After OOD adjustment: Testing instances of last class: 50
Epoch: 133, Runtime 3.442692, Loss 0.038885, forward nfe 0, backward nfe 0, Train: 0.9917, Val: 0.7779, Test: 0.7766, Best time: 18.2948
After OOD adjustment: Training instances of last class: 0
After OOD adjustment: Testing instances of last class: 50
Epoch: 134, Runtime 3.431919, Loss 0.037370, forward nfe 0, backward nfe 0, Train: 0.9917, Val: 0.7779, Test: 0.7766, Best time: 18.2948
After OOD adjustment: Training instances of last class: 0
After OOD adjustment: Testing instances of last class: 50
Epoch: 135, Runtime 3.438702, Loss 0.041854, forward nfe 0, backward nfe 0, Train: 0.9917, Val: 0.7779, Test: 0.7766, Best time: 18.2948
After OOD adjustment: Training instances of last class: 0
After OOD adjustment: Testing instances of last class: 50
Epoch: 136, Runtime 3.460791, Loss 0.037458, forward nfe 0, backward nfe 0, Train: 0.9917, Val: 0.7779, Test: 0.7766, Best time: 18.2948
After OOD adjustment: Training instances of last class: 0
After OOD adjustment: Testing instances of last class: 50
Epoch: 137, Runtime 3.447010, Loss 0.037492, forward nfe 0, backward nfe 0, Train: 0.9917, Val: 0.7779, Test: 0.7766, Best time: 18.2948
After OOD adjustment: Training instances of last class: 0
After OOD adjustment: Testing instances of last class: 50
Epoch: 138, Runtime 3.471937, Loss 0.035702, forward nfe 0, backward nfe 0, Train: 0.9917, Val: 0.7779, Test: 0.7766, Best time: 18.2948
After OOD adjustment: Training instances of last class: 0
After OOD adjustment: Testing instances of last class: 50
Epoch: 139, Runtime 3.441332, Loss 0.031045, forward nfe 0, backward nfe 0, Train: 0.9917, Val: 0.7779, Test: 0.7766, Best time: 18.2948
After OOD adjustment: Training instances of last class: 0
After OOD adjustment: Testing instances of last class: 50
Epoch: 140, Runtime 3.444099, Loss 0.036268, forward nfe 0, backward nfe 0, Train: 0.9917, Val: 0.7779, Test: 0.7766, Best time: 18.2948
After OOD adjustment: Training instances of last class: 0
After OOD adjustment: Testing instances of last class: 50
Epoch: 141, Runtime 3.463871, Loss 0.037805, forward nfe 0, backward nfe 0, Train: 0.9917, Val: 0.7779, Test: 0.7766, Best time: 18.2948
After OOD adjustment: Training instances of last class: 0
After OOD adjustment: Testing instances of last class: 50
Epoch: 142, Runtime 3.458329, Loss 0.036175, forward nfe 0, backward nfe 0, Train: 0.9917, Val: 0.7779, Test: 0.7766, Best time: 18.2948
After OOD adjustment: Training instances of last class: 0
After OOD adjustment: Testing instances of last class: 50
Epoch: 143, Runtime 3.464199, Loss 0.036959, forward nfe 0, backward nfe 0, Train: 0.9917, Val: 0.7779, Test: 0.7766, Best time: 18.2948
After OOD adjustment: Training instances of last class: 0
After OOD adjustment: Testing instances of last class: 50
Epoch: 144, Runtime 3.479505, Loss 0.038578, forward nfe 0, backward nfe 0, Train: 0.9917, Val: 0.7779, Test: 0.7766, Best time: 18.2948
After OOD adjustment: Training instances of last class: 0
After OOD adjustment: Testing instances of last class: 50
Epoch: 145, Runtime 3.446601, Loss 0.032213, forward nfe 0, backward nfe 0, Train: 0.9917, Val: 0.7779, Test: 0.7766, Best time: 18.2948
After OOD adjustment: Training instances of last class: 0
After OOD adjustment: Testing instances of last class: 50
Epoch: 146, Runtime 3.445244, Loss 0.036471, forward nfe 0, backward nfe 0, Train: 0.9917, Val: 0.7779, Test: 0.7766, Best time: 18.2948
After OOD adjustment: Training instances of last class: 0
After OOD adjustment: Testing instances of last class: 50
Epoch: 147, Runtime 3.463786, Loss 0.029664, forward nfe 0, backward nfe 0, Train: 0.9917, Val: 0.7779, Test: 0.7766, Best time: 18.2948
After OOD adjustment: Training instances of last class: 0
After OOD adjustment: Testing instances of last class: 50
Epoch: 148, Runtime 3.459394, Loss 0.032636, forward nfe 0, backward nfe 0, Train: 0.9917, Val: 0.7779, Test: 0.7766, Best time: 18.2948
After OOD adjustment: Training instances of last class: 0
After OOD adjustment: Testing instances of last class: 50
Epoch: 149, Runtime 3.447683, Loss 0.033371, forward nfe 0, backward nfe 0, Train: 0.9917, Val: 0.7779, Test: 0.7766, Best time: 18.2948
After OOD adjustment: Training instances of last class: 0
After OOD adjustment: Testing instances of last class: 50
Epoch: 150, Runtime 3.479409, Loss 0.031033, forward nfe 0, backward nfe 0, Train: 0.9917, Val: 0.7779, Test: 0.7766, Best time: 18.2948
After OOD adjustment: Training instances of last class: 0
After OOD adjustment: Testing instances of last class: 50
Epoch: 151, Runtime 3.434770, Loss 0.033084, forward nfe 0, backward nfe 0, Train: 0.9917, Val: 0.7779, Test: 0.7766, Best time: 18.2948
After OOD adjustment: Training instances of last class: 0
After OOD adjustment: Testing instances of last class: 50
Epoch: 152, Runtime 3.447768, Loss 0.032160, forward nfe 0, backward nfe 0, Train: 0.9917, Val: 0.7779, Test: 0.7766, Best time: 18.2948
After OOD adjustment: Training instances of last class: 0
After OOD adjustment: Testing instances of last class: 50
Epoch: 153, Runtime 3.449674, Loss 0.032694, forward nfe 0, backward nfe 0, Train: 0.9917, Val: 0.7779, Test: 0.7766, Best time: 18.2948
After OOD adjustment: Training instances of last class: 0
After OOD adjustment: Testing instances of last class: 50
Epoch: 154, Runtime 3.466357, Loss 0.033950, forward nfe 0, backward nfe 0, Train: 0.9917, Val: 0.7779, Test: 0.7766, Best time: 18.2948
After OOD adjustment: Training instances of last class: 0
After OOD adjustment: Testing instances of last class: 50
Epoch: 155, Runtime 3.480518, Loss 0.031443, forward nfe 0, backward nfe 0, Train: 0.9917, Val: 0.7779, Test: 0.7766, Best time: 18.2948
After OOD adjustment: Training instances of last class: 0
After OOD adjustment: Testing instances of last class: 50
Epoch: 156, Runtime 3.453221, Loss 0.031437, forward nfe 0, backward nfe 0, Train: 0.9917, Val: 0.7779, Test: 0.7766, Best time: 18.2948
After OOD adjustment: Training instances of last class: 0
After OOD adjustment: Testing instances of last class: 50
Epoch: 157, Runtime 3.441930, Loss 0.028436, forward nfe 0, backward nfe 0, Train: 0.9917, Val: 0.7779, Test: 0.7766, Best time: 18.2948
After OOD adjustment: Training instances of last class: 0
After OOD adjustment: Testing instances of last class: 50
Epoch: 158, Runtime 3.432529, Loss 0.030507, forward nfe 0, backward nfe 0, Train: 0.9917, Val: 0.7779, Test: 0.7766, Best time: 18.2948
After OOD adjustment: Training instances of last class: 0
After OOD adjustment: Testing instances of last class: 50
Epoch: 159, Runtime 3.465111, Loss 0.025933, forward nfe 0, backward nfe 0, Train: 0.9917, Val: 0.7779, Test: 0.7766, Best time: 18.2948
After OOD adjustment: Training instances of last class: 0
After OOD adjustment: Testing instances of last class: 50
Epoch: 160, Runtime 3.466665, Loss 0.026598, forward nfe 0, backward nfe 0, Train: 0.9917, Val: 0.7779, Test: 0.7766, Best time: 18.2948
After OOD adjustment: Training instances of last class: 0
After OOD adjustment: Testing instances of last class: 50
Epoch: 161, Runtime 3.474666, Loss 0.028017, forward nfe 0, backward nfe 0, Train: 0.9917, Val: 0.7779, Test: 0.7766, Best time: 18.2948
After OOD adjustment: Training instances of last class: 0
After OOD adjustment: Testing instances of last class: 50
Epoch: 162, Runtime 3.492966, Loss 0.026987, forward nfe 0, backward nfe 0, Train: 0.9917, Val: 0.7779, Test: 0.7766, Best time: 18.2948
After OOD adjustment: Training instances of last class: 0
After OOD adjustment: Testing instances of last class: 50
Epoch: 163, Runtime 3.461322, Loss 0.031434, forward nfe 0, backward nfe 0, Train: 0.9917, Val: 0.7779, Test: 0.7766, Best time: 18.2948
After OOD adjustment: Training instances of last class: 0
After OOD adjustment: Testing instances of last class: 50
Epoch: 164, Runtime 3.475860, Loss 0.027523, forward nfe 0, backward nfe 0, Train: 0.9917, Val: 0.7779, Test: 0.7766, Best time: 18.2948
After OOD adjustment: Training instances of last class: 0
After OOD adjustment: Testing instances of last class: 50
Epoch: 165, Runtime 3.487786, Loss 0.025538, forward nfe 0, backward nfe 0, Train: 0.9917, Val: 0.7779, Test: 0.7766, Best time: 18.2948
After OOD adjustment: Training instances of last class: 0
After OOD adjustment: Testing instances of last class: 50
Epoch: 166, Runtime 3.466568, Loss 0.026685, forward nfe 0, backward nfe 0, Train: 0.9917, Val: 0.7779, Test: 0.7766, Best time: 18.2948
After OOD adjustment: Training instances of last class: 0
After OOD adjustment: Testing instances of last class: 50
Epoch: 167, Runtime 3.517030, Loss 0.024822, forward nfe 0, backward nfe 0, Train: 0.9917, Val: 0.7779, Test: 0.7766, Best time: 18.2948
After OOD adjustment: Training instances of last class: 0
After OOD adjustment: Testing instances of last class: 50
Epoch: 168, Runtime 3.505230, Loss 0.022810, forward nfe 0, backward nfe 0, Train: 0.9917, Val: 0.7779, Test: 0.7766, Best time: 18.2948
After OOD adjustment: Training instances of last class: 0
After OOD adjustment: Testing instances of last class: 50
Epoch: 169, Runtime 3.463282, Loss 0.028972, forward nfe 0, backward nfe 0, Train: 0.9917, Val: 0.7779, Test: 0.7766, Best time: 18.2948
After OOD adjustment: Training instances of last class: 0
After OOD adjustment: Testing instances of last class: 50
Epoch: 170, Runtime 3.467955, Loss 0.023699, forward nfe 0, backward nfe 0, Train: 0.9917, Val: 0.7779, Test: 0.7766, Best time: 18.2948
After OOD adjustment: Training instances of last class: 0
After OOD adjustment: Testing instances of last class: 50
Epoch: 171, Runtime 3.473180, Loss 0.025299, forward nfe 0, backward nfe 0, Train: 0.9917, Val: 0.7779, Test: 0.7766, Best time: 18.2948
After OOD adjustment: Training instances of last class: 0
After OOD adjustment: Testing instances of last class: 50
Epoch: 172, Runtime 3.476670, Loss 0.023620, forward nfe 0, backward nfe 0, Train: 0.9917, Val: 0.7779, Test: 0.7766, Best time: 18.2948
After OOD adjustment: Training instances of last class: 0
After OOD adjustment: Testing instances of last class: 50
Epoch: 173, Runtime 3.502162, Loss 0.026613, forward nfe 0, backward nfe 0, Train: 0.9917, Val: 0.7779, Test: 0.7766, Best time: 18.2948
After OOD adjustment: Training instances of last class: 0
After OOD adjustment: Testing instances of last class: 50
Epoch: 174, Runtime 3.494371, Loss 0.027554, forward nfe 0, backward nfe 0, Train: 0.9917, Val: 0.7779, Test: 0.7766, Best time: 18.2948
After OOD adjustment: Training instances of last class: 0
After OOD adjustment: Testing instances of last class: 50
Epoch: 175, Runtime 3.460241, Loss 0.023289, forward nfe 0, backward nfe 0, Train: 0.9917, Val: 0.7779, Test: 0.7766, Best time: 18.2948
After OOD adjustment: Training instances of last class: 0
After OOD adjustment: Testing instances of last class: 50
Epoch: 176, Runtime 3.473507, Loss 0.025505, forward nfe 0, backward nfe 0, Train: 0.9917, Val: 0.7779, Test: 0.7766, Best time: 18.2948
After OOD adjustment: Training instances of last class: 0
After OOD adjustment: Testing instances of last class: 50
Epoch: 177, Runtime 3.449930, Loss 0.021873, forward nfe 0, backward nfe 0, Train: 0.9917, Val: 0.7779, Test: 0.7766, Best time: 18.2948
After OOD adjustment: Training instances of last class: 0
After OOD adjustment: Testing instances of last class: 50
Epoch: 178, Runtime 3.454639, Loss 0.021360, forward nfe 0, backward nfe 0, Train: 0.9917, Val: 0.7779, Test: 0.7766, Best time: 18.2948
After OOD adjustment: Training instances of last class: 0
After OOD adjustment: Testing instances of last class: 50
Epoch: 179, Runtime 3.464871, Loss 0.021954, forward nfe 0, backward nfe 0, Train: 0.9917, Val: 0.7779, Test: 0.7766, Best time: 18.2948
After OOD adjustment: Training instances of last class: 0
After OOD adjustment: Testing instances of last class: 50
Epoch: 180, Runtime 3.452743, Loss 0.022173, forward nfe 0, backward nfe 0, Train: 0.9917, Val: 0.7779, Test: 0.7766, Best time: 18.2948
After OOD adjustment: Training instances of last class: 0
After OOD adjustment: Testing instances of last class: 50
Epoch: 181, Runtime 3.468033, Loss 0.020641, forward nfe 0, backward nfe 0, Train: 0.9917, Val: 0.7779, Test: 0.7766, Best time: 18.2948
After OOD adjustment: Training instances of last class: 0
After OOD adjustment: Testing instances of last class: 50
Epoch: 182, Runtime 3.464420, Loss 0.022936, forward nfe 0, backward nfe 0, Train: 0.9917, Val: 0.7779, Test: 0.7766, Best time: 18.2948
After OOD adjustment: Training instances of last class: 0
After OOD adjustment: Testing instances of last class: 50
Epoch: 183, Runtime 3.486576, Loss 0.022376, forward nfe 0, backward nfe 0, Train: 0.9917, Val: 0.7779, Test: 0.7766, Best time: 18.2948
After OOD adjustment: Training instances of last class: 0
After OOD adjustment: Testing instances of last class: 50
Epoch: 184, Runtime 3.468444, Loss 0.022390, forward nfe 0, backward nfe 0, Train: 0.9917, Val: 0.7779, Test: 0.7766, Best time: 18.2948
After OOD adjustment: Training instances of last class: 0
After OOD adjustment: Testing instances of last class: 50
Epoch: 185, Runtime 3.494748, Loss 0.021237, forward nfe 0, backward nfe 0, Train: 0.9917, Val: 0.7779, Test: 0.7766, Best time: 18.2948
After OOD adjustment: Training instances of last class: 0
After OOD adjustment: Testing instances of last class: 50
Epoch: 186, Runtime 3.500673, Loss 0.024520, forward nfe 0, backward nfe 0, Train: 0.9917, Val: 0.7779, Test: 0.7766, Best time: 18.2948
After OOD adjustment: Training instances of last class: 0
After OOD adjustment: Testing instances of last class: 50
Epoch: 187, Runtime 3.461983, Loss 0.021610, forward nfe 0, backward nfe 0, Train: 0.9917, Val: 0.7779, Test: 0.7766, Best time: 18.2948
After OOD adjustment: Training instances of last class: 0
After OOD adjustment: Testing instances of last class: 50
Epoch: 188, Runtime 3.463490, Loss 0.021729, forward nfe 0, backward nfe 0, Train: 0.9917, Val: 0.7779, Test: 0.7766, Best time: 18.2948
After OOD adjustment: Training instances of last class: 0
After OOD adjustment: Testing instances of last class: 50
Epoch: 189, Runtime 3.471373, Loss 0.018629, forward nfe 0, backward nfe 0, Train: 0.9917, Val: 0.7779, Test: 0.7766, Best time: 18.2948
After OOD adjustment: Training instances of last class: 0
After OOD adjustment: Testing instances of last class: 50
Epoch: 190, Runtime 3.467819, Loss 0.019673, forward nfe 0, backward nfe 0, Train: 0.9917, Val: 0.7779, Test: 0.7766, Best time: 18.2948
After OOD adjustment: Training instances of last class: 0
After OOD adjustment: Testing instances of last class: 50
Epoch: 191, Runtime 3.502673, Loss 0.019053, forward nfe 0, backward nfe 0, Train: 0.9917, Val: 0.7779, Test: 0.7766, Best time: 18.2948
After OOD adjustment: Training instances of last class: 0
After OOD adjustment: Testing instances of last class: 50
Epoch: 192, Runtime 3.496905, Loss 0.020249, forward nfe 0, backward nfe 0, Train: 0.9917, Val: 0.7779, Test: 0.7766, Best time: 18.2948
After OOD adjustment: Training instances of last class: 0
After OOD adjustment: Testing instances of last class: 50
Epoch: 193, Runtime 3.473788, Loss 0.017043, forward nfe 0, backward nfe 0, Train: 0.9917, Val: 0.7779, Test: 0.7766, Best time: 18.2948
After OOD adjustment: Training instances of last class: 0
After OOD adjustment: Testing instances of last class: 50
Epoch: 194, Runtime 3.460749, Loss 0.022562, forward nfe 0, backward nfe 0, Train: 0.9917, Val: 0.7779, Test: 0.7766, Best time: 18.2948
After OOD adjustment: Training instances of last class: 0
After OOD adjustment: Testing instances of last class: 50
Epoch: 195, Runtime 3.478310, Loss 0.020038, forward nfe 0, backward nfe 0, Train: 0.9917, Val: 0.7779, Test: 0.7766, Best time: 18.2948
After OOD adjustment: Training instances of last class: 0
After OOD adjustment: Testing instances of last class: 50
Epoch: 196, Runtime 3.487848, Loss 0.021822, forward nfe 0, backward nfe 0, Train: 0.9917, Val: 0.7779, Test: 0.7766, Best time: 18.2948
After OOD adjustment: Training instances of last class: 0
After OOD adjustment: Testing instances of last class: 50
Epoch: 197, Runtime 3.472765, Loss 0.017923, forward nfe 0, backward nfe 0, Train: 0.9917, Val: 0.7779, Test: 0.7766, Best time: 18.2948
After OOD adjustment: Training instances of last class: 0
After OOD adjustment: Testing instances of last class: 50
Epoch: 198, Runtime 3.470531, Loss 0.018743, forward nfe 0, backward nfe 0, Train: 0.9917, Val: 0.7779, Test: 0.7766, Best time: 18.2948
After OOD adjustment: Training instances of last class: 0
After OOD adjustment: Testing instances of last class: 50
Epoch: 199, Runtime 3.482655, Loss 0.019523, forward nfe 0, backward nfe 0, Train: 0.9917, Val: 0.7779, Test: 0.7766, Best time: 18.2948
best val accuracy 0.777941 with test accuracy 0.776650 at epoch 49 and best time 18.294754
base_directory resutls_prob/OOD_Cora
new_name:  lgnsde_ODD
file_path 1 resutls_prob/OOD_Cora/lgnsde_ODD_prediction_probabilities_39.npz
file_path 2 resutls_prob/OOD_Cora/lgnsde_ODD_prediction_probabilities_39.npz
Entropy Threshold: inf Test accuracy: 0.7807106598984772
Entropy Threshold: 2 Test accuracy: 0.7796954314720812
Entropy Threshold: 1.6 Test accuracy: 0.8770270270270271
Entropy Threshold: 1.5 Test accuracy: 0.9178743961352657
Entropy Threshold: 1.4 Test accuracy: 0.9497098646034816
Entropy Threshold: 1.3 Test accuracy: 0.9521531100478469
Entropy Threshold: 1.2 Test accuracy: 0.9536231884057971
Entropy Threshold: 1.1 Test accuracy: 0.955719557195572
Entropy Threshold: 0.9 Test accuracy: 0.9625
Entropy Threshold: 0.8 Test accuracy: 0.9661016949152542
Entropy Threshold: 0.7 Test accuracy: 0.9761904761904762
Entropy Threshold: 0.6 Test accuracy: 0.9622641509433962
Entropy Threshold: 0.5 Test accuracy: 0.972972972972973
Entropy Threshold: 0.4 Test accuracy: 0.96
Entropy Threshold: 0.3 Test accuracy: 0.9230769230769231
Entropy Threshold: 0.2 Test accuracy: 0.8571428571428571
Entropy Threshold: 0.1 Test accuracy: 1.0
