[KeOps] Warning : cuda was detected, but driver API could not be initialized. Switching to cpu only.
Folder already exists: results/photo
experiment: 0
Dataset size (num_nodes): 7487, Intended development set size (num_development): 1500
Dataset size (num_nodes): 7487, Actual development set size (num_development): 1500
rations: train 160, val 1340, test 5987
Before OOD adjustment: Total instances of last class: 331
Before OOD adjustment: Training instances of last class: 20
Before OOD adjustment: Testing instances of last class: 267
Before OOD adjustment: Val instances of last class: 44
total train + val+ test 331
After OOD adjustment: Training instances of last class: 0
After OOD adjustment: Testing instances of last class: 267
Total number of classes: 8
number of classes to train: 7
MyGCN2(
  (conv1): GCNConv(745, 64)
  (conv4): GCNConv(64, 7)
)
conv1.bias
torch.Size([64])
conv1.lin.weight
torch.Size([64, 745])
conv4.bias
torch.Size([7])
conv4.lin.weight
torch.Size([7, 64])
After OOD adjustment: Training instances of last class: 0
After OOD adjustment: Testing instances of last class: 267
Epoch: 001, Runtime 0.258017, Loss 2.321660, forward nfe 0, backward nfe 0, Train: 0.1643, Val: 0.1216, Test: 0.1304, Best time: 3.5824
After OOD adjustment: Training instances of last class: 0
After OOD adjustment: Testing instances of last class: 267
Epoch: 002, Runtime 0.412603, Loss 2.112314, forward nfe 0, backward nfe 0, Train: 0.1643, Val: 0.1470, Test: 0.1498, Best time: 3.5824
After OOD adjustment: Training instances of last class: 0
After OOD adjustment: Testing instances of last class: 267
Epoch: 003, Runtime 0.396769, Loss 2.067750, forward nfe 0, backward nfe 0, Train: 0.1714, Val: 0.2522, Test: 0.2237, Best time: 3.5824
After OOD adjustment: Training instances of last class: 0
After OOD adjustment: Testing instances of last class: 267
Epoch: 004, Runtime 0.395899, Loss 2.033826, forward nfe 0, backward nfe 0, Train: 0.2714, Val: 0.3157, Test: 0.2933, Best time: 3.5824
After OOD adjustment: Training instances of last class: 0
After OOD adjustment: Testing instances of last class: 267
Epoch: 005, Runtime 0.397260, Loss 1.962122, forward nfe 0, backward nfe 0, Train: 0.3714, Val: 0.5127, Test: 0.4839, Best time: 3.5824
After OOD adjustment: Training instances of last class: 0
After OOD adjustment: Testing instances of last class: 267
Epoch: 006, Runtime 0.396195, Loss 1.844168, forward nfe 0, backward nfe 0, Train: 0.5500, Val: 0.5918, Test: 0.5661, Best time: 3.5824
After OOD adjustment: Training instances of last class: 0
After OOD adjustment: Testing instances of last class: 267
Epoch: 007, Runtime 0.397540, Loss 1.718895, forward nfe 0, backward nfe 0, Train: 0.6429, Val: 0.5985, Test: 0.5941, Best time: 3.5824
After OOD adjustment: Training instances of last class: 0
After OOD adjustment: Testing instances of last class: 267
Epoch: 008, Runtime 0.238394, Loss 1.628793, forward nfe 0, backward nfe 0, Train: 0.6429, Val: 0.5985, Test: 0.5941, Best time: 3.5824
After OOD adjustment: Training instances of last class: 0
After OOD adjustment: Testing instances of last class: 267
Epoch: 009, Runtime 0.239115, Loss 1.593081, forward nfe 0, backward nfe 0, Train: 0.6429, Val: 0.5985, Test: 0.5941, Best time: 3.5824
After OOD adjustment: Training instances of last class: 0
After OOD adjustment: Testing instances of last class: 267
Epoch: 010, Runtime 0.237916, Loss 1.548449, forward nfe 0, backward nfe 0, Train: 0.6429, Val: 0.5985, Test: 0.5941, Best time: 3.5824
After OOD adjustment: Training instances of last class: 0
After OOD adjustment: Testing instances of last class: 267
Epoch: 011, Runtime 0.237259, Loss 1.464473, forward nfe 0, backward nfe 0, Train: 0.6429, Val: 0.5985, Test: 0.5941, Best time: 3.5824
After OOD adjustment: Training instances of last class: 0
After OOD adjustment: Testing instances of last class: 267
Epoch: 012, Runtime 0.237497, Loss 1.391099, forward nfe 0, backward nfe 0, Train: 0.6429, Val: 0.5985, Test: 0.5941, Best time: 3.5824
After OOD adjustment: Training instances of last class: 0
After OOD adjustment: Testing instances of last class: 267
Epoch: 013, Runtime 0.396771, Loss 1.346011, forward nfe 0, backward nfe 0, Train: 0.7214, Val: 0.6149, Test: 0.6140, Best time: 3.5824
After OOD adjustment: Training instances of last class: 0
After OOD adjustment: Testing instances of last class: 267
Epoch: 014, Runtime 0.398133, Loss 1.307192, forward nfe 0, backward nfe 0, Train: 0.7786, Val: 0.6642, Test: 0.6646, Best time: 3.5824
After OOD adjustment: Training instances of last class: 0
After OOD adjustment: Testing instances of last class: 267
Epoch: 015, Runtime 0.398886, Loss 1.259911, forward nfe 0, backward nfe 0, Train: 0.8500, Val: 0.7284, Test: 0.7227, Best time: 3.5824
After OOD adjustment: Training instances of last class: 0
After OOD adjustment: Testing instances of last class: 267
Epoch: 016, Runtime 0.399537, Loss 1.204367, forward nfe 0, backward nfe 0, Train: 0.9071, Val: 0.7925, Test: 0.7879, Best time: 3.5824
After OOD adjustment: Training instances of last class: 0
After OOD adjustment: Testing instances of last class: 267
Epoch: 017, Runtime 0.398555, Loss 1.146229, forward nfe 0, backward nfe 0, Train: 0.9429, Val: 0.8634, Test: 0.8540, Best time: 3.5824
After OOD adjustment: Training instances of last class: 0
After OOD adjustment: Testing instances of last class: 267
Epoch: 018, Runtime 0.400513, Loss 1.092515, forward nfe 0, backward nfe 0, Train: 0.9500, Val: 0.8694, Test: 0.8594, Best time: 3.5824
After OOD adjustment: Training instances of last class: 0
After OOD adjustment: Testing instances of last class: 267
Epoch: 019, Runtime 0.237022, Loss 1.049293, forward nfe 0, backward nfe 0, Train: 0.9500, Val: 0.8694, Test: 0.8594, Best time: 3.5824
After OOD adjustment: Training instances of last class: 0
After OOD adjustment: Testing instances of last class: 267
Epoch: 020, Runtime 0.236662, Loss 1.016944, forward nfe 0, backward nfe 0, Train: 0.9500, Val: 0.8694, Test: 0.8594, Best time: 3.5824
After OOD adjustment: Training instances of last class: 0
After OOD adjustment: Testing instances of last class: 267
Epoch: 021, Runtime 0.236686, Loss 0.988753, forward nfe 0, backward nfe 0, Train: 0.9500, Val: 0.8694, Test: 0.8594, Best time: 3.5824
After OOD adjustment: Training instances of last class: 0
After OOD adjustment: Testing instances of last class: 267
Epoch: 022, Runtime 0.236639, Loss 0.956853, forward nfe 0, backward nfe 0, Train: 0.9500, Val: 0.8694, Test: 0.8594, Best time: 3.5824
After OOD adjustment: Training instances of last class: 0
After OOD adjustment: Testing instances of last class: 267
Epoch: 023, Runtime 0.236643, Loss 0.919795, forward nfe 0, backward nfe 0, Train: 0.9500, Val: 0.8694, Test: 0.8594, Best time: 3.5824
After OOD adjustment: Training instances of last class: 0
After OOD adjustment: Testing instances of last class: 267
Epoch: 024, Runtime 0.237494, Loss 0.881856, forward nfe 0, backward nfe 0, Train: 0.9500, Val: 0.8694, Test: 0.8594, Best time: 3.5824
After OOD adjustment: Training instances of last class: 0
After OOD adjustment: Testing instances of last class: 267
Epoch: 025, Runtime 0.236653, Loss 0.847082, forward nfe 0, backward nfe 0, Train: 0.9500, Val: 0.8694, Test: 0.8594, Best time: 3.5824
After OOD adjustment: Training instances of last class: 0
After OOD adjustment: Testing instances of last class: 267
Epoch: 026, Runtime 0.237728, Loss 0.816854, forward nfe 0, backward nfe 0, Train: 0.9500, Val: 0.8694, Test: 0.8594, Best time: 3.5824
After OOD adjustment: Training instances of last class: 0
After OOD adjustment: Testing instances of last class: 267
Epoch: 027, Runtime 0.237482, Loss 0.790832, forward nfe 0, backward nfe 0, Train: 0.9500, Val: 0.8694, Test: 0.8594, Best time: 3.5824
After OOD adjustment: Training instances of last class: 0
After OOD adjustment: Testing instances of last class: 267
Epoch: 028, Runtime 0.236585, Loss 0.767816, forward nfe 0, backward nfe 0, Train: 0.9500, Val: 0.8694, Test: 0.8594, Best time: 3.5824
After OOD adjustment: Training instances of last class: 0
After OOD adjustment: Testing instances of last class: 267
Epoch: 029, Runtime 0.236468, Loss 0.746084, forward nfe 0, backward nfe 0, Train: 0.9500, Val: 0.8694, Test: 0.8594, Best time: 3.5824
After OOD adjustment: Training instances of last class: 0
After OOD adjustment: Testing instances of last class: 267
Epoch: 030, Runtime 0.397303, Loss 0.724139, forward nfe 0, backward nfe 0, Train: 0.9429, Val: 0.8776, Test: 0.8739, Best time: 3.5824
After OOD adjustment: Training instances of last class: 0
After OOD adjustment: Testing instances of last class: 267
Epoch: 031, Runtime 0.395247, Loss 0.701517, forward nfe 0, backward nfe 0, Train: 0.9571, Val: 0.8836, Test: 0.8807, Best time: 3.5824
After OOD adjustment: Training instances of last class: 0
After OOD adjustment: Testing instances of last class: 267
Epoch: 032, Runtime 0.382592, Loss 0.678759, forward nfe 0, backward nfe 0, Train: 0.9571, Val: 0.8858, Test: 0.8881, Best time: 3.5824
After OOD adjustment: Training instances of last class: 0
After OOD adjustment: Testing instances of last class: 267
Epoch: 033, Runtime 0.235032, Loss 0.656759, forward nfe 0, backward nfe 0, Train: 0.9571, Val: 0.8858, Test: 0.8881, Best time: 3.5824
After OOD adjustment: Training instances of last class: 0
After OOD adjustment: Testing instances of last class: 267
Epoch: 034, Runtime 0.359141, Loss 0.636285, forward nfe 0, backward nfe 0, Train: 0.9571, Val: 0.8873, Test: 0.8898, Best time: 3.5824
After OOD adjustment: Training instances of last class: 0
After OOD adjustment: Testing instances of last class: 267
Epoch: 035, Runtime 0.229410, Loss 0.617815, forward nfe 0, backward nfe 0, Train: 0.9571, Val: 0.8873, Test: 0.8898, Best time: 3.5824
After OOD adjustment: Training instances of last class: 0
After OOD adjustment: Testing instances of last class: 267
Epoch: 036, Runtime 0.228175, Loss 0.601358, forward nfe 0, backward nfe 0, Train: 0.9571, Val: 0.8873, Test: 0.8898, Best time: 3.5824
After OOD adjustment: Training instances of last class: 0
After OOD adjustment: Testing instances of last class: 267
Epoch: 037, Runtime 0.229199, Loss 0.586339, forward nfe 0, backward nfe 0, Train: 0.9571, Val: 0.8873, Test: 0.8898, Best time: 3.5824
After OOD adjustment: Training instances of last class: 0
After OOD adjustment: Testing instances of last class: 267
Epoch: 038, Runtime 0.228153, Loss 0.571894, forward nfe 0, backward nfe 0, Train: 0.9571, Val: 0.8873, Test: 0.8898, Best time: 3.5824
After OOD adjustment: Training instances of last class: 0
After OOD adjustment: Testing instances of last class: 267
Epoch: 039, Runtime 0.228365, Loss 0.557419, forward nfe 0, backward nfe 0, Train: 0.9571, Val: 0.8873, Test: 0.8898, Best time: 3.5824
After OOD adjustment: Training instances of last class: 0
After OOD adjustment: Testing instances of last class: 267
Epoch: 040, Runtime 0.227813, Loss 0.542855, forward nfe 0, backward nfe 0, Train: 0.9571, Val: 0.8873, Test: 0.8898, Best time: 3.5824
After OOD adjustment: Training instances of last class: 0
After OOD adjustment: Testing instances of last class: 267
Epoch: 041, Runtime 0.354263, Loss 0.528501, forward nfe 0, backward nfe 0, Train: 0.9571, Val: 0.8881, Test: 0.8924, Best time: 3.5824
After OOD adjustment: Training instances of last class: 0
After OOD adjustment: Testing instances of last class: 267
Epoch: 042, Runtime 0.229050, Loss 0.514690, forward nfe 0, backward nfe 0, Train: 0.9571, Val: 0.8881, Test: 0.8924, Best time: 3.5824
After OOD adjustment: Training instances of last class: 0
After OOD adjustment: Testing instances of last class: 267
Epoch: 043, Runtime 0.354101, Loss 0.501643, forward nfe 0, backward nfe 0, Train: 0.9643, Val: 0.8888, Test: 0.8946, Best time: 3.5824
After OOD adjustment: Training instances of last class: 0
After OOD adjustment: Testing instances of last class: 267
Epoch: 044, Runtime 0.355815, Loss 0.489471, forward nfe 0, backward nfe 0, Train: 0.9643, Val: 0.8896, Test: 0.8944, Best time: 3.5824
After OOD adjustment: Training instances of last class: 0
After OOD adjustment: Testing instances of last class: 267
Epoch: 045, Runtime 0.354218, Loss 0.478157, forward nfe 0, backward nfe 0, Train: 0.9643, Val: 0.8910, Test: 0.8943, Best time: 3.5824
After OOD adjustment: Training instances of last class: 0
After OOD adjustment: Testing instances of last class: 267
Epoch: 046, Runtime 0.228873, Loss 0.467535, forward nfe 0, backward nfe 0, Train: 0.9643, Val: 0.8910, Test: 0.8943, Best time: 3.5824
After OOD adjustment: Training instances of last class: 0
After OOD adjustment: Testing instances of last class: 267
Epoch: 047, Runtime 0.354518, Loss 0.457362, forward nfe 0, backward nfe 0, Train: 0.9714, Val: 0.8918, Test: 0.8943, Best time: 3.5824
After OOD adjustment: Training instances of last class: 0
After OOD adjustment: Testing instances of last class: 267
Epoch: 048, Runtime 0.228177, Loss 0.447454, forward nfe 0, backward nfe 0, Train: 0.9714, Val: 0.8918, Test: 0.8943, Best time: 3.5824
After OOD adjustment: Training instances of last class: 0
After OOD adjustment: Testing instances of last class: 267
Epoch: 049, Runtime 0.354023, Loss 0.437747, forward nfe 0, backward nfe 0, Train: 0.9714, Val: 0.8933, Test: 0.8939, Best time: 3.5824
After OOD adjustment: Training instances of last class: 0
After OOD adjustment: Testing instances of last class: 267
Epoch: 050, Runtime 0.354869, Loss 0.428248, forward nfe 0, backward nfe 0, Train: 0.9714, Val: 0.8940, Test: 0.8949, Best time: 3.5824
After OOD adjustment: Training instances of last class: 0
After OOD adjustment: Testing instances of last class: 267
Epoch: 051, Runtime 0.228994, Loss 0.418989, forward nfe 0, backward nfe 0, Train: 0.9714, Val: 0.8940, Test: 0.8949, Best time: 3.5824
After OOD adjustment: Training instances of last class: 0
After OOD adjustment: Testing instances of last class: 267
Epoch: 052, Runtime 0.228303, Loss 0.410024, forward nfe 0, backward nfe 0, Train: 0.9714, Val: 0.8940, Test: 0.8949, Best time: 3.5824
After OOD adjustment: Training instances of last class: 0
After OOD adjustment: Testing instances of last class: 267
Epoch: 053, Runtime 0.228541, Loss 0.401431, forward nfe 0, backward nfe 0, Train: 0.9714, Val: 0.8940, Test: 0.8949, Best time: 3.5824
After OOD adjustment: Training instances of last class: 0
After OOD adjustment: Testing instances of last class: 267
Epoch: 054, Runtime 0.229105, Loss 0.393258, forward nfe 0, backward nfe 0, Train: 0.9714, Val: 0.8940, Test: 0.8949, Best time: 3.5824
After OOD adjustment: Training instances of last class: 0
After OOD adjustment: Testing instances of last class: 267
Epoch: 055, Runtime 0.228374, Loss 0.385490, forward nfe 0, backward nfe 0, Train: 0.9714, Val: 0.8940, Test: 0.8949, Best time: 3.5824
After OOD adjustment: Training instances of last class: 0
After OOD adjustment: Testing instances of last class: 267
Epoch: 056, Runtime 0.228236, Loss 0.378062, forward nfe 0, backward nfe 0, Train: 0.9714, Val: 0.8940, Test: 0.8949, Best time: 3.5824
After OOD adjustment: Training instances of last class: 0
After OOD adjustment: Testing instances of last class: 267
Epoch: 057, Runtime 0.354349, Loss 0.370906, forward nfe 0, backward nfe 0, Train: 0.9714, Val: 0.8948, Test: 0.8974, Best time: 3.5824
After OOD adjustment: Training instances of last class: 0
After OOD adjustment: Testing instances of last class: 267
Epoch: 058, Runtime 0.229154, Loss 0.363973, forward nfe 0, backward nfe 0, Train: 0.9714, Val: 0.8948, Test: 0.8974, Best time: 3.5824
After OOD adjustment: Training instances of last class: 0
After OOD adjustment: Testing instances of last class: 267
Epoch: 059, Runtime 0.228418, Loss 0.357225, forward nfe 0, backward nfe 0, Train: 0.9714, Val: 0.8948, Test: 0.8974, Best time: 3.5824
After OOD adjustment: Training instances of last class: 0
After OOD adjustment: Testing instances of last class: 267
Epoch: 060, Runtime 0.354992, Loss 0.350638, forward nfe 0, backward nfe 0, Train: 0.9714, Val: 0.8963, Test: 0.8981, Best time: 3.5824
After OOD adjustment: Training instances of last class: 0
After OOD adjustment: Testing instances of last class: 267
Epoch: 061, Runtime 0.232993, Loss 0.344213, forward nfe 0, backward nfe 0, Train: 0.9714, Val: 0.8963, Test: 0.8981, Best time: 3.5824
After OOD adjustment: Training instances of last class: 0
After OOD adjustment: Testing instances of last class: 267
Epoch: 062, Runtime 0.231949, Loss 0.337973, forward nfe 0, backward nfe 0, Train: 0.9714, Val: 0.8963, Test: 0.8981, Best time: 3.5824
After OOD adjustment: Training instances of last class: 0
After OOD adjustment: Testing instances of last class: 267
Epoch: 063, Runtime 0.232764, Loss 0.331940, forward nfe 0, backward nfe 0, Train: 0.9714, Val: 0.8963, Test: 0.8981, Best time: 3.5824
After OOD adjustment: Training instances of last class: 0
After OOD adjustment: Testing instances of last class: 267
Epoch: 064, Runtime 0.232167, Loss 0.326120, forward nfe 0, backward nfe 0, Train: 0.9714, Val: 0.8963, Test: 0.8981, Best time: 3.5824
After OOD adjustment: Training instances of last class: 0
After OOD adjustment: Testing instances of last class: 267
Epoch: 065, Runtime 0.229302, Loss 0.320506, forward nfe 0, backward nfe 0, Train: 0.9714, Val: 0.8963, Test: 0.8981, Best time: 3.5824
After OOD adjustment: Training instances of last class: 0
After OOD adjustment: Testing instances of last class: 267
Epoch: 066, Runtime 0.228690, Loss 0.315089, forward nfe 0, backward nfe 0, Train: 0.9714, Val: 0.8963, Test: 0.8981, Best time: 3.5824
After OOD adjustment: Training instances of last class: 0
After OOD adjustment: Testing instances of last class: 267
Epoch: 067, Runtime 0.229174, Loss 0.309858, forward nfe 0, backward nfe 0, Train: 0.9714, Val: 0.8963, Test: 0.8981, Best time: 3.5824
After OOD adjustment: Training instances of last class: 0
After OOD adjustment: Testing instances of last class: 267
Epoch: 068, Runtime 0.232964, Loss 0.304789, forward nfe 0, backward nfe 0, Train: 0.9714, Val: 0.8963, Test: 0.8981, Best time: 3.5824
After OOD adjustment: Training instances of last class: 0
After OOD adjustment: Testing instances of last class: 267
Epoch: 069, Runtime 0.229405, Loss 0.299861, forward nfe 0, backward nfe 0, Train: 0.9714, Val: 0.8963, Test: 0.8981, Best time: 3.5824
After OOD adjustment: Training instances of last class: 0
After OOD adjustment: Testing instances of last class: 267
Epoch: 070, Runtime 0.228419, Loss 0.295058, forward nfe 0, backward nfe 0, Train: 0.9714, Val: 0.8963, Test: 0.8981, Best time: 3.5824
After OOD adjustment: Training instances of last class: 0
After OOD adjustment: Testing instances of last class: 267
Epoch: 071, Runtime 0.229322, Loss 0.290375, forward nfe 0, backward nfe 0, Train: 0.9714, Val: 0.8963, Test: 0.8981, Best time: 3.5824
After OOD adjustment: Training instances of last class: 0
After OOD adjustment: Testing instances of last class: 267
Epoch: 072, Runtime 0.228894, Loss 0.285812, forward nfe 0, backward nfe 0, Train: 0.9714, Val: 0.8963, Test: 0.8981, Best time: 3.5824
After OOD adjustment: Training instances of last class: 0
After OOD adjustment: Testing instances of last class: 267
Epoch: 073, Runtime 0.228729, Loss 0.281370, forward nfe 0, backward nfe 0, Train: 0.9714, Val: 0.8963, Test: 0.8981, Best time: 3.5824
After OOD adjustment: Training instances of last class: 0
After OOD adjustment: Testing instances of last class: 267
Epoch: 074, Runtime 0.228631, Loss 0.277049, forward nfe 0, backward nfe 0, Train: 0.9714, Val: 0.8963, Test: 0.8981, Best time: 3.5824
After OOD adjustment: Training instances of last class: 0
After OOD adjustment: Testing instances of last class: 267
Epoch: 075, Runtime 0.229646, Loss 0.272854, forward nfe 0, backward nfe 0, Train: 0.9714, Val: 0.8963, Test: 0.8981, Best time: 3.5824
After OOD adjustment: Training instances of last class: 0
After OOD adjustment: Testing instances of last class: 267
Epoch: 076, Runtime 0.229081, Loss 0.268783, forward nfe 0, backward nfe 0, Train: 0.9714, Val: 0.8963, Test: 0.8981, Best time: 3.5824
After OOD adjustment: Training instances of last class: 0
After OOD adjustment: Testing instances of last class: 267
Epoch: 077, Runtime 0.228990, Loss 0.264831, forward nfe 0, backward nfe 0, Train: 0.9714, Val: 0.8963, Test: 0.8981, Best time: 3.5824
After OOD adjustment: Training instances of last class: 0
After OOD adjustment: Testing instances of last class: 267
Epoch: 078, Runtime 0.229595, Loss 0.260988, forward nfe 0, backward nfe 0, Train: 0.9714, Val: 0.8963, Test: 0.8981, Best time: 3.5824
After OOD adjustment: Training instances of last class: 0
After OOD adjustment: Testing instances of last class: 267
Epoch: 079, Runtime 0.228812, Loss 0.257246, forward nfe 0, backward nfe 0, Train: 0.9714, Val: 0.8963, Test: 0.8981, Best time: 3.5824
After OOD adjustment: Training instances of last class: 0
After OOD adjustment: Testing instances of last class: 267
Epoch: 080, Runtime 0.229787, Loss 0.253600, forward nfe 0, backward nfe 0, Train: 0.9714, Val: 0.8963, Test: 0.8981, Best time: 3.5824
After OOD adjustment: Training instances of last class: 0
After OOD adjustment: Testing instances of last class: 267
Epoch: 081, Runtime 0.229151, Loss 0.250042, forward nfe 0, backward nfe 0, Train: 0.9714, Val: 0.8963, Test: 0.8981, Best time: 3.5824
After OOD adjustment: Training instances of last class: 0
After OOD adjustment: Testing instances of last class: 267
Epoch: 082, Runtime 0.228930, Loss 0.246570, forward nfe 0, backward nfe 0, Train: 0.9714, Val: 0.8963, Test: 0.8981, Best time: 3.5824
After OOD adjustment: Training instances of last class: 0
After OOD adjustment: Testing instances of last class: 267
Epoch: 083, Runtime 0.229318, Loss 0.243180, forward nfe 0, backward nfe 0, Train: 0.9714, Val: 0.8963, Test: 0.8981, Best time: 3.5824
After OOD adjustment: Training instances of last class: 0
After OOD adjustment: Testing instances of last class: 267
Epoch: 084, Runtime 0.229561, Loss 0.239872, forward nfe 0, backward nfe 0, Train: 0.9714, Val: 0.8963, Test: 0.8981, Best time: 3.5824
After OOD adjustment: Training instances of last class: 0
After OOD adjustment: Testing instances of last class: 267
Epoch: 085, Runtime 0.228732, Loss 0.236646, forward nfe 0, backward nfe 0, Train: 0.9714, Val: 0.8963, Test: 0.8981, Best time: 3.5824
After OOD adjustment: Training instances of last class: 0
After OOD adjustment: Testing instances of last class: 267
Epoch: 086, Runtime 0.228812, Loss 0.233499, forward nfe 0, backward nfe 0, Train: 0.9714, Val: 0.8963, Test: 0.8981, Best time: 3.5824
After OOD adjustment: Training instances of last class: 0
After OOD adjustment: Testing instances of last class: 267
Epoch: 087, Runtime 0.228574, Loss 0.230429, forward nfe 0, backward nfe 0, Train: 0.9714, Val: 0.8963, Test: 0.8981, Best time: 3.5824
After OOD adjustment: Training instances of last class: 0
After OOD adjustment: Testing instances of last class: 267
Epoch: 088, Runtime 0.235943, Loss 0.227433, forward nfe 0, backward nfe 0, Train: 0.9714, Val: 0.8963, Test: 0.8981, Best time: 3.5824
After OOD adjustment: Training instances of last class: 0
After OOD adjustment: Testing instances of last class: 267
Epoch: 089, Runtime 0.354922, Loss 0.224510, forward nfe 0, backward nfe 0, Train: 0.9714, Val: 0.8970, Test: 0.8973, Best time: 3.5824
After OOD adjustment: Training instances of last class: 0
After OOD adjustment: Testing instances of last class: 267
Epoch: 090, Runtime 0.354504, Loss 0.221656, forward nfe 0, backward nfe 0, Train: 0.9714, Val: 0.8978, Test: 0.8973, Best time: 3.5824
After OOD adjustment: Training instances of last class: 0
After OOD adjustment: Testing instances of last class: 267
Epoch: 091, Runtime 0.359208, Loss 0.218867, forward nfe 0, backward nfe 0, Train: 0.9714, Val: 0.8985, Test: 0.8973, Best time: 3.5824
After OOD adjustment: Training instances of last class: 0
After OOD adjustment: Testing instances of last class: 267
Epoch: 092, Runtime 0.229412, Loss 0.216141, forward nfe 0, backward nfe 0, Train: 0.9714, Val: 0.8985, Test: 0.8973, Best time: 3.5824
After OOD adjustment: Training instances of last class: 0
After OOD adjustment: Testing instances of last class: 267
Epoch: 093, Runtime 0.228876, Loss 0.213475, forward nfe 0, backward nfe 0, Train: 0.9714, Val: 0.8985, Test: 0.8973, Best time: 3.5824
After OOD adjustment: Training instances of last class: 0
After OOD adjustment: Testing instances of last class: 267
Epoch: 094, Runtime 0.227890, Loss 0.210867, forward nfe 0, backward nfe 0, Train: 0.9714, Val: 0.8985, Test: 0.8973, Best time: 3.5824
After OOD adjustment: Training instances of last class: 0
After OOD adjustment: Testing instances of last class: 267
Epoch: 095, Runtime 0.228662, Loss 0.208316, forward nfe 0, backward nfe 0, Train: 0.9714, Val: 0.8985, Test: 0.8973, Best time: 3.5824
After OOD adjustment: Training instances of last class: 0
After OOD adjustment: Testing instances of last class: 267
Epoch: 096, Runtime 0.228269, Loss 0.205819, forward nfe 0, backward nfe 0, Train: 0.9714, Val: 0.8985, Test: 0.8973, Best time: 3.5824
After OOD adjustment: Training instances of last class: 0
After OOD adjustment: Testing instances of last class: 267
Epoch: 097, Runtime 0.227774, Loss 0.203376, forward nfe 0, backward nfe 0, Train: 0.9714, Val: 0.8985, Test: 0.8973, Best time: 3.5824
After OOD adjustment: Training instances of last class: 0
After OOD adjustment: Testing instances of last class: 267
Epoch: 098, Runtime 0.227985, Loss 0.200986, forward nfe 0, backward nfe 0, Train: 0.9714, Val: 0.8985, Test: 0.8973, Best time: 3.5824
After OOD adjustment: Training instances of last class: 0
After OOD adjustment: Testing instances of last class: 267
Epoch: 099, Runtime 0.228308, Loss 0.198647, forward nfe 0, backward nfe 0, Train: 0.9714, Val: 0.8985, Test: 0.8973, Best time: 3.5824
best val accuracy 0.898507 with test accuracy 0.897277 at epoch 91 and best time 3.582403
base_directory resutls_prob/OOD_Photo
new_name:  gnn_ODD
file_path 1 resutls_prob/OOD_Photo/gnn_ODD_prediction_probabilities_37.npz
file_path 2 resutls_prob/OOD_Photo/gnn_ODD_prediction_probabilities_37.npz
Entropy Threshold: inf Test accuracy: 0.8972774344412895
Entropy Threshold: 2 Test accuracy: 0.8972774344412895
Entropy Threshold: 1.6 Test accuracy: 0.9198802606092622
Entropy Threshold: 1.5 Test accuracy: 0.9305833181900781
Entropy Threshold: 1.4 Test accuracy: 0.9386792452830188
Entropy Threshold: 1.3 Test accuracy: 0.9461358313817331
Entropy Threshold: 1.2 Test accuracy: 0.952808988764045
Entropy Threshold: 1.1 Test accuracy: 0.9586919104991394
Entropy Threshold: 0.9 Test accuracy: 0.9679980750721848
Entropy Threshold: 0.8 Test accuracy: 0.973097617217525
Entropy Threshold: 0.7 Test accuracy: 0.9786995515695067
Entropy Threshold: 0.6 Test accuracy: 0.9823420074349443
Entropy Threshold: 0.5 Test accuracy: 0.9850642584230636
Entropy Threshold: 0.4 Test accuracy: 0.9863289103337354
Entropy Threshold: 0.3 Test accuracy: 0.9881188118811881
Entropy Threshold: 0.2 Test accuracy: 0.991930060524546
Entropy Threshold: 0.1 Test accuracy: 0.9927184466019418
