[KeOps] Warning : cuda was detected, but driver API could not be initialized. Switching to cpu only.
Folder already exists: results/photo
experiment: 0
Dataset size (num_nodes): 7487, Intended development set size (num_development): 1500
Dataset size (num_nodes): 7487, Actual development set size (num_development): 1500
rations: train 160, val 1340, test 5987
Before OOD adjustment: Total instances of last class: 331
Before OOD adjustment: Training instances of last class: 20
Before OOD adjustment: Testing instances of last class: 267
Before OOD adjustment: Val instances of last class: 44
total train + val+ test 331
After OOD adjustment: Training instances of last class: 0
After OOD adjustment: Testing instances of last class: 267
Total number of classes: 8
number of classes to train: 7
MyGCN2(
  (conv1): GCNConv(745, 64)
  (conv4): GCNConv(64, 7)
)
conv1.bias
torch.Size([64])
conv1.lin.weight
torch.Size([64, 745])
conv4.bias
torch.Size([7])
conv4.lin.weight
torch.Size([7, 64])
After OOD adjustment: Training instances of last class: 0
After OOD adjustment: Testing instances of last class: 267
Epoch: 001, Runtime 0.256458, Loss 2.190435, forward nfe 0, backward nfe 0, Train: 0.1357, Val: 0.1187, Test: 0.1223, Best time: 3.5824
After OOD adjustment: Training instances of last class: 0
After OOD adjustment: Testing instances of last class: 267
Epoch: 002, Runtime 0.341406, Loss 2.037128, forward nfe 0, backward nfe 0, Train: 0.1857, Val: 0.1366, Test: 0.1543, Best time: 3.5824
After OOD adjustment: Training instances of last class: 0
After OOD adjustment: Testing instances of last class: 267
Epoch: 003, Runtime 0.330425, Loss 1.933273, forward nfe 0, backward nfe 0, Train: 0.2000, Val: 0.1642, Test: 0.1742, Best time: 3.5824
After OOD adjustment: Training instances of last class: 0
After OOD adjustment: Testing instances of last class: 267
Epoch: 004, Runtime 0.350225, Loss 1.852084, forward nfe 0, backward nfe 0, Train: 0.2500, Val: 0.1993, Test: 0.2078, Best time: 3.5824
After OOD adjustment: Training instances of last class: 0
After OOD adjustment: Testing instances of last class: 267
Epoch: 005, Runtime 0.335976, Loss 1.771195, forward nfe 0, backward nfe 0, Train: 0.4071, Val: 0.3216, Test: 0.3369, Best time: 3.5824
After OOD adjustment: Training instances of last class: 0
After OOD adjustment: Testing instances of last class: 267
Epoch: 006, Runtime 0.328845, Loss 1.651645, forward nfe 0, backward nfe 0, Train: 0.5214, Val: 0.4694, Test: 0.4864, Best time: 3.5824
After OOD adjustment: Training instances of last class: 0
After OOD adjustment: Testing instances of last class: 267
Epoch: 007, Runtime 0.352135, Loss 1.563714, forward nfe 0, backward nfe 0, Train: 0.6357, Val: 0.5731, Test: 0.5661, Best time: 3.5824
After OOD adjustment: Training instances of last class: 0
After OOD adjustment: Testing instances of last class: 267
Epoch: 008, Runtime 0.332494, Loss 1.500763, forward nfe 0, backward nfe 0, Train: 0.7286, Val: 0.6769, Test: 0.6654, Best time: 3.5824
After OOD adjustment: Training instances of last class: 0
After OOD adjustment: Testing instances of last class: 267
Epoch: 009, Runtime 0.329869, Loss 1.438382, forward nfe 0, backward nfe 0, Train: 0.7500, Val: 0.7291, Test: 0.7176, Best time: 3.5824
After OOD adjustment: Training instances of last class: 0
After OOD adjustment: Testing instances of last class: 267
Epoch: 010, Runtime 0.341723, Loss 1.365913, forward nfe 0, backward nfe 0, Train: 0.8071, Val: 0.7545, Test: 0.7490, Best time: 3.5824
After OOD adjustment: Training instances of last class: 0
After OOD adjustment: Testing instances of last class: 267
Epoch: 011, Runtime 0.333054, Loss 1.292890, forward nfe 0, backward nfe 0, Train: 0.8429, Val: 0.7657, Test: 0.7653, Best time: 3.5824
After OOD adjustment: Training instances of last class: 0
After OOD adjustment: Testing instances of last class: 267
Epoch: 012, Runtime 0.243818, Loss 1.227974, forward nfe 0, backward nfe 0, Train: 0.8429, Val: 0.7657, Test: 0.7653, Best time: 3.5824
After OOD adjustment: Training instances of last class: 0
After OOD adjustment: Testing instances of last class: 267
Epoch: 013, Runtime 0.246247, Loss 1.172843, forward nfe 0, backward nfe 0, Train: 0.8429, Val: 0.7657, Test: 0.7653, Best time: 3.5824
After OOD adjustment: Training instances of last class: 0
After OOD adjustment: Testing instances of last class: 267
Epoch: 014, Runtime 0.241896, Loss 1.122841, forward nfe 0, backward nfe 0, Train: 0.8429, Val: 0.7657, Test: 0.7653, Best time: 3.5824
After OOD adjustment: Training instances of last class: 0
After OOD adjustment: Testing instances of last class: 267
Epoch: 015, Runtime 0.240114, Loss 1.073403, forward nfe 0, backward nfe 0, Train: 0.8429, Val: 0.7657, Test: 0.7653, Best time: 3.5824
After OOD adjustment: Training instances of last class: 0
After OOD adjustment: Testing instances of last class: 267
Epoch: 016, Runtime 0.245919, Loss 1.026322, forward nfe 0, backward nfe 0, Train: 0.8429, Val: 0.7657, Test: 0.7653, Best time: 3.5824
After OOD adjustment: Training instances of last class: 0
After OOD adjustment: Testing instances of last class: 267
Epoch: 017, Runtime 0.241721, Loss 0.981214, forward nfe 0, backward nfe 0, Train: 0.8429, Val: 0.7657, Test: 0.7653, Best time: 3.5824
After OOD adjustment: Training instances of last class: 0
After OOD adjustment: Testing instances of last class: 267
Epoch: 018, Runtime 0.348346, Loss 0.935626, forward nfe 0, backward nfe 0, Train: 0.9000, Val: 0.7679, Test: 0.7768, Best time: 3.5824
After OOD adjustment: Training instances of last class: 0
After OOD adjustment: Testing instances of last class: 267
Epoch: 019, Runtime 0.333961, Loss 0.892778, forward nfe 0, backward nfe 0, Train: 0.9357, Val: 0.8366, Test: 0.8397, Best time: 3.5824
After OOD adjustment: Training instances of last class: 0
After OOD adjustment: Testing instances of last class: 267
Epoch: 020, Runtime 0.350119, Loss 0.857275, forward nfe 0, backward nfe 0, Train: 0.9357, Val: 0.8403, Test: 0.8457, Best time: 3.5824
After OOD adjustment: Training instances of last class: 0
After OOD adjustment: Testing instances of last class: 267
Epoch: 021, Runtime 0.349903, Loss 0.827032, forward nfe 0, backward nfe 0, Train: 0.9357, Val: 0.8425, Test: 0.8492, Best time: 3.5824
After OOD adjustment: Training instances of last class: 0
After OOD adjustment: Testing instances of last class: 267
Epoch: 022, Runtime 0.334730, Loss 0.796000, forward nfe 0, backward nfe 0, Train: 0.9357, Val: 0.8515, Test: 0.8532, Best time: 3.5824
After OOD adjustment: Training instances of last class: 0
After OOD adjustment: Testing instances of last class: 267
Epoch: 023, Runtime 0.243312, Loss 0.763240, forward nfe 0, backward nfe 0, Train: 0.9357, Val: 0.8515, Test: 0.8532, Best time: 3.5824
After OOD adjustment: Training instances of last class: 0
After OOD adjustment: Testing instances of last class: 267
Epoch: 024, Runtime 0.248657, Loss 0.732426, forward nfe 0, backward nfe 0, Train: 0.9357, Val: 0.8515, Test: 0.8532, Best time: 3.5824
After OOD adjustment: Training instances of last class: 0
After OOD adjustment: Testing instances of last class: 267
Epoch: 025, Runtime 0.244746, Loss 0.705311, forward nfe 0, backward nfe 0, Train: 0.9357, Val: 0.8515, Test: 0.8532, Best time: 3.5824
After OOD adjustment: Training instances of last class: 0
After OOD adjustment: Testing instances of last class: 267
Epoch: 026, Runtime 0.240561, Loss 0.680982, forward nfe 0, backward nfe 0, Train: 0.9357, Val: 0.8515, Test: 0.8532, Best time: 3.5824
After OOD adjustment: Training instances of last class: 0
After OOD adjustment: Testing instances of last class: 267
Epoch: 027, Runtime 0.247462, Loss 0.658423, forward nfe 0, backward nfe 0, Train: 0.9357, Val: 0.8515, Test: 0.8532, Best time: 3.5824
After OOD adjustment: Training instances of last class: 0
After OOD adjustment: Testing instances of last class: 267
Epoch: 028, Runtime 0.246157, Loss 0.636732, forward nfe 0, backward nfe 0, Train: 0.9357, Val: 0.8515, Test: 0.8532, Best time: 3.5824
After OOD adjustment: Training instances of last class: 0
After OOD adjustment: Testing instances of last class: 267
Epoch: 029, Runtime 0.241036, Loss 0.615086, forward nfe 0, backward nfe 0, Train: 0.9357, Val: 0.8515, Test: 0.8532, Best time: 3.5824
After OOD adjustment: Training instances of last class: 0
After OOD adjustment: Testing instances of last class: 267
Epoch: 030, Runtime 0.244941, Loss 0.593895, forward nfe 0, backward nfe 0, Train: 0.9357, Val: 0.8515, Test: 0.8532, Best time: 3.5824
After OOD adjustment: Training instances of last class: 0
After OOD adjustment: Testing instances of last class: 267
Epoch: 031, Runtime 0.350978, Loss 0.574491, forward nfe 0, backward nfe 0, Train: 0.9500, Val: 0.8604, Test: 0.8589, Best time: 3.5824
After OOD adjustment: Training instances of last class: 0
After OOD adjustment: Testing instances of last class: 267
Epoch: 032, Runtime 0.334691, Loss 0.557155, forward nfe 0, backward nfe 0, Train: 0.9500, Val: 0.8612, Test: 0.8620, Best time: 3.5824
After OOD adjustment: Training instances of last class: 0
After OOD adjustment: Testing instances of last class: 267
Epoch: 033, Runtime 0.347626, Loss 0.540771, forward nfe 0, backward nfe 0, Train: 0.9500, Val: 0.8627, Test: 0.8682, Best time: 3.5824
After OOD adjustment: Training instances of last class: 0
After OOD adjustment: Testing instances of last class: 267
Epoch: 034, Runtime 0.343988, Loss 0.524646, forward nfe 0, backward nfe 0, Train: 0.9571, Val: 0.8784, Test: 0.8802, Best time: 3.5824
After OOD adjustment: Training instances of last class: 0
After OOD adjustment: Testing instances of last class: 267
Epoch: 035, Runtime 0.345284, Loss 0.509104, forward nfe 0, backward nfe 0, Train: 0.9571, Val: 0.8813, Test: 0.8829, Best time: 3.5824
After OOD adjustment: Training instances of last class: 0
After OOD adjustment: Testing instances of last class: 267
Epoch: 036, Runtime 0.332214, Loss 0.494390, forward nfe 0, backward nfe 0, Train: 0.9571, Val: 0.8821, Test: 0.8846, Best time: 3.5824
After OOD adjustment: Training instances of last class: 0
After OOD adjustment: Testing instances of last class: 267
Epoch: 037, Runtime 0.244362, Loss 0.480412, forward nfe 0, backward nfe 0, Train: 0.9571, Val: 0.8821, Test: 0.8846, Best time: 3.5824
After OOD adjustment: Training instances of last class: 0
After OOD adjustment: Testing instances of last class: 267
Epoch: 038, Runtime 0.248425, Loss 0.467231, forward nfe 0, backward nfe 0, Train: 0.9571, Val: 0.8821, Test: 0.8846, Best time: 3.5824
After OOD adjustment: Training instances of last class: 0
After OOD adjustment: Testing instances of last class: 267
Epoch: 039, Runtime 0.243937, Loss 0.454890, forward nfe 0, backward nfe 0, Train: 0.9571, Val: 0.8821, Test: 0.8846, Best time: 3.5824
After OOD adjustment: Training instances of last class: 0
After OOD adjustment: Testing instances of last class: 267
Epoch: 040, Runtime 0.349788, Loss 0.443064, forward nfe 0, backward nfe 0, Train: 0.9571, Val: 0.8836, Test: 0.8834, Best time: 3.5824
After OOD adjustment: Training instances of last class: 0
After OOD adjustment: Testing instances of last class: 267
Epoch: 041, Runtime 0.333433, Loss 0.431457, forward nfe 0, backward nfe 0, Train: 0.9571, Val: 0.8866, Test: 0.8889, Best time: 3.5824
After OOD adjustment: Training instances of last class: 0
After OOD adjustment: Testing instances of last class: 267
Epoch: 042, Runtime 0.244419, Loss 0.420233, forward nfe 0, backward nfe 0, Train: 0.9571, Val: 0.8866, Test: 0.8889, Best time: 3.5824
After OOD adjustment: Training instances of last class: 0
After OOD adjustment: Testing instances of last class: 267
Epoch: 043, Runtime 0.243275, Loss 0.409684, forward nfe 0, backward nfe 0, Train: 0.9571, Val: 0.8866, Test: 0.8889, Best time: 3.5824
After OOD adjustment: Training instances of last class: 0
After OOD adjustment: Testing instances of last class: 267
Epoch: 044, Runtime 0.331022, Loss 0.399773, forward nfe 0, backward nfe 0, Train: 0.9643, Val: 0.8896, Test: 0.8944, Best time: 3.5824
After OOD adjustment: Training instances of last class: 0
After OOD adjustment: Testing instances of last class: 267
Epoch: 045, Runtime 0.332337, Loss 0.390280, forward nfe 0, backward nfe 0, Train: 0.9643, Val: 0.8910, Test: 0.8953, Best time: 3.5824
After OOD adjustment: Training instances of last class: 0
After OOD adjustment: Testing instances of last class: 267
Epoch: 046, Runtime 0.331326, Loss 0.381114, forward nfe 0, backward nfe 0, Train: 0.9714, Val: 0.8925, Test: 0.8963, Best time: 3.5824
After OOD adjustment: Training instances of last class: 0
After OOD adjustment: Testing instances of last class: 267
Epoch: 047, Runtime 0.241115, Loss 0.372279, forward nfe 0, backward nfe 0, Train: 0.9714, Val: 0.8925, Test: 0.8963, Best time: 3.5824
After OOD adjustment: Training instances of last class: 0
After OOD adjustment: Testing instances of last class: 267
Epoch: 048, Runtime 0.241108, Loss 0.363722, forward nfe 0, backward nfe 0, Train: 0.9714, Val: 0.8925, Test: 0.8963, Best time: 3.5824
After OOD adjustment: Training instances of last class: 0
After OOD adjustment: Testing instances of last class: 267
Epoch: 049, Runtime 0.240846, Loss 0.355441, forward nfe 0, backward nfe 0, Train: 0.9714, Val: 0.8925, Test: 0.8963, Best time: 3.5824
After OOD adjustment: Training instances of last class: 0
After OOD adjustment: Testing instances of last class: 267
Epoch: 050, Runtime 0.241651, Loss 0.347541, forward nfe 0, backward nfe 0, Train: 0.9714, Val: 0.8925, Test: 0.8963, Best time: 3.5824
After OOD adjustment: Training instances of last class: 0
After OOD adjustment: Testing instances of last class: 267
Epoch: 051, Runtime 0.240248, Loss 0.340065, forward nfe 0, backward nfe 0, Train: 0.9714, Val: 0.8925, Test: 0.8963, Best time: 3.5824
After OOD adjustment: Training instances of last class: 0
After OOD adjustment: Testing instances of last class: 267
Epoch: 052, Runtime 0.244753, Loss 0.332904, forward nfe 0, backward nfe 0, Train: 0.9714, Val: 0.8925, Test: 0.8963, Best time: 3.5824
After OOD adjustment: Training instances of last class: 0
After OOD adjustment: Testing instances of last class: 267
Epoch: 053, Runtime 0.246781, Loss 0.325951, forward nfe 0, backward nfe 0, Train: 0.9714, Val: 0.8925, Test: 0.8963, Best time: 3.5824
After OOD adjustment: Training instances of last class: 0
After OOD adjustment: Testing instances of last class: 267
Epoch: 054, Runtime 0.240987, Loss 0.319207, forward nfe 0, backward nfe 0, Train: 0.9714, Val: 0.8925, Test: 0.8963, Best time: 3.5824
After OOD adjustment: Training instances of last class: 0
After OOD adjustment: Testing instances of last class: 267
Epoch: 055, Runtime 0.240486, Loss 0.312697, forward nfe 0, backward nfe 0, Train: 0.9714, Val: 0.8925, Test: 0.8963, Best time: 3.5824
After OOD adjustment: Training instances of last class: 0
After OOD adjustment: Testing instances of last class: 267
Epoch: 056, Runtime 0.240428, Loss 0.306408, forward nfe 0, backward nfe 0, Train: 0.9714, Val: 0.8925, Test: 0.8963, Best time: 3.5824
After OOD adjustment: Training instances of last class: 0
After OOD adjustment: Testing instances of last class: 267
Epoch: 057, Runtime 0.332332, Loss 0.300339, forward nfe 0, backward nfe 0, Train: 0.9714, Val: 0.8933, Test: 0.8963, Best time: 3.5824
After OOD adjustment: Training instances of last class: 0
After OOD adjustment: Testing instances of last class: 267
Epoch: 058, Runtime 0.346443, Loss 0.294515, forward nfe 0, backward nfe 0, Train: 0.9714, Val: 0.8940, Test: 0.8961, Best time: 3.5824
After OOD adjustment: Training instances of last class: 0
After OOD adjustment: Testing instances of last class: 267
Epoch: 059, Runtime 0.354004, Loss 0.288927, forward nfe 0, backward nfe 0, Train: 0.9714, Val: 0.8955, Test: 0.8961, Best time: 3.5824
After OOD adjustment: Training instances of last class: 0
After OOD adjustment: Testing instances of last class: 267
Epoch: 060, Runtime 0.242954, Loss 0.283516, forward nfe 0, backward nfe 0, Train: 0.9714, Val: 0.8955, Test: 0.8961, Best time: 3.5824
After OOD adjustment: Training instances of last class: 0
After OOD adjustment: Testing instances of last class: 267
Epoch: 061, Runtime 0.242927, Loss 0.278256, forward nfe 0, backward nfe 0, Train: 0.9714, Val: 0.8955, Test: 0.8961, Best time: 3.5824
After OOD adjustment: Training instances of last class: 0
After OOD adjustment: Testing instances of last class: 267
Epoch: 062, Runtime 0.337526, Loss 0.273160, forward nfe 0, backward nfe 0, Train: 0.9714, Val: 0.8963, Test: 0.8959, Best time: 3.5824
After OOD adjustment: Training instances of last class: 0
After OOD adjustment: Testing instances of last class: 267
Epoch: 063, Runtime 0.247094, Loss 0.268235, forward nfe 0, backward nfe 0, Train: 0.9714, Val: 0.8963, Test: 0.8959, Best time: 3.5824
After OOD adjustment: Training instances of last class: 0
After OOD adjustment: Testing instances of last class: 267
Epoch: 064, Runtime 0.244400, Loss 0.263466, forward nfe 0, backward nfe 0, Train: 0.9714, Val: 0.8963, Test: 0.8959, Best time: 3.5824
After OOD adjustment: Training instances of last class: 0
After OOD adjustment: Testing instances of last class: 267
Epoch: 065, Runtime 0.242623, Loss 0.258850, forward nfe 0, backward nfe 0, Train: 0.9714, Val: 0.8963, Test: 0.8959, Best time: 3.5824
After OOD adjustment: Training instances of last class: 0
After OOD adjustment: Testing instances of last class: 267
Epoch: 066, Runtime 0.244460, Loss 0.254389, forward nfe 0, backward nfe 0, Train: 0.9714, Val: 0.8963, Test: 0.8959, Best time: 3.5824
After OOD adjustment: Training instances of last class: 0
After OOD adjustment: Testing instances of last class: 267
Epoch: 067, Runtime 0.247614, Loss 0.250070, forward nfe 0, backward nfe 0, Train: 0.9714, Val: 0.8963, Test: 0.8959, Best time: 3.5824
After OOD adjustment: Training instances of last class: 0
After OOD adjustment: Testing instances of last class: 267
Epoch: 068, Runtime 0.244133, Loss 0.245870, forward nfe 0, backward nfe 0, Train: 0.9714, Val: 0.8963, Test: 0.8959, Best time: 3.5824
After OOD adjustment: Training instances of last class: 0
After OOD adjustment: Testing instances of last class: 267
Epoch: 069, Runtime 0.350915, Loss 0.241788, forward nfe 0, backward nfe 0, Train: 0.9714, Val: 0.8978, Test: 0.8969, Best time: 3.5824
After OOD adjustment: Training instances of last class: 0
After OOD adjustment: Testing instances of last class: 267
Epoch: 070, Runtime 0.246196, Loss 0.237830, forward nfe 0, backward nfe 0, Train: 0.9714, Val: 0.8978, Test: 0.8969, Best time: 3.5824
After OOD adjustment: Training instances of last class: 0
After OOD adjustment: Testing instances of last class: 267
Epoch: 071, Runtime 0.244556, Loss 0.233994, forward nfe 0, backward nfe 0, Train: 0.9714, Val: 0.8978, Test: 0.8969, Best time: 3.5824
After OOD adjustment: Training instances of last class: 0
After OOD adjustment: Testing instances of last class: 267
Epoch: 072, Runtime 0.240839, Loss 0.230268, forward nfe 0, backward nfe 0, Train: 0.9714, Val: 0.8978, Test: 0.8969, Best time: 3.5824
After OOD adjustment: Training instances of last class: 0
After OOD adjustment: Testing instances of last class: 267
Epoch: 073, Runtime 0.343747, Loss 0.226648, forward nfe 0, backward nfe 0, Train: 0.9714, Val: 0.8985, Test: 0.8979, Best time: 3.5824
After OOD adjustment: Training instances of last class: 0
After OOD adjustment: Testing instances of last class: 267
Epoch: 074, Runtime 0.354054, Loss 0.223134, forward nfe 0, backward nfe 0, Train: 0.9714, Val: 0.8993, Test: 0.8979, Best time: 3.5824
After OOD adjustment: Training instances of last class: 0
After OOD adjustment: Testing instances of last class: 267
Epoch: 075, Runtime 0.332639, Loss 0.219714, forward nfe 0, backward nfe 0, Train: 0.9714, Val: 0.9007, Test: 0.8978, Best time: 3.5824
After OOD adjustment: Training instances of last class: 0
After OOD adjustment: Testing instances of last class: 267
Epoch: 076, Runtime 0.246814, Loss 0.216381, forward nfe 0, backward nfe 0, Train: 0.9714, Val: 0.9007, Test: 0.8978, Best time: 3.5824
After OOD adjustment: Training instances of last class: 0
After OOD adjustment: Testing instances of last class: 267
Epoch: 077, Runtime 0.241291, Loss 0.213137, forward nfe 0, backward nfe 0, Train: 0.9714, Val: 0.9007, Test: 0.8978, Best time: 3.5824
After OOD adjustment: Training instances of last class: 0
After OOD adjustment: Testing instances of last class: 267
Epoch: 078, Runtime 0.249028, Loss 0.209983, forward nfe 0, backward nfe 0, Train: 0.9714, Val: 0.9007, Test: 0.8978, Best time: 3.5824
After OOD adjustment: Training instances of last class: 0
After OOD adjustment: Testing instances of last class: 267
Epoch: 079, Runtime 0.249119, Loss 0.206914, forward nfe 0, backward nfe 0, Train: 0.9714, Val: 0.9007, Test: 0.8978, Best time: 3.5824
After OOD adjustment: Training instances of last class: 0
After OOD adjustment: Testing instances of last class: 267
Epoch: 080, Runtime 0.241332, Loss 0.203926, forward nfe 0, backward nfe 0, Train: 0.9714, Val: 0.9007, Test: 0.8978, Best time: 3.5824
After OOD adjustment: Training instances of last class: 0
After OOD adjustment: Testing instances of last class: 267
Epoch: 081, Runtime 0.243830, Loss 0.201017, forward nfe 0, backward nfe 0, Train: 0.9714, Val: 0.9007, Test: 0.8978, Best time: 3.5824
After OOD adjustment: Training instances of last class: 0
After OOD adjustment: Testing instances of last class: 267
Epoch: 082, Runtime 0.246363, Loss 0.198183, forward nfe 0, backward nfe 0, Train: 0.9714, Val: 0.9007, Test: 0.8978, Best time: 3.5824
After OOD adjustment: Training instances of last class: 0
After OOD adjustment: Testing instances of last class: 267
Epoch: 083, Runtime 0.244649, Loss 0.195417, forward nfe 0, backward nfe 0, Train: 0.9714, Val: 0.9007, Test: 0.8978, Best time: 3.5824
After OOD adjustment: Training instances of last class: 0
After OOD adjustment: Testing instances of last class: 267
Epoch: 084, Runtime 0.242177, Loss 0.192718, forward nfe 0, backward nfe 0, Train: 0.9714, Val: 0.9007, Test: 0.8978, Best time: 3.5824
After OOD adjustment: Training instances of last class: 0
After OOD adjustment: Testing instances of last class: 267
Epoch: 085, Runtime 0.240344, Loss 0.190085, forward nfe 0, backward nfe 0, Train: 0.9714, Val: 0.9007, Test: 0.8978, Best time: 3.5824
After OOD adjustment: Training instances of last class: 0
After OOD adjustment: Testing instances of last class: 267
Epoch: 086, Runtime 0.244672, Loss 0.187518, forward nfe 0, backward nfe 0, Train: 0.9714, Val: 0.9007, Test: 0.8978, Best time: 3.5824
After OOD adjustment: Training instances of last class: 0
After OOD adjustment: Testing instances of last class: 267
Epoch: 087, Runtime 0.242136, Loss 0.185012, forward nfe 0, backward nfe 0, Train: 0.9714, Val: 0.9007, Test: 0.8978, Best time: 3.5824
After OOD adjustment: Training instances of last class: 0
After OOD adjustment: Testing instances of last class: 267
Epoch: 088, Runtime 0.244086, Loss 0.182566, forward nfe 0, backward nfe 0, Train: 0.9714, Val: 0.9007, Test: 0.8978, Best time: 3.5824
After OOD adjustment: Training instances of last class: 0
After OOD adjustment: Testing instances of last class: 267
Epoch: 089, Runtime 0.249277, Loss 0.180179, forward nfe 0, backward nfe 0, Train: 0.9714, Val: 0.9007, Test: 0.8978, Best time: 3.5824
After OOD adjustment: Training instances of last class: 0
After OOD adjustment: Testing instances of last class: 267
Epoch: 090, Runtime 0.247350, Loss 0.177848, forward nfe 0, backward nfe 0, Train: 0.9714, Val: 0.9007, Test: 0.8978, Best time: 3.5824
After OOD adjustment: Training instances of last class: 0
After OOD adjustment: Testing instances of last class: 267
Epoch: 091, Runtime 0.241853, Loss 0.175569, forward nfe 0, backward nfe 0, Train: 0.9714, Val: 0.9007, Test: 0.8978, Best time: 3.5824
After OOD adjustment: Training instances of last class: 0
After OOD adjustment: Testing instances of last class: 267
Epoch: 092, Runtime 0.240494, Loss 0.173341, forward nfe 0, backward nfe 0, Train: 0.9714, Val: 0.9007, Test: 0.8978, Best time: 3.5824
After OOD adjustment: Training instances of last class: 0
After OOD adjustment: Testing instances of last class: 267
Epoch: 093, Runtime 0.240458, Loss 0.171163, forward nfe 0, backward nfe 0, Train: 0.9714, Val: 0.9007, Test: 0.8978, Best time: 3.5824
After OOD adjustment: Training instances of last class: 0
After OOD adjustment: Testing instances of last class: 267
Epoch: 094, Runtime 0.240365, Loss 0.169034, forward nfe 0, backward nfe 0, Train: 0.9714, Val: 0.9007, Test: 0.8978, Best time: 3.5824
After OOD adjustment: Training instances of last class: 0
After OOD adjustment: Testing instances of last class: 267
Epoch: 095, Runtime 0.240387, Loss 0.166951, forward nfe 0, backward nfe 0, Train: 0.9714, Val: 0.9007, Test: 0.8978, Best time: 3.5824
After OOD adjustment: Training instances of last class: 0
After OOD adjustment: Testing instances of last class: 267
Epoch: 096, Runtime 0.245680, Loss 0.164915, forward nfe 0, backward nfe 0, Train: 0.9714, Val: 0.9007, Test: 0.8978, Best time: 3.5824
After OOD adjustment: Training instances of last class: 0
After OOD adjustment: Testing instances of last class: 267
Epoch: 097, Runtime 0.248965, Loss 0.162922, forward nfe 0, backward nfe 0, Train: 0.9714, Val: 0.9007, Test: 0.8978, Best time: 3.5824
After OOD adjustment: Training instances of last class: 0
After OOD adjustment: Testing instances of last class: 267
Epoch: 098, Runtime 0.243888, Loss 0.160971, forward nfe 0, backward nfe 0, Train: 0.9714, Val: 0.9007, Test: 0.8978, Best time: 3.5824
After OOD adjustment: Training instances of last class: 0
After OOD adjustment: Testing instances of last class: 267
Epoch: 099, Runtime 0.241115, Loss 0.159061, forward nfe 0, backward nfe 0, Train: 0.9714, Val: 0.9007, Test: 0.8978, Best time: 3.5824
best val accuracy 0.900746 with test accuracy 0.897779 at epoch 75 and best time 3.582403
base_directory resutls_prob/OOD_Photo
new_name:  gnn_ODD
file_path 1 resutls_prob/OOD_Photo/gnn_ODD_prediction_probabilities_54.npz
file_path 2 resutls_prob/OOD_Photo/gnn_ODD_prediction_probabilities_54.npz
Entropy Threshold: inf Test accuracy: 0.8977785201269417
Entropy Threshold: 2 Test accuracy: 0.8977785201269417
Entropy Threshold: 1.6 Test accuracy: 0.9148490664805444
Entropy Threshold: 1.5 Test accuracy: 0.9235209235209235
Entropy Threshold: 1.4 Test accuracy: 0.9321148825065274
Entropy Threshold: 1.3 Test accuracy: 0.9421103581800581
Entropy Threshold: 1.2 Test accuracy: 0.9520422678317415
Entropy Threshold: 1.1 Test accuracy: 0.9559923093356121
Entropy Threshold: 0.9 Test accuracy: 0.9642514395393474
Entropy Threshold: 0.8 Test accuracy: 0.9697823303457106
Entropy Threshold: 0.7 Test accuracy: 0.9752808988764045
Entropy Threshold: 0.6 Test accuracy: 0.979426433915212
Entropy Threshold: 0.5 Test accuracy: 0.9830028328611898
Entropy Threshold: 0.4 Test accuracy: 0.9862728785357737
Entropy Threshold: 0.3 Test accuracy: 0.9881504379185987
Entropy Threshold: 0.2 Test accuracy: 0.9902642559109874
Entropy Threshold: 0.1 Test accuracy: 0.9916167664670659
