[KeOps] Warning : cuda was detected, but driver API could not be initialized. Switching to cpu only.
Folder already exists: results/photo
experiment: 0
Dataset size (num_nodes): 7487, Intended development set size (num_development): 1500
Dataset size (num_nodes): 7487, Actual development set size (num_development): 1500
rations: train 160, val 1340, test 5987
Before OOD adjustment: Total instances of last class: 331
Before OOD adjustment: Training instances of last class: 20
Before OOD adjustment: Testing instances of last class: 267
Before OOD adjustment: Val instances of last class: 44
total train + val+ test 331
After OOD adjustment: Training instances of last class: 0
After OOD adjustment: Testing instances of last class: 267
Total number of classes: 8
number of classes to train: 7
MyGCN2(
  (conv1): GCNConv(745, 64)
  (conv4): GCNConv(64, 7)
)
conv1.bias
torch.Size([64])
conv1.lin.weight
torch.Size([64, 745])
conv4.bias
torch.Size([7])
conv4.lin.weight
torch.Size([7, 64])
After OOD adjustment: Training instances of last class: 0
After OOD adjustment: Testing instances of last class: 267
Epoch: 001, Runtime 0.261550, Loss 2.269261, forward nfe 0, backward nfe 0, Train: 0.1786, Val: 0.1313, Test: 0.1428, Best time: 3.5824
After OOD adjustment: Training instances of last class: 0
After OOD adjustment: Testing instances of last class: 267
Epoch: 002, Runtime 0.242311, Loss 1.948301, forward nfe 0, backward nfe 0, Train: 0.1786, Val: 0.1313, Test: 0.1428, Best time: 3.5824
After OOD adjustment: Training instances of last class: 0
After OOD adjustment: Testing instances of last class: 267
Epoch: 003, Runtime 0.341137, Loss 2.006085, forward nfe 0, backward nfe 0, Train: 0.2929, Val: 0.1799, Test: 0.1944, Best time: 3.5824
After OOD adjustment: Training instances of last class: 0
After OOD adjustment: Testing instances of last class: 267
Epoch: 004, Runtime 0.330184, Loss 1.855431, forward nfe 0, backward nfe 0, Train: 0.5714, Val: 0.3716, Test: 0.4012, Best time: 3.5824
After OOD adjustment: Training instances of last class: 0
After OOD adjustment: Testing instances of last class: 267
Epoch: 005, Runtime 0.239903, Loss 1.710722, forward nfe 0, backward nfe 0, Train: 0.5714, Val: 0.3716, Test: 0.4012, Best time: 3.5824
After OOD adjustment: Training instances of last class: 0
After OOD adjustment: Testing instances of last class: 267
Epoch: 006, Runtime 0.328350, Loss 1.650005, forward nfe 0, backward nfe 0, Train: 0.4286, Val: 0.4291, Test: 0.4376, Best time: 3.5824
After OOD adjustment: Training instances of last class: 0
After OOD adjustment: Testing instances of last class: 267
Epoch: 007, Runtime 0.329697, Loss 1.606365, forward nfe 0, backward nfe 0, Train: 0.4500, Val: 0.4366, Test: 0.4328, Best time: 3.5824
After OOD adjustment: Training instances of last class: 0
After OOD adjustment: Testing instances of last class: 267
Epoch: 008, Runtime 0.329370, Loss 1.533696, forward nfe 0, backward nfe 0, Train: 0.6714, Val: 0.5836, Test: 0.5831, Best time: 3.5824
After OOD adjustment: Training instances of last class: 0
After OOD adjustment: Testing instances of last class: 267
Epoch: 009, Runtime 0.329496, Loss 1.433335, forward nfe 0, backward nfe 0, Train: 0.7071, Val: 0.6030, Test: 0.6163, Best time: 3.5824
After OOD adjustment: Training instances of last class: 0
After OOD adjustment: Testing instances of last class: 267
Epoch: 010, Runtime 0.241399, Loss 1.351273, forward nfe 0, backward nfe 0, Train: 0.7071, Val: 0.6030, Test: 0.6163, Best time: 3.5824
After OOD adjustment: Training instances of last class: 0
After OOD adjustment: Testing instances of last class: 267
Epoch: 011, Runtime 0.239450, Loss 1.301201, forward nfe 0, backward nfe 0, Train: 0.7071, Val: 0.6030, Test: 0.6163, Best time: 3.5824
After OOD adjustment: Training instances of last class: 0
After OOD adjustment: Testing instances of last class: 267
Epoch: 012, Runtime 0.240119, Loss 1.257313, forward nfe 0, backward nfe 0, Train: 0.7071, Val: 0.6030, Test: 0.6163, Best time: 3.5824
After OOD adjustment: Training instances of last class: 0
After OOD adjustment: Testing instances of last class: 267
Epoch: 013, Runtime 0.329541, Loss 1.201083, forward nfe 0, backward nfe 0, Train: 0.7929, Val: 0.6403, Test: 0.6559, Best time: 3.5824
After OOD adjustment: Training instances of last class: 0
After OOD adjustment: Testing instances of last class: 267
Epoch: 014, Runtime 0.329224, Loss 1.137145, forward nfe 0, backward nfe 0, Train: 0.8714, Val: 0.7291, Test: 0.7353, Best time: 3.5824
After OOD adjustment: Training instances of last class: 0
After OOD adjustment: Testing instances of last class: 267
Epoch: 015, Runtime 0.328709, Loss 1.078468, forward nfe 0, backward nfe 0, Train: 0.9071, Val: 0.7873, Test: 0.7872, Best time: 3.5824
After OOD adjustment: Training instances of last class: 0
After OOD adjustment: Testing instances of last class: 267
Epoch: 016, Runtime 0.328936, Loss 1.032330, forward nfe 0, backward nfe 0, Train: 0.8786, Val: 0.8007, Test: 0.7939, Best time: 3.5824
After OOD adjustment: Training instances of last class: 0
After OOD adjustment: Testing instances of last class: 267
Epoch: 017, Runtime 0.240156, Loss 0.995163, forward nfe 0, backward nfe 0, Train: 0.8786, Val: 0.8007, Test: 0.7939, Best time: 3.5824
After OOD adjustment: Training instances of last class: 0
After OOD adjustment: Testing instances of last class: 267
Epoch: 018, Runtime 0.240138, Loss 0.958090, forward nfe 0, backward nfe 0, Train: 0.8786, Val: 0.8007, Test: 0.7939, Best time: 3.5824
After OOD adjustment: Training instances of last class: 0
After OOD adjustment: Testing instances of last class: 267
Epoch: 019, Runtime 0.239772, Loss 0.917704, forward nfe 0, backward nfe 0, Train: 0.8786, Val: 0.8007, Test: 0.7939, Best time: 3.5824
After OOD adjustment: Training instances of last class: 0
After OOD adjustment: Testing instances of last class: 267
Epoch: 020, Runtime 0.239220, Loss 0.877401, forward nfe 0, backward nfe 0, Train: 0.8786, Val: 0.8007, Test: 0.7939, Best time: 3.5824
After OOD adjustment: Training instances of last class: 0
After OOD adjustment: Testing instances of last class: 267
Epoch: 021, Runtime 0.239650, Loss 0.840519, forward nfe 0, backward nfe 0, Train: 0.8786, Val: 0.8007, Test: 0.7939, Best time: 3.5824
After OOD adjustment: Training instances of last class: 0
After OOD adjustment: Testing instances of last class: 267
Epoch: 022, Runtime 0.239583, Loss 0.807788, forward nfe 0, backward nfe 0, Train: 0.8786, Val: 0.8007, Test: 0.7939, Best time: 3.5824
After OOD adjustment: Training instances of last class: 0
After OOD adjustment: Testing instances of last class: 267
Epoch: 023, Runtime 0.239520, Loss 0.778329, forward nfe 0, backward nfe 0, Train: 0.8786, Val: 0.8007, Test: 0.7939, Best time: 3.5824
After OOD adjustment: Training instances of last class: 0
After OOD adjustment: Testing instances of last class: 267
Epoch: 024, Runtime 0.328321, Loss 0.750826, forward nfe 0, backward nfe 0, Train: 0.9286, Val: 0.8209, Test: 0.8248, Best time: 3.5824
After OOD adjustment: Training instances of last class: 0
After OOD adjustment: Testing instances of last class: 267
Epoch: 025, Runtime 0.329139, Loss 0.724597, forward nfe 0, backward nfe 0, Train: 0.9286, Val: 0.8343, Test: 0.8348, Best time: 3.5824
After OOD adjustment: Training instances of last class: 0
After OOD adjustment: Testing instances of last class: 267
Epoch: 026, Runtime 0.329392, Loss 0.699490, forward nfe 0, backward nfe 0, Train: 0.9286, Val: 0.8388, Test: 0.8407, Best time: 3.5824
After OOD adjustment: Training instances of last class: 0
After OOD adjustment: Testing instances of last class: 267
Epoch: 027, Runtime 0.332829, Loss 0.675129, forward nfe 0, backward nfe 0, Train: 0.9357, Val: 0.8410, Test: 0.8455, Best time: 3.5824
After OOD adjustment: Training instances of last class: 0
After OOD adjustment: Testing instances of last class: 267
Epoch: 028, Runtime 0.331921, Loss 0.651179, forward nfe 0, backward nfe 0, Train: 0.9357, Val: 0.8425, Test: 0.8462, Best time: 3.5824
After OOD adjustment: Training instances of last class: 0
After OOD adjustment: Testing instances of last class: 267
Epoch: 029, Runtime 0.328771, Loss 0.628144, forward nfe 0, backward nfe 0, Train: 0.9429, Val: 0.8440, Test: 0.8462, Best time: 3.5824
After OOD adjustment: Training instances of last class: 0
After OOD adjustment: Testing instances of last class: 267
Epoch: 030, Runtime 0.238881, Loss 0.607002, forward nfe 0, backward nfe 0, Train: 0.9429, Val: 0.8440, Test: 0.8462, Best time: 3.5824
After OOD adjustment: Training instances of last class: 0
After OOD adjustment: Testing instances of last class: 267
Epoch: 031, Runtime 0.239204, Loss 0.588119, forward nfe 0, backward nfe 0, Train: 0.9429, Val: 0.8440, Test: 0.8462, Best time: 3.5824
After OOD adjustment: Training instances of last class: 0
After OOD adjustment: Testing instances of last class: 267
Epoch: 032, Runtime 0.238794, Loss 0.570936, forward nfe 0, backward nfe 0, Train: 0.9429, Val: 0.8440, Test: 0.8462, Best time: 3.5824
After OOD adjustment: Training instances of last class: 0
After OOD adjustment: Testing instances of last class: 267
Epoch: 033, Runtime 0.238750, Loss 0.554515, forward nfe 0, backward nfe 0, Train: 0.9429, Val: 0.8440, Test: 0.8462, Best time: 3.5824
After OOD adjustment: Training instances of last class: 0
After OOD adjustment: Testing instances of last class: 267
Epoch: 034, Runtime 0.328541, Loss 0.538198, forward nfe 0, backward nfe 0, Train: 0.9500, Val: 0.8448, Test: 0.8475, Best time: 3.5824
After OOD adjustment: Training instances of last class: 0
After OOD adjustment: Testing instances of last class: 267
Epoch: 035, Runtime 0.335917, Loss 0.521948, forward nfe 0, backward nfe 0, Train: 0.9500, Val: 0.8478, Test: 0.8512, Best time: 3.5824
After OOD adjustment: Training instances of last class: 0
After OOD adjustment: Testing instances of last class: 267
Epoch: 036, Runtime 0.331871, Loss 0.506253, forward nfe 0, backward nfe 0, Train: 0.9643, Val: 0.8537, Test: 0.8544, Best time: 3.5824
After OOD adjustment: Training instances of last class: 0
After OOD adjustment: Testing instances of last class: 267
Epoch: 037, Runtime 0.328654, Loss 0.491637, forward nfe 0, backward nfe 0, Train: 0.9643, Val: 0.8552, Test: 0.8572, Best time: 3.5824
After OOD adjustment: Training instances of last class: 0
After OOD adjustment: Testing instances of last class: 267
Epoch: 038, Runtime 0.329196, Loss 0.478210, forward nfe 0, backward nfe 0, Train: 0.9643, Val: 0.8575, Test: 0.8607, Best time: 3.5824
After OOD adjustment: Training instances of last class: 0
After OOD adjustment: Testing instances of last class: 267
Epoch: 039, Runtime 0.240934, Loss 0.465688, forward nfe 0, backward nfe 0, Train: 0.9643, Val: 0.8575, Test: 0.8607, Best time: 3.5824
After OOD adjustment: Training instances of last class: 0
After OOD adjustment: Testing instances of last class: 267
Epoch: 040, Runtime 0.327884, Loss 0.453732, forward nfe 0, backward nfe 0, Train: 0.9643, Val: 0.8597, Test: 0.8630, Best time: 3.5824
After OOD adjustment: Training instances of last class: 0
After OOD adjustment: Testing instances of last class: 267
Epoch: 041, Runtime 0.241055, Loss 0.442176, forward nfe 0, backward nfe 0, Train: 0.9643, Val: 0.8597, Test: 0.8630, Best time: 3.5824
After OOD adjustment: Training instances of last class: 0
After OOD adjustment: Testing instances of last class: 267
Epoch: 042, Runtime 0.327363, Loss 0.431005, forward nfe 0, backward nfe 0, Train: 0.9643, Val: 0.8604, Test: 0.8642, Best time: 3.5824
After OOD adjustment: Training instances of last class: 0
After OOD adjustment: Testing instances of last class: 267
Epoch: 043, Runtime 0.328835, Loss 0.420256, forward nfe 0, backward nfe 0, Train: 0.9643, Val: 0.8657, Test: 0.8687, Best time: 3.5824
After OOD adjustment: Training instances of last class: 0
After OOD adjustment: Testing instances of last class: 267
Epoch: 044, Runtime 0.337132, Loss 0.409942, forward nfe 0, backward nfe 0, Train: 0.9643, Val: 0.8709, Test: 0.8739, Best time: 3.5824
After OOD adjustment: Training instances of last class: 0
After OOD adjustment: Testing instances of last class: 267
Epoch: 045, Runtime 0.334737, Loss 0.400033, forward nfe 0, backward nfe 0, Train: 0.9643, Val: 0.8754, Test: 0.8806, Best time: 3.5824
After OOD adjustment: Training instances of last class: 0
After OOD adjustment: Testing instances of last class: 267
Epoch: 046, Runtime 0.337277, Loss 0.390498, forward nfe 0, backward nfe 0, Train: 0.9714, Val: 0.8836, Test: 0.8861, Best time: 3.5824
After OOD adjustment: Training instances of last class: 0
After OOD adjustment: Testing instances of last class: 267
Epoch: 047, Runtime 0.337617, Loss 0.381346, forward nfe 0, backward nfe 0, Train: 0.9714, Val: 0.8881, Test: 0.8891, Best time: 3.5824
After OOD adjustment: Training instances of last class: 0
After OOD adjustment: Testing instances of last class: 267
Epoch: 048, Runtime 0.338815, Loss 0.372627, forward nfe 0, backward nfe 0, Train: 0.9714, Val: 0.8896, Test: 0.8908, Best time: 3.5824
After OOD adjustment: Training instances of last class: 0
After OOD adjustment: Testing instances of last class: 267
Epoch: 049, Runtime 0.249251, Loss 0.364350, forward nfe 0, backward nfe 0, Train: 0.9714, Val: 0.8896, Test: 0.8908, Best time: 3.5824
After OOD adjustment: Training instances of last class: 0
After OOD adjustment: Testing instances of last class: 267
Epoch: 050, Runtime 0.247689, Loss 0.356453, forward nfe 0, backward nfe 0, Train: 0.9714, Val: 0.8896, Test: 0.8908, Best time: 3.5824
After OOD adjustment: Training instances of last class: 0
After OOD adjustment: Testing instances of last class: 267
Epoch: 051, Runtime 0.337016, Loss 0.348837, forward nfe 0, backward nfe 0, Train: 0.9714, Val: 0.8903, Test: 0.8938, Best time: 3.5824
After OOD adjustment: Training instances of last class: 0
After OOD adjustment: Testing instances of last class: 267
Epoch: 052, Runtime 0.242372, Loss 0.341429, forward nfe 0, backward nfe 0, Train: 0.9714, Val: 0.8903, Test: 0.8938, Best time: 3.5824
After OOD adjustment: Training instances of last class: 0
After OOD adjustment: Testing instances of last class: 267
Epoch: 053, Runtime 0.331798, Loss 0.334212, forward nfe 0, backward nfe 0, Train: 0.9714, Val: 0.8910, Test: 0.8933, Best time: 3.5824
After OOD adjustment: Training instances of last class: 0
After OOD adjustment: Testing instances of last class: 267
Epoch: 054, Runtime 0.334278, Loss 0.327214, forward nfe 0, backward nfe 0, Train: 0.9714, Val: 0.8918, Test: 0.8926, Best time: 3.5824
After OOD adjustment: Training instances of last class: 0
After OOD adjustment: Testing instances of last class: 267
Epoch: 055, Runtime 0.339863, Loss 0.320475, forward nfe 0, backward nfe 0, Train: 0.9714, Val: 0.8925, Test: 0.8924, Best time: 3.5824
After OOD adjustment: Training instances of last class: 0
After OOD adjustment: Testing instances of last class: 267
Epoch: 056, Runtime 0.244910, Loss 0.314016, forward nfe 0, backward nfe 0, Train: 0.9714, Val: 0.8925, Test: 0.8924, Best time: 3.5824
After OOD adjustment: Training instances of last class: 0
After OOD adjustment: Testing instances of last class: 267
Epoch: 057, Runtime 0.244336, Loss 0.307816, forward nfe 0, backward nfe 0, Train: 0.9714, Val: 0.8925, Test: 0.8924, Best time: 3.5824
After OOD adjustment: Training instances of last class: 0
After OOD adjustment: Testing instances of last class: 267
Epoch: 058, Runtime 0.245665, Loss 0.301837, forward nfe 0, backward nfe 0, Train: 0.9714, Val: 0.8925, Test: 0.8924, Best time: 3.5824
After OOD adjustment: Training instances of last class: 0
After OOD adjustment: Testing instances of last class: 267
Epoch: 059, Runtime 0.244183, Loss 0.296048, forward nfe 0, backward nfe 0, Train: 0.9714, Val: 0.8925, Test: 0.8924, Best time: 3.5824
After OOD adjustment: Training instances of last class: 0
After OOD adjustment: Testing instances of last class: 267
Epoch: 060, Runtime 0.245965, Loss 0.290441, forward nfe 0, backward nfe 0, Train: 0.9714, Val: 0.8925, Test: 0.8924, Best time: 3.5824
After OOD adjustment: Training instances of last class: 0
After OOD adjustment: Testing instances of last class: 267
Epoch: 061, Runtime 0.244473, Loss 0.285013, forward nfe 0, backward nfe 0, Train: 0.9714, Val: 0.8925, Test: 0.8924, Best time: 3.5824
After OOD adjustment: Training instances of last class: 0
After OOD adjustment: Testing instances of last class: 267
Epoch: 062, Runtime 0.245359, Loss 0.279761, forward nfe 0, backward nfe 0, Train: 0.9714, Val: 0.8925, Test: 0.8924, Best time: 3.5824
After OOD adjustment: Training instances of last class: 0
After OOD adjustment: Testing instances of last class: 267
Epoch: 063, Runtime 0.244236, Loss 0.274679, forward nfe 0, backward nfe 0, Train: 0.9714, Val: 0.8925, Test: 0.8924, Best time: 3.5824
After OOD adjustment: Training instances of last class: 0
After OOD adjustment: Testing instances of last class: 267
Epoch: 064, Runtime 0.244157, Loss 0.269754, forward nfe 0, backward nfe 0, Train: 0.9714, Val: 0.8925, Test: 0.8924, Best time: 3.5824
After OOD adjustment: Training instances of last class: 0
After OOD adjustment: Testing instances of last class: 267
Epoch: 065, Runtime 0.337587, Loss 0.264973, forward nfe 0, backward nfe 0, Train: 0.9714, Val: 0.8933, Test: 0.8948, Best time: 3.5824
After OOD adjustment: Training instances of last class: 0
After OOD adjustment: Testing instances of last class: 267
Epoch: 066, Runtime 0.245271, Loss 0.260332, forward nfe 0, backward nfe 0, Train: 0.9714, Val: 0.8933, Test: 0.8948, Best time: 3.5824
After OOD adjustment: Training instances of last class: 0
After OOD adjustment: Testing instances of last class: 267
Epoch: 067, Runtime 0.244952, Loss 0.255833, forward nfe 0, backward nfe 0, Train: 0.9714, Val: 0.8933, Test: 0.8948, Best time: 3.5824
After OOD adjustment: Training instances of last class: 0
After OOD adjustment: Testing instances of last class: 267
Epoch: 068, Runtime 0.244981, Loss 0.251480, forward nfe 0, backward nfe 0, Train: 0.9714, Val: 0.8933, Test: 0.8948, Best time: 3.5824
After OOD adjustment: Training instances of last class: 0
After OOD adjustment: Testing instances of last class: 267
Epoch: 069, Runtime 0.244481, Loss 0.247268, forward nfe 0, backward nfe 0, Train: 0.9714, Val: 0.8933, Test: 0.8948, Best time: 3.5824
After OOD adjustment: Training instances of last class: 0
After OOD adjustment: Testing instances of last class: 267
Epoch: 070, Runtime 0.244139, Loss 0.243188, forward nfe 0, backward nfe 0, Train: 0.9714, Val: 0.8933, Test: 0.8948, Best time: 3.5824
After OOD adjustment: Training instances of last class: 0
After OOD adjustment: Testing instances of last class: 267
Epoch: 071, Runtime 0.242196, Loss 0.239226, forward nfe 0, backward nfe 0, Train: 0.9714, Val: 0.8933, Test: 0.8948, Best time: 3.5824
After OOD adjustment: Training instances of last class: 0
After OOD adjustment: Testing instances of last class: 267
Epoch: 072, Runtime 0.241445, Loss 0.235373, forward nfe 0, backward nfe 0, Train: 0.9714, Val: 0.8933, Test: 0.8948, Best time: 3.5824
After OOD adjustment: Training instances of last class: 0
After OOD adjustment: Testing instances of last class: 267
Epoch: 073, Runtime 0.330363, Loss 0.231623, forward nfe 0, backward nfe 0, Train: 0.9786, Val: 0.8940, Test: 0.8946, Best time: 3.5824
After OOD adjustment: Training instances of last class: 0
After OOD adjustment: Testing instances of last class: 267
Epoch: 074, Runtime 0.243097, Loss 0.227975, forward nfe 0, backward nfe 0, Train: 0.9786, Val: 0.8940, Test: 0.8946, Best time: 3.5824
After OOD adjustment: Training instances of last class: 0
After OOD adjustment: Testing instances of last class: 267
Epoch: 075, Runtime 0.332808, Loss 0.224430, forward nfe 0, backward nfe 0, Train: 0.9786, Val: 0.8948, Test: 0.8951, Best time: 3.5824
After OOD adjustment: Training instances of last class: 0
After OOD adjustment: Testing instances of last class: 267
Epoch: 076, Runtime 0.240745, Loss 0.220986, forward nfe 0, backward nfe 0, Train: 0.9786, Val: 0.8948, Test: 0.8951, Best time: 3.5824
After OOD adjustment: Training instances of last class: 0
After OOD adjustment: Testing instances of last class: 267
Epoch: 077, Runtime 0.240115, Loss 0.217640, forward nfe 0, backward nfe 0, Train: 0.9786, Val: 0.8948, Test: 0.8951, Best time: 3.5824
After OOD adjustment: Training instances of last class: 0
After OOD adjustment: Testing instances of last class: 267
Epoch: 078, Runtime 0.242708, Loss 0.214385, forward nfe 0, backward nfe 0, Train: 0.9786, Val: 0.8948, Test: 0.8951, Best time: 3.5824
After OOD adjustment: Training instances of last class: 0
After OOD adjustment: Testing instances of last class: 267
Epoch: 079, Runtime 0.244886, Loss 0.211217, forward nfe 0, backward nfe 0, Train: 0.9786, Val: 0.8948, Test: 0.8951, Best time: 3.5824
After OOD adjustment: Training instances of last class: 0
After OOD adjustment: Testing instances of last class: 267
Epoch: 080, Runtime 0.242727, Loss 0.208132, forward nfe 0, backward nfe 0, Train: 0.9786, Val: 0.8948, Test: 0.8951, Best time: 3.5824
After OOD adjustment: Training instances of last class: 0
After OOD adjustment: Testing instances of last class: 267
Epoch: 081, Runtime 0.241098, Loss 0.205127, forward nfe 0, backward nfe 0, Train: 0.9786, Val: 0.8948, Test: 0.8951, Best time: 3.5824
After OOD adjustment: Training instances of last class: 0
After OOD adjustment: Testing instances of last class: 267
Epoch: 082, Runtime 0.241801, Loss 0.202201, forward nfe 0, backward nfe 0, Train: 0.9786, Val: 0.8948, Test: 0.8951, Best time: 3.5824
After OOD adjustment: Training instances of last class: 0
After OOD adjustment: Testing instances of last class: 267
Epoch: 083, Runtime 0.241553, Loss 0.199351, forward nfe 0, backward nfe 0, Train: 0.9786, Val: 0.8948, Test: 0.8951, Best time: 3.5824
After OOD adjustment: Training instances of last class: 0
After OOD adjustment: Testing instances of last class: 267
Epoch: 084, Runtime 0.241302, Loss 0.196574, forward nfe 0, backward nfe 0, Train: 0.9786, Val: 0.8948, Test: 0.8951, Best time: 3.5824
After OOD adjustment: Training instances of last class: 0
After OOD adjustment: Testing instances of last class: 267
Epoch: 085, Runtime 0.241076, Loss 0.193867, forward nfe 0, backward nfe 0, Train: 0.9786, Val: 0.8948, Test: 0.8951, Best time: 3.5824
After OOD adjustment: Training instances of last class: 0
After OOD adjustment: Testing instances of last class: 267
Epoch: 086, Runtime 0.241731, Loss 0.191225, forward nfe 0, backward nfe 0, Train: 0.9786, Val: 0.8948, Test: 0.8951, Best time: 3.5824
After OOD adjustment: Training instances of last class: 0
After OOD adjustment: Testing instances of last class: 267
Epoch: 087, Runtime 0.240763, Loss 0.188647, forward nfe 0, backward nfe 0, Train: 0.9786, Val: 0.8948, Test: 0.8951, Best time: 3.5824
After OOD adjustment: Training instances of last class: 0
After OOD adjustment: Testing instances of last class: 267
Epoch: 088, Runtime 0.332621, Loss 0.186132, forward nfe 0, backward nfe 0, Train: 0.9857, Val: 0.8955, Test: 0.8961, Best time: 3.5824
After OOD adjustment: Training instances of last class: 0
After OOD adjustment: Testing instances of last class: 267
Epoch: 089, Runtime 0.240759, Loss 0.183678, forward nfe 0, backward nfe 0, Train: 0.9857, Val: 0.8955, Test: 0.8961, Best time: 3.5824
After OOD adjustment: Training instances of last class: 0
After OOD adjustment: Testing instances of last class: 267
Epoch: 090, Runtime 0.242847, Loss 0.181283, forward nfe 0, backward nfe 0, Train: 0.9857, Val: 0.8955, Test: 0.8961, Best time: 3.5824
After OOD adjustment: Training instances of last class: 0
After OOD adjustment: Testing instances of last class: 267
Epoch: 091, Runtime 0.240894, Loss 0.178944, forward nfe 0, backward nfe 0, Train: 0.9857, Val: 0.8955, Test: 0.8961, Best time: 3.5824
After OOD adjustment: Training instances of last class: 0
After OOD adjustment: Testing instances of last class: 267
Epoch: 092, Runtime 0.240974, Loss 0.176660, forward nfe 0, backward nfe 0, Train: 0.9857, Val: 0.8955, Test: 0.8961, Best time: 3.5824
After OOD adjustment: Training instances of last class: 0
After OOD adjustment: Testing instances of last class: 267
Epoch: 093, Runtime 0.239998, Loss 0.174428, forward nfe 0, backward nfe 0, Train: 0.9857, Val: 0.8955, Test: 0.8961, Best time: 3.5824
After OOD adjustment: Training instances of last class: 0
After OOD adjustment: Testing instances of last class: 267
Epoch: 094, Runtime 0.240556, Loss 0.172246, forward nfe 0, backward nfe 0, Train: 0.9857, Val: 0.8955, Test: 0.8961, Best time: 3.5824
After OOD adjustment: Training instances of last class: 0
After OOD adjustment: Testing instances of last class: 267
Epoch: 095, Runtime 0.240936, Loss 0.170113, forward nfe 0, backward nfe 0, Train: 0.9857, Val: 0.8955, Test: 0.8961, Best time: 3.5824
After OOD adjustment: Training instances of last class: 0
After OOD adjustment: Testing instances of last class: 267
Epoch: 096, Runtime 0.241128, Loss 0.168027, forward nfe 0, backward nfe 0, Train: 0.9857, Val: 0.8955, Test: 0.8961, Best time: 3.5824
After OOD adjustment: Training instances of last class: 0
After OOD adjustment: Testing instances of last class: 267
Epoch: 097, Runtime 0.242454, Loss 0.165988, forward nfe 0, backward nfe 0, Train: 0.9857, Val: 0.8955, Test: 0.8961, Best time: 3.5824
After OOD adjustment: Training instances of last class: 0
After OOD adjustment: Testing instances of last class: 267
Epoch: 098, Runtime 0.242412, Loss 0.163993, forward nfe 0, backward nfe 0, Train: 0.9857, Val: 0.8955, Test: 0.8961, Best time: 3.5824
After OOD adjustment: Training instances of last class: 0
After OOD adjustment: Testing instances of last class: 267
Epoch: 099, Runtime 0.242484, Loss 0.162041, forward nfe 0, backward nfe 0, Train: 0.9857, Val: 0.8955, Test: 0.8961, Best time: 3.5824
best val accuracy 0.895522 with test accuracy 0.896108 at epoch 88 and best time 3.582403
base_directory resutls_prob/OOD_Photo
new_name:  gnn_ODD
file_path 1 resutls_prob/OOD_Photo/gnn_ODD_prediction_probabilities_3.npz
file_path 2 resutls_prob/OOD_Photo/gnn_ODD_prediction_probabilities_3.npz
Entropy Threshold: inf Test accuracy: 0.8961082345081008
Entropy Threshold: 2 Test accuracy: 0.8961082345081008
Entropy Threshold: 1.6 Test accuracy: 0.9106493506493506
Entropy Threshold: 1.5 Test accuracy: 0.9192745376955903
Entropy Threshold: 1.4 Test accuracy: 0.9275229357798165
Entropy Threshold: 1.3 Test accuracy: 0.9359727221064595
Entropy Threshold: 1.2 Test accuracy: 0.9453217528622188
Entropy Threshold: 1.1 Test accuracy: 0.9520463001240181
Entropy Threshold: 0.9 Test accuracy: 0.9628347183748845
Entropy Threshold: 0.8 Test accuracy: 0.967529296875
Entropy Threshold: 0.7 Test accuracy: 0.9721857780110207
Entropy Threshold: 0.6 Test accuracy: 0.9767308244757253
Entropy Threshold: 0.5 Test accuracy: 0.9802986971719098
Entropy Threshold: 0.4 Test accuracy: 0.9843693202471828
Entropy Threshold: 0.3 Test accuracy: 0.9865916955017301
Entropy Threshold: 0.2 Test accuracy: 0.9882154882154882
Entropy Threshold: 0.1 Test accuracy: 0.9929824561403509
