[KeOps] Warning : cuda was detected, but driver API could not be initialized. Switching to cpu only.
Folder already exists: results/cora
experiment: 0
Dataset size (num_nodes): 2485, Intended development set size (num_development): 1500
Dataset size (num_nodes): 2485, Actual development set size (num_development): 1500
rations: train 140, val 1360, test 985
Before OOD adjustment: Total instances of last class: 131
Before OOD adjustment: Training instances of last class: 20
Before OOD adjustment: Testing instances of last class: 55
Before OOD adjustment: Val instances of last class: 56
total train + val+ test 131
After OOD adjustment: Training instances of last class: 0
After OOD adjustment: Testing instances of last class: 55
Total number of classes: 7
number of classes to train: 6
Dataset size (num_nodes): 2485, Intended development set size (num_development): 1500
Dataset size (num_nodes): 2485, Actual development set size (num_development): 1500
rations: train 140, val 1360, test 985
within set_train_val_test_split function!
Before OOD adjustment: Total instances of last class: 131
Before OOD adjustment: Training instances of last class: 20
Before OOD adjustment: Testing instances of last class: 50
Before OOD adjustment: Val instances of last class: 61
total train + val+ test 131
After OOD adjustment: Training instances of last class: 0
After OOD adjustment: Testing instances of last class: 50
MyGCN2(
  (conv1): GCNConv(1433, 80)
  (conv4): GCNConv(80, 6)
)
conv1.bias
torch.Size([80])
conv1.lin.weight
torch.Size([80, 1433])
conv4.bias
torch.Size([6])
conv4.lin.weight
torch.Size([6, 80])
After OOD adjustment: Training instances of last class: 0
After OOD adjustment: Testing instances of last class: 50
Epoch: 001, Runtime 0.040943, Loss 1.793884, forward nfe 0, backward nfe 0, Train: 0.3583, Val: 0.3059, Test: 0.3046, Best time: 18.2948
After OOD adjustment: Training instances of last class: 0
After OOD adjustment: Testing instances of last class: 50
Epoch: 002, Runtime 0.182720, Loss 1.735677, forward nfe 0, backward nfe 0, Train: 0.6250, Val: 0.3926, Test: 0.3959, Best time: 18.2948
After OOD adjustment: Training instances of last class: 0
After OOD adjustment: Testing instances of last class: 50
Epoch: 003, Runtime 0.184425, Loss 1.678846, forward nfe 0, backward nfe 0, Train: 0.7167, Val: 0.4765, Test: 0.4883, Best time: 18.2948
After OOD adjustment: Training instances of last class: 0
After OOD adjustment: Testing instances of last class: 50
Epoch: 004, Runtime 0.175968, Loss 1.623271, forward nfe 0, backward nfe 0, Train: 0.7750, Val: 0.5294, Test: 0.5411, Best time: 18.2948
After OOD adjustment: Training instances of last class: 0
After OOD adjustment: Testing instances of last class: 50
Epoch: 005, Runtime 0.160135, Loss 1.568842, forward nfe 0, backward nfe 0, Train: 0.8250, Val: 0.5574, Test: 0.5716, Best time: 18.2948
After OOD adjustment: Training instances of last class: 0
After OOD adjustment: Testing instances of last class: 50
Epoch: 006, Runtime 0.178753, Loss 1.515471, forward nfe 0, backward nfe 0, Train: 0.8667, Val: 0.5809, Test: 0.6102, Best time: 18.2948
After OOD adjustment: Training instances of last class: 0
After OOD adjustment: Testing instances of last class: 50
Epoch: 007, Runtime 0.184301, Loss 1.463095, forward nfe 0, backward nfe 0, Train: 0.8917, Val: 0.6184, Test: 0.6376, Best time: 18.2948
After OOD adjustment: Training instances of last class: 0
After OOD adjustment: Testing instances of last class: 50
Epoch: 008, Runtime 0.168978, Loss 1.411677, forward nfe 0, backward nfe 0, Train: 0.9000, Val: 0.6382, Test: 0.6629, Best time: 18.2948
After OOD adjustment: Training instances of last class: 0
After OOD adjustment: Testing instances of last class: 50
Epoch: 009, Runtime 0.161092, Loss 1.361203, forward nfe 0, backward nfe 0, Train: 0.9083, Val: 0.6574, Test: 0.6832, Best time: 18.2948
After OOD adjustment: Training instances of last class: 0
After OOD adjustment: Testing instances of last class: 50
Epoch: 010, Runtime 0.161664, Loss 1.311680, forward nfe 0, backward nfe 0, Train: 0.9250, Val: 0.6721, Test: 0.6985, Best time: 18.2948
After OOD adjustment: Training instances of last class: 0
After OOD adjustment: Testing instances of last class: 50
Epoch: 011, Runtime 0.173777, Loss 1.263130, forward nfe 0, backward nfe 0, Train: 0.9333, Val: 0.6912, Test: 0.7239, Best time: 18.2948
After OOD adjustment: Training instances of last class: 0
After OOD adjustment: Testing instances of last class: 50
Epoch: 012, Runtime 0.160928, Loss 1.215588, forward nfe 0, backward nfe 0, Train: 0.9417, Val: 0.7051, Test: 0.7340, Best time: 18.2948
After OOD adjustment: Training instances of last class: 0
After OOD adjustment: Testing instances of last class: 50
Epoch: 013, Runtime 0.160961, Loss 1.169094, forward nfe 0, backward nfe 0, Train: 0.9500, Val: 0.7176, Test: 0.7431, Best time: 18.2948
After OOD adjustment: Training instances of last class: 0
After OOD adjustment: Testing instances of last class: 50
Epoch: 014, Runtime 0.161236, Loss 1.123692, forward nfe 0, backward nfe 0, Train: 0.9500, Val: 0.7272, Test: 0.7492, Best time: 18.2948
After OOD adjustment: Training instances of last class: 0
After OOD adjustment: Testing instances of last class: 50
Epoch: 015, Runtime 0.160536, Loss 1.079425, forward nfe 0, backward nfe 0, Train: 0.9583, Val: 0.7324, Test: 0.7553, Best time: 18.2948
After OOD adjustment: Training instances of last class: 0
After OOD adjustment: Testing instances of last class: 50
Epoch: 016, Runtime 0.161505, Loss 1.036330, forward nfe 0, backward nfe 0, Train: 0.9667, Val: 0.7404, Test: 0.7604, Best time: 18.2948
After OOD adjustment: Training instances of last class: 0
After OOD adjustment: Testing instances of last class: 50
Epoch: 017, Runtime 0.161552, Loss 0.994439, forward nfe 0, backward nfe 0, Train: 0.9667, Val: 0.7456, Test: 0.7604, Best time: 18.2948
After OOD adjustment: Training instances of last class: 0
After OOD adjustment: Testing instances of last class: 50
Epoch: 018, Runtime 0.185837, Loss 0.953780, forward nfe 0, backward nfe 0, Train: 0.9667, Val: 0.7515, Test: 0.7675, Best time: 18.2948
After OOD adjustment: Training instances of last class: 0
After OOD adjustment: Testing instances of last class: 50
Epoch: 019, Runtime 0.185318, Loss 0.914371, forward nfe 0, backward nfe 0, Train: 0.9667, Val: 0.7529, Test: 0.7706, Best time: 18.2948
After OOD adjustment: Training instances of last class: 0
After OOD adjustment: Testing instances of last class: 50
Epoch: 020, Runtime 0.184906, Loss 0.876225, forward nfe 0, backward nfe 0, Train: 0.9667, Val: 0.7559, Test: 0.7726, Best time: 18.2948
After OOD adjustment: Training instances of last class: 0
After OOD adjustment: Testing instances of last class: 50
Epoch: 021, Runtime 0.029582, Loss 0.839350, forward nfe 0, backward nfe 0, Train: 0.9667, Val: 0.7559, Test: 0.7726, Best time: 18.2948
After OOD adjustment: Training instances of last class: 0
After OOD adjustment: Testing instances of last class: 50
Epoch: 022, Runtime 0.180990, Loss 0.803749, forward nfe 0, backward nfe 0, Train: 0.9667, Val: 0.7603, Test: 0.7756, Best time: 18.2948
After OOD adjustment: Training instances of last class: 0
After OOD adjustment: Testing instances of last class: 50
Epoch: 023, Runtime 0.182005, Loss 0.769419, forward nfe 0, backward nfe 0, Train: 0.9667, Val: 0.7625, Test: 0.7777, Best time: 18.2948
After OOD adjustment: Training instances of last class: 0
After OOD adjustment: Testing instances of last class: 50
Epoch: 024, Runtime 0.028724, Loss 0.736356, forward nfe 0, backward nfe 0, Train: 0.9667, Val: 0.7625, Test: 0.7777, Best time: 18.2948
After OOD adjustment: Training instances of last class: 0
After OOD adjustment: Testing instances of last class: 50
Epoch: 025, Runtime 0.160252, Loss 0.704548, forward nfe 0, backward nfe 0, Train: 0.9667, Val: 0.7632, Test: 0.7797, Best time: 18.2948
After OOD adjustment: Training instances of last class: 0
After OOD adjustment: Testing instances of last class: 50
Epoch: 026, Runtime 0.161281, Loss 0.673983, forward nfe 0, backward nfe 0, Train: 0.9667, Val: 0.7654, Test: 0.7797, Best time: 18.2948
After OOD adjustment: Training instances of last class: 0
After OOD adjustment: Testing instances of last class: 50
Epoch: 027, Runtime 0.183940, Loss 0.644644, forward nfe 0, backward nfe 0, Train: 0.9667, Val: 0.7699, Test: 0.7787, Best time: 18.2948
After OOD adjustment: Training instances of last class: 0
After OOD adjustment: Testing instances of last class: 50
Epoch: 028, Runtime 0.187837, Loss 0.616510, forward nfe 0, backward nfe 0, Train: 0.9667, Val: 0.7721, Test: 0.7807, Best time: 18.2948
After OOD adjustment: Training instances of last class: 0
After OOD adjustment: Testing instances of last class: 50
Epoch: 029, Runtime 0.029463, Loss 0.589557, forward nfe 0, backward nfe 0, Train: 0.9667, Val: 0.7721, Test: 0.7807, Best time: 18.2948
After OOD adjustment: Training instances of last class: 0
After OOD adjustment: Testing instances of last class: 50
Epoch: 030, Runtime 0.028208, Loss 0.563758, forward nfe 0, backward nfe 0, Train: 0.9667, Val: 0.7721, Test: 0.7807, Best time: 18.2948
After OOD adjustment: Training instances of last class: 0
After OOD adjustment: Testing instances of last class: 50
Epoch: 031, Runtime 0.027833, Loss 0.539085, forward nfe 0, backward nfe 0, Train: 0.9667, Val: 0.7721, Test: 0.7807, Best time: 18.2948
After OOD adjustment: Training instances of last class: 0
After OOD adjustment: Testing instances of last class: 50
Epoch: 032, Runtime 0.028262, Loss 0.515504, forward nfe 0, backward nfe 0, Train: 0.9667, Val: 0.7721, Test: 0.7807, Best time: 18.2948
After OOD adjustment: Training instances of last class: 0
After OOD adjustment: Testing instances of last class: 50
Epoch: 033, Runtime 0.029672, Loss 0.492983, forward nfe 0, backward nfe 0, Train: 0.9667, Val: 0.7721, Test: 0.7807, Best time: 18.2948
After OOD adjustment: Training instances of last class: 0
After OOD adjustment: Testing instances of last class: 50
Epoch: 034, Runtime 0.189696, Loss 0.471486, forward nfe 0, backward nfe 0, Train: 0.9750, Val: 0.7728, Test: 0.7797, Best time: 18.2948
After OOD adjustment: Training instances of last class: 0
After OOD adjustment: Testing instances of last class: 50
Epoch: 035, Runtime 0.161350, Loss 0.450979, forward nfe 0, backward nfe 0, Train: 0.9750, Val: 0.7743, Test: 0.7797, Best time: 18.2948
After OOD adjustment: Training instances of last class: 0
After OOD adjustment: Testing instances of last class: 50
Epoch: 036, Runtime 0.028352, Loss 0.431425, forward nfe 0, backward nfe 0, Train: 0.9750, Val: 0.7743, Test: 0.7797, Best time: 18.2948
After OOD adjustment: Training instances of last class: 0
After OOD adjustment: Testing instances of last class: 50
Epoch: 037, Runtime 0.026795, Loss 0.412788, forward nfe 0, backward nfe 0, Train: 0.9750, Val: 0.7743, Test: 0.7797, Best time: 18.2948
After OOD adjustment: Training instances of last class: 0
After OOD adjustment: Testing instances of last class: 50
Epoch: 038, Runtime 0.026997, Loss 0.395031, forward nfe 0, backward nfe 0, Train: 0.9750, Val: 0.7743, Test: 0.7797, Best time: 18.2948
After OOD adjustment: Training instances of last class: 0
After OOD adjustment: Testing instances of last class: 50
Epoch: 039, Runtime 0.172167, Loss 0.378120, forward nfe 0, backward nfe 0, Train: 0.9750, Val: 0.7750, Test: 0.7736, Best time: 18.2948
After OOD adjustment: Training instances of last class: 0
After OOD adjustment: Testing instances of last class: 50
Epoch: 040, Runtime 0.029924, Loss 0.362019, forward nfe 0, backward nfe 0, Train: 0.9750, Val: 0.7750, Test: 0.7736, Best time: 18.2948
After OOD adjustment: Training instances of last class: 0
After OOD adjustment: Testing instances of last class: 50
Epoch: 041, Runtime 0.029781, Loss 0.346692, forward nfe 0, backward nfe 0, Train: 0.9750, Val: 0.7750, Test: 0.7736, Best time: 18.2948
After OOD adjustment: Training instances of last class: 0
After OOD adjustment: Testing instances of last class: 50
Epoch: 042, Runtime 0.029869, Loss 0.332106, forward nfe 0, backward nfe 0, Train: 0.9750, Val: 0.7750, Test: 0.7736, Best time: 18.2948
After OOD adjustment: Training instances of last class: 0
After OOD adjustment: Testing instances of last class: 50
Epoch: 043, Runtime 0.029099, Loss 0.318228, forward nfe 0, backward nfe 0, Train: 0.9750, Val: 0.7750, Test: 0.7736, Best time: 18.2948
After OOD adjustment: Training instances of last class: 0
After OOD adjustment: Testing instances of last class: 50
Epoch: 044, Runtime 0.027999, Loss 0.305024, forward nfe 0, backward nfe 0, Train: 0.9750, Val: 0.7750, Test: 0.7736, Best time: 18.2948
After OOD adjustment: Training instances of last class: 0
After OOD adjustment: Testing instances of last class: 50
Epoch: 045, Runtime 0.028347, Loss 0.292464, forward nfe 0, backward nfe 0, Train: 0.9750, Val: 0.7750, Test: 0.7736, Best time: 18.2948
After OOD adjustment: Training instances of last class: 0
After OOD adjustment: Testing instances of last class: 50
Epoch: 046, Runtime 0.028520, Loss 0.280516, forward nfe 0, backward nfe 0, Train: 0.9750, Val: 0.7750, Test: 0.7736, Best time: 18.2948
After OOD adjustment: Training instances of last class: 0
After OOD adjustment: Testing instances of last class: 50
Epoch: 047, Runtime 0.027522, Loss 0.269150, forward nfe 0, backward nfe 0, Train: 0.9750, Val: 0.7750, Test: 0.7736, Best time: 18.2948
After OOD adjustment: Training instances of last class: 0
After OOD adjustment: Testing instances of last class: 50
Epoch: 048, Runtime 0.026918, Loss 0.258338, forward nfe 0, backward nfe 0, Train: 0.9750, Val: 0.7750, Test: 0.7736, Best time: 18.2948
After OOD adjustment: Training instances of last class: 0
After OOD adjustment: Testing instances of last class: 50
Epoch: 049, Runtime 0.027043, Loss 0.248053, forward nfe 0, backward nfe 0, Train: 0.9750, Val: 0.7750, Test: 0.7736, Best time: 18.2948
After OOD adjustment: Training instances of last class: 0
After OOD adjustment: Testing instances of last class: 50
Epoch: 050, Runtime 0.027061, Loss 0.238267, forward nfe 0, backward nfe 0, Train: 0.9750, Val: 0.7750, Test: 0.7736, Best time: 18.2948
After OOD adjustment: Training instances of last class: 0
After OOD adjustment: Testing instances of last class: 50
Epoch: 051, Runtime 0.027148, Loss 0.228956, forward nfe 0, backward nfe 0, Train: 0.9750, Val: 0.7750, Test: 0.7736, Best time: 18.2948
After OOD adjustment: Training instances of last class: 0
After OOD adjustment: Testing instances of last class: 50
Epoch: 052, Runtime 0.027081, Loss 0.220095, forward nfe 0, backward nfe 0, Train: 0.9750, Val: 0.7750, Test: 0.7736, Best time: 18.2948
After OOD adjustment: Training instances of last class: 0
After OOD adjustment: Testing instances of last class: 50
Epoch: 053, Runtime 0.027234, Loss 0.211662, forward nfe 0, backward nfe 0, Train: 0.9750, Val: 0.7750, Test: 0.7736, Best time: 18.2948
After OOD adjustment: Training instances of last class: 0
After OOD adjustment: Testing instances of last class: 50
Epoch: 054, Runtime 0.026846, Loss 0.203634, forward nfe 0, backward nfe 0, Train: 0.9750, Val: 0.7750, Test: 0.7736, Best time: 18.2948
After OOD adjustment: Training instances of last class: 0
After OOD adjustment: Testing instances of last class: 50
Epoch: 055, Runtime 0.027113, Loss 0.195990, forward nfe 0, backward nfe 0, Train: 0.9750, Val: 0.7750, Test: 0.7736, Best time: 18.2948
After OOD adjustment: Training instances of last class: 0
After OOD adjustment: Testing instances of last class: 50
Epoch: 056, Runtime 0.026328, Loss 0.188711, forward nfe 0, backward nfe 0, Train: 0.9750, Val: 0.7750, Test: 0.7736, Best time: 18.2948
After OOD adjustment: Training instances of last class: 0
After OOD adjustment: Testing instances of last class: 50
Epoch: 057, Runtime 0.026911, Loss 0.181778, forward nfe 0, backward nfe 0, Train: 0.9750, Val: 0.7750, Test: 0.7736, Best time: 18.2948
After OOD adjustment: Training instances of last class: 0
After OOD adjustment: Testing instances of last class: 50
Epoch: 058, Runtime 0.026936, Loss 0.175172, forward nfe 0, backward nfe 0, Train: 0.9750, Val: 0.7750, Test: 0.7736, Best time: 18.2948
After OOD adjustment: Training instances of last class: 0
After OOD adjustment: Testing instances of last class: 50
Epoch: 059, Runtime 0.026305, Loss 0.168877, forward nfe 0, backward nfe 0, Train: 0.9750, Val: 0.7750, Test: 0.7736, Best time: 18.2948
After OOD adjustment: Training instances of last class: 0
After OOD adjustment: Testing instances of last class: 50
Epoch: 060, Runtime 0.026960, Loss 0.162877, forward nfe 0, backward nfe 0, Train: 0.9750, Val: 0.7750, Test: 0.7736, Best time: 18.2948
After OOD adjustment: Training instances of last class: 0
After OOD adjustment: Testing instances of last class: 50
Epoch: 061, Runtime 0.027099, Loss 0.157156, forward nfe 0, backward nfe 0, Train: 0.9750, Val: 0.7750, Test: 0.7736, Best time: 18.2948
After OOD adjustment: Training instances of last class: 0
After OOD adjustment: Testing instances of last class: 50
Epoch: 062, Runtime 0.026944, Loss 0.151699, forward nfe 0, backward nfe 0, Train: 0.9750, Val: 0.7750, Test: 0.7736, Best time: 18.2948
After OOD adjustment: Training instances of last class: 0
After OOD adjustment: Testing instances of last class: 50
Epoch: 063, Runtime 0.026938, Loss 0.146494, forward nfe 0, backward nfe 0, Train: 0.9750, Val: 0.7750, Test: 0.7736, Best time: 18.2948
After OOD adjustment: Training instances of last class: 0
After OOD adjustment: Testing instances of last class: 50
Epoch: 064, Runtime 0.027557, Loss 0.141527, forward nfe 0, backward nfe 0, Train: 0.9750, Val: 0.7750, Test: 0.7736, Best time: 18.2948
After OOD adjustment: Training instances of last class: 0
After OOD adjustment: Testing instances of last class: 50
Epoch: 065, Runtime 0.027024, Loss 0.136785, forward nfe 0, backward nfe 0, Train: 0.9750, Val: 0.7750, Test: 0.7736, Best time: 18.2948
After OOD adjustment: Training instances of last class: 0
After OOD adjustment: Testing instances of last class: 50
Epoch: 066, Runtime 0.027589, Loss 0.132257, forward nfe 0, backward nfe 0, Train: 0.9750, Val: 0.7750, Test: 0.7736, Best time: 18.2948
After OOD adjustment: Training instances of last class: 0
After OOD adjustment: Testing instances of last class: 50
Epoch: 067, Runtime 0.029856, Loss 0.127932, forward nfe 0, backward nfe 0, Train: 0.9750, Val: 0.7750, Test: 0.7736, Best time: 18.2948
After OOD adjustment: Training instances of last class: 0
After OOD adjustment: Testing instances of last class: 50
Epoch: 068, Runtime 0.029540, Loss 0.123800, forward nfe 0, backward nfe 0, Train: 0.9750, Val: 0.7750, Test: 0.7736, Best time: 18.2948
After OOD adjustment: Training instances of last class: 0
After OOD adjustment: Testing instances of last class: 50
Epoch: 069, Runtime 0.029679, Loss 0.119850, forward nfe 0, backward nfe 0, Train: 0.9750, Val: 0.7750, Test: 0.7736, Best time: 18.2948
After OOD adjustment: Training instances of last class: 0
After OOD adjustment: Testing instances of last class: 50
Epoch: 070, Runtime 0.029486, Loss 0.116073, forward nfe 0, backward nfe 0, Train: 0.9750, Val: 0.7750, Test: 0.7736, Best time: 18.2948
After OOD adjustment: Training instances of last class: 0
After OOD adjustment: Testing instances of last class: 50
Epoch: 071, Runtime 0.029421, Loss 0.112460, forward nfe 0, backward nfe 0, Train: 0.9750, Val: 0.7750, Test: 0.7736, Best time: 18.2948
After OOD adjustment: Training instances of last class: 0
After OOD adjustment: Testing instances of last class: 50
Epoch: 072, Runtime 0.029575, Loss 0.109004, forward nfe 0, backward nfe 0, Train: 0.9750, Val: 0.7750, Test: 0.7736, Best time: 18.2948
After OOD adjustment: Training instances of last class: 0
After OOD adjustment: Testing instances of last class: 50
Epoch: 073, Runtime 0.029468, Loss 0.105695, forward nfe 0, backward nfe 0, Train: 0.9750, Val: 0.7750, Test: 0.7736, Best time: 18.2948
After OOD adjustment: Training instances of last class: 0
After OOD adjustment: Testing instances of last class: 50
Epoch: 074, Runtime 0.029675, Loss 0.102527, forward nfe 0, backward nfe 0, Train: 0.9750, Val: 0.7750, Test: 0.7736, Best time: 18.2948
After OOD adjustment: Training instances of last class: 0
After OOD adjustment: Testing instances of last class: 50
Epoch: 075, Runtime 0.029876, Loss 0.099492, forward nfe 0, backward nfe 0, Train: 0.9750, Val: 0.7750, Test: 0.7736, Best time: 18.2948
After OOD adjustment: Training instances of last class: 0
After OOD adjustment: Testing instances of last class: 50
Epoch: 076, Runtime 0.029630, Loss 0.096584, forward nfe 0, backward nfe 0, Train: 0.9750, Val: 0.7750, Test: 0.7736, Best time: 18.2948
After OOD adjustment: Training instances of last class: 0
After OOD adjustment: Testing instances of last class: 50
Epoch: 077, Runtime 0.029757, Loss 0.093796, forward nfe 0, backward nfe 0, Train: 0.9750, Val: 0.7750, Test: 0.7736, Best time: 18.2948
After OOD adjustment: Training instances of last class: 0
After OOD adjustment: Testing instances of last class: 50
Epoch: 078, Runtime 0.030082, Loss 0.091123, forward nfe 0, backward nfe 0, Train: 0.9750, Val: 0.7750, Test: 0.7736, Best time: 18.2948
After OOD adjustment: Training instances of last class: 0
After OOD adjustment: Testing instances of last class: 50
Epoch: 079, Runtime 0.030107, Loss 0.088558, forward nfe 0, backward nfe 0, Train: 0.9750, Val: 0.7750, Test: 0.7736, Best time: 18.2948
After OOD adjustment: Training instances of last class: 0
After OOD adjustment: Testing instances of last class: 50
Epoch: 080, Runtime 0.029939, Loss 0.086097, forward nfe 0, backward nfe 0, Train: 0.9750, Val: 0.7750, Test: 0.7736, Best time: 18.2948
After OOD adjustment: Training instances of last class: 0
After OOD adjustment: Testing instances of last class: 50
Epoch: 081, Runtime 0.029283, Loss 0.083734, forward nfe 0, backward nfe 0, Train: 0.9750, Val: 0.7750, Test: 0.7736, Best time: 18.2948
After OOD adjustment: Training instances of last class: 0
After OOD adjustment: Testing instances of last class: 50
Epoch: 082, Runtime 0.027138, Loss 0.081464, forward nfe 0, backward nfe 0, Train: 0.9750, Val: 0.7750, Test: 0.7736, Best time: 18.2948
After OOD adjustment: Training instances of last class: 0
After OOD adjustment: Testing instances of last class: 50
Epoch: 083, Runtime 0.027121, Loss 0.079284, forward nfe 0, backward nfe 0, Train: 0.9750, Val: 0.7750, Test: 0.7736, Best time: 18.2948
After OOD adjustment: Training instances of last class: 0
After OOD adjustment: Testing instances of last class: 50
Epoch: 084, Runtime 0.026867, Loss 0.077188, forward nfe 0, backward nfe 0, Train: 0.9750, Val: 0.7750, Test: 0.7736, Best time: 18.2948
After OOD adjustment: Training instances of last class: 0
After OOD adjustment: Testing instances of last class: 50
Epoch: 085, Runtime 0.026782, Loss 0.075173, forward nfe 0, backward nfe 0, Train: 0.9750, Val: 0.7750, Test: 0.7736, Best time: 18.2948
After OOD adjustment: Training instances of last class: 0
After OOD adjustment: Testing instances of last class: 50
Epoch: 086, Runtime 0.026808, Loss 0.073235, forward nfe 0, backward nfe 0, Train: 0.9750, Val: 0.7750, Test: 0.7736, Best time: 18.2948
After OOD adjustment: Training instances of last class: 0
After OOD adjustment: Testing instances of last class: 50
Epoch: 087, Runtime 0.027017, Loss 0.071370, forward nfe 0, backward nfe 0, Train: 0.9750, Val: 0.7750, Test: 0.7736, Best time: 18.2948
After OOD adjustment: Training instances of last class: 0
After OOD adjustment: Testing instances of last class: 50
Epoch: 088, Runtime 0.026997, Loss 0.069575, forward nfe 0, backward nfe 0, Train: 0.9750, Val: 0.7750, Test: 0.7736, Best time: 18.2948
After OOD adjustment: Training instances of last class: 0
After OOD adjustment: Testing instances of last class: 50
Epoch: 089, Runtime 0.026776, Loss 0.067847, forward nfe 0, backward nfe 0, Train: 0.9750, Val: 0.7750, Test: 0.7736, Best time: 18.2948
After OOD adjustment: Training instances of last class: 0
After OOD adjustment: Testing instances of last class: 50
Epoch: 090, Runtime 0.027088, Loss 0.066181, forward nfe 0, backward nfe 0, Train: 0.9750, Val: 0.7750, Test: 0.7736, Best time: 18.2948
After OOD adjustment: Training instances of last class: 0
After OOD adjustment: Testing instances of last class: 50
Epoch: 091, Runtime 0.026815, Loss 0.064577, forward nfe 0, backward nfe 0, Train: 0.9750, Val: 0.7750, Test: 0.7736, Best time: 18.2948
After OOD adjustment: Training instances of last class: 0
After OOD adjustment: Testing instances of last class: 50
Epoch: 092, Runtime 0.027003, Loss 0.063030, forward nfe 0, backward nfe 0, Train: 0.9750, Val: 0.7750, Test: 0.7736, Best time: 18.2948
After OOD adjustment: Training instances of last class: 0
After OOD adjustment: Testing instances of last class: 50
Epoch: 093, Runtime 0.026926, Loss 0.061538, forward nfe 0, backward nfe 0, Train: 0.9750, Val: 0.7750, Test: 0.7736, Best time: 18.2948
After OOD adjustment: Training instances of last class: 0
After OOD adjustment: Testing instances of last class: 50
Epoch: 094, Runtime 0.026191, Loss 0.060099, forward nfe 0, backward nfe 0, Train: 0.9750, Val: 0.7750, Test: 0.7736, Best time: 18.2948
After OOD adjustment: Training instances of last class: 0
After OOD adjustment: Testing instances of last class: 50
Epoch: 095, Runtime 0.026777, Loss 0.058710, forward nfe 0, backward nfe 0, Train: 0.9750, Val: 0.7750, Test: 0.7736, Best time: 18.2948
After OOD adjustment: Training instances of last class: 0
After OOD adjustment: Testing instances of last class: 50
Epoch: 096, Runtime 0.026429, Loss 0.057370, forward nfe 0, backward nfe 0, Train: 0.9750, Val: 0.7750, Test: 0.7736, Best time: 18.2948
After OOD adjustment: Training instances of last class: 0
After OOD adjustment: Testing instances of last class: 50
Epoch: 097, Runtime 0.026518, Loss 0.056075, forward nfe 0, backward nfe 0, Train: 0.9750, Val: 0.7750, Test: 0.7736, Best time: 18.2948
After OOD adjustment: Training instances of last class: 0
After OOD adjustment: Testing instances of last class: 50
Epoch: 098, Runtime 0.027033, Loss 0.054824, forward nfe 0, backward nfe 0, Train: 0.9750, Val: 0.7750, Test: 0.7736, Best time: 18.2948
After OOD adjustment: Training instances of last class: 0
After OOD adjustment: Testing instances of last class: 50
Epoch: 099, Runtime 0.026892, Loss 0.053615, forward nfe 0, backward nfe 0, Train: 0.9750, Val: 0.7750, Test: 0.7736, Best time: 18.2948
best val accuracy 0.775000 with test accuracy 0.773604 at epoch 39 and best time 18.294754
base_directory resutls_prob/OOD_Cora
new_name:  gnn_ODD
file_path 1 resutls_prob/OOD_Cora/gnn_ODD_prediction_probabilities_45.npz
file_path 2 resutls_prob/OOD_Cora/gnn_ODD_prediction_probabilities_45.npz
Entropy Threshold: inf Test accuracy: 0.7736040609137056
Entropy Threshold: 2 Test accuracy: 0.7736040609137056
Entropy Threshold: 1.6 Test accuracy: 0.86608442503639
Entropy Threshold: 1.5 Test accuracy: 0.9020715630885122
Entropy Threshold: 1.4 Test accuracy: 0.9414758269720102
Entropy Threshold: 1.3 Test accuracy: 0.9493670886075949
Entropy Threshold: 1.2 Test accuracy: 0.9590163934426229
Entropy Threshold: 1.1 Test accuracy: 0.967391304347826
Entropy Threshold: 0.9 Test accuracy: 1.0
Entropy Threshold: 0.8 Test accuracy: 1.0
Entropy Threshold: 0.7 Test accuracy: 1.0
Entropy Threshold: 0.6 Test accuracy: 1.0
Entropy Threshold: 0.5 Test accuracy: 1.0
Entropy Threshold: 0.4 Test accuracy: 1.0
Entropy Threshold: 0.3 Test accuracy: 1.0
Entropy Threshold: 0.2 Test accuracy: 1.0
Entropy Threshold: 0.1 Test accuracy: 1.0
