[KeOps] Warning : cuda was detected, but driver API could not be initialized. Switching to cpu only.
Folder already exists: results/citeseer
experiment: 0
Dataset size (num_nodes): 2120, Intended development set size (num_development): 1500
Dataset size (num_nodes): 2120, Actual development set size (num_development): 1500
rations: train 120, val 1380, test 620
Before OOD adjustment: Total instances of last class: 304
Before OOD adjustment: Training instances of last class: 20
Before OOD adjustment: Testing instances of last class: 93
Before OOD adjustment: Val instances of last class: 191
total train + val+ test 304
After OOD adjustment: Training instances of last class: 0
After OOD adjustment: Testing instances of last class: 93
Total number of classes: 6
number of classes to train: 5
Dataset size (num_nodes): 2120, Intended development set size (num_development): 1500
Dataset size (num_nodes): 2120, Actual development set size (num_development): 1500
rations: train 120, val 1380, test 620
within set_train_val_test_split function!
Before OOD adjustment: Total instances of last class: 304
Before OOD adjustment: Training instances of last class: 20
Before OOD adjustment: Testing instances of last class: 77
Before OOD adjustment: Val instances of last class: 207
total train + val+ test 304
After OOD adjustment: Training instances of last class: 0
After OOD adjustment: Testing instances of last class: 77
MyGCN2(
  (conv1): GCNConv(3703, 80)
  (conv4): GCNConv(80, 5)
)
conv1.bias
torch.Size([80])
conv1.lin.weight
torch.Size([80, 3703])
conv4.bias
torch.Size([5])
conv4.lin.weight
torch.Size([5, 80])
After OOD adjustment: Training instances of last class: 0
After OOD adjustment: Testing instances of last class: 77
Epoch: 001, Runtime 0.056235, Loss 1.624301, forward nfe 0, backward nfe 0, Train: 0.6800, Val: 0.3123, Test: 0.3242, Best time: 7.8741
After OOD adjustment: Training instances of last class: 0
After OOD adjustment: Testing instances of last class: 77
Epoch: 002, Runtime 0.181004, Loss 1.498951, forward nfe 0, backward nfe 0, Train: 0.9300, Val: 0.4667, Test: 0.4774, Best time: 7.8741
After OOD adjustment: Training instances of last class: 0
After OOD adjustment: Testing instances of last class: 77
Epoch: 003, Runtime 0.166647, Loss 1.379621, forward nfe 0, backward nfe 0, Train: 0.9400, Val: 0.5319, Test: 0.5258, Best time: 7.8741
After OOD adjustment: Training instances of last class: 0
After OOD adjustment: Testing instances of last class: 77
Epoch: 004, Runtime 0.169146, Loss 1.266463, forward nfe 0, backward nfe 0, Train: 0.9500, Val: 0.5522, Test: 0.5565, Best time: 7.8741
After OOD adjustment: Training instances of last class: 0
After OOD adjustment: Testing instances of last class: 77
Epoch: 005, Runtime 0.167124, Loss 1.159745, forward nfe 0, backward nfe 0, Train: 0.9500, Val: 0.5630, Test: 0.5758, Best time: 7.8741
After OOD adjustment: Training instances of last class: 0
After OOD adjustment: Testing instances of last class: 77
Epoch: 006, Runtime 0.169515, Loss 1.059748, forward nfe 0, backward nfe 0, Train: 0.9600, Val: 0.5710, Test: 0.5726, Best time: 7.8741
After OOD adjustment: Training instances of last class: 0
After OOD adjustment: Testing instances of last class: 77
Epoch: 007, Runtime 0.166926, Loss 0.966671, forward nfe 0, backward nfe 0, Train: 0.9600, Val: 0.5746, Test: 0.5806, Best time: 7.8741
After OOD adjustment: Training instances of last class: 0
After OOD adjustment: Testing instances of last class: 77
Epoch: 008, Runtime 0.192352, Loss 0.880580, forward nfe 0, backward nfe 0, Train: 0.9600, Val: 0.5804, Test: 0.5903, Best time: 7.8741
After OOD adjustment: Training instances of last class: 0
After OOD adjustment: Testing instances of last class: 77
Epoch: 009, Runtime 0.171711, Loss 0.801397, forward nfe 0, backward nfe 0, Train: 0.9700, Val: 0.5877, Test: 0.5855, Best time: 7.8741
After OOD adjustment: Training instances of last class: 0
After OOD adjustment: Testing instances of last class: 77
Epoch: 010, Runtime 0.167055, Loss 0.728917, forward nfe 0, backward nfe 0, Train: 0.9700, Val: 0.5891, Test: 0.5823, Best time: 7.8741
After OOD adjustment: Training instances of last class: 0
After OOD adjustment: Testing instances of last class: 77
Epoch: 011, Runtime 0.169527, Loss 0.662836, forward nfe 0, backward nfe 0, Train: 0.9700, Val: 0.5906, Test: 0.5839, Best time: 7.8741
After OOD adjustment: Training instances of last class: 0
After OOD adjustment: Testing instances of last class: 77
Epoch: 012, Runtime 0.166313, Loss 0.602777, forward nfe 0, backward nfe 0, Train: 0.9700, Val: 0.5928, Test: 0.5855, Best time: 7.8741
After OOD adjustment: Training instances of last class: 0
After OOD adjustment: Testing instances of last class: 77
Epoch: 013, Runtime 0.165370, Loss 0.548322, forward nfe 0, backward nfe 0, Train: 0.9700, Val: 0.5935, Test: 0.5790, Best time: 7.8741
After OOD adjustment: Training instances of last class: 0
After OOD adjustment: Testing instances of last class: 77
Epoch: 014, Runtime 0.170641, Loss 0.499032, forward nfe 0, backward nfe 0, Train: 0.9700, Val: 0.5957, Test: 0.5790, Best time: 7.8741
After OOD adjustment: Training instances of last class: 0
After OOD adjustment: Testing instances of last class: 77
Epoch: 015, Runtime 0.168112, Loss 0.454469, forward nfe 0, backward nfe 0, Train: 0.9700, Val: 0.5971, Test: 0.5758, Best time: 7.8741
After OOD adjustment: Training instances of last class: 0
After OOD adjustment: Testing instances of last class: 77
Epoch: 016, Runtime 0.041860, Loss 0.414206, forward nfe 0, backward nfe 0, Train: 0.9700, Val: 0.5971, Test: 0.5758, Best time: 7.8741
After OOD adjustment: Training instances of last class: 0
After OOD adjustment: Testing instances of last class: 77
Epoch: 017, Runtime 0.039970, Loss 0.377841, forward nfe 0, backward nfe 0, Train: 0.9700, Val: 0.5971, Test: 0.5758, Best time: 7.8741
After OOD adjustment: Training instances of last class: 0
After OOD adjustment: Testing instances of last class: 77
Epoch: 018, Runtime 0.040023, Loss 0.344997, forward nfe 0, backward nfe 0, Train: 0.9700, Val: 0.5971, Test: 0.5758, Best time: 7.8741
After OOD adjustment: Training instances of last class: 0
After OOD adjustment: Testing instances of last class: 77
Epoch: 019, Runtime 0.040191, Loss 0.315330, forward nfe 0, backward nfe 0, Train: 0.9700, Val: 0.5971, Test: 0.5758, Best time: 7.8741
After OOD adjustment: Training instances of last class: 0
After OOD adjustment: Testing instances of last class: 77
Epoch: 020, Runtime 0.040294, Loss 0.288530, forward nfe 0, backward nfe 0, Train: 0.9700, Val: 0.5971, Test: 0.5758, Best time: 7.8741
After OOD adjustment: Training instances of last class: 0
After OOD adjustment: Testing instances of last class: 77
Epoch: 021, Runtime 0.040049, Loss 0.264313, forward nfe 0, backward nfe 0, Train: 0.9700, Val: 0.5971, Test: 0.5758, Best time: 7.8741
After OOD adjustment: Training instances of last class: 0
After OOD adjustment: Testing instances of last class: 77
Epoch: 022, Runtime 0.040323, Loss 0.242425, forward nfe 0, backward nfe 0, Train: 0.9700, Val: 0.5971, Test: 0.5758, Best time: 7.8741
After OOD adjustment: Training instances of last class: 0
After OOD adjustment: Testing instances of last class: 77
Epoch: 023, Runtime 0.039768, Loss 0.222639, forward nfe 0, backward nfe 0, Train: 0.9700, Val: 0.5971, Test: 0.5758, Best time: 7.8741
After OOD adjustment: Training instances of last class: 0
After OOD adjustment: Testing instances of last class: 77
Epoch: 024, Runtime 0.040013, Loss 0.204749, forward nfe 0, backward nfe 0, Train: 0.9700, Val: 0.5971, Test: 0.5758, Best time: 7.8741
After OOD adjustment: Training instances of last class: 0
After OOD adjustment: Testing instances of last class: 77
Epoch: 025, Runtime 0.040162, Loss 0.188572, forward nfe 0, backward nfe 0, Train: 0.9700, Val: 0.5971, Test: 0.5758, Best time: 7.8741
After OOD adjustment: Training instances of last class: 0
After OOD adjustment: Testing instances of last class: 77
Epoch: 026, Runtime 0.040047, Loss 0.173940, forward nfe 0, backward nfe 0, Train: 0.9700, Val: 0.5971, Test: 0.5758, Best time: 7.8741
After OOD adjustment: Training instances of last class: 0
After OOD adjustment: Testing instances of last class: 77
Epoch: 027, Runtime 0.040985, Loss 0.160703, forward nfe 0, backward nfe 0, Train: 0.9700, Val: 0.5971, Test: 0.5758, Best time: 7.8741
After OOD adjustment: Training instances of last class: 0
After OOD adjustment: Testing instances of last class: 77
Epoch: 028, Runtime 0.044070, Loss 0.148725, forward nfe 0, backward nfe 0, Train: 0.9700, Val: 0.5971, Test: 0.5758, Best time: 7.8741
After OOD adjustment: Training instances of last class: 0
After OOD adjustment: Testing instances of last class: 77
Epoch: 029, Runtime 0.044106, Loss 0.137881, forward nfe 0, backward nfe 0, Train: 0.9700, Val: 0.5971, Test: 0.5758, Best time: 7.8741
After OOD adjustment: Training instances of last class: 0
After OOD adjustment: Testing instances of last class: 77
Epoch: 030, Runtime 0.044030, Loss 0.128059, forward nfe 0, backward nfe 0, Train: 0.9700, Val: 0.5971, Test: 0.5758, Best time: 7.8741
After OOD adjustment: Training instances of last class: 0
After OOD adjustment: Testing instances of last class: 77
Epoch: 031, Runtime 0.044067, Loss 0.119157, forward nfe 0, backward nfe 0, Train: 0.9700, Val: 0.5971, Test: 0.5758, Best time: 7.8741
After OOD adjustment: Training instances of last class: 0
After OOD adjustment: Testing instances of last class: 77
Epoch: 032, Runtime 0.043792, Loss 0.111084, forward nfe 0, backward nfe 0, Train: 0.9700, Val: 0.5971, Test: 0.5758, Best time: 7.8741
After OOD adjustment: Training instances of last class: 0
After OOD adjustment: Testing instances of last class: 77
Epoch: 033, Runtime 0.044031, Loss 0.103756, forward nfe 0, backward nfe 0, Train: 0.9700, Val: 0.5971, Test: 0.5758, Best time: 7.8741
After OOD adjustment: Training instances of last class: 0
After OOD adjustment: Testing instances of last class: 77
Epoch: 034, Runtime 0.043473, Loss 0.097098, forward nfe 0, backward nfe 0, Train: 0.9700, Val: 0.5971, Test: 0.5758, Best time: 7.8741
After OOD adjustment: Training instances of last class: 0
After OOD adjustment: Testing instances of last class: 77
Epoch: 035, Runtime 0.040129, Loss 0.091044, forward nfe 0, backward nfe 0, Train: 0.9700, Val: 0.5971, Test: 0.5758, Best time: 7.8741
After OOD adjustment: Training instances of last class: 0
After OOD adjustment: Testing instances of last class: 77
Epoch: 036, Runtime 0.039967, Loss 0.085532, forward nfe 0, backward nfe 0, Train: 0.9700, Val: 0.5971, Test: 0.5758, Best time: 7.8741
After OOD adjustment: Training instances of last class: 0
After OOD adjustment: Testing instances of last class: 77
Epoch: 037, Runtime 0.040183, Loss 0.080507, forward nfe 0, backward nfe 0, Train: 0.9700, Val: 0.5971, Test: 0.5758, Best time: 7.8741
After OOD adjustment: Training instances of last class: 0
After OOD adjustment: Testing instances of last class: 77
Epoch: 038, Runtime 0.040183, Loss 0.075922, forward nfe 0, backward nfe 0, Train: 0.9700, Val: 0.5971, Test: 0.5758, Best time: 7.8741
After OOD adjustment: Training instances of last class: 0
After OOD adjustment: Testing instances of last class: 77
Epoch: 039, Runtime 0.039969, Loss 0.071731, forward nfe 0, backward nfe 0, Train: 0.9700, Val: 0.5971, Test: 0.5758, Best time: 7.8741
After OOD adjustment: Training instances of last class: 0
After OOD adjustment: Testing instances of last class: 77
Epoch: 040, Runtime 0.039794, Loss 0.067894, forward nfe 0, backward nfe 0, Train: 0.9700, Val: 0.5971, Test: 0.5758, Best time: 7.8741
After OOD adjustment: Training instances of last class: 0
After OOD adjustment: Testing instances of last class: 77
Epoch: 041, Runtime 0.039915, Loss 0.064377, forward nfe 0, backward nfe 0, Train: 0.9700, Val: 0.5971, Test: 0.5758, Best time: 7.8741
After OOD adjustment: Training instances of last class: 0
After OOD adjustment: Testing instances of last class: 77
Epoch: 042, Runtime 0.040191, Loss 0.061146, forward nfe 0, backward nfe 0, Train: 0.9700, Val: 0.5971, Test: 0.5758, Best time: 7.8741
After OOD adjustment: Training instances of last class: 0
After OOD adjustment: Testing instances of last class: 77
Epoch: 043, Runtime 0.040011, Loss 0.058172, forward nfe 0, backward nfe 0, Train: 0.9700, Val: 0.5971, Test: 0.5758, Best time: 7.8741
After OOD adjustment: Training instances of last class: 0
After OOD adjustment: Testing instances of last class: 77
Epoch: 044, Runtime 0.040569, Loss 0.055430, forward nfe 0, backward nfe 0, Train: 0.9700, Val: 0.5971, Test: 0.5758, Best time: 7.8741
After OOD adjustment: Training instances of last class: 0
After OOD adjustment: Testing instances of last class: 77
Epoch: 045, Runtime 0.040113, Loss 0.052897, forward nfe 0, backward nfe 0, Train: 0.9700, Val: 0.5971, Test: 0.5758, Best time: 7.8741
After OOD adjustment: Training instances of last class: 0
After OOD adjustment: Testing instances of last class: 77
Epoch: 046, Runtime 0.040205, Loss 0.050554, forward nfe 0, backward nfe 0, Train: 0.9700, Val: 0.5971, Test: 0.5758, Best time: 7.8741
After OOD adjustment: Training instances of last class: 0
After OOD adjustment: Testing instances of last class: 77
Epoch: 047, Runtime 0.039850, Loss 0.048381, forward nfe 0, backward nfe 0, Train: 0.9700, Val: 0.5971, Test: 0.5758, Best time: 7.8741
After OOD adjustment: Training instances of last class: 0
After OOD adjustment: Testing instances of last class: 77
Epoch: 048, Runtime 0.039739, Loss 0.046362, forward nfe 0, backward nfe 0, Train: 0.9700, Val: 0.5971, Test: 0.5758, Best time: 7.8741
After OOD adjustment: Training instances of last class: 0
After OOD adjustment: Testing instances of last class: 77
Epoch: 049, Runtime 0.040071, Loss 0.044485, forward nfe 0, backward nfe 0, Train: 0.9700, Val: 0.5971, Test: 0.5758, Best time: 7.8741
After OOD adjustment: Training instances of last class: 0
After OOD adjustment: Testing instances of last class: 77
Epoch: 050, Runtime 0.039893, Loss 0.042735, forward nfe 0, backward nfe 0, Train: 0.9700, Val: 0.5971, Test: 0.5758, Best time: 7.8741
After OOD adjustment: Training instances of last class: 0
After OOD adjustment: Testing instances of last class: 77
Epoch: 051, Runtime 0.040062, Loss 0.041102, forward nfe 0, backward nfe 0, Train: 0.9700, Val: 0.5971, Test: 0.5758, Best time: 7.8741
After OOD adjustment: Training instances of last class: 0
After OOD adjustment: Testing instances of last class: 77
Epoch: 052, Runtime 0.040784, Loss 0.039575, forward nfe 0, backward nfe 0, Train: 0.9700, Val: 0.5971, Test: 0.5758, Best time: 7.8741
After OOD adjustment: Training instances of last class: 0
After OOD adjustment: Testing instances of last class: 77
Epoch: 053, Runtime 0.040029, Loss 0.038144, forward nfe 0, backward nfe 0, Train: 0.9700, Val: 0.5971, Test: 0.5758, Best time: 7.8741
After OOD adjustment: Training instances of last class: 0
After OOD adjustment: Testing instances of last class: 77
Epoch: 054, Runtime 0.039845, Loss 0.036802, forward nfe 0, backward nfe 0, Train: 0.9700, Val: 0.5971, Test: 0.5758, Best time: 7.8741
After OOD adjustment: Training instances of last class: 0
After OOD adjustment: Testing instances of last class: 77
Epoch: 055, Runtime 0.040022, Loss 0.035541, forward nfe 0, backward nfe 0, Train: 0.9700, Val: 0.5971, Test: 0.5758, Best time: 7.8741
After OOD adjustment: Training instances of last class: 0
After OOD adjustment: Testing instances of last class: 77
Epoch: 056, Runtime 0.040075, Loss 0.034355, forward nfe 0, backward nfe 0, Train: 0.9700, Val: 0.5971, Test: 0.5758, Best time: 7.8741
After OOD adjustment: Training instances of last class: 0
After OOD adjustment: Testing instances of last class: 77
Epoch: 057, Runtime 0.040110, Loss 0.033236, forward nfe 0, backward nfe 0, Train: 0.9700, Val: 0.5971, Test: 0.5758, Best time: 7.8741
After OOD adjustment: Training instances of last class: 0
After OOD adjustment: Testing instances of last class: 77
Epoch: 058, Runtime 0.039963, Loss 0.032180, forward nfe 0, backward nfe 0, Train: 0.9700, Val: 0.5971, Test: 0.5758, Best time: 7.8741
After OOD adjustment: Training instances of last class: 0
After OOD adjustment: Testing instances of last class: 77
Epoch: 059, Runtime 0.039857, Loss 0.031183, forward nfe 0, backward nfe 0, Train: 0.9700, Val: 0.5971, Test: 0.5758, Best time: 7.8741
After OOD adjustment: Training instances of last class: 0
After OOD adjustment: Testing instances of last class: 77
Epoch: 060, Runtime 0.040012, Loss 0.030239, forward nfe 0, backward nfe 0, Train: 0.9700, Val: 0.5971, Test: 0.5758, Best time: 7.8741
After OOD adjustment: Training instances of last class: 0
After OOD adjustment: Testing instances of last class: 77
Epoch: 061, Runtime 0.040311, Loss 0.029344, forward nfe 0, backward nfe 0, Train: 0.9700, Val: 0.5971, Test: 0.5758, Best time: 7.8741
After OOD adjustment: Training instances of last class: 0
After OOD adjustment: Testing instances of last class: 77
Epoch: 062, Runtime 0.040409, Loss 0.028495, forward nfe 0, backward nfe 0, Train: 0.9700, Val: 0.5971, Test: 0.5758, Best time: 7.8741
After OOD adjustment: Training instances of last class: 0
After OOD adjustment: Testing instances of last class: 77
Epoch: 063, Runtime 0.039951, Loss 0.027689, forward nfe 0, backward nfe 0, Train: 0.9700, Val: 0.5971, Test: 0.5758, Best time: 7.8741
After OOD adjustment: Training instances of last class: 0
After OOD adjustment: Testing instances of last class: 77
Epoch: 064, Runtime 0.039761, Loss 0.026923, forward nfe 0, backward nfe 0, Train: 0.9700, Val: 0.5971, Test: 0.5758, Best time: 7.8741
After OOD adjustment: Training instances of last class: 0
After OOD adjustment: Testing instances of last class: 77
Epoch: 065, Runtime 0.040110, Loss 0.026194, forward nfe 0, backward nfe 0, Train: 0.9700, Val: 0.5971, Test: 0.5758, Best time: 7.8741
After OOD adjustment: Training instances of last class: 0
After OOD adjustment: Testing instances of last class: 77
Epoch: 066, Runtime 0.039895, Loss 0.025498, forward nfe 0, backward nfe 0, Train: 0.9700, Val: 0.5971, Test: 0.5758, Best time: 7.8741
After OOD adjustment: Training instances of last class: 0
After OOD adjustment: Testing instances of last class: 77
Epoch: 067, Runtime 0.039830, Loss 0.024835, forward nfe 0, backward nfe 0, Train: 0.9700, Val: 0.5971, Test: 0.5758, Best time: 7.8741
After OOD adjustment: Training instances of last class: 0
After OOD adjustment: Testing instances of last class: 77
Epoch: 068, Runtime 0.039976, Loss 0.024201, forward nfe 0, backward nfe 0, Train: 0.9700, Val: 0.5971, Test: 0.5758, Best time: 7.8741
After OOD adjustment: Training instances of last class: 0
After OOD adjustment: Testing instances of last class: 77
Epoch: 069, Runtime 0.040223, Loss 0.023596, forward nfe 0, backward nfe 0, Train: 0.9700, Val: 0.5971, Test: 0.5758, Best time: 7.8741
After OOD adjustment: Training instances of last class: 0
After OOD adjustment: Testing instances of last class: 77
Epoch: 070, Runtime 0.041965, Loss 0.023016, forward nfe 0, backward nfe 0, Train: 0.9700, Val: 0.5971, Test: 0.5758, Best time: 7.8741
After OOD adjustment: Training instances of last class: 0
After OOD adjustment: Testing instances of last class: 77
Epoch: 071, Runtime 0.040375, Loss 0.022461, forward nfe 0, backward nfe 0, Train: 0.9700, Val: 0.5971, Test: 0.5758, Best time: 7.8741
After OOD adjustment: Training instances of last class: 0
After OOD adjustment: Testing instances of last class: 77
Epoch: 072, Runtime 0.044538, Loss 0.021929, forward nfe 0, backward nfe 0, Train: 0.9700, Val: 0.5971, Test: 0.5758, Best time: 7.8741
After OOD adjustment: Training instances of last class: 0
After OOD adjustment: Testing instances of last class: 77
Epoch: 073, Runtime 0.044538, Loss 0.021419, forward nfe 0, backward nfe 0, Train: 0.9700, Val: 0.5971, Test: 0.5758, Best time: 7.8741
After OOD adjustment: Training instances of last class: 0
After OOD adjustment: Testing instances of last class: 77
Epoch: 074, Runtime 0.044183, Loss 0.020929, forward nfe 0, backward nfe 0, Train: 0.9700, Val: 0.5971, Test: 0.5758, Best time: 7.8741
After OOD adjustment: Training instances of last class: 0
After OOD adjustment: Testing instances of last class: 77
Epoch: 075, Runtime 0.044152, Loss 0.020458, forward nfe 0, backward nfe 0, Train: 0.9700, Val: 0.5971, Test: 0.5758, Best time: 7.8741
After OOD adjustment: Training instances of last class: 0
After OOD adjustment: Testing instances of last class: 77
Epoch: 076, Runtime 0.043725, Loss 0.020005, forward nfe 0, backward nfe 0, Train: 0.9700, Val: 0.5971, Test: 0.5758, Best time: 7.8741
After OOD adjustment: Training instances of last class: 0
After OOD adjustment: Testing instances of last class: 77
Epoch: 077, Runtime 0.043116, Loss 0.019569, forward nfe 0, backward nfe 0, Train: 0.9700, Val: 0.5971, Test: 0.5758, Best time: 7.8741
After OOD adjustment: Training instances of last class: 0
After OOD adjustment: Testing instances of last class: 77
Epoch: 078, Runtime 0.039912, Loss 0.019149, forward nfe 0, backward nfe 0, Train: 0.9700, Val: 0.5971, Test: 0.5758, Best time: 7.8741
After OOD adjustment: Training instances of last class: 0
After OOD adjustment: Testing instances of last class: 77
Epoch: 079, Runtime 0.040306, Loss 0.018744, forward nfe 0, backward nfe 0, Train: 0.9700, Val: 0.5971, Test: 0.5758, Best time: 7.8741
After OOD adjustment: Training instances of last class: 0
After OOD adjustment: Testing instances of last class: 77
Epoch: 080, Runtime 0.040103, Loss 0.018354, forward nfe 0, backward nfe 0, Train: 0.9700, Val: 0.5971, Test: 0.5758, Best time: 7.8741
After OOD adjustment: Training instances of last class: 0
After OOD adjustment: Testing instances of last class: 77
Epoch: 081, Runtime 0.040080, Loss 0.017977, forward nfe 0, backward nfe 0, Train: 0.9700, Val: 0.5971, Test: 0.5758, Best time: 7.8741
After OOD adjustment: Training instances of last class: 0
After OOD adjustment: Testing instances of last class: 77
Epoch: 082, Runtime 0.040410, Loss 0.017613, forward nfe 0, backward nfe 0, Train: 0.9700, Val: 0.5971, Test: 0.5758, Best time: 7.8741
After OOD adjustment: Training instances of last class: 0
After OOD adjustment: Testing instances of last class: 77
Epoch: 083, Runtime 0.040148, Loss 0.017261, forward nfe 0, backward nfe 0, Train: 0.9700, Val: 0.5971, Test: 0.5758, Best time: 7.8741
After OOD adjustment: Training instances of last class: 0
After OOD adjustment: Testing instances of last class: 77
Epoch: 084, Runtime 0.040014, Loss 0.016921, forward nfe 0, backward nfe 0, Train: 0.9700, Val: 0.5971, Test: 0.5758, Best time: 7.8741
After OOD adjustment: Training instances of last class: 0
After OOD adjustment: Testing instances of last class: 77
Epoch: 085, Runtime 0.039909, Loss 0.016592, forward nfe 0, backward nfe 0, Train: 0.9700, Val: 0.5971, Test: 0.5758, Best time: 7.8741
After OOD adjustment: Training instances of last class: 0
After OOD adjustment: Testing instances of last class: 77
Epoch: 086, Runtime 0.040097, Loss 0.016274, forward nfe 0, backward nfe 0, Train: 0.9700, Val: 0.5971, Test: 0.5758, Best time: 7.8741
After OOD adjustment: Training instances of last class: 0
After OOD adjustment: Testing instances of last class: 77
Epoch: 087, Runtime 0.039918, Loss 0.015965, forward nfe 0, backward nfe 0, Train: 0.9700, Val: 0.5971, Test: 0.5758, Best time: 7.8741
After OOD adjustment: Training instances of last class: 0
After OOD adjustment: Testing instances of last class: 77
Epoch: 088, Runtime 0.040009, Loss 0.015666, forward nfe 0, backward nfe 0, Train: 0.9700, Val: 0.5971, Test: 0.5758, Best time: 7.8741
After OOD adjustment: Training instances of last class: 0
After OOD adjustment: Testing instances of last class: 77
Epoch: 089, Runtime 0.040201, Loss 0.015377, forward nfe 0, backward nfe 0, Train: 0.9700, Val: 0.5971, Test: 0.5758, Best time: 7.8741
After OOD adjustment: Training instances of last class: 0
After OOD adjustment: Testing instances of last class: 77
Epoch: 090, Runtime 0.039804, Loss 0.015096, forward nfe 0, backward nfe 0, Train: 0.9700, Val: 0.5971, Test: 0.5758, Best time: 7.8741
After OOD adjustment: Training instances of last class: 0
After OOD adjustment: Testing instances of last class: 77
Epoch: 091, Runtime 0.039876, Loss 0.014823, forward nfe 0, backward nfe 0, Train: 0.9700, Val: 0.5971, Test: 0.5758, Best time: 7.8741
After OOD adjustment: Training instances of last class: 0
After OOD adjustment: Testing instances of last class: 77
Epoch: 092, Runtime 0.039904, Loss 0.014558, forward nfe 0, backward nfe 0, Train: 0.9700, Val: 0.5971, Test: 0.5758, Best time: 7.8741
After OOD adjustment: Training instances of last class: 0
After OOD adjustment: Testing instances of last class: 77
Epoch: 093, Runtime 0.039877, Loss 0.014301, forward nfe 0, backward nfe 0, Train: 0.9700, Val: 0.5971, Test: 0.5758, Best time: 7.8741
After OOD adjustment: Training instances of last class: 0
After OOD adjustment: Testing instances of last class: 77
Epoch: 094, Runtime 0.039975, Loss 0.014051, forward nfe 0, backward nfe 0, Train: 0.9700, Val: 0.5971, Test: 0.5758, Best time: 7.8741
After OOD adjustment: Training instances of last class: 0
After OOD adjustment: Testing instances of last class: 77
Epoch: 095, Runtime 0.040237, Loss 0.013808, forward nfe 0, backward nfe 0, Train: 0.9700, Val: 0.5971, Test: 0.5758, Best time: 7.8741
After OOD adjustment: Training instances of last class: 0
After OOD adjustment: Testing instances of last class: 77
Epoch: 096, Runtime 0.039934, Loss 0.013572, forward nfe 0, backward nfe 0, Train: 0.9700, Val: 0.5971, Test: 0.5758, Best time: 7.8741
After OOD adjustment: Training instances of last class: 0
After OOD adjustment: Testing instances of last class: 77
Epoch: 097, Runtime 0.039838, Loss 0.013343, forward nfe 0, backward nfe 0, Train: 0.9700, Val: 0.5971, Test: 0.5758, Best time: 7.8741
After OOD adjustment: Training instances of last class: 0
After OOD adjustment: Testing instances of last class: 77
Epoch: 098, Runtime 0.039744, Loss 0.013119, forward nfe 0, backward nfe 0, Train: 0.9700, Val: 0.5971, Test: 0.5758, Best time: 7.8741
After OOD adjustment: Training instances of last class: 0
After OOD adjustment: Testing instances of last class: 77
Epoch: 099, Runtime 0.040013, Loss 0.012902, forward nfe 0, backward nfe 0, Train: 0.9700, Val: 0.5971, Test: 0.5758, Best time: 7.8741
After OOD adjustment: Training instances of last class: 0
After OOD adjustment: Testing instances of last class: 77
Epoch: 100, Runtime 0.039973, Loss 0.012690, forward nfe 0, backward nfe 0, Train: 0.9700, Val: 0.5971, Test: 0.5758, Best time: 7.8741
After OOD adjustment: Training instances of last class: 0
After OOD adjustment: Testing instances of last class: 77
Epoch: 101, Runtime 0.039833, Loss 0.012484, forward nfe 0, backward nfe 0, Train: 0.9700, Val: 0.5971, Test: 0.5758, Best time: 7.8741
After OOD adjustment: Training instances of last class: 0
After OOD adjustment: Testing instances of last class: 77
Epoch: 102, Runtime 0.040152, Loss 0.012283, forward nfe 0, backward nfe 0, Train: 0.9700, Val: 0.5971, Test: 0.5758, Best time: 7.8741
After OOD adjustment: Training instances of last class: 0
After OOD adjustment: Testing instances of last class: 77
Epoch: 103, Runtime 0.039869, Loss 0.012087, forward nfe 0, backward nfe 0, Train: 0.9700, Val: 0.5971, Test: 0.5758, Best time: 7.8741
After OOD adjustment: Training instances of last class: 0
After OOD adjustment: Testing instances of last class: 77
Epoch: 104, Runtime 0.040203, Loss 0.011896, forward nfe 0, backward nfe 0, Train: 0.9700, Val: 0.5971, Test: 0.5758, Best time: 7.8741
After OOD adjustment: Training instances of last class: 0
After OOD adjustment: Testing instances of last class: 77
Epoch: 105, Runtime 0.040273, Loss 0.011709, forward nfe 0, backward nfe 0, Train: 0.9700, Val: 0.5971, Test: 0.5758, Best time: 7.8741
After OOD adjustment: Training instances of last class: 0
After OOD adjustment: Testing instances of last class: 77
Epoch: 106, Runtime 0.039959, Loss 0.011528, forward nfe 0, backward nfe 0, Train: 0.9700, Val: 0.5971, Test: 0.5758, Best time: 7.8741
After OOD adjustment: Training instances of last class: 0
After OOD adjustment: Testing instances of last class: 77
Epoch: 107, Runtime 0.039892, Loss 0.011351, forward nfe 0, backward nfe 0, Train: 0.9700, Val: 0.5971, Test: 0.5758, Best time: 7.8741
After OOD adjustment: Training instances of last class: 0
After OOD adjustment: Testing instances of last class: 77
Epoch: 108, Runtime 0.040148, Loss 0.011178, forward nfe 0, backward nfe 0, Train: 0.9700, Val: 0.5971, Test: 0.5758, Best time: 7.8741
After OOD adjustment: Training instances of last class: 0
After OOD adjustment: Testing instances of last class: 77
Epoch: 109, Runtime 0.039931, Loss 0.011009, forward nfe 0, backward nfe 0, Train: 0.9700, Val: 0.5971, Test: 0.5758, Best time: 7.8741
After OOD adjustment: Training instances of last class: 0
After OOD adjustment: Testing instances of last class: 77
Epoch: 110, Runtime 0.040004, Loss 0.010844, forward nfe 0, backward nfe 0, Train: 0.9700, Val: 0.5971, Test: 0.5758, Best time: 7.8741
After OOD adjustment: Training instances of last class: 0
After OOD adjustment: Testing instances of last class: 77
Epoch: 111, Runtime 0.039977, Loss 0.010683, forward nfe 0, backward nfe 0, Train: 0.9700, Val: 0.5971, Test: 0.5758, Best time: 7.8741
After OOD adjustment: Training instances of last class: 0
After OOD adjustment: Testing instances of last class: 77
Epoch: 112, Runtime 0.039789, Loss 0.010526, forward nfe 0, backward nfe 0, Train: 0.9700, Val: 0.5971, Test: 0.5758, Best time: 7.8741
After OOD adjustment: Training instances of last class: 0
After OOD adjustment: Testing instances of last class: 77
Epoch: 113, Runtime 0.039856, Loss 0.010372, forward nfe 0, backward nfe 0, Train: 0.9700, Val: 0.5971, Test: 0.5758, Best time: 7.8741
After OOD adjustment: Training instances of last class: 0
After OOD adjustment: Testing instances of last class: 77
Epoch: 114, Runtime 0.040085, Loss 0.010222, forward nfe 0, backward nfe 0, Train: 0.9700, Val: 0.5971, Test: 0.5758, Best time: 7.8741
After OOD adjustment: Training instances of last class: 0
After OOD adjustment: Testing instances of last class: 77
Epoch: 115, Runtime 0.040386, Loss 0.010075, forward nfe 0, backward nfe 0, Train: 0.9700, Val: 0.5971, Test: 0.5758, Best time: 7.8741
After OOD adjustment: Training instances of last class: 0
After OOD adjustment: Testing instances of last class: 77
Epoch: 116, Runtime 0.043659, Loss 0.009931, forward nfe 0, backward nfe 0, Train: 0.9700, Val: 0.5971, Test: 0.5758, Best time: 7.8741
After OOD adjustment: Training instances of last class: 0
After OOD adjustment: Testing instances of last class: 77
Epoch: 117, Runtime 0.044714, Loss 0.009791, forward nfe 0, backward nfe 0, Train: 0.9700, Val: 0.5971, Test: 0.5758, Best time: 7.8741
After OOD adjustment: Training instances of last class: 0
After OOD adjustment: Testing instances of last class: 77
Epoch: 118, Runtime 0.044047, Loss 0.009654, forward nfe 0, backward nfe 0, Train: 0.9700, Val: 0.5971, Test: 0.5758, Best time: 7.8741
After OOD adjustment: Training instances of last class: 0
After OOD adjustment: Testing instances of last class: 77
Epoch: 119, Runtime 0.044245, Loss 0.009519, forward nfe 0, backward nfe 0, Train: 0.9700, Val: 0.5971, Test: 0.5758, Best time: 7.8741
After OOD adjustment: Training instances of last class: 0
After OOD adjustment: Testing instances of last class: 77
Epoch: 120, Runtime 0.044445, Loss 0.009388, forward nfe 0, backward nfe 0, Train: 0.9700, Val: 0.5971, Test: 0.5758, Best time: 7.8741
After OOD adjustment: Training instances of last class: 0
After OOD adjustment: Testing instances of last class: 77
Epoch: 121, Runtime 0.043023, Loss 0.009259, forward nfe 0, backward nfe 0, Train: 0.9700, Val: 0.5971, Test: 0.5758, Best time: 7.8741
After OOD adjustment: Training instances of last class: 0
After OOD adjustment: Testing instances of last class: 77
Epoch: 122, Runtime 0.040097, Loss 0.009133, forward nfe 0, backward nfe 0, Train: 0.9700, Val: 0.5971, Test: 0.5758, Best time: 7.8741
After OOD adjustment: Training instances of last class: 0
After OOD adjustment: Testing instances of last class: 77
Epoch: 123, Runtime 0.039962, Loss 0.009010, forward nfe 0, backward nfe 0, Train: 0.9700, Val: 0.5971, Test: 0.5758, Best time: 7.8741
After OOD adjustment: Training instances of last class: 0
After OOD adjustment: Testing instances of last class: 77
Epoch: 124, Runtime 0.039781, Loss 0.008889, forward nfe 0, backward nfe 0, Train: 0.9700, Val: 0.5971, Test: 0.5758, Best time: 7.8741
After OOD adjustment: Training instances of last class: 0
After OOD adjustment: Testing instances of last class: 77
Epoch: 125, Runtime 0.039783, Loss 0.008771, forward nfe 0, backward nfe 0, Train: 0.9700, Val: 0.5971, Test: 0.5758, Best time: 7.8741
After OOD adjustment: Training instances of last class: 0
After OOD adjustment: Testing instances of last class: 77
Epoch: 126, Runtime 0.039744, Loss 0.008655, forward nfe 0, backward nfe 0, Train: 0.9700, Val: 0.5971, Test: 0.5758, Best time: 7.8741
After OOD adjustment: Training instances of last class: 0
After OOD adjustment: Testing instances of last class: 77
Epoch: 127, Runtime 0.039912, Loss 0.008542, forward nfe 0, backward nfe 0, Train: 0.9700, Val: 0.5971, Test: 0.5758, Best time: 7.8741
After OOD adjustment: Training instances of last class: 0
After OOD adjustment: Testing instances of last class: 77
Epoch: 128, Runtime 0.039778, Loss 0.008431, forward nfe 0, backward nfe 0, Train: 0.9700, Val: 0.5971, Test: 0.5758, Best time: 7.8741
After OOD adjustment: Training instances of last class: 0
After OOD adjustment: Testing instances of last class: 77
Epoch: 129, Runtime 0.039866, Loss 0.008322, forward nfe 0, backward nfe 0, Train: 0.9700, Val: 0.5971, Test: 0.5758, Best time: 7.8741
After OOD adjustment: Training instances of last class: 0
After OOD adjustment: Testing instances of last class: 77
Epoch: 130, Runtime 0.039988, Loss 0.008215, forward nfe 0, backward nfe 0, Train: 0.9700, Val: 0.5971, Test: 0.5758, Best time: 7.8741
After OOD adjustment: Training instances of last class: 0
After OOD adjustment: Testing instances of last class: 77
Epoch: 131, Runtime 0.040019, Loss 0.008111, forward nfe 0, backward nfe 0, Train: 0.9700, Val: 0.5971, Test: 0.5758, Best time: 7.8741
After OOD adjustment: Training instances of last class: 0
After OOD adjustment: Testing instances of last class: 77
Epoch: 132, Runtime 0.039976, Loss 0.008008, forward nfe 0, backward nfe 0, Train: 0.9700, Val: 0.5971, Test: 0.5758, Best time: 7.8741
After OOD adjustment: Training instances of last class: 0
After OOD adjustment: Testing instances of last class: 77
Epoch: 133, Runtime 0.039979, Loss 0.007907, forward nfe 0, backward nfe 0, Train: 0.9700, Val: 0.5971, Test: 0.5758, Best time: 7.8741
After OOD adjustment: Training instances of last class: 0
After OOD adjustment: Testing instances of last class: 77
Epoch: 134, Runtime 0.039688, Loss 0.007809, forward nfe 0, backward nfe 0, Train: 0.9700, Val: 0.5971, Test: 0.5758, Best time: 7.8741
After OOD adjustment: Training instances of last class: 0
After OOD adjustment: Testing instances of last class: 77
Epoch: 135, Runtime 0.039623, Loss 0.007712, forward nfe 0, backward nfe 0, Train: 0.9700, Val: 0.5971, Test: 0.5758, Best time: 7.8741
After OOD adjustment: Training instances of last class: 0
After OOD adjustment: Testing instances of last class: 77
Epoch: 136, Runtime 0.039778, Loss 0.007617, forward nfe 0, backward nfe 0, Train: 0.9700, Val: 0.5971, Test: 0.5758, Best time: 7.8741
After OOD adjustment: Training instances of last class: 0
After OOD adjustment: Testing instances of last class: 77
Epoch: 137, Runtime 0.040095, Loss 0.007524, forward nfe 0, backward nfe 0, Train: 0.9700, Val: 0.5971, Test: 0.5758, Best time: 7.8741
After OOD adjustment: Training instances of last class: 0
After OOD adjustment: Testing instances of last class: 77
Epoch: 138, Runtime 0.040007, Loss 0.007433, forward nfe 0, backward nfe 0, Train: 0.9700, Val: 0.5971, Test: 0.5758, Best time: 7.8741
After OOD adjustment: Training instances of last class: 0
After OOD adjustment: Testing instances of last class: 77
Epoch: 139, Runtime 0.039826, Loss 0.007343, forward nfe 0, backward nfe 0, Train: 0.9700, Val: 0.5971, Test: 0.5758, Best time: 7.8741
After OOD adjustment: Training instances of last class: 0
After OOD adjustment: Testing instances of last class: 77
Epoch: 140, Runtime 0.039714, Loss 0.007255, forward nfe 0, backward nfe 0, Train: 0.9700, Val: 0.5971, Test: 0.5758, Best time: 7.8741
After OOD adjustment: Training instances of last class: 0
After OOD adjustment: Testing instances of last class: 77
Epoch: 141, Runtime 0.039963, Loss 0.007169, forward nfe 0, backward nfe 0, Train: 0.9700, Val: 0.5971, Test: 0.5758, Best time: 7.8741
After OOD adjustment: Training instances of last class: 0
After OOD adjustment: Testing instances of last class: 77
Epoch: 142, Runtime 0.039582, Loss 0.007084, forward nfe 0, backward nfe 0, Train: 0.9700, Val: 0.5971, Test: 0.5758, Best time: 7.8741
After OOD adjustment: Training instances of last class: 0
After OOD adjustment: Testing instances of last class: 77
Epoch: 143, Runtime 0.040209, Loss 0.007000, forward nfe 0, backward nfe 0, Train: 0.9700, Val: 0.5971, Test: 0.5758, Best time: 7.8741
After OOD adjustment: Training instances of last class: 0
After OOD adjustment: Testing instances of last class: 77
Epoch: 144, Runtime 0.039695, Loss 0.006919, forward nfe 0, backward nfe 0, Train: 0.9700, Val: 0.5971, Test: 0.5758, Best time: 7.8741
After OOD adjustment: Training instances of last class: 0
After OOD adjustment: Testing instances of last class: 77
Epoch: 145, Runtime 0.039801, Loss 0.006838, forward nfe 0, backward nfe 0, Train: 0.9700, Val: 0.5971, Test: 0.5758, Best time: 7.8741
After OOD adjustment: Training instances of last class: 0
After OOD adjustment: Testing instances of last class: 77
Epoch: 146, Runtime 0.039810, Loss 0.006759, forward nfe 0, backward nfe 0, Train: 0.9700, Val: 0.5971, Test: 0.5758, Best time: 7.8741
After OOD adjustment: Training instances of last class: 0
After OOD adjustment: Testing instances of last class: 77
Epoch: 147, Runtime 0.039781, Loss 0.006682, forward nfe 0, backward nfe 0, Train: 0.9700, Val: 0.5971, Test: 0.5758, Best time: 7.8741
After OOD adjustment: Training instances of last class: 0
After OOD adjustment: Testing instances of last class: 77
Epoch: 148, Runtime 0.040236, Loss 0.006606, forward nfe 0, backward nfe 0, Train: 0.9700, Val: 0.5971, Test: 0.5758, Best time: 7.8741
After OOD adjustment: Training instances of last class: 0
After OOD adjustment: Testing instances of last class: 77
Epoch: 149, Runtime 0.039998, Loss 0.006531, forward nfe 0, backward nfe 0, Train: 0.9700, Val: 0.5971, Test: 0.5758, Best time: 7.8741
After OOD adjustment: Training instances of last class: 0
After OOD adjustment: Testing instances of last class: 77
Epoch: 150, Runtime 0.039912, Loss 0.006458, forward nfe 0, backward nfe 0, Train: 0.9700, Val: 0.5971, Test: 0.5758, Best time: 7.8741
After OOD adjustment: Training instances of last class: 0
After OOD adjustment: Testing instances of last class: 77
Epoch: 151, Runtime 0.039755, Loss 0.006385, forward nfe 0, backward nfe 0, Train: 0.9700, Val: 0.5971, Test: 0.5758, Best time: 7.8741
After OOD adjustment: Training instances of last class: 0
After OOD adjustment: Testing instances of last class: 77
Epoch: 152, Runtime 0.039618, Loss 0.006314, forward nfe 0, backward nfe 0, Train: 0.9700, Val: 0.5971, Test: 0.5758, Best time: 7.8741
After OOD adjustment: Training instances of last class: 0
After OOD adjustment: Testing instances of last class: 77
Epoch: 153, Runtime 0.039690, Loss 0.006245, forward nfe 0, backward nfe 0, Train: 0.9700, Val: 0.5971, Test: 0.5758, Best time: 7.8741
After OOD adjustment: Training instances of last class: 0
After OOD adjustment: Testing instances of last class: 77
Epoch: 154, Runtime 0.039982, Loss 0.006176, forward nfe 0, backward nfe 0, Train: 0.9700, Val: 0.5971, Test: 0.5758, Best time: 7.8741
After OOD adjustment: Training instances of last class: 0
After OOD adjustment: Testing instances of last class: 77
Epoch: 155, Runtime 0.040033, Loss 0.006109, forward nfe 0, backward nfe 0, Train: 0.9700, Val: 0.5971, Test: 0.5758, Best time: 7.8741
After OOD adjustment: Training instances of last class: 0
After OOD adjustment: Testing instances of last class: 77
Epoch: 156, Runtime 0.039947, Loss 0.006042, forward nfe 0, backward nfe 0, Train: 0.9700, Val: 0.5971, Test: 0.5758, Best time: 7.8741
After OOD adjustment: Training instances of last class: 0
After OOD adjustment: Testing instances of last class: 77
Epoch: 157, Runtime 0.039855, Loss 0.005977, forward nfe 0, backward nfe 0, Train: 0.9700, Val: 0.5971, Test: 0.5758, Best time: 7.8741
After OOD adjustment: Training instances of last class: 0
After OOD adjustment: Testing instances of last class: 77
Epoch: 158, Runtime 0.039919, Loss 0.005913, forward nfe 0, backward nfe 0, Train: 0.9700, Val: 0.5971, Test: 0.5758, Best time: 7.8741
After OOD adjustment: Training instances of last class: 0
After OOD adjustment: Testing instances of last class: 77
Epoch: 159, Runtime 0.039891, Loss 0.005850, forward nfe 0, backward nfe 0, Train: 0.9700, Val: 0.5971, Test: 0.5758, Best time: 7.8741
After OOD adjustment: Training instances of last class: 0
After OOD adjustment: Testing instances of last class: 77
Epoch: 160, Runtime 0.043657, Loss 0.005788, forward nfe 0, backward nfe 0, Train: 0.9700, Val: 0.5971, Test: 0.5758, Best time: 7.8741
After OOD adjustment: Training instances of last class: 0
After OOD adjustment: Testing instances of last class: 77
Epoch: 161, Runtime 0.044292, Loss 0.005727, forward nfe 0, backward nfe 0, Train: 0.9700, Val: 0.5971, Test: 0.5758, Best time: 7.8741
After OOD adjustment: Training instances of last class: 0
After OOD adjustment: Testing instances of last class: 77
Epoch: 162, Runtime 0.044144, Loss 0.005667, forward nfe 0, backward nfe 0, Train: 0.9700, Val: 0.5971, Test: 0.5758, Best time: 7.8741
After OOD adjustment: Training instances of last class: 0
After OOD adjustment: Testing instances of last class: 77
Epoch: 163, Runtime 0.044052, Loss 0.005608, forward nfe 0, backward nfe 0, Train: 0.9700, Val: 0.5971, Test: 0.5758, Best time: 7.8741
After OOD adjustment: Training instances of last class: 0
After OOD adjustment: Testing instances of last class: 77
Epoch: 164, Runtime 0.040612, Loss 0.005549, forward nfe 0, backward nfe 0, Train: 0.9700, Val: 0.5971, Test: 0.5758, Best time: 7.8741
After OOD adjustment: Training instances of last class: 0
After OOD adjustment: Testing instances of last class: 77
Epoch: 165, Runtime 0.039836, Loss 0.005492, forward nfe 0, backward nfe 0, Train: 0.9700, Val: 0.5971, Test: 0.5758, Best time: 7.8741
After OOD adjustment: Training instances of last class: 0
After OOD adjustment: Testing instances of last class: 77
Epoch: 166, Runtime 0.040114, Loss 0.005436, forward nfe 0, backward nfe 0, Train: 0.9700, Val: 0.5971, Test: 0.5758, Best time: 7.8741
After OOD adjustment: Training instances of last class: 0
After OOD adjustment: Testing instances of last class: 77
Epoch: 167, Runtime 0.039809, Loss 0.005380, forward nfe 0, backward nfe 0, Train: 0.9700, Val: 0.5971, Test: 0.5758, Best time: 7.8741
After OOD adjustment: Training instances of last class: 0
After OOD adjustment: Testing instances of last class: 77
Epoch: 168, Runtime 0.039884, Loss 0.005326, forward nfe 0, backward nfe 0, Train: 0.9700, Val: 0.5971, Test: 0.5758, Best time: 7.8741
After OOD adjustment: Training instances of last class: 0
After OOD adjustment: Testing instances of last class: 77
Epoch: 169, Runtime 0.039856, Loss 0.005272, forward nfe 0, backward nfe 0, Train: 0.9700, Val: 0.5971, Test: 0.5758, Best time: 7.8741
After OOD adjustment: Training instances of last class: 0
After OOD adjustment: Testing instances of last class: 77
Epoch: 170, Runtime 0.040321, Loss 0.005219, forward nfe 0, backward nfe 0, Train: 0.9700, Val: 0.5971, Test: 0.5758, Best time: 7.8741
After OOD adjustment: Training instances of last class: 0
After OOD adjustment: Testing instances of last class: 77
Epoch: 171, Runtime 0.040077, Loss 0.005167, forward nfe 0, backward nfe 0, Train: 0.9700, Val: 0.5971, Test: 0.5758, Best time: 7.8741
After OOD adjustment: Training instances of last class: 0
After OOD adjustment: Testing instances of last class: 77
Epoch: 172, Runtime 0.040032, Loss 0.005116, forward nfe 0, backward nfe 0, Train: 0.9700, Val: 0.5971, Test: 0.5758, Best time: 7.8741
After OOD adjustment: Training instances of last class: 0
After OOD adjustment: Testing instances of last class: 77
Epoch: 173, Runtime 0.039855, Loss 0.005065, forward nfe 0, backward nfe 0, Train: 0.9700, Val: 0.5971, Test: 0.5758, Best time: 7.8741
After OOD adjustment: Training instances of last class: 0
After OOD adjustment: Testing instances of last class: 77
Epoch: 174, Runtime 0.040178, Loss 0.005016, forward nfe 0, backward nfe 0, Train: 0.9700, Val: 0.5971, Test: 0.5758, Best time: 7.8741
After OOD adjustment: Training instances of last class: 0
After OOD adjustment: Testing instances of last class: 77
Epoch: 175, Runtime 0.040084, Loss 0.004967, forward nfe 0, backward nfe 0, Train: 0.9700, Val: 0.5971, Test: 0.5758, Best time: 7.8741
After OOD adjustment: Training instances of last class: 0
After OOD adjustment: Testing instances of last class: 77
Epoch: 176, Runtime 0.039678, Loss 0.004918, forward nfe 0, backward nfe 0, Train: 0.9700, Val: 0.5971, Test: 0.5758, Best time: 7.8741
After OOD adjustment: Training instances of last class: 0
After OOD adjustment: Testing instances of last class: 77
Epoch: 177, Runtime 0.039824, Loss 0.004871, forward nfe 0, backward nfe 0, Train: 0.9700, Val: 0.5971, Test: 0.5758, Best time: 7.8741
After OOD adjustment: Training instances of last class: 0
After OOD adjustment: Testing instances of last class: 77
Epoch: 178, Runtime 0.040005, Loss 0.004824, forward nfe 0, backward nfe 0, Train: 0.9700, Val: 0.5971, Test: 0.5758, Best time: 7.8741
After OOD adjustment: Training instances of last class: 0
After OOD adjustment: Testing instances of last class: 77
Epoch: 179, Runtime 0.039690, Loss 0.004778, forward nfe 0, backward nfe 0, Train: 0.9700, Val: 0.5971, Test: 0.5758, Best time: 7.8741
After OOD adjustment: Training instances of last class: 0
After OOD adjustment: Testing instances of last class: 77
Epoch: 180, Runtime 0.039705, Loss 0.004732, forward nfe 0, backward nfe 0, Train: 0.9700, Val: 0.5971, Test: 0.5758, Best time: 7.8741
After OOD adjustment: Training instances of last class: 0
After OOD adjustment: Testing instances of last class: 77
Epoch: 181, Runtime 0.039719, Loss 0.004688, forward nfe 0, backward nfe 0, Train: 0.9700, Val: 0.5971, Test: 0.5758, Best time: 7.8741
After OOD adjustment: Training instances of last class: 0
After OOD adjustment: Testing instances of last class: 77
Epoch: 182, Runtime 0.039648, Loss 0.004643, forward nfe 0, backward nfe 0, Train: 0.9700, Val: 0.5971, Test: 0.5758, Best time: 7.8741
After OOD adjustment: Training instances of last class: 0
After OOD adjustment: Testing instances of last class: 77
Epoch: 183, Runtime 0.039879, Loss 0.004600, forward nfe 0, backward nfe 0, Train: 0.9700, Val: 0.5971, Test: 0.5758, Best time: 7.8741
After OOD adjustment: Training instances of last class: 0
After OOD adjustment: Testing instances of last class: 77
Epoch: 184, Runtime 0.039805, Loss 0.004557, forward nfe 0, backward nfe 0, Train: 0.9700, Val: 0.5971, Test: 0.5758, Best time: 7.8741
After OOD adjustment: Training instances of last class: 0
After OOD adjustment: Testing instances of last class: 77
Epoch: 185, Runtime 0.039663, Loss 0.004515, forward nfe 0, backward nfe 0, Train: 0.9700, Val: 0.5971, Test: 0.5758, Best time: 7.8741
After OOD adjustment: Training instances of last class: 0
After OOD adjustment: Testing instances of last class: 77
Epoch: 186, Runtime 0.039723, Loss 0.004473, forward nfe 0, backward nfe 0, Train: 0.9700, Val: 0.5971, Test: 0.5758, Best time: 7.8741
After OOD adjustment: Training instances of last class: 0
After OOD adjustment: Testing instances of last class: 77
Epoch: 187, Runtime 0.039646, Loss 0.004432, forward nfe 0, backward nfe 0, Train: 0.9700, Val: 0.5971, Test: 0.5758, Best time: 7.8741
After OOD adjustment: Training instances of last class: 0
After OOD adjustment: Testing instances of last class: 77
Epoch: 188, Runtime 0.039852, Loss 0.004391, forward nfe 0, backward nfe 0, Train: 0.9700, Val: 0.5971, Test: 0.5758, Best time: 7.8741
After OOD adjustment: Training instances of last class: 0
After OOD adjustment: Testing instances of last class: 77
Epoch: 189, Runtime 0.039875, Loss 0.004351, forward nfe 0, backward nfe 0, Train: 0.9700, Val: 0.5971, Test: 0.5758, Best time: 7.8741
After OOD adjustment: Training instances of last class: 0
After OOD adjustment: Testing instances of last class: 77
Epoch: 190, Runtime 0.039900, Loss 0.004312, forward nfe 0, backward nfe 0, Train: 0.9700, Val: 0.5971, Test: 0.5758, Best time: 7.8741
After OOD adjustment: Training instances of last class: 0
After OOD adjustment: Testing instances of last class: 77
Epoch: 191, Runtime 0.039727, Loss 0.004273, forward nfe 0, backward nfe 0, Train: 0.9700, Val: 0.5971, Test: 0.5758, Best time: 7.8741
After OOD adjustment: Training instances of last class: 0
After OOD adjustment: Testing instances of last class: 77
Epoch: 192, Runtime 0.039623, Loss 0.004235, forward nfe 0, backward nfe 0, Train: 0.9700, Val: 0.5971, Test: 0.5758, Best time: 7.8741
After OOD adjustment: Training instances of last class: 0
After OOD adjustment: Testing instances of last class: 77
Epoch: 193, Runtime 0.039744, Loss 0.004197, forward nfe 0, backward nfe 0, Train: 0.9700, Val: 0.5971, Test: 0.5758, Best time: 7.8741
After OOD adjustment: Training instances of last class: 0
After OOD adjustment: Testing instances of last class: 77
Epoch: 194, Runtime 0.039928, Loss 0.004160, forward nfe 0, backward nfe 0, Train: 0.9700, Val: 0.5971, Test: 0.5758, Best time: 7.8741
After OOD adjustment: Training instances of last class: 0
After OOD adjustment: Testing instances of last class: 77
Epoch: 195, Runtime 0.039679, Loss 0.004123, forward nfe 0, backward nfe 0, Train: 0.9700, Val: 0.5971, Test: 0.5758, Best time: 7.8741
After OOD adjustment: Training instances of last class: 0
After OOD adjustment: Testing instances of last class: 77
Epoch: 196, Runtime 0.041360, Loss 0.004087, forward nfe 0, backward nfe 0, Train: 0.9700, Val: 0.5971, Test: 0.5758, Best time: 7.8741
After OOD adjustment: Training instances of last class: 0
After OOD adjustment: Testing instances of last class: 77
Epoch: 197, Runtime 0.040541, Loss 0.004051, forward nfe 0, backward nfe 0, Train: 0.9700, Val: 0.5971, Test: 0.5758, Best time: 7.8741
After OOD adjustment: Training instances of last class: 0
After OOD adjustment: Testing instances of last class: 77
Epoch: 198, Runtime 0.039639, Loss 0.004016, forward nfe 0, backward nfe 0, Train: 0.9700, Val: 0.5971, Test: 0.5758, Best time: 7.8741
After OOD adjustment: Training instances of last class: 0
After OOD adjustment: Testing instances of last class: 77
Epoch: 199, Runtime 0.039695, Loss 0.003981, forward nfe 0, backward nfe 0, Train: 0.9700, Val: 0.5971, Test: 0.5758, Best time: 7.8741
After OOD adjustment: Training instances of last class: 0
After OOD adjustment: Testing instances of last class: 77
Epoch: 200, Runtime 0.039713, Loss 0.003946, forward nfe 0, backward nfe 0, Train: 0.9700, Val: 0.5971, Test: 0.5758, Best time: 7.8741
After OOD adjustment: Training instances of last class: 0
After OOD adjustment: Testing instances of last class: 77
Epoch: 201, Runtime 0.039919, Loss 0.003912, forward nfe 0, backward nfe 0, Train: 0.9700, Val: 0.5971, Test: 0.5758, Best time: 7.8741
After OOD adjustment: Training instances of last class: 0
After OOD adjustment: Testing instances of last class: 77
Epoch: 202, Runtime 0.041461, Loss 0.003879, forward nfe 0, backward nfe 0, Train: 0.9700, Val: 0.5971, Test: 0.5758, Best time: 7.8741
After OOD adjustment: Training instances of last class: 0
After OOD adjustment: Testing instances of last class: 77
Epoch: 203, Runtime 0.044393, Loss 0.003846, forward nfe 0, backward nfe 0, Train: 0.9700, Val: 0.5971, Test: 0.5758, Best time: 7.8741
After OOD adjustment: Training instances of last class: 0
After OOD adjustment: Testing instances of last class: 77
Epoch: 204, Runtime 0.043625, Loss 0.003813, forward nfe 0, backward nfe 0, Train: 0.9700, Val: 0.5971, Test: 0.5758, Best time: 7.8741
After OOD adjustment: Training instances of last class: 0
After OOD adjustment: Testing instances of last class: 77
Epoch: 205, Runtime 0.044055, Loss 0.003781, forward nfe 0, backward nfe 0, Train: 0.9700, Val: 0.5971, Test: 0.5758, Best time: 7.8741
After OOD adjustment: Training instances of last class: 0
After OOD adjustment: Testing instances of last class: 77
Epoch: 206, Runtime 0.045492, Loss 0.003749, forward nfe 0, backward nfe 0, Train: 0.9700, Val: 0.5971, Test: 0.5758, Best time: 7.8741
After OOD adjustment: Training instances of last class: 0
After OOD adjustment: Testing instances of last class: 77
Epoch: 207, Runtime 0.044380, Loss 0.003718, forward nfe 0, backward nfe 0, Train: 0.9700, Val: 0.5971, Test: 0.5758, Best time: 7.8741
After OOD adjustment: Training instances of last class: 0
After OOD adjustment: Testing instances of last class: 77
Epoch: 208, Runtime 0.039857, Loss 0.003687, forward nfe 0, backward nfe 0, Train: 0.9700, Val: 0.5971, Test: 0.5758, Best time: 7.8741
After OOD adjustment: Training instances of last class: 0
After OOD adjustment: Testing instances of last class: 77
Epoch: 209, Runtime 0.039647, Loss 0.003656, forward nfe 0, backward nfe 0, Train: 0.9700, Val: 0.5971, Test: 0.5758, Best time: 7.8741
After OOD adjustment: Training instances of last class: 0
After OOD adjustment: Testing instances of last class: 77
Epoch: 210, Runtime 0.039459, Loss 0.003626, forward nfe 0, backward nfe 0, Train: 0.9700, Val: 0.5971, Test: 0.5758, Best time: 7.8741
After OOD adjustment: Training instances of last class: 0
After OOD adjustment: Testing instances of last class: 77
Epoch: 211, Runtime 0.039620, Loss 0.003597, forward nfe 0, backward nfe 0, Train: 0.9700, Val: 0.5971, Test: 0.5758, Best time: 7.8741
After OOD adjustment: Training instances of last class: 0
After OOD adjustment: Testing instances of last class: 77
Epoch: 212, Runtime 0.039402, Loss 0.003567, forward nfe 0, backward nfe 0, Train: 0.9700, Val: 0.5971, Test: 0.5758, Best time: 7.8741
After OOD adjustment: Training instances of last class: 0
After OOD adjustment: Testing instances of last class: 77
Epoch: 213, Runtime 0.039842, Loss 0.003538, forward nfe 0, backward nfe 0, Train: 0.9700, Val: 0.5971, Test: 0.5758, Best time: 7.8741
After OOD adjustment: Training instances of last class: 0
After OOD adjustment: Testing instances of last class: 77
Epoch: 214, Runtime 0.039857, Loss 0.003509, forward nfe 0, backward nfe 0, Train: 0.9700, Val: 0.5971, Test: 0.5758, Best time: 7.8741
After OOD adjustment: Training instances of last class: 0
After OOD adjustment: Testing instances of last class: 77
Epoch: 215, Runtime 0.039558, Loss 0.003481, forward nfe 0, backward nfe 0, Train: 0.9700, Val: 0.5971, Test: 0.5758, Best time: 7.8741
After OOD adjustment: Training instances of last class: 0
After OOD adjustment: Testing instances of last class: 77
Epoch: 216, Runtime 0.039635, Loss 0.003453, forward nfe 0, backward nfe 0, Train: 0.9700, Val: 0.5971, Test: 0.5758, Best time: 7.8741
After OOD adjustment: Training instances of last class: 0
After OOD adjustment: Testing instances of last class: 77
Epoch: 217, Runtime 0.039577, Loss 0.003425, forward nfe 0, backward nfe 0, Train: 0.9700, Val: 0.5971, Test: 0.5758, Best time: 7.8741
After OOD adjustment: Training instances of last class: 0
After OOD adjustment: Testing instances of last class: 77
Epoch: 218, Runtime 0.039878, Loss 0.003398, forward nfe 0, backward nfe 0, Train: 0.9700, Val: 0.5971, Test: 0.5758, Best time: 7.8741
After OOD adjustment: Training instances of last class: 0
After OOD adjustment: Testing instances of last class: 77
Epoch: 219, Runtime 0.039897, Loss 0.003371, forward nfe 0, backward nfe 0, Train: 0.9700, Val: 0.5971, Test: 0.5758, Best time: 7.8741
After OOD adjustment: Training instances of last class: 0
After OOD adjustment: Testing instances of last class: 77
Epoch: 220, Runtime 0.039476, Loss 0.003344, forward nfe 0, backward nfe 0, Train: 0.9700, Val: 0.5971, Test: 0.5758, Best time: 7.8741
After OOD adjustment: Training instances of last class: 0
After OOD adjustment: Testing instances of last class: 77
Epoch: 221, Runtime 0.039585, Loss 0.003318, forward nfe 0, backward nfe 0, Train: 0.9700, Val: 0.5971, Test: 0.5758, Best time: 7.8741
After OOD adjustment: Training instances of last class: 0
After OOD adjustment: Testing instances of last class: 77
Epoch: 222, Runtime 0.039490, Loss 0.003292, forward nfe 0, backward nfe 0, Train: 0.9700, Val: 0.5971, Test: 0.5758, Best time: 7.8741
After OOD adjustment: Training instances of last class: 0
After OOD adjustment: Testing instances of last class: 77
Epoch: 223, Runtime 0.039864, Loss 0.003266, forward nfe 0, backward nfe 0, Train: 0.9700, Val: 0.5971, Test: 0.5758, Best time: 7.8741
After OOD adjustment: Training instances of last class: 0
After OOD adjustment: Testing instances of last class: 77
Epoch: 224, Runtime 0.039773, Loss 0.003241, forward nfe 0, backward nfe 0, Train: 0.9700, Val: 0.5971, Test: 0.5758, Best time: 7.8741
After OOD adjustment: Training instances of last class: 0
After OOD adjustment: Testing instances of last class: 77
Epoch: 225, Runtime 0.039533, Loss 0.003216, forward nfe 0, backward nfe 0, Train: 0.9700, Val: 0.5971, Test: 0.5758, Best time: 7.8741
After OOD adjustment: Training instances of last class: 0
After OOD adjustment: Testing instances of last class: 77
Epoch: 226, Runtime 0.039684, Loss 0.003191, forward nfe 0, backward nfe 0, Train: 0.9700, Val: 0.5971, Test: 0.5758, Best time: 7.8741
After OOD adjustment: Training instances of last class: 0
After OOD adjustment: Testing instances of last class: 77
Epoch: 227, Runtime 0.039737, Loss 0.003167, forward nfe 0, backward nfe 0, Train: 0.9700, Val: 0.5971, Test: 0.5758, Best time: 7.8741
After OOD adjustment: Training instances of last class: 0
After OOD adjustment: Testing instances of last class: 77
Epoch: 228, Runtime 0.039880, Loss 0.003142, forward nfe 0, backward nfe 0, Train: 0.9700, Val: 0.5971, Test: 0.5758, Best time: 7.8741
After OOD adjustment: Training instances of last class: 0
After OOD adjustment: Testing instances of last class: 77
Epoch: 229, Runtime 0.039981, Loss 0.003118, forward nfe 0, backward nfe 0, Train: 0.9700, Val: 0.5971, Test: 0.5758, Best time: 7.8741
After OOD adjustment: Training instances of last class: 0
After OOD adjustment: Testing instances of last class: 77
Epoch: 230, Runtime 0.039740, Loss 0.003095, forward nfe 0, backward nfe 0, Train: 0.9700, Val: 0.5971, Test: 0.5758, Best time: 7.8741
After OOD adjustment: Training instances of last class: 0
After OOD adjustment: Testing instances of last class: 77
Epoch: 231, Runtime 0.039462, Loss 0.003071, forward nfe 0, backward nfe 0, Train: 0.9700, Val: 0.5971, Test: 0.5758, Best time: 7.8741
After OOD adjustment: Training instances of last class: 0
After OOD adjustment: Testing instances of last class: 77
Epoch: 232, Runtime 0.039812, Loss 0.003048, forward nfe 0, backward nfe 0, Train: 0.9700, Val: 0.5971, Test: 0.5758, Best time: 7.8741
After OOD adjustment: Training instances of last class: 0
After OOD adjustment: Testing instances of last class: 77
Epoch: 233, Runtime 0.039998, Loss 0.003025, forward nfe 0, backward nfe 0, Train: 0.9700, Val: 0.5971, Test: 0.5758, Best time: 7.8741
After OOD adjustment: Training instances of last class: 0
After OOD adjustment: Testing instances of last class: 77
Epoch: 234, Runtime 0.039586, Loss 0.003003, forward nfe 0, backward nfe 0, Train: 0.9700, Val: 0.5971, Test: 0.5758, Best time: 7.8741
After OOD adjustment: Training instances of last class: 0
After OOD adjustment: Testing instances of last class: 77
Epoch: 235, Runtime 0.039907, Loss 0.002981, forward nfe 0, backward nfe 0, Train: 0.9700, Val: 0.5971, Test: 0.5758, Best time: 7.8741
After OOD adjustment: Training instances of last class: 0
After OOD adjustment: Testing instances of last class: 77
Epoch: 236, Runtime 0.039667, Loss 0.002959, forward nfe 0, backward nfe 0, Train: 0.9700, Val: 0.5971, Test: 0.5758, Best time: 7.8741
After OOD adjustment: Training instances of last class: 0
After OOD adjustment: Testing instances of last class: 77
Epoch: 237, Runtime 0.039635, Loss 0.002937, forward nfe 0, backward nfe 0, Train: 0.9700, Val: 0.5971, Test: 0.5758, Best time: 7.8741
After OOD adjustment: Training instances of last class: 0
After OOD adjustment: Testing instances of last class: 77
Epoch: 238, Runtime 0.039740, Loss 0.002915, forward nfe 0, backward nfe 0, Train: 0.9700, Val: 0.5971, Test: 0.5758, Best time: 7.8741
After OOD adjustment: Training instances of last class: 0
After OOD adjustment: Testing instances of last class: 77
Epoch: 239, Runtime 0.039644, Loss 0.002894, forward nfe 0, backward nfe 0, Train: 0.9700, Val: 0.5971, Test: 0.5758, Best time: 7.8741
After OOD adjustment: Training instances of last class: 0
After OOD adjustment: Testing instances of last class: 77
Epoch: 240, Runtime 0.039946, Loss 0.002873, forward nfe 0, backward nfe 0, Train: 0.9700, Val: 0.5971, Test: 0.5758, Best time: 7.8741
After OOD adjustment: Training instances of last class: 0
After OOD adjustment: Testing instances of last class: 77
Epoch: 241, Runtime 0.040041, Loss 0.002852, forward nfe 0, backward nfe 0, Train: 0.9700, Val: 0.5971, Test: 0.5758, Best time: 7.8741
After OOD adjustment: Training instances of last class: 0
After OOD adjustment: Testing instances of last class: 77
Epoch: 242, Runtime 0.039678, Loss 0.002831, forward nfe 0, backward nfe 0, Train: 0.9700, Val: 0.5971, Test: 0.5758, Best time: 7.8741
After OOD adjustment: Training instances of last class: 0
After OOD adjustment: Testing instances of last class: 77
Epoch: 243, Runtime 0.039617, Loss 0.002811, forward nfe 0, backward nfe 0, Train: 0.9700, Val: 0.5971, Test: 0.5758, Best time: 7.8741
After OOD adjustment: Training instances of last class: 0
After OOD adjustment: Testing instances of last class: 77
Epoch: 244, Runtime 0.039842, Loss 0.002791, forward nfe 0, backward nfe 0, Train: 0.9700, Val: 0.5971, Test: 0.5758, Best time: 7.8741
After OOD adjustment: Training instances of last class: 0
After OOD adjustment: Testing instances of last class: 77
Epoch: 245, Runtime 0.039841, Loss 0.002771, forward nfe 0, backward nfe 0, Train: 0.9700, Val: 0.5971, Test: 0.5758, Best time: 7.8741
After OOD adjustment: Training instances of last class: 0
After OOD adjustment: Testing instances of last class: 77
Epoch: 246, Runtime 0.039683, Loss 0.002751, forward nfe 0, backward nfe 0, Train: 0.9700, Val: 0.5971, Test: 0.5758, Best time: 7.8741
After OOD adjustment: Training instances of last class: 0
After OOD adjustment: Testing instances of last class: 77
Epoch: 247, Runtime 0.039716, Loss 0.002731, forward nfe 0, backward nfe 0, Train: 0.9700, Val: 0.5971, Test: 0.5758, Best time: 7.8741
After OOD adjustment: Training instances of last class: 0
After OOD adjustment: Testing instances of last class: 77
Epoch: 248, Runtime 0.041633, Loss 0.002712, forward nfe 0, backward nfe 0, Train: 0.9700, Val: 0.5971, Test: 0.5758, Best time: 7.8741
After OOD adjustment: Training instances of last class: 0
After OOD adjustment: Testing instances of last class: 77
Epoch: 249, Runtime 0.044702, Loss 0.002693, forward nfe 0, backward nfe 0, Train: 0.9700, Val: 0.5971, Test: 0.5758, Best time: 7.8741
best val accuracy 0.597101 with test accuracy 0.575806 at epoch 15 and best time 7.874113
base_directory resutls_prob/OOD_Citeseer
new_name:  gnn_ODD
file_path 1 resutls_prob/OOD_Citeseer/gnn_ODD_prediction_probabilities_18.npz
file_path 2 resutls_prob/OOD_Citeseer/gnn_ODD_prediction_probabilities_18.npz
Entropy Threshold: inf Test accuracy: 0.5758064516129032
Entropy Threshold: 2 Test accuracy: 0.5758064516129032
Entropy Threshold: 1.6 Test accuracy: 0.5758064516129032
Entropy Threshold: 1.5 Test accuracy: 0.6649484536082474
Entropy Threshold: 1.4 Test accuracy: 0.7398373983739838
Entropy Threshold: 1.3 Test accuracy: 0.7764705882352941
Entropy Threshold: 1.2 Test accuracy: 0.803030303030303
Entropy Threshold: 1.1 Test accuracy: 0.8369565217391305
Entropy Threshold: 0.9 Test accuracy: 0.8048780487804879
Entropy Threshold: 0.8 Test accuracy: 0.8
Entropy Threshold: 0.7 Test accuracy: 1.0
Entropy Threshold: 0.6 Test accuracy: 1.0
Entropy Threshold: 0.5 Test accuracy: 1.0
Entropy Threshold: 0.4 Test accuracy: 1.0
Entropy Threshold: 0.3 Test accuracy: 1.0
Entropy Threshold: 0.2 Test accuracy: 1.0
Entropy Threshold: 0.1 Test accuracy: 1.0
