[KeOps] Warning : cuda was detected, but driver API could not be initialized. Switching to cpu only.
Folder already exists: results/citeseer
experiment: 0
Dataset size (num_nodes): 2120, Intended development set size (num_development): 1500
Dataset size (num_nodes): 2120, Actual development set size (num_development): 1500
rations: train 120, val 1380, test 620
Before OOD adjustment: Total instances of last class: 304
Before OOD adjustment: Training instances of last class: 20
Before OOD adjustment: Testing instances of last class: 93
Before OOD adjustment: Val instances of last class: 191
total train + val+ test 304
After OOD adjustment: Training instances of last class: 0
After OOD adjustment: Testing instances of last class: 93
Total number of classes: 6
number of classes to train: 5
Dataset size (num_nodes): 2120, Intended development set size (num_development): 1500
Dataset size (num_nodes): 2120, Actual development set size (num_development): 1500
rations: train 120, val 1380, test 620
within set_train_val_test_split function!
Before OOD adjustment: Total instances of last class: 304
Before OOD adjustment: Training instances of last class: 20
Before OOD adjustment: Testing instances of last class: 84
Before OOD adjustment: Val instances of last class: 200
total train + val+ test 304
After OOD adjustment: Training instances of last class: 0
After OOD adjustment: Testing instances of last class: 84
BayesianGCN(
  (bayes_conv1): BayesianGCNConv(3703, 64)
  (bayes_conv3): BayesianGCNConv(64, 5)
)
bayes_conv1.mu_weight
torch.Size([64, 3703])
bayes_conv1.rho_weight
torch.Size([64, 3703])
bayes_conv1.mu_bias
torch.Size([64])
bayes_conv1.rho_bias
torch.Size([64])
bayes_conv3.mu_weight
torch.Size([5, 64])
bayes_conv3.rho_weight
torch.Size([5, 64])
bayes_conv3.mu_bias
torch.Size([5])
bayes_conv3.rho_bias
torch.Size([5])
After OOD adjustment: Training instances of last class: 0
After OOD adjustment: Testing instances of last class: 84
Epoch: 001, Runtime 0.071047, Loss 1.968105, forward nfe 0, backward nfe 0, Train: 0.2000, Val: 0.2254, Test: 0.2129, Best time: 7.8741
After OOD adjustment: Training instances of last class: 0
After OOD adjustment: Testing instances of last class: 84
Epoch: 002, Runtime 0.062404, Loss 1.867754, forward nfe 0, backward nfe 0, Train: 0.2000, Val: 0.2254, Test: 0.2129, Best time: 7.8741
After OOD adjustment: Training instances of last class: 0
After OOD adjustment: Testing instances of last class: 84
Epoch: 003, Runtime 0.182885, Loss 1.817702, forward nfe 0, backward nfe 0, Train: 0.2000, Val: 0.2261, Test: 0.2129, Best time: 7.8741
After OOD adjustment: Training instances of last class: 0
After OOD adjustment: Testing instances of last class: 84
Epoch: 004, Runtime 0.168791, Loss 1.576966, forward nfe 0, backward nfe 0, Train: 0.2600, Val: 0.2601, Test: 0.2758, Best time: 7.8741
After OOD adjustment: Training instances of last class: 0
After OOD adjustment: Testing instances of last class: 84
Epoch: 005, Runtime 0.166639, Loss 1.657218, forward nfe 0, backward nfe 0, Train: 0.4900, Val: 0.2957, Test: 0.2823, Best time: 7.8741
After OOD adjustment: Training instances of last class: 0
After OOD adjustment: Testing instances of last class: 84
Epoch: 006, Runtime 0.167163, Loss 1.551005, forward nfe 0, backward nfe 0, Train: 0.4800, Val: 0.3942, Test: 0.3661, Best time: 7.8741
After OOD adjustment: Training instances of last class: 0
After OOD adjustment: Testing instances of last class: 84
Epoch: 007, Runtime 0.057413, Loss 1.554125, forward nfe 0, backward nfe 0, Train: 0.4800, Val: 0.3942, Test: 0.3661, Best time: 7.8741
After OOD adjustment: Training instances of last class: 0
After OOD adjustment: Testing instances of last class: 84
Epoch: 008, Runtime 0.058102, Loss 1.611339, forward nfe 0, backward nfe 0, Train: 0.4800, Val: 0.3942, Test: 0.3661, Best time: 7.8741
After OOD adjustment: Training instances of last class: 0
After OOD adjustment: Testing instances of last class: 84
Epoch: 009, Runtime 0.058322, Loss 1.537080, forward nfe 0, backward nfe 0, Train: 0.4800, Val: 0.3942, Test: 0.3661, Best time: 7.8741
After OOD adjustment: Training instances of last class: 0
After OOD adjustment: Testing instances of last class: 84
Epoch: 010, Runtime 0.057904, Loss 1.471125, forward nfe 0, backward nfe 0, Train: 0.4800, Val: 0.3942, Test: 0.3661, Best time: 7.8741
After OOD adjustment: Training instances of last class: 0
After OOD adjustment: Testing instances of last class: 84
Epoch: 011, Runtime 0.058599, Loss 1.495212, forward nfe 0, backward nfe 0, Train: 0.4800, Val: 0.3942, Test: 0.3661, Best time: 7.8741
After OOD adjustment: Training instances of last class: 0
After OOD adjustment: Testing instances of last class: 84
Epoch: 012, Runtime 0.169915, Loss 1.413301, forward nfe 0, backward nfe 0, Train: 0.6500, Val: 0.3971, Test: 0.3742, Best time: 7.8741
After OOD adjustment: Training instances of last class: 0
After OOD adjustment: Testing instances of last class: 84
Epoch: 013, Runtime 0.055016, Loss 1.440797, forward nfe 0, backward nfe 0, Train: 0.6500, Val: 0.3971, Test: 0.3742, Best time: 7.8741
After OOD adjustment: Training instances of last class: 0
After OOD adjustment: Testing instances of last class: 84
Epoch: 014, Runtime 0.056015, Loss 1.437649, forward nfe 0, backward nfe 0, Train: 0.6500, Val: 0.3971, Test: 0.3742, Best time: 7.8741
After OOD adjustment: Training instances of last class: 0
After OOD adjustment: Testing instances of last class: 84
Epoch: 015, Runtime 0.164638, Loss 1.447994, forward nfe 0, backward nfe 0, Train: 0.7600, Val: 0.4891, Test: 0.4645, Best time: 7.8741
After OOD adjustment: Training instances of last class: 0
After OOD adjustment: Testing instances of last class: 84
Epoch: 016, Runtime 0.056975, Loss 1.364053, forward nfe 0, backward nfe 0, Train: 0.7600, Val: 0.4891, Test: 0.4645, Best time: 7.8741
After OOD adjustment: Training instances of last class: 0
After OOD adjustment: Testing instances of last class: 84
Epoch: 017, Runtime 0.059524, Loss 1.342643, forward nfe 0, backward nfe 0, Train: 0.7600, Val: 0.4891, Test: 0.4645, Best time: 7.8741
After OOD adjustment: Training instances of last class: 0
After OOD adjustment: Testing instances of last class: 84
Epoch: 018, Runtime 0.060721, Loss 1.313064, forward nfe 0, backward nfe 0, Train: 0.7600, Val: 0.4891, Test: 0.4645, Best time: 7.8741
After OOD adjustment: Training instances of last class: 0
After OOD adjustment: Testing instances of last class: 84
Epoch: 019, Runtime 0.058283, Loss 1.298124, forward nfe 0, backward nfe 0, Train: 0.7600, Val: 0.4891, Test: 0.4645, Best time: 7.8741
After OOD adjustment: Training instances of last class: 0
After OOD adjustment: Testing instances of last class: 84
Epoch: 020, Runtime 0.058152, Loss 1.250683, forward nfe 0, backward nfe 0, Train: 0.7600, Val: 0.4891, Test: 0.4645, Best time: 7.8741
After OOD adjustment: Training instances of last class: 0
After OOD adjustment: Testing instances of last class: 84
Epoch: 021, Runtime 0.059182, Loss 1.254374, forward nfe 0, backward nfe 0, Train: 0.7600, Val: 0.4891, Test: 0.4645, Best time: 7.8741
After OOD adjustment: Training instances of last class: 0
After OOD adjustment: Testing instances of last class: 84
Epoch: 022, Runtime 0.058775, Loss 1.217487, forward nfe 0, backward nfe 0, Train: 0.7600, Val: 0.4891, Test: 0.4645, Best time: 7.8741
After OOD adjustment: Training instances of last class: 0
After OOD adjustment: Testing instances of last class: 84
Epoch: 023, Runtime 0.057699, Loss 1.240802, forward nfe 0, backward nfe 0, Train: 0.7600, Val: 0.4891, Test: 0.4645, Best time: 7.8741
After OOD adjustment: Training instances of last class: 0
After OOD adjustment: Testing instances of last class: 84
Epoch: 024, Runtime 0.064803, Loss 1.169261, forward nfe 0, backward nfe 0, Train: 0.7600, Val: 0.4891, Test: 0.4645, Best time: 7.8741
After OOD adjustment: Training instances of last class: 0
After OOD adjustment: Testing instances of last class: 84
Epoch: 025, Runtime 0.065266, Loss 1.146678, forward nfe 0, backward nfe 0, Train: 0.7600, Val: 0.4891, Test: 0.4645, Best time: 7.8741
After OOD adjustment: Training instances of last class: 0
After OOD adjustment: Testing instances of last class: 84
Epoch: 026, Runtime 0.059160, Loss 1.125149, forward nfe 0, backward nfe 0, Train: 0.7600, Val: 0.4891, Test: 0.4645, Best time: 7.8741
After OOD adjustment: Training instances of last class: 0
After OOD adjustment: Testing instances of last class: 84
Epoch: 027, Runtime 0.058098, Loss 1.138197, forward nfe 0, backward nfe 0, Train: 0.7600, Val: 0.4891, Test: 0.4645, Best time: 7.8741
After OOD adjustment: Training instances of last class: 0
After OOD adjustment: Testing instances of last class: 84
Epoch: 028, Runtime 0.059863, Loss 1.082145, forward nfe 0, backward nfe 0, Train: 0.7600, Val: 0.4891, Test: 0.4645, Best time: 7.8741
After OOD adjustment: Training instances of last class: 0
After OOD adjustment: Testing instances of last class: 84
Epoch: 029, Runtime 0.058971, Loss 1.064357, forward nfe 0, backward nfe 0, Train: 0.7600, Val: 0.4891, Test: 0.4645, Best time: 7.8741
After OOD adjustment: Training instances of last class: 0
After OOD adjustment: Testing instances of last class: 84
Epoch: 030, Runtime 0.059230, Loss 1.036029, forward nfe 0, backward nfe 0, Train: 0.7600, Val: 0.4891, Test: 0.4645, Best time: 7.8741
After OOD adjustment: Training instances of last class: 0
After OOD adjustment: Testing instances of last class: 84
Epoch: 031, Runtime 0.056984, Loss 1.042066, forward nfe 0, backward nfe 0, Train: 0.7600, Val: 0.4891, Test: 0.4645, Best time: 7.8741
After OOD adjustment: Training instances of last class: 0
After OOD adjustment: Testing instances of last class: 84
Epoch: 032, Runtime 0.058301, Loss 1.032529, forward nfe 0, backward nfe 0, Train: 0.7600, Val: 0.4891, Test: 0.4645, Best time: 7.8741
After OOD adjustment: Training instances of last class: 0
After OOD adjustment: Testing instances of last class: 84
Epoch: 033, Runtime 0.171721, Loss 0.988062, forward nfe 0, backward nfe 0, Train: 0.9700, Val: 0.5174, Test: 0.5065, Best time: 7.8741
After OOD adjustment: Training instances of last class: 0
After OOD adjustment: Testing instances of last class: 84
Epoch: 034, Runtime 0.172158, Loss 0.990530, forward nfe 0, backward nfe 0, Train: 0.9900, Val: 0.5341, Test: 0.5274, Best time: 7.8741
After OOD adjustment: Training instances of last class: 0
After OOD adjustment: Testing instances of last class: 84
Epoch: 035, Runtime 0.059125, Loss 0.964180, forward nfe 0, backward nfe 0, Train: 0.9900, Val: 0.5341, Test: 0.5274, Best time: 7.8741
After OOD adjustment: Training instances of last class: 0
After OOD adjustment: Testing instances of last class: 84
Epoch: 036, Runtime 0.058079, Loss 0.941704, forward nfe 0, backward nfe 0, Train: 0.9900, Val: 0.5341, Test: 0.5274, Best time: 7.8741
After OOD adjustment: Training instances of last class: 0
After OOD adjustment: Testing instances of last class: 84
Epoch: 037, Runtime 0.058076, Loss 0.902897, forward nfe 0, backward nfe 0, Train: 0.9900, Val: 0.5341, Test: 0.5274, Best time: 7.8741
After OOD adjustment: Training instances of last class: 0
After OOD adjustment: Testing instances of last class: 84
Epoch: 038, Runtime 0.058151, Loss 0.892826, forward nfe 0, backward nfe 0, Train: 0.9900, Val: 0.5341, Test: 0.5274, Best time: 7.8741
After OOD adjustment: Training instances of last class: 0
After OOD adjustment: Testing instances of last class: 84
Epoch: 039, Runtime 0.058598, Loss 0.880515, forward nfe 0, backward nfe 0, Train: 0.9900, Val: 0.5341, Test: 0.5274, Best time: 7.8741
After OOD adjustment: Training instances of last class: 0
After OOD adjustment: Testing instances of last class: 84
Epoch: 040, Runtime 0.058359, Loss 0.879562, forward nfe 0, backward nfe 0, Train: 0.9900, Val: 0.5341, Test: 0.5274, Best time: 7.8741
After OOD adjustment: Training instances of last class: 0
After OOD adjustment: Testing instances of last class: 84
Epoch: 041, Runtime 0.058543, Loss 0.865953, forward nfe 0, backward nfe 0, Train: 0.9900, Val: 0.5341, Test: 0.5274, Best time: 7.8741
After OOD adjustment: Training instances of last class: 0
After OOD adjustment: Testing instances of last class: 84
Epoch: 042, Runtime 0.057895, Loss 0.799177, forward nfe 0, backward nfe 0, Train: 0.9900, Val: 0.5341, Test: 0.5274, Best time: 7.8741
After OOD adjustment: Training instances of last class: 0
After OOD adjustment: Testing instances of last class: 84
Epoch: 043, Runtime 0.171272, Loss 0.838752, forward nfe 0, backward nfe 0, Train: 0.9800, Val: 0.5486, Test: 0.5452, Best time: 7.8741
After OOD adjustment: Training instances of last class: 0
After OOD adjustment: Testing instances of last class: 84
Epoch: 044, Runtime 0.170742, Loss 0.810068, forward nfe 0, backward nfe 0, Train: 0.9700, Val: 0.5775, Test: 0.5855, Best time: 7.8741
After OOD adjustment: Training instances of last class: 0
After OOD adjustment: Testing instances of last class: 84
Epoch: 045, Runtime 0.058447, Loss 0.763388, forward nfe 0, backward nfe 0, Train: 0.9700, Val: 0.5775, Test: 0.5855, Best time: 7.8741
After OOD adjustment: Training instances of last class: 0
After OOD adjustment: Testing instances of last class: 84
Epoch: 046, Runtime 0.059992, Loss 0.810746, forward nfe 0, backward nfe 0, Train: 0.9700, Val: 0.5775, Test: 0.5855, Best time: 7.8741
After OOD adjustment: Training instances of last class: 0
After OOD adjustment: Testing instances of last class: 84
Epoch: 047, Runtime 0.170759, Loss 0.689228, forward nfe 0, backward nfe 0, Train: 0.9800, Val: 0.5790, Test: 0.5629, Best time: 7.8741
After OOD adjustment: Training instances of last class: 0
After OOD adjustment: Testing instances of last class: 84
Epoch: 048, Runtime 0.055467, Loss 0.741879, forward nfe 0, backward nfe 0, Train: 0.9800, Val: 0.5790, Test: 0.5629, Best time: 7.8741
After OOD adjustment: Training instances of last class: 0
After OOD adjustment: Testing instances of last class: 84
Epoch: 049, Runtime 0.061262, Loss 0.716513, forward nfe 0, backward nfe 0, Train: 0.9800, Val: 0.5790, Test: 0.5629, Best time: 7.8741
After OOD adjustment: Training instances of last class: 0
After OOD adjustment: Testing instances of last class: 84
Epoch: 050, Runtime 0.061386, Loss 0.649834, forward nfe 0, backward nfe 0, Train: 0.9800, Val: 0.5790, Test: 0.5629, Best time: 7.8741
After OOD adjustment: Training instances of last class: 0
After OOD adjustment: Testing instances of last class: 84
Epoch: 051, Runtime 0.061664, Loss 0.713072, forward nfe 0, backward nfe 0, Train: 0.9800, Val: 0.5790, Test: 0.5629, Best time: 7.8741
After OOD adjustment: Training instances of last class: 0
After OOD adjustment: Testing instances of last class: 84
Epoch: 052, Runtime 0.059588, Loss 0.636054, forward nfe 0, backward nfe 0, Train: 0.9800, Val: 0.5790, Test: 0.5629, Best time: 7.8741
After OOD adjustment: Training instances of last class: 0
After OOD adjustment: Testing instances of last class: 84
Epoch: 053, Runtime 0.053571, Loss 0.681752, forward nfe 0, backward nfe 0, Train: 0.9800, Val: 0.5790, Test: 0.5629, Best time: 7.8741
After OOD adjustment: Training instances of last class: 0
After OOD adjustment: Testing instances of last class: 84
Epoch: 054, Runtime 0.059587, Loss 0.598537, forward nfe 0, backward nfe 0, Train: 0.9800, Val: 0.5790, Test: 0.5629, Best time: 7.8741
After OOD adjustment: Training instances of last class: 0
After OOD adjustment: Testing instances of last class: 84
Epoch: 055, Runtime 0.062392, Loss 0.586735, forward nfe 0, backward nfe 0, Train: 0.9800, Val: 0.5790, Test: 0.5629, Best time: 7.8741
After OOD adjustment: Training instances of last class: 0
After OOD adjustment: Testing instances of last class: 84
Epoch: 056, Runtime 0.058899, Loss 0.573922, forward nfe 0, backward nfe 0, Train: 0.9800, Val: 0.5790, Test: 0.5629, Best time: 7.8741
After OOD adjustment: Training instances of last class: 0
After OOD adjustment: Testing instances of last class: 84
Epoch: 057, Runtime 0.173095, Loss 0.580650, forward nfe 0, backward nfe 0, Train: 0.9800, Val: 0.5949, Test: 0.5677, Best time: 7.8741
After OOD adjustment: Training instances of last class: 0
After OOD adjustment: Testing instances of last class: 84
Epoch: 058, Runtime 0.061281, Loss 0.532275, forward nfe 0, backward nfe 0, Train: 0.9800, Val: 0.5949, Test: 0.5677, Best time: 7.8741
After OOD adjustment: Training instances of last class: 0
After OOD adjustment: Testing instances of last class: 84
Epoch: 059, Runtime 0.060661, Loss 0.485804, forward nfe 0, backward nfe 0, Train: 0.9800, Val: 0.5949, Test: 0.5677, Best time: 7.8741
After OOD adjustment: Training instances of last class: 0
After OOD adjustment: Testing instances of last class: 84
Epoch: 060, Runtime 0.061686, Loss 0.551454, forward nfe 0, backward nfe 0, Train: 0.9800, Val: 0.5949, Test: 0.5677, Best time: 7.8741
After OOD adjustment: Training instances of last class: 0
After OOD adjustment: Testing instances of last class: 84
Epoch: 061, Runtime 0.063041, Loss 0.522591, forward nfe 0, backward nfe 0, Train: 0.9800, Val: 0.5949, Test: 0.5677, Best time: 7.8741
After OOD adjustment: Training instances of last class: 0
After OOD adjustment: Testing instances of last class: 84
Epoch: 062, Runtime 0.058248, Loss 0.519749, forward nfe 0, backward nfe 0, Train: 0.9800, Val: 0.5949, Test: 0.5677, Best time: 7.8741
After OOD adjustment: Training instances of last class: 0
After OOD adjustment: Testing instances of last class: 84
Epoch: 063, Runtime 0.060896, Loss 0.474047, forward nfe 0, backward nfe 0, Train: 0.9800, Val: 0.5949, Test: 0.5677, Best time: 7.8741
After OOD adjustment: Training instances of last class: 0
After OOD adjustment: Testing instances of last class: 84
Epoch: 064, Runtime 0.057576, Loss 0.482242, forward nfe 0, backward nfe 0, Train: 0.9800, Val: 0.5949, Test: 0.5677, Best time: 7.8741
After OOD adjustment: Training instances of last class: 0
After OOD adjustment: Testing instances of last class: 84
Epoch: 065, Runtime 0.060883, Loss 0.419425, forward nfe 0, backward nfe 0, Train: 0.9800, Val: 0.5949, Test: 0.5677, Best time: 7.8741
After OOD adjustment: Training instances of last class: 0
After OOD adjustment: Testing instances of last class: 84
Epoch: 066, Runtime 0.061296, Loss 0.413095, forward nfe 0, backward nfe 0, Train: 0.9800, Val: 0.5949, Test: 0.5677, Best time: 7.8741
After OOD adjustment: Training instances of last class: 0
After OOD adjustment: Testing instances of last class: 84
Epoch: 067, Runtime 0.061471, Loss 0.445260, forward nfe 0, backward nfe 0, Train: 0.9800, Val: 0.5949, Test: 0.5677, Best time: 7.8741
After OOD adjustment: Training instances of last class: 0
After OOD adjustment: Testing instances of last class: 84
Epoch: 068, Runtime 0.058997, Loss 0.438465, forward nfe 0, backward nfe 0, Train: 0.9800, Val: 0.5949, Test: 0.5677, Best time: 7.8741
After OOD adjustment: Training instances of last class: 0
After OOD adjustment: Testing instances of last class: 84
Epoch: 069, Runtime 0.060907, Loss 0.387945, forward nfe 0, backward nfe 0, Train: 0.9800, Val: 0.5949, Test: 0.5677, Best time: 7.8741
After OOD adjustment: Training instances of last class: 0
After OOD adjustment: Testing instances of last class: 84
Epoch: 070, Runtime 0.061548, Loss 0.366140, forward nfe 0, backward nfe 0, Train: 0.9800, Val: 0.5949, Test: 0.5677, Best time: 7.8741
After OOD adjustment: Training instances of last class: 0
After OOD adjustment: Testing instances of last class: 84
Epoch: 071, Runtime 0.058802, Loss 0.468017, forward nfe 0, backward nfe 0, Train: 0.9800, Val: 0.5949, Test: 0.5677, Best time: 7.8741
After OOD adjustment: Training instances of last class: 0
After OOD adjustment: Testing instances of last class: 84
Epoch: 072, Runtime 0.060541, Loss 0.357940, forward nfe 0, backward nfe 0, Train: 0.9800, Val: 0.5949, Test: 0.5677, Best time: 7.8741
After OOD adjustment: Training instances of last class: 0
After OOD adjustment: Testing instances of last class: 84
Epoch: 073, Runtime 0.058106, Loss 0.385631, forward nfe 0, backward nfe 0, Train: 0.9800, Val: 0.5949, Test: 0.5677, Best time: 7.8741
After OOD adjustment: Training instances of last class: 0
After OOD adjustment: Testing instances of last class: 84
Epoch: 074, Runtime 0.055007, Loss 0.381468, forward nfe 0, backward nfe 0, Train: 0.9800, Val: 0.5949, Test: 0.5677, Best time: 7.8741
After OOD adjustment: Training instances of last class: 0
After OOD adjustment: Testing instances of last class: 84
Epoch: 075, Runtime 0.061240, Loss 0.348625, forward nfe 0, backward nfe 0, Train: 0.9800, Val: 0.5949, Test: 0.5677, Best time: 7.8741
After OOD adjustment: Training instances of last class: 0
After OOD adjustment: Testing instances of last class: 84
Epoch: 076, Runtime 0.061346, Loss 0.353425, forward nfe 0, backward nfe 0, Train: 0.9800, Val: 0.5949, Test: 0.5677, Best time: 7.8741
After OOD adjustment: Training instances of last class: 0
After OOD adjustment: Testing instances of last class: 84
Epoch: 077, Runtime 0.059735, Loss 0.307662, forward nfe 0, backward nfe 0, Train: 0.9800, Val: 0.5949, Test: 0.5677, Best time: 7.8741
After OOD adjustment: Training instances of last class: 0
After OOD adjustment: Testing instances of last class: 84
Epoch: 078, Runtime 0.061363, Loss 0.333418, forward nfe 0, backward nfe 0, Train: 0.9800, Val: 0.5949, Test: 0.5677, Best time: 7.8741
After OOD adjustment: Training instances of last class: 0
After OOD adjustment: Testing instances of last class: 84
Epoch: 079, Runtime 0.062869, Loss 0.312702, forward nfe 0, backward nfe 0, Train: 0.9800, Val: 0.5949, Test: 0.5677, Best time: 7.8741
After OOD adjustment: Training instances of last class: 0
After OOD adjustment: Testing instances of last class: 84
Epoch: 080, Runtime 0.061969, Loss 0.308278, forward nfe 0, backward nfe 0, Train: 0.9800, Val: 0.5949, Test: 0.5677, Best time: 7.8741
After OOD adjustment: Training instances of last class: 0
After OOD adjustment: Testing instances of last class: 84
Epoch: 081, Runtime 0.061515, Loss 0.305813, forward nfe 0, backward nfe 0, Train: 0.9800, Val: 0.5949, Test: 0.5677, Best time: 7.8741
After OOD adjustment: Training instances of last class: 0
After OOD adjustment: Testing instances of last class: 84
Epoch: 082, Runtime 0.058990, Loss 0.270477, forward nfe 0, backward nfe 0, Train: 0.9800, Val: 0.5949, Test: 0.5677, Best time: 7.8741
After OOD adjustment: Training instances of last class: 0
After OOD adjustment: Testing instances of last class: 84
Epoch: 083, Runtime 0.057638, Loss 0.253194, forward nfe 0, backward nfe 0, Train: 0.9800, Val: 0.5949, Test: 0.5677, Best time: 7.8741
After OOD adjustment: Training instances of last class: 0
After OOD adjustment: Testing instances of last class: 84
Epoch: 084, Runtime 0.060370, Loss 0.265221, forward nfe 0, backward nfe 0, Train: 0.9800, Val: 0.5949, Test: 0.5677, Best time: 7.8741
After OOD adjustment: Training instances of last class: 0
After OOD adjustment: Testing instances of last class: 84
Epoch: 085, Runtime 0.061100, Loss 0.297054, forward nfe 0, backward nfe 0, Train: 0.9800, Val: 0.5949, Test: 0.5677, Best time: 7.8741
After OOD adjustment: Training instances of last class: 0
After OOD adjustment: Testing instances of last class: 84
Epoch: 086, Runtime 0.063094, Loss 0.306896, forward nfe 0, backward nfe 0, Train: 0.9800, Val: 0.5949, Test: 0.5677, Best time: 7.8741
After OOD adjustment: Training instances of last class: 0
After OOD adjustment: Testing instances of last class: 84
Epoch: 087, Runtime 0.058788, Loss 0.226399, forward nfe 0, backward nfe 0, Train: 0.9800, Val: 0.5949, Test: 0.5677, Best time: 7.8741
After OOD adjustment: Training instances of last class: 0
After OOD adjustment: Testing instances of last class: 84
Epoch: 088, Runtime 0.058499, Loss 0.216551, forward nfe 0, backward nfe 0, Train: 0.9800, Val: 0.5949, Test: 0.5677, Best time: 7.8741
After OOD adjustment: Training instances of last class: 0
After OOD adjustment: Testing instances of last class: 84
Epoch: 089, Runtime 0.061111, Loss 0.196760, forward nfe 0, backward nfe 0, Train: 0.9800, Val: 0.5949, Test: 0.5677, Best time: 7.8741
After OOD adjustment: Training instances of last class: 0
After OOD adjustment: Testing instances of last class: 84
Epoch: 090, Runtime 0.057981, Loss 0.208855, forward nfe 0, backward nfe 0, Train: 0.9800, Val: 0.5949, Test: 0.5677, Best time: 7.8741
After OOD adjustment: Training instances of last class: 0
After OOD adjustment: Testing instances of last class: 84
Epoch: 091, Runtime 0.061049, Loss 0.209275, forward nfe 0, backward nfe 0, Train: 0.9800, Val: 0.5949, Test: 0.5677, Best time: 7.8741
After OOD adjustment: Training instances of last class: 0
After OOD adjustment: Testing instances of last class: 84
Epoch: 092, Runtime 0.058364, Loss 0.196960, forward nfe 0, backward nfe 0, Train: 0.9800, Val: 0.5949, Test: 0.5677, Best time: 7.8741
After OOD adjustment: Training instances of last class: 0
After OOD adjustment: Testing instances of last class: 84
Epoch: 093, Runtime 0.061648, Loss 0.200141, forward nfe 0, backward nfe 0, Train: 0.9800, Val: 0.5949, Test: 0.5677, Best time: 7.8741
After OOD adjustment: Training instances of last class: 0
After OOD adjustment: Testing instances of last class: 84
Epoch: 094, Runtime 0.061150, Loss 0.168473, forward nfe 0, backward nfe 0, Train: 0.9800, Val: 0.5949, Test: 0.5677, Best time: 7.8741
After OOD adjustment: Training instances of last class: 0
After OOD adjustment: Testing instances of last class: 84
Epoch: 095, Runtime 0.061567, Loss 0.179027, forward nfe 0, backward nfe 0, Train: 0.9800, Val: 0.5949, Test: 0.5677, Best time: 7.8741
After OOD adjustment: Training instances of last class: 0
After OOD adjustment: Testing instances of last class: 84
Epoch: 096, Runtime 0.063624, Loss 0.201766, forward nfe 0, backward nfe 0, Train: 0.9800, Val: 0.5949, Test: 0.5677, Best time: 7.8741
After OOD adjustment: Training instances of last class: 0
After OOD adjustment: Testing instances of last class: 84
Epoch: 097, Runtime 0.057826, Loss 0.182445, forward nfe 0, backward nfe 0, Train: 0.9800, Val: 0.5949, Test: 0.5677, Best time: 7.8741
After OOD adjustment: Training instances of last class: 0
After OOD adjustment: Testing instances of last class: 84
Epoch: 098, Runtime 0.060678, Loss 0.186792, forward nfe 0, backward nfe 0, Train: 0.9800, Val: 0.5949, Test: 0.5677, Best time: 7.8741
After OOD adjustment: Training instances of last class: 0
After OOD adjustment: Testing instances of last class: 84
Epoch: 099, Runtime 0.058034, Loss 0.198737, forward nfe 0, backward nfe 0, Train: 0.9800, Val: 0.5949, Test: 0.5677, Best time: 7.8741
best val accuracy 0.594928 with test accuracy 0.567742 at epoch 57 and best time 7.874113
base_directory resutls_prob/OOD_Citeseer
new_name:  bgcn_ODD
file_path 1 resutls_prob/OOD_Citeseer/bgcn_ODD_prediction_probabilities_10.npz
file_path 2 resutls_prob/OOD_Citeseer/bgcn_ODD_prediction_probabilities_10.npz
Entropy Threshold: inf Test accuracy: 0.5629032258064516
Entropy Threshold: 2 Test accuracy: 0.5532258064516129
Entropy Threshold: 1.6 Test accuracy: 0.5582922824302134
Entropy Threshold: 1.5 Test accuracy: 0.7375
Entropy Threshold: 1.4 Test accuracy: 0.7740112994350282
Entropy Threshold: 1.3 Test accuracy: 0.8090909090909091
Entropy Threshold: 1.2 Test accuracy: 0.8888888888888888
Entropy Threshold: 1.1 Test accuracy: 0.8913043478260869
Entropy Threshold: 0.9 Test accuracy: 0.875
Entropy Threshold: 0.8 Test accuracy: 0.9
Entropy Threshold: 0.7 Test accuracy: 1.0
Entropy Threshold: 0.6 Test accuracy: 1.0
Entropy Threshold: 0.5 Test accuracy: 1.0
Entropy Threshold: 0.4 Test accuracy: 1.0
Entropy Threshold: 0.3 Test accuracy: 1.0
Entropy Threshold: 0.2 Test accuracy: None
Entropy Threshold: 0.1 Test accuracy: None
